2023-02-17 10:45:14,175,2023-11-17 10:45:04,48E72953672E,24.4398,77.1253,886.381,60
2023-02-17 10:59:58,176,2023-11-17 11:00:01,48E72953672E,24.6077,77.5378,886.048,59
2023-02-17 11:15:00,177,2023-11-17 11:15:03,48E72953672E,24.7143,78.1692,885.745,59
2023-02-17 11:30:03,178,2023-11-17 11:30:04,48E72953672E,24.7029,78.9762,885.691,60
2023-02-17 11:45:00,179,2023-11-17 11:45:01,48E72953672E,24.6322,79.2555,885.6,59
2023-02-17 11:59:59,180,2023-11-17 12:00:04,48E72953672E,24.5855,79.4452,885.582,60
2023-02-17 12:14:56,181,2023-11-17 12:15:02,48E72953672E,24.5828,79.4209,885.471,59
2023-02-17 12:29:54,182,2023-11-17 12:30:01,48E72953672E,24.5001,79.5035,885.46,59
2023-02-17 12:44:56,183,2023-11-17 12:45:04,48E72953672E,24.599,79.7372,885.165,60
2023-02-17 13:00:00,184,2023-11-17 13:00:04,48E72953672E,24.7138,79.7214,884.732,60
2023-02-17 13:14:58,185,2023-11-17 13:15:01,48E72953672E,24.777,79.83,884.455,59
2023-02-17 13:30:00,186,2023-11-17 13:30:03,48E72953672E,24.838,79.875,884.178,60
2023-02-17 13:45:03,187,2023-11-17 13:45:04,48E72953672E,24.8677,79.7916,883.894,59
2023-02-17 13:59:56,188,2023-11-17 14:00:01,48E72953672E,24.7786,79.9717,883.879,59
2023-02-17 14:14:59,189,2023-11-17 14:15:04,48E72953672E,24.6761,79.794,883.911,60
2023-02-17 14:29:57,190,2023-11-17 14:30:03,48E72953672E,24.5109,79.9843,884.269,59
2023-02-17 14:44:54,191,2023-11-17 14:45:02,48E72953672E,24.4052,79.7375,884.413,60
2023-02-17 14:59:58,192,2023-11-17 15:00:04,48E72953672E,24.202,79.4165,884.658,59
2023-02-17 15:14:56,193,2023-11-17 15:15:03,48E72953672E,24.1167,79.2462,884.896,60
2023-02-17 15:29:53,194,2023-11-17 15:30:02,48E72953672E,24.0694,78.9265,884.97,59
2023-02-17 15:44:51,195,2023-11-17 15:45:03,48E72953672E,23.8887,78.4887,885.163,59
2023-02-17 15:59:54,196,2023-11-17 16:00:00,48E72953672E,23.6941,78.1727,885.571,60
2023-02-17 16:14:57,197,2023-11-17 16:15:04,48E72953672E,23.4758,77.8174,886.002,60
2023-02-17 16:29:55,198,2023-11-17 16:30:04,48E72953672E,23.3118,77.3837,886.146,59
2023-02-17 16:44:52,199,2023-11-17 16:45:04,48E72953672E,23.1826,76.7552,886.263,59
2023-02-17 16:59:56,200,2023-11-17 17:00:00,48E72953672E,23.0577,77.0901,886.451,60
2023-02-17 17:14:58,201,2023-11-17 17:15:02,48E72953672E,23.1371,79.0957,886.573,60
2023-02-17 17:30:01,202,2023-11-17 17:30:02,48E72953672E,23.2848,79.1169,886.478,59
2023-02-17 17:45:03,203,2023-11-17 17:45:02,48E72953672E,23.3866,78.19,886.375,60
2023-02-17 17:59:57,204,2023-11-17 18:00:02,48E72953672E,23.4418,77.3848,886.172,59
2023-02-17 18:14:55,205,2023-11-17 18:15:00,48E72953672E,23.3367,77.2244,886.439,59
2023-02-17 18:29:57,206,2023-11-17 18:30:03,48E72953672E,23.1954,77.1197,886.453,60
2023-02-17 18:44:55,207,2023-11-17 18:45:02,48E72953672E,23.1406,76.7787,886.707,59
2023-02-17 18:59:59,208,2023-11-17 19:00:04,48E72953672E,23.1007,76.5165,886.968,60
2023-02-17 19:14:56,209,2023-11-17 19:15:03,48E72953672E,23.0788,76.1626,886.967,59
2023-02-17 19:29:54,210,2023-11-17 19:30:01,48E72953672E,23.0832,75.8769,886.993,60
2023-02-17 19:44:51,211,2023-11-17 19:45:00,48E72953672E,23.0585,75.7858,887.125,59
2023-02-17 19:59:55,212,2023-11-17 20:00:01,48E72953672E,23.0446,75.5591,887.19,60
2023-02-17 20:14:52,213,2023-11-17 20:15:00,48E72953672E,23.0181,75.5041,887.1,59
2023-02-17 20:29:55,214,2023-11-17 20:30:04,48E72953672E,23.0164,75.234,887.035,60
2023-02-17 20:44:52,215,2023-11-17 20:45:03,48E72953672E,22.9882,75.0209,887.212,59
2023-02-17 20:59:56,216,2023-11-17 21:00:01,48E72953672E,22.9661,75.0104,887.208,60
2023-02-17 21:14:54,217,2023-11-17 21:15:00,48E72953672E,23.1699,73.8268,886.822,59
2023-02-17 21:29:56,218,2023-11-17 21:30:01,48E72953672E,23.5659,72.3752,886.414,60
2023-02-17 21:44:59,219,2023-11-17 21:45:01,48E72953672E,23.7597,71.9965,886.211,59
2023-02-17 21:59:58,220,2023-11-17 22:00:02,48E72953672E,23.9123,71.7684,886.084,60
2023-02-17 22:15:00,221,2023-11-17 22:15:03,48E72953672E,24.0147,71.5204,885.818,59
2023-02-17 22:30:03,222,2023-11-17 22:30:04,48E72953672E,24.0747,71.266,885.773,60
2023-02-17 22:45:05,223,2023-11-17 22:45:04,48E72953672E,24.1149,71.1074,885.663,60
2023-02-17 22:59:59,224,2023-11-17 23:00:04,48E72953672E,24.1575,70.8958,885.774,59
2023-02-17 23:14:57,225,2023-11-17 23:15:02,48E72953672E,24.1638,70.8816,885.628,59
2023-02-17 23:29:54,226,2023-11-17 23:30:00,48E72953672E,24.226,70.6614,885.486,59
2023-02-17 23:44:57,227,2023-11-17 23:45:03,48E72953672E,24.2368,70.6026,885.447,60
2023-02-17 23:59:56,228,2023-11-18 00:00:00,48E72953672E,24.2774,70.3849,885.505,59
2023-02-18 00:14:58,229,2023-11-18 00:15:02,48E72953672E,24.321,70.2718,885.292,60
2023-02-18 00:30:01,230,2023-11-18 00:30:04,48E72953672E,24.3375,70.2854,885.21,60
2023-02-18 00:44:58,231,2023-11-18 00:45:00,48E72953672E,24.3677,70.1631,884.959,59
2023-02-18 00:59:57,232,2023-11-18 01:00:00,48E72953672E,24.4034,70.0301,884.813,59
2023-02-18 01:14:59,233,2023-11-18 01:15:02,48E72953672E,24.4172,69.8334,884.506,60
2023-02-18 01:30:02,234,2023-11-18 01:30:04,48E72953672E,24.3915,69.7564,884.325,60
2023-02-18 01:44:59,235,2023-11-18 01:45:01,48E72953672E,24.379,69.7387,884.301,59
2023-02-18 01:59:58,236,2023-11-18 02:00:04,48E72953672E,24.4007,69.6599,884.254,59
2023-02-18 02:14:56,237,2023-11-18 02:15:03,48E72953672E,24.4189,69.5924,884.367,60
2023-02-18 02:29:53,238,2023-11-18 02:30:01,48E72953672E,24.4318,69.586,884.263,59
2023-02-18 02:44:51,239,2023-11-18 02:45:00,48E72953672E,24.4253,69.6647,884.033,59
2023-02-18 02:59:55,240,2023-11-18 03:00:00,48E72953672E,24.4102,69.6353,883.861,60
2023-02-18 03:14:57,241,2023-11-18 03:15:03,48E72953672E,24.4099,69.4867,883.629,60
2023-02-18 03:29:55,242,2023-11-18 03:30:01,48E72953672E,24.4182,69.3323,883.401,59
2023-02-18 03:44:57,243,2023-11-18 03:45:04,48E72953672E,24.3572,69.3676,883.402,60
2023-02-18 03:59:56,244,2023-11-18 04:00:00,48E72953672E,24.3241,69.4133,883.429,59
2023-02-18 04:14:59,245,2023-11-18 04:15:02,48E72953672E,24.3067,69.4146,883.392,60
2023-02-18 04:29:56,246,2023-11-18 04:30:00,48E72953672E,24.2885,69.3703,883.296,59
2023-02-18 04:44:59,247,2023-11-18 04:45:03,48E72953672E,24.2756,69.2737,883.321,60
2023-02-18 04:59:57,248,2023-11-18 05:00:02,48E72953672E,24.2715,69.2294,883.223,59
2023-02-18 05:15:00,249,2023-11-18 05:15:04,48E72953672E,24.2916,69.0719,883.179,60
2023-02-18 05:29:57,250,2023-11-18 05:30:00,48E72953672E,24.2896,69.0411,883.321,59
2023-02-18 05:45:00,251,2023-11-18 05:45:02,48E72953672E,24.2696,69.0073,883.454,60
2023-02-18 05:59:59,252,2023-11-18 06:00:04,48E72953672E,24.2479,69.0182,883.536,59
2023-02-18 06:14:56,253,2023-11-18 06:15:03,48E72953672E,24.2179,68.9517,883.566,59
2023-02-18 06:29:54,254,2023-11-18 06:30:02,48E72953672E,24.1735,69.0309,883.773,60
2023-02-18 06:44:51,255,2023-11-18 06:45:01,48E72953672E,24.1572,69.0089,883.908,59
2023-02-18 07:00:00,256,2023-11-18 07:00:04,48E72953672E,24.1492,69.0807,884.013,60
2023-02-18 07:14:57,257,2023-11-18 07:15:01,48E72953672E,24.2038,69.0984,884.022,59
2023-02-18 07:30:00,258,2023-11-18 07:30:03,48E72953672E,24.2748,69.2055,883.959,60
2023-02-18 07:45:03,259,2023-11-18 07:45:04,48E72953672E,24.3682,69.2964,883.915,60
2023-02-18 07:59:56,260,2023-11-18 08:00:01,48E72953672E,24.4021,69.0272,884.085,59
2023-02-18 08:14:54,261,2023-11-18 08:15:00,48E72953672E,24.0496,69.4726,884.739,59
2023-02-18 08:29:51,262,2023-11-18 08:30:03,48E72953672E,23.3592,71.0117,885.782,59
2023-02-18 08:44:44,263,2023-11-18 08:45:02,48E72953672E,23.068,71.636,886.32,59
2023-02-18 08:59:58,264,2023-11-18 09:00:02,48E72953672E,23.1493,71.8096,886.277,61
2023-02-18 09:14:55,265,2023-11-18 09:15:00,48E72953672E,23.2028,72.4821,886.253,59
2023-02-18 09:29:58,266,2023-11-18 09:30:02,48E72953672E,23.1782,72.4774,886.277,60
2023-02-18 09:44:55,267,2023-11-18 09:45:00,48E72953672E,23.1487,72.6099,886.252,59
2023-02-18 09:59:59,268,2023-11-18 10:00:04,48E72953672E,23.1357,72.9037,886.147,60
2023-02-18 10:14:57,269,2023-11-18 10:15:02,48E72953672E,23.1821,73.1704,886.062,59
2023-02-18 10:29:54,270,2023-11-18 10:30:00,48E72953672E,23.2813,73.8571,885.942,59
2023-02-18 10:44:57,271,2023-11-18 10:45:02,48E72953672E,23.3586,74.4702,885.74,60
2023-02-18 10:59:56,272,2023-11-18 11:00:01,48E72953672E,23.4209,74.7913,885.601,59
2023-02-18 11:14:58,273,2023-11-18 11:15:05,48E72953672E,23.4157,75.2522,885.543,60
2023-02-18 11:29:56,274,2023-11-18 11:30:03,48E72953672E,23.4419,75.3978,885.351,59
2023-02-18 11:44:53,275,2023-11-18 11:45:01,48E72953672E,23.5957,75.6151,884.889,60
2023-02-18 11:59:57,276,2023-11-18 12:00:02,48E72953672E,23.8077,76.0469,884.357,59
2023-02-18 12:15:00,277,2023-11-18 12:15:04,48E72953672E,23.9945,76.3883,883.674,60
2023-02-18 12:29:57,278,2023-11-18 12:30:00,48E72953672E,24.1141,76.6348,883.138,59
2023-02-18 12:45:00,279,2023-11-18 12:45:00,48E72953672E,24.2378,76.9001,882.631,60
2023-02-18 12:59:59,280,2023-11-18 13:00:03,48E72953672E,24.2284,77.1577,882.491,59
2023-02-18 13:14:56,281,2023-11-18 13:15:01,48E72953672E,24.1584,77.1772,882.645,60
2023-02-18 13:29:54,282,2023-11-18 13:30:01,48E72953672E,23.9523,76.7838,883.049,59
2023-02-18 13:44:51,283,2023-11-18 13:45:00,48E72953672E,23.9002,77.0075,883.2,59
2023-02-18 14:00:00,284,2023-11-18 14:00:04,48E72953672E,23.7888,77.022,883.293,60
2023-02-18 14:14:58,285,2023-11-18 14:15:02,48E72953672E,23.6206,77.106,883.53,60
2023-02-18 14:29:55,286,2023-11-18 14:30:02,48E72953672E,23.4126,76.8664,883.772,59
2023-02-18 14:44:53,287,2023-11-18 14:45:02,48E72953672E,23.2503,76.5129,883.992,59
2023-02-18 14:59:56,288,2023-11-18 15:00:02,48E72953672E,23.1024,76.1888,884.221,60
2023-02-18 15:14:54,289,2023-11-18 15:15:01,48E72953672E,22.9781,75.8591,884.428,59
2023-02-18 15:29:51,290,2023-11-18 15:30:01,48E72953672E,22.8436,75.7657,884.634,60
2023-02-18 15:44:49,291,2023-11-18 15:45:02,48E72953672E,22.7196,75.3894,884.938,59
2023-02-18 15:59:58,292,2023-11-18 16:00:02,48E72953672E,22.6166,74.9711,885.18,60
2023-02-18 16:14:55,293,2023-11-18 16:15:00,48E72953672E,22.4906,74.617,885.431,59
2023-02-18 16:29:58,294,2023-11-18 16:30:04,48E72953672E,22.3772,74.2414,885.635,60
2023-02-18 16:44:55,295,2023-11-18 16:45:03,48E72953672E,22.3114,73.7501,885.726,59
2023-02-18 16:59:59,296,2023-11-18 17:00:04,48E72953672E,22.3359,74.8584,885.715,60
2023-02-18 17:14:57,297,2023-11-18 17:15:00,48E72953672E,22.5896,75.9671,885.396,59
2023-02-18 17:29:59,298,2023-11-18 17:30:01,48E72953672E,22.7721,75.1245,885.133,60
2023-02-18 17:45:02,299,2023-11-18 17:45:00,48E72953672E,22.8824,74.196,885.101,60
2023-02-18 17:59:56,300,2023-11-18 18:00:00,48E72953672E,22.9504,73.6625,885.134,59
2023-02-18 18:14:58,301,2023-11-18 18:15:03,48E72953672E,22.8602,73.7278,885.354,59
2023-02-18 18:29:56,302,2023-11-18 18:30:01,48E72953672E,22.7683,73.7872,885.577,60
2023-02-18 18:44:58,303,2023-11-18 18:45:04,48E72953672E,22.6424,73.6143,885.877,59
2023-02-18 18:59:57,304,2023-11-18 19:00:01,48E72953672E,22.5101,73.6812,886.167,60
2023-02-18 19:14:59,305,2023-11-18 19:15:04,48E72953672E,22.4263,73.6203,886.186,59
2023-02-18 19:29:57,306,2023-11-18 19:30:02,48E72953672E,22.3429,73.5027,886.42,60
2023-02-18 19:44:54,307,2023-11-18 19:45:01,48E72953672E,22.2649,73.3299,886.515,59
2023-02-18 19:59:58,308,2023-11-18 20:00:03,48E72953672E,22.1899,73.2903,886.619,60
2023-02-18 20:14:56,309,2023-11-18 20:15:01,48E72953672E,22.1445,73.1318,886.6,59
2023-02-18 20:29:53,310,2023-11-18 20:30:00,48E72953672E,22.1024,72.969,886.797,59
2023-02-18 20:44:56,311,2023-11-18 20:45:04,48E72953672E,22.0299,72.8851,886.899,60
2023-02-18 20:59:55,312,2023-11-18 21:00:00,48E72953672E,21.9401,72.8953,887.12,59
2023-02-18 21:14:57,313,2023-11-18 21:15:03,48E72953672E,22.2072,71.5064,886.814,60
2023-02-18 21:30:00,314,2023-11-18 21:30:03,48E72953672E,22.6294,70.2182,886.326,60
2023-02-18 21:45:02,315,2023-11-18 21:45:03,48E72953672E,22.8395,69.708,886.154,59
2023-02-18 21:59:56,316,2023-11-18 22:00:00,48E72953672E,22.9837,69.3321,885.952,59
2023-02-18 22:14:58,317,2023-11-18 22:15:02,48E72953672E,23.0406,69.1626,885.843,60
2023-02-18 22:30:01,318,2023-11-18 22:30:03,48E72953672E,23.0667,68.9074,885.731,60
2023-02-18 22:44:59,319,2023-11-18 22:45:00,48E72953672E,23.0944,68.6813,885.627,59
2023-02-18 22:59:57,320,2023-11-18 23:00:02,48E72953672E,23.1111,68.507,885.594,59
2023-02-18 23:14:55,321,2023-11-18 23:15:00,48E72953672E,23.125,68.3172,885.541,60
2023-02-18 23:29:57,322,2023-11-18 23:30:02,48E72953672E,23.118,68.1714,885.348,59
2023-02-18 23:44:55,323,2023-11-18 23:45:00,48E72953672E,23.1357,67.8969,885.287,60
2023-02-18 23:59:59,324,2023-11-19 00:00:04,48E72953672E,23.1509,67.6884,885.196,59
2023-02-19 00:14:56,325,2023-11-19 00:15:04,48E72953672E,22.9012,70.4864,885.608,60
2023-02-19 00:29:49,326,2023-11-19 00:30:01,48E72953672E,22.5579,73.7372,886.189,59
2023-02-19 00:44:46,327,2023-11-19 00:45:03,48E72953672E,22.4766,74.556,886.237,59
2023-02-19 01:00:00,328,2023-11-19 01:00:04,48E72953672E,22.5416,73.7318,886.201,60
2023-02-19 01:14:58,329,2023-11-19 01:15:01,48E72953672E,22.4836,74.4867,886.673,60
2023-02-19 01:30:00,330,2023-11-19 01:30:04,48E72953672E,22.3256,75.8809,886.773,59
2023-02-19 01:44:58,331,2023-11-19 01:45:03,48E72953672E,22.289,76.3062,886.991,60
2023-02-19 01:59:56,332,2023-11-19 02:00:02,48E72953672E,22.3779,75.4553,886.58,59
2023-02-19 02:14:54,333,2023-11-19 02:15:00,48E72953672E,22.4096,75.9987,886.314,59
2023-02-19 02:29:57,334,2023-11-19 02:30:04,48E72953672E,22.2909,77.1465,886.528,60
2023-02-19 02:44:54,335,2023-11-19 02:45:03,48E72953672E,22.2683,77.2311,886.517,59
2023-02-19 02:59:58,336,2023-11-19 03:00:03,48E72953672E,22.3612,76.2306,886.255,60
2023-02-19 03:14:55,337,2023-11-19 03:15:00,48E72953672E,22.4504,75.2952,886.016,59
2023-02-19 03:29:58,338,2023-11-19 03:30:03,48E72953672E,22.507,74.7256,886.006,60
2023-02-19 03:44:55,339,2023-11-19 03:45:00,48E72953672E,22.5749,74.2915,885.936,59
2023-02-19 03:59:59,340,2023-11-19 04:00:04,48E72953672E,22.6652,73.8759,885.933,60
2023-02-19 04:14:57,341,2023-11-19 04:15:02,48E72953672E,22.7378,73.6367,885.828,59
2023-02-19 04:29:59,342,2023-11-19 04:30:05,48E72953672E,22.8084,73.2477,885.678,60
2023-02-19 04:44:57,343,2023-11-19 04:45:02,48E72953672E,22.8522,72.9006,885.57,59
2023-02-19 04:59:56,344,2023-11-19 05:00:01,48E72953672E,22.866,72.514,885.443,60
2023-02-19 05:14:58,345,2023-11-19 05:15:04,48E72953672E,22.8611,72.1185,885.154,59
2023-02-19 05:29:56,346,2023-11-19 05:30:02,48E72953672E,22.8199,71.8593,885.293,60
2023-02-19 05:44:53,347,2023-11-19 05:45:00,48E72953672E,22.776,71.6267,885.521,59
2023-02-19 05:59:57,348,2023-11-19 06:00:02,48E72953672E,22.7631,71.3269,885.571,60
2023-02-19 06:14:54,349,2023-11-19 06:15:00,48E72953672E,22.77,71.1774,885.539,59
2023-02-19 06:29:57,350,2023-11-19 06:30:03,48E72953672E,22.8052,70.931,885.543,60
2023-02-19 06:44:54,351,2023-11-19 06:45:01,48E72953672E,22.8341,70.7459,885.515,59
2023-02-19 06:59:58,352,2023-11-19 07:00:03,48E72953672E,22.8705,70.6773,885.273,60
2023-02-19 07:14:56,353,2023-11-19 07:15:00,48E72953672E,22.9357,70.4392,884.981,59
2023-02-19 07:29:58,354,2023-11-19 07:30:02,48E72953672E,22.9801,70.3024,885.192,60
2023-02-19 07:45:01,355,2023-11-19 07:45:04,48E72953672E,23.0164,70.3375,884.923,59
2023-02-19 08:00:00,356,2023-11-19 08:00:04,48E72953672E,22.9319,70.7894,884.952,60
2023-02-19 08:14:57,357,2023-11-19 08:15:04,48E72953672E,22.6163,70.5813,885.44,59
2023-02-19 08:29:50,358,2023-11-19 08:30:01,48E72953672E,22.0723,71.2125,886.624,59
2023-02-19 08:44:42,359,2023-11-19 08:45:00,48E72953672E,21.8235,71.5193,887.074,59
2023-02-19 08:44:59,360,2023-11-19 08:45:03,48E72953672E,21.77,71.59,887.23,1
2023-02-19 08:59:56,361,2023-11-19 09:00:02,48E72953672E,21.7315,71.3676,887.114,59
2023-02-19 09:14:54,362,2023-11-19 09:15:01,48E72953672E,21.7897,70.9846,886.94,60
2023-02-19 09:29:56,363,2023-11-19 09:30:03,48E72953672E,21.9349,70.9819,886.57,59
2023-02-19 09:44:55,364,2023-11-19 09:45:00,48E72953672E,22.0548,71.2731,886.318,60
2023-02-19 09:59:58,365,2023-11-19 10:00:03,48E72953672E,22.1564,71.5544,886.198,59
2023-02-19 10:14:55,366,2023-11-19 10:15:01,48E72953672E,22.2611,71.7592,885.74,60
2023-02-19 10:29:58,367,2023-11-19 10:30:03,48E72953672E,22.3716,71.8676,885.335,59
2023-02-19 10:44:56,368,2023-11-19 10:45:02,48E72953672E,22.4666,72.2265,885.073,60
2023-02-19 10:59:59,369,2023-11-19 11:00:04,48E72953672E,22.5649,72.3967,884.933,59
2023-02-19 11:14:57,370,2023-11-19 11:15:01,48E72953672E,22.6702,72.4547,884.711,60
2023-02-19 11:29:59,371,2023-11-19 11:30:03,48E72953672E,22.7216,72.5969,884.607,59
2023-02-19 11:44:58,372,2023-11-19 11:45:03,48E72953672E,22.7749,72.8317,884.246,60
2023-02-19 11:59:56,373,2023-11-19 12:00:00,48E72953672E,22.8558,72.9743,883.768,59
2023-02-19 12:14:58,374,2023-11-19 12:15:01,48E72953672E,22.8412,73.1769,883.693,60
2023-02-19 12:30:01,375,2023-11-19 12:30:03,48E72953672E,22.8913,73.1955,883.292,59
2023-02-19 12:45:00,376,2023-11-19 12:45:04,48E72953672E,22.9486,73.1424,883.035,60
2023-02-19 12:59:57,377,2023-11-19 13:00:03,48E72953672E,22.9095,73.1709,882.894,59
2023-02-19 13:14:54,378,2023-11-19 13:15:01,48E72953672E,22.888,73.3688,882.795,59
2023-02-19 13:29:52,379,2023-11-19 13:30:00,48E72953672E,22.8028,73.4601,882.744,60
2023-02-19 13:44:56,380,2023-11-19 13:45:00,48E72953672E,22.8344,73.3869,882.527,59
2023-02-19 13:59:58,381,2023-11-19 14:00:03,48E72953672E,22.8008,73.2582,882.442,60
2023-02-19 14:14:56,382,2023-11-19 14:15:03,48E72953672E,22.5943,73.2563,882.625,59
2023-02-19 14:29:54,383,2023-11-19 14:30:03,48E72953672E,22.4222,73.1754,882.777,60
2023-02-19 14:44:57,384,2023-11-19 14:45:03,48E72953672E,22.264,73.0078,882.939,59
2023-02-19 14:59:55,385,2023-11-19 15:00:03,48E72953672E,22.0896,72.8509,883.151,60
2023-02-19 15:14:52,386,2023-11-19 15:15:03,48E72953672E,22.0121,72.4743,882.878,59
2023-02-19 15:29:50,387,2023-11-19 15:30:03,48E72953672E,21.9972,72.6707,882.86,59
2023-02-19 15:44:59,388,2023-11-19 15:45:03,48E72953672E,22.0081,72.9571,882.825,60
2023-02-19 15:59:56,389,2023-11-19 16:00:00,48E72953672E,21.9251,72.5824,882.823,60
2023-02-19 16:14:59,390,2023-11-19 16:15:03,48E72953672E,21.8486,72.4633,883.195,59
2023-02-19 16:29:56,391,2023-11-19 16:30:01,48E72953672E,21.8262,72.0184,883.311,60
2023-02-19 16:44:55,392,2023-11-19 16:45:01,48E72953672E,21.7755,71.6847,883.383,59
2023-02-19 16:59:58,393,2023-11-19 17:00:04,48E72953672E,21.7311,73.7459,883.688,60
2023-02-19 17:14:55,394,2023-11-19 17:15:02,48E72953672E,21.9893,74.5551,883.357,59
2023-02-19 17:29:58,395,2023-11-19 17:30:03,48E72953672E,22.0877,73.5504,883.196,60
2023-02-19 17:44:57,396,2023-11-19 17:45:02,48E72953672E,22.0963,72.4427,883.14,59
2023-02-19 17:59:54,397,2023-11-19 18:00:01,48E72953672E,22.0448,71.5362,883.409,59
2023-02-19 18:14:52,398,2023-11-19 18:15:00,48E72953672E,21.8099,71.1877,883.835,60
2023-02-19 18:29:49,399,2023-11-19 18:30:01,48E72953672E,21.6136,70.8872,884.386,59
2023-02-19 18:44:58,400,2023-11-19 18:45:02,48E72953672E,21.4221,71.0494,884.818,60
2023-02-19 18:59:55,401,2023-11-19 19:00:01,48E72953672E,21.2943,71.1004,885.119,59
2023-02-19 19:14:58,402,2023-11-19 19:15:04,48E72953672E,21.2123,71.0333,885.278,60
2023-02-19 19:29:55,403,2023-11-19 19:30:03,48E72953672E,21.1428,70.8607,885.476,59
2023-02-19 19:44:59,404,2023-11-19 19:45:04,48E72953672E,21.0414,70.9492,885.607,60
2023-02-19 19:59:57,405,2023-11-19 20:00:02,48E72953672E,20.9878,70.8944,885.657,59
2023-02-19 20:14:54,406,2023-11-19 20:15:00,48E72953672E,20.9539,70.7791,885.889,60
2023-02-19 20:29:57,407,2023-11-19 20:30:03,48E72953672E,20.9138,70.6945,885.791,59
2023-02-19 20:44:56,408,2023-11-19 20:45:02,48E72953672E,20.8665,70.5464,885.735,60
2023-02-19 20:59:53,409,2023-11-19 21:00:01,48E72953672E,20.796,70.5435,885.805,59
2023-02-19 21:14:56,410,2023-11-19 21:15:04,48E72953672E,21.0988,69.3732,885.261,60
2023-02-19 21:29:53,411,2023-11-19 21:30:00,48E72953672E,21.5577,68.3101,884.533,59
2023-02-19 21:44:57,412,2023-11-19 21:45:00,48E72953672E,21.7599,67.9183,884.224,60
2023-02-19 22:00:00,413,2023-11-19 22:00:02,48E72953672E,21.9149,67.3904,884.186,59
2023-02-19 22:15:02,414,2023-11-19 22:15:02,48E72953672E,22.0313,67.1341,884.022,60
2023-02-19 22:30:05,415,2023-11-19 22:30:01,48E72953672E,22.1404,66.7506,884.011,60
2023-02-19 22:44:58,416,2023-11-19 22:45:03,48E72953672E,22.2398,66.5137,884.101,59
2023-02-19 23:00:01,417,2023-11-19 23:00:04,48E72953672E,22.3,66.3637,883.913,59
2023-02-19 23:14:58,418,2023-11-19 23:15:01,48E72953672E,22.3304,66.3121,883.935,60
2023-02-19 23:30:01,419,2023-11-19 23:30:02,48E72953672E,22.3701,66.0541,883.8,59
2023-02-19 23:44:55,420,2023-11-19 23:45:01,48E72953672E,22.3487,66.011,883.782,59
2023-02-19 23:59:52,421,2023-11-20 00:00:00,48E72953672E,22.2354,66.2313,884.0,60
2023-02-20 00:14:50,422,2023-11-20 00:15:00,48E72953672E,22.2227,65.9903,883.965,59
2023-02-20 00:29:52,423,2023-11-20 00:30:04,48E72953672E,22.2358,65.76,884.265,60
2023-02-20 00:44:56,424,2023-11-20 00:45:01,48E72953672E,22.241,65.4226,884.309,59
2023-02-20 00:59:59,425,2023-11-20 01:00:04,48E72953672E,22.2378,65.1721,884.288,60
2023-02-20 01:14:56,426,2023-11-20 01:15:02,48E72953672E,22.2106,65.1013,884.255,59
2023-02-20 01:29:54,427,2023-11-20 01:30:00,48E72953672E,22.1912,65.0107,884.351,60
2023-02-20 01:44:57,428,2023-11-20 01:45:02,48E72953672E,22.1921,64.7408,884.491,59
2023-02-20 01:59:55,429,2023-11-20 02:00:00,48E72953672E,22.1902,64.3694,884.657,60
2023-02-20 02:14:57,430,2023-11-20 02:15:02,48E72953672E,22.1417,64.3367,884.776,59
2023-02-20 02:29:55,431,2023-11-20 02:30:00,48E72953672E,22.0832,64.1853,884.653,60
2023-02-20 02:44:54,432,2023-11-20 02:45:00,48E72953672E,22.0467,64.0147,884.671,59
2023-02-20 02:59:56,433,2023-11-20 03:00:04,48E72953672E,21.9959,64.0289,884.967,60
2023-02-20 03:14:54,434,2023-11-20 03:15:03,48E72953672E,21.9428,64.0625,885.086,59
2023-02-20 03:29:51,435,2023-11-20 03:30:02,48E72953672E,21.9445,63.768,885.266,59
2023-02-20 03:45:00,436,2023-11-20 03:45:04,48E72953672E,21.9341,63.7396,885.345,60
2023-02-20 03:59:58,437,2023-11-20 04:00:00,48E72953672E,21.9176,63.7994,885.348,60
2023-02-20 04:15:00,438,2023-11-20 04:15:02,48E72953672E,21.8852,63.7554,885.369,59
2023-02-20 04:30:03,439,2023-11-20 04:30:04,48E72953672E,21.884,63.6456,885.436,60
2023-02-20 04:44:57,440,2023-11-20 04:45:02,48E72953672E,21.8682,63.6423,885.654,59
2023-02-20 04:59:54,441,2023-11-20 05:00:00,48E72953672E,21.8543,63.6319,885.839,59
2023-02-20 05:14:57,442,2023-11-20 05:15:04,48E72953672E,21.8414,63.5231,886.033,60
2023-02-20 05:29:54,443,2023-11-20 05:30:03,48E72953672E,21.8168,63.5349,886.086,59
2023-02-20 05:44:58,444,2023-11-20 05:45:02,48E72953672E,21.7974,63.5304,886.274,60
2023-02-20 05:59:55,445,2023-11-20 06:00:00,48E72953672E,21.7735,63.5125,886.403,59
2023-02-20 06:14:58,446,2023-11-20 06:15:03,48E72953672E,21.7713,63.5059,886.428,60
2023-02-20 06:29:55,447,2023-11-20 06:30:00,48E72953672E,21.7591,63.3796,886.669,59
2023-02-20 06:44:59,448,2023-11-20 06:45:04,48E72953672E,21.7288,63.4565,886.844,60
2023-02-20 06:59:57,449,2023-11-20 07:00:02,48E72953672E,21.7162,63.3676,887.01,59
2023-02-20 07:14:54,450,2023-11-20 07:15:00,48E72953672E,21.7113,63.4094,887.207,60
2023-02-20 07:29:57,451,2023-11-20 07:30:02,48E72953672E,21.7199,63.5918,887.27,59
2023-02-20 07:45:01,452,2023-11-20 07:45:04,48E72953672E,21.9627,63.7671,887.173,60
2023-02-20 08:00:03,453,2023-11-20 08:00:04,48E72953672E,22.1807,64.5,887.052,60
2023-02-20 08:15:01,454,2023-11-20 08:15:00,48E72953672E,22.177,64.9481,887.375,59
2023-02-20 08:30:03,455,2023-11-20 08:30:02,48E72953672E,21.7934,66.0864,888.124,60
2023-02-20 08:44:57,456,2023-11-20 08:45:01,48E72953672E,21.6546,66.3013,888.402,59
2023-02-20 08:59:59,457,2023-11-20 09:00:04,48E72953672E,21.6187,66.1808,888.777,59
2023-02-20 09:14:57,458,2023-11-20 09:15:02,48E72953672E,21.6134,66.2614,889.073,60
2023-02-20 09:29:55,459,2023-11-20 09:30:00,48E72953672E,21.7765,66.2062,889.04,59
2023-02-20 09:44:58,460,2023-11-20 09:45:00,48E72953672E,22.8309,64.022,887.662,60
2023-02-20 10:00:06,461,2023-11-20 10:00:01,48E72953672E,23.6146,62.0794,886.643,60
2023-02-20 10:15:19,462,2023-11-20 10:15:03,48E72953672E,24.2051,60.9934,885.895,60
2023-02-20 10:30:31,463,2023-11-20 10:30:04,48E72953672E,24.4753,60.5885,885.637,60
2023-02-20 10:45:00,464,2023-11-20 10:45:04,48E72953672E,24.7511,60.4006,885.223,58
2023-02-20 10:59:57,465,2023-11-20 11:00:01,48E72953672E,24.8765,60.6434,885.106,59
2023-02-20 11:15:00,466,2023-11-20 11:15:02,48E72953672E,25.0234,60.7089,884.812,60
2023-02-20 11:30:02,467,2023-11-20 11:30:02,48E72953672E,25.1597,61.0167,884.558,59
2023-02-20 11:44:56,468,2023-11-20 11:45:02,48E72953672E,25.2924,61.1445,884.322,59
2023-02-20 11:59:54,469,2023-11-20 12:00:00,48E72953672E,25.4371,61.2283,884.11,60
2023-02-20 12:14:56,470,2023-11-20 12:15:02,48E72953672E,25.517,61.6728,883.92,59
2023-02-20 12:29:59,471,2023-11-20 12:30:04,48E72953672E,25.6237,61.7508,883.717,60
2023-02-20 12:44:58,472,2023-11-20 12:45:03,48E72953672E,25.6694,61.8739,883.552,59
2023-02-20 12:59:55,473,2023-11-20 13:00:01,48E72953672E,25.8362,61.6356,883.258,60
2023-02-20 13:14:58,474,2023-11-20 13:15:03,48E72953672E,25.7996,61.7206,883.252,59
2023-02-20 13:29:55,475,2023-11-20 13:30:01,48E72953672E,25.8001,62.2323,883.229,60
2023-02-20 13:44:59,476,2023-11-20 13:45:03,48E72953672E,25.8206,62.6718,883.126,59
2023-02-20 14:00:02,477,2023-11-20 14:00:04,48E72953672E,25.8977,62.2531,882.983,60
2023-02-20 14:14:59,478,2023-11-20 14:15:00,48E72953672E,25.9579,62.061,882.826,59
2023-02-20 14:30:02,479,2023-11-20 14:30:02,48E72953672E,25.8652,62.6048,882.903,60
2023-02-20 14:44:56,480,2023-11-20 14:45:00,48E72953672E,25.8963,62.2732,882.815,59
2023-02-20 14:59:58,481,2023-11-20 15:00:02,48E72953672E,25.7858,62.8111,883.061,60
2023-02-20 15:14:56,482,2023-11-20 15:15:01,48E72953672E,25.7031,63.2534,883.24,59
2023-02-20 15:29:58,483,2023-11-20 15:30:04,48E72953672E,25.6741,63.2771,883.34,60
2023-02-20 15:44:57,484,2023-11-20 15:45:02,48E72953672E,25.6194,63.3642,883.65,59
2023-02-20 15:59:54,485,2023-11-20 16:00:02,48E72953672E,25.5157,63.423,883.989,59
2023-02-20 16:14:52,486,2023-11-20 16:15:01,48E72953672E,25.4784,62.8541,884.133,60
2023-02-20 16:29:49,487,2023-11-20 16:30:00,48E72953672E,25.4618,64.1957,884.283,59
2023-02-20 16:44:58,488,2023-11-20 16:45:03,48E72953672E,25.6911,66.5259,884.096,60
2023-02-20 16:59:56,489,2023-11-20 17:00:00,48E72953672E,25.6845,66.9398,884.242,59
2023-02-20 17:14:58,490,2023-11-20 17:15:03,48E72953672E,25.5376,66.9196,884.585,60
2023-02-20 17:29:56,491,2023-11-20 17:30:03,48E72953672E,25.1858,66.8491,885.269,59
2023-02-20 17:44:55,492,2023-11-20 17:45:00,48E72953672E,24.8091,66.7625,885.991,60
2023-02-20 17:59:52,493,2023-11-20 18:00:00,48E72953672E,24.5197,66.3138,886.598,59
2023-02-20 18:14:50,494,2023-11-20 18:15:03,48E72953672E,24.059,66.6488,887.52,59
2023-02-20 18:29:42,495,2023-11-20 18:30:03,48E72953672E,23.5784,67.4059,888.415,59
2023-02-20 18:29:59,496,2023-11-20 18:30:03,48E72953672E,23.45,67.35,888.75,1
2023-02-20 18:44:56,497,2023-11-20 18:45:00,48E72953672E,23.3894,66.9455,888.915,60
2023-02-20 18:59:59,498,2023-11-20 19:00:04,48E72953672E,23.2863,66.2257,889.162,59
2023-02-20 19:14:56,499,2023-11-20 19:15:02,48E72953672E,23.1717,65.9865,889.54,60
2023-02-20 19:30:00,500,2023-11-20 19:30:04,48E72953672E,23.0227,65.9842,889.899,59
2023-02-20 19:44:58,501,2023-11-20 19:45:02,48E72953672E,22.9304,65.5951,890.19,60
2023-02-20 19:59:55,502,2023-11-20 20:00:01,48E72953672E,22.885,65.3003,890.409,59
2023-02-20 20:14:53,503,2023-11-20 20:15:00,48E72953672E,22.8448,65.0716,890.583,59
2023-02-20 20:29:56,504,2023-11-20 20:30:01,48E72953672E,22.7274,65.1559,890.923,60
2023-02-20 20:44:59,505,2023-11-20 20:45:04,48E72953672E,22.6329,65.2561,891.155,60
2023-02-20 20:59:56,506,2023-11-20 21:00:03,48E72953672E,22.6077,65.0928,891.248,59
2023-02-20 21:14:59,507,2023-11-20 21:15:04,48E72953672E,23.1403,62.9504,890.534,60
2023-02-20 21:29:58,508,2023-11-20 21:30:01,48E72953672E,23.7398,61.2515,889.662,59
2023-02-20 21:45:00,509,2023-11-20 21:45:03,48E72953672E,23.7001,61.3374,889.82,60
2023-02-20 21:59:58,510,2023-11-20 22:00:01,48E72953672E,23.6019,61.2445,890.154,59
2023-02-20 22:15:00,511,2023-11-20 22:15:04,48E72953672E,23.5579,61.1611,890.291,60
2023-02-20 22:29:59,512,2023-11-20 22:30:04,48E72953672E,23.536,61.0938,890.272,59
2023-02-20 22:44:57,513,2023-11-20 22:45:02,48E72953672E,23.5292,60.9335,890.379,59
2023-02-20 22:59:54,514,2023-11-20 23:00:00,48E72953672E,23.5279,60.6071,890.604,60
2023-02-20 23:14:57,515,2023-11-20 23:15:03,48E72953672E,23.5232,60.514,890.558,59
2023-02-20 23:29:55,516,2023-11-20 23:30:00,48E72953672E,23.5602,60.545,890.576,60
2023-02-20 23:44:58,517,2023-11-20 23:45:02,48E72953672E,23.5712,60.6299,890.78,59
2023-02-20 23:59:55,518,2023-11-21 00:00:00,48E72953672E,23.5834,60.3739,890.793,60
2023-02-21 00:14:58,519,2023-11-21 00:15:04,48E72953672E,23.222,64.709,891.464,59
2023-02-21 00:29:57,520,2023-11-21 00:30:02,48E72953672E,22.4804,71.3032,892.589,60
2023-02-21 00:44:54,521,2023-11-21 00:45:01,48E72953672E,22.355,73.0334,892.81,59
2023-02-21 00:59:57,522,2023-11-21 01:00:04,48E72953672E,22.5659,71.3216,892.473,60
2023-02-21 01:14:54,523,2023-11-21 01:15:02,48E72953672E,22.5938,71.8882,892.481,59
2023-02-21 01:29:53,524,2023-11-21 01:30:00,48E72953672E,22.347,74.2522,892.945,59
2023-02-21 01:44:56,525,2023-11-21 01:45:04,48E72953672E,22.4066,74.0338,892.884,60
2023-02-21 01:59:53,526,2023-11-21 02:00:01,48E72953672E,22.7152,72.1257,892.439,59
2023-02-21 02:14:56,527,2023-11-21 02:15:02,48E72953672E,22.8076,72.576,892.394,60
2023-02-21 02:30:00,528,2023-11-21 02:30:03,48E72953672E,22.4441,75.0573,893.133,60
2023-02-21 02:44:57,529,2023-11-21 02:45:00,48E72953672E,22.4652,75.2963,893.219,59
2023-02-21 03:00:05,530,2023-11-21 03:00:04,48E72953672E,22.8395,72.6072,892.61,60
2023-02-21 03:15:07,531,2023-11-21 03:15:01,48E72953672E,23.0219,71.1961,892.151,60
2023-02-21 03:29:56,532,2023-11-21 03:30:01,48E72953672E,23.1033,70.3409,891.882,58
2023-02-21 03:44:58,533,2023-11-21 03:45:03,48E72953672E,23.2281,69.5062,891.697,60
2023-02-21 03:59:56,534,2023-11-21 04:00:00,48E72953672E,23.3021,69.0301,891.574,59
2023-02-21 04:14:58,535,2023-11-21 04:15:02,48E72953672E,23.4022,68.5256,891.669,60
2023-02-21 04:29:57,536,2023-11-21 04:30:03,48E72953672E,23.5198,67.9264,891.643,59
2023-02-21 04:44:55,537,2023-11-21 04:45:01,48E72953672E,23.5462,67.6728,891.512,60
2023-02-21 04:59:57,538,2023-11-21 05:00:04,48E72953672E,23.6175,66.9909,891.385,59
2023-02-21 05:14:55,539,2023-11-21 05:15:02,48E72953672E,23.6606,66.5636,891.56,60
2023-02-21 05:29:59,540,2023-11-21 05:30:04,48E72953672E,23.6911,66.368,891.755,59
2023-02-21 05:44:56,541,2023-11-21 05:45:01,48E72953672E,23.751,66.0073,891.888,60
2023-02-21 05:59:59,542,2023-11-21 06:00:03,48E72953672E,23.8123,65.683,891.99,59
2023-02-21 06:14:56,543,2023-11-21 06:15:00,48E72953672E,23.826,65.4756,892.188,60
2023-02-21 06:29:55,544,2023-11-21 06:30:01,48E72953672E,23.8679,65.1862,892.322,59
2023-02-21 06:44:57,545,2023-11-21 06:45:05,48E72953672E,23.9022,65.0281,892.36,60
2023-02-21 06:59:55,546,2023-11-21 07:00:03,48E72953672E,23.9333,64.8039,892.396,59
2023-02-21 07:14:52,547,2023-11-21 07:15:02,48E72953672E,23.9438,64.6707,892.602,59
2023-02-21 07:29:56,548,2023-11-21 07:30:02,48E72953672E,23.9866,64.5533,892.855,60
2023-02-21 07:44:59,549,2023-11-21 07:45:03,48E72953672E,24.2059,64.5089,892.748,60
2023-02-21 08:00:01,550,2023-11-21 08:00:04,48E72953672E,24.4242,64.1838,892.636,59
2023-02-21 08:14:59,551,2023-11-21 08:15:00,48E72953672E,24.3719,63.2864,892.964,60
2023-02-21 08:29:58,552,2023-11-21 08:30:03,48E72953672E,23.8767,63.5901,893.941,59
2023-02-21 08:44:55,553,2023-11-21 08:45:03,48E72953672E,23.6885,63.5796,894.311,59
2023-02-21 08:59:53,554,2023-11-21 09:00:03,48E72953672E,23.6991,63.3568,894.334,60
2023-02-21 09:14:50,555,2023-11-21 09:15:03,48E72953672E,23.7517,63.265,894.262,59
2023-02-21 09:29:59,556,2023-11-21 09:30:03,48E72953672E,23.8034,63.0518,894.172,60
2023-02-21 09:44:56,557,2023-11-21 09:45:00,48E72953672E,23.8628,63.1147,894.118,59
2023-02-21 09:59:59,558,2023-11-21 10:00:01,48E72953672E,23.9249,63.2339,893.942,60
2023-02-21 10:15:02,559,2023-11-21 10:15:03,48E72953672E,23.9634,63.3329,893.663,60
2023-02-21 10:29:55,560,2023-11-21 10:30:00,48E72953672E,23.9904,66.7069,893.58,59
2023-02-21 10:44:58,561,2023-11-21 10:45:03,48E72953672E,23.8443,71.6464,893.78,59
2023-02-21 11:00:00,562,2023-11-21 11:00:04,48E72953672E,24.2702,71.8936,893.052,60
2023-02-21 11:14:58,563,2023-11-21 11:15:01,48E72953672E,24.0494,67.5276,893.28,59
2023-02-21 11:29:57,564,2023-11-21 11:30:01,48E72953672E,23.9362,67.2616,893.191,60
2023-02-21 11:44:59,565,2023-11-21 11:45:03,48E72953672E,23.957,67.4601,893.038,59
2023-02-21 11:59:57,566,2023-11-21 12:00:00,48E72953672E,23.9681,67.7366,892.877,60
2023-02-21 12:14:59,567,2023-11-21 12:15:03,48E72953672E,23.9389,67.822,892.682,59
2023-02-21 12:29:58,568,2023-11-21 12:30:03,48E72953672E,23.9791,68.1354,892.432,60
2023-02-21 12:44:56,569,2023-11-21 12:45:00,48E72953672E,23.9864,68.1471,892.151,59
2023-02-21 12:59:58,570,2023-11-21 13:00:03,48E72953672E,24.0294,68.2751,891.976,60
2023-02-21 13:14:56,571,2023-11-21 13:15:00,48E72953672E,24.0403,68.3336,891.648,59
2023-02-21 13:30:00,572,2023-11-21 13:30:04,48E72953672E,24.0448,68.4464,891.614,60
2023-02-21 13:44:57,573,2023-11-21 13:45:01,48E72953672E,24.0672,68.5358,891.396,59
2023-02-21 14:00:00,574,2023-11-21 14:00:03,48E72953672E,24.0645,68.4146,891.178,60
2023-02-21 14:14:57,575,2023-11-21 14:15:01,48E72953672E,24.0845,68.4821,890.877,59
2023-02-21 14:29:56,576,2023-11-21 14:30:01,48E72953672E,24.0325,68.6656,890.939,59
2023-02-21 14:44:59,577,2023-11-21 14:45:04,48E72953672E,24.029,68.5626,891.026,60
2023-02-21 14:59:56,578,2023-11-21 15:00:01,48E72953672E,23.9915,68.2618,891.032,59
2023-02-21 15:14:59,579,2023-11-21 15:15:05,48E72953672E,23.9199,68.6604,891.242,60
2023-02-21 15:29:58,580,2023-11-21 15:30:02,48E72953672E,23.8529,68.5201,891.451,59
2023-02-21 15:44:55,581,2023-11-21 15:45:00,48E72953672E,23.7579,68.4854,891.702,60
2023-02-21 15:59:58,582,2023-11-21 16:00:04,48E72953672E,23.653,68.5889,891.836,59
2023-02-21 16:14:55,583,2023-11-21 16:15:04,48E72953672E,23.2692,71.4776,892.479,60
2023-02-21 16:29:59,584,2023-11-21 16:30:02,48E72953672E,23.7711,73.7638,891.791,59
2023-02-21 16:45:02,585,2023-11-21 16:45:01,48E72953672E,24.047,72.9877,891.441,60
2023-02-21 17:00:04,586,2023-11-21 17:00:00,48E72953672E,24.0418,72.5357,891.435,60
2023-02-21 17:15:07,587,2023-11-21 17:15:00,48E72953672E,23.9301,72.2962,891.667,59
2023-02-21 17:29:55,588,2023-11-21 17:30:00,48E72953672E,23.7869,71.8792,892.009,59
2023-02-21 17:44:58,589,2023-11-21 17:45:04,48E72953672E,23.6379,71.3235,892.323,60
2023-02-21 17:59:55,590,2023-11-21 18:00:03,48E72953672E,23.5181,70.56,892.646,59
2023-02-21 18:14:53,591,2023-11-21 18:15:03,48E72953672E,23.238,70.4579,893.153,59
2023-02-21 18:29:57,592,2023-11-21 18:30:01,48E72953672E,22.9804,70.7819,893.524,60
2023-02-21 18:44:59,593,2023-11-21 18:45:02,48E72953672E,23.1442,69.3372,893.485,60
2023-02-21 19:00:02,594,2023-11-21 19:00:01,48E72953672E,23.6051,67.8279,892.777,59
2023-02-21 19:15:09,595,2023-11-21 19:15:04,48E72953672E,23.7864,67.0167,892.506,60
2023-02-21 19:29:58,596,2023-11-21 19:30:04,48E72953672E,23.9971,65.4984,892.21,59
2023-02-21 19:44:56,597,2023-11-21 19:45:03,48E72953672E,24.0472,65.1918,892.106,59
2023-02-21 19:59:53,598,2023-11-21 20:00:01,48E72953672E,23.9246,65.3567,892.239,60
2023-02-21 20:14:51,599,2023-11-21 20:15:01,48E72953672E,23.8479,65.0793,892.161,59
2023-02-21 20:29:59,600,2023-11-21 20:30:03,48E72953672E,24.092,64.0025,891.858,60
2023-02-21 20:45:02,601,2023-11-21 20:45:04,48E72953672E,24.2201,63.4978,891.625,60
2023-02-21 21:00:04,602,2023-11-21 21:00:05,48E72953672E,24.2527,63.1925,891.767,59
2023-02-21 21:15:02,603,2023-11-21 21:15:00,48E72953672E,24.2456,62.9853,891.922,60
2023-02-21 21:29:56,604,2023-11-21 21:30:00,48E72953672E,24.2325,62.8137,891.961,59
2023-02-21 21:44:58,605,2023-11-21 21:45:02,48E72953672E,24.2138,62.8123,891.996,59
2023-02-21 21:59:56,606,2023-11-21 22:00:00,48E72953672E,24.2081,62.6423,891.944,60
2023-02-21 22:14:58,607,2023-11-21 22:15:02,48E72953672E,24.2252,62.4206,891.847,59
2023-02-21 22:29:57,608,2023-11-21 22:30:02,48E72953672E,24.2388,62.2551,891.827,60
2023-02-21 22:44:55,609,2023-11-21 22:45:00,48E72953672E,24.2432,62.0264,891.667,59
2023-02-21 22:59:57,610,2023-11-21 23:00:02,48E72953672E,24.2451,62.0233,891.522,60
2023-02-21 23:14:55,611,2023-11-21 23:15:00,48E72953672E,24.2255,62.0374,891.545,59
2023-02-21 23:29:58,612,2023-11-21 23:30:03,48E72953672E,24.2153,61.9122,891.376,60
2023-02-21 23:44:56,613,2023-11-21 23:45:00,48E72953672E,24.2237,61.8232,891.188,59
2023-02-21 23:59:59,614,2023-11-22 00:00:03,48E72953672E,24.1987,61.9584,891.222,60
2023-02-22 00:14:56,615,2023-11-22 00:15:01,48E72953672E,24.1916,61.8179,891.259,59
2023-02-22 00:29:55,616,2023-11-22 00:30:00,48E72953672E,24.2111,61.7831,891.111,59
2023-02-22 00:44:57,617,2023-11-22 00:45:04,48E72953672E,24.2793,61.4808,890.944,60
2023-02-22 00:59:55,618,2023-11-22 01:00:02,48E72953672E,24.251,61.4927,890.683,59
2023-02-22 01:14:52,619,2023-11-22 01:15:00,48E72953672E,24.2489,61.295,890.651,60
2023-02-22 01:29:56,620,2023-11-22 01:30:00,48E72953672E,24.276,61.2172,890.552,59
2023-02-22 01:44:59,621,2023-11-22 01:45:02,48E72953672E,24.2761,61.1807,890.496,60
2023-02-22 02:00:01,622,2023-11-22 02:00:04,48E72953672E,24.2748,61.1858,890.353,60
2023-02-22 02:14:59,623,2023-11-22 02:15:00,48E72953672E,24.2901,60.992,890.35,59
2023-02-22 02:29:57,624,2023-11-22 02:30:02,48E72953672E,24.2632,61.0444,890.337,59
2023-02-22 02:44:55,625,2023-11-22 02:45:00,48E72953672E,24.2601,61.1002,890.338,60
2023-02-22 02:59:57,626,2023-11-22 03:00:03,48E72953672E,24.2522,61.1231,890.402,59
2023-02-22 03:14:55,627,2023-11-22 03:15:00,48E72953672E,24.2693,60.9299,890.27,60
2023-02-22 03:29:59,628,2023-11-22 03:30:03,48E72953672E,24.2535,60.9676,890.217,59
2023-02-22 03:44:56,629,2023-11-22 03:45:00,48E72953672E,24.2458,60.9388,890.222,60
2023-02-22 03:59:59,630,2023-11-22 04:00:02,48E72953672E,24.245,60.887,890.205,59
2023-02-22 04:14:56,631,2023-11-22 04:15:00,48E72953672E,24.2316,60.9221,890.175,60
2023-02-22 04:29:55,632,2023-11-22 04:30:00,48E72953672E,24.2142,60.8649,890.135,59
2023-02-22 04:44:58,633,2023-11-22 04:45:03,48E72953672E,24.2161,60.8329,890.105,60
2023-02-22 04:59:55,634,2023-11-22 05:00:01,48E72953672E,24.2047,60.9886,890.156,59
2023-02-22 05:14:58,635,2023-11-22 05:15:04,48E72953672E,24.2448,60.8123,890.078,60
2023-02-22 05:29:57,636,2023-11-22 05:30:02,48E72953672E,24.3034,60.7147,889.924,59
2023-02-22 05:44:54,637,2023-11-22 05:45:00,48E72953672E,24.3472,60.7331,889.823,59
2023-02-22 05:59:57,638,2023-11-22 06:00:03,48E72953672E,24.3512,60.6888,889.755,60
2023-02-22 06:14:54,639,2023-11-22 06:15:00,48E72953672E,24.3482,60.759,889.701,59
2023-02-22 06:29:58,640,2023-11-22 06:30:03,48E72953672E,24.3647,60.7416,889.641,60
2023-02-22 06:44:56,641,2023-11-22 06:45:02,48E72953672E,24.3272,60.9762,889.65,59
2023-02-22 06:59:53,642,2023-11-22 07:00:00,48E72953672E,24.3237,60.9994,889.597,60
2023-02-22 07:14:55,643,2023-11-22 07:15:04,48E72953672E,24.3092,61.1711,889.631,59
2023-02-22 07:29:59,644,2023-11-22 07:30:04,48E72953672E,24.3222,61.4141,889.595,60
2023-02-22 07:44:57,645,2023-11-22 07:45:01,48E72953672E,24.3503,61.6091,889.599,59
2023-02-22 07:59:54,646,2023-11-22 08:00:03,48E72953672E,23.3271,63.6186,891.194,60
2023-02-22 08:14:47,647,2023-11-22 08:15:04,48E72953672E,22.5728,65.3135,892.192,59
2023-02-22 08:29:56,648,2023-11-22 08:30:02,48E72953672E,22.1439,66.2269,892.652,60
2023-02-22 08:44:53,649,2023-11-22 08:45:03,48E72953672E,21.9955,67.4667,892.864,59
2023-02-22 08:59:56,650,2023-11-22 09:00:04,48E72953672E,22.8922,65.4163,891.537,60
2023-02-22 09:14:58,651,2023-11-22 09:15:01,48E72953672E,23.485,63.5223,890.634,59
2023-02-22 09:29:57,652,2023-11-22 09:30:02,48E72953672E,23.8497,62.532,889.968,60
