2024-02-28 10:00:03,36041,2024-02-28 10:00:03,48E729537E2C,27.94,28.69,27.44,43.75,30.44,29.11,29.56,28.5,28.36,27.25
2024-02-28 10:03:00,36042,2024-02-28 10:03:00,48E729537E2C,27.94,28.56,27.31,44.75,31.81,29.06,29.56,28.48,28.34,27.25
2024-02-28 10:06:03,36043,2024-02-28 10:06:03,48E729537E2C,28.31,28.5,27.56,46.06,29.44,29.12,29.56,28.5,28.38,27.25
2024-02-28 10:09:00,36044,2024-02-28 10:09:00,48E729537E2C,28.81,28.88,27.81,46.25,30.19,29.2,29.62,28.58,28.44,27.31
2024-02-28 10:12:03,36045,2024-02-28 10:12:02,48E729537E2C,28.94,29.31,27.69,46.44,32.12,29.34,29.78,28.69,28.56,27.44
2024-02-28 10:15:00,36046,2024-02-28 10:15:00,48E729537E2C,29.56,29.25,27.69,48.19,33.94,29.52,29.91,28.83,28.69,27.56
2024-02-28 10:18:03,36047,2024-02-28 10:18:02,48E729537E2C,30.0,29.69,27.88,48.75,34.81,29.69,30.06,28.98,28.83,27.73
2024-02-28 10:21:05,36048,2024-02-28 10:21:04,48E729537E2C,30.19,30.12,28.38,49.81,34.5,29.88,30.22,29.12,29.02,27.81
2024-02-28 10:24:03,36049,2024-02-28 10:24:01,48E729537E2C,30.94,30.5,28.56,50.19,32.69,30.14,30.38,29.34,29.2,28.0
2024-02-28 10:27:05,36050,2024-02-28 10:27:02,48E729537E2C,32.62,33.06,29.5,51.25,33.44,30.25,30.53,29.5,29.38,28.12
2024-02-28 10:30:03,36051,2024-02-28 10:30:00,48E729537E2C,32.69,32.69,29.25,45.75,34.19,30.25,30.58,29.55,29.41,28.19
2024-02-28 10:33:05,36052,2024-02-28 10:33:04,48E729537E2C,32.5,31.94,29.06,40.56,33.5,30.14,30.48,29.45,29.34,28.11
2024-02-28 10:36:02,36053,2024-02-28 10:36:03,48E729537E2C,32.0,31.69,28.56,37.56,29.94,30.0,30.36,29.36,29.22,28.0
2024-02-28 10:38:59,36054,2024-02-28 10:39:02,48E729537E2C,30.94,30.69,28.06,40.62,29.94,29.94,30.31,29.31,29.16,27.94
2024-02-28 10:41:57,36055,2024-02-28 10:42:00,48E729537E2C,30.81,30.69,27.75,44.62,30.62,30.02,30.38,29.34,29.22,27.98
2024-02-28 10:44:59,36056,2024-02-28 10:45:02,48E729537E2C,30.94,30.56,28.25,46.56,31.56,30.12,30.5,29.47,29.33,28.08
2024-02-28 10:48:02,36057,2024-02-28 10:48:04,48E729537E2C,30.75,30.62,28.25,47.81,32.5,30.25,30.58,29.58,29.41,28.19
2024-02-28 10:50:59,36058,2024-02-28 10:51:00,48E729537E2C,30.88,30.81,28.12,48.19,31.25,30.3,30.67,29.69,29.5,28.25
2024-02-28 10:54:02,36059,2024-02-28 10:54:01,48E729537E2C,30.5,30.69,28.19,48.75,31.75,30.38,30.81,29.75,29.59,28.36
2024-02-28 10:57:00,36060,2024-02-28 10:57:00,48E729537E2C,30.69,30.88,28.25,49.38,33.0,30.45,30.86,29.84,29.67,28.44
2024-02-28 11:00:03,36061,2024-02-28 11:00:02,48E729537E2C,30.62,30.75,28.69,49.56,34.0,30.5,30.94,29.91,29.75,28.5
2024-02-28 11:06:03,36063,2024-02-28 11:06:02,48E729537E2C,30.75,30.44,28.81,50.0,34.56,30.64,31.06,30.02,29.86,28.62
2024-02-28 11:09:05,36064,2024-02-28 11:09:04,48E729537E2C,30.69,30.38,28.75,49.62,32.44,30.7,31.12,30.08,29.94,28.67
2024-02-28 11:12:03,36065,2024-02-28 11:12:01,48E729537E2C,30.5,30.12,28.75,49.81,33.5,30.75,31.19,30.14,29.97,28.72
2024-02-28 11:15:05,36066,2024-02-28 11:15:03,48E729537E2C,30.5,30.12,29.0,49.44,35.12,30.72,31.19,30.12,30.0,28.73
2024-02-28 11:18:02,36067,2024-02-28 11:18:00,48E729537E2C,30.38,30.44,29.06,49.5,32.75,30.8,31.25,30.17,30.02,28.75
2024-02-28 11:21:05,36068,2024-02-28 11:21:02,48E729537E2C,30.38,30.62,29.0,49.75,33.5,30.81,31.25,30.19,30.06,28.78
2024-02-28 11:24:07,36069,2024-02-28 11:24:05,48E729537E2C,30.5,30.88,29.38,49.75,33.25,30.81,31.3,30.25,30.08,28.83
2024-02-28 11:27:05,36070,2024-02-28 11:27:02,48E729537E2C,30.81,30.88,29.31,50.12,33.88,30.89,31.31,30.25,30.11,28.88
2024-02-28 11:30:07,36071,2024-02-28 11:30:04,48E729537E2C,30.75,30.94,29.19,50.38,34.44,30.98,31.39,30.25,30.14,28.94
2024-02-28 11:33:05,36072,2024-02-28 11:33:00,48E729537E2C,30.94,30.69,29.0,50.31,34.44,31.0,31.47,30.31,30.19,28.97
2024-02-28 11:36:07,36073,2024-02-28 11:36:02,48E729537E2C,30.44,30.44,28.75,50.31,34.62,31.0,31.44,30.31,30.22,29.02
2024-02-28 11:39:10,36074,2024-02-28 11:39:04,48E729537E2C,30.38,30.5,29.19,49.31,34.81,31.0,31.44,30.33,30.22,29.0
2024-02-28 11:42:07,36075,2024-02-28 11:42:01,48E729537E2C,31.06,31.06,29.62,50.62,34.88,31.03,31.47,30.36,30.25,29.02
2024-02-28 11:45:09,36076,2024-02-28 11:45:03,48E729537E2C,31.0,30.94,29.38,50.0,35.75,31.12,31.53,30.39,30.25,29.09
2024-02-28 11:48:07,36077,2024-02-28 11:48:00,48E729537E2C,31.06,31.31,29.5,50.81,36.0,31.16,31.56,30.44,30.27,29.12
2024-02-28 11:51:09,36078,2024-02-28 11:51:01,48E729537E2C,31.19,31.0,29.88,48.81,33.62,31.25,31.62,30.47,30.31,29.17
2024-02-28 11:54:12,36079,2024-02-28 11:54:03,48E729537E2C,31.94,31.56,29.88,51.0,34.88,31.38,31.75,30.61,30.44,29.31
2024-02-28 11:57:05,36080,2024-02-28 11:57:05,48E729537E2C,31.75,31.31,30.06,51.12,36.81,31.5,31.88,30.73,30.56,29.44
2024-02-28 12:00:03,36081,2024-02-28 12:00:02,48E729537E2C,32.19,31.81,29.81,50.5,38.12,31.67,32.0,30.88,30.69,29.53
2024-02-28 12:03:05,36082,2024-02-28 12:03:04,48E729537E2C,32.62,32.31,30.19,50.56,35.0,31.75,32.12,30.98,30.81,29.64
2024-02-28 12:06:02,36083,2024-02-28 12:06:01,48E729537E2C,32.31,31.88,29.88,50.33,33.88,31.81,32.2,31.03,30.88,29.72
2024-02-28 12:09:05,36084,2024-02-28 12:09:04,48E729537E2C,31.62,31.25,29.75,50.0,36.19,31.81,32.22,31.06,30.89,29.73
2024-02-28 12:12:02,36085,2024-02-28 12:12:00,48E729537E2C,31.56,31.38,29.75,49.83,35.75,31.73,32.17,31.06,30.88,29.7
2024-02-28 12:15:05,36086,2024-02-28 12:15:03,48E729537E2C,31.25,31.19,29.25,50.0,33.5,31.69,32.12,31.0,30.81,29.64
2024-02-28 12:18:02,36087,2024-02-28 12:18:00,48E729537E2C,30.94,30.81,29.5,49.75,35.06,31.61,32.05,30.94,30.75,29.56
2024-02-28 12:21:05,36088,2024-02-28 12:21:02,48E729537E2C,30.81,30.75,29.44,49.75,35.0,31.53,31.98,30.86,30.69,29.52
2024-02-28 12:24:07,36089,2024-02-28 12:24:04,48E729537E2C,30.69,30.62,29.31,49.5,36.56,31.48,31.92,30.77,30.64,29.48
2024-02-28 12:27:04,36090,2024-02-28 12:27:02,48E729537E2C,30.56,30.31,29.06,49.75,34.75,31.39,31.84,30.75,30.56,29.38
2024-02-28 12:30:07,36091,2024-02-28 12:30:04,48E729537E2C,30.06,30.44,29.12,48.94,36.19,31.33,31.78,30.66,30.5,29.31
2024-02-28 12:33:04,36092,2024-02-28 12:33:02,48E729537E2C,30.31,30.44,29.0,49.38,35.62,31.25,31.7,30.59,30.44,29.25
2024-02-28 12:36:07,36093,2024-02-28 12:36:04,48E729537E2C,30.44,30.5,29.44,49.0,34.56,31.19,31.66,30.55,30.38,29.22
2024-02-28 12:39:04,36094,2024-02-28 12:39:02,48E729537E2C,30.06,30.62,29.31,49.5,33.5,31.12,31.61,30.48,30.31,29.17
2024-02-28 12:42:07,36095,2024-02-28 12:42:05,48E729537E2C,30.25,30.31,29.0,49.69,34.06,31.08,31.53,30.39,30.28,29.12
2024-02-28 12:45:04,36096,2024-02-28 12:45:02,48E729537E2C,30.0,30.06,28.75,49.19,32.69,30.98,31.48,30.38,30.25,29.05
2024-02-28 12:48:01,36097,2024-02-28 12:48:00,48E729537E2C,30.06,30.19,29.25,49.06,29.75,30.94,31.42,30.31,30.25,29.0
2024-02-28 12:54:01,36099,2024-02-28 12:54:01,48E729537E2C,30.0,30.19,29.0,47.25,31.5,30.81,31.3,30.25,30.12,28.86
2024-02-28 13:00:02,36101,2024-02-28 13:00:03,48E729537E2C,29.69,30.81,29.44,48.25,33.12,30.67,31.19,30.12,29.97,28.72
2024-02-28 13:03:00,36102,2024-02-28 13:03:00,48E729537E2C,29.69,29.44,28.69,47.38,30.31,30.58,31.09,30.06,29.92,28.67
2024-02-28 13:06:02,36103,2024-02-28 13:06:03,48E729537E2C,29.19,29.19,28.56,47.19,30.75,30.48,31.0,30.0,29.81,28.58
2024-02-28 13:08:59,36104,2024-02-28 13:09:01,48E729537E2C,29.12,29.12,28.5,47.0,31.12,30.38,30.91,29.91,29.77,28.5
2024-02-28 13:12:02,36105,2024-02-28 13:12:04,48E729537E2C,29.25,29.25,28.62,46.69,30.81,30.31,30.81,29.81,29.69,28.44
2024-02-28 13:14:59,36106,2024-02-28 13:15:02,48E729537E2C,28.75,29.44,28.44,47.31,31.44,30.25,30.72,29.75,29.58,28.36
2024-02-28 13:17:57,36107,2024-02-28 13:18:00,48E729537E2C,29.06,29.12,28.44,46.5,32.12,30.23,30.64,29.62,29.5,28.27
2024-02-28 13:20:59,36108,2024-02-28 13:21:03,48E729537E2C,28.69,29.0,28.25,46.62,32.0,30.12,30.58,29.58,29.44,28.2
2024-02-28 13:23:56,36109,2024-02-28 13:24:01,48E729537E2C,28.88,28.88,28.5,47.0,31.19,30.05,30.48,29.5,29.36,28.12
2024-02-28 13:26:59,36110,2024-02-28 13:27:04,48E729537E2C,28.12,28.69,28.19,45.62,31.0,29.98,30.42,29.42,29.3,28.06
2024-02-28 13:29:56,36111,2024-02-28 13:30:02,48E729537E2C,29.56,29.81,27.62,48.12,30.88,29.91,30.33,29.36,29.19,27.98
2024-02-28 13:32:54,36112,2024-02-28 13:33:01,48E729537E2C,28.25,28.19,27.81,48.31,32.81,29.83,30.25,29.27,29.14,27.92
2024-02-28 13:38:53,36114,2024-02-28 13:39:03,48E729537E2C,27.69,27.75,27.12,50.06,34.0,29.69,30.19,29.14,29.0,27.81
2024-02-28 13:41:51,36115,2024-02-28 13:42:01,48E729537E2C,27.81,27.69,27.06,47.31,36.25,29.59,30.11,29.06,28.94,27.77
2024-02-28 13:44:48,36116,2024-02-28 13:45:00,48E729537E2C,27.56,27.44,26.88,48.56,36.06,29.5,30.0,28.98,28.86,27.69
2024-02-28 13:47:51,36117,2024-02-28 13:48:04,48E729537E2C,27.5,27.06,27.06,49.25,34.88,29.42,29.94,28.92,28.73,27.59
2024-02-28 13:50:48,36118,2024-02-28 13:51:03,48E729537E2C,27.25,27.25,26.94,48.88,35.19,29.38,29.86,28.8,28.62,27.52
2024-02-28 13:53:45,36119,2024-02-28 13:54:02,48E729537E2C,27.31,27.19,26.62,47.12,35.75,29.27,29.77,28.69,28.56,27.42
2024-02-28 13:54:02,36120,2024-02-28 13:54:02,48E729537E2C,27.19,27.19,26.69,47.12,37.31,29.25,29.77,28.7,28.56,27.39
2024-02-28 13:57:00,36121,2024-02-28 13:57:00,48E729537E2C,27.12,26.88,26.94,47.75,34.38,29.19,29.69,28.62,28.47,27.33
2024-02-28 14:00:02,36122,2024-02-28 14:00:03,48E729537E2C,26.94,27.0,26.62,46.69,36.25,29.09,29.61,28.53,28.39,27.25
2024-02-28 14:03:00,36123,2024-02-28 14:03:00,48E729537E2C,27.0,26.88,26.31,42.94,34.0,29.02,29.53,28.47,28.31,27.16
2024-02-28 14:06:02,36124,2024-02-28 14:06:03,48E729537E2C,26.81,26.69,26.75,45.94,35.25,28.94,29.45,28.38,28.22,27.08
2024-02-28 14:08:59,36125,2024-02-28 14:09:01,48E729537E2C,26.75,26.62,26.69,47.44,33.25,28.84,29.36,28.3,28.17,27.03
2024-02-28 14:12:02,36126,2024-02-28 14:12:04,48E729537E2C,26.75,26.62,26.44,46.12,36.69,28.77,29.3,28.25,28.09,26.94
2024-02-28 14:14:59,36127,2024-02-28 14:15:02,48E729537E2C,26.56,26.44,26.5,45.5,35.12,28.69,29.25,28.19,28.03,26.91
2024-02-28 14:17:57,36128,2024-02-28 14:18:00,48E729537E2C,26.56,26.38,26.44,46.81,34.5,28.66,29.19,28.09,27.98,26.84
2024-02-28 14:20:59,36129,2024-02-28 14:21:03,48E729537E2C,26.62,26.31,26.25,47.19,36.75,28.59,29.11,28.08,27.94,26.75
2024-02-28 14:23:56,36130,2024-02-28 14:24:02,48E729537E2C,26.31,26.31,26.19,44.69,36.0,28.56,29.09,28.02,27.89,26.72
2024-02-28 14:26:54,36131,2024-02-28 14:27:00,48E729537E2C,26.44,26.25,26.5,44.5,33.81,28.5,29.06,28.0,27.84,26.69
2024-02-28 14:29:56,36132,2024-02-28 14:30:03,48E729537E2C,26.38,26.5,26.38,45.69,37.56,28.47,29.0,27.95,27.81,26.64
2024-02-28 14:32:54,36133,2024-02-28 14:33:01,48E729537E2C,26.31,26.38,26.25,46.31,38.0,28.44,28.97,27.94,27.81,26.62
2024-02-28 14:35:51,36134,2024-02-28 14:36:00,48E729537E2C,26.31,26.12,26.44,45.38,34.62,28.41,28.94,27.88,27.81,26.58
2024-02-28 14:38:53,36135,2024-02-28 14:39:03,48E729537E2C,26.25,26.31,26.38,46.12,35.0,28.38,28.89,27.84,27.77,26.56
2024-02-28 14:41:51,36136,2024-02-28 14:42:02,48E729537E2C,26.12,26.38,26.25,47.0,35.12,28.36,28.89,27.81,27.75,26.52
2024-02-28 14:44:48,36137,2024-02-28 14:45:00,48E729537E2C,25.94,26.25,26.12,44.5,34.56,28.33,28.88,27.81,27.75,26.5
2024-02-28 14:47:51,36138,2024-02-28 14:48:04,48E729537E2C,26.25,26.31,26.31,45.06,36.69,28.3,28.83,27.81,27.7,26.5
2024-02-28 14:50:48,36139,2024-02-28 14:51:02,48E729537E2C,26.25,26.44,26.38,45.25,34.56,28.3,28.77,27.81,27.7,26.47
2024-02-28 14:51:05,36140,2024-02-28 14:51:04,48E729537E2C,26.25,26.25,26.31,44.62,33.56,28.31,28.81,27.81,27.69,26.47
2024-02-28 14:54:02,36141,2024-02-28 14:54:02,48E729537E2C,26.25,26.06,26.25,44.12,34.06,28.3,28.8,27.81,27.69,26.47
2024-02-28 14:57:05,36142,2024-02-28 14:57:04,48E729537E2C,26.25,26.25,26.25,44.88,35.19,28.3,28.77,27.81,27.67,26.45
2024-02-28 15:00:02,36143,2024-02-28 15:00:02,48E729537E2C,26.31,26.31,26.31,44.94,33.12,28.27,28.8,27.81,27.69,26.47
2024-02-28 15:03:05,36144,2024-02-28 15:03:04,48E729537E2C,26.25,26.19,26.38,45.0,36.31,28.28,28.75,27.81,27.69,26.47
2024-02-28 15:06:02,36145,2024-02-28 15:06:02,48E729537E2C,26.5,26.31,26.12,46.56,36.69,28.27,28.75,27.8,27.69,26.47
2024-02-28 15:09:04,36146,2024-02-28 15:09:04,48E729537E2C,26.25,26.25,26.19,44.81,33.44,28.25,28.75,27.8,27.69,26.47
2024-02-28 15:12:02,36147,2024-02-28 15:12:02,48E729537E2C,26.25,26.25,26.31,45.56,34.94,28.23,28.77,27.8,27.67,26.44
2024-02-28 15:15:04,36148,2024-02-28 15:15:04,48E729537E2C,26.31,26.19,26.25,45.44,37.38,28.25,28.75,27.78,27.66,26.44
2024-02-28 15:18:02,36149,2024-02-28 15:18:02,48E729537E2C,26.25,26.19,26.38,44.06,33.31,28.23,28.72,27.77,27.64,26.44
2024-02-28 15:21:04,36150,2024-02-28 15:21:05,48E729537E2C,26.19,26.25,26.31,44.19,34.19,28.23,28.73,27.78,27.62,26.44
2024-02-28 15:24:01,36151,2024-02-28 15:24:02,48E729537E2C,26.44,26.19,26.25,44.69,35.0,28.25,28.72,27.77,27.64,26.42
2024-02-28 15:27:04,36152,2024-02-28 15:27:05,48E729537E2C,26.25,25.88,26.19,44.88,34.19,28.2,28.69,27.75,27.62,26.41
2024-02-28 15:30:01,36153,2024-02-28 15:30:02,48E729537E2C,26.06,25.94,26.44,45.19,36.25,28.22,28.7,27.75,27.62,26.44
2024-02-28 15:32:59,36154,2024-02-28 15:33:00,48E729537E2C,26.06,25.94,26.06,44.62,32.5,28.19,28.67,27.73,27.62,26.39
2024-02-28 15:36:01,36155,2024-02-28 15:36:02,48E729537E2C,26.06,25.94,26.12,44.88,35.44,28.19,28.67,27.75,27.58,26.38
2024-02-28 15:38:58,36156,2024-02-28 15:39:00,48E729537E2C,26.25,25.81,26.25,45.88,37.75,28.17,28.67,27.7,27.58,26.36
2024-02-28 15:42:01,36157,2024-02-28 15:42:03,48E729537E2C,26.0,25.94,26.25,44.5,34.5,28.19,28.62,27.69,27.53,26.36
2024-02-28 15:44:58,36158,2024-02-28 15:45:00,48E729537E2C,26.25,25.94,26.12,45.19,35.25,28.16,28.66,27.69,27.53,26.36
2024-02-28 15:48:01,36159,2024-02-28 15:48:03,48E729537E2C,26.12,26.0,26.19,45.81,36.25,28.14,28.62,27.69,27.53,26.33
2024-02-28 15:51:05,36160,2024-02-28 15:51:04,48E729537E2C,26.19,25.94,26.25,46.0,36.06,28.14,28.62,27.67,27.52,26.33
2024-02-28 15:54:02,36161,2024-02-28 15:54:01,48E729537E2C,26.19,26.0,26.25,45.38,35.62,28.12,28.61,27.64,27.5,26.31
2024-02-28 15:57:04,36162,2024-02-28 15:57:04,48E729537E2C,26.12,26.0,26.25,45.06,34.62,28.11,28.58,27.64,27.5,26.3
2024-02-28 16:00:02,36163,2024-02-28 16:00:01,48E729537E2C,26.12,25.94,26.19,45.44,37.38,28.11,28.58,27.61,27.48,26.28
2024-02-28 16:03:04,36164,2024-02-28 16:03:04,48E729537E2C,26.19,25.88,26.19,44.94,33.94,28.08,28.55,27.61,27.47,26.28
2024-02-28 16:06:01,36165,2024-02-28 16:06:02,48E729537E2C,25.88,25.69,26.44,46.38,33.38,28.06,28.56,27.58,27.44,26.25
2024-02-28 16:09:04,36166,2024-02-28 16:09:04,48E729537E2C,26.0,25.75,26.19,44.56,35.62,28.05,28.55,27.59,27.44,26.25
2024-02-28 16:12:01,36167,2024-02-28 16:12:02,48E729537E2C,26.0,26.06,26.0,45.69,36.94,28.06,28.5,27.61,27.44,26.25
2024-02-28 16:15:04,36168,2024-02-28 16:15:04,48E729537E2C,26.0,25.81,26.19,46.38,34.62,28.06,28.5,27.56,27.42,26.25
2024-02-28 16:18:01,36169,2024-02-28 16:18:02,48E729537E2C,25.75,26.06,26.0,45.62,36.12,28.05,28.5,27.56,27.41,26.2
2024-02-28 16:21:04,36170,2024-02-28 16:21:05,48E729537E2C,26.0,25.88,25.88,44.12,34.19,28.02,28.48,27.56,27.38,26.2
2024-02-28 16:24:01,36171,2024-02-28 16:24:02,48E729537E2C,26.0,25.81,25.81,45.0,37.31,28.02,28.5,27.52,27.38,26.2
2024-02-28 16:27:03,36172,2024-02-28 16:27:05,48E729537E2C,25.88,25.75,25.88,45.25,35.69,28.0,28.5,27.55,27.38,26.19
2024-02-28 16:30:01,36173,2024-02-28 16:30:02,48E729537E2C,26.06,25.75,26.0,46.62,36.69,28.0,28.47,27.5,27.38,26.19
2024-02-28 16:32:58,36174,2024-02-28 16:33:00,48E729537E2C,25.69,26.0,26.19,43.94,34.62,28.0,28.45,27.5,27.36,26.19
2024-02-28 16:36:01,36175,2024-02-28 16:36:02,48E729537E2C,25.94,25.88,25.88,45.81,36.19,27.95,28.44,27.45,27.31,26.17
2024-02-28 16:38:58,36176,2024-02-28 16:39:00,48E729537E2C,25.81,25.69,26.0,46.81,36.44,27.97,28.44,27.48,27.33,26.16
2024-02-28 16:42:00,36177,2024-02-28 16:42:03,48E729537E2C,25.94,25.88,25.88,44.56,32.0,27.94,28.44,27.42,27.31,26.14
2024-02-28 16:44:58,36178,2024-02-28 16:45:00,48E729537E2C,25.75,25.88,25.94,45.38,35.81,27.89,28.44,27.42,27.31,26.12
2024-02-28 16:48:00,36179,2024-02-28 16:48:03,48E729537E2C,25.69,25.88,26.25,47.75,34.12,27.91,28.39,27.41,27.3,26.12
2024-02-28 16:51:04,36180,2024-02-28 16:51:04,48E729537E2C,26.12,26.75,26.62,47.38,35.31,27.94,28.41,27.42,27.28,26.11
2024-02-28 16:54:01,36181,2024-02-28 16:54:01,48E729537E2C,25.94,26.19,26.25,48.38,32.44,27.95,28.44,27.44,27.3,26.12
2024-02-28 16:57:04,36182,2024-02-28 16:57:04,48E729537E2C,26.12,26.31,26.44,48.44,34.94,28.0,28.45,27.48,27.31,26.17
2024-02-28 17:00:01,36183,2024-02-28 17:00:01,48E729537E2C,26.12,25.88,26.25,48.44,32.88,28.06,28.5,27.52,27.38,26.22
2024-02-28 17:03:04,36184,2024-02-28 17:03:04,48E729537E2C,26.12,26.06,26.56,48.75,33.25,28.09,28.52,27.59,27.44,26.25
2024-02-28 17:06:01,36185,2024-02-28 17:06:01,48E729537E2C,26.25,26.12,26.56,48.94,33.81,28.17,28.59,27.62,27.48,26.31
2024-02-28 17:09:03,36186,2024-02-28 17:09:03,48E729537E2C,26.0,26.38,26.56,49.19,34.88,28.19,28.66,27.69,27.56,26.36
2024-02-28 17:15:03,36188,2024-02-28 17:15:02,48E729537E2C,26.31,26.56,26.44,49.5,34.62,28.3,28.78,27.81,27.67,26.44
2024-02-28 17:18:06,36189,2024-02-28 17:18:04,48E729537E2C,26.25,26.62,26.75,48.94,34.56,28.31,28.8,27.81,27.72,26.5
2024-02-28 17:21:03,36190,2024-02-28 17:21:01,48E729537E2C,26.38,26.75,26.44,49.38,34.31,28.33,28.88,27.81,27.78,26.52
2024-02-28 17:24:06,36191,2024-02-28 17:24:03,48E729537E2C,26.44,26.62,26.5,49.38,33.88,28.38,28.89,27.86,27.81,26.59
2024-02-28 17:27:03,36192,2024-02-28 17:27:00,48E729537E2C,26.5,26.69,26.75,49.19,33.62,28.41,28.94,27.89,27.81,26.62
2024-02-28 17:30:05,36193,2024-02-28 17:30:02,48E729537E2C,26.31,26.75,26.56,49.81,33.12,28.44,28.94,27.94,27.81,26.62
2024-02-28 17:33:08,36194,2024-02-28 17:33:04,48E729537E2C,26.5,26.69,26.38,49.38,33.56,28.48,29.0,27.94,27.83,26.7
2024-02-28 17:36:05,36195,2024-02-28 17:36:01,48E729537E2C,26.69,27.31,26.94,48.19,33.44,28.53,29.0,27.98,27.88,26.72
2024-02-28 17:39:08,36196,2024-02-28 17:39:03,48E729537E2C,26.69,26.81,26.75,49.06,34.56,28.56,29.06,28.0,27.88,26.75
2024-02-28 17:42:05,36197,2024-02-28 17:42:00,48E729537E2C,26.62,26.88,26.75,48.69,33.5,28.56,29.09,28.03,27.89,26.75
2024-02-28 17:45:07,36198,2024-02-28 17:45:02,48E729537E2C,26.62,26.81,26.81,47.94,36.12,28.61,29.09,28.05,27.92,26.8
2024-02-28 17:48:10,36199,2024-02-28 17:48:03,48E729537E2C,26.75,27.25,26.88,49.12,37.5,28.62,29.11,28.06,27.94,26.8
2024-02-28 17:51:03,36200,2024-02-28 17:51:04,48E729537E2C,26.56,26.75,26.44,49.0,34.38,28.62,29.12,28.06,27.95,26.8
2024-02-28 17:54:01,36201,2024-02-28 17:54:01,48E729537E2C,26.75,27.19,27.19,48.75,37.12,28.62,29.14,28.06,27.95,26.83
2024-02-28 17:57:03,36202,2024-02-28 17:57:03,48E729537E2C,26.56,27.44,27.25,47.88,36.12,28.62,29.12,28.06,27.94,26.81
2024-02-28 18:00:01,36203,2024-02-28 18:00:01,48E729537E2C,26.81,27.06,26.75,48.31,36.19,28.58,29.11,28.06,27.95,26.8
2024-02-28 18:03:03,36204,2024-02-28 18:03:03,48E729537E2C,26.69,26.5,26.38,48.75,33.75,28.56,29.12,28.06,27.94,26.81
2024-02-28 18:06:00,36205,2024-02-28 18:06:01,48E729537E2C,26.75,26.56,26.62,49.38,33.62,28.59,29.12,28.06,27.94,26.81
2024-02-28 18:09:03,36206,2024-02-28 18:09:03,48E729537E2C,26.44,26.44,26.5,49.31,33.31,28.59,29.12,28.06,27.94,26.81
2024-02-28 18:12:00,36207,2024-02-28 18:12:01,48E729537E2C,26.5,26.69,26.56,49.38,32.69,28.58,29.11,28.05,27.94,26.78
2024-02-28 18:15:03,36208,2024-02-28 18:15:03,48E729537E2C,26.75,26.38,26.69,48.62,33.56,28.59,29.09,28.0,27.89,26.8
2024-02-28 18:18:00,36209,2024-02-28 18:18:01,48E729537E2C,26.5,26.62,26.56,48.38,36.88,28.53,29.06,28.0,27.88,26.75
2024-02-28 18:21:02,36210,2024-02-28 18:21:03,48E729537E2C,26.5,26.44,26.25,49.44,34.12,28.52,29.06,28.0,27.89,26.77
2024-02-28 18:24:00,36211,2024-02-28 18:24:01,48E729537E2C,26.44,26.25,26.31,49.44,33.0,28.5,29.02,27.95,27.86,26.75
2024-02-28 18:27:02,36212,2024-02-28 18:27:03,48E729537E2C,26.5,26.25,26.5,49.0,32.38,28.44,29.0,27.92,27.81,26.69
2024-02-28 18:30:00,36213,2024-02-28 18:30:01,48E729537E2C,26.25,26.31,26.38,48.94,33.44,28.38,28.94,27.89,27.81,26.67
2024-02-28 18:33:02,36214,2024-02-28 18:33:03,48E729537E2C,26.25,26.06,26.25,49.25,34.44,28.38,28.89,27.86,27.81,26.61
2024-02-28 18:35:59,36215,2024-02-28 18:36:01,48E729537E2C,26.12,26.19,26.25,49.31,33.94,28.31,28.88,27.84,27.8,26.56
2024-02-28 18:39:02,36216,2024-02-28 18:39:04,48E729537E2C,26.25,26.12,26.12,49.0,32.5,28.31,28.8,27.81,27.75,26.55
2024-02-28 18:41:59,36217,2024-02-28 18:42:01,48E729537E2C,26.25,25.88,26.19,49.06,31.94,28.25,28.75,27.81,27.7,26.52
2024-02-28 18:45:02,36218,2024-02-28 18:45:04,48E729537E2C,25.94,25.75,26.25,49.25,31.88,28.23,28.75,27.81,27.69,26.5
2024-02-28 18:47:59,36219,2024-02-28 18:48:02,48E729537E2C,26.12,26.12,26.12,48.81,32.25,28.19,28.69,27.75,27.62,26.44
2024-02-28 18:51:03,36220,2024-02-28 18:51:03,48E729537E2C,26.0,26.38,26.31,48.88,30.62,28.19,28.69,27.75,27.59,26.39
2024-02-28 18:54:00,36221,2024-02-28 18:54:01,48E729537E2C,25.94,25.75,26.12,48.75,31.31,28.16,28.62,27.69,27.56,26.38
2024-02-28 18:57:03,36222,2024-02-28 18:57:03,48E729537E2C,26.0,26.12,26.19,48.31,32.94,28.12,28.59,27.62,27.55,26.31
2024-02-28 19:00:00,36223,2024-02-28 19:00:01,48E729537E2C,26.06,25.81,26.0,48.0,33.31,28.08,28.55,27.62,27.47,26.31
2024-02-28 19:03:02,36224,2024-02-28 19:03:04,48E729537E2C,25.88,25.62,25.81,48.88,33.0,28.03,28.5,27.56,27.42,26.25
2024-02-28 19:06:00,36225,2024-02-28 19:06:02,48E729537E2C,25.94,25.69,25.94,48.94,33.75,28.0,28.47,27.53,27.38,26.19
2024-02-28 19:09:02,36226,2024-02-28 19:09:04,48E729537E2C,25.94,25.44,26.12,48.19,30.81,27.94,28.42,27.45,27.31,26.16
2024-02-28 19:11:59,36227,2024-02-28 19:12:02,48E729537E2C,25.56,25.44,26.0,48.12,31.0,27.88,28.39,27.44,27.31,26.12
2024-02-28 19:14:57,36228,2024-02-28 19:15:00,48E729537E2C,26.0,25.69,25.75,48.38,32.25,27.86,28.38,27.38,27.25,26.08
2024-02-28 19:17:59,36229,2024-02-28 19:18:03,48E729537E2C,25.75,25.19,25.75,48.38,34.12,27.84,28.31,27.33,27.23,26.06
2024-02-28 19:20:57,36230,2024-02-28 19:21:01,48E729537E2C,25.62,25.44,25.69,48.69,31.69,27.81,28.27,27.31,27.19,26.03
2024-02-28 19:23:59,36231,2024-02-28 19:24:04,48E729537E2C,25.69,25.12,25.69,48.06,32.56,27.81,28.25,27.28,27.14,25.98
2024-02-28 19:26:56,36232,2024-02-28 19:27:02,48E729537E2C,25.88,25.31,25.75,48.5,34.75,27.8,28.22,27.23,27.12,25.92
2024-02-28 19:29:54,36233,2024-02-28 19:30:00,48E729537E2C,25.56,25.12,25.38,48.19,31.0,27.75,28.19,27.19,27.05,25.89
2024-02-28 19:32:56,36234,2024-02-28 19:33:03,48E729537E2C,25.69,25.19,25.69,48.06,30.56,27.69,28.12,27.16,27.05,25.84
2024-02-28 19:35:54,36235,2024-02-28 19:36:01,48E729537E2C,25.44,25.44,25.75,47.75,33.06,27.64,28.09,27.11,27.0,25.81
2024-02-28 19:38:56,36236,2024-02-28 19:39:04,48E729537E2C,25.5,25.25,25.75,47.88,35.31,27.56,28.03,27.11,26.95,25.8
2024-02-28 19:41:53,36237,2024-02-28 19:42:02,48E729537E2C,25.5,25.19,25.56,48.25,30.38,27.56,27.98,27.05,26.92,25.75
2024-02-28 19:44:51,36238,2024-02-28 19:45:00,48E729537E2C,25.44,25.25,25.19,47.62,31.31,27.5,27.95,27.0,26.88,25.69
2024-02-28 19:47:53,36239,2024-02-28 19:48:04,48E729537E2C,25.44,25.06,25.56,47.94,32.12,27.47,27.94,26.97,26.84,25.66
2024-02-28 19:51:02,36240,2024-02-28 19:51:02,48E729537E2C,25.31,25.06,25.31,48.25,33.31,27.39,27.86,26.94,26.81,25.62
2024-02-28 19:53:59,36241,2024-02-28 19:54:00,48E729537E2C,25.25,25.06,25.5,48.12,31.81,27.36,27.83,26.88,26.75,25.58
2024-02-28 19:57:02,36242,2024-02-28 19:57:03,48E729537E2C,25.25,24.69,25.25,48.19,31.44,27.31,27.81,26.83,26.7,25.55
2024-02-28 19:59:59,36243,2024-02-28 20:00:00,48E729537E2C,25.25,25.06,25.5,48.25,31.94,27.3,27.81,26.8,26.69,25.52
2024-02-28 20:03:02,36244,2024-02-28 20:03:03,48E729537E2C,25.25,25.0,25.56,47.69,34.19,27.25,27.77,26.75,26.64,25.45
2024-02-28 20:05:59,36245,2024-02-28 20:06:01,48E729537E2C,25.0,24.69,25.06,47.69,32.06,27.22,27.75,26.75,26.61,25.42
2024-02-28 20:09:02,36246,2024-02-28 20:09:03,48E729537E2C,25.0,24.69,25.25,47.88,30.38,27.19,27.69,26.69,26.59,25.38
2024-02-28 20:11:59,36247,2024-02-28 20:12:01,48E729537E2C,25.0,24.75,25.25,48.06,36.19,27.16,27.69,26.69,26.56,25.38
2024-02-28 20:15:01,36248,2024-02-28 20:15:04,48E729537E2C,24.94,24.56,25.25,47.75,33.12,27.14,27.64,26.64,26.52,25.38
2024-02-28 20:17:59,36249,2024-02-28 20:18:02,48E729537E2C,25.0,24.81,25.31,48.06,32.88,27.12,27.64,26.62,26.5,25.38
2024-02-28 20:20:56,36250,2024-02-28 20:21:00,48E729537E2C,24.94,24.56,25.12,47.31,32.44,27.08,27.61,26.58,26.48,25.36
2024-02-28 20:23:59,36251,2024-02-28 20:24:03,48E729537E2C,24.81,24.5,25.06,47.75,30.19,27.06,27.59,26.58,26.47,25.31
2024-02-28 20:26:56,36252,2024-02-28 20:27:01,48E729537E2C,24.69,24.31,25.06,47.5,32.62,27.06,27.56,26.55,26.44,25.31
2024-02-28 20:29:58,36253,2024-02-28 20:30:04,48E729537E2C,24.81,24.19,25.12,46.94,32.56,27.03,27.55,26.5,26.38,25.25
2024-02-28 20:32:56,36254,2024-02-28 20:33:02,48E729537E2C,25.0,24.44,24.81,47.88,30.69,27.05,27.53,26.52,26.38,25.25
2024-02-28 20:35:53,36255,2024-02-28 20:36:00,48E729537E2C,24.88,24.56,25.0,48.19,31.75,27.03,27.52,26.5,26.34,25.25
2024-02-28 20:38:55,36256,2024-02-28 20:39:03,48E729537E2C,24.69,24.5,25.0,47.44,32.25,27.0,27.5,26.47,26.33,25.2
2024-02-28 20:41:53,36257,2024-02-28 20:42:01,48E729537E2C,24.81,24.25,25.0,47.56,33.06,26.95,27.45,26.42,26.31,25.22
2024-02-28 20:44:55,36258,2024-02-28 20:45:04,48E729537E2C,24.62,24.25,25.0,47.0,32.5,26.94,27.42,26.42,26.3,25.19
2024-02-28 20:47:53,36259,2024-02-28 20:48:02,48E729537E2C,24.81,24.44,24.94,47.25,30.25,26.89,27.38,26.38,26.27,25.16
2024-02-28 20:51:02,36260,2024-02-28 20:51:01,48E729537E2C,24.75,24.5,24.94,47.19,28.06,26.91,27.38,26.38,26.25,25.12
2024-02-28 20:54:04,36261,2024-02-28 20:54:04,48E729537E2C,24.62,24.25,24.94,47.62,30.94,26.88,27.34,26.38,26.23,25.12
2024-02-28 20:57:01,36262,2024-02-28 20:57:01,48E729537E2C,24.56,24.38,24.75,47.88,30.44,26.88,27.38,26.34,26.2,25.09
2024-02-28 21:00:04,36263,2024-02-28 21:00:04,48E729537E2C,24.69,24.44,24.5,47.38,29.31,26.86,27.31,26.33,26.19,25.06
2024-02-28 21:03:01,36264,2024-02-28 21:03:01,48E729537E2C,24.5,24.25,24.94,47.5,29.88,26.81,27.31,26.31,26.17,25.06
2024-02-28 21:06:04,36265,2024-02-28 21:06:04,48E729537E2C,24.75,24.5,24.88,46.94,31.81,26.81,27.31,26.31,26.17,25.06
2024-02-28 21:09:01,36266,2024-02-28 21:09:01,48E729537E2C,24.81,24.38,24.94,47.69,33.5,26.78,27.3,26.31,26.16,25.05
2024-02-28 21:12:04,36267,2024-02-28 21:12:04,48E729537E2C,24.56,24.38,24.75,47.12,34.75,26.77,27.27,26.27,26.16,25.06
2024-02-28 21:15:01,36268,2024-02-28 21:15:02,48E729537E2C,24.62,24.25,24.88,47.69,29.69,26.77,27.25,26.27,26.12,25.03
2024-02-28 21:18:03,36269,2024-02-28 21:18:04,48E729537E2C,24.62,24.38,24.75,47.5,32.38,26.75,27.25,26.25,26.12,25.0
2024-02-28 21:21:01,36270,2024-02-28 21:21:02,48E729537E2C,24.62,24.62,24.81,46.38,33.75,26.75,27.25,26.22,26.12,25.0
2024-02-28 21:24:03,36271,2024-02-28 21:24:05,48E729537E2C,24.69,24.5,24.94,47.75,31.38,26.75,27.22,26.23,26.12,25.0
2024-02-28 21:27:00,36272,2024-02-28 21:27:02,48E729537E2C,24.69,24.62,24.94,47.44,30.81,26.73,27.23,26.22,26.11,24.98
2024-02-28 21:29:58,36273,2024-02-28 21:30:00,48E729537E2C,24.75,24.56,25.0,46.69,34.75,26.75,27.25,26.22,26.09,25.0
2024-02-28 21:33:00,36274,2024-02-28 21:33:02,48E729537E2C,24.56,24.69,24.88,47.56,31.31,26.75,27.23,26.22,26.08,25.0
2024-02-28 21:35:58,36275,2024-02-28 21:36:00,48E729537E2C,24.69,24.81,25.0,47.06,29.56,26.73,27.19,26.2,26.09,24.94
2024-02-28 21:39:00,36276,2024-02-28 21:39:03,48E729537E2C,24.69,24.25,24.62,46.44,32.12,26.75,27.19,26.19,26.06,24.95
2024-02-28 21:41:57,36277,2024-02-28 21:42:00,48E729537E2C,24.62,24.56,24.75,47.12,30.94,26.75,27.2,26.19,26.06,24.98
2024-02-28 21:45:00,36278,2024-02-28 21:45:03,48E729537E2C,24.62,24.62,24.75,47.44,31.31,26.75,27.2,26.19,26.08,24.94
2024-02-28 21:47:57,36279,2024-02-28 21:48:01,48E729537E2C,24.75,24.38,25.0,47.94,31.81,26.75,27.22,26.22,26.06,25.0
2024-02-28 21:51:01,36280,2024-02-28 21:51:01,48E729537E2C,24.56,24.88,25.19,47.94,32.0,26.75,27.23,26.22,26.06,24.98
2024-02-28 21:54:04,36281,2024-02-28 21:54:04,48E729537E2C,24.62,24.62,25.06,48.19,33.62,26.78,27.25,26.25,26.12,25.0
2024-02-28 21:57:01,36282,2024-02-28 21:57:01,48E729537E2C,24.75,24.62,25.0,48.44,33.44,26.81,27.3,26.3,26.17,25.02
2024-02-28 22:00:03,36283,2024-02-28 22:00:03,48E729537E2C,24.69,24.81,25.31,48.62,34.25,26.88,27.33,26.33,26.19,25.06
2024-02-28 22:03:01,36284,2024-02-28 22:03:01,48E729537E2C,24.88,25.12,25.44,47.69,33.75,26.88,27.38,26.38,26.25,25.12
2024-02-28 22:06:03,36285,2024-02-28 22:06:03,48E729537E2C,25.0,25.12,25.44,48.38,33.62,26.97,27.42,26.44,26.3,25.19
2024-02-28 22:09:00,36286,2024-02-28 22:09:00,48E729537E2C,25.06,25.12,25.69,48.19,35.38,27.03,27.5,26.48,26.36,25.25
2024-02-28 22:12:03,36287,2024-02-28 22:12:02,48E729537E2C,25.0,25.25,25.69,48.5,33.94,27.12,27.56,26.55,26.44,25.31
2024-02-28 22:15:00,36288,2024-02-28 22:15:00,48E729537E2C,25.06,25.12,25.81,49.0,33.69,27.19,27.67,26.62,26.48,25.38
2024-02-28 22:18:03,36289,2024-02-28 22:18:02,48E729537E2C,25.44,25.44,25.75,48.88,36.19,27.28,27.75,26.69,26.61,25.41
2024-02-28 22:21:05,36290,2024-02-28 22:21:04,48E729537E2C,25.5,25.62,25.94,47.38,35.81,27.38,27.81,26.8,26.67,25.48
2024-02-28 22:24:02,36291,2024-02-28 22:24:00,48E729537E2C,25.69,25.75,26.0,49.19,35.06,27.44,27.89,26.88,26.75,25.56
2024-02-28 22:27:05,36292,2024-02-28 22:27:02,48E729537E2C,25.75,26.0,26.25,47.94,34.81,27.58,27.94,26.95,26.81,25.69
2024-02-28 22:30:08,36293,2024-02-28 22:30:04,48E729537E2C,25.94,26.0,26.12,49.06,35.12,27.69,28.05,27.06,26.94,25.77
2024-02-28 22:33:05,36294,2024-02-28 22:33:01,48E729537E2C,26.0,26.19,26.44,48.12,35.62,27.75,28.16,27.12,27.06,25.88
2024-02-28 22:36:07,36295,2024-02-28 22:36:02,48E729537E2C,26.0,26.06,26.44,48.88,34.25,27.81,28.2,27.25,27.12,25.94
2024-02-28 22:39:10,36296,2024-02-28 22:39:04,48E729537E2C,26.25,26.38,26.56,48.81,35.44,27.86,28.31,27.36,27.23,26.06
2024-02-28 22:42:07,36297,2024-02-28 22:42:00,48E729537E2C,26.25,26.31,26.5,49.38,36.06,27.95,28.42,27.45,27.31,26.19
2024-02-28 22:45:10,36298,2024-02-28 22:45:02,48E729537E2C,26.25,26.5,26.56,49.12,36.94,28.06,28.52,27.58,27.47,26.25
2024-02-28 22:48:12,36299,2024-02-28 22:48:03,48E729537E2C,26.75,26.69,26.75,49.19,36.94,28.19,28.64,27.69,27.56,26.38
2024-02-28 22:51:00,36300,2024-02-28 22:51:00,48E729537E2C,26.81,26.81,26.88,49.12,34.31,28.27,28.75,27.8,27.69,26.47
2024-02-28 22:54:03,36301,2024-02-28 22:54:03,48E729537E2C,26.94,27.0,26.94,49.81,36.56,28.42,28.88,27.83,27.77,26.58
2024-02-28 22:57:00,36302,2024-02-28 22:57:00,48E729537E2C,27.06,27.38,26.75,49.62,35.94,28.52,29.0,27.94,27.81,26.69
2024-02-28 23:00:03,36303,2024-02-28 23:00:02,48E729537E2C,27.25,27.44,27.25,48.44,35.44,28.62,29.12,28.03,27.92,26.78
2024-02-28 23:03:05,36304,2024-02-28 23:03:04,48E729537E2C,27.12,27.5,27.25,49.5,36.19,28.75,29.2,28.14,28.0,26.88
2024-02-28 23:06:02,36305,2024-02-28 23:06:01,48E729537E2C,27.5,27.56,27.19,49.75,33.88,28.88,29.31,28.19,28.11,27.0
2024-02-28 23:09:05,36306,2024-02-28 23:09:03,48E729537E2C,27.38,27.88,27.5,49.62,36.88,28.95,29.41,28.3,28.19,27.06
2024-02-28 23:12:07,36307,2024-02-28 23:12:04,48E729537E2C,27.44,27.69,27.44,49.19,35.44,29.05,29.5,28.39,28.28,27.16
2024-02-28 23:15:05,36308,2024-02-28 23:15:01,48E729537E2C,27.69,27.69,27.5,50.06,33.75,29.12,29.56,28.45,28.38,27.22
2024-02-28 23:18:07,36309,2024-02-28 23:18:02,48E729537E2C,27.75,27.62,27.69,49.94,33.19,29.19,29.62,28.55,28.44,27.3
2024-02-28 23:21:10,36310,2024-02-28 23:21:04,48E729537E2C,27.5,27.75,27.44,50.06,36.0,29.25,29.69,28.61,28.5,27.34
2024-02-28 23:24:07,36311,2024-02-28 23:24:00,48E729537E2C,27.62,27.81,27.44,50.0,33.44,29.28,29.73,28.62,28.5,27.38
2024-02-28 23:27:10,36312,2024-02-28 23:27:02,48E729537E2C,27.88,28.0,27.56,49.56,33.12,29.34,29.77,28.69,28.55,27.41
2024-02-28 23:30:12,36313,2024-02-28 23:30:03,48E729537E2C,27.81,28.0,27.5,49.75,34.56,29.33,29.78,28.7,28.58,27.45
2024-02-28 23:33:15,36314,2024-02-28 23:33:05,48E729537E2C,27.94,28.06,27.62,49.81,34.81,29.38,29.84,28.73,28.62,27.5
2024-02-28 23:36:12,36315,2024-02-28 23:36:01,48E729537E2C,27.88,28.19,27.75,49.62,33.31,29.42,29.88,28.77,28.67,27.56
2024-02-28 23:39:14,36316,2024-02-28 23:39:02,48E729537E2C,28.06,28.12,27.62,50.0,36.88,29.45,29.88,28.81,28.7,27.59
2024-02-28 23:42:17,36317,2024-02-28 23:42:03,48E729537E2C,28.12,28.38,27.69,49.88,33.38,29.5,29.94,28.86,28.73,27.62
2024-02-28 23:45:19,36318,2024-02-28 23:45:05,48E729537E2C,28.0,28.0,27.88,50.06,36.88,29.52,29.97,28.92,28.81,27.64
2024-02-28 23:48:17,36319,2024-02-28 23:48:01,48E729537E2C,28.19,28.31,27.88,50.0,35.31,29.56,30.0,28.94,28.83,27.69
2024-02-28 23:51:05,36320,2024-02-28 23:51:04,48E729537E2C,28.25,28.38,28.0,49.88,36.69,29.59,30.05,28.98,28.88,27.7
2024-02-28 23:54:02,36321,2024-02-28 23:54:02,48E729537E2C,28.0,28.12,27.81,50.31,35.81,29.59,30.08,29.03,28.91,27.77
2024-02-28 23:57:05,36322,2024-02-28 23:57:04,48E729537E2C,28.19,28.19,27.75,50.31,34.88,29.66,30.09,29.06,28.94,27.81
2024-02-29 00:00:02,36323,2024-02-29 00:00:01,48E729537E2C,28.19,28.31,27.88,50.62,36.44,29.66,30.11,29.06,28.95,27.81
2024-02-29 00:03:04,36324,2024-02-29 00:03:04,48E729537E2C,28.19,28.38,28.0,49.06,38.12,29.64,30.14,29.08,28.95,27.81
2024-02-29 00:06:02,36325,2024-02-29 00:06:01,48E729537E2C,28.0,28.06,27.81,50.12,36.69,29.66,30.16,29.06,28.97,27.81
2024-02-29 00:09:04,36326,2024-02-29 00:09:04,48E729537E2C,27.88,28.0,27.69,49.12,35.88,29.62,30.12,29.08,28.97,27.81
2024-02-29 00:12:02,36327,2024-02-29 00:12:01,48E729537E2C,28.12,28.12,27.62,48.25,37.62,29.62,30.11,29.06,28.94,27.78
2024-02-29 00:15:04,36328,2024-02-29 00:15:03,48E729537E2C,27.81,27.19,27.12,49.19,34.56,29.52,30.06,29.0,28.88,27.75
2024-02-29 00:18:01,36329,2024-02-29 00:18:01,48E729537E2C,26.94,26.5,26.12,47.62,32.31,29.31,29.92,28.92,28.75,27.67
2024-02-29 00:21:04,36330,2024-02-29 00:21:03,48E729537E2C,26.94,26.38,26.56,43.5,32.38,29.0,29.66,28.67,28.56,27.48
2024-02-29 00:24:01,36331,2024-02-29 00:24:01,48E729537E2C,26.88,26.44,26.69,44.81,34.31,28.67,29.42,28.44,28.34,27.23
2024-02-29 00:27:04,36332,2024-02-29 00:27:04,48E729537E2C,26.88,26.69,27.81,45.0,32.0,28.5,29.17,28.19,28.12,26.98
2024-02-29 00:30:01,36333,2024-02-29 00:30:02,48E729537E2C,26.56,26.31,26.75,44.19,33.31,28.28,28.94,27.97,27.89,26.75
2024-02-29 00:32:58,36334,2024-02-29 00:33:00,48E729537E2C,26.38,26.0,26.44,42.0,34.0,28.11,28.73,27.81,27.75,26.56
2024-02-29 00:36:01,36335,2024-02-29 00:36:04,48E729537E2C,26.94,25.88,26.12,45.0,33.88,27.94,28.56,27.69,27.56,26.39
2024-02-29 00:44:53,36338,2024-02-29 00:45:01,48E729537E2C,26.75,26.12,25.69,44.92,32.38,27.73,28.22,27.34,27.21,26.06
2024-02-29 00:47:50,36339,2024-02-29 00:48:00,48E729537E2C,26.44,26.0,25.81,44.75,32.88,27.69,28.17,27.25,27.16,26.05
2024-02-29 00:51:04,36340,2024-02-29 00:51:04,48E729537E2C,26.0,25.94,25.81,45.75,32.88,27.66,28.16,27.22,27.12,25.98
2024-02-29 00:57:04,36342,2024-02-29 00:57:05,48E729537E2C,26.19,26.0,25.81,47.5,32.58,27.66,28.12,27.19,27.1,26.0
2024-02-29 01:00:01,36343,2024-02-29 01:00:02,48E729537E2C,26.0,25.94,26.44,46.5,32.08,27.66,28.12,27.19,27.12,26.0
2024-02-29 01:03:04,36344,2024-02-29 01:03:05,48E729537E2C,25.75,26.19,26.31,46.08,32.75,27.62,28.12,27.19,27.12,25.98
2024-02-29 01:06:01,36345,2024-02-29 01:06:02,48E729537E2C,26.25,26.0,26.38,44.5,33.17,27.62,28.12,27.2,27.12,26.0
2024-02-29 01:09:04,36346,2024-02-29 01:09:05,48E729537E2C,26.06,26.12,27.25,45.83,32.94,27.61,28.12,27.19,27.12,26.0
2024-02-29 01:12:01,36347,2024-02-29 01:12:02,48E729537E2C,25.88,25.94,26.62,46.83,33.12,27.62,28.12,27.19,27.12,26.0
2024-02-29 01:18:01,36349,2024-02-29 01:18:02,48E729537E2C,26.5,25.44,26.12,nan,33.75,27.62,28.14,27.19,nan,26.0
2024-02-29 01:21:03,36350,2024-02-29 01:21:05,48E729537E2C,25.88,25.44,25.38,nan,34.81,27.56,28.09,27.19,nan,26.0
2024-02-29 01:24:01,36351,2024-02-29 01:24:02,48E729537E2C,26.0,25.62,25.31,43.33,33.94,27.52,28.06,27.12,27.06,25.94
2024-02-29 01:26:58,36352,2024-02-29 01:27:00,48E729537E2C,26.06,25.81,26.12,44.0,33.33,27.52,28.0,27.12,27.02,25.88
2024-02-29 01:30:00,36353,2024-02-29 01:30:02,48E729537E2C,25.56,25.5,25.81,nan,35.25,27.42,27.95,27.03,nan,25.83
2024-02-29 01:32:58,36354,2024-02-29 01:33:00,48E729537E2C,26.44,25.31,25.88,nan,35.5,27.34,27.89,27.0,nan,25.81
2024-02-29 01:36:00,36355,2024-02-29 01:36:03,48E729537E2C,26.19,25.38,26.0,41.88,35.25,27.33,27.86,26.94,26.88,25.75
2024-02-29 01:38:57,36356,2024-02-29 01:39:00,48E729537E2C,25.62,25.5,25.88,42.5,35.0,27.31,27.83,26.92,26.81,25.75
2024-02-29 01:42:00,36357,2024-02-29 01:42:03,48E729537E2C,26.12,25.44,25.88,nan,34.5,27.33,27.81,26.91,nan,25.69
2024-02-29 01:44:57,36358,2024-02-29 01:45:01,48E729537E2C,26.56,25.69,25.75,nan,35.0,27.31,27.81,26.89,nan,25.69
2024-02-29 01:47:59,36359,2024-02-29 01:48:04,48E729537E2C,25.62,25.56,25.94,nan,nan,27.31,27.81,26.88,nan,nan
2024-02-29 01:51:03,36360,2024-02-29 01:51:03,48E729537E2C,25.81,25.69,25.69,nan,34.75,27.31,27.81,26.88,nan,25.69
2024-02-29 01:54:00,36361,2024-02-29 01:54:00,48E729537E2C,26.12,25.62,25.94,42.75,35.25,27.33,27.81,26.88,26.81,25.69
2024-02-29 01:57:03,36362,2024-02-29 01:57:03,48E729537E2C,25.38,25.75,25.81,46.75,35.12,27.31,27.81,26.88,26.8,25.69
2024-02-29 02:00:00,36363,2024-02-29 02:00:00,48E729537E2C,25.62,25.62,25.94,46.38,34.42,27.36,27.83,26.88,26.81,25.67
2024-02-29 02:03:02,36364,2024-02-29 02:03:03,48E729537E2C,27.5,25.81,26.06,nan,33.75,27.36,27.84,26.89,nan,25.69
2024-02-29 02:06:00,36365,2024-02-29 02:06:00,48E729537E2C,24.94,25.75,26.06,nan,33.5,27.38,27.88,26.91,nan,25.69
2024-02-29 02:09:02,36366,2024-02-29 02:09:03,48E729537E2C,25.75,26.06,26.75,46.0,nan,27.39,27.84,26.89,26.84,nan
2024-02-29 02:11:59,36367,2024-02-29 02:12:00,48E729537E2C,26.88,25.94,26.88,43.25,32.83,27.42,27.89,26.94,26.81,25.71
2024-02-29 02:15:02,36368,2024-02-29 02:15:03,48E729537E2C,25.0,25.88,25.94,nan,nan,27.44,27.88,26.92,nan,nan
2024-02-29 02:17:59,36369,2024-02-29 02:18:00,48E729537E2C,26.0,25.81,26.0,nan,36.25,27.42,27.91,26.98,nan,25.75
2024-02-29 02:21:01,36370,2024-02-29 02:21:03,48E729537E2C,26.88,25.62,25.94,44.0,34.5,27.39,27.92,26.98,26.94,25.75
2024-02-29 02:23:58,36371,2024-02-29 02:24:00,48E729537E2C,25.06,25.75,26.31,43.94,35.5,27.39,27.91,26.98,26.89,25.75
2024-02-29 02:27:01,36372,2024-02-29 02:27:02,48E729537E2C,26.06,26.12,27.12,nan,33.25,27.38,27.92,27.0,nan,25.81
2024-02-29 02:29:58,36373,2024-02-29 02:30:00,48E729537E2C,26.44,26.06,26.12,44.25,nan,27.42,27.91,27.0,26.88,nan
2024-02-29 02:33:00,36374,2024-02-29 02:33:02,48E729537E2C,25.5,25.81,26.0,nan,34.0,27.36,27.89,26.98,nan,25.81
2024-02-29 02:35:58,36375,2024-02-29 02:36:00,48E729537E2C,26.0,26.06,26.0,42.62,33.75,27.38,27.88,26.98,26.91,25.81
2024-02-29 02:39:00,36376,2024-02-29 02:39:02,48E729537E2C,26.44,26.38,26.06,42.5,nan,27.41,27.89,27.0,26.88,nan
2024-02-29 02:42:02,36377,2024-02-29 02:42:05,48E729537E2C,25.88,26.12,26.06,45.0,37.0,27.44,27.92,27.0,26.94,25.75
2024-02-29 02:44:59,36378,2024-02-29 02:45:02,48E729537E2C,26.0,26.38,26.06,42.62,nan,27.42,27.95,27.02,26.91,nan
2024-02-29 02:48:02,36379,2024-02-29 02:48:04,48E729537E2C,26.56,26.5,26.31,46.5,nan,27.48,27.95,27.0,26.94,nan
2024-02-29 02:51:00,36380,2024-02-29 02:51:01,48E729537E2C,25.56,26.44,26.56,nan,nan,27.5,27.98,27.03,nan,nan
2024-02-29 02:54:03,36381,2024-02-29 02:54:03,48E729537E2C,26.25,26.38,26.5,45.88,35.0,27.5,28.0,27.06,27.0,25.88
2024-02-29 02:57:00,36382,2024-02-29 02:57:00,48E729537E2C,26.88,26.44,26.38,41.75,nan,27.56,28.0,27.08,27.0,nan
2024-02-29 03:00:02,36383,2024-02-29 03:00:03,48E729537E2C,26.5,26.5,26.44,43.75,nan,27.56,28.0,27.11,27.0,nan
2024-02-29 03:03:00,36384,2024-02-29 03:03:00,48E729537E2C,26.06,26.38,26.75,44.75,nan,27.58,28.03,27.12,27.06,nan
2024-02-29 03:06:02,36385,2024-02-29 03:06:03,48E729537E2C,26.62,26.56,26.38,46.75,35.0,27.62,28.08,27.14,27.06,25.94
2024-02-29 03:08:59,36386,2024-02-29 03:09:00,48E729537E2C,26.5,26.81,26.62,46.62,nan,27.66,28.12,27.19,27.12,nan
2024-02-29 03:12:02,36387,2024-02-29 03:12:02,48E729537E2C,26.31,26.5,26.69,nan,34.25,27.69,28.12,27.19,nan,26.0
2024-02-29 03:15:04,36388,2024-02-29 03:15:04,48E729537E2C,26.19,26.69,26.62,nan,nan,27.72,28.19,27.2,nan,nan
2024-02-29 03:18:01,36389,2024-02-29 03:18:01,48E729537E2C,27.31,26.69,26.62,45.88,nan,27.73,28.2,27.25,27.16,nan
2024-02-29 03:21:04,36390,2024-02-29 03:21:04,48E729537E2C,27.19,27.0,27.0,46.62,nan,27.81,28.25,27.25,27.19,nan
2024-02-29 03:24:01,36391,2024-02-29 03:24:01,48E729537E2C,26.12,26.81,27.0,47.69,35.62,27.81,28.27,27.31,27.22,26.12
2024-02-29 03:27:03,36392,2024-02-29 03:27:03,48E729537E2C,27.0,26.81,26.81,49.58,35.25,27.81,28.3,27.34,27.25,26.12
2024-02-29 03:30:01,36393,2024-02-29 03:30:00,48E729537E2C,26.81,26.75,26.88,49.75,35.75,27.81,28.33,27.39,27.29,26.12
2024-02-29 03:33:03,36394,2024-02-29 03:33:02,48E729537E2C,26.38,27.06,27.38,47.75,nan,27.86,28.36,27.44,27.31,nan
2024-02-29 03:36:05,36395,2024-02-29 03:36:04,48E729537E2C,26.75,27.0,27.19,47.62,37.38,27.88,28.39,27.45,27.34,26.22
2024-02-29 03:39:02,36396,2024-02-29 03:39:01,48E729537E2C,27.69,26.75,27.5,nan,37.25,27.91,28.44,27.47,nan,26.25
2024-02-29 03:42:05,36397,2024-02-29 03:42:03,48E729537E2C,26.31,27.06,27.62,48.25,36.88,27.94,28.44,27.55,27.44,26.25
2024-02-29 03:45:02,36398,2024-02-29 03:45:00,48E729537E2C,26.81,27.44,27.44,49.42,36.92,27.98,28.5,27.56,27.5,26.29
2024-02-29 03:48:05,36399,2024-02-29 03:48:02,48E729537E2C,27.44,26.94,27.56,nan,37.25,28.0,28.52,27.59,nan,26.38
2024-02-29 03:51:03,36400,2024-02-29 03:51:03,48E729537E2C,26.69,26.94,27.5,49.5,36.75,28.03,28.56,27.62,27.56,26.36
2024-02-29 03:54:00,36401,2024-02-29 03:54:00,48E729537E2C,27.06,26.94,27.5,49.83,36.94,28.06,28.62,27.69,27.56,26.42
2024-02-29 03:57:03,36402,2024-02-29 03:57:02,48E729537E2C,27.38,27.25,27.75,50.0,38.5,28.12,28.62,27.7,27.62,26.44
2024-02-29 04:00:00,36403,2024-02-29 04:00:00,48E729537E2C,27.44,27.12,27.31,nan,38.58,28.16,28.69,27.75,nan,26.48
2024-02-29 04:03:03,36404,2024-02-29 04:03:02,48E729537E2C,26.69,26.88,27.44,50.75,38.0,28.19,28.72,27.77,27.72,26.52
2024-02-29 04:06:05,36405,2024-02-29 04:06:04,48E729537E2C,27.19,26.94,27.5,51.5,37.17,28.22,28.75,27.81,27.75,26.56
2024-02-29 04:12:05,36407,2024-02-29 04:12:04,48E729537E2C,27.06,27.31,27.88,50.56,38.75,28.31,28.88,27.81,27.8,26.62
2024-02-29 04:15:02,36408,2024-02-29 04:15:01,48E729537E2C,27.0,27.12,27.75,49.62,39.12,28.38,28.92,27.88,27.81,26.66
2024-02-29 04:18:05,36409,2024-02-29 04:18:03,48E729537E2C,27.88,27.44,28.0,50.75,39.5,28.42,28.97,27.94,27.83,26.69
2024-02-29 04:21:02,36410,2024-02-29 04:21:00,48E729537E2C,26.75,27.38,28.31,51.38,39.88,28.44,29.0,27.97,27.86,26.75
2024-02-29 04:24:04,36411,2024-02-29 04:24:02,48E729537E2C,27.19,27.31,28.06,51.62,38.83,28.5,29.03,28.0,27.89,26.77
2024-02-29 04:27:07,36412,2024-02-29 04:27:04,48E729537E2C,27.81,27.31,28.44,51.83,39.75,28.52,29.06,28.03,27.94,26.81
2024-02-29 04:30:04,36413,2024-02-29 04:30:01,48E729537E2C,27.06,27.38,28.44,51.75,39.69,28.58,29.11,28.06,27.94,26.84
2024-02-29 04:33:07,36414,2024-02-29 04:33:03,48E729537E2C,27.38,27.44,28.62,51.25,39.81,28.61,29.14,28.09,28.0,26.88
2024-02-29 04:36:09,36415,2024-02-29 04:36:05,48E729537E2C,27.81,27.5,28.5,51.25,40.06,28.62,29.19,28.12,28.06,26.91
2024-02-29 04:39:07,36416,2024-02-29 04:39:01,48E729537E2C,27.25,27.19,28.62,50.75,39.19,28.69,29.22,28.19,28.06,26.94
2024-02-29 04:42:09,36417,2024-02-29 04:42:03,48E729537E2C,27.44,27.56,28.81,49.5,40.44,28.72,29.25,28.2,28.08,27.0
2024-02-29 04:45:06,36418,2024-02-29 04:45:00,48E729537E2C,27.94,27.62,29.0,49.88,40.56,28.72,29.27,28.23,28.12,27.0
2024-02-29 04:48:09,36419,2024-02-29 04:48:02,48E729537E2C,27.31,27.5,28.56,50.5,40.0,28.75,29.28,28.25,28.15,27.02
2024-02-29 04:51:02,36420,2024-02-29 04:51:03,48E729537E2C,27.62,27.69,28.69,51.62,39.75,28.75,29.31,28.27,28.16,27.06
2024-02-29 04:54:00,36421,2024-02-29 04:54:00,48E729537E2C,27.69,27.5,28.75,52.0,40.19,28.81,29.36,28.31,28.19,27.11
2024-02-29 04:57:02,36422,2024-02-29 04:57:03,48E729537E2C,27.5,27.69,29.19,51.58,39.81,28.88,29.38,28.34,28.23,27.11
2024-02-29 04:59:59,36423,2024-02-29 05:00:00,48E729537E2C,27.81,27.62,28.75,51.62,39.75,28.91,29.38,28.36,28.25,27.12
2024-02-29 05:03:02,36424,2024-02-29 05:03:02,48E729537E2C,28.06,27.62,29.0,50.38,40.25,28.94,29.42,28.38,28.28,27.17
2024-02-29 05:06:04,36425,2024-02-29 05:06:05,48E729537E2C,27.5,27.38,28.75,51.5,39.75,28.95,29.44,28.39,28.31,27.2
2024-02-29 05:09:02,36426,2024-02-29 05:09:02,48E729537E2C,27.44,27.44,28.75,51.94,39.69,28.98,29.48,28.44,28.34,27.2
2024-02-29 05:12:05,36427,2024-02-29 05:12:04,48E729537E2C,27.81,27.69,29.0,50.5,40.69,29.0,29.52,28.48,28.38,27.25
2024-02-29 05:15:02,36428,2024-02-29 05:15:01,48E729537E2C,27.62,27.56,28.75,50.62,40.69,29.06,29.52,28.5,28.38,27.28
2024-02-29 05:18:04,36429,2024-02-29 05:18:04,48E729537E2C,27.62,27.31,28.88,51.42,39.69,29.08,29.58,28.52,28.4,27.31
2024-02-29 05:27:02,36432,2024-02-29 05:27:00,48E729537E2C,27.56,27.44,28.56,51.5,39.12,29.17,29.64,28.59,28.47,27.38
2024-02-29 05:30:04,36433,2024-02-29 05:30:03,48E729537E2C,27.75,27.44,28.88,51.92,40.5,29.19,29.69,28.62,28.5,27.38
2024-02-29 05:33:01,36434,2024-02-29 05:33:00,48E729537E2C,27.75,27.25,29.0,51.58,39.5,29.25,29.7,28.66,28.52,27.44
2024-02-29 05:36:04,36435,2024-02-29 05:36:02,48E729537E2C,27.62,27.31,28.62,51.19,39.38,29.25,29.75,28.69,28.56,27.47
2024-02-29 05:39:06,36436,2024-02-29 05:39:04,48E729537E2C,27.69,27.44,28.94,51.56,39.75,29.31,29.78,28.7,28.58,27.47
2024-02-29 05:42:04,36437,2024-02-29 05:42:01,48E729537E2C,28.0,27.38,28.56,51.5,40.12,29.34,29.8,28.73,28.62,27.5
2024-02-29 05:45:06,36438,2024-02-29 05:45:03,48E729537E2C,27.94,27.62,28.62,51.5,39.75,29.39,29.83,28.75,28.66,27.56
2024-02-29 05:48:03,36439,2024-02-29 05:48:00,48E729537E2C,27.88,27.56,28.94,51.0,40.25,29.41,29.83,28.77,28.66,27.56
2024-02-29 05:51:02,36440,2024-02-29 05:51:02,48E729537E2C,28.12,27.88,28.88,49.44,41.0,29.44,29.86,28.81,28.69,27.56
2024-02-29 05:54:05,36441,2024-02-29 05:54:05,48E729537E2C,27.75,27.75,28.44,51.0,40.06,29.45,29.88,28.86,28.69,27.61
2024-02-29 05:57:02,36442,2024-02-29 05:57:02,48E729537E2C,27.94,27.62,28.5,50.69,40.44,29.44,29.88,28.88,28.72,27.59
2024-02-29 06:00:04,36443,2024-02-29 06:00:05,48E729537E2C,27.81,27.75,28.5,50.5,40.06,29.44,29.94,28.88,28.75,27.62
2024-02-29 06:03:02,36444,2024-02-29 06:03:02,48E729537E2C,28.06,27.75,28.94,50.81,41.38,29.47,29.94,28.88,28.73,27.62
2024-02-29 06:05:59,36445,2024-02-29 06:06:00,48E729537E2C,27.75,27.69,28.38,51.5,38.75,29.47,29.92,28.88,28.75,27.64
2024-02-29 06:09:01,36446,2024-02-29 06:09:02,48E729537E2C,27.88,27.69,28.38,50.92,40.25,29.52,29.92,28.92,28.75,27.67
2024-02-29 06:11:59,36447,2024-02-29 06:12:00,48E729537E2C,28.06,27.81,28.38,50.83,40.12,29.56,29.98,28.91,28.77,27.69
2024-02-29 06:15:01,36448,2024-02-29 06:15:02,48E729537E2C,28.12,27.44,28.0,50.75,38.75,29.55,30.0,28.97,28.81,27.73
2024-02-29 06:17:59,36449,2024-02-29 06:18:00,48E729537E2C,28.06,27.75,28.25,51.58,39.5,29.56,30.0,28.94,28.83,27.72
2024-02-29 06:21:01,36450,2024-02-29 06:21:02,48E729537E2C,28.12,27.94,28.25,51.0,39.31,29.56,30.02,28.97,28.88,27.75
2024-02-29 06:24:04,36451,2024-02-29 06:24:05,48E729537E2C,27.94,28.0,28.25,51.25,38.56,29.56,30.03,29.0,28.88,27.73
2024-02-29 06:27:01,36452,2024-02-29 06:27:02,48E729537E2C,28.0,27.81,28.31,50.67,41.25,29.58,30.02,29.03,28.9,27.77
2024-02-29 06:30:04,36453,2024-02-29 06:30:04,48E729537E2C,28.0,27.69,28.25,50.69,39.19,29.61,30.05,29.02,28.94,27.78
2024-02-29 06:33:01,36454,2024-02-29 06:33:01,48E729537E2C,28.19,27.69,28.5,51.25,38.69,29.62,30.06,29.06,28.94,27.78
2024-02-29 06:36:03,36455,2024-02-29 06:36:04,48E729537E2C,28.0,28.0,28.5,51.25,40.44,29.64,30.12,29.06,28.94,27.81
2024-02-29 06:39:01,36456,2024-02-29 06:39:01,48E729537E2C,28.12,27.88,28.44,51.0,40.06,29.66,30.09,29.06,28.94,27.81
2024-02-29 06:42:03,36457,2024-02-29 06:42:03,48E729537E2C,28.06,28.0,28.19,51.25,39.56,29.66,30.12,29.09,28.94,27.81
2024-02-29 06:45:00,36458,2024-02-29 06:45:01,48E729537E2C,28.31,27.94,28.56,51.06,39.19,29.69,30.12,29.09,29.0,27.81
2024-02-29 06:48:03,36459,2024-02-29 06:48:03,48E729537E2C,28.31,27.62,28.94,50.94,40.31,29.66,30.11,29.08,29.0,27.81
2024-02-29 06:51:02,36460,2024-02-29 06:51:02,48E729537E2C,28.38,27.31,28.5,51.5,36.88,29.66,30.12,29.08,29.0,27.81
2024-02-29 06:54:04,36461,2024-02-29 06:54:05,48E729537E2C,28.12,27.69,28.75,51.06,39.75,29.66,30.12,29.06,29.0,27.81
2024-02-29 06:57:01,36462,2024-02-29 06:57:02,48E729537E2C,28.25,27.69,28.5,51.62,39.75,29.64,30.12,29.09,29.0,27.81
2024-02-29 07:00:04,36463,2024-02-29 07:00:05,48E729537E2C,28.31,27.94,28.44,51.5,39.12,29.64,30.14,29.11,29.0,27.81
2024-02-29 07:03:01,36464,2024-02-29 07:03:02,48E729537E2C,28.31,27.62,28.81,51.94,39.0,29.69,30.14,29.11,29.0,27.83
2024-02-29 07:05:59,36465,2024-02-29 07:06:00,48E729537E2C,28.19,27.5,28.62,51.81,38.56,29.66,30.14,29.11,29.0,27.81
2024-02-29 07:09:01,36466,2024-02-29 07:09:02,48E729537E2C,28.38,27.31,28.25,52.06,38.88,29.64,30.12,29.09,29.0,27.81
2024-02-29 07:11:58,36467,2024-02-29 07:12:00,48E729537E2C,28.06,27.44,28.5,52.19,39.75,29.59,30.08,29.08,28.94,27.81
2024-02-29 07:17:58,36469,2024-02-29 07:18:00,48E729537E2C,28.19,27.5,28.25,52.06,38.88,29.5,30.0,29.0,28.89,27.75
2024-02-29 07:27:01,36472,2024-02-29 07:27:03,48E729537E2C,27.94,27.56,28.38,51.94,39.62,29.44,29.91,28.89,28.77,27.67
2024-02-29 07:29:58,36473,2024-02-29 07:30:00,48E729537E2C,28.25,27.44,28.12,52.0,38.62,29.39,29.91,28.91,28.75,27.62
2024-02-29 07:39:00,36476,2024-02-29 07:39:04,48E729537E2C,28.12,27.5,28.5,52.0,38.69,29.36,29.88,28.86,28.69,27.61
2024-02-29 07:41:58,36477,2024-02-29 07:42:01,48E729537E2C,28.44,27.69,28.19,51.94,38.81,29.38,29.88,28.83,28.7,27.58
2024-02-29 07:45:00,36478,2024-02-29 07:45:04,48E729537E2C,28.06,27.94,28.25,51.81,38.88,29.39,29.88,28.83,28.7,27.62
2024-02-29 07:47:57,36479,2024-02-29 07:48:02,48E729537E2C,28.38,27.69,28.5,51.75,38.5,29.42,29.89,28.84,28.7,27.62
2024-02-29 07:51:01,36480,2024-02-29 07:51:01,48E729537E2C,28.19,27.88,28.75,51.38,39.06,29.44,29.89,28.88,28.7,27.62
2024-02-29 07:54:04,36481,2024-02-29 07:54:04,48E729537E2C,28.38,27.88,28.12,50.12,38.56,29.44,29.91,28.88,28.73,27.62
2024-02-29 07:57:01,36482,2024-02-29 07:57:01,48E729537E2C,28.0,28.12,28.44,50.88,37.0,29.44,29.92,28.88,28.73,27.62
2024-02-29 08:00:03,36483,2024-02-29 08:00:03,48E729537E2C,28.06,27.81,29.0,51.56,38.88,29.47,29.94,28.86,28.73,27.66
2024-02-29 08:03:01,36484,2024-02-29 08:03:01,48E729537E2C,28.25,28.38,29.62,52.12,41.62,29.48,29.94,28.92,28.77,27.67
2024-02-29 08:06:03,36485,2024-02-29 08:06:03,48E729537E2C,28.38,28.0,28.88,50.75,40.06,29.5,29.94,28.94,28.78,27.69
2024-02-29 08:09:01,36486,2024-02-29 08:09:00,48E729537E2C,27.88,27.94,29.0,50.25,39.5,29.5,30.0,28.95,28.86,27.75
2024-02-29 08:12:03,36487,2024-02-29 08:12:03,48E729537E2C,28.19,27.75,28.81,50.38,35.94,29.55,30.02,29.0,28.88,27.75
2024-02-29 08:15:00,36488,2024-02-29 08:15:00,48E729537E2C,28.12,27.81,28.69,50.12,36.19,29.52,30.02,29.0,28.89,27.77
2024-02-29 08:18:03,36489,2024-02-29 08:18:03,48E729537E2C,28.5,28.25,28.69,49.81,37.88,29.55,30.04,29.0,28.89,27.81
2024-02-29 08:21:00,36490,2024-02-29 08:21:00,48E729537E2C,28.19,28.12,28.25,50.38,39.19,29.55,30.03,29.0,28.88,27.77
2024-02-29 08:24:03,36491,2024-02-29 08:24:02,48E729537E2C,28.5,27.92,28.0,50.5,37.56,29.56,30.02,29.0,28.86,27.75
2024-02-29 08:27:05,36492,2024-02-29 08:27:05,48E729537E2C,28.56,28.42,28.88,50.94,39.88,29.56,30.04,29.0,28.88,27.75
2024-02-29 08:30:03,36493,2024-02-29 08:30:02,48E729537E2C,28.56,28.08,28.25,50.38,39.75,29.55,30.0,29.0,28.86,27.72
2024-02-29 08:33:05,36494,2024-02-29 08:33:04,48E729537E2C,28.31,28.19,28.0,50.0,39.56,29.55,30.02,28.97,28.88,27.72
2024-02-29 08:36:02,36495,2024-02-29 08:36:01,48E729537E2C,28.56,28.44,28.25,50.94,38.62,29.56,30.0,28.95,28.86,27.7
2024-02-29 08:39:05,36496,2024-02-29 08:39:04,48E729537E2C,28.5,28.08,28.5,51.0,39.25,29.53,30.0,28.94,28.83,27.69
2024-02-29 08:42:02,36497,2024-02-29 08:42:01,48E729537E2C,28.69,28.25,28.62,50.94,38.88,29.56,30.0,28.95,28.78,27.69
2024-02-29 08:45:05,36498,2024-02-29 08:45:04,48E729537E2C,28.12,28.25,28.25,50.69,39.38,29.56,30.0,28.94,28.8,27.67
2024-02-29 08:48:02,36499,2024-02-29 08:48:01,48E729537E2C,28.69,28.31,27.75,50.12,40.25,29.55,30.0,28.94,28.78,27.62
2024-02-29 08:51:01,36500,2024-02-29 08:51:01,48E729537E2C,28.5,28.42,28.0,50.94,39.0,29.55,29.98,28.94,28.77,27.62
2024-02-29 08:54:03,36501,2024-02-29 08:54:03,48E729537E2C,28.5,28.12,28.19,51.06,40.19,29.5,29.98,28.94,28.75,27.64
2024-02-29 08:57:00,36502,2024-02-29 08:57:01,48E729537E2C,28.44,28.06,28.12,51.25,39.12,29.52,30.0,28.94,28.75,27.62
2024-02-29 09:00:03,36503,2024-02-29 09:00:03,48E729537E2C,28.56,28.31,28.0,50.75,39.25,29.53,29.97,28.94,28.75,27.62
2024-02-29 09:03:00,36504,2024-02-29 09:03:01,48E729537E2C,28.38,28.31,27.75,51.19,39.62,29.55,29.98,28.94,28.75,27.62
2024-02-29 09:06:03,36505,2024-02-29 09:06:03,48E729537E2C,28.25,28.12,27.88,51.62,39.19,29.56,30.0,28.94,28.77,27.62
2024-02-29 09:09:00,36506,2024-02-29 09:09:01,48E729537E2C,28.69,28.25,28.12,51.25,39.75,29.58,29.98,28.94,28.77,27.62
2024-02-29 09:12:02,36507,2024-02-29 09:12:03,48E729537E2C,28.31,28.19,28.19,51.31,39.94,29.58,30.03,28.94,28.75,27.62
2024-02-29 09:15:00,36508,2024-02-29 09:15:00,48E729537E2C,28.69,28.31,28.0,51.0,39.88,29.61,30.05,28.97,28.77,27.66
2024-02-29 09:18:02,36509,2024-02-29 09:18:03,48E729537E2C,28.62,28.25,27.94,51.31,39.88,29.62,30.06,28.94,28.83,27.66
2024-02-29 09:21:00,36510,2024-02-29 09:21:00,48E729537E2C,29.0,28.33,28.44,51.62,39.62,29.62,30.06,29.0,28.84,27.69
2024-02-29 09:24:02,36511,2024-02-29 09:24:03,48E729537E2C,28.81,28.67,28.31,51.44,39.44,29.69,30.12,29.03,28.89,27.7
2024-02-29 09:26:59,36512,2024-02-29 09:27:00,48E729537E2C,28.94,28.69,28.19,51.81,39.31,29.73,30.11,29.05,28.92,27.73
2024-02-29 09:30:02,36513,2024-02-29 09:30:02,48E729537E2C,28.94,28.69,28.19,52.38,39.25,29.75,30.19,29.09,28.95,27.75
2024-02-29 09:32:59,36514,2024-02-29 09:33:00,48E729537E2C,28.88,28.56,28.19,52.12,40.0,29.78,30.2,29.12,28.94,27.8
2024-02-29 09:36:02,36515,2024-02-29 09:36:02,48E729537E2C,29.12,28.56,28.38,51.94,39.5,29.81,30.23,29.17,29.0,27.81
2024-02-29 09:39:04,36516,2024-02-29 09:39:04,48E729537E2C,29.31,28.56,28.5,52.44,39.56,29.86,30.25,29.19,29.06,27.81
2024-02-29 09:42:01,36517,2024-02-29 09:42:01,48E729537E2C,29.38,28.58,28.62,52.75,39.19,29.91,30.25,29.23,29.08,27.81
2024-02-29 09:45:04,36518,2024-02-29 09:45:04,48E729537E2C,29.31,29.25,28.75,52.69,39.94,29.94,30.31,29.3,29.11,27.88
2024-02-29 09:48:01,36519,2024-02-29 09:48:01,48E729537E2C,29.69,29.0,28.56,52.69,38.88,30.0,30.34,29.33,29.16,27.91
2024-02-29 09:51:00,36520,2024-02-29 09:51:00,48E729537E2C,29.62,29.25,28.75,52.88,39.62,30.06,30.44,29.38,29.22,27.95
2024-02-29 09:54:02,36521,2024-02-29 09:54:02,48E729537E2C,29.88,29.12,28.81,52.75,37.44,30.14,30.48,29.44,29.3,28.0
2024-02-29 09:57:00,36522,2024-02-29 09:57:00,48E729537E2C,30.0,29.5,29.0,53.0,39.0,30.23,30.56,29.52,29.36,28.08
2024-02-29 10:00:02,36523,2024-02-29 10:00:02,48E729537E2C,30.25,29.5,28.94,52.75,39.69,30.25,30.62,29.58,29.42,28.17
2024-02-29 10:03:05,36524,2024-02-29 10:03:04,48E729537E2C,30.06,29.44,28.94,52.69,39.88,30.27,30.69,29.64,29.5,28.22
2024-02-29 10:06:02,36525,2024-02-29 10:06:01,48E729537E2C,30.06,29.75,28.81,53.06,40.38,30.3,30.7,29.69,29.52,28.23
2024-02-29 10:09:05,36526,2024-02-29 10:09:04,48E729537E2C,30.12,29.44,28.81,53.0,39.5,30.38,30.77,29.72,29.56,28.28
2024-02-29 10:12:02,36527,2024-02-29 10:12:01,48E729537E2C,30.0,29.5,28.94,53.06,39.44,30.41,30.81,29.77,29.61,28.34
2024-02-29 10:15:04,36528,2024-02-29 10:15:03,48E729537E2C,30.31,29.62,28.94,52.94,39.44,30.45,30.88,29.83,29.66,28.39
2024-02-29 10:18:02,36529,2024-02-29 10:18:00,48E729537E2C,30.12,29.25,28.75,52.62,39.25,30.44,30.91,29.86,29.69,28.39
2024-02-29 10:21:04,36530,2024-02-29 10:21:02,48E729537E2C,29.75,28.88,28.69,52.38,39.25,30.44,30.88,29.84,29.69,28.44
2024-02-29 10:24:07,36531,2024-02-29 10:24:04,48E729537E2C,29.5,28.81,28.5,52.25,39.25,30.41,30.84,29.84,29.64,28.42
2024-02-29 10:27:04,36532,2024-02-29 10:27:01,48E729537E2C,29.5,28.69,28.69,52.0,40.5,30.38,30.81,29.81,29.62,28.38
2024-02-29 10:30:06,36533,2024-02-29 10:30:03,48E729537E2C,29.25,28.83,28.5,51.88,39.81,30.31,30.79,29.75,29.58,28.31
2024-02-29 10:33:04,36534,2024-02-29 10:33:00,48E729537E2C,29.56,29.62,28.56,52.0,41.5,30.3,30.75,29.72,29.56,28.28
2024-02-29 10:36:06,36535,2024-02-29 10:36:02,48E729537E2C,29.31,29.19,28.44,51.75,39.88,30.31,30.75,29.7,29.56,28.25
2024-02-29 10:39:09,36536,2024-02-29 10:39:04,48E729537E2C,29.88,30.31,28.56,52.44,40.5,30.31,30.75,29.69,29.53,28.28
2024-02-29 10:42:06,36537,2024-02-29 10:42:01,48E729537E2C,30.06,30.75,28.75,52.56,40.38,30.31,30.75,29.75,29.56,28.3
2024-02-29 10:45:09,36538,2024-02-29 10:45:03,48E729537E2C,30.38,30.25,28.75,53.25,39.12,30.36,30.78,29.73,29.58,28.3
2024-02-29 10:48:06,36539,2024-02-29 10:48:00,48E729537E2C,30.38,30.25,28.81,53.06,39.5,30.38,30.83,29.77,29.62,28.33
2024-02-29 10:50:59,36540,2024-02-29 10:51:00,48E729537E2C,30.81,30.31,28.75,53.12,39.69,30.45,30.88,29.84,29.7,28.42
2024-02-29 10:54:02,36541,2024-02-29 10:54:02,48E729537E2C,30.81,30.69,28.69,53.19,39.94,30.52,30.94,29.94,29.78,28.5
2024-02-29 10:57:04,36542,2024-02-29 10:57:04,48E729537E2C,31.25,31.06,28.75,53.12,39.94,30.56,31.0,29.97,29.84,28.56
2024-02-29 11:00:02,36543,2024-02-29 11:00:02,48E729537E2C,31.19,30.88,29.0,53.19,40.44,30.62,31.08,30.0,29.88,28.56
2024-02-29 11:03:04,36544,2024-02-29 11:03:04,48E729537E2C,31.38,30.38,28.88,53.44,39.69,30.66,31.09,30.03,29.88,28.62
2024-02-29 11:06:01,36545,2024-02-29 11:06:01,48E729537E2C,31.0,29.81,29.12,53.06,40.06,30.69,31.12,30.06,29.91,28.62
2024-02-29 11:09:04,36546,2024-02-29 11:09:03,48E729537E2C,30.75,30.25,29.0,53.06,40.12,30.69,31.12,30.09,29.94,28.64
2024-02-29 11:12:01,36547,2024-02-29 11:12:00,48E729537E2C,31.0,29.81,28.88,52.69,40.5,30.73,31.17,30.08,29.94,28.65
2024-02-29 11:15:04,36548,2024-02-29 11:15:03,48E729537E2C,30.69,30.25,29.0,53.06,40.44,30.75,31.19,30.12,29.95,28.67
2024-02-29 11:18:01,36549,2024-02-29 11:18:00,48E729537E2C,30.75,30.06,29.0,53.0,40.38,30.78,31.19,30.12,30.0,28.69
2024-02-29 11:21:04,36550,2024-02-29 11:21:02,48E729537E2C,30.56,30.38,29.19,53.06,41.56,30.81,31.25,30.19,30.02,28.73
2024-02-29 11:24:06,36551,2024-02-29 11:24:04,48E729537E2C,30.75,30.0,29.12,52.88,41.69,30.86,31.28,30.23,30.06,28.75
2024-02-29 11:27:03,36552,2024-02-29 11:27:01,48E729537E2C,30.56,29.75,29.0,52.81,40.62,30.88,31.28,30.22,30.06,28.8
2024-02-29 11:30:06,36553,2024-02-29 11:30:03,48E729537E2C,30.19,30.06,28.94,52.81,41.19,30.84,31.3,30.23,30.06,28.77
2024-02-29 11:33:03,36554,2024-02-29 11:33:00,48E729537E2C,30.31,30.38,29.06,53.0,40.75,30.91,31.31,30.25,30.09,28.81
2024-02-29 11:36:06,36555,2024-02-29 11:36:02,48E729537E2C,30.88,30.69,29.25,53.12,41.25,30.94,31.38,30.25,30.12,28.86
2024-02-29 11:39:08,36556,2024-02-29 11:39:04,48E729537E2C,31.06,30.75,29.88,53.56,41.0,31.02,31.44,30.31,30.19,28.94
2024-02-29 11:42:06,36557,2024-02-29 11:42:01,48E729537E2C,31.25,30.94,30.0,54.06,40.88,31.12,31.5,30.38,30.25,28.98
2024-02-29 11:45:08,36558,2024-02-29 11:45:03,48E729537E2C,31.62,31.0,29.75,53.69,41.62,31.17,31.55,30.41,30.25,29.08
2024-02-29 11:48:11,36559,2024-02-29 11:48:04,48E729537E2C,31.44,31.0,29.75,53.38,41.75,31.25,31.61,30.47,30.31,29.12
2024-02-29 11:51:04,36560,2024-02-29 11:51:03,48E729537E2C,31.69,31.31,29.88,53.56,41.69,31.3,31.69,30.53,30.38,29.19
2024-02-29 11:54:01,36561,2024-02-29 11:54:00,48E729537E2C,31.81,31.06,29.75,53.75,41.38,31.39,31.77,30.62,30.48,29.3
2024-02-29 11:57:04,36562,2024-02-29 11:57:02,48E729537E2C,31.75,31.25,29.5,54.0,42.81,31.5,31.88,30.7,30.56,29.41
2024-02-29 12:00:06,36563,2024-02-29 12:00:04,48E729537E2C,32.19,31.12,29.62,53.62,41.75,31.64,32.02,30.88,30.75,29.59
2024-02-29 12:03:04,36564,2024-02-29 12:03:01,48E729537E2C,31.69,30.75,30.0,53.31,41.81,31.67,32.09,30.95,30.81,29.64
2024-02-29 12:06:06,36565,2024-02-29 12:06:03,48E729537E2C,31.62,32.12,29.94,53.81,42.12,31.62,32.08,30.92,30.81,29.62
2024-02-29 12:09:04,36566,2024-02-29 12:09:00,48E729537E2C,32.62,33.12,30.25,53.94,42.25,31.69,32.06,30.94,30.81,29.64
2024-02-29 12:12:06,36567,2024-02-29 12:12:02,48E729537E2C,33.0,33.0,30.25,54.75,44.94,31.73,32.12,31.0,30.88,29.72
2024-02-29 12:15:09,36568,2024-02-29 12:15:03,48E729537E2C,33.31,32.25,30.5,54.56,43.94,31.83,32.25,31.08,30.94,29.75
2024-02-29 12:18:06,36569,2024-02-29 12:18:01,48E729537E2C,34.69,35.5,31.25,49.75,42.25,31.88,32.27,31.12,30.94,29.75
2024-02-29 12:21:08,36570,2024-02-29 12:21:05,48E729537E2C,35.38,34.56,31.75,45.5,41.94,31.83,32.22,31.06,30.91,29.73
2024-02-29 12:24:06,36571,2024-02-29 12:24:04,48E729537E2C,34.81,34.62,32.81,44.31,39.38,31.77,32.14,31.0,30.83,29.64
2024-02-29 12:27:03,36572,2024-02-29 12:27:02,48E729537E2C,36.25,38.25,35.69,51.12,43.12,31.88,32.25,31.11,30.91,29.69
2024-02-29 12:30:06,36573,2024-02-29 12:30:04,48E729537E2C,37.25,37.56,31.75,47.75,43.19,32.0,32.41,31.23,31.0,29.77
2024-02-29 12:33:03,36574,2024-02-29 12:33:03,48E729537E2C,36.75,34.44,31.5,44.0,40.25,32.06,32.41,31.22,31.0,29.73
2024-02-29 12:36:00,36575,2024-02-29 12:36:02,48E729537E2C,37.44,40.88,33.69,42.0,39.75,31.98,32.33,31.12,30.92,29.69
2024-02-29 12:38:58,36576,2024-02-29 12:39:02,48E729537E2C,36.75,34.19,31.0,39.5,36.5,31.94,32.27,31.02,30.81,29.56
2024-02-29 12:41:55,36577,2024-02-29 12:42:01,48E729537E2C,36.0,33.75,30.81,38.25,35.56,31.75,32.09,30.92,30.73,29.44
2024-02-29 12:44:52,36578,2024-02-29 12:45:01,48E729537E2C,35.56,35.44,31.12,38.5,36.75,31.58,31.94,30.78,30.59,29.33
2024-02-29 12:47:49,36579,2024-02-29 12:48:01,48E729537E2C,35.5,33.31,30.56,37.0,34.62,31.5,31.83,30.69,30.5,29.25
2024-02-29 12:51:04,36580,2024-02-29 12:51:04,48E729537E2C,34.75,33.12,30.25,35.5,33.31,31.31,31.73,30.56,30.39,29.16
2024-02-29 12:54:01,36581,2024-02-29 12:54:01,48E729537E2C,33.88,32.31,29.75,34.44,32.25,31.17,31.58,30.44,30.3,29.06
2024-02-29 12:57:04,36582,2024-02-29 12:57:04,48E729537E2C,33.12,31.94,29.75,33.75,31.44,31.0,31.45,30.34,30.25,28.94
2024-02-29 13:00:01,36583,2024-02-29 13:00:01,48E729537E2C,31.56,30.06,28.69,39.0,33.69,30.88,31.36,30.25,30.17,28.86
2024-02-29 13:03:03,36584,2024-02-29 13:03:02,48E729537E2C,31.56,30.75,29.25,45.56,38.19,30.89,31.38,30.25,30.17,28.88
2024-02-29 13:06:06,36585,2024-02-29 13:06:02,48E729537E2C,31.81,31.44,29.38,48.94,39.75,31.02,31.47,30.31,30.25,29.0
2024-02-29 13:09:08,36586,2024-02-29 13:09:02,48E729537E2C,31.94,31.31,30.12,50.5,42.06,31.19,31.58,30.44,30.31,29.11
2024-02-29 13:12:11,36587,2024-02-29 13:12:02,48E729537E2C,32.0,31.06,30.06,51.69,40.94,31.28,31.67,30.53,30.38,29.19
2024-02-29 13:18:16,36589,2024-02-29 13:18:01,48E729537E2C,32.19,31.5,30.88,52.56,42.19,31.44,31.81,30.66,30.52,29.31
2024-02-29 13:21:18,36590,2024-02-29 13:21:01,48E729537E2C,32.25,31.62,30.56,53.44,44.12,31.48,31.88,30.75,30.61,29.41
2024-02-29 13:24:21,36591,2024-02-29 13:24:00,48E729537E2C,32.19,31.62,30.56,53.25,43.62,31.56,31.94,30.78,30.67,29.47
2024-02-29 13:27:29,36592,2024-02-29 13:27:04,48E729537E2C,32.31,31.5,30.38,53.44,43.44,31.62,32.02,30.86,30.73,29.52
2024-02-29 13:30:31,36593,2024-02-29 13:30:04,48E729537E2C,32.12,31.44,30.81,53.12,44.5,31.69,32.06,30.89,30.75,29.58
2024-02-29 13:33:34,36594,2024-02-29 13:33:03,48E729537E2C,32.12,31.12,30.56,52.94,44.56,31.7,32.09,30.95,30.8,29.62
2024-02-29 13:36:36,36595,2024-02-29 13:36:02,48E729537E2C,31.88,31.25,30.0,52.88,42.25,31.69,32.11,30.97,30.83,29.62
2024-02-29 13:39:39,36596,2024-02-29 13:39:01,48E729537E2C,31.56,30.81,30.06,52.88,44.06,31.69,32.12,31.0,30.83,29.64
2024-02-29 13:42:41,36597,2024-02-29 13:42:00,48E729537E2C,31.5,31.19,30.31,53.06,42.56,31.69,32.12,31.0,30.84,29.67
2024-02-29 13:45:49,36598,2024-02-29 13:45:05,48E729537E2C,31.5,31.12,30.44,52.44,43.06,31.69,32.11,30.98,30.83,29.66
2024-02-29 13:48:51,36599,2024-02-29 13:48:04,48E729537E2C,31.5,31.19,30.25,52.69,44.31,31.7,32.12,30.98,30.84,29.66
2024-02-29 13:51:03,36600,2024-02-29 13:51:03,48E729537E2C,31.62,31.06,30.19,52.75,43.75,31.7,32.12,30.98,30.81,29.66
2024-02-29 13:54:01,36601,2024-02-29 13:54:00,48E729537E2C,31.62,31.19,30.5,52.69,43.56,31.69,32.12,31.0,30.81,29.66
2024-02-29 13:57:03,36602,2024-02-29 13:57:03,48E729537E2C,31.69,31.44,30.44,53.12,43.31,31.73,32.14,30.98,30.83,29.67
2024-02-29 14:00:00,36603,2024-02-29 14:00:00,48E729537E2C,31.75,31.62,30.25,53.06,44.19,31.75,32.16,31.0,30.86,29.66
2024-02-29 14:03:03,36604,2024-02-29 14:03:03,48E729537E2C,31.88,31.69,30.69,53.44,44.06,31.77,32.17,31.02,30.88,29.7
2024-02-29 14:06:00,36605,2024-02-29 14:06:00,48E729537E2C,31.88,31.81,30.44,53.38,42.81,31.78,32.19,31.05,30.88,29.72
2024-02-29 14:09:03,36606,2024-02-29 14:09:02,48E729537E2C,32.5,32.62,30.25,53.44,42.44,31.77,32.19,31.05,30.89,29.73
2024-02-29 14:12:00,36607,2024-02-29 14:12:00,48E729537E2C,32.25,31.75,30.62,53.12,45.0,31.81,32.22,31.08,30.94,29.75
2024-02-29 14:15:02,36608,2024-02-29 14:15:02,48E729537E2C,32.33,31.56,30.5,53.12,42.62,31.83,32.25,31.12,30.95,29.75
2024-02-29 14:18:05,36609,2024-02-29 14:18:04,48E729537E2C,32.31,31.75,30.88,53.38,43.56,31.94,32.3,31.14,30.95,29.78
2024-02-29 14:21:02,36610,2024-02-29 14:21:02,48E729537E2C,32.25,31.81,30.75,53.5,42.69,31.94,32.31,31.17,31.0,29.8
2024-02-29 14:24:05,36611,2024-02-29 14:24:04,48E729537E2C,31.94,31.62,30.94,53.25,44.38,31.91,32.31,31.17,30.98,29.83
2024-02-29 14:27:02,36612,2024-02-29 14:27:01,48E729537E2C,32.0,31.75,31.0,53.25,42.5,31.89,32.31,31.17,31.02,29.81
2024-02-29 14:30:05,36613,2024-02-29 14:30:03,48E729537E2C,32.06,32.25,30.69,53.12,44.12,31.91,32.31,31.2,31.02,29.88
2024-02-29 14:33:02,36614,2024-02-29 14:33:01,48E729537E2C,32.19,32.0,30.81,53.62,42.69,31.94,32.36,31.23,31.03,29.84
2024-02-29 14:36:04,36615,2024-02-29 14:36:03,48E729537E2C,32.0,31.5,31.0,53.69,43.25,31.92,32.34,31.25,31.06,29.89
2024-02-29 14:39:02,36616,2024-02-29 14:39:00,48E729537E2C,32.0,31.69,30.81,53.5,43.19,31.91,32.38,31.23,31.06,29.91
2024-02-29 14:42:04,36617,2024-02-29 14:42:02,48E729537E2C,32.19,31.56,30.75,53.5,43.0,31.94,32.38,31.23,31.06,29.89
2024-02-29 14:45:07,36618,2024-02-29 14:45:05,48E729537E2C,31.94,32.0,31.12,53.44,42.06,31.94,32.36,31.25,31.08,29.89
2024-02-29 14:48:04,36619,2024-02-29 14:48:02,48E729537E2C,31.88,32.0,31.38,53.38,43.25,31.95,32.39,31.25,31.11,29.92
2024-02-29 14:51:03,36620,2024-02-29 14:51:03,48E729537E2C,32.12,31.75,31.0,53.62,42.81,31.94,32.41,31.27,31.12,29.94
2024-02-29 14:54:00,36621,2024-02-29 14:54:00,48E729537E2C,32.0,31.69,31.12,53.75,42.81,31.97,32.39,31.27,31.12,29.94
2024-02-29 14:57:02,36622,2024-02-29 14:57:03,48E729537E2C,32.0,31.88,31.38,53.44,43.5,31.97,32.41,31.27,31.12,29.94
2024-02-29 15:00:00,36623,2024-02-29 15:00:00,48E729537E2C,31.94,31.62,30.94,54.25,42.5,32.0,32.44,31.28,31.14,29.94
2024-02-29 15:03:02,36624,2024-02-29 15:03:03,48E729537E2C,31.88,31.69,30.88,54.25,43.38,31.97,32.44,31.31,31.17,29.95
2024-02-29 15:06:00,36625,2024-02-29 15:06:00,48E729537E2C,32.06,31.75,30.81,54.06,43.31,32.0,32.44,31.31,31.16,29.98
2024-02-29 15:11:59,36627,2024-02-29 15:12:00,48E729537E2C,32.0,31.62,31.0,53.75,42.06,32.0,32.44,31.31,31.19,29.97
2024-02-29 15:15:02,36628,2024-02-29 15:15:03,48E729537E2C,31.75,31.62,30.88,53.75,43.06,32.0,32.44,31.31,31.19,30.0
2024-02-29 15:17:59,36629,2024-02-29 15:18:00,48E729537E2C,31.75,31.38,30.88,53.5,43.19,32.0,32.44,31.33,31.16,29.98
2024-02-29 15:21:02,36630,2024-02-29 15:21:03,48E729537E2C,31.94,31.56,31.19,53.5,42.5,32.02,32.44,31.31,31.19,29.98
2024-02-29 15:23:59,36631,2024-02-29 15:24:00,48E729537E2C,31.75,31.69,30.94,53.38,42.94,32.0,32.44,31.33,31.19,29.98
2024-02-29 15:27:02,36632,2024-02-29 15:27:03,48E729537E2C,32.06,31.5,31.0,53.62,42.75,32.0,32.44,31.31,31.17,29.97
2024-02-29 15:29:59,36633,2024-02-29 15:30:00,48E729537E2C,31.5,31.38,31.0,53.5,42.69,32.0,32.44,31.31,31.17,29.97
2024-02-29 15:33:01,36634,2024-02-29 15:33:02,48E729537E2C,31.38,31.06,30.94,53.19,43.0,31.95,32.42,31.28,31.16,29.95
2024-02-29 15:35:59,36635,2024-02-29 15:36:00,48E729537E2C,31.31,31.12,30.83,53.12,41.69,31.94,32.39,31.29,31.16,29.94
2024-02-29 15:39:01,36636,2024-02-29 15:39:02,48E729537E2C,31.44,31.38,31.06,52.94,42.69,31.94,32.38,31.28,31.12,29.94
2024-02-29 15:41:58,36637,2024-02-29 15:42:00,48E729537E2C,31.12,31.19,31.0,52.88,42.31,31.91,32.36,31.25,31.11,29.92
2024-02-29 15:45:01,36638,2024-02-29 15:45:02,48E729537E2C,31.25,30.81,30.75,52.88,42.75,31.91,32.36,31.23,31.08,29.92
2024-02-29 15:47:58,36639,2024-02-29 15:48:00,48E729537E2C,30.94,30.69,30.69,53.0,42.75,31.88,32.34,31.25,31.06,29.88
2024-02-29 15:51:02,36640,2024-02-29 15:51:02,48E729537E2C,31.19,30.62,30.88,52.81,43.81,31.88,32.31,31.2,31.06,29.88
2024-02-29 15:53:59,36641,2024-02-29 15:54:00,48E729537E2C,31.06,30.94,30.69,52.81,42.0,31.88,32.28,31.2,31.03,29.86
2024-02-29 15:57:02,36642,2024-02-29 15:57:02,48E729537E2C,31.0,30.75,30.75,52.88,41.88,31.83,32.3,31.19,31.0,29.84
2024-02-29 15:59:59,36643,2024-02-29 16:00:00,48E729537E2C,30.94,30.88,30.44,52.75,41.94,31.81,32.25,31.16,31.0,29.81
2024-02-29 16:03:02,36644,2024-02-29 16:03:03,48E729537E2C,30.88,30.5,30.75,52.75,43.56,31.81,32.25,31.12,30.95,29.81
2024-02-29 16:05:59,36645,2024-02-29 16:06:00,48E729537E2C,31.0,30.44,30.5,52.5,41.25,31.77,32.19,31.1,30.94,29.77
2024-02-29 16:09:02,36646,2024-02-29 16:09:03,48E729537E2C,30.88,30.62,30.25,52.88,42.75,31.72,32.19,31.06,30.94,29.75
2024-02-29 16:11:59,36647,2024-02-29 16:12:00,48E729537E2C,30.75,30.81,30.19,52.69,42.38,31.7,32.16,31.05,30.89,29.75
2024-02-29 16:15:01,36648,2024-02-29 16:15:03,48E729537E2C,30.69,30.5,30.25,52.31,41.56,31.67,32.14,31.0,30.88,29.69
2024-02-29 16:17:59,36649,2024-02-29 16:18:01,48E729537E2C,31.0,30.69,30.19,51.88,42.94,31.62,32.06,30.98,30.83,29.69
2024-02-29 16:21:01,36650,2024-02-29 16:21:04,48E729537E2C,30.88,30.62,30.06,52.25,41.75,31.62,32.06,30.95,30.81,29.62
2024-02-29 16:23:58,36651,2024-02-29 16:24:01,48E729537E2C,30.69,30.31,29.81,52.44,40.88,31.59,32.0,30.92,30.75,29.62
2024-02-29 16:27:01,36652,2024-02-29 16:27:04,48E729537E2C,30.56,30.69,30.44,52.62,42.94,31.56,32.03,30.89,30.75,29.56
2024-02-29 16:29:58,36653,2024-02-29 16:30:02,48E729537E2C,30.62,30.12,30.38,52.38,43.19,31.55,32.0,30.88,30.72,29.56
2024-02-29 16:32:56,36654,2024-02-29 16:33:00,48E729537E2C,30.75,30.69,30.38,52.62,43.12,31.52,31.94,30.83,30.69,29.53
2024-02-29 16:35:58,36655,2024-02-29 16:36:03,48E729537E2C,30.69,30.62,30.0,52.0,42.12,31.48,31.89,30.8,30.64,29.48
2024-02-29 16:38:55,36656,2024-02-29 16:39:01,48E729537E2C,30.44,30.44,30.12,52.31,42.69,31.44,31.88,30.75,30.62,29.45
2024-02-29 16:41:58,36657,2024-02-29 16:42:04,48E729537E2C,30.62,30.31,30.0,51.25,42.25,31.44,31.84,30.75,30.59,29.42
2024-02-29 16:44:55,36658,2024-02-29 16:45:02,48E729537E2C,30.5,30.25,29.81,52.06,40.75,31.38,31.81,30.69,30.56,29.39
2024-02-29 16:47:52,36659,2024-02-29 16:48:00,48E729537E2C,30.56,30.62,29.69,52.5,39.69,31.34,31.77,30.69,30.53,29.36
2024-02-29 16:51:01,36660,2024-02-29 16:51:01,48E729537E2C,30.44,30.25,29.75,52.56,39.38,31.3,31.75,30.64,30.5,29.31
2024-02-29 16:54:04,36661,2024-02-29 16:54:04,48E729537E2C,30.31,30.44,29.81,52.5,39.31,31.31,31.73,30.62,30.47,29.33
2024-02-29 16:57:01,36662,2024-02-29 16:57:01,48E729537E2C,30.44,30.25,29.75,52.19,39.12,31.25,31.73,30.61,30.44,29.28
2024-02-29 17:00:04,36663,2024-02-29 17:00:04,48E729537E2C,30.19,30.12,29.62,52.25,38.75,31.25,31.67,30.56,30.44,29.28
2024-02-29 17:03:01,36664,2024-02-29 17:03:01,48E729537E2C,30.25,30.19,29.5,52.38,39.31,31.2,31.64,30.55,30.41,29.25
2024-02-29 17:06:04,36665,2024-02-29 17:06:04,48E729537E2C,30.0,29.88,29.56,52.5,40.06,31.19,31.64,30.53,30.38,29.22
2024-02-29 17:09:01,36666,2024-02-29 17:09:01,48E729537E2C,30.19,29.94,29.5,52.12,39.38,31.17,31.62,30.52,30.38,29.2
2024-02-29 17:12:03,36667,2024-02-29 17:12:04,48E729537E2C,30.12,30.06,29.62,52.0,39.62,31.12,31.59,30.5,30.34,29.17
2024-02-29 17:15:01,36668,2024-02-29 17:15:02,48E729537E2C,30.0,30.06,29.25,52.06,39.56,31.14,31.56,30.45,30.31,29.17
2024-02-29 17:18:03,36669,2024-02-29 17:18:04,48E729537E2C,30.06,29.94,29.38,52.0,39.88,31.12,31.56,30.44,30.3,29.14
2024-02-29 17:21:00,36670,2024-02-29 17:21:02,48E729537E2C,29.88,29.88,29.44,51.56,39.38,31.06,31.52,30.42,30.27,29.11
2024-02-29 17:23:58,36671,2024-02-29 17:24:00,48E729537E2C,29.94,29.94,29.38,51.75,39.62,31.02,31.5,30.38,30.25,29.11
2024-02-29 17:27:00,36672,2024-02-29 17:27:02,48E729537E2C,29.81,29.69,29.44,51.75,38.94,31.0,31.48,30.36,30.25,29.06
2024-02-29 17:29:57,36673,2024-02-29 17:30:00,48E729537E2C,29.88,29.88,29.19,51.31,39.44,30.97,31.44,30.33,30.25,29.06
2024-02-29 17:33:00,36674,2024-02-29 17:33:03,48E729537E2C,29.88,29.81,29.25,51.12,41.81,30.94,31.39,30.31,30.25,29.0
2024-02-29 17:35:57,36675,2024-02-29 17:36:01,48E729537E2C,29.81,30.12,29.5,51.5,41.75,30.92,31.39,30.27,30.2,28.95
2024-02-29 17:39:00,36676,2024-02-29 17:39:04,48E729537E2C,29.75,30.12,29.38,51.25,41.94,30.88,31.36,30.25,30.17,28.91
2024-02-29 17:41:57,36677,2024-02-29 17:42:02,48E729537E2C,29.94,30.25,29.31,51.19,42.19,30.83,31.31,30.25,30.16,28.88
2024-02-29 17:45:00,36678,2024-02-29 17:45:05,48E729537E2C,29.81,29.44,30.0,50.81,42.81,30.78,31.25,30.23,30.11,28.88
2024-02-29 17:51:01,36680,2024-02-29 17:51:01,48E729537E2C,29.62,29.38,29.5,50.75,39.75,30.69,31.19,30.19,30.03,28.8
2024-02-29 17:54:03,36681,2024-02-29 17:54:04,48E729537E2C,29.44,29.44,29.25,50.44,42.31,30.64,31.17,30.12,30.0,28.75
2024-02-29 17:57:01,36682,2024-02-29 17:57:01,48E729537E2C,29.5,29.5,29.25,50.06,41.56,30.59,31.12,30.06,29.95,28.69
2024-02-29 18:00:03,36683,2024-02-29 18:00:04,48E729537E2C,29.31,29.19,29.38,49.31,39.56,30.53,31.06,30.05,29.92,28.69
2024-02-29 18:03:00,36684,2024-02-29 18:03:02,48E729537E2C,29.06,29.19,28.75,50.69,38.19,30.48,31.0,30.0,29.84,28.62
2024-02-29 18:06:03,36685,2024-02-29 18:06:05,48E729537E2C,29.25,29.19,29.0,50.75,37.31,30.5,31.0,30.0,29.88,28.61
2024-02-29 18:09:00,36686,2024-02-29 18:09:02,48E729537E2C,29.25,29.5,29.0,50.88,39.81,30.5,31.0,30.0,29.84,28.62
2024-02-29 18:11:57,36687,2024-02-29 18:12:00,48E729537E2C,29.44,29.12,29.25,51.25,38.75,30.55,30.98,30.0,29.86,28.62
2024-02-29 18:15:00,36688,2024-02-29 18:15:03,48E729537E2C,29.0,29.38,29.19,51.25,39.0,30.5,31.0,30.0,29.88,28.62
2024-02-29 18:17:57,36689,2024-02-29 18:18:00,48E729537E2C,29.31,29.19,29.25,51.19,38.88,30.5,31.0,30.0,29.88,28.62
2024-02-29 18:21:00,36690,2024-02-29 18:21:03,48E729537E2C,29.25,29.31,29.19,51.31,37.94,30.55,31.0,30.0,29.88,28.62
2024-02-29 18:23:57,36691,2024-02-29 18:24:01,48E729537E2C,29.44,29.19,29.0,51.38,37.81,30.55,31.0,30.0,29.88,28.62
2024-02-29 18:27:00,36692,2024-02-29 18:27:03,48E729537E2C,29.12,29.19,29.0,50.62,40.44,30.55,31.0,30.02,29.88,28.64
2024-02-29 18:29:57,36693,2024-02-29 18:30:01,48E729537E2C,29.06,29.19,29.12,50.81,39.5,30.55,31.0,30.0,29.88,28.62
2024-02-29 18:32:59,36694,2024-02-29 18:33:04,48E729537E2C,29.31,29.19,28.94,51.25,38.94,30.53,31.03,30.0,29.91,28.62
2024-02-29 18:35:57,36695,2024-02-29 18:36:01,48E729537E2C,29.25,29.19,29.06,51.06,39.56,30.55,31.0,30.0,29.91,28.64
2024-02-29 18:38:59,36696,2024-02-29 18:39:04,48E729537E2C,29.25,29.12,28.88,51.25,38.81,30.55,31.0,30.0,29.91,28.67
2024-02-29 18:41:56,36697,2024-02-29 18:42:02,48E729537E2C,29.25,29.25,29.0,51.19,39.19,30.56,31.02,30.02,29.88,28.64
2024-02-29 18:44:59,36698,2024-02-29 18:45:05,48E729537E2C,29.06,29.12,29.0,50.69,40.38,30.56,31.0,30.02,29.88,28.66
2024-02-29 18:47:56,36699,2024-02-29 18:48:02,48E729537E2C,29.31,29.19,28.75,51.06,38.75,30.56,31.02,30.03,29.88,28.64
2024-02-29 18:51:00,36700,2024-02-29 18:51:00,48E729537E2C,29.25,28.94,28.81,51.25,38.19,30.56,31.03,30.02,29.88,28.64
2024-02-29 18:54:03,36701,2024-02-29 18:54:03,48E729537E2C,29.0,29.12,29.0,51.31,39.56,30.56,31.0,30.02,29.88,28.64
2024-02-29 18:57:00,36702,2024-02-29 18:57:00,48E729537E2C,29.25,29.0,29.0,51.38,38.38,30.56,31.0,30.02,29.88,28.64
2024-02-29 19:00:03,36703,2024-02-29 19:00:03,48E729537E2C,29.06,28.94,29.06,51.31,38.56,30.56,31.0,30.0,29.88,28.64
2024-02-29 19:03:00,36704,2024-02-29 19:03:00,48E729537E2C,29.25,29.0,29.0,51.5,38.75,30.56,31.03,30.02,29.88,28.66
2024-02-29 19:06:02,36705,2024-02-29 19:06:03,48E729537E2C,29.25,28.94,29.0,51.19,39.88,30.56,31.0,30.03,29.89,28.62
2024-02-29 19:08:59,36706,2024-02-29 19:09:00,48E729537E2C,29.19,28.94,29.0,51.5,38.31,30.56,31.0,30.0,29.91,28.62
2024-02-29 19:12:02,36707,2024-02-29 19:12:03,48E729537E2C,29.06,29.0,28.88,51.5,38.56,30.55,31.05,30.0,29.88,28.62
2024-02-29 19:14:59,36708,2024-02-29 19:15:00,48E729537E2C,29.25,29.0,29.0,51.31,38.5,30.56,31.03,30.03,29.88,28.64
2024-02-29 19:18:02,36709,2024-02-29 19:18:03,48E729537E2C,29.06,28.94,29.0,51.25,37.38,30.55,31.02,30.02,29.88,28.62
2024-02-29 19:20:59,36710,2024-02-29 19:21:00,48E729537E2C,29.19,28.94,29.0,51.38,37.19,30.55,31.02,30.0,29.88,28.62
2024-02-29 19:26:59,36712,2024-02-29 19:27:00,48E729537E2C,29.0,29.19,29.0,51.25,39.06,30.55,31.0,30.0,29.88,28.62
2024-02-29 19:30:02,36713,2024-02-29 19:30:03,48E729537E2C,29.0,29.0,28.75,51.44,38.44,30.52,30.98,30.0,29.86,28.59
2024-02-29 19:32:59,36714,2024-02-29 19:33:00,48E729537E2C,29.0,29.06,29.0,51.5,39.06,30.5,31.0,30.0,29.84,28.59
2024-02-29 19:36:01,36715,2024-02-29 19:36:03,48E729537E2C,29.06,28.88,28.75,51.38,38.62,30.53,31.0,29.98,29.86,28.61
2024-02-29 19:38:58,36716,2024-02-29 19:39:01,48E729537E2C,29.0,28.94,29.0,51.19,38.69,30.48,30.97,30.0,29.86,28.58
2024-02-29 19:42:01,36717,2024-02-29 19:42:03,48E729537E2C,28.94,29.0,28.81,51.44,37.75,30.5,30.98,29.97,29.84,28.56
2024-02-29 19:44:58,36718,2024-02-29 19:45:01,48E729537E2C,28.94,28.94,28.94,51.0,40.0,30.5,30.94,29.97,29.81,28.58
2024-02-29 19:48:01,36719,2024-02-29 19:48:03,48E729537E2C,29.0,28.81,28.88,51.25,38.06,30.48,30.94,29.95,29.81,28.56
2024-02-29 19:50:59,36720,2024-02-29 19:51:00,48E729537E2C,28.88,28.81,28.94,51.31,38.88,30.47,30.94,29.94,29.81,28.56
2024-02-29 19:54:02,36721,2024-02-29 19:54:02,48E729537E2C,29.0,28.88,29.0,51.25,37.69,30.45,30.91,29.94,29.81,28.56
2024-02-29 19:56:59,36722,2024-02-29 19:57:00,48E729537E2C,28.88,28.94,29.0,51.06,38.81,30.47,30.92,29.92,29.8,28.53
2024-02-29 20:00:02,36723,2024-02-29 20:00:02,48E729537E2C,28.88,28.75,28.75,51.31,37.62,30.45,30.94,29.94,29.78,28.55
2024-02-29 20:02:59,36724,2024-02-29 20:03:00,48E729537E2C,28.81,28.75,29.0,51.5,38.62,30.44,30.92,29.94,29.78,28.55
2024-02-29 20:06:02,36725,2024-02-29 20:06:02,48E729537E2C,28.81,28.69,29.06,51.06,39.31,30.45,30.91,29.89,29.8,28.53
2024-02-29 20:08:59,36726,2024-02-29 20:09:00,48E729537E2C,28.94,28.75,28.75,51.06,38.44,30.42,30.91,29.91,29.75,28.55
2024-02-29 20:12:01,36727,2024-02-29 20:12:02,48E729537E2C,28.75,28.94,29.0,51.25,38.69,30.41,30.92,29.91,29.75,28.53
2024-02-29 20:14:59,36728,2024-02-29 20:15:00,48E729537E2C,28.69,28.69,28.75,51.19,37.75,30.42,30.88,29.89,29.77,28.52
2024-02-29 20:18:01,36729,2024-02-29 20:18:02,48E729537E2C,28.75,28.94,29.12,51.31,37.75,30.38,30.88,29.88,29.75,28.5
2024-02-29 20:20:58,36730,2024-02-29 20:21:00,48E729537E2C,28.81,28.75,28.75,51.19,37.56,30.39,30.89,29.88,29.77,28.5
2024-02-29 20:24:01,36731,2024-02-29 20:24:02,48E729537E2C,28.81,28.94,28.75,51.25,38.62,30.39,30.88,29.88,29.73,28.5
2024-02-29 20:26:58,36732,2024-02-29 20:27:00,48E729537E2C,28.69,28.75,29.62,50.5,38.94,30.39,30.88,29.88,29.75,28.52
2024-02-29 20:30:01,36733,2024-02-29 20:30:02,48E729537E2C,28.88,28.69,29.06,51.0,38.44,30.41,30.89,29.88,29.73,28.52
2024-02-29 20:32:58,36734,2024-02-29 20:33:00,48E729537E2C,28.75,28.69,28.75,51.19,37.94,30.44,30.88,29.88,29.75,28.5
2024-02-29 20:36:01,36735,2024-02-29 20:36:02,48E729537E2C,28.75,28.62,28.75,51.38,37.81,30.44,30.88,29.88,29.75,28.5
2024-02-29 20:38:58,36736,2024-02-29 20:39:00,48E729537E2C,28.62,28.62,28.94,51.0,37.69,30.44,30.88,29.88,29.73,28.5
2024-02-29 20:42:00,36737,2024-02-29 20:42:02,48E729537E2C,28.75,28.56,28.88,51.25,38.06,30.41,30.88,29.86,29.75,28.5
2024-02-29 20:45:03,36738,2024-02-29 20:45:05,48E729537E2C,28.75,28.69,29.0,50.5,38.69,30.41,30.88,29.88,29.75,28.5
2024-02-29 20:48:00,36739,2024-02-29 20:48:02,48E729537E2C,28.81,28.81,29.06,51.19,38.38,30.39,30.88,29.88,29.73,28.5
2024-02-29 20:51:04,36740,2024-02-29 20:51:04,48E729537E2C,28.56,28.69,28.75,51.31,38.19,30.41,30.88,29.88,29.7,28.5
2024-02-29 20:54:01,36741,2024-02-29 20:54:01,48E729537E2C,28.75,28.75,28.88,51.19,37.75,30.39,30.88,29.86,29.72,28.5
2024-02-29 20:57:04,36742,2024-02-29 20:57:04,48E729537E2C,28.75,28.88,29.25,51.19,39.81,30.38,30.86,29.88,29.75,28.5
2024-02-29 21:00:01,36743,2024-02-29 21:00:01,48E729537E2C,28.75,28.88,28.88,51.25,38.25,30.39,30.88,29.86,29.75,28.5
2024-02-29 21:03:04,36744,2024-02-29 21:03:04,48E729537E2C,28.75,28.56,28.94,51.12,37.75,30.38,30.84,29.88,29.75,28.5
2024-02-29 21:06:01,36745,2024-02-29 21:06:01,48E729537E2C,28.69,28.75,29.0,51.19,37.81,30.36,30.81,29.88,29.72,28.48
2024-02-29 21:09:03,36746,2024-02-29 21:09:04,48E729537E2C,28.69,28.56,28.88,51.06,38.0,30.31,30.81,29.84,29.73,28.5
2024-02-29 21:12:01,36747,2024-02-29 21:12:01,48E729537E2C,28.69,28.62,28.75,51.19,38.25,30.31,30.81,29.81,29.69,28.44
2024-02-29 21:15:03,36748,2024-02-29 21:15:04,48E729537E2C,28.5,28.75,29.38,50.94,38.81,30.28,30.8,29.81,29.69,28.45
2024-02-29 21:18:00,36749,2024-02-29 21:18:02,48E729537E2C,28.5,28.69,28.88,51.25,38.25,30.25,30.75,29.8,29.69,28.44
2024-02-29 21:21:03,36750,2024-02-29 21:21:04,48E729537E2C,28.75,28.69,28.56,50.62,38.56,30.25,30.75,29.81,29.67,28.44
2024-02-29 21:24:00,36751,2024-02-29 21:24:02,48E729537E2C,28.44,28.75,28.62,51.0,38.25,30.25,30.75,29.8,29.64,28.44
2024-02-29 21:27:03,36752,2024-02-29 21:27:04,48E729537E2C,28.69,28.69,28.5,50.88,37.81,30.25,30.75,29.78,29.67,28.44
2024-02-29 21:30:00,36753,2024-02-29 21:30:02,48E729537E2C,28.56,28.62,28.94,50.94,38.69,30.25,30.75,29.77,29.69,28.44
2024-02-29 21:33:03,36754,2024-02-29 21:33:04,48E729537E2C,28.44,28.5,28.81,51.31,37.56,30.25,30.72,29.78,29.69,28.45
2024-02-29 21:36:00,36755,2024-02-29 21:36:02,48E729537E2C,28.44,28.62,29.0,51.12,38.25,30.25,30.77,29.8,29.67,28.44
2024-02-29 21:39:02,36756,2024-02-29 21:39:04,48E729537E2C,28.75,28.44,29.0,51.0,38.12,30.25,30.73,29.81,29.66,28.44
2024-02-29 21:42:00,36757,2024-02-29 21:42:02,48E729537E2C,28.5,29.0,29.5,50.12,39.44,30.27,30.77,29.81,29.69,28.45
2024-02-29 21:45:02,36758,2024-02-29 21:45:05,48E729537E2C,28.69,28.69,28.81,51.44,37.62,30.3,30.77,29.81,29.69,28.45
2024-02-29 21:48:00,36759,2024-02-29 21:48:02,48E729537E2C,28.56,28.75,28.75,51.25,37.75,30.3,30.81,29.83,29.7,28.48
2024-02-29 21:51:03,36760,2024-02-29 21:51:03,48E729537E2C,28.75,28.81,28.75,51.19,38.88,30.33,30.81,29.81,29.72,28.47
2024-02-29 21:54:01,36761,2024-02-29 21:54:00,48E729537E2C,28.62,28.81,28.5,51.12,37.19,30.33,30.81,29.81,29.7,28.48
2024-02-29 21:57:03,36762,2024-02-29 21:57:03,48E729537E2C,28.75,28.75,28.75,50.81,37.69,30.34,30.83,29.84,29.7,28.48
2024-02-29 22:09:03,36766,2024-02-29 22:09:03,48E729537E2C,28.75,28.94,29.0,50.75,37.94,30.36,30.84,29.86,29.73,28.5
2024-02-29 22:18:00,36769,2024-02-29 22:18:00,48E729537E2C,28.88,29.0,28.88,50.69,38.31,30.38,30.81,29.84,29.73,28.5
2024-02-29 22:21:03,36770,2024-02-29 22:21:03,48E729537E2C,28.75,28.81,29.12,50.56,38.62,30.36,30.83,29.86,29.75,28.5
2024-02-29 22:24:00,36771,2024-02-29 22:24:00,48E729537E2C,28.56,28.69,29.0,50.81,37.56,30.38,30.84,29.88,29.75,28.5
2024-02-29 22:30:00,36773,2024-02-29 22:30:00,48E729537E2C,28.88,28.88,29.0,50.56,36.56,30.38,30.83,29.88,29.75,28.5
2024-02-29 22:35:59,36775,2024-02-29 22:36:01,48E729537E2C,28.75,28.88,28.81,50.88,37.44,30.39,30.88,29.88,29.77,28.5
2024-02-29 22:41:59,36777,2024-02-29 22:42:01,48E729537E2C,28.75,28.88,29.06,50.38,37.25,30.39,30.84,29.88,29.77,28.5
2024-02-29 22:47:59,36779,2024-02-29 22:48:00,48E729537E2C,28.75,28.81,28.88,50.88,37.69,30.38,30.84,29.88,29.75,28.5
2024-02-29 22:51:03,36780,2024-02-29 22:51:03,48E729537E2C,28.75,28.75,28.75,50.81,36.56,30.38,30.88,29.88,29.75,28.5
2024-02-29 22:54:00,36781,2024-02-29 22:54:01,48E729537E2C,28.81,28.88,28.75,50.81,36.25,30.42,30.86,29.88,29.77,28.53
2024-02-29 22:57:03,36782,2024-02-29 22:57:03,48E729537E2C,28.62,28.88,29.06,50.88,37.25,30.39,30.86,29.88,29.78,28.53
2024-02-29 23:06:00,36785,2024-02-29 23:06:01,48E729537E2C,28.69,28.69,28.94,51.06,37.25,30.45,30.92,29.94,29.81,28.55
2024-02-29 23:35:59,36795,2024-02-29 23:36:00,48E729537E2C,28.81,28.62,29.0,51.0,38.81,30.5,31.0,30.0,29.88,28.62
2024-02-29 23:41:59,36797,2024-02-29 23:42:00,48E729537E2C,29.12,29.12,29.0,51.19,36.25,30.53,31.02,30.0,29.88,28.61
2024-02-29 23:45:01,36798,2024-02-29 23:45:02,48E729537E2C,28.75,29.0,29.0,51.12,37.12,30.53,31.0,30.02,29.88,28.62
2024-02-29 23:48:04,36799,2024-02-29 23:48:05,48E729537E2C,29.06,29.12,28.94,51.25,38.25,30.53,31.02,30.0,29.88,28.64
2024-02-29 23:51:03,36800,2024-02-29 23:51:02,48E729537E2C,28.81,29.0,29.0,51.06,37.56,30.56,31.0,30.0,29.86,28.62
2024-02-29 23:54:05,36801,2024-02-29 23:54:04,48E729537E2C,29.19,29.12,28.75,51.25,37.62,30.56,31.0,30.02,29.89,28.62
2024-02-29 23:57:02,36802,2024-02-29 23:57:02,48E729537E2C,29.06,29.31,29.0,51.19,37.94,30.55,31.03,30.05,29.89,28.62
2024-03-01 00:00:05,36803,2024-03-01 00:00:04,48E729537E2C,29.0,29.19,29.5,50.5,39.06,30.56,31.03,30.06,29.89,28.64
2024-03-01 00:03:02,36804,2024-03-01 00:03:02,48E729537E2C,29.06,29.12,29.06,51.25,37.88,30.59,31.05,30.03,29.91,28.64
2024-03-01 00:06:05,36805,2024-03-01 00:06:04,48E729537E2C,29.12,29.06,29.19,50.81,39.5,30.58,31.02,30.05,29.89,28.67
2024-03-01 00:12:04,36807,2024-03-01 00:12:04,48E729537E2C,29.25,29.0,29.12,51.25,37.31,30.56,31.06,30.06,29.92,28.69
2024-03-01 00:15:02,36808,2024-03-01 00:15:01,48E729537E2C,28.69,29.25,29.5,51.19,38.06,30.61,31.08,30.06,29.94,28.66
2024-03-01 00:18:04,36809,2024-03-01 00:18:04,48E729537E2C,29.25,29.06,28.94,51.0,37.88,30.61,31.08,30.06,29.94,28.67
2024-03-01 00:21:02,36810,2024-03-01 00:21:01,48E729537E2C,29.06,29.25,29.0,50.62,40.19,30.59,31.08,30.08,29.92,28.67
2024-03-01 00:24:04,36811,2024-03-01 00:24:03,48E729537E2C,29.12,29.0,29.06,50.94,40.38,30.61,31.06,30.06,29.94,28.69
2024-03-01 00:27:01,36812,2024-03-01 00:27:01,48E729537E2C,29.0,29.06,29.0,51.31,37.06,30.59,31.08,30.06,29.91,28.69
2024-03-01 00:30:04,36813,2024-03-01 00:30:03,48E729537E2C,28.88,29.0,29.0,51.31,37.88,30.56,31.06,30.06,29.95,28.69
2024-03-01 00:33:01,36814,2024-03-01 00:33:01,48E729537E2C,29.12,29.38,29.06,51.25,38.19,30.58,31.06,30.06,29.94,28.67
2024-03-01 00:36:04,36815,2024-03-01 00:36:03,48E729537E2C,29.12,29.19,29.06,50.81,36.5,30.61,31.05,30.06,29.94,28.69
2024-03-01 00:39:01,36816,2024-03-01 00:39:00,48E729537E2C,29.06,29.25,29.0,50.56,39.88,30.59,31.08,30.08,29.94,28.69
2024-03-01 00:42:03,36817,2024-03-01 00:42:03,48E729537E2C,29.0,29.31,28.81,51.0,37.88,30.59,31.09,30.05,29.94,28.69
2024-03-01 00:45:01,36818,2024-03-01 00:45:00,48E729537E2C,28.88,29.19,28.75,51.12,36.69,30.58,31.06,30.06,29.94,28.69
2024-03-01 00:48:03,36819,2024-03-01 00:48:02,48E729537E2C,29.12,29.19,28.94,51.0,37.94,30.58,31.06,30.06,29.95,28.69
2024-03-01 00:51:02,36820,2024-03-01 00:51:02,48E729537E2C,29.12,29.25,29.06,51.0,37.88,30.59,31.09,30.08,29.94,28.69
2024-03-01 00:57:02,36822,2024-03-01 00:57:02,48E729537E2C,29.0,29.0,29.0,51.0,35.94,30.62,31.06,30.06,29.95,28.69
2024-03-01 01:00:04,36823,2024-03-01 01:00:04,48E729537E2C,29.25,29.06,29.12,51.12,37.25,30.61,31.11,30.06,29.94,28.67
2024-03-01 01:03:01,36824,2024-03-01 01:03:02,48E729537E2C,29.12,29.06,29.06,50.81,37.75,30.59,31.11,30.08,29.94,28.7
2024-03-01 01:06:04,36825,2024-03-01 01:06:04,48E729537E2C,29.19,29.0,29.0,51.06,36.62,30.62,31.09,30.09,29.94,28.7
2024-03-01 01:09:01,36826,2024-03-01 01:09:01,48E729537E2C,29.06,29.19,29.0,50.0,38.06,30.62,31.11,30.09,29.97,28.69
2024-03-01 01:12:04,36827,2024-03-01 01:12:04,48E729537E2C,29.0,29.19,29.12,51.06,38.69,30.61,31.11,30.11,29.95,28.69
2024-03-01 01:15:01,36828,2024-03-01 01:15:01,48E729537E2C,29.25,29.19,29.06,51.0,38.0,30.62,31.12,30.09,29.95,28.69
2024-03-01 01:21:01,36830,2024-03-01 01:21:01,48E729537E2C,28.88,29.25,29.25,51.31,37.81,30.62,31.12,30.08,29.98,28.72
2024-03-01 01:24:03,36831,2024-03-01 01:24:04,48E729537E2C,29.19,29.06,29.0,51.38,37.62,30.61,31.12,30.08,29.97,28.73
2024-03-01 01:30:04,36833,2024-03-01 01:30:03,48E729537E2C,29.19,29.0,29.0,51.25,38.19,30.62,31.12,30.11,29.98,28.72
2024-03-01 01:36:03,36835,2024-03-01 01:36:03,48E729537E2C,29.06,29.12,29.06,51.5,38.19,30.66,31.12,30.11,29.98,28.7
2024-03-01 01:39:00,36836,2024-03-01 01:39:01,48E729537E2C,29.19,29.44,29.44,51.44,38.0,30.69,31.12,30.12,30.0,28.73
2024-03-01 01:42:03,36837,2024-03-01 01:42:03,48E729537E2C,29.06,28.94,29.12,51.06,36.94,30.64,31.12,30.12,29.98,28.75
2024-03-01 01:48:03,36839,2024-03-01 01:48:03,48E729537E2C,29.0,29.25,29.25,50.94,38.12,30.66,31.14,30.12,30.0,28.75
2024-03-01 01:54:04,36841,2024-03-01 01:54:03,48E729537E2C,29.0,29.25,29.25,51.31,37.31,30.67,31.17,30.16,30.0,28.75
2024-03-01 01:57:01,36842,2024-03-01 01:57:00,48E729537E2C,29.31,29.0,29.0,51.25,37.62,30.67,31.14,30.14,30.0,28.73
2024-03-01 02:03:01,36844,2024-03-01 02:03:00,48E729537E2C,29.12,29.25,29.06,50.88,36.38,30.67,31.16,30.14,30.02,28.75
2024-03-01 02:09:06,36846,2024-03-01 02:09:05,48E729537E2C,29.19,29.0,29.31,50.88,36.88,30.66,31.16,30.12,29.98,28.75
2024-03-01 02:12:03,36847,2024-03-01 02:12:02,48E729537E2C,28.94,29.0,28.94,50.25,38.5,30.61,31.12,30.12,30.0,28.75
2024-03-01 02:15:06,36848,2024-03-01 02:15:04,48E729537E2C,29.12,29.19,29.0,51.25,39.12,30.62,31.12,30.12,30.0,28.75
2024-03-01 02:18:03,36849,2024-03-01 02:18:01,48E729537E2C,29.19,29.12,29.0,51.25,37.75,30.64,31.12,30.12,30.0,28.75
2024-03-01 02:21:05,36850,2024-03-01 02:21:03,48E729537E2C,29.06,29.06,29.25,51.0,38.44,30.62,31.12,30.14,30.0,28.73
2024-03-01 02:24:03,36851,2024-03-01 02:24:01,48E729537E2C,29.06,29.0,29.25,50.94,36.88,30.62,31.14,30.12,30.0,28.75
2024-03-01 02:27:05,36852,2024-03-01 02:27:03,48E729537E2C,29.0,29.31,29.31,51.0,38.0,30.64,31.12,30.14,30.0,28.75
2024-03-01 02:30:03,36853,2024-03-01 02:30:00,48E729537E2C,29.25,29.19,29.25,50.94,37.62,30.64,31.12,30.12,30.0,28.75
2024-03-01 02:33:05,36854,2024-03-01 02:33:02,48E729537E2C,28.88,29.0,29.12,50.75,38.81,30.64,31.12,30.12,30.0,28.73
2024-03-01 02:36:02,36855,2024-03-01 02:36:00,48E729537E2C,29.38,29.06,29.06,51.38,38.19,30.62,31.12,30.12,29.98,28.72
2024-03-01 02:39:05,36856,2024-03-01 02:39:02,48E729537E2C,28.88,29.31,29.12,50.38,40.81,30.64,31.16,30.12,30.0,28.73
2024-03-01 02:42:07,36857,2024-03-01 02:42:04,48E729537E2C,29.19,29.25,29.06,51.12,39.44,30.62,31.11,30.12,30.0,28.73
2024-03-01 02:45:05,36858,2024-03-01 02:45:01,48E729537E2C,29.06,29.25,29.25,50.75,38.62,30.61,31.12,30.14,30.0,28.73
2024-03-01 02:48:07,36859,2024-03-01 02:48:04,48E729537E2C,29.19,28.94,29.06,51.0,38.5,30.62,31.11,30.12,29.98,28.75
2024-03-01 02:51:01,36860,2024-03-01 02:51:01,48E729537E2C,29.12,29.06,28.94,51.31,37.62,30.62,31.14,30.11,29.98,28.75
2024-03-01 02:54:03,36861,2024-03-01 02:54:03,48E729537E2C,29.0,29.12,29.06,51.0,36.81,30.64,31.12,30.11,29.98,28.75
2024-03-01 02:57:00,36862,2024-03-01 02:57:00,48E729537E2C,29.19,29.25,29.06,51.25,37.5,30.59,31.11,30.12,29.98,28.75
2024-03-01 03:00:03,36863,2024-03-01 03:00:03,48E729537E2C,29.0,29.12,29.12,50.94,37.94,30.61,31.09,30.09,29.97,28.73
2024-03-01 03:03:00,36864,2024-03-01 03:03:00,48E729537E2C,29.12,29.19,28.88,51.06,37.56,30.61,31.12,30.09,29.98,28.75
2024-03-01 03:06:03,36865,2024-03-01 03:06:02,48E729537E2C,29.0,29.06,29.5,50.75,37.69,30.61,31.12,30.11,30.0,28.75
2024-03-01 03:09:00,36866,2024-03-01 03:09:00,48E729537E2C,29.19,29.12,28.94,50.25,39.88,30.62,31.12,30.11,29.98,28.75
2024-03-01 03:12:02,36867,2024-03-01 03:12:02,48E729537E2C,29.19,29.12,29.0,51.25,37.94,30.62,31.14,30.12,30.0,28.77
2024-03-01 03:15:05,36868,2024-03-01 03:15:04,48E729537E2C,29.19,29.19,29.25,50.56,39.75,30.64,31.12,30.11,30.0,28.75
2024-03-01 03:18:02,36869,2024-03-01 03:18:02,48E729537E2C,29.0,29.0,29.0,50.5,37.5,30.64,31.14,30.11,29.98,28.75
2024-03-01 03:21:05,36870,2024-03-01 03:21:04,48E729537E2C,29.25,29.19,29.12,50.12,39.75,30.62,31.14,30.12,29.98,28.73
2024-03-01 03:27:05,36872,2024-03-01 03:27:04,48E729537E2C,29.25,29.0,29.0,51.12,37.12,30.62,31.12,30.14,29.98,28.73
2024-03-01 03:30:02,36873,2024-03-01 03:30:01,48E729537E2C,28.88,29.19,29.06,50.25,38.5,30.62,31.12,30.11,30.0,28.75
2024-03-01 03:33:05,36874,2024-03-01 03:33:03,48E729537E2C,29.06,29.19,29.0,51.06,38.12,30.62,31.12,30.11,29.98,28.75
2024-03-01 03:36:02,36875,2024-03-01 03:36:01,48E729537E2C,29.25,29.25,29.0,50.56,38.0,30.64,31.12,30.11,30.0,28.75
2024-03-01 03:39:04,36876,2024-03-01 03:39:03,48E729537E2C,29.19,29.12,29.0,50.5,39.06,30.64,31.14,30.12,30.02,28.73
2024-03-01 03:42:01,36877,2024-03-01 03:42:00,48E729537E2C,29.25,29.06,29.08,50.81,37.19,30.66,31.12,30.1,30.0,28.75
2024-03-01 03:45:04,36878,2024-03-01 03:45:03,48E729537E2C,28.88,29.31,29.12,50.75,37.12,30.66,31.14,30.12,30.0,28.73
2024-03-01 03:48:01,36879,2024-03-01 03:48:00,48E729537E2C,29.19,29.12,29.0,49.56,40.12,30.69,31.16,30.12,30.0,28.75
2024-03-01 03:51:00,36880,2024-03-01 03:51:00,48E729537E2C,29.0,29.25,29.0,50.88,39.44,30.64,31.17,30.12,30.0,28.75
2024-03-01 03:54:02,36881,2024-03-01 03:54:02,48E729537E2C,29.19,29.06,29.0,50.31,39.5,30.62,31.12,30.12,30.0,28.75
2024-03-01 03:57:00,36882,2024-03-01 03:57:00,48E729537E2C,29.12,29.12,29.0,50.25,36.81,30.66,31.14,30.12,30.0,28.73
2024-03-01 04:00:02,36883,2024-03-01 04:00:02,48E729537E2C,29.19,29.31,29.19,51.06,37.06,30.66,31.12,30.12,30.02,28.75
2024-03-01 04:03:00,36884,2024-03-01 04:03:00,48E729537E2C,29.0,29.12,29.12,50.25,40.62,30.66,31.14,30.12,30.0,28.73
2024-03-01 04:06:02,36885,2024-03-01 04:06:02,48E729537E2C,29.0,29.12,29.25,50.38,39.62,30.64,31.14,30.12,30.0,28.75
2024-03-01 04:08:59,36886,2024-03-01 04:09:00,48E729537E2C,29.25,29.25,29.19,51.06,38.12,30.66,31.14,30.12,30.0,28.72
2024-03-01 04:12:02,36887,2024-03-01 04:12:02,48E729537E2C,29.19,29.19,29.0,51.06,38.0,30.66,31.12,30.12,30.0,28.75
2024-03-01 04:14:59,36888,2024-03-01 04:15:00,48E729537E2C,29.19,29.06,29.25,50.12,40.0,30.66,31.16,30.11,30.0,28.75
2024-03-01 04:18:02,36889,2024-03-01 04:18:02,48E729537E2C,29.19,29.31,29.25,49.62,39.88,30.64,31.12,30.12,29.98,28.75
2024-03-01 04:20:59,36890,2024-03-01 04:21:00,48E729537E2C,29.38,29.0,29.19,50.75,38.62,30.64,31.16,30.12,30.0,28.75
2024-03-01 04:24:02,36891,2024-03-01 04:24:03,48E729537E2C,29.06,29.19,29.19,50.12,40.06,30.62,31.16,30.12,30.0,28.75
2024-03-01 04:26:59,36892,2024-03-01 04:27:00,48E729537E2C,29.25,29.06,29.06,50.88,37.75,30.64,31.14,30.12,30.0,28.73
2024-03-01 04:30:01,36893,2024-03-01 04:30:03,48E729537E2C,29.0,28.94,29.0,50.56,38.06,30.62,31.12,30.11,29.98,28.75
2024-03-01 04:32:59,36894,2024-03-01 04:33:00,48E729537E2C,29.12,28.94,29.06,50.31,39.12,30.66,31.14,30.11,30.0,28.73
2024-03-01 04:38:58,36896,2024-03-01 04:39:00,48E729537E2C,29.0,29.31,29.0,50.62,37.12,30.62,31.12,30.08,29.98,28.72
2024-03-01 04:42:01,36897,2024-03-01 04:42:03,48E729537E2C,29.19,29.06,29.0,50.94,38.75,30.62,31.14,30.12,29.97,28.73
2024-03-01 04:44:58,36898,2024-03-01 04:45:01,48E729537E2C,29.25,29.25,29.06,49.5,39.88,30.62,31.12,30.12,29.97,28.73
2024-03-01 04:48:01,36899,2024-03-01 04:48:03,48E729537E2C,29.31,29.0,29.25,49.56,40.88,30.62,31.12,30.09,29.97,28.7
2024-03-01 04:51:04,36900,2024-03-01 04:51:04,48E729537E2C,29.0,29.06,29.06,50.75,38.06,30.62,31.12,30.08,29.95,28.69
2024-03-01 04:54:02,36901,2024-03-01 04:54:01,48E729537E2C,29.12,29.0,29.0,50.5,38.12,30.64,31.11,30.12,29.97,28.7
2024-03-01 04:57:04,36902,2024-03-01 04:57:04,48E729537E2C,29.19,29.19,28.94,50.88,37.88,30.62,31.12,30.09,29.95,28.73
2024-03-01 05:00:02,36903,2024-03-01 05:00:01,48E729537E2C,29.06,28.94,28.81,50.81,37.94,30.62,31.11,30.09,29.98,28.7
2024-03-01 05:03:04,36904,2024-03-01 05:03:04,48E729537E2C,29.0,29.12,29.19,51.25,36.0,30.62,31.12,30.09,29.94,28.7
2024-03-01 05:06:01,36905,2024-03-01 05:06:01,48E729537E2C,29.0,28.94,29.06,51.12,36.75,30.62,31.12,30.11,29.94,28.69
2024-03-01 05:09:04,36906,2024-03-01 05:09:04,48E729537E2C,29.19,29.19,29.25,48.81,40.44,30.62,31.09,30.06,29.94,28.72
2024-03-01 05:12:01,36907,2024-03-01 05:12:01,48E729537E2C,29.0,29.19,29.12,49.06,40.94,30.62,31.12,30.09,29.94,28.73
2024-03-01 05:15:04,36908,2024-03-01 05:15:04,48E729537E2C,29.19,29.0,29.19,51.19,38.75,30.62,31.12,30.09,29.95,28.7
2024-03-01 05:18:01,36909,2024-03-01 05:18:02,48E729537E2C,29.0,28.94,29.0,50.25,39.88,30.62,31.11,30.08,29.95,28.69
2024-03-01 05:21:04,36910,2024-03-01 05:21:04,48E729537E2C,29.12,28.94,28.88,51.12,38.38,30.64,31.09,30.09,29.98,28.72
2024-03-01 05:24:01,36911,2024-03-01 05:24:01,48E729537E2C,28.81,28.94,29.06,50.88,37.75,30.62,31.12,30.12,30.0,28.73
2024-03-01 05:27:03,36912,2024-03-01 05:27:04,48E729537E2C,29.0,29.25,29.0,50.88,39.88,30.62,31.14,30.12,30.0,28.73
2024-03-01 05:30:01,36913,2024-03-01 05:30:01,48E729537E2C,29.12,29.0,29.0,50.44,37.25,30.62,31.12,30.09,29.98,28.75
2024-03-01 05:33:03,36914,2024-03-01 05:33:04,48E729537E2C,29.0,28.69,29.0,49.94,41.06,30.62,31.12,30.11,29.98,28.75
2024-03-01 05:36:00,36915,2024-03-01 05:36:01,48E729537E2C,29.12,28.81,28.81,50.0,40.88,30.67,31.12,30.12,29.98,28.75
2024-03-01 05:39:03,36916,2024-03-01 05:39:04,48E729537E2C,29.06,28.81,28.75,50.88,38.19,30.66,31.12,30.09,30.0,28.73
2024-03-01 05:42:00,36917,2024-03-01 05:42:01,48E729537E2C,29.25,28.81,29.19,50.88,39.06,30.64,31.14,30.09,29.98,28.75
2024-03-01 05:45:03,36918,2024-03-01 05:45:04,48E729537E2C,29.0,29.0,29.0,51.0,39.88,30.62,31.14,30.12,29.98,28.73
2024-03-01 05:48:00,36919,2024-03-01 05:48:01,48E729537E2C,29.06,29.19,29.0,50.0,39.44,30.66,31.14,30.11,30.0,28.75
2024-03-01 05:51:04,36920,2024-03-01 05:51:04,48E729537E2C,29.12,28.88,29.0,49.81,38.56,30.67,31.16,30.12,30.0,28.73
2024-03-01 05:54:01,36921,2024-03-01 05:54:01,48E729537E2C,29.12,28.94,29.0,50.0,38.88,30.66,31.12,30.12,30.0,28.77
2024-03-01 05:57:04,36922,2024-03-01 05:57:04,48E729537E2C,28.94,29.0,29.0,50.81,38.31,30.67,31.14,30.12,30.0,28.75
2024-03-01 06:00:01,36923,2024-03-01 06:00:01,48E729537E2C,29.0,29.19,29.12,49.38,39.94,30.67,31.16,30.12,30.0,28.75
2024-03-01 06:03:03,36924,2024-03-01 06:03:04,48E729537E2C,29.06,29.12,28.94,50.25,38.62,30.66,31.14,30.14,30.0,28.75
2024-03-01 06:06:01,36925,2024-03-01 06:06:01,48E729537E2C,29.0,29.19,29.0,49.31,39.19,30.66,31.17,30.12,30.02,28.75
2024-03-01 06:09:03,36926,2024-03-01 06:09:04,48E729537E2C,29.06,28.94,28.75,50.88,38.12,30.66,31.16,30.12,30.0,28.75
2024-03-01 06:12:01,36927,2024-03-01 06:12:01,48E729537E2C,29.06,29.12,28.88,50.5,36.69,30.67,31.16,30.14,30.0,28.75
2024-03-01 06:15:03,36928,2024-03-01 06:15:04,48E729537E2C,29.19,29.12,28.75,49.5,40.88,30.62,31.14,30.11,30.0,28.75
2024-03-01 06:18:00,36929,2024-03-01 06:18:01,48E729537E2C,29.0,29.06,29.0,50.5,38.44,30.62,31.12,30.12,29.98,28.75
2024-03-01 06:21:03,36930,2024-03-01 06:21:04,48E729537E2C,29.06,29.25,29.0,49.75,40.25,30.62,31.14,30.12,30.0,28.75
2024-03-01 06:24:00,36931,2024-03-01 06:24:01,48E729537E2C,29.06,29.25,29.06,50.62,38.0,30.62,31.12,30.12,30.0,28.75
2024-03-01 06:27:03,36932,2024-03-01 06:27:04,48E729537E2C,29.0,28.88,28.75,51.62,38.44,30.62,31.11,30.12,29.97,28.75
