2023-11-29 10:30:10,48:55:19:DF:28:48 requested time
2023-11-29 10:30:10,485519DF2986_sys.log time sent (2023, 11, 29, 2, 10, 30, 10, 166)
2023-11-29 10:47:27,48:E7:29:53:67:2E requested time
2023-11-29 10:47:28,485519DF2986_sys.log time sent (2023, 11, 29, 2, 10, 47, 27, 81)
2023-11-29 11:14:10,48:E7:29:53:7E:2C requested time
2023-11-29 11:14:10,485519DF2986_sys.log time sent (2023, 11, 29, 2, 11, 14, 10, 81)
2023-11-29 11:21:10,48:E7:29:55:52:AD requested time
2023-11-29 11:21:10,485519DF2986_sys.log time sent (2023, 11, 29, 2, 11, 21, 10, 81)
2023-11-29 11:30:06,48:55:19:DF:28:48 requested time
2023-11-29 11:30:06,485519DF2986_sys.log time sent (2023, 11, 29, 2, 11, 30, 6, 81)
2023-11-29 11:45:18,48:E7:29:53:67:2E requested time
2023-11-29 11:45:18,485519DF2986_sys.log time sent (2023, 11, 29, 2, 11, 45, 18, 81)
2023-11-29 12:12:14,48:E7:29:53:7E:2C requested time
2023-11-29 12:12:14,485519DF2986_sys.log time sent (2023, 11, 29, 2, 12, 12, 14, 81)
2023-11-29 12:21:14,48:E7:29:55:52:AD requested time
2023-11-29 12:21:15,485519DF2986_sys.log time sent (2023, 11, 29, 2, 12, 21, 14, 84)
2023-11-29 12:30:07,48:55:19:DF:28:48 requested time
2023-11-29 12:30:08,485519DF2986_sys.log time sent (2023, 11, 29, 2, 12, 30, 7, 82)
2023-11-29 12:45:04,48:E7:29:53:67:2E requested time
2023-11-29 12:45:04,485519DF2986_sys.log time sent (2023, 11, 29, 2, 12, 45, 4, 83)
2023-11-29 13:12:11,48:E7:29:53:7E:2C requested time
2023-11-29 13:12:11,485519DF2986_sys.log time sent (2023, 11, 29, 2, 13, 12, 11, 81)
2023-11-29 13:20:32,48:E7:29:55:52:AD requested time
2023-11-29 13:20:33,485519DF2986_sys.log time sent (2023, 11, 29, 2, 13, 20, 32, 91)
2023-11-29 13:30:04,48:55:19:DF:28:48 requested time
2023-11-29 13:30:04,485519DF2986_sys.log time sent (2023, 11, 29, 2, 13, 30, 4, 81)
2023-11-29 13:45:05,48:E7:29:53:67:2E requested time
2023-11-29 13:45:06,485519DF2986_sys.log time sent (2023, 11, 29, 2, 13, 45, 5, 81)
2023-11-29 14:12:05,48:E7:29:53:7E:2C requested time
2023-11-29 14:12:05,485519DF2986_sys.log time sent (2023, 11, 29, 2, 14, 12, 5, 82)
2023-11-29 14:18:11,48:E7:29:55:52:AD requested time
2023-11-29 14:18:11,485519DF2986_sys.log time sent (2023, 11, 29, 2, 14, 18, 11, 81)
2023-11-29 14:30:10,48:55:19:DF:28:48 requested time
2023-11-29 14:30:11,485519DF2986_sys.log time sent (2023, 11, 29, 2, 14, 30, 10, 82)
2023-11-29 14:45:02,48:E7:29:53:67:2E requested time
2023-11-29 14:45:02,485519DF2986_sys.log time sent (2023, 11, 29, 2, 14, 45, 2, 81)
2023-11-29 15:12:08,48:E7:29:53:7E:2C requested time
2023-11-29 15:12:09,485519DF2986_sys.log time sent (2023, 11, 29, 2, 15, 12, 8, 81)
2023-11-29 15:18:05,48:E7:29:55:52:AD requested time
2023-11-29 15:18:05,485519DF2986_sys.log time sent (2023, 11, 29, 2, 15, 18, 5, 81)
2023-11-29 15:30:12,48:55:19:DF:28:48 requested time
2023-11-29 15:30:12,485519DF2986_sys.log time sent (2023, 11, 29, 2, 15, 30, 12, 81)
2023-11-29 15:45:03,48:E7:29:53:67:2E requested time
2023-11-29 15:45:03,485519DF2986_sys.log time sent (2023, 11, 29, 2, 15, 45, 3, 82)
2023-11-29 16:12:17,48:E7:29:53:7E:2C requested time
2023-11-29 16:12:17,485519DF2986_sys.log time sent (2023, 11, 29, 2, 16, 12, 17, 91)
2023-11-29 16:17:59,48:E7:29:55:52:AD requested time
2023-11-29 16:17:59,485519DF2986_sys.log time sent (2023, 11, 29, 2, 16, 17, 59, 81)
2023-11-29 16:30:08,48:55:19:DF:28:48 requested time
2023-11-29 16:30:08,485519DF2986_sys.log time sent (2023, 11, 29, 2, 16, 30, 8, 84)
2023-11-29 16:45:04,48:E7:29:53:67:2E requested time
2023-11-29 16:45:05,485519DF2986_sys.log time sent (2023, 11, 29, 2, 16, 45, 4, 81)
2023-11-29 17:11:53,48:E7:29:53:7E:2C requested time
2023-11-29 17:11:54,485519DF2986_sys.log time sent (2023, 11, 29, 2, 17, 11, 53, 94)
2023-11-29 17:18:13,48:E7:29:55:52:AD requested time
2023-11-29 17:18:14,485519DF2986_sys.log time sent (2023, 11, 29, 2, 17, 18, 13, 81)
2023-11-29 17:30:10,48:55:19:DF:28:48 requested time
2023-11-29 17:30:10,485519DF2986_sys.log time sent (2023, 11, 29, 2, 17, 30, 10, 81)
2023-11-29 17:45:06,48:E7:29:53:67:2E requested time
2023-11-29 17:45:06,485519DF2986_sys.log time sent (2023, 11, 29, 2, 17, 45, 6, 81)
2023-11-29 18:09:04,48:E7:29:53:7E:2C requested time
2023-11-29 18:09:04,485519DF2986_sys.log time sent (2023, 11, 29, 2, 18, 9, 4, 81)
2023-11-29 18:18:07,48:E7:29:55:52:AD requested time
2023-11-29 18:18:08,485519DF2986_sys.log time sent (2023, 11, 29, 2, 18, 18, 7, 81)
2023-11-29 18:30:01,48:55:19:DF:28:48 requested time
2023-11-29 18:30:01,485519DF2986_sys.log time sent (2023, 11, 29, 2, 18, 30, 1, 81)
2023-11-29 18:44:52,48:E7:29:53:67:2E requested time
2023-11-29 18:44:52,485519DF2986_sys.log time sent (2023, 11, 29, 2, 18, 44, 52, 81)
2023-11-29 19:09:01,48:E7:29:53:7E:2C requested time
2023-11-29 19:09:02,485519DF2986_sys.log time sent (2023, 11, 29, 2, 19, 9, 1, 81)
2023-11-29 19:18:01,48:E7:29:55:52:AD requested time
2023-11-29 19:18:02,485519DF2986_sys.log time sent (2023, 11, 29, 2, 19, 18, 1, 81)
2023-11-29 19:30:07,48:55:19:DF:28:48 requested time
2023-11-29 19:30:07,485519DF2986_sys.log time sent (2023, 11, 29, 2, 19, 30, 7, 82)
2023-11-29 19:30:16,48:E7:29:53:67:2E requested time
2023-11-29 19:30:16,485519DF2986_sys.log time sent (2023, 11, 29, 2, 19, 30, 16, 91)
2023-11-29 20:09:27,48:E7:29:53:7E:2C requested time
2023-11-29 20:09:27,485519DF2986_sys.log time sent (2023, 11, 29, 2, 20, 9, 27, 81)
2023-11-29 20:18:16,48:E7:29:55:52:AD requested time
2023-11-29 20:18:16,485519DF2986_sys.log time sent (2023, 11, 29, 2, 20, 18, 16, 81)
2023-11-29 20:30:03,48:55:19:DF:28:48 requested time
2023-11-29 20:30:04,485519DF2986_sys.log time sent (2023, 11, 29, 2, 20, 30, 3, 81)
2023-11-29 20:30:12,48:E7:29:53:67:2E requested time
2023-11-29 20:30:13,485519DF2986_sys.log time sent (2023, 11, 29, 2, 20, 30, 12, 81)
2023-11-29 21:09:10,48:E7:29:53:7E:2C requested time
2023-11-29 21:09:11,485519DF2986_sys.log time sent (2023, 11, 29, 2, 21, 9, 10, 81)
2023-11-29 21:18:10,48:E7:29:55:52:AD requested time
2023-11-29 21:18:10,485519DF2986_sys.log time sent (2023, 11, 29, 2, 21, 18, 10, 81)
2023-11-29 21:30:05,48:55:19:DF:28:48 requested time
2023-11-29 21:30:05,485519DF2986_sys.log time sent (2023, 11, 29, 2, 21, 30, 5, 81)
2023-11-29 21:30:09,48:E7:29:53:67:2E requested time
2023-11-29 21:30:09,485519DF2986_sys.log time sent (2023, 11, 29, 2, 21, 30, 9, 81)
2023-11-29 22:09:10,48:E7:29:53:7E:2C requested time
2023-11-29 22:09:10,485519DF2986_sys.log time sent (2023, 11, 29, 2, 22, 9, 10, 81)
2023-11-29 22:18:09,48:E7:29:55:52:AD requested time
2023-11-29 22:18:09,485519DF2986_sys.log time sent (2023, 11, 29, 2, 22, 18, 9, 81)
2023-11-29 22:30:06,48:55:19:DF:28:48 requested time
2023-11-29 22:30:06,485519DF2986_sys.log time sent (2023, 11, 29, 2, 22, 30, 6, 81)
2023-11-29 22:30:10,48:E7:29:53:67:2E requested time
2023-11-29 22:30:10,485519DF2986_sys.log time sent (2023, 11, 29, 2, 22, 30, 10, 81)
2023-11-29 23:09:10,48:E7:29:53:7E:2C requested time
2023-11-29 23:09:10,485519DF2986_sys.log time sent (2023, 11, 29, 2, 23, 9, 10, 82)
2023-11-29 23:18:13,48:E7:29:55:52:AD requested time
2023-11-29 23:18:13,485519DF2986_sys.log time sent (2023, 11, 29, 2, 23, 18, 13, 81)
2023-11-29 23:30:07,48:E7:29:53:67:2E requested time
2023-11-29 23:30:07,485519DF2986_sys.log time sent (2023, 11, 29, 2, 23, 30, 7, 91)
2023-11-29 23:30:12,48:55:19:DF:28:48 requested time
2023-11-29 23:30:13,485519DF2986_sys.log time sent (2023, 11, 29, 2, 23, 30, 12, 81)
2023-11-30 00:09:10,48:E7:29:53:7E:2C requested time
2023-11-30 00:09:11,485519DF2986_sys.log time sent (2023, 11, 30, 3, 0, 9, 10, 81)
2023-11-30 00:18:07,48:E7:29:55:52:AD requested time
2023-11-30 00:18:07,485519DF2986_sys.log time sent (2023, 11, 30, 3, 0, 18, 7, 81)
2023-11-30 00:29:58,48:E7:29:53:67:2E requested time
2023-11-30 00:29:58,485519DF2986_sys.log time sent (2023, 11, 30, 3, 0, 29, 58, 81)
2023-11-30 00:30:04,48:55:19:DF:28:48 requested time
2023-11-30 00:30:04,485519DF2986_sys.log time sent (2023, 11, 30, 3, 0, 30, 4, 81)
2023-11-30 01:08:15,48:E7:29:53:7E:2C requested time
2023-11-30 01:08:15,485519DF2986_sys.log time sent (2023, 11, 30, 3, 1, 8, 15, 81)
2023-11-30 01:18:06,48:E7:29:55:52:AD requested time
2023-11-30 01:18:06,485519DF2986_sys.log time sent (2023, 11, 30, 3, 1, 18, 6, 82)
2023-11-30 01:29:54,48:E7:29:53:67:2E requested time
2023-11-30 01:29:54,485519DF2986_sys.log time sent (2023, 11, 30, 3, 1, 29, 54, 81)
2023-11-30 01:30:05,48:55:19:DF:28:48 requested time
2023-11-30 01:30:05,485519DF2986_sys.log time sent (2023, 11, 30, 3, 1, 30, 5, 82)
2023-11-30 02:06:07,48:E7:29:53:7E:2C requested time
2023-11-30 02:06:07,485519DF2986_sys.log time sent (2023, 11, 30, 3, 2, 6, 7, 81)
2023-11-30 02:15:08,48:E7:29:53:67:2E requested time
2023-11-30 02:15:09,485519DF2986_sys.log time sent (2023, 11, 30, 3, 2, 15, 8, 81)
2023-11-30 02:18:05,48:E7:29:55:52:AD requested time
2023-11-30 02:18:05,485519DF2986_sys.log time sent (2023, 11, 30, 3, 2, 18, 5, 81)
2023-11-30 02:30:06,48:55:19:DF:28:48 requested time
2023-11-30 02:30:07,485519DF2986_sys.log time sent (2023, 11, 30, 3, 2, 30, 6, 81)
2023-11-30 03:06:08,48:E7:29:53:7E:2C requested time
2023-11-30 03:06:09,485519DF2986_sys.log time sent (2023, 11, 30, 3, 3, 6, 8, 82)
2023-11-30 03:15:05,48:E7:29:53:67:2E requested time
2023-11-30 03:15:05,485519DF2986_sys.log time sent (2023, 11, 30, 3, 3, 15, 5, 91)
2023-11-30 03:18:09,48:E7:29:55:52:AD requested time
2023-11-30 03:18:09,485519DF2986_sys.log time sent (2023, 11, 30, 3, 3, 18, 9, 81)
2023-11-30 03:30:13,48:55:19:DF:28:48 requested time
2023-11-30 03:30:13,485519DF2986_sys.log time sent (2023, 11, 30, 3, 3, 30, 13, 81)
2023-11-30 04:06:10,48:E7:29:53:7E:2C requested time
2023-11-30 04:06:11,485519DF2986_sys.log time sent (2023, 11, 30, 3, 4, 6, 10, 81)
2023-11-30 04:15:26,48:E7:29:53:67:2E requested time
2023-11-30 04:15:27,485519DF2986_sys.log time sent (2023, 11, 30, 3, 4, 15, 26, 81)
2023-11-30 04:18:18,48:E7:29:55:52:AD requested time
2023-11-30 04:18:19,485519DF2986_sys.log time sent (2023, 11, 30, 3, 4, 18, 18, 81)
2023-11-30 04:30:09,48:55:19:DF:28:48 requested time
2023-11-30 04:30:10,485519DF2986_sys.log time sent (2023, 11, 30, 3, 4, 30, 9, 81)
2023-11-30 05:06:18,48:E7:29:53:7E:2C requested time
2023-11-30 05:06:19,485519DF2986_sys.log time sent (2023, 11, 30, 3, 5, 6, 18, 81)
2023-11-30 05:15:12,48:E7:29:53:67:2E requested time
2023-11-30 05:15:13,485519DF2986_sys.log time sent (2023, 11, 30, 3, 5, 15, 12, 81)
2023-11-30 05:18:17,48:E7:29:55:52:AD requested time
2023-11-30 05:18:18,485519DF2986_sys.log time sent (2023, 11, 30, 3, 5, 18, 17, 81)
2023-11-30 05:30:05,48:55:19:DF:28:48 requested time
2023-11-30 05:30:06,485519DF2986_sys.log time sent (2023, 11, 30, 3, 5, 30, 5, 82)
2023-11-30 06:06:12,48:E7:29:53:7E:2C requested time
2023-11-30 06:06:12,485519DF2986_sys.log time sent (2023, 11, 30, 3, 6, 6, 12, 81)
2023-11-30 06:15:14,48:E7:29:53:67:2E requested time
2023-11-30 06:15:14,485519DF2986_sys.log time sent (2023, 11, 30, 3, 6, 15, 14, 84)
2023-11-30 06:18:17,48:E7:29:55:52:AD requested time
2023-11-30 06:18:17,485519DF2986_sys.log time sent (2023, 11, 30, 3, 6, 18, 17, 81)
2023-11-30 06:30:12,48:55:19:DF:28:48 requested time
2023-11-30 06:30:12,485519DF2986_sys.log time sent (2023, 11, 30, 3, 6, 30, 12, 82)
2023-11-30 07:06:29,48:E7:29:53:7E:2C requested time
2023-11-30 07:06:29,485519DF2986_sys.log time sent (2023, 11, 30, 3, 7, 6, 29, 90)
2023-11-30 07:15:07,48:E7:29:53:67:2E requested time
2023-11-30 07:15:07,485519DF2986_sys.log time sent (2023, 11, 30, 3, 7, 15, 7, 81)
2023-11-30 07:18:05,48:E7:29:55:52:AD requested time
2023-11-30 07:18:06,485519DF2986_sys.log time sent (2023, 11, 30, 3, 7, 18, 5, 81)
2023-11-30 07:30:08,48:55:19:DF:28:48 requested time
2023-11-30 07:30:08,485519DF2986_sys.log time sent (2023, 11, 30, 3, 7, 30, 8, 81)
2023-11-30 08:06:23,48:E7:29:53:7E:2C requested time
2023-11-30 08:06:23,485519DF2986_sys.log time sent (2023, 11, 30, 3, 8, 6, 23, 81)
2023-11-30 08:15:14,48:E7:29:53:67:2E requested time
2023-11-30 08:15:15,485519DF2986_sys.log time sent (2023, 11, 30, 3, 8, 15, 14, 81)
2023-11-30 08:18:10,48:E7:29:55:52:AD requested time
2023-11-30 08:18:10,485519DF2986_sys.log time sent (2023, 11, 30, 3, 8, 18, 10, 81)
2023-11-30 08:30:09,48:55:19:DF:28:48 requested time
2023-11-30 08:30:10,485519DF2986_sys.log time sent (2023, 11, 30, 3, 8, 30, 9, 81)
2023-11-30 09:06:01,48:E7:29:53:7E:2C requested time
2023-11-30 09:06:02,485519DF2986_sys.log time sent (2023, 11, 30, 3, 9, 6, 1, 81)
2023-11-30 09:14:51,48:E7:29:53:67:2E requested time
2023-11-30 09:14:51,485519DF2986_sys.log time sent (2023, 11, 30, 3, 9, 14, 51, 84)
2023-11-30 09:17:53,48:E7:29:55:52:AD requested time
2023-11-30 09:17:54,485519DF2986_sys.log time sent (2023, 11, 30, 3, 9, 17, 53, 81)
2023-11-30 09:30:01,48:55:19:DF:28:48 requested time
2023-11-30 09:30:01,485519DF2986_sys.log time sent (2023, 11, 30, 3, 9, 30, 1, 83)
2023-11-30 10:00:15,48:E7:29:53:67:2E requested time
2023-11-30 10:00:15,485519DF2986_sys.log time sent (2023, 11, 30, 3, 10, 0, 15, 81)
2023-11-30 10:06:06,48:E7:29:53:7E:2C requested time
2023-11-30 10:06:07,485519DF2986_sys.log time sent (2023, 11, 30, 3, 10, 6, 6, 81)
2023-11-30 10:15:06,48:E7:29:55:52:AD requested time
2023-11-30 10:15:06,485519DF2986_sys.log time sent (2023, 11, 30, 3, 10, 15, 6, 82)
2023-11-30 10:30:17,48:55:19:DF:28:48 requested time
2023-11-30 10:30:18,485519DF2986_sys.log time sent (2023, 11, 30, 3, 10, 30, 17, 91)
2023-11-30 11:00:16,48:E7:29:53:67:2E requested time
2023-11-30 11:00:17,485519DF2986_sys.log time sent (2023, 11, 30, 3, 11, 0, 16, 81)
2023-11-30 11:06:11,48:E7:29:53:7E:2C requested time
2023-11-30 11:06:11,485519DF2986_sys.log time sent (2023, 11, 30, 3, 11, 6, 11, 84)
2023-11-30 11:15:16,48:E7:29:55:52:AD requested time
2023-11-30 11:15:16,485519DF2986_sys.log time sent (2023, 11, 30, 3, 11, 15, 16, 81)
2023-11-30 11:30:14,48:55:19:DF:28:48 requested time
2023-11-30 11:30:14,485519DF2986_sys.log time sent (2023, 11, 30, 3, 11, 30, 14, 81)
2023-11-30 12:00:13,48:E7:29:53:67:2E requested time
2023-11-30 12:00:13,485519DF2986_sys.log time sent (2023, 11, 30, 3, 12, 0, 13, 82)
2023-11-30 12:06:10,48:E7:29:53:7E:2C requested time
2023-11-30 12:06:11,485519DF2986_sys.log time sent (2023, 11, 30, 3, 12, 6, 10, 81)
2023-11-30 12:15:10,48:E7:29:55:52:AD requested time
2023-11-30 12:15:10,485519DF2986_sys.log time sent (2023, 11, 30, 3, 12, 15, 10, 81)
2023-11-30 12:30:10,48:55:19:DF:28:48 requested time
2023-11-30 12:30:10,485519DF2986_sys.log time sent (2023, 11, 30, 3, 12, 30, 10, 81)
2023-11-30 12:59:59,48:E7:29:53:67:2E requested time
2023-11-30 12:59:59,485519DF2986_sys.log time sent (2023, 11, 30, 3, 12, 59, 59, 81)
2023-11-30 13:06:10,48:E7:29:53:7E:2C requested time
2023-11-30 13:06:10,485519DF2986_sys.log time sent (2023, 11, 30, 3, 13, 6, 10, 82)
2023-11-30 13:15:09,48:E7:29:55:52:AD requested time
2023-11-30 13:15:09,485519DF2986_sys.log time sent (2023, 11, 30, 3, 13, 15, 9, 91)
2023-11-30 13:29:56,48:55:19:DF:28:48 requested time
2023-11-30 13:29:57,485519DF2986_sys.log time sent (2023, 11, 30, 3, 13, 29, 56, 82)
2023-11-30 13:59:55,48:E7:29:53:67:2E requested time
2023-11-30 13:59:56,485519DF2986_sys.log time sent (2023, 11, 30, 3, 13, 59, 55, 81)
2023-11-30 14:06:04,48:E7:29:53:7E:2C requested time
2023-11-30 14:06:05,485519DF2986_sys.log time sent (2023, 11, 30, 3, 14, 6, 4, 82)
2023-11-30 14:15:08,48:E7:29:55:52:AD requested time
2023-11-30 14:15:09,485519DF2986_sys.log time sent (2023, 11, 30, 3, 14, 15, 8, 91)
2023-11-30 14:30:03,48:55:19:DF:28:48 requested time
2023-11-30 14:30:03,485519DF2986_sys.log time sent (2023, 11, 30, 3, 14, 30, 3, 81)
2023-11-30 15:00:12,48:E7:29:53:67:2E requested time
2023-11-30 15:00:12,485519DF2986_sys.log time sent (2023, 11, 30, 3, 15, 0, 12, 82)
2023-11-30 15:06:04,48:E7:29:53:7E:2C requested time
2023-11-30 15:06:04,485519DF2986_sys.log time sent (2023, 11, 30, 3, 15, 6, 4, 82)
2023-11-30 15:15:08,48:E7:29:55:52:AD requested time
2023-11-30 15:15:08,485519DF2986_sys.log time sent (2023, 11, 30, 3, 15, 15, 8, 84)
2023-11-30 15:30:04,48:55:19:DF:28:48 requested time
2023-11-30 15:30:05,485519DF2986_sys.log time sent (2023, 11, 30, 3, 15, 30, 4, 81)
2023-11-30 16:00:08,48:E7:29:53:67:2E requested time
2023-11-30 16:00:09,485519DF2986_sys.log time sent (2023, 11, 30, 3, 16, 0, 8, 81)
2023-11-30 16:06:05,48:E7:29:53:7E:2C requested time
2023-11-30 16:06:05,485519DF2986_sys.log time sent (2023, 11, 30, 3, 16, 6, 5, 81)
2023-11-30 16:15:07,48:E7:29:55:52:AD requested time
2023-11-30 16:15:07,485519DF2986_sys.log time sent (2023, 11, 30, 3, 16, 15, 7, 84)
2023-11-30 16:30:31,48:55:19:DF:28:48 requested time
2023-11-30 16:30:31,485519DF2986_sys.log time sent (2023, 11, 30, 3, 16, 30, 31, 81)
2023-11-30 17:00:30,48:E7:29:53:67:2E requested time
2023-11-30 17:00:30,485519DF2986_sys.log time sent (2023, 11, 30, 3, 17, 0, 30, 82)
2023-11-30 17:06:21,48:E7:29:53:7E:2C requested time
2023-11-30 17:06:21,485519DF2986_sys.log time sent (2023, 11, 30, 3, 17, 6, 21, 92)
2023-11-30 17:15:16,48:E7:29:55:52:AD requested time
2023-11-30 17:15:17,485519DF2986_sys.log time sent (2023, 11, 30, 3, 17, 15, 16, 82)
2023-11-30 17:30:07,48:55:19:DF:28:48 requested time
2023-11-30 17:30:07,485519DF2986_sys.log time sent (2023, 11, 30, 3, 17, 30, 7, 82)
2023-11-30 18:00:06,48:E7:29:53:67:2E requested time
2023-11-30 18:00:06,485519DF2986_sys.log time sent (2023, 11, 30, 3, 18, 0, 6, 82)
2023-11-30 18:06:10,48:E7:29:53:7E:2C requested time
2023-11-30 18:06:10,485519DF2986_sys.log time sent (2023, 11, 30, 3, 18, 6, 10, 91)
2023-11-30 18:15:10,48:E7:29:55:52:AD requested time
2023-11-30 18:15:11,485519DF2986_sys.log time sent (2023, 11, 30, 3, 18, 15, 10, 82)
2023-11-30 18:29:58,48:55:19:DF:28:48 requested time
2023-11-30 18:29:59,485519DF2986_sys.log time sent (2023, 11, 30, 3, 18, 29, 58, 82)
2023-11-30 18:59:57,48:E7:29:53:67:2E requested time
2023-11-30 18:59:58,485519DF2986_sys.log time sent (2023, 11, 30, 3, 18, 59, 57, 81)
2023-11-30 19:06:04,48:E7:29:53:7E:2C requested time
2023-11-30 19:06:04,485519DF2986_sys.log time sent (2023, 11, 30, 3, 19, 6, 4, 82)
2023-11-30 19:14:59,48:E7:29:55:52:AD requested time
2023-11-30 19:14:59,485519DF2986_sys.log time sent (2023, 11, 30, 3, 19, 14, 59, 82)
2023-11-30 19:30:10,48:55:19:DF:28:48 requested time
2023-11-30 19:30:10,485519DF2986_sys.log time sent (2023, 11, 30, 3, 19, 30, 10, 82)
2023-11-30 20:00:08,48:E7:29:53:67:2E requested time
2023-11-30 20:00:09,485519DF2986_sys.log time sent (2023, 11, 30, 3, 20, 0, 8, 82)
2023-11-30 20:06:10,48:E7:29:53:7E:2C requested time
2023-11-30 20:06:11,485519DF2986_sys.log time sent (2023, 11, 30, 3, 20, 6, 10, 82)
2023-11-30 20:15:09,48:E7:29:55:52:AD requested time
2023-11-30 20:15:09,485519DF2986_sys.log time sent (2023, 11, 30, 3, 20, 15, 9, 82)
2023-11-30 20:30:11,48:55:19:DF:28:48 requested time
2023-11-30 20:30:11,485519DF2986_sys.log time sent (2023, 11, 30, 3, 20, 30, 11, 82)
2023-11-30 21:00:10,48:E7:29:53:67:2E requested time
2023-11-30 21:00:10,485519DF2986_sys.log time sent (2023, 11, 30, 3, 21, 0, 10, 91)
2023-11-30 21:06:11,48:E7:29:53:7E:2C requested time
2023-11-30 21:06:12,485519DF2986_sys.log time sent (2023, 11, 30, 3, 21, 6, 11, 82)
2023-11-30 21:15:08,48:E7:29:55:52:AD requested time
2023-11-30 21:15:08,485519DF2986_sys.log time sent (2023, 11, 30, 3, 21, 15, 8, 82)
2023-11-30 21:30:07,48:55:19:DF:28:48 requested time
2023-11-30 21:30:08,485519DF2986_sys.log time sent (2023, 11, 30, 3, 21, 30, 7, 84)
2023-11-30 22:00:11,48:E7:29:53:67:2E requested time
2023-11-30 22:00:12,485519DF2986_sys.log time sent (2023, 11, 30, 3, 22, 0, 11, 82)
2023-11-30 22:06:07,48:E7:29:53:7E:2C requested time
2023-11-30 22:06:07,485519DF2986_sys.log time sent (2023, 11, 30, 3, 22, 6, 7, 81)
2023-11-30 22:15:12,48:E7:29:55:52:AD requested time
2023-11-30 22:15:12,485519DF2986_sys.log time sent (2023, 11, 30, 3, 22, 15, 12, 82)
2023-11-30 22:30:09,48:55:19:DF:28:48 requested time
2023-11-30 22:30:09,485519DF2986_sys.log time sent (2023, 11, 30, 3, 22, 30, 9, 82)
2023-11-30 23:00:13,48:E7:29:53:67:2E requested time
2023-11-30 23:00:13,485519DF2986_sys.log time sent (2023, 11, 30, 3, 23, 0, 13, 82)
2023-11-30 23:06:14,48:E7:29:53:7E:2C requested time
2023-11-30 23:06:15,485519DF2986_sys.log time sent (2023, 11, 30, 3, 23, 6, 14, 81)
2023-11-30 23:15:11,48:E7:29:55:52:AD requested time
2023-11-30 23:15:12,485519DF2986_sys.log time sent (2023, 11, 30, 3, 23, 15, 11, 81)
2023-11-30 23:30:05,48:55:19:DF:28:48 requested time
2023-11-30 23:30:05,485519DF2986_sys.log time sent (2023, 11, 30, 3, 23, 30, 5, 82)
2023-12-01 00:00:09,48:E7:29:53:67:2E requested time
2023-12-01 00:00:09,485519DF2986_sys.log time sent (2023, 12, 1, 4, 0, 0, 9, 82)
2023-12-01 00:06:12,48:E7:29:53:7E:2C requested time
2023-12-01 00:06:12,485519DF2986_sys.log time sent (2023, 12, 1, 4, 0, 6, 12, 82)
2023-12-01 00:15:05,48:E7:29:55:52:AD requested time
2023-12-01 00:15:05,485519DF2986_sys.log time sent (2023, 12, 1, 4, 0, 15, 5, 84)
2023-12-01 00:30:11,48:55:19:DF:28:48 requested time
2023-12-01 00:30:12,485519DF2986_sys.log time sent (2023, 12, 1, 4, 0, 30, 11, 91)
2023-12-01 01:00:10,48:E7:29:53:67:2E requested time
2023-12-01 01:00:11,485519DF2986_sys.log time sent (2023, 12, 1, 4, 1, 0, 10, 82)
2023-12-01 01:06:12,48:E7:29:53:7E:2C requested time
2023-12-01 01:06:13,485519DF2986_sys.log time sent (2023, 12, 1, 4, 1, 6, 12, 82)
2023-12-01 01:15:04,48:E7:29:55:52:AD requested time
2023-12-01 01:15:04,485519DF2986_sys.log time sent (2023, 12, 1, 4, 1, 15, 4, 82)
2023-12-01 01:30:02,48:55:19:DF:28:48 requested time
2023-12-01 01:30:03,485519DF2986_sys.log time sent (2023, 12, 1, 4, 1, 30, 2, 91)
2023-12-01 02:00:07,48:E7:29:53:67:2E requested time
2023-12-01 02:00:07,485519DF2986_sys.log time sent (2023, 12, 1, 4, 2, 0, 7, 82)
2023-12-01 02:06:08,48:E7:29:53:7E:2C requested time
2023-12-01 02:06:08,485519DF2986_sys.log time sent (2023, 12, 1, 4, 2, 6, 8, 85)
2023-12-01 02:15:08,48:E7:29:55:52:AD requested time
2023-12-01 02:15:09,485519DF2986_sys.log time sent (2023, 12, 1, 4, 2, 15, 8, 82)
2023-12-01 02:30:14,48:55:19:DF:28:48 requested time
2023-12-01 02:30:14,485519DF2986_sys.log time sent (2023, 12, 1, 4, 2, 30, 14, 82)
2023-12-01 03:00:13,48:E7:29:53:67:2E requested time
2023-12-01 03:00:13,485519DF2986_sys.log time sent (2023, 12, 1, 4, 3, 0, 13, 82)
2023-12-01 03:06:10,48:E7:29:53:7E:2C requested time
2023-12-01 03:06:11,485519DF2986_sys.log time sent (2023, 12, 1, 4, 3, 6, 10, 82)
2023-12-01 03:15:07,48:E7:29:55:52:AD requested time
2023-12-01 03:15:08,485519DF2986_sys.log time sent (2023, 12, 1, 4, 3, 15, 7, 82)
2023-12-01 03:30:05,48:55:19:DF:28:48 requested time
2023-12-01 03:30:05,485519DF2986_sys.log time sent (2023, 12, 1, 4, 3, 30, 5, 82)
2023-12-01 04:00:09,48:E7:29:53:67:2E requested time
2023-12-01 04:00:10,485519DF2986_sys.log time sent (2023, 12, 1, 4, 4, 0, 9, 82)
2023-12-01 04:06:13,48:E7:29:53:7E:2C requested time
2023-12-01 04:06:13,485519DF2986_sys.log time sent (2023, 12, 1, 4, 4, 6, 13, 82)
2023-12-01 04:15:11,48:E7:29:55:52:AD requested time
2023-12-01 04:15:12,485519DF2986_sys.log time sent (2023, 12, 1, 4, 4, 15, 11, 82)
2023-12-01 04:30:06,48:55:19:DF:28:48 requested time
2023-12-01 04:30:07,485519DF2986_sys.log time sent (2023, 12, 1, 4, 4, 30, 6, 82)
2023-12-01 05:00:11,48:E7:29:53:67:2E requested time
2023-12-01 05:00:11,485519DF2986_sys.log time sent (2023, 12, 1, 4, 5, 0, 11, 82)
2023-12-01 05:06:09,48:E7:29:53:7E:2C requested time
2023-12-01 05:06:09,485519DF2986_sys.log time sent (2023, 12, 1, 4, 5, 6, 9, 82)
2023-12-01 05:15:11,48:E7:29:55:52:AD requested time
2023-12-01 05:15:11,485519DF2986_sys.log time sent (2023, 12, 1, 4, 5, 15, 11, 91)
2023-12-01 05:30:03,48:55:19:DF:28:48 requested time
2023-12-01 05:30:03,485519DF2986_sys.log time sent (2023, 12, 1, 4, 5, 30, 3, 82)
2023-12-01 06:00:07,48:E7:29:53:67:2E requested time
2023-12-01 06:00:07,485519DF2986_sys.log time sent (2023, 12, 1, 4, 6, 0, 7, 82)
2023-12-01 06:06:09,48:E7:29:53:7E:2C requested time
2023-12-01 06:06:10,485519DF2986_sys.log time sent (2023, 12, 1, 4, 6, 6, 9, 81)
2023-12-01 06:15:10,48:E7:29:55:52:AD requested time
2023-12-01 06:15:10,485519DF2986_sys.log time sent (2023, 12, 1, 4, 6, 15, 10, 91)
2023-12-01 06:30:09,48:55:19:DF:28:48 requested time
2023-12-01 06:30:10,485519DF2986_sys.log time sent (2023, 12, 1, 4, 6, 30, 9, 81)
2023-12-01 07:00:03,48:E7:29:53:67:2E requested time
2023-12-01 07:00:04,485519DF2986_sys.log time sent (2023, 12, 1, 4, 7, 0, 3, 81)
2023-12-01 07:06:07,48:E7:29:53:7E:2C requested time
2023-12-01 07:06:07,485519DF2986_sys.log time sent (2023, 12, 1, 4, 7, 6, 7, 81)
2023-12-01 07:15:03,48:E7:29:55:52:AD requested time
2023-12-01 07:15:04,485519DF2986_sys.log time sent (2023, 12, 1, 4, 7, 15, 3, 81)
2023-12-01 07:30:00,48:55:19:DF:28:48 requested time
2023-12-01 07:30:01,485519DF2986_sys.log time sent (2023, 12, 1, 4, 7, 30, 0, 82)
2023-12-01 08:00:15,48:E7:29:53:67:2E requested time
2023-12-01 08:00:15,485519DF2986_sys.log time sent (2023, 12, 1, 4, 8, 0, 15, 82)
2023-12-01 08:06:13,48:E7:29:53:7E:2C requested time
2023-12-01 08:06:13,485519DF2986_sys.log time sent (2023, 12, 1, 4, 8, 6, 13, 81)
2023-12-01 08:15:08,48:E7:29:55:52:AD requested time
2023-12-01 08:15:08,485519DF2986_sys.log time sent (2023, 12, 1, 4, 8, 15, 8, 82)
2023-12-01 08:30:12,48:55:19:DF:28:48 requested time
2023-12-01 08:30:12,485519DF2986_sys.log time sent (2023, 12, 1, 4, 8, 30, 12, 82)
2023-12-01 08:59:51,48:E7:29:53:67:2E requested time
2023-12-01 08:59:51,485519DF2986_sys.log time sent (2023, 12, 1, 4, 8, 59, 51, 82)
2023-12-01 09:05:56,48:E7:29:53:7E:2C requested time
2023-12-01 09:05:57,485519DF2986_sys.log time sent (2023, 12, 1, 4, 9, 5, 56, 81)
2023-12-01 09:15:02,48:E7:29:55:52:AD requested time
2023-12-01 09:15:02,485519DF2986_sys.log time sent (2023, 12, 1, 4, 9, 15, 2, 82)
2023-12-01 09:29:58,48:55:19:DF:28:48 requested time
2023-12-01 09:29:59,485519DF2986_sys.log time sent (2023, 12, 1, 4, 9, 29, 58, 82)
2023-12-01 09:45:05,48:E7:29:53:67:2E requested time
2023-12-01 09:45:05,485519DF2986_sys.log time sent (2023, 12, 1, 4, 9, 45, 5, 82)
2023-12-01 10:06:06,48:E7:29:53:7E:2C requested time
2023-12-01 10:06:06,485519DF2986_sys.log time sent (2023, 12, 1, 4, 10, 6, 6, 91)
2023-12-01 10:15:11,48:E7:29:55:52:AD requested time
2023-12-01 10:15:11,485519DF2986_sys.log time sent (2023, 12, 1, 4, 10, 15, 11, 82)
2023-12-01 10:30:10,48:55:19:DF:28:48 requested time
2023-12-01 10:30:10,485519DF2986_sys.log time sent (2023, 12, 1, 4, 10, 30, 10, 82)
2023-12-01 10:45:07,48:E7:29:53:67:2E requested time
2023-12-01 10:45:07,485519DF2986_sys.log time sent (2023, 12, 1, 4, 10, 45, 7, 81)
2023-12-01 11:06:06,48:E7:29:53:7E:2C requested time
2023-12-01 11:06:06,485519DF2986_sys.log time sent (2023, 12, 1, 4, 11, 6, 6, 82)
2023-12-01 11:14:55,48:E7:29:55:52:AD requested time
2023-12-01 11:14:55,485519DF2986_sys.log time sent (2023, 12, 1, 4, 11, 14, 55, 82)
2023-12-01 11:29:56,48:55:19:DF:28:48 requested time
2023-12-01 11:29:56,485519DF2986_sys.log time sent (2023, 12, 1, 4, 11, 29, 56, 82)
2023-12-01 11:44:58,48:E7:29:53:67:2E requested time
2023-12-01 11:44:58,485519DF2986_sys.log time sent (2023, 12, 1, 4, 11, 44, 58, 82)
2023-12-01 12:06:07,48:E7:29:53:7E:2C requested time
2023-12-01 12:06:07,485519DF2986_sys.log time sent (2023, 12, 1, 4, 12, 6, 7, 82)
2023-12-01 12:15:05,48:E7:29:55:52:AD requested time
2023-12-01 12:15:05,485519DF2986_sys.log time sent (2023, 12, 1, 4, 12, 15, 5, 82)
2023-12-01 12:30:12,48:55:19:DF:28:48 requested time
2023-12-01 12:30:13,485519DF2986_sys.log time sent (2023, 12, 1, 4, 12, 30, 12, 81)
2023-12-01 12:45:09,48:E7:29:53:67:2E requested time
2023-12-01 12:45:10,485519DF2986_sys.log time sent (2023, 12, 1, 4, 12, 45, 9, 82)
2023-12-01 13:06:13,48:E7:29:53:7E:2C requested time
2023-12-01 13:06:13,485519DF2986_sys.log time sent (2023, 12, 1, 4, 13, 6, 13, 82)
2023-12-01 13:15:14,48:E7:29:55:52:AD requested time
2023-12-01 13:15:15,485519DF2986_sys.log time sent (2023, 12, 1, 4, 13, 15, 14, 82)
2023-12-01 13:30:14,48:55:19:DF:28:48 requested time
2023-12-01 13:30:14,485519DF2986_sys.log time sent (2023, 12, 1, 4, 13, 30, 14, 82)
2023-12-01 13:45:11,48:E7:29:53:67:2E requested time
2023-12-01 13:45:11,485519DF2986_sys.log time sent (2023, 12, 1, 4, 13, 45, 11, 94)
2023-12-01 14:06:12,48:E7:29:53:7E:2C requested time
2023-12-01 14:06:13,485519DF2986_sys.log time sent (2023, 12, 1, 4, 14, 6, 12, 81)
2023-12-01 14:15:08,48:E7:29:55:52:AD requested time
2023-12-01 14:15:09,485519DF2986_sys.log time sent (2023, 12, 1, 4, 14, 15, 8, 82)
2023-12-01 14:30:10,48:55:19:DF:28:48 requested time
2023-12-01 14:30:11,485519DF2986_sys.log time sent (2023, 12, 1, 4, 14, 30, 10, 82)
2023-12-01 14:45:12,48:E7:29:53:67:2E requested time
2023-12-01 14:45:12,485519DF2986_sys.log time sent (2023, 12, 1, 4, 14, 45, 12, 81)
2023-12-01 15:06:12,48:E7:29:53:7E:2C requested time
2023-12-01 15:06:12,485519DF2986_sys.log time sent (2023, 12, 1, 4, 15, 6, 12, 82)
2023-12-01 15:15:08,48:E7:29:55:52:AD requested time
2023-12-01 15:15:08,485519DF2986_sys.log time sent (2023, 12, 1, 4, 15, 15, 8, 82)
2023-12-01 15:30:07,48:55:19:DF:28:48 requested time
2023-12-01 15:30:07,485519DF2986_sys.log time sent (2023, 12, 1, 4, 15, 30, 7, 82)
2023-12-01 15:45:08,48:E7:29:53:67:2E requested time
2023-12-01 15:45:09,485519DF2986_sys.log time sent (2023, 12, 1, 4, 15, 45, 8, 82)
2023-12-01 16:06:11,48:E7:29:53:7E:2C requested time
2023-12-01 16:06:12,485519DF2986_sys.log time sent (2023, 12, 1, 4, 16, 6, 11, 82)
2023-12-01 16:15:02,48:E7:29:55:52:AD requested time
2023-12-01 16:15:02,485519DF2986_sys.log time sent (2023, 12, 1, 4, 16, 15, 2, 82)
2023-12-01 16:30:08,48:55:19:DF:28:48 requested time
2023-12-01 16:30:08,485519DF2986_sys.log time sent (2023, 12, 1, 4, 16, 30, 8, 82)
2023-12-01 16:45:00,48:E7:29:53:67:2E requested time
2023-12-01 16:45:00,485519DF2986_sys.log time sent (2023, 12, 1, 4, 16, 45, 0, 81)
2023-12-01 17:06:10,48:E7:29:53:7E:2C requested time
2023-12-01 17:06:11,485519DF2986_sys.log time sent (2023, 12, 1, 4, 17, 6, 10, 82)
2023-12-01 17:15:11,48:E7:29:55:52:AD requested time
2023-12-01 17:15:12,485519DF2986_sys.log time sent (2023, 12, 1, 4, 17, 15, 11, 81)
2023-12-01 17:30:10,48:55:19:DF:28:48 requested time
2023-12-01 17:30:10,485519DF2986_sys.log time sent (2023, 12, 1, 4, 17, 30, 10, 94)
2023-12-01 17:45:11,48:E7:29:53:67:2E requested time
2023-12-01 17:45:12,485519DF2986_sys.log time sent (2023, 12, 1, 4, 17, 45, 11, 82)
2023-12-01 18:06:10,48:E7:29:53:7E:2C requested time
2023-12-01 18:06:10,485519DF2986_sys.log time sent (2023, 12, 1, 4, 18, 6, 10, 82)
2023-12-01 18:15:26,48:E7:29:55:52:AD requested time
2023-12-01 18:15:26,485519DF2986_sys.log time sent (2023, 12, 1, 4, 18, 15, 26, 82)
2023-12-01 18:30:11,48:55:19:DF:28:48 requested time
2023-12-01 18:30:11,485519DF2986_sys.log time sent (2023, 12, 1, 4, 18, 30, 11, 82)
2023-12-01 18:45:13,48:E7:29:53:67:2E requested time
2023-12-01 18:45:13,485519DF2986_sys.log time sent (2023, 12, 1, 4, 18, 45, 13, 81)
2023-12-01 19:06:11,48:E7:29:53:7E:2C requested time
2023-12-01 19:06:11,485519DF2986_sys.log time sent (2023, 12, 1, 4, 19, 6, 11, 82)
2023-12-01 19:15:09,48:E7:29:55:52:AD requested time
2023-12-01 19:15:10,485519DF2986_sys.log time sent (2023, 12, 1, 4, 19, 15, 9, 82)
2023-12-01 19:30:22,48:55:19:DF:28:48 requested time
2023-12-01 19:30:23,485519DF2986_sys.log time sent (2023, 12, 1, 4, 19, 30, 22, 82)
2023-12-01 19:45:09,48:E7:29:53:67:2E requested time
2023-12-01 19:45:09,485519DF2986_sys.log time sent (2023, 12, 1, 4, 19, 45, 9, 82)
2023-12-01 20:06:11,48:E7:29:53:7E:2C requested time
2023-12-01 20:06:12,485519DF2986_sys.log time sent (2023, 12, 1, 4, 20, 6, 11, 82)
2023-12-01 20:15:14,48:E7:29:55:52:AD requested time
2023-12-01 20:15:14,485519DF2986_sys.log time sent (2023, 12, 1, 4, 20, 15, 14, 84)
2023-12-01 20:30:04,48:55:19:DF:28:48 requested time
2023-12-01 20:30:04,485519DF2986_sys.log time sent (2023, 12, 1, 4, 20, 30, 4, 82)
2023-12-01 20:45:10,48:E7:29:53:67:2E requested time
2023-12-01 20:45:11,485519DF2986_sys.log time sent (2023, 12, 1, 4, 20, 45, 10, 82)
2023-12-01 21:06:06,48:E7:29:53:7E:2C requested time
2023-12-01 21:06:06,485519DF2986_sys.log time sent (2023, 12, 1, 4, 21, 6, 6, 82)
2023-12-01 21:15:13,48:E7:29:55:52:AD requested time
2023-12-01 21:15:13,485519DF2986_sys.log time sent (2023, 12, 1, 4, 21, 15, 13, 91)
2023-12-01 21:30:00,48:55:19:DF:28:48 requested time
2023-12-01 21:30:00,485519DF2986_sys.log time sent (2023, 12, 1, 4, 21, 30, 0, 82)
2023-12-01 21:45:06,48:E7:29:53:67:2E requested time
2023-12-01 21:45:07,485519DF2986_sys.log time sent (2023, 12, 1, 4, 21, 45, 6, 81)
2023-12-01 22:06:07,48:E7:29:53:7E:2C requested time
2023-12-01 22:06:07,485519DF2986_sys.log time sent (2023, 12, 1, 4, 22, 6, 7, 84)
2023-12-01 22:15:06,48:E7:29:55:52:AD requested time
2023-12-01 22:15:07,485519DF2986_sys.log time sent (2023, 12, 1, 4, 22, 15, 6, 110)
2023-12-01 22:30:11,48:55:19:DF:28:48 requested time
2023-12-01 22:30:12,485519DF2986_sys.log time sent (2023, 12, 1, 4, 22, 30, 11, 93)
2023-12-01 22:45:08,48:E7:29:53:67:2E requested time
2023-12-01 22:45:08,485519DF2986_sys.log time sent (2023, 12, 1, 4, 22, 45, 8, 94)
2023-12-01 23:06:09,48:E7:29:53:7E:2C requested time
2023-12-01 23:06:09,485519DF2986_sys.log time sent (2023, 12, 1, 4, 23, 6, 9, 94)
2023-12-01 23:15:05,48:E7:29:55:52:AD requested time
2023-12-01 23:15:06,485519DF2986_sys.log time sent (2023, 12, 1, 4, 23, 15, 5, 94)
2023-12-01 23:30:08,48:55:19:DF:28:48 requested time
2023-12-01 23:30:08,485519DF2986_sys.log time sent (2023, 12, 1, 4, 23, 30, 8, 94)
2023-12-01 23:45:04,48:E7:29:53:67:2E requested time
2023-12-01 23:45:05,485519DF2986_sys.log time sent (2023, 12, 1, 4, 23, 45, 4, 93)
2023-12-02 00:06:11,48:E7:29:53:7E:2C requested time
2023-12-02 00:06:12,485519DF2986_sys.log time sent (2023, 12, 2, 5, 0, 6, 11, 94)
2023-12-02 00:15:10,48:E7:29:55:52:AD requested time
2023-12-02 00:15:10,485519DF2986_sys.log time sent (2023, 12, 2, 5, 0, 15, 10, 96)
2023-12-02 00:30:09,48:55:19:DF:28:48 requested time
2023-12-02 00:30:10,485519DF2986_sys.log time sent (2023, 12, 2, 5, 0, 30, 9, 96)
2023-12-02 00:45:11,48:E7:29:53:67:2E requested time
2023-12-02 00:45:11,485519DF2986_sys.log time sent (2023, 12, 2, 5, 0, 45, 11, 94)
2023-12-02 01:06:08,48:E7:29:53:7E:2C requested time
2023-12-02 01:06:09,485519DF2986_sys.log time sent (2023, 12, 2, 5, 1, 6, 8, 103)
2023-12-02 01:06:12,48:E7:29:53:7E:2C requested time
2023-12-02 01:06:12,485519DF2986_sys.log time sent (2023, 12, 2, 5, 1, 6, 12, 93)
2023-12-02 01:15:09,48:E7:29:55:52:AD requested time
2023-12-02 01:15:09,485519DF2986_sys.log time sent (2023, 12, 2, 5, 1, 15, 9, 94)
2023-12-02 01:30:05,48:55:19:DF:28:48 requested time
2023-12-02 01:30:06,485519DF2986_sys.log time sent (2023, 12, 2, 5, 1, 30, 5, 94)
2023-12-02 01:45:07,48:E7:29:53:67:2E requested time
2023-12-02 01:45:07,485519DF2986_sys.log time sent (2023, 12, 2, 5, 1, 45, 7, 103)
2023-12-02 02:06:07,48:E7:29:53:7E:2C requested time
2023-12-02 02:06:07,485519DF2986_sys.log time sent (2023, 12, 2, 5, 2, 6, 7, 94)
2023-12-02 02:15:03,48:E7:29:55:52:AD requested time
2023-12-02 02:15:03,485519DF2986_sys.log time sent (2023, 12, 2, 5, 2, 15, 3, 94)
2023-12-02 02:30:07,48:55:19:DF:28:48 requested time
2023-12-02 02:30:07,485519DF2986_sys.log time sent (2023, 12, 2, 5, 2, 30, 7, 94)
2023-12-02 02:45:03,48:E7:29:53:67:2E requested time
2023-12-02 02:45:04,485519DF2986_sys.log time sent (2023, 12, 2, 5, 2, 45, 3, 94)
2023-12-02 03:06:08,48:E7:29:53:7E:2C requested time
2023-12-02 03:06:09,485519DF2986_sys.log time sent (2023, 12, 2, 5, 3, 6, 8, 94)
2023-12-02 03:15:07,48:E7:29:55:52:AD requested time
2023-12-02 03:15:07,485519DF2986_sys.log time sent (2023, 12, 2, 5, 3, 15, 7, 94)
2023-12-02 03:30:08,48:55:19:DF:28:48 requested time
2023-12-02 03:30:08,485519DF2986_sys.log time sent (2023, 12, 2, 5, 3, 30, 8, 94)
2023-12-02 03:45:10,48:E7:29:53:67:2E requested time
2023-12-02 03:45:10,485519DF2986_sys.log time sent (2023, 12, 2, 5, 3, 45, 10, 94)
2023-12-02 04:06:09,48:E7:29:53:7E:2C requested time
2023-12-02 04:06:10,485519DF2986_sys.log time sent (2023, 12, 2, 5, 4, 6, 9, 93)
2023-12-02 04:15:11,48:E7:29:55:52:AD requested time
2023-12-02 04:15:12,485519DF2986_sys.log time sent (2023, 12, 2, 5, 4, 15, 11, 94)
2023-12-02 04:30:10,48:55:19:DF:28:48 requested time
2023-12-02 04:30:10,485519DF2986_sys.log time sent (2023, 12, 2, 5, 4, 30, 10, 96)
2023-12-02 04:45:06,48:E7:29:53:67:2E requested time
2023-12-02 04:45:06,485519DF2986_sys.log time sent (2023, 12, 2, 5, 4, 45, 6, 94)
2023-12-02 05:06:08,48:E7:29:53:7E:2C requested time
2023-12-02 05:06:09,485519DF2986_sys.log time sent (2023, 12, 2, 5, 5, 6, 8, 93)
2023-12-02 05:15:10,48:E7:29:55:52:AD requested time
2023-12-02 05:15:11,485519DF2986_sys.log time sent (2023, 12, 2, 5, 5, 15, 10, 94)
2023-12-02 05:30:06,48:55:19:DF:28:48 requested time
2023-12-02 05:30:06,485519DF2986_sys.log time sent (2023, 12, 2, 5, 5, 30, 6, 103)
2023-12-02 05:45:07,48:E7:29:53:67:2E requested time
2023-12-02 05:45:08,485519DF2986_sys.log time sent (2023, 12, 2, 5, 5, 45, 7, 94)
2023-12-02 06:06:08,48:E7:29:53:7E:2C requested time
2023-12-02 06:06:08,485519DF2986_sys.log time sent (2023, 12, 2, 5, 6, 6, 8, 94)
2023-12-02 06:15:09,48:E7:29:55:52:AD requested time
2023-12-02 06:15:10,485519DF2986_sys.log time sent (2023, 12, 2, 5, 6, 15, 9, 93)
2023-12-02 06:30:07,48:55:19:DF:28:48 requested time
2023-12-02 06:30:08,485519DF2986_sys.log time sent (2023, 12, 2, 5, 6, 30, 7, 103)
2023-12-02 06:45:09,48:E7:29:53:67:2E requested time
2023-12-02 06:45:09,485519DF2986_sys.log time sent (2023, 12, 2, 5, 6, 45, 9, 94)
2023-12-02 07:06:07,48:E7:29:53:7E:2C requested time
2023-12-02 07:06:07,485519DF2986_sys.log time sent (2023, 12, 2, 5, 7, 6, 7, 93)
2023-12-02 07:15:03,48:E7:29:55:52:AD requested time
2023-12-02 07:15:04,485519DF2986_sys.log time sent (2023, 12, 2, 5, 7, 15, 3, 94)
2023-12-02 07:30:09,48:55:19:DF:28:48 requested time
2023-12-02 07:30:09,485519DF2986_sys.log time sent (2023, 12, 2, 5, 7, 30, 9, 94)
2023-12-02 07:45:10,48:E7:29:53:67:2E requested time
2023-12-02 07:45:11,485519DF2986_sys.log time sent (2023, 12, 2, 5, 7, 45, 10, 94)
2023-12-02 08:06:07,48:E7:29:53:7E:2C requested time
2023-12-02 08:06:07,485519DF2986_sys.log time sent (2023, 12, 2, 5, 8, 6, 7, 94)
2023-12-02 08:15:13,48:E7:29:55:52:AD requested time
2023-12-02 08:15:13,485519DF2986_sys.log time sent (2023, 12, 2, 5, 8, 15, 13, 94)
2023-12-02 08:30:20,48:55:19:DF:28:48 requested time
2023-12-02 08:30:20,485519DF2986_sys.log time sent (2023, 12, 2, 5, 8, 30, 20, 94)
2023-12-02 08:45:12,48:E7:29:53:67:2E requested time
2023-12-02 08:45:12,485519DF2986_sys.log time sent (2023, 12, 2, 5, 8, 45, 12, 94)
2023-12-02 09:06:06,48:E7:29:53:7E:2C requested time
2023-12-02 09:06:07,485519DF2986_sys.log time sent (2023, 12, 2, 5, 9, 6, 6, 94)
2023-12-02 09:15:06,48:E7:29:55:52:AD requested time
2023-12-02 09:15:07,485519DF2986_sys.log time sent (2023, 12, 2, 5, 9, 15, 6, 94)
2023-12-02 09:30:06,48:55:19:DF:28:48 requested time
2023-12-02 09:30:07,485519DF2986_sys.log time sent (2023, 12, 2, 5, 9, 30, 6, 94)
2023-12-02 09:45:03,48:E7:29:53:67:2E requested time
2023-12-02 09:45:03,485519DF2986_sys.log time sent (2023, 12, 2, 5, 9, 45, 3, 96)
2023-12-02 10:06:05,48:E7:29:53:7E:2C requested time
2023-12-02 10:06:06,485519DF2986_sys.log time sent (2023, 12, 2, 5, 10, 6, 5, 94)
2023-12-02 10:15:21,48:E7:29:55:52:AD requested time
2023-12-02 10:15:22,485519DF2986_sys.log time sent (2023, 12, 2, 5, 10, 15, 21, 103)
2023-12-02 10:30:13,48:55:19:DF:28:48 requested time
2023-12-02 10:30:13,485519DF2986_sys.log time sent (2023, 12, 2, 5, 10, 30, 13, 94)
2023-12-02 10:45:14,48:E7:29:53:67:2E requested time
2023-12-02 10:45:15,485519DF2986_sys.log time sent (2023, 12, 2, 5, 10, 45, 14, 94)
2023-12-02 11:06:10,48:E7:29:53:7E:2C requested time
2023-12-02 11:06:10,485519DF2986_sys.log time sent (2023, 12, 2, 5, 11, 6, 10, 93)
2023-12-02 11:15:10,48:E7:29:55:52:AD requested time
2023-12-02 11:15:10,485519DF2986_sys.log time sent (2023, 12, 2, 5, 11, 15, 10, 93)
2023-12-02 11:30:09,48:55:19:DF:28:48 requested time
2023-12-02 11:30:09,485519DF2986_sys.log time sent (2023, 12, 2, 5, 11, 30, 9, 94)
2023-12-02 11:45:11,48:E7:29:53:67:2E requested time
2023-12-02 11:45:11,485519DF2986_sys.log time sent (2023, 12, 2, 5, 11, 45, 11, 94)
2023-12-02 12:06:15,48:E7:29:53:7E:2C requested time
2023-12-02 12:06:15,485519DF2986_sys.log time sent (2023, 12, 2, 5, 12, 6, 15, 94)
2023-12-02 12:15:04,48:E7:29:55:52:AD requested time
2023-12-02 12:15:05,485519DF2986_sys.log time sent (2023, 12, 2, 5, 12, 15, 4, 94)
2023-12-02 12:30:05,48:55:19:DF:28:48 requested time
2023-12-02 12:30:06,485519DF2986_sys.log time sent (2023, 12, 2, 5, 12, 30, 5, 94)
2023-12-02 12:45:07,48:E7:29:53:67:2E requested time
2023-12-02 12:45:08,485519DF2986_sys.log time sent (2023, 12, 2, 5, 12, 45, 7, 96)
2023-12-02 13:06:09,48:E7:29:53:7E:2C requested time
2023-12-02 13:06:09,485519DF2986_sys.log time sent (2023, 12, 2, 5, 13, 6, 9, 93)
2023-12-02 13:15:03,48:E7:29:55:52:AD requested time
2023-12-02 13:15:04,485519DF2986_sys.log time sent (2023, 12, 2, 5, 13, 15, 3, 93)
2023-12-02 13:30:07,48:55:19:DF:28:48 requested time
2023-12-02 13:30:07,485519DF2986_sys.log time sent (2023, 12, 2, 5, 13, 30, 7, 94)
2023-12-02 13:45:04,48:E7:29:53:67:2E requested time
2023-12-02 13:45:04,485519DF2986_sys.log time sent (2023, 12, 2, 5, 13, 45, 4, 93)
2023-12-02 14:06:09,48:E7:29:53:7E:2C requested time
2023-12-02 14:06:09,485519DF2986_sys.log time sent (2023, 12, 2, 5, 14, 6, 9, 103)
2023-12-02 14:15:03,48:E7:29:55:52:AD requested time
2023-12-02 14:15:03,485519DF2986_sys.log time sent (2023, 12, 2, 5, 14, 15, 3, 94)
2023-12-02 14:30:08,48:55:19:DF:28:48 requested time
2023-12-02 14:30:09,485519DF2986_sys.log time sent (2023, 12, 2, 5, 14, 30, 8, 94)
2023-12-02 14:45:00,48:E7:29:53:67:2E requested time
2023-12-02 14:45:00,485519DF2986_sys.log time sent (2023, 12, 2, 5, 14, 45, 0, 94)
2023-12-02 15:06:03,48:E7:29:53:7E:2C requested time
2023-12-02 15:06:03,485519DF2986_sys.log time sent (2023, 12, 2, 5, 15, 6, 3, 94)
2023-12-02 15:14:57,48:E7:29:55:52:AD requested time
2023-12-02 15:14:58,485519DF2986_sys.log time sent (2023, 12, 2, 5, 15, 14, 57, 94)
2023-12-02 15:30:05,48:55:19:DF:28:48 requested time
2023-12-02 15:30:05,485519DF2986_sys.log time sent (2023, 12, 2, 5, 15, 30, 5, 96)
2023-12-02 15:44:56,48:E7:29:53:67:2E requested time
2023-12-02 15:44:57,485519DF2986_sys.log time sent (2023, 12, 2, 5, 15, 44, 56, 94)
2023-12-02 16:06:02,48:E7:29:53:7E:2C requested time
2023-12-02 16:06:03,485519DF2986_sys.log time sent (2023, 12, 2, 5, 16, 6, 2, 94)
2023-12-02 16:15:07,48:E7:29:55:52:AD requested time
2023-12-02 16:15:07,485519DF2986_sys.log time sent (2023, 12, 2, 5, 16, 15, 7, 93)
2023-12-02 16:30:06,48:55:19:DF:28:48 requested time
2023-12-02 16:30:06,485519DF2986_sys.log time sent (2023, 12, 2, 5, 16, 30, 6, 94)
2023-12-02 16:45:13,48:E7:29:53:67:2E requested time
2023-12-02 16:45:13,485519DF2986_sys.log time sent (2023, 12, 2, 5, 16, 45, 13, 94)
2023-12-02 17:06:02,48:E7:29:53:7E:2C requested time
2023-12-02 17:06:02,485519DF2986_sys.log time sent (2023, 12, 2, 5, 17, 6, 2, 94)
2023-12-02 17:15:11,48:E7:29:55:52:AD requested time
2023-12-02 17:15:12,485519DF2986_sys.log time sent (2023, 12, 2, 5, 17, 15, 11, 94)
2023-12-02 17:30:08,48:55:19:DF:28:48 requested time
2023-12-02 17:30:08,485519DF2986_sys.log time sent (2023, 12, 2, 5, 17, 30, 8, 94)
2023-12-02 17:44:59,48:E7:29:53:67:2E requested time
2023-12-02 17:45:00,485519DF2986_sys.log time sent (2023, 12, 2, 5, 17, 44, 59, 103)
2023-12-02 18:06:06,48:E7:29:53:7E:2C requested time
2023-12-02 18:06:07,485519DF2986_sys.log time sent (2023, 12, 2, 5, 18, 6, 6, 93)
2023-12-02 18:15:05,48:E7:29:55:52:AD requested time
2023-12-02 18:15:06,485519DF2986_sys.log time sent (2023, 12, 2, 5, 18, 15, 5, 93)
2023-12-02 18:29:54,48:55:19:DF:28:48 requested time
2023-12-02 18:29:54,485519DF2986_sys.log time sent (2023, 12, 2, 5, 18, 29, 54, 93)
2023-12-02 18:45:00,48:E7:29:53:67:2E requested time
2023-12-02 18:45:01,485519DF2986_sys.log time sent (2023, 12, 2, 5, 18, 45, 0, 103)
2023-12-02 19:06:05,48:E7:29:53:7E:2C requested time
2023-12-02 19:06:06,485519DF2986_sys.log time sent (2023, 12, 2, 5, 19, 6, 5, 93)
2023-12-02 19:15:13,48:55:19:DF:28:48 requested time
2023-12-02 19:15:13,485519DF2986_sys.log time sent (2023, 12, 2, 5, 19, 15, 13, 93)
2023-12-02 19:15:25,48:E7:29:55:52:AD requested time
2023-12-02 19:15:25,485519DF2986_sys.log time sent (2023, 12, 2, 5, 19, 15, 25, 94)
2023-12-02 19:45:12,48:E7:29:53:67:2E requested time
2023-12-02 19:45:12,485519DF2986_sys.log time sent (2023, 12, 2, 5, 19, 45, 12, 93)
2023-12-02 20:06:10,48:E7:29:53:7E:2C requested time
2023-12-02 20:06:10,485519DF2986_sys.log time sent (2023, 12, 2, 5, 20, 6, 10, 93)
2023-12-02 20:15:09,48:55:19:DF:28:48 requested time
2023-12-02 20:15:09,485519DF2986_sys.log time sent (2023, 12, 2, 5, 20, 15, 9, 94)
2023-12-02 20:15:19,48:E7:29:55:52:AD requested time
2023-12-02 20:15:19,485519DF2986_sys.log time sent (2023, 12, 2, 5, 20, 15, 19, 94)
2023-12-02 20:45:03,48:E7:29:53:67:2E requested time
2023-12-02 20:45:04,485519DF2986_sys.log time sent (2023, 12, 2, 5, 20, 45, 3, 94)
2023-12-02 21:06:09,48:E7:29:53:7E:2C requested time
2023-12-02 21:06:10,485519DF2986_sys.log time sent (2023, 12, 2, 5, 21, 6, 9, 94)
2023-12-02 21:15:08,48:E7:29:55:52:AD requested time
2023-12-02 21:15:08,485519DF2986_sys.log time sent (2023, 12, 2, 5, 21, 15, 8, 96)
2023-12-02 21:15:10,48:55:19:DF:28:48 requested time
2023-12-02 21:15:11,485519DF2986_sys.log time sent (2023, 12, 2, 5, 21, 15, 10, 102)
2023-12-02 21:45:05,48:E7:29:53:67:2E requested time
2023-12-02 21:45:05,485519DF2986_sys.log time sent (2023, 12, 2, 5, 21, 45, 5, 94)
2023-12-02 22:06:10,48:E7:29:53:7E:2C requested time
2023-12-02 22:06:11,485519DF2986_sys.log time sent (2023, 12, 2, 5, 22, 6, 10, 93)
2023-12-02 22:15:12,48:E7:29:55:52:AD requested time
2023-12-02 22:15:13,485519DF2986_sys.log time sent (2023, 12, 2, 5, 22, 15, 12, 94)
2023-12-02 22:15:17,48:55:19:DF:28:48 requested time
2023-12-02 22:15:17,485519DF2986_sys.log time sent (2023, 12, 2, 5, 22, 15, 17, 103)
2023-12-02 22:45:11,48:E7:29:53:67:2E requested time
2023-12-02 22:45:11,485519DF2986_sys.log time sent (2023, 12, 2, 5, 22, 45, 11, 96)
2023-12-02 23:06:16,48:E7:29:53:7E:2C requested time
2023-12-02 23:06:16,485519DF2986_sys.log time sent (2023, 12, 2, 5, 23, 6, 16, 94)
2023-12-02 23:15:06,48:E7:29:55:52:AD requested time
2023-12-02 23:15:06,485519DF2986_sys.log time sent (2023, 12, 2, 5, 23, 15, 6, 94)
2023-12-02 23:15:08,48:55:19:DF:28:48 requested time
2023-12-02 23:15:09,485519DF2986_sys.log time sent (2023, 12, 2, 5, 23, 15, 8, 94)
2023-12-02 23:45:12,48:E7:29:53:67:2E requested time
2023-12-02 23:45:13,485519DF2986_sys.log time sent (2023, 12, 2, 5, 23, 45, 12, 94)
2023-12-03 00:06:10,48:E7:29:53:7E:2C requested time
2023-12-03 00:06:11,485519DF2986_sys.log time sent (2023, 12, 3, 6, 0, 6, 10, 93)
2023-12-03 00:15:04,48:55:19:DF:28:48 requested time
2023-12-03 00:15:05,485519DF2986_sys.log time sent (2023, 12, 3, 6, 0, 15, 4, 95)
2023-12-03 00:15:06,48:E7:29:55:52:AD requested time
2023-12-03 00:15:06,485519DF2986_sys.log time sent (2023, 12, 3, 6, 0, 15, 6, 96)
2023-12-03 00:44:48,48:E7:29:53:67:2E requested time
2023-12-03 00:44:49,485519DF2986_sys.log time sent (2023, 12, 3, 6, 0, 44, 48, 94)
2023-12-03 01:05:32,48:E7:29:53:7E:2C requested time
2023-12-03 01:05:33,485519DF2986_sys.log time sent (2023, 12, 3, 6, 1, 5, 32, 94)
2023-12-03 01:14:49,48:E7:29:55:52:AD requested time
2023-12-03 01:14:49,485519DF2986_sys.log time sent (2023, 12, 3, 6, 1, 14, 49, 104)
2023-12-03 01:15:01,48:55:19:DF:28:48 requested time
2023-12-03 01:15:01,485519DF2986_sys.log time sent (2023, 12, 3, 6, 1, 15, 1, 94)
2023-12-03 01:30:18,48:E7:29:53:67:2E requested time
2023-12-03 01:30:18,485519DF2986_sys.log time sent (2023, 12, 3, 6, 1, 30, 18, 94)
2023-12-03 02:02:48,48:E7:29:53:7E:2C requested time
2023-12-03 02:02:48,485519DF2986_sys.log time sent (2023, 12, 3, 6, 2, 2, 48, 93)
2023-12-03 02:12:01,48:E7:29:55:52:AD requested time
2023-12-03 02:12:02,485519DF2986_sys.log time sent (2023, 12, 3, 6, 2, 12, 1, 103)
2023-12-03 02:15:02,48:55:19:DF:28:48 requested time
2023-12-03 02:15:02,485519DF2986_sys.log time sent (2023, 12, 3, 6, 2, 15, 2, 93)
2023-12-03 02:30:14,48:E7:29:53:67:2E requested time
2023-12-03 02:30:14,485519DF2986_sys.log time sent (2023, 12, 3, 6, 2, 30, 14, 94)
2023-12-03 02:59:57,48:E7:29:53:7E:2C requested time
2023-12-03 02:59:58,485519DF2986_sys.log time sent (2023, 12, 3, 6, 2, 59, 57, 94)
2023-12-03 03:12:00,48:E7:29:55:52:AD requested time
2023-12-03 03:12:01,485519DF2986_sys.log time sent (2023, 12, 3, 6, 3, 12, 0, 93)
2023-12-03 03:15:14,48:55:19:DF:28:48 requested time
2023-12-03 03:15:14,485519DF2986_sys.log time sent (2023, 12, 3, 6, 3, 15, 14, 93)
2023-12-03 03:30:15,48:E7:29:53:67:2E requested time
2023-12-03 03:30:16,485519DF2986_sys.log time sent (2023, 12, 3, 6, 3, 30, 15, 93)
2023-12-03 04:00:31,48:E7:29:53:7E:2C requested time
2023-12-03 04:00:31,485519DF2986_sys.log time sent (2023, 12, 3, 6, 4, 0, 31, 93)
2023-12-03 04:12:20,48:E7:29:55:52:AD requested time
2023-12-03 04:12:21,485519DF2986_sys.log time sent (2023, 12, 3, 6, 4, 12, 20, 93)
2023-12-03 04:15:10,48:55:19:DF:28:48 requested time
2023-12-03 04:15:10,485519DF2986_sys.log time sent (2023, 12, 3, 6, 4, 15, 10, 94)
2023-12-03 04:30:09,48:E7:29:53:67:2E requested time
2023-12-03 04:30:09,485519DF2986_sys.log time sent (2023, 12, 3, 6, 4, 30, 9, 93)
2023-12-03 04:59:57,48:E7:29:53:7E:2C requested time
2023-12-03 04:59:57,485519DF2986_sys.log time sent (2023, 12, 3, 6, 4, 59, 57, 93)
2023-12-03 05:11:54,48:E7:29:55:52:AD requested time
2023-12-03 05:11:54,485519DF2986_sys.log time sent (2023, 12, 3, 6, 5, 11, 54, 94)
2023-12-03 05:15:01,48:55:19:DF:28:48 requested time
2023-12-03 05:15:02,485519DF2986_sys.log time sent (2023, 12, 3, 6, 5, 15, 1, 94)
2023-12-03 05:30:01,48:E7:29:53:67:2E requested time
2023-12-03 05:30:01,485519DF2986_sys.log time sent (2023, 12, 3, 6, 5, 30, 1, 94)
2023-12-03 06:00:36,48:E7:29:53:7E:2C requested time
2023-12-03 06:00:37,485519DF2986_sys.log time sent (2023, 12, 3, 6, 6, 0, 36, 103)
2023-12-03 06:09:11,48:E7:29:55:52:AD requested time
2023-12-03 06:09:12,485519DF2986_sys.log time sent (2023, 12, 3, 6, 6, 9, 11, 94)
2023-12-03 06:15:18,48:55:19:DF:28:48 requested time
2023-12-03 06:15:18,485519DF2986_sys.log time sent (2023, 12, 3, 6, 6, 15, 18, 94)
2023-12-03 06:30:12,48:E7:29:53:67:2E requested time
2023-12-03 06:30:13,485519DF2986_sys.log time sent (2023, 12, 3, 6, 6, 30, 12, 94)
2023-12-03 07:00:15,48:E7:29:53:7E:2C requested time
2023-12-03 07:00:15,485519DF2986_sys.log time sent (2023, 12, 3, 6, 7, 0, 15, 94)
2023-12-03 07:09:11,48:E7:29:55:52:AD requested time
2023-12-03 07:09:11,485519DF2986_sys.log time sent (2023, 12, 3, 6, 7, 9, 11, 94)
2023-12-03 07:15:09,48:55:19:DF:28:48 requested time
2023-12-03 07:15:09,485519DF2986_sys.log time sent (2023, 12, 3, 6, 7, 15, 9, 94)
2023-12-03 07:30:14,48:E7:29:53:67:2E requested time
2023-12-03 07:30:14,485519DF2986_sys.log time sent (2023, 12, 3, 6, 7, 30, 14, 94)
2023-12-03 08:00:14,48:E7:29:53:7E:2C requested time
2023-12-03 08:00:15,485519DF2986_sys.log time sent (2023, 12, 3, 6, 8, 0, 14, 94)
2023-12-03 08:09:10,48:E7:29:55:52:AD requested time
2023-12-03 08:09:10,485519DF2986_sys.log time sent (2023, 12, 3, 6, 8, 9, 10, 93)
2023-12-03 08:15:10,48:55:19:DF:28:48 requested time
2023-12-03 08:15:11,485519DF2986_sys.log time sent (2023, 12, 3, 6, 8, 15, 10, 94)
2023-12-03 08:30:20,48:E7:29:53:67:2E requested time
2023-12-03 08:30:20,485519DF2986_sys.log time sent (2023, 12, 3, 6, 8, 30, 20, 93)
2023-12-03 09:00:14,48:E7:29:53:7E:2C requested time
2023-12-03 09:00:14,485519DF2986_sys.log time sent (2023, 12, 3, 6, 9, 0, 14, 94)
2023-12-03 09:09:04,48:E7:29:55:52:AD requested time
2023-12-03 09:09:04,485519DF2986_sys.log time sent (2023, 12, 3, 6, 9, 9, 4, 94)
2023-12-03 09:14:57,48:55:19:DF:28:48 requested time
2023-12-03 09:14:57,485519DF2986_sys.log time sent (2023, 12, 3, 6, 9, 14, 57, 94)
2023-12-03 09:29:58,48:E7:29:53:67:2E requested time
2023-12-03 09:29:58,485519DF2986_sys.log time sent (2023, 12, 3, 6, 9, 29, 58, 103)
2023-12-03 10:00:08,48:E7:29:53:7E:2C requested time
2023-12-03 10:00:08,485519DF2986_sys.log time sent (2023, 12, 3, 6, 10, 0, 8, 94)
2023-12-03 10:09:19,48:E7:29:55:52:AD requested time
2023-12-03 10:09:19,485519DF2986_sys.log time sent (2023, 12, 3, 6, 10, 9, 19, 93)
2023-12-03 10:15:13,48:55:19:DF:28:48 requested time
2023-12-03 10:15:13,485519DF2986_sys.log time sent (2023, 12, 3, 6, 10, 15, 13, 94)
2023-12-03 10:30:18,48:E7:29:53:67:2E requested time
2023-12-03 10:30:18,485519DF2986_sys.log time sent (2023, 12, 3, 6, 10, 30, 18, 103)
2023-12-03 11:00:13,48:E7:29:53:7E:2C requested time
2023-12-03 11:00:13,485519DF2986_sys.log time sent (2023, 12, 3, 6, 11, 0, 13, 93)
2023-12-03 11:09:07,48:E7:29:55:52:AD requested time
2023-12-03 11:09:08,485519DF2986_sys.log time sent (2023, 12, 3, 6, 11, 9, 7, 93)
2023-12-03 11:15:09,48:55:19:DF:28:48 requested time
2023-12-03 11:15:10,485519DF2986_sys.log time sent (2023, 12, 3, 6, 11, 15, 9, 93)
2023-12-03 11:30:17,48:E7:29:53:67:2E requested time
2023-12-03 11:30:17,485519DF2986_sys.log time sent (2023, 12, 3, 6, 11, 30, 17, 93)
2023-12-03 12:00:12,48:E7:29:53:7E:2C requested time
2023-12-03 12:00:12,485519DF2986_sys.log time sent (2023, 12, 3, 6, 12, 0, 12, 96)
2023-12-03 12:09:12,48:E7:29:55:52:AD requested time
2023-12-03 12:09:12,485519DF2986_sys.log time sent (2023, 12, 3, 6, 12, 9, 12, 93)
2023-12-03 12:15:06,48:55:19:DF:28:48 requested time
2023-12-03 12:15:06,485519DF2986_sys.log time sent (2023, 12, 3, 6, 12, 15, 6, 94)
2023-12-03 12:30:25,48:E7:29:53:67:2E requested time
2023-12-03 12:30:26,485519DF2986_sys.log time sent (2023, 12, 3, 6, 12, 30, 25, 94)
2023-12-03 12:30:38,48:E7:29:53:67:2E requested time
2023-12-03 12:30:38,485519DF2986_sys.log time sent (2023, 12, 3, 6, 12, 30, 38, 94)
2023-12-03 12:30:41,48:E7:29:53:67:2E requested time
2023-12-03 12:30:41,485519DF2986_sys.log time sent (2023, 12, 3, 6, 12, 30, 41, 94)
2023-12-03 13:00:12,48:E7:29:53:7E:2C requested time
2023-12-03 13:00:12,485519DF2986_sys.log time sent (2023, 12, 3, 6, 13, 0, 12, 103)
2023-12-03 13:09:06,48:E7:29:55:52:AD requested time
2023-12-03 13:09:06,485519DF2986_sys.log time sent (2023, 12, 3, 6, 13, 9, 6, 94)
2023-12-03 13:15:08,48:55:19:DF:28:48 requested time
2023-12-03 13:15:08,485519DF2986_sys.log time sent (2023, 12, 3, 6, 13, 15, 8, 94)
2023-12-03 13:30:21,48:E7:29:53:67:2E requested time
2023-12-03 13:30:21,485519DF2986_sys.log time sent (2023, 12, 3, 6, 13, 30, 21, 93)
2023-12-03 14:00:06,48:E7:29:53:7E:2C requested time
2023-12-03 14:00:06,485519DF2986_sys.log time sent (2023, 12, 3, 6, 14, 0, 6, 103)
2023-12-03 14:09:11,48:E7:29:55:52:AD requested time
2023-12-03 14:09:11,485519DF2986_sys.log time sent (2023, 12, 3, 6, 14, 9, 11, 93)
2023-12-03 14:15:04,48:55:19:DF:28:48 requested time
2023-12-03 14:15:04,485519DF2986_sys.log time sent (2023, 12, 3, 6, 14, 15, 4, 94)
2023-12-03 14:30:10,48:E7:29:53:67:2E requested time
2023-12-03 14:30:11,485519DF2986_sys.log time sent (2023, 12, 3, 6, 14, 30, 10, 93)
2023-12-03 15:00:05,48:E7:29:53:7E:2C requested time
2023-12-03 15:00:06,485519DF2986_sys.log time sent (2023, 12, 3, 6, 15, 0, 5, 93)
2023-12-03 15:09:05,48:E7:29:55:52:AD requested time
2023-12-03 15:09:05,485519DF2986_sys.log time sent (2023, 12, 3, 6, 15, 9, 5, 94)
2023-12-03 15:15:05,48:55:19:DF:28:48 requested time
2023-12-03 15:15:06,485519DF2986_sys.log time sent (2023, 12, 3, 6, 15, 15, 5, 94)
2023-12-03 15:30:05,48:E7:29:53:67:2E requested time
2023-12-03 15:30:05,485519DF2986_sys.log time sent (2023, 12, 3, 6, 15, 30, 5, 94)
2023-12-03 16:00:00,48:E7:29:53:7E:2C requested time
2023-12-03 16:00:00,485519DF2986_sys.log time sent (2023, 12, 3, 6, 16, 0, 0, 94)
2023-12-03 16:09:04,48:E7:29:55:52:AD requested time
2023-12-03 16:09:04,485519DF2986_sys.log time sent (2023, 12, 3, 6, 16, 9, 4, 94)
2023-12-03 16:15:07,48:55:19:DF:28:48 requested time
2023-12-03 16:15:07,485519DF2986_sys.log time sent (2023, 12, 3, 6, 16, 15, 7, 94)
2023-12-03 16:30:02,48:E7:29:53:67:2E requested time
2023-12-03 16:30:03,485519DF2986_sys.log time sent (2023, 12, 3, 6, 16, 30, 2, 94)
2023-12-03 16:59:59,48:E7:29:53:7E:2C requested time
2023-12-03 16:59:59,485519DF2986_sys.log time sent (2023, 12, 3, 6, 16, 59, 59, 94)
2023-12-03 17:09:08,48:E7:29:55:52:AD requested time
2023-12-03 17:09:09,485519DF2986_sys.log time sent (2023, 12, 3, 6, 17, 9, 8, 93)
2023-12-03 17:14:58,48:55:19:DF:28:48 requested time
2023-12-03 17:14:58,485519DF2986_sys.log time sent (2023, 12, 3, 6, 17, 14, 58, 94)
2023-12-03 17:30:00,48:E7:29:53:67:2E requested time
2023-12-03 17:30:01,485519DF2986_sys.log time sent (2023, 12, 3, 6, 17, 30, 0, 103)
2023-12-03 18:00:03,48:E7:29:53:7E:2C requested time
2023-12-03 18:00:04,485519DF2986_sys.log time sent (2023, 12, 3, 6, 18, 0, 3, 94)
2023-12-03 18:08:57,48:E7:29:55:52:AD requested time
2023-12-03 18:08:57,485519DF2986_sys.log time sent (2023, 12, 3, 6, 18, 8, 57, 93)
2023-12-03 18:15:09,48:55:19:DF:28:48 requested time
2023-12-03 18:15:10,485519DF2986_sys.log time sent (2023, 12, 3, 6, 18, 15, 9, 93)
2023-12-03 18:30:09,48:E7:29:53:67:2E requested time
2023-12-03 18:30:09,485519DF2986_sys.log time sent (2023, 12, 3, 6, 18, 30, 9, 93)
2023-12-03 19:00:08,48:E7:29:53:7E:2C requested time
2023-12-03 19:00:08,485519DF2986_sys.log time sent (2023, 12, 3, 6, 19, 0, 8, 93)
2023-12-03 19:08:56,48:E7:29:55:52:AD requested time
2023-12-03 19:08:56,485519DF2986_sys.log time sent (2023, 12, 3, 6, 19, 8, 56, 93)
2023-12-03 19:15:11,48:55:19:DF:28:48 requested time
2023-12-03 19:15:11,485519DF2986_sys.log time sent (2023, 12, 3, 6, 19, 15, 11, 93)
2023-12-03 19:30:05,48:E7:29:53:67:2E requested time
2023-12-03 19:30:05,485519DF2986_sys.log time sent (2023, 12, 3, 6, 19, 30, 5, 94)
2023-12-03 20:00:07,48:E7:29:53:7E:2C requested time
2023-12-03 20:00:08,485519DF2986_sys.log time sent (2023, 12, 3, 6, 20, 0, 7, 94)
2023-12-03 20:09:05,48:E7:29:55:52:AD requested time
2023-12-03 20:09:06,485519DF2986_sys.log time sent (2023, 12, 3, 6, 20, 9, 5, 94)
2023-12-03 20:15:02,48:55:19:DF:28:48 requested time
2023-12-03 20:15:02,485519DF2986_sys.log time sent (2023, 12, 3, 6, 20, 15, 2, 94)
2023-12-03 20:30:06,48:E7:29:53:67:2E requested time
2023-12-03 20:30:06,485519DF2986_sys.log time sent (2023, 12, 3, 6, 20, 30, 6, 94)
2023-12-03 21:00:12,48:E7:29:53:7E:2C requested time
2023-12-03 21:00:12,485519DF2986_sys.log time sent (2023, 12, 3, 6, 21, 0, 12, 94)
2023-12-03 21:09:20,48:E7:29:55:52:AD requested time
2023-12-03 21:09:20,485519DF2986_sys.log time sent (2023, 12, 3, 6, 21, 9, 20, 94)
2023-12-03 21:15:13,48:55:19:DF:28:48 requested time
2023-12-03 21:15:14,485519DF2986_sys.log time sent (2023, 12, 3, 6, 21, 15, 13, 103)
2023-12-03 21:30:14,48:E7:29:53:67:2E requested time
2023-12-03 21:30:15,485519DF2986_sys.log time sent (2023, 12, 3, 6, 21, 30, 14, 94)
2023-12-03 22:00:06,48:E7:29:53:7E:2C requested time
2023-12-03 22:00:06,485519DF2986_sys.log time sent (2023, 12, 3, 6, 22, 0, 6, 94)
2023-12-03 22:09:14,48:E7:29:55:52:AD requested time
2023-12-03 22:09:14,485519DF2986_sys.log time sent (2023, 12, 3, 6, 22, 9, 14, 94)
2023-12-03 22:15:10,48:55:19:DF:28:48 requested time
2023-12-03 22:15:10,485519DF2986_sys.log time sent (2023, 12, 3, 6, 22, 15, 10, 103)
2023-12-03 22:30:12,48:E7:29:53:67:2E requested time
2023-12-03 22:30:12,485519DF2986_sys.log time sent (2023, 12, 3, 6, 22, 30, 12, 94)
2023-12-03 23:00:05,48:E7:29:53:7E:2C requested time
2023-12-03 23:00:06,485519DF2986_sys.log time sent (2023, 12, 3, 6, 23, 0, 5, 94)
2023-12-03 23:09:18,48:E7:29:55:52:AD requested time
2023-12-03 23:09:19,485519DF2986_sys.log time sent (2023, 12, 3, 6, 23, 9, 18, 94)
2023-12-03 23:15:11,48:55:19:DF:28:48 requested time
2023-12-03 23:15:12,485519DF2986_sys.log time sent (2023, 12, 3, 6, 23, 15, 11, 94)
2023-12-03 23:30:08,48:E7:29:53:67:2E requested time
2023-12-03 23:30:09,485519DF2986_sys.log time sent (2023, 12, 3, 6, 23, 30, 8, 94)
2023-12-04 00:00:10,48:E7:29:53:7E:2C requested time
2023-12-04 00:00:11,485519DF2986_sys.log time sent (2023, 12, 4, 0, 0, 0, 10, 94)
2023-12-04 00:09:07,48:E7:29:55:52:AD requested time
2023-12-04 00:09:07,485519DF2986_sys.log time sent (2023, 12, 4, 0, 0, 9, 7, 94)
2023-12-04 00:15:07,48:55:19:DF:28:48 requested time
2023-12-04 00:15:08,485519DF2986_sys.log time sent (2023, 12, 4, 0, 0, 15, 7, 94)
2023-12-04 00:30:10,48:E7:29:53:67:2E requested time
2023-12-04 00:30:10,485519DF2986_sys.log time sent (2023, 12, 4, 0, 0, 30, 10, 94)
2023-12-04 01:00:10,48:E7:29:53:7E:2C requested time
2023-12-04 01:00:10,485519DF2986_sys.log time sent (2023, 12, 4, 0, 1, 0, 10, 93)
2023-12-04 01:09:06,48:E7:29:55:52:AD requested time
2023-12-04 01:09:06,485519DF2986_sys.log time sent (2023, 12, 4, 0, 1, 9, 6, 103)
2023-12-04 01:15:09,48:55:19:DF:28:48 requested time
2023-12-04 01:15:09,485519DF2986_sys.log time sent (2023, 12, 4, 0, 1, 15, 9, 94)
2023-12-04 01:30:11,48:E7:29:53:67:2E requested time
2023-12-04 01:30:11,485519DF2986_sys.log time sent (2023, 12, 4, 0, 1, 30, 11, 94)
2023-12-04 02:00:09,48:E7:29:53:7E:2C requested time
2023-12-04 02:00:10,485519DF2986_sys.log time sent (2023, 12, 4, 0, 2, 0, 9, 94)
2023-12-04 02:09:10,48:E7:29:55:52:AD requested time
2023-12-04 02:09:11,485519DF2986_sys.log time sent (2023, 12, 4, 0, 2, 9, 10, 102)
2023-12-04 02:15:05,48:55:19:DF:28:48 requested time
2023-12-04 02:15:05,485519DF2986_sys.log time sent (2023, 12, 4, 0, 2, 15, 5, 94)
2023-12-04 02:30:04,48:E7:29:53:67:2E requested time
2023-12-04 02:30:04,485519DF2986_sys.log time sent (2023, 12, 4, 0, 2, 30, 4, 93)
2023-12-04 03:00:09,48:E7:29:53:7E:2C requested time
2023-12-04 03:00:09,485519DF2986_sys.log time sent (2023, 12, 4, 0, 3, 0, 9, 93)
2023-12-04 03:09:04,48:E7:29:55:52:AD requested time
2023-12-04 03:09:04,485519DF2986_sys.log time sent (2023, 12, 4, 0, 3, 9, 4, 94)
2023-12-04 03:15:11,48:55:19:DF:28:48 requested time
2023-12-04 03:15:12,485519DF2986_sys.log time sent (2023, 12, 4, 0, 3, 15, 11, 94)
2023-12-04 03:30:06,48:E7:29:53:67:2E requested time
2023-12-04 03:30:07,485519DF2986_sys.log time sent (2023, 12, 4, 0, 3, 30, 6, 96)
2023-12-04 04:00:08,48:E7:29:53:7E:2C requested time
2023-12-04 04:00:09,485519DF2986_sys.log time sent (2023, 12, 4, 0, 4, 0, 8, 94)
2023-12-04 04:09:03,48:E7:29:55:52:AD requested time
2023-12-04 04:09:03,485519DF2986_sys.log time sent (2023, 12, 4, 0, 4, 9, 3, 94)
2023-12-04 04:15:08,48:55:19:DF:28:48 requested time
2023-12-04 04:15:08,485519DF2986_sys.log time sent (2023, 12, 4, 0, 4, 15, 8, 93)
2023-12-04 04:30:10,48:E7:29:53:67:2E requested time
2023-12-04 04:30:10,485519DF2986_sys.log time sent (2023, 12, 4, 0, 4, 30, 10, 94)
2023-12-04 05:00:08,48:E7:29:53:7E:2C requested time
2023-12-04 05:00:08,485519DF2986_sys.log time sent (2023, 12, 4, 0, 5, 0, 8, 94)
2023-12-04 05:08:52,48:E7:29:55:52:AD requested time
2023-12-04 05:08:52,485519DF2986_sys.log time sent (2023, 12, 4, 0, 5, 8, 52, 94)
2023-12-04 05:15:09,48:55:19:DF:28:48 requested time
2023-12-04 05:15:09,485519DF2986_sys.log time sent (2023, 12, 4, 0, 5, 15, 9, 94)
2023-12-04 05:30:14,48:E7:29:53:67:2E requested time
2023-12-04 05:30:14,485519DF2986_sys.log time sent (2023, 12, 4, 0, 5, 30, 14, 94)
2023-12-04 06:00:07,48:E7:29:53:7E:2C requested time
2023-12-04 06:00:07,485519DF2986_sys.log time sent (2023, 12, 4, 0, 6, 0, 7, 104)
2023-12-04 06:06:09,48:E7:29:55:52:AD requested time
2023-12-04 06:06:10,485519DF2986_sys.log time sent (2023, 12, 4, 0, 6, 6, 9, 94)
2023-12-04 06:15:10,48:55:19:DF:28:48 requested time
2023-12-04 06:15:11,485519DF2986_sys.log time sent (2023, 12, 4, 0, 6, 15, 10, 94)
2023-12-04 06:30:13,48:E7:29:53:67:2E requested time
2023-12-04 06:30:14,485519DF2986_sys.log time sent (2023, 12, 4, 0, 6, 30, 13, 94)
2023-12-04 07:00:12,48:E7:29:53:7E:2C requested time
2023-12-04 07:00:12,485519DF2986_sys.log time sent (2023, 12, 4, 0, 7, 0, 12, 103)
2023-12-04 07:06:08,48:E7:29:55:52:AD requested time
2023-12-04 07:06:09,485519DF2986_sys.log time sent (2023, 12, 4, 0, 7, 6, 8, 96)
2023-12-04 07:15:12,48:55:19:DF:28:48 requested time
2023-12-04 07:15:12,485519DF2986_sys.log time sent (2023, 12, 4, 0, 7, 15, 12, 94)
2023-12-04 07:30:11,48:E7:29:53:67:2E requested time
2023-12-04 07:30:11,485519DF2986_sys.log time sent (2023, 12, 4, 0, 7, 30, 11, 94)
2023-12-04 08:00:11,48:E7:29:53:7E:2C requested time
2023-12-04 08:00:12,485519DF2986_sys.log time sent (2023, 12, 4, 0, 8, 0, 11, 93)
2023-12-04 08:06:07,48:E7:29:55:52:AD requested time
2023-12-04 08:06:08,485519DF2986_sys.log time sent (2023, 12, 4, 0, 8, 6, 7, 94)
2023-12-04 08:15:13,48:55:19:DF:28:48 requested time
2023-12-04 08:15:13,485519DF2986_sys.log time sent (2023, 12, 4, 0, 8, 15, 13, 94)
2023-12-04 08:30:17,48:E7:29:53:67:2E requested time
2023-12-04 08:30:17,485519DF2986_sys.log time sent (2023, 12, 4, 0, 8, 30, 17, 94)
2023-12-04 09:00:05,48:E7:29:53:7E:2C requested time
2023-12-04 09:00:06,485519DF2986_sys.log time sent (2023, 12, 4, 0, 9, 0, 5, 94)
2023-12-04 09:05:56,48:E7:29:55:52:AD requested time
2023-12-04 09:05:56,485519DF2986_sys.log time sent (2023, 12, 4, 0, 9, 5, 56, 94)
2023-12-04 09:14:54,48:55:19:DF:28:48 requested time
2023-12-04 09:14:55,485519DF2986_sys.log time sent (2023, 12, 4, 0, 9, 14, 54, 96)
2023-12-04 09:30:06,48:E7:29:53:67:2E requested time
2023-12-04 09:30:07,485519DF2986_sys.log time sent (2023, 12, 4, 0, 9, 30, 6, 94)
2023-12-04 10:00:08,48:55:19:DF:28:48 requested time
2023-12-04 10:00:09,485519DF2986_sys.log time sent (2023, 12, 4, 0, 10, 0, 8, 94)
2023-12-04 10:00:10,48:E7:29:53:7E:2C requested time
2023-12-04 10:00:10,485519DF2986_sys.log time sent (2023, 12, 4, 0, 10, 0, 10, 94)
2023-12-04 10:06:11,48:E7:29:55:52:AD requested time
2023-12-04 10:06:11,485519DF2986_sys.log time sent (2023, 12, 4, 0, 10, 6, 11, 96)
2023-12-04 10:30:26,48:E7:29:53:67:2E requested time
2023-12-04 10:30:26,485519DF2986_sys.log time sent (2023, 12, 4, 0, 10, 30, 26, 104)
2023-12-04 11:00:10,48:55:19:DF:28:48 requested time
2023-12-04 11:00:10,485519DF2986_sys.log time sent (2023, 12, 4, 0, 11, 0, 10, 96)
2023-12-04 11:00:15,48:E7:29:53:7E:2C requested time
2023-12-04 11:00:16,485519DF2986_sys.log time sent (2023, 12, 4, 0, 11, 0, 15, 93)
2023-12-04 11:06:11,48:E7:29:55:52:AD requested time
2023-12-04 11:06:11,485519DF2986_sys.log time sent (2023, 12, 4, 0, 11, 6, 11, 94)
2023-12-04 11:30:13,48:E7:29:53:67:2E requested time
2023-12-04 11:30:14,485519DF2986_sys.log time sent (2023, 12, 4, 0, 11, 30, 13, 93)
2023-12-04 12:00:06,48:55:19:DF:28:48 requested time
2023-12-04 12:00:07,485519DF2986_sys.log time sent (2023, 12, 4, 0, 12, 0, 6, 93)
2023-12-04 12:00:15,48:E7:29:53:7E:2C requested time
2023-12-04 12:00:15,485519DF2986_sys.log time sent (2023, 12, 4, 0, 12, 0, 15, 93)
2023-12-04 12:06:05,48:E7:29:55:52:AD requested time
2023-12-04 12:06:05,485519DF2986_sys.log time sent (2023, 12, 4, 0, 12, 6, 5, 93)
2023-12-04 12:30:10,48:E7:29:53:67:2E requested time
2023-12-04 12:30:10,485519DF2986_sys.log time sent (2023, 12, 4, 0, 12, 30, 10, 93)
2023-12-04 13:00:13,48:55:19:DF:28:48 requested time
2023-12-04 13:00:13,485519DF2986_sys.log time sent (2023, 12, 4, 0, 13, 0, 13, 94)
2023-12-04 13:00:14,48:E7:29:53:7E:2C requested time
2023-12-04 13:00:15,485519DF2986_sys.log time sent (2023, 12, 4, 0, 13, 0, 14, 93)
2023-12-04 13:06:10,48:E7:29:55:52:AD requested time
2023-12-04 13:06:10,485519DF2986_sys.log time sent (2023, 12, 4, 0, 13, 6, 10, 94)
2023-12-04 13:30:13,48:E7:29:53:67:2E requested time
2023-12-04 13:30:13,485519DF2986_sys.log time sent (2023, 12, 4, 0, 13, 30, 13, 93)
2023-12-04 14:00:09,48:55:19:DF:28:48 requested time
2023-12-04 14:00:10,485519DF2986_sys.log time sent (2023, 12, 4, 0, 14, 0, 9, 94)
2023-12-04 14:00:14,48:E7:29:53:7E:2C requested time
2023-12-04 14:00:14,485519DF2986_sys.log time sent (2023, 12, 4, 0, 14, 0, 14, 94)
2023-12-04 14:06:09,48:E7:29:55:52:AD requested time
2023-12-04 14:06:09,485519DF2986_sys.log time sent (2023, 12, 4, 0, 14, 6, 9, 103)
2023-12-04 14:30:02,48:E7:29:53:67:2E requested time
2023-12-04 14:30:03,485519DF2986_sys.log time sent (2023, 12, 4, 0, 14, 30, 2, 94)
2023-12-04 14:30:08,48:E7:29:53:67:2E requested time
2023-12-04 14:30:09,485519DF2986_sys.log time sent (2023, 12, 4, 0, 14, 30, 8, 93)
2023-12-04 15:00:03,48:E7:29:53:7E:2C requested time
2023-12-04 15:00:03,485519DF2986_sys.log time sent (2023, 12, 4, 0, 15, 0, 3, 94)
2023-12-04 15:00:06,48:55:19:DF:28:48 requested time
2023-12-04 15:00:06,485519DF2986_sys.log time sent (2023, 12, 4, 0, 15, 0, 6, 104)
2023-12-04 15:06:03,48:E7:29:55:52:AD requested time
2023-12-04 15:06:03,485519DF2986_sys.log time sent (2023, 12, 4, 0, 15, 6, 3, 93)
2023-12-04 15:30:03,48:E7:29:53:67:2E requested time
2023-12-04 15:30:03,485519DF2986_sys.log time sent (2023, 12, 4, 0, 15, 30, 3, 96)
2023-12-04 15:59:57,48:E7:29:53:7E:2C requested time
2023-12-04 15:59:57,485519DF2986_sys.log time sent (2023, 12, 4, 0, 15, 59, 57, 94)
2023-12-04 16:00:02,48:55:19:DF:28:48 requested time
2023-12-04 16:00:02,485519DF2986_sys.log time sent (2023, 12, 4, 0, 16, 0, 2, 94)
2023-12-04 16:06:02,48:E7:29:55:52:AD requested time
2023-12-04 16:06:03,485519DF2986_sys.log time sent (2023, 12, 4, 0, 16, 6, 2, 93)
2023-12-04 16:30:02,48:E7:29:53:67:2E requested time
2023-12-04 16:30:02,485519DF2986_sys.log time sent (2023, 12, 4, 0, 16, 30, 2, 93)
2023-12-04 16:59:56,48:E7:29:53:7E:2C requested time
2023-12-04 16:59:57,485519DF2986_sys.log time sent (2023, 12, 4, 0, 16, 59, 56, 94)
2023-12-04 16:59:58,48:55:19:DF:28:48 requested time
2023-12-04 16:59:59,485519DF2986_sys.log time sent (2023, 12, 4, 0, 16, 59, 58, 96)
2023-12-04 17:06:01,48:E7:29:55:52:AD requested time
2023-12-04 17:06:02,485519DF2986_sys.log time sent (2023, 12, 4, 0, 17, 6, 1, 94)
2023-12-04 17:30:01,48:E7:29:53:67:2E requested time
2023-12-04 17:30:02,485519DF2986_sys.log time sent (2023, 12, 4, 0, 17, 30, 1, 93)
2023-12-04 18:00:06,48:E7:29:53:7E:2C requested time
2023-12-04 18:00:06,485519DF2986_sys.log time sent (2023, 12, 4, 0, 18, 0, 6, 103)
2023-12-04 18:00:25,48:55:19:DF:28:48 requested time
2023-12-04 18:00:25,485519DF2986_sys.log time sent (2023, 12, 4, 0, 18, 0, 25, 94)
2023-12-04 18:06:11,48:E7:29:55:52:AD requested time
2023-12-04 18:06:11,485519DF2986_sys.log time sent (2023, 12, 4, 0, 18, 6, 11, 94)
2023-12-04 18:30:16,48:E7:29:53:67:2E requested time
2023-12-04 18:30:16,485519DF2986_sys.log time sent (2023, 12, 4, 0, 18, 30, 16, 94)
2023-12-04 18:59:56,48:55:19:DF:28:48 requested time
2023-12-04 18:59:56,485519DF2986_sys.log time sent (2023, 12, 4, 0, 18, 59, 56, 103)
2023-12-04 19:00:05,48:E7:29:53:7E:2C requested time
2023-12-04 19:00:06,485519DF2986_sys.log time sent (2023, 12, 4, 0, 19, 0, 5, 94)
2023-12-04 19:06:05,48:E7:29:55:52:AD requested time
2023-12-04 19:06:05,485519DF2986_sys.log time sent (2023, 12, 4, 0, 19, 6, 5, 96)
2023-12-04 19:30:08,48:E7:29:53:67:2E requested time
2023-12-04 19:30:09,485519DF2986_sys.log time sent (2023, 12, 4, 0, 19, 30, 8, 94)
2023-12-04 20:00:05,48:E7:29:53:7E:2C requested time
2023-12-04 20:00:05,485519DF2986_sys.log time sent (2023, 12, 4, 0, 20, 0, 5, 93)
2023-12-04 20:00:12,48:55:19:DF:28:48 requested time
2023-12-04 20:00:13,485519DF2986_sys.log time sent (2023, 12, 4, 0, 20, 0, 12, 96)
2023-12-04 20:06:04,48:E7:29:55:52:AD requested time
2023-12-04 20:06:04,485519DF2986_sys.log time sent (2023, 12, 4, 0, 20, 6, 4, 93)
2023-12-04 20:30:12,48:E7:29:53:67:2E requested time
2023-12-04 20:30:12,485519DF2986_sys.log time sent (2023, 12, 4, 0, 20, 30, 12, 94)
2023-12-04 21:00:04,48:55:19:DF:28:48 requested time
2023-12-04 21:00:04,485519DF2986_sys.log time sent (2023, 12, 4, 0, 21, 0, 4, 93)
2023-12-04 21:00:14,48:E7:29:53:7E:2C requested time
2023-12-04 21:00:15,485519DF2986_sys.log time sent (2023, 12, 4, 0, 21, 0, 14, 93)
2023-12-04 21:06:18,48:E7:29:55:52:AD requested time
2023-12-04 21:06:19,485519DF2986_sys.log time sent (2023, 12, 4, 0, 21, 6, 18, 94)
2023-12-04 21:30:09,48:E7:29:53:67:2E requested time
2023-12-04 21:30:10,485519DF2986_sys.log time sent (2023, 12, 4, 0, 21, 30, 9, 94)
2023-12-04 22:00:09,48:E7:29:53:7E:2C requested time
2023-12-04 22:00:09,485519DF2986_sys.log time sent (2023, 12, 4, 0, 22, 0, 9, 93)
2023-12-04 22:00:10,48:55:19:DF:28:48 requested time
2023-12-04 22:00:10,485519DF2986_sys.log time sent (2023, 12, 4, 0, 22, 0, 10, 93)
2023-12-04 22:06:17,48:E7:29:55:52:AD requested time
2023-12-04 22:06:18,485519DF2986_sys.log time sent (2023, 12, 4, 0, 22, 6, 17, 93)
2023-12-04 22:30:05,48:E7:29:53:67:2E requested time
2023-12-04 22:30:06,485519DF2986_sys.log time sent (2023, 12, 4, 0, 22, 30, 5, 106)
2023-12-04 23:00:06,48:55:19:DF:28:48 requested time
2023-12-04 23:00:07,485519DF2986_sys.log time sent (2023, 12, 4, 0, 23, 0, 6, 93)
2023-12-04 23:00:08,48:E7:29:53:7E:2C requested time
2023-12-04 23:00:08,485519DF2986_sys.log time sent (2023, 12, 4, 0, 23, 0, 8, 94)
2023-12-04 23:06:11,48:E7:29:55:52:AD requested time
2023-12-04 23:06:12,485519DF2986_sys.log time sent (2023, 12, 4, 0, 23, 6, 11, 94)
2023-12-04 23:30:02,48:E7:29:53:67:2E requested time
2023-12-04 23:30:02,485519DF2986_sys.log time sent (2023, 12, 4, 0, 23, 30, 2, 94)
2023-12-05 00:00:02,48:E7:29:53:7E:2C requested time
2023-12-05 00:00:02,485519DF2986_sys.log time sent (2023, 12, 5, 1, 0, 0, 2, 94)
2023-12-05 00:00:08,48:55:19:DF:28:48 requested time
2023-12-05 00:00:08,485519DF2986_sys.log time sent (2023, 12, 5, 1, 0, 0, 8, 93)
2023-12-05 00:06:05,48:E7:29:55:52:AD requested time
2023-12-05 00:06:05,485519DF2986_sys.log time sent (2023, 12, 5, 1, 0, 6, 5, 93)
2023-12-05 00:30:05,48:E7:29:53:67:2E requested time
2023-12-05 00:30:05,485519DF2986_sys.log time sent (2023, 12, 5, 1, 0, 30, 5, 93)
2023-12-05 00:59:46,48:E7:29:53:7E:2C requested time
2023-12-05 00:59:46,485519DF2986_sys.log time sent (2023, 12, 5, 1, 0, 59, 46, 93)
2023-12-05 00:59:54,48:55:19:DF:28:48 requested time
2023-12-05 00:59:54,485519DF2986_sys.log time sent (2023, 12, 5, 1, 0, 59, 54, 94)
2023-12-05 01:05:59,48:E7:29:55:52:AD requested time
2023-12-05 01:05:59,485519DF2986_sys.log time sent (2023, 12, 5, 1, 1, 5, 59, 93)
2023-12-05 01:30:08,48:E7:29:53:67:2E requested time
2023-12-05 01:30:08,485519DF2986_sys.log time sent (2023, 12, 5, 1, 1, 30, 8, 93)
2023-12-05 01:45:08,48:55:19:DF:28:48 requested time
2023-12-05 01:45:08,485519DF2986_sys.log time sent (2023, 12, 5, 1, 1, 45, 8, 94)
2023-12-05 01:57:09,48:E7:29:53:7E:2C requested time
2023-12-05 01:57:09,485519DF2986_sys.log time sent (2023, 12, 5, 1, 1, 57, 9, 93)
2023-12-05 02:05:58,48:E7:29:55:52:AD requested time
2023-12-05 02:05:58,485519DF2986_sys.log time sent (2023, 12, 5, 1, 2, 5, 58, 104)
2023-12-05 02:30:09,48:E7:29:53:67:2E requested time
2023-12-05 02:30:10,485519DF2986_sys.log time sent (2023, 12, 5, 1, 2, 30, 9, 94)
2023-12-05 02:45:09,48:55:19:DF:28:48 requested time
2023-12-05 02:45:10,485519DF2986_sys.log time sent (2023, 12, 5, 1, 2, 45, 9, 94)
2023-12-05 02:57:08,48:E7:29:53:7E:2C requested time
2023-12-05 02:57:09,485519DF2986_sys.log time sent (2023, 12, 5, 1, 2, 57, 8, 94)
2023-12-05 03:06:02,48:E7:29:55:52:AD requested time
2023-12-05 03:06:03,485519DF2986_sys.log time sent (2023, 12, 5, 1, 3, 6, 2, 103)
2023-12-05 03:30:10,48:E7:29:53:67:2E requested time
2023-12-05 03:30:11,485519DF2986_sys.log time sent (2023, 12, 5, 1, 3, 30, 10, 94)
2023-12-05 03:45:21,48:55:19:DF:28:48 requested time
2023-12-05 03:45:21,485519DF2986_sys.log time sent (2023, 12, 5, 1, 3, 45, 21, 93)
2023-12-05 03:57:18,48:E7:29:53:7E:2C requested time
2023-12-05 03:57:19,485519DF2986_sys.log time sent (2023, 12, 5, 1, 3, 57, 18, 94)
2023-12-05 04:06:06,48:E7:29:55:52:AD requested time
2023-12-05 04:06:07,485519DF2986_sys.log time sent (2023, 12, 5, 1, 4, 6, 6, 93)
2023-12-05 04:30:13,48:E7:29:53:67:2E requested time
2023-12-05 04:30:14,485519DF2986_sys.log time sent (2023, 12, 5, 1, 4, 30, 13, 93)
2023-12-05 04:45:07,48:55:19:DF:28:48 requested time
2023-12-05 04:45:07,485519DF2986_sys.log time sent (2023, 12, 5, 1, 4, 45, 7, 94)
2023-12-05 04:57:07,48:E7:29:53:7E:2C requested time
2023-12-05 04:57:07,485519DF2986_sys.log time sent (2023, 12, 5, 1, 4, 57, 7, 94)
2023-12-05 05:06:11,48:E7:29:55:52:AD requested time
2023-12-05 05:06:11,485519DF2986_sys.log time sent (2023, 12, 5, 1, 5, 6, 11, 93)
2023-12-05 05:30:16,48:E7:29:53:67:2E requested time
2023-12-05 05:30:16,485519DF2986_sys.log time sent (2023, 12, 5, 1, 5, 30, 16, 93)
2023-12-05 05:45:08,48:55:19:DF:28:48 requested time
2023-12-05 05:45:09,485519DF2986_sys.log time sent (2023, 12, 5, 1, 5, 45, 8, 94)
2023-12-05 05:57:12,48:E7:29:53:7E:2C requested time
2023-12-05 05:57:12,485519DF2986_sys.log time sent (2023, 12, 5, 1, 5, 57, 12, 94)
2023-12-05 06:06:05,48:E7:29:55:52:AD requested time
2023-12-05 06:06:05,485519DF2986_sys.log time sent (2023, 12, 5, 1, 6, 6, 5, 94)
2023-12-05 06:30:13,48:E7:29:53:67:2E requested time
2023-12-05 06:30:13,485519DF2986_sys.log time sent (2023, 12, 5, 1, 6, 30, 13, 94)
2023-12-05 06:45:10,48:55:19:DF:28:48 requested time
2023-12-05 06:45:10,485519DF2986_sys.log time sent (2023, 12, 5, 1, 6, 45, 10, 94)
2023-12-05 06:57:11,48:E7:29:53:7E:2C requested time
2023-12-05 06:57:12,485519DF2986_sys.log time sent (2023, 12, 5, 1, 6, 57, 11, 106)
2023-12-05 07:06:14,48:E7:29:55:52:AD requested time
2023-12-05 07:06:15,485519DF2986_sys.log time sent (2023, 12, 5, 1, 7, 6, 14, 94)
2023-12-05 07:30:14,48:E7:29:53:67:2E requested time
2023-12-05 07:30:14,485519DF2986_sys.log time sent (2023, 12, 5, 1, 7, 30, 14, 94)
2023-12-05 07:45:12,48:55:19:DF:28:48 requested time
2023-12-05 07:45:12,485519DF2986_sys.log time sent (2023, 12, 5, 1, 7, 45, 12, 94)
2023-12-05 07:57:11,48:E7:29:53:7E:2C requested time
2023-12-05 07:57:11,485519DF2986_sys.log time sent (2023, 12, 5, 1, 7, 57, 11, 94)
2023-12-05 08:06:13,48:E7:29:55:52:AD requested time
2023-12-05 08:06:14,485519DF2986_sys.log time sent (2023, 12, 5, 1, 8, 6, 13, 94)
2023-12-05 08:30:11,48:E7:29:53:67:2E requested time
2023-12-05 08:30:11,485519DF2986_sys.log time sent (2023, 12, 5, 1, 8, 30, 11, 93)
2023-12-05 08:45:08,48:55:19:DF:28:48 requested time
2023-12-05 08:45:08,485519DF2986_sys.log time sent (2023, 12, 5, 1, 8, 45, 8, 96)
2023-12-05 08:57:05,48:E7:29:53:7E:2C requested time
2023-12-05 08:57:05,485519DF2986_sys.log time sent (2023, 12, 5, 1, 8, 57, 5, 93)
2023-12-05 09:06:02,48:E7:29:55:52:AD requested time
2023-12-05 09:06:02,485519DF2986_sys.log time sent (2023, 12, 5, 1, 9, 6, 2, 94)
2023-12-05 09:30:07,48:E7:29:53:67:2E requested time
2023-12-05 09:30:07,485519DF2986_sys.log time sent (2023, 12, 5, 1, 9, 30, 7, 94)
2023-12-05 09:45:09,48:55:19:DF:28:48 requested time
2023-12-05 09:45:09,485519DF2986_sys.log time sent (2023, 12, 5, 1, 9, 45, 9, 94)
2023-12-05 09:57:15,48:E7:29:53:7E:2C requested time
2023-12-05 09:57:15,485519DF2986_sys.log time sent (2023, 12, 5, 1, 9, 57, 15, 94)
2023-12-05 10:06:12,48:E7:29:55:52:AD requested time
2023-12-05 10:06:12,485519DF2986_sys.log time sent (2023, 12, 5, 1, 10, 6, 12, 93)
2023-12-05 10:30:18,48:E7:29:53:67:2E requested time
2023-12-05 10:30:19,485519DF2986_sys.log time sent (2023, 12, 5, 1, 10, 30, 18, 94)
2023-12-05 10:45:10,48:55:19:DF:28:48 requested time
2023-12-05 10:45:11,485519DF2986_sys.log time sent (2023, 12, 5, 1, 10, 45, 10, 103)
2023-12-05 10:57:14,48:E7:29:53:7E:2C requested time
2023-12-05 10:57:15,485519DF2986_sys.log time sent (2023, 12, 5, 1, 10, 57, 14, 94)
2023-12-05 11:06:16,48:E7:29:55:52:AD requested time
2023-12-05 11:06:16,485519DF2986_sys.log time sent (2023, 12, 5, 1, 11, 6, 16, 93)
2023-12-05 11:30:15,48:E7:29:53:67:2E requested time
2023-12-05 11:30:15,485519DF2986_sys.log time sent (2023, 12, 5, 1, 11, 30, 15, 94)
2023-12-05 11:45:12,48:55:19:DF:28:48 requested time
2023-12-05 11:45:12,485519DF2986_sys.log time sent (2023, 12, 5, 1, 11, 45, 12, 103)
2023-12-05 11:57:14,48:E7:29:53:7E:2C requested time
2023-12-05 11:57:14,485519DF2986_sys.log time sent (2023, 12, 5, 1, 11, 57, 14, 94)
2023-12-05 12:06:05,48:E7:29:55:52:AD requested time
2023-12-05 12:06:05,485519DF2986_sys.log time sent (2023, 12, 5, 1, 12, 6, 5, 94)
2023-12-05 12:30:16,48:E7:29:53:67:2E requested time
2023-12-05 12:30:16,485519DF2986_sys.log time sent (2023, 12, 5, 1, 12, 30, 16, 94)
2023-12-05 12:45:08,48:55:19:DF:28:48 requested time
2023-12-05 12:45:09,485519DF2986_sys.log time sent (2023, 12, 5, 1, 12, 45, 8, 94)
2023-12-05 12:57:13,48:E7:29:53:7E:2C requested time
2023-12-05 12:57:14,485519DF2986_sys.log time sent (2023, 12, 5, 1, 12, 57, 13, 94)
2023-12-05 13:06:10,48:E7:29:55:52:AD requested time
2023-12-05 13:06:10,485519DF2986_sys.log time sent (2023, 12, 5, 1, 13, 6, 10, 94)
2023-12-05 13:30:17,48:E7:29:53:67:2E requested time
2023-12-05 13:30:18,485519DF2986_sys.log time sent (2023, 12, 5, 1, 13, 30, 17, 93)
2023-12-05 13:45:10,48:55:19:DF:28:48 requested time
2023-12-05 13:45:10,485519DF2986_sys.log time sent (2023, 12, 5, 1, 13, 45, 10, 94)
2023-12-05 13:57:13,48:E7:29:53:7E:2C requested time
2023-12-05 13:57:13,485519DF2986_sys.log time sent (2023, 12, 5, 1, 13, 57, 13, 93)
2023-12-05 14:06:04,48:E7:29:55:52:AD requested time
2023-12-05 14:06:04,485519DF2986_sys.log time sent (2023, 12, 5, 1, 14, 6, 4, 94)
2023-12-05 14:30:09,48:E7:29:53:67:2E requested time
2023-12-05 14:30:09,485519DF2986_sys.log time sent (2023, 12, 5, 1, 14, 30, 9, 103)
2023-12-05 14:45:06,48:55:19:DF:28:48 requested time
2023-12-05 14:45:06,485519DF2986_sys.log time sent (2023, 12, 5, 1, 14, 45, 6, 93)
2023-12-05 14:57:07,48:E7:29:53:7E:2C requested time
2023-12-05 14:57:07,485519DF2986_sys.log time sent (2023, 12, 5, 1, 14, 57, 7, 94)
2023-12-05 15:06:08,48:E7:29:55:52:AD requested time
2023-12-05 15:06:09,485519DF2986_sys.log time sent (2023, 12, 5, 1, 15, 6, 8, 94)
2023-12-05 15:30:05,48:E7:29:53:67:2E requested time
2023-12-05 15:30:06,485519DF2986_sys.log time sent (2023, 12, 5, 1, 15, 30, 5, 103)
2023-12-05 15:45:07,48:55:19:DF:28:48 requested time
2023-12-05 15:45:08,485519DF2986_sys.log time sent (2023, 12, 5, 1, 15, 45, 7, 93)
2023-12-05 15:57:07,48:E7:29:53:7E:2C requested time
2023-12-05 15:57:07,485519DF2986_sys.log time sent (2023, 12, 5, 1, 15, 57, 7, 93)
2023-12-05 16:06:07,48:E7:29:55:52:AD requested time
2023-12-05 16:06:08,485519DF2986_sys.log time sent (2023, 12, 5, 1, 16, 6, 7, 94)
2023-12-05 16:29:51,48:E7:29:53:67:2E requested time
2023-12-05 16:29:52,485519DF2986_sys.log time sent (2023, 12, 5, 1, 16, 29, 51, 94)
2023-12-05 16:44:54,48:55:19:DF:28:48 requested time
2023-12-05 16:44:54,485519DF2986_sys.log time sent (2023, 12, 5, 1, 16, 44, 54, 94)
2023-12-05 16:56:56,48:E7:29:53:7E:2C requested time
2023-12-05 16:56:56,485519DF2986_sys.log time sent (2023, 12, 5, 1, 16, 56, 56, 96)
2023-12-05 17:06:01,48:E7:29:55:52:AD requested time
2023-12-05 17:06:02,485519DF2986_sys.log time sent (2023, 12, 5, 1, 17, 6, 1, 94)
2023-12-05 17:15:06,48:E7:29:53:67:2E requested time
2023-12-05 17:15:06,485519DF2986_sys.log time sent (2023, 12, 5, 1, 17, 15, 6, 93)
2023-12-05 17:30:08,48:55:19:DF:28:48 requested time
2023-12-05 17:30:08,485519DF2986_sys.log time sent (2023, 12, 5, 1, 17, 30, 8, 94)
2023-12-05 17:57:00,48:E7:29:53:7E:2C requested time
2023-12-05 17:57:01,485519DF2986_sys.log time sent (2023, 12, 5, 1, 17, 57, 0, 94)
2023-12-05 18:06:16,48:E7:29:55:52:AD requested time
2023-12-05 18:06:16,485519DF2986_sys.log time sent (2023, 12, 5, 1, 18, 6, 16, 103)
2023-12-05 18:14:57,48:E7:29:53:67:2E requested time
2023-12-05 18:14:57,485519DF2986_sys.log time sent (2023, 12, 5, 1, 18, 14, 57, 94)
2023-12-05 18:30:04,48:55:19:DF:28:48 requested time
2023-12-05 18:30:04,485519DF2986_sys.log time sent (2023, 12, 5, 1, 18, 30, 4, 94)
2023-12-05 18:57:05,48:E7:29:53:7E:2C requested time
2023-12-05 18:57:05,485519DF2986_sys.log time sent (2023, 12, 5, 1, 18, 57, 5, 94)
2023-12-05 19:06:05,48:E7:29:55:52:AD requested time
2023-12-05 19:06:05,485519DF2986_sys.log time sent (2023, 12, 5, 1, 19, 6, 5, 103)
2023-12-05 19:14:58,48:E7:29:53:67:2E requested time
2023-12-05 19:14:59,485519DF2986_sys.log time sent (2023, 12, 5, 1, 19, 14, 58, 94)
2023-12-05 19:30:05,48:55:19:DF:28:48 requested time
2023-12-05 19:30:06,485519DF2986_sys.log time sent (2023, 12, 5, 1, 19, 30, 5, 93)
2023-12-05 19:57:04,48:E7:29:53:7E:2C requested time
2023-12-05 19:57:04,485519DF2986_sys.log time sent (2023, 12, 5, 1, 19, 57, 4, 94)
2023-12-05 20:06:09,48:E7:29:55:52:AD requested time
2023-12-05 20:06:09,485519DF2986_sys.log time sent (2023, 12, 5, 1, 20, 6, 9, 93)
2023-12-05 20:15:05,48:E7:29:53:67:2E requested time
2023-12-05 20:15:05,485519DF2986_sys.log time sent (2023, 12, 5, 1, 20, 15, 5, 93)
2023-12-05 20:30:07,48:55:19:DF:28:48 requested time
2023-12-05 20:30:07,485519DF2986_sys.log time sent (2023, 12, 5, 1, 20, 30, 7, 94)
2023-12-05 20:57:08,48:E7:29:53:7E:2C requested time
2023-12-05 20:57:09,485519DF2986_sys.log time sent (2023, 12, 5, 1, 20, 57, 8, 93)
2023-12-05 21:06:08,48:E7:29:55:52:AD requested time
2023-12-05 21:06:08,485519DF2986_sys.log time sent (2023, 12, 5, 1, 21, 6, 8, 94)
2023-12-05 21:15:06,48:E7:29:53:67:2E requested time
2023-12-05 21:15:06,485519DF2986_sys.log time sent (2023, 12, 5, 1, 21, 15, 6, 94)
2023-12-05 21:30:13,48:55:19:DF:28:48 requested time
2023-12-05 21:30:14,485519DF2986_sys.log time sent (2023, 12, 5, 1, 21, 30, 13, 94)
2023-12-05 21:57:08,48:E7:29:53:7E:2C requested time
2023-12-05 21:57:08,485519DF2986_sys.log time sent (2023, 12, 5, 1, 21, 57, 8, 94)
2023-12-05 22:06:07,48:E7:29:55:52:AD requested time
2023-12-05 22:06:07,485519DF2986_sys.log time sent (2023, 12, 5, 1, 22, 6, 7, 96)
2023-12-05 22:15:07,48:E7:29:53:67:2E requested time
2023-12-05 22:15:08,485519DF2986_sys.log time sent (2023, 12, 5, 1, 22, 15, 7, 93)
2023-12-05 22:30:10,48:55:19:DF:28:48 requested time
2023-12-05 22:30:10,485519DF2986_sys.log time sent (2023, 12, 5, 1, 22, 30, 10, 93)
2023-12-05 22:57:07,48:E7:29:53:7E:2C requested time
2023-12-05 22:57:07,485519DF2986_sys.log time sent (2023, 12, 5, 1, 22, 57, 7, 103)
2023-12-05 23:06:06,48:E7:29:55:52:AD requested time
2023-12-05 23:06:06,485519DF2986_sys.log time sent (2023, 12, 5, 1, 23, 6, 6, 94)
2023-12-05 23:15:04,48:E7:29:53:67:2E requested time
2023-12-05 23:15:04,485519DF2986_sys.log time sent (2023, 12, 5, 1, 23, 15, 4, 94)
2023-12-05 23:30:06,48:55:19:DF:28:48 requested time
2023-12-05 23:30:06,485519DF2986_sys.log time sent (2023, 12, 5, 1, 23, 30, 6, 94)
2023-12-05 23:57:06,48:E7:29:53:7E:2C requested time
2023-12-05 23:57:07,485519DF2986_sys.log time sent (2023, 12, 5, 1, 23, 57, 6, 94)
2023-12-06 00:06:15,48:E7:29:55:52:AD requested time
2023-12-06 00:06:16,485519DF2986_sys.log time sent (2023, 12, 6, 2, 0, 6, 15, 94)
2023-12-06 00:15:10,48:E7:29:53:67:2E requested time
2023-12-06 00:15:10,485519DF2986_sys.log time sent (2023, 12, 6, 2, 0, 15, 10, 94)
2023-12-06 00:30:02,48:55:19:DF:28:48 requested time
2023-12-06 00:30:03,485519DF2986_sys.log time sent (2023, 12, 6, 2, 0, 30, 2, 93)
2023-12-06 00:57:16,48:E7:29:53:7E:2C requested time
2023-12-06 00:57:16,485519DF2986_sys.log time sent (2023, 12, 6, 2, 0, 57, 16, 93)
2023-12-06 01:06:04,48:E7:29:55:52:AD requested time
2023-12-06 01:06:04,485519DF2986_sys.log time sent (2023, 12, 6, 2, 1, 6, 4, 94)
2023-12-06 01:15:11,48:E7:29:53:67:2E requested time
2023-12-06 01:15:12,485519DF2986_sys.log time sent (2023, 12, 6, 2, 1, 15, 11, 94)
2023-12-06 01:30:04,48:55:19:DF:28:48 requested time
2023-12-06 01:30:04,485519DF2986_sys.log time sent (2023, 12, 6, 2, 1, 30, 4, 94)
2023-12-06 01:57:10,48:E7:29:53:7E:2C requested time
2023-12-06 01:57:10,485519DF2986_sys.log time sent (2023, 12, 6, 2, 1, 57, 10, 93)
2023-12-06 02:06:08,48:E7:29:55:52:AD requested time
2023-12-06 02:06:09,485519DF2986_sys.log time sent (2023, 12, 6, 2, 2, 6, 8, 94)
2023-12-06 02:15:08,48:E7:29:53:67:2E requested time
2023-12-06 02:15:08,485519DF2986_sys.log time sent (2023, 12, 6, 2, 2, 15, 8, 93)
2023-12-06 02:30:10,48:55:19:DF:28:48 requested time
2023-12-06 02:30:10,485519DF2986_sys.log time sent (2023, 12, 6, 2, 2, 30, 10, 103)
2023-12-06 02:57:09,48:E7:29:53:7E:2C requested time
2023-12-06 02:57:10,485519DF2986_sys.log time sent (2023, 12, 6, 2, 2, 57, 9, 93)
2023-12-06 03:06:13,48:E7:29:55:52:AD requested time
2023-12-06 03:06:13,485519DF2986_sys.log time sent (2023, 12, 6, 2, 3, 6, 13, 94)
2023-12-06 03:15:09,48:E7:29:53:67:2E requested time
2023-12-06 03:15:10,485519DF2986_sys.log time sent (2023, 12, 6, 2, 3, 15, 9, 94)
2023-12-06 03:30:06,48:55:19:DF:28:48 requested time
2023-12-06 03:30:07,485519DF2986_sys.log time sent (2023, 12, 6, 2, 3, 30, 6, 103)
2023-12-06 03:57:09,48:E7:29:53:7E:2C requested time
2023-12-06 03:57:09,485519DF2986_sys.log time sent (2023, 12, 6, 2, 3, 57, 9, 94)
2023-12-06 04:06:06,48:E7:29:55:52:AD requested time
2023-12-06 04:06:07,485519DF2986_sys.log time sent (2023, 12, 6, 2, 4, 6, 6, 94)
2023-12-06 04:15:06,48:E7:29:53:67:2E requested time
2023-12-06 04:15:06,485519DF2986_sys.log time sent (2023, 12, 6, 2, 4, 15, 6, 93)
2023-12-06 04:30:08,48:55:19:DF:28:48 requested time
2023-12-06 04:30:08,485519DF2986_sys.log time sent (2023, 12, 6, 2, 4, 30, 8, 93)
2023-12-06 04:57:08,48:E7:29:53:7E:2C requested time
2023-12-06 04:57:09,485519DF2986_sys.log time sent (2023, 12, 6, 2, 4, 57, 8, 94)
2023-12-06 05:06:11,48:E7:29:55:52:AD requested time
2023-12-06 05:06:11,485519DF2986_sys.log time sent (2023, 12, 6, 2, 5, 6, 11, 94)
2023-12-06 05:15:07,48:E7:29:53:67:2E requested time
2023-12-06 05:15:07,485519DF2986_sys.log time sent (2023, 12, 6, 2, 5, 15, 7, 93)
2023-12-06 05:30:04,48:55:19:DF:28:48 requested time
2023-12-06 05:30:04,485519DF2986_sys.log time sent (2023, 12, 6, 2, 5, 30, 4, 94)
2023-12-06 05:57:08,48:E7:29:53:7E:2C requested time
2023-12-06 05:57:08,485519DF2986_sys.log time sent (2023, 12, 6, 2, 5, 57, 8, 94)
2023-12-06 06:06:10,48:E7:29:55:52:AD requested time
2023-12-06 06:06:10,485519DF2986_sys.log time sent (2023, 12, 6, 2, 6, 6, 10, 94)
2023-12-06 06:15:03,48:E7:29:53:67:2E requested time
2023-12-06 06:15:03,485519DF2986_sys.log time sent (2023, 12, 6, 2, 6, 15, 3, 94)
2023-12-06 06:30:05,48:55:19:DF:28:48 requested time
2023-12-06 06:30:06,485519DF2986_sys.log time sent (2023, 12, 6, 2, 6, 30, 5, 93)
2023-12-06 06:57:09,48:E7:29:53:7E:2C requested time
2023-12-06 06:57:09,485519DF2986_sys.log time sent (2023, 12, 6, 2, 6, 57, 9, 96)
2023-12-06 07:06:09,48:E7:29:55:52:AD requested time
2023-12-06 07:06:09,485519DF2986_sys.log time sent (2023, 12, 6, 2, 7, 6, 9, 93)
2023-12-06 07:15:04,48:E7:29:53:67:2E requested time
2023-12-06 07:15:05,485519DF2986_sys.log time sent (2023, 12, 6, 2, 7, 15, 4, 103)
2023-12-06 07:30:07,48:55:19:DF:28:48 requested time
2023-12-06 07:30:07,485519DF2986_sys.log time sent (2023, 12, 6, 2, 7, 30, 7, 94)
2023-12-06 07:57:09,48:E7:29:53:7E:2C requested time
2023-12-06 07:57:10,485519DF2986_sys.log time sent (2023, 12, 6, 2, 7, 57, 9, 94)
2023-12-06 08:06:08,48:E7:29:55:52:AD requested time
2023-12-06 08:06:09,485519DF2986_sys.log time sent (2023, 12, 6, 2, 8, 6, 8, 94)
2023-12-06 08:15:16,48:E7:29:53:67:2E requested time
2023-12-06 08:15:16,485519DF2986_sys.log time sent (2023, 12, 6, 2, 8, 15, 16, 103)
