2024-04-03 07:44:57,772,2024-04-03 07:45:01,48E72952E8D2,25.3823,59.7432,886.484,59
2024-04-03 07:59:55,773,2024-04-03 08:00:01,48E72952E8D2,25.0457,61.4164,887.047,60
2024-04-03 08:14:47,774,2024-04-03 08:15:03,48E72952E8D2,23.9896,64.2899,888.641,59
2024-04-03 08:29:29,775,2024-04-03 08:30:00,48E72952E8D2,23.2829,66.583,889.693,58
2024-04-03 08:29:56,776,2024-04-03 08:30:00,48E72952E8D2,23.18,67.0,889.815,2
2024-04-03 08:44:59,777,2024-04-03 08:45:02,48E72952E8D2,23.175,67.3784,889.792,59
2024-04-03 09:00:01,778,2024-04-03 09:00:04,48E72952E8D2,23.1682,68.0742,889.794,60
2024-04-03 09:14:59,779,2024-04-03 09:15:01,48E72952E8D2,23.1728,68.7603,889.811,59
2024-04-03 09:29:58,780,2024-04-03 09:30:03,48E72952E8D2,23.2243,69.4259,889.775,60
2024-04-03 09:44:55,781,2024-04-03 09:45:01,48E72952E8D2,23.2391,69.8506,889.771,59
2024-04-03 09:59:58,782,2024-04-03 10:00:04,48E72952E8D2,23.1817,71.1515,889.858,60
2024-04-03 10:14:55,783,2024-04-03 10:15:02,48E72952E8D2,23.2686,72.2097,889.68,59
2024-04-03 10:29:59,784,2024-04-03 10:30:03,48E72952E8D2,23.4002,72.8907,889.411,60
2024-04-03 10:45:01,785,2024-04-03 10:45:04,48E72952E8D2,23.4893,73.6687,889.243,59
2024-04-03 10:59:59,786,2024-04-03 11:00:00,48E72952E8D2,23.5827,74.2979,889.047,60
2024-04-03 11:15:01,787,2024-04-03 11:15:01,48E72952E8D2,23.6209,74.7374,888.88,59
2024-04-03 11:30:00,788,2024-04-03 11:30:04,48E72952E8D2,23.6441,75.3537,888.719,60
2024-04-03 11:44:58,789,2024-04-03 11:45:01,48E72952E8D2,23.6792,75.757,888.475,59
2024-04-03 12:00:00,790,2024-04-03 12:00:02,48E72952E8D2,23.6974,76.1886,888.228,60
2024-04-03 12:15:03,791,2024-04-03 12:15:04,48E72952E8D2,23.6821,76.6628,888.082,59
2024-04-03 12:29:57,792,2024-04-03 12:30:01,48E72952E8D2,23.6906,77.1363,887.81,59
2024-04-03 12:44:59,793,2024-04-03 12:45:04,48E72952E8D2,23.6864,77.6209,887.692,60
2024-04-03 12:59:57,794,2024-04-03 13:00:01,48E72952E8D2,23.6845,77.9451,887.448,59
2024-04-03 13:14:59,795,2024-04-03 13:15:04,48E72952E8D2,23.6544,78.26,887.289,60
2024-04-03 13:29:58,796,2024-04-03 13:30:02,48E72952E8D2,23.6691,78.6336,887.001,59
2024-04-03 13:44:56,797,2024-04-03 13:45:00,48E72952E8D2,23.7119,78.7928,886.668,60
2024-04-03 13:59:58,798,2024-04-03 14:00:02,48E72952E8D2,23.7203,78.9258,886.351,59
2024-04-03 14:14:56,799,2024-04-03 14:15:00,48E72952E8D2,23.7323,79.0862,886.038,60
2024-04-03 14:29:59,800,2024-04-03 14:30:04,48E72952E8D2,23.722,79.4091,885.816,59
2024-04-03 14:44:57,801,2024-04-03 14:45:02,48E72952E8D2,23.7444,79.4997,885.602,60
2024-04-03 14:59:59,802,2024-04-03 15:00:04,48E72952E8D2,23.7434,79.5622,885.322,59
2024-04-03 15:14:57,803,2024-04-03 15:15:01,48E72952E8D2,23.7319,79.5828,885.166,60
2024-04-03 15:29:56,804,2024-04-03 15:30:01,48E72952E8D2,23.7019,79.5479,885.014,59
2024-04-03 15:44:58,805,2024-04-03 15:45:04,48E72952E8D2,23.6879,79.5732,884.872,60
2024-04-03 15:59:56,806,2024-04-03 16:00:02,48E72952E8D2,23.674,79.5661,884.699,59
2024-04-03 16:14:54,807,2024-04-03 16:15:00,48E72952E8D2,23.6607,79.3089,884.517,59
2024-04-03 16:29:58,808,2024-04-03 16:30:02,48E72952E8D2,23.626,79.1183,884.533,60
2024-04-03 16:44:55,809,2024-04-03 16:45:00,48E72952E8D2,23.5773,78.8478,884.494,59
2024-04-03 16:59:58,810,2024-04-03 17:00:01,48E72952E8D2,23.9625,80.6946,883.838,60
2024-04-03 17:15:05,811,2024-04-03 17:15:00,48E72952E8D2,24.9699,79.4687,882.257,60
2024-04-03 17:29:59,812,2024-04-03 17:30:03,48E72952E8D2,25.4589,77.5403,881.414,59
2024-04-03 17:45:02,813,2024-04-03 17:45:04,48E72952E8D2,25.6007,76.4172,881.193,60
2024-04-03 17:59:59,814,2024-04-03 18:00:00,48E72952E8D2,25.5931,75.6285,881.177,59
2024-04-03 18:15:02,815,2024-04-03 18:15:00,48E72952E8D2,25.8312,74.4917,880.801,60
2024-04-03 18:29:56,816,2024-04-03 18:30:00,48E72952E8D2,26.242,72.1024,880.111,59
2024-04-03 18:44:58,817,2024-04-03 18:45:02,48E72952E8D2,26.3646,70.4001,879.861,59
2024-04-03 19:00:01,818,2024-04-03 19:00:03,48E72952E8D2,26.398,68.6856,879.732,60
2024-04-03 19:14:58,819,2024-04-03 19:15:00,48E72952E8D2,26.314,67.2399,879.892,59
2024-04-03 19:29:57,820,2024-04-03 19:30:03,48E72952E8D2,26.1932,66.0126,880.144,60
2024-04-03 19:44:54,821,2024-04-03 19:45:03,48E72952E8D2,26.0592,65.0493,880.461,59
2024-04-03 19:59:52,822,2024-04-03 20:00:03,48E72952E8D2,25.9379,64.2525,880.741,59
2024-04-03 20:14:44,823,2024-04-03 20:15:00,48E72952E8D2,25.8165,63.6376,880.967,59
2024-04-03 20:29:58,824,2024-04-03 20:30:03,48E72952E8D2,25.6989,62.9937,881.235,61
2024-04-03 20:44:56,825,2024-04-03 20:45:01,48E72952E8D2,25.6043,62.41,881.423,59
2024-04-03 20:59:59,826,2024-04-03 21:00:04,48E72952E8D2,25.5026,61.9276,881.542,60
2024-04-03 21:14:56,827,2024-04-03 21:15:04,48E72952E8D2,25.4051,61.4728,881.672,59
2024-04-03 21:30:00,828,2024-04-03 21:30:04,48E72952E8D2,25.3468,60.9936,881.81,60
2024-04-03 21:44:57,829,2024-04-03 21:45:01,48E72952E8D2,25.3902,60.2145,881.746,59
2024-04-03 22:00:00,830,2024-04-03 22:00:02,48E72952E8D2,25.4279,59.5864,881.697,60
2024-04-03 22:15:02,831,2024-04-03 22:15:04,48E72952E8D2,25.4774,59.0528,881.47,59
2024-04-03 22:29:56,832,2024-04-03 22:30:00,48E72952E8D2,25.5101,58.5728,881.211,59
2024-04-03 22:44:58,833,2024-04-03 22:45:03,48E72952E8D2,25.5329,58.1568,881.003,60
2024-04-03 22:59:56,834,2024-04-03 23:00:00,48E72952E8D2,25.5656,57.7191,880.852,59
2024-04-03 23:14:58,835,2024-04-03 23:15:03,48E72952E8D2,25.5894,57.3688,880.761,60
2024-04-03 23:29:57,836,2024-04-03 23:30:01,48E72952E8D2,25.6309,56.9879,880.615,59
2024-04-03 23:45:00,837,2024-04-03 23:45:04,48E72952E8D2,25.6432,56.7304,880.538,60
2024-04-03 23:59:57,838,2024-04-04 00:00:01,48E72952E8D2,25.6813,56.3208,880.396,59
2024-04-04 00:15:00,839,2024-04-04 00:15:04,48E72952E8D2,25.7168,55.9599,880.167,60
2024-04-04 00:29:58,840,2024-04-04 00:30:04,48E72952E8D2,25.5694,57.3436,880.274,59
2024-04-04 00:44:51,841,2024-04-04 00:45:03,48E72952E8D2,24.799,64.1272,881.278,59
2024-04-04 00:59:43,842,2024-04-04 01:00:00,48E72952E8D2,24.9126,66.4332,881.072,59
2024-04-04 01:14:41,843,2024-04-04 01:15:04,48E72952E8D2,24.7947,67.7091,881.286,60
2024-04-04 01:14:57,844,2024-04-04 01:15:02,48E72952E8D2,24.8,67.77,881.3,1
2024-04-04 01:30:00,845,2024-04-04 01:30:03,48E72952E8D2,24.9714,67.9572,880.813,59
2024-04-04 01:44:58,846,2024-04-04 01:45:00,48E72952E8D2,24.8316,68.6561,880.857,60
2024-04-04 02:00:00,847,2024-04-04 02:00:03,48E72952E8D2,24.8248,68.6553,880.816,59
2024-04-04 02:14:59,848,2024-04-04 02:15:03,48E72952E8D2,25.2494,67.2788,879.959,60
2024-04-04 02:29:56,849,2024-04-04 02:30:00,48E72952E8D2,25.2326,67.3766,879.877,59
2024-04-04 02:44:59,850,2024-04-04 02:45:04,48E72952E8D2,24.9677,68.4432,880.157,60
2024-04-04 02:59:56,851,2024-04-04 03:00:02,48E72952E8D2,24.996,68.3696,879.99,59
2024-04-04 03:14:55,852,2024-04-04 03:15:01,48E72952E8D2,24.897,68.7838,880.02,59
2024-04-04 03:29:53,853,2024-04-04 03:30:00,48E72952E8D2,25.1361,67.7195,879.511,60
2024-04-04 03:44:55,854,2024-04-04 03:45:02,48E72952E8D2,25.4382,66.3164,878.902,59
2024-04-04 03:59:58,855,2024-04-04 04:00:03,48E72952E8D2,25.6864,65.1157,878.476,60
2024-04-04 04:14:56,856,2024-04-04 04:15:01,48E72952E8D2,25.8814,64.0717,878.133,59
2024-04-04 04:29:59,857,2024-04-04 04:30:02,48E72952E8D2,26.0311,63.1756,877.763,60
2024-04-04 04:45:02,858,2024-04-04 04:45:03,48E72952E8D2,26.0754,62.6452,877.581,60
2024-04-04 05:00:04,859,2024-04-04 05:00:04,48E72952E8D2,26.154,61.9969,877.452,59
2024-04-04 05:14:58,860,2024-04-04 05:15:02,48E72952E8D2,26.2452,61.3077,877.255,59
2024-04-04 05:30:00,861,2024-04-04 05:30:03,48E72952E8D2,26.2523,60.9443,877.199,60
2024-04-04 05:44:58,862,2024-04-04 05:45:00,48E72952E8D2,26.2496,60.6162,877.188,59
2024-04-04 06:00:00,863,2024-04-04 06:00:01,48E72952E8D2,26.2673,60.2157,877.124,60
2024-04-04 06:14:54,864,2024-04-04 06:15:00,48E72952E8D2,26.222,60.0142,877.216,59
2024-04-04 06:29:57,865,2024-04-04 06:30:03,48E72952E8D2,26.32,59.4888,877.141,60
2024-04-04 06:44:54,866,2024-04-04 06:45:01,48E72952E8D2,26.4459,59.6891,876.955,59
2024-04-04 06:59:57,867,2024-04-04 07:00:03,48E72952E8D2,26.4552,60.7586,876.987,60
2024-04-04 07:14:55,868,2024-04-04 07:15:03,48E72952E8D2,25.8041,62.6045,878.052,59
2024-04-04 07:29:48,869,2024-04-04 07:30:01,48E72952E8D2,25.3375,64.7739,878.843,59
2024-04-04 07:44:45,870,2024-04-04 07:45:04,48E72952E8D2,25.2177,66.1216,879.084,59
2024-04-04 07:59:33,871,2024-04-04 08:00:00,48E72952E8D2,24.695,67.8633,879.917,59
2024-04-04 07:59:59,872,2024-04-04 08:00:04,48E72952E8D2,24.525,68.17,880.18,2
2024-04-04 08:14:52,873,2024-04-04 08:15:01,48E72952E8D2,23.9324,69.0864,881.155,59
2024-04-04 08:29:44,874,2024-04-04 08:30:01,48E72952E8D2,23.4011,70.4125,882.001,59
2024-04-04 08:44:37,875,2024-04-04 08:45:03,48E72952E8D2,23.2674,71.1575,882.273,59
2024-04-04 08:44:58,876,2024-04-04 08:45:03,48E72952E8D2,23.26,71.68,882.3,1
2024-04-04 08:59:56,877,2024-04-04 09:00:00,48E72952E8D2,23.2545,71.924,882.291,59
2024-04-04 09:14:58,878,2024-04-04 09:15:02,48E72952E8D2,23.3337,72.5949,882.191,60
2024-04-04 09:30:01,879,2024-04-04 09:30:03,48E72952E8D2,23.4307,73.4926,882.106,60
2024-04-04 09:45:00,880,2024-04-04 09:45:04,48E72952E8D2,23.4818,74.3244,882.12,59
2024-04-04 09:59:57,881,2024-04-04 10:00:02,48E72952E8D2,23.5208,75.1194,882.098,59
2024-04-04 10:15:00,882,2024-04-04 10:15:04,48E72952E8D2,23.6239,75.8242,881.895,60
2024-04-04 10:29:57,883,2024-04-04 10:30:00,48E72952E8D2,23.7227,76.3296,881.599,59
2024-04-04 10:44:56,884,2024-04-04 10:45:00,48E72952E8D2,23.7971,76.9356,881.529,60
2024-04-04 10:59:58,885,2024-04-04 11:00:03,48E72952E8D2,23.8272,77.4768,881.5,59
2024-04-04 11:14:56,886,2024-04-04 11:15:00,48E72952E8D2,23.7819,78.1289,881.521,60
2024-04-04 11:29:58,887,2024-04-04 11:30:03,48E72952E8D2,23.7837,78.7241,881.411,59
2024-04-04 11:44:57,888,2024-04-04 11:45:02,48E72952E8D2,23.7986,79.32,881.187,60
2024-04-04 11:59:55,889,2024-04-04 12:00:00,48E72952E8D2,23.8249,79.7285,880.928,59
2024-04-04 12:14:57,890,2024-04-04 12:15:03,48E72952E8D2,23.8338,80.1411,880.75,60
2024-04-04 12:29:55,891,2024-04-04 12:30:00,48E72952E8D2,23.8541,80.5307,880.539,59
2024-04-04 12:44:59,892,2024-04-04 12:45:04,48E72952E8D2,23.8795,80.8022,880.274,60
2024-04-04 12:59:56,893,2024-04-04 13:00:02,48E72952E8D2,23.8709,81.1095,880.101,59
2024-04-04 13:14:59,894,2024-04-04 13:15:04,48E72952E8D2,23.8966,81.341,879.932,60
2024-04-04 13:29:56,895,2024-04-04 13:30:02,48E72952E8D2,23.9128,81.4685,879.75,59
2024-04-04 13:45:00,896,2024-04-04 13:45:04,48E72952E8D2,23.9346,81.5401,879.528,60
2024-04-04 13:59:58,897,2024-04-04 14:00:02,48E72952E8D2,23.9285,81.5203,879.302,59
2024-04-04 14:14:55,898,2024-04-04 14:15:00,48E72952E8D2,23.9335,81.6428,879.08,59
2024-04-04 14:29:58,899,2024-04-04 14:30:02,48E72952E8D2,23.9246,81.6808,878.841,60
2024-04-04 14:44:57,900,2024-04-04 14:45:01,48E72952E8D2,23.9106,81.7963,878.646,59
2024-04-04 14:59:59,901,2024-04-04 15:00:03,48E72952E8D2,23.9065,81.8012,878.515,60
2024-04-04 15:14:57,902,2024-04-04 15:15:01,48E72952E8D2,23.8788,81.8358,878.398,59
2024-04-04 15:29:59,903,2024-04-04 15:30:03,48E72952E8D2,23.85,81.902,878.396,60
2024-04-04 15:44:58,904,2024-04-04 15:45:02,48E72952E8D2,23.8341,81.9121,878.293,59
2024-04-04 15:59:56,905,2024-04-04 16:00:00,48E72952E8D2,23.7874,81.5613,878.267,60
2024-04-04 16:14:58,906,2024-04-04 16:15:04,48E72952E8D2,23.6057,81.6012,878.504,59
2024-04-04 16:29:55,907,2024-04-04 16:30:04,48E72952E8D2,23.4964,81.6345,878.666,60
2024-04-04 16:44:54,908,2024-04-04 16:45:00,48E72952E8D2,23.3977,81.4785,878.752,59
2024-04-04 16:59:57,909,2024-04-04 17:00:02,48E72952E8D2,23.5976,83.0847,878.407,60
2024-04-04 17:15:05,910,2024-04-04 17:15:03,48E72952E8D2,24.6114,83.0722,876.889,60
2024-04-04 17:30:12,911,2024-04-04 17:30:00,48E72952E8D2,25.4497,80.228,875.568,60
2024-04-04 17:45:01,912,2024-04-04 17:45:04,48E72952E8D2,25.8714,78.3704,874.936,58
2024-04-04 18:00:03,913,2024-04-04 18:00:04,48E72952E8D2,26.0613,76.9734,874.738,60
2024-04-04 18:15:06,914,2024-04-04 18:15:02,48E72952E8D2,26.098,74.8334,874.645,60
2024-04-04 18:30:08,915,2024-04-04 18:30:01,48E72952E8D2,26.0594,73.7412,874.676,59
2024-04-04 18:44:57,916,2024-04-04 18:45:02,48E72952E8D2,25.9289,72.7535,874.803,59
2024-04-04 18:59:54,917,2024-04-04 19:00:02,48E72952E8D2,25.7226,71.8745,875.019,59
2024-04-04 19:14:52,918,2024-04-04 19:15:02,48E72952E8D2,25.4882,70.9219,875.37,60
2024-04-04 19:29:49,919,2024-04-04 19:30:05,48E72952E8D2,25.255,70.1288,875.828,59
2024-04-04 19:44:58,920,2024-04-04 19:45:03,48E72952E8D2,24.9934,69.4587,876.329,60
2024-04-04 19:59:56,921,2024-04-04 20:00:03,48E72952E8D2,24.7614,68.9557,876.852,59
2024-04-04 20:14:53,922,2024-04-04 20:15:04,48E72952E8D2,24.4936,68.6505,877.411,60
2024-04-04 20:29:46,923,2024-04-04 20:30:01,48E72952E8D2,24.2794,68.2562,877.863,59
2024-04-04 20:45:00,924,2024-04-04 20:45:05,48E72952E8D2,24.0829,67.9866,878.32,60
2024-04-04 20:59:57,925,2024-04-04 21:00:03,48E72952E8D2,23.8839,67.7611,878.781,59
2024-04-04 21:14:55,926,2024-04-04 21:15:03,48E72952E8D2,23.6529,67.7726,879.343,60
2024-04-04 21:29:52,927,2024-04-04 21:30:04,48E72952E8D2,23.4707,67.5543,879.756,59
2024-04-04 21:44:56,928,2024-04-04 21:45:01,48E72952E8D2,23.3201,67.4131,880.175,60
2024-04-04 21:59:54,929,2024-04-04 22:00:00,48E72952E8D2,23.1606,67.4569,880.611,59
2024-04-04 22:14:51,930,2024-04-04 22:15:00,48E72952E8D2,23.1653,66.9708,880.671,59
2024-04-04 22:29:53,931,2024-04-04 22:30:04,48E72952E8D2,23.2438,66.2828,880.499,60
2024-04-04 22:44:57,932,2024-04-04 22:45:00,48E72952E8D2,23.2579,65.8859,880.499,60
2024-04-04 23:00:00,933,2024-04-04 23:00:02,48E72952E8D2,23.2403,65.5853,880.51,59
2024-04-04 23:15:02,934,2024-04-04 23:15:04,48E72952E8D2,23.2209,65.3474,880.518,60
2024-04-04 23:30:00,935,2024-04-04 23:30:01,48E72952E8D2,23.2496,64.9521,880.42,59
2024-04-04 23:44:59,936,2024-04-04 23:45:04,48E72952E8D2,23.2658,64.6728,880.228,60
2024-04-04 23:59:56,937,2024-04-05 00:00:02,48E72952E8D2,23.2281,64.6505,880.23,59
2024-04-05 00:14:53,938,2024-04-05 00:15:00,48E72952E8D2,23.2291,64.412,880.153,59
2024-04-05 00:29:56,939,2024-04-05 00:30:03,48E72952E8D2,23.3657,63.6886,879.799,60
2024-04-05 00:45:00,940,2024-04-05 00:45:04,48E72952E8D2,23.4434,63.2696,879.507,60
2024-04-05 00:59:57,941,2024-04-05 01:00:01,48E72952E8D2,23.4738,63.0733,879.276,59
2024-04-05 01:15:00,942,2024-04-05 01:15:02,48E72952E8D2,23.5465,62.7096,879.034,60
2024-04-05 01:30:02,943,2024-04-05 01:30:04,48E72952E8D2,23.5006,62.7198,878.935,59
2024-04-05 01:44:56,944,2024-04-05 01:45:01,48E72952E8D2,23.6023,62.1972,878.597,59
2024-04-05 01:59:59,945,2024-04-05 02:00:04,48E72952E8D2,23.4899,62.4398,878.658,60
2024-04-05 02:14:57,946,2024-04-05 02:15:02,48E72952E8D2,23.4299,62.4374,878.6,59
2024-04-05 02:29:54,947,2024-04-05 02:30:00,48E72952E8D2,23.4746,62.0329,878.382,60
2024-04-05 02:44:58,948,2024-04-05 02:45:02,48E72952E8D2,23.4667,61.8368,878.281,59
2024-04-05 03:00:00,949,2024-04-05 03:00:04,48E72952E8D2,23.5716,61.4341,878.05,60
2024-04-05 03:14:58,950,2024-04-05 03:15:00,48E72952E8D2,23.6965,61.1003,877.764,59
2024-04-05 03:30:00,951,2024-04-05 03:30:01,48E72952E8D2,23.8279,60.5783,877.399,60
2024-04-05 03:44:59,952,2024-04-05 03:45:03,48E72952E8D2,23.8427,60.5998,877.315,59
2024-04-05 03:59:56,953,2024-04-05 04:00:00,48E72952E8D2,23.8687,60.5058,877.367,60
2024-04-05 04:14:59,954,2024-04-05 04:15:02,48E72952E8D2,23.9901,60.0037,877.228,59
2024-04-05 04:30:01,955,2024-04-05 04:30:04,48E72952E8D2,23.9641,60.0531,877.194,60
2024-04-05 04:44:55,956,2024-04-05 04:45:00,48E72952E8D2,24.0169,59.8364,877.157,59
2024-04-05 04:59:58,957,2024-04-05 05:00:03,48E72952E8D2,23.9611,60.0348,877.389,60
2024-04-05 05:14:55,958,2024-04-05 05:15:01,48E72952E8D2,23.928,60.197,877.55,59
2024-04-05 05:29:53,959,2024-04-05 05:30:00,48E72952E8D2,23.8911,60.368,877.521,59
2024-04-05 05:44:56,960,2024-04-05 05:45:02,48E72952E8D2,23.9564,60.1485,877.439,60
2024-04-05 05:59:59,961,2024-04-05 06:00:04,48E72952E8D2,23.9422,60.2652,877.599,60
2024-04-05 06:14:57,962,2024-04-05 06:15:01,48E72952E8D2,24.0245,59.9301,877.584,59
2024-04-05 06:29:58,1,2024-04-05 06:30:02,48E72952E8D2,23.67,62.24,878.33,2
2024-04-05 06:45:01,2,2024-04-05 06:45:03,48E72952E8D2,23.3531,62.866,878.875,59
2024-04-05 07:00:03,3,2024-04-05 07:00:03,48E72952E8D2,23.8072,62.2088,878.257,60
2024-04-05 07:14:57,4,2024-04-05 07:15:01,48E72952E8D2,23.9046,62.5176,878.266,59
2024-04-05 07:30:00,5,2024-04-05 07:30:02,48E72952E8D2,24.1137,61.8942,878.192,60
2024-04-05 07:45:02,6,2024-04-05 07:45:03,48E72952E8D2,24.3104,61.4859,877.872,59
2024-04-05 08:00:04,7,2024-04-05 08:00:02,48E72952E8D2,24.5482,60.6369,877.478,60
2024-04-05 08:14:53,8,2024-04-05 08:15:02,48E72952E8D2,23.8257,59.3511,878.493,59
2024-04-05 08:29:45,9,2024-04-05 08:30:04,48E72952E8D2,23.1228,61.7972,879.579,59
2024-04-05 08:44:33,10,2024-04-05 08:45:02,48E72952E8D2,22.9625,63.3653,879.884,58
2024-04-05 08:59:20,11,2024-04-05 09:00:00,48E72952E8D2,22.9099,64.4413,880.037,59
2024-04-05 08:59:57,12,2024-04-05 09:00:01,48E72952E8D2,22.885,65.14,880.105,2
2024-04-05 09:14:59,13,2024-04-05 09:15:04,48E72952E8D2,22.8867,65.5368,880.134,60
2024-04-05 09:29:57,14,2024-04-05 09:30:01,48E72952E8D2,22.9477,66.4258,879.962,59
2024-04-05 09:45:00,15,2024-04-05 09:45:04,48E72952E8D2,22.9521,67.2879,879.926,60
2024-04-05 09:59:58,16,2024-04-05 10:00:04,48E72952E8D2,22.8837,68.2325,880.03,59
2024-04-05 10:14:46,17,2024-04-05 10:15:01,48E72952E8D2,21.5435,72.2067,881.892,59
2024-04-05 10:29:33,18,2024-04-05 10:30:00,48E72952E8D2,21.0042,75.0001,882.477,59
2024-04-05 10:44:26,19,2024-04-05 10:45:05,48E72952E8D2,20.8921,76.165,882.327,59
2024-04-05 10:44:58,20,2024-04-05 10:45:02,48E72952E8D2,20.88,76.5,882.19,2
2024-04-05 11:00:00,21,2024-04-05 11:00:03,48E72952E8D2,21.1474,76.7418,881.777,59
2024-04-05 11:15:08,22,2024-04-05 11:15:02,48E72952E8D2,22.6043,75.0309,879.553,60
2024-04-05 11:30:20,23,2024-04-05 11:30:03,48E72952E8D2,22.9549,74.1305,878.934,61
2024-04-05 11:44:59,24,2024-04-05 11:45:03,48E72952E8D2,22.9936,73.6948,878.897,58
2024-04-05 11:59:56,25,2024-04-05 12:00:01,48E72952E8D2,22.9823,73.8994,878.87,59
2024-04-05 12:14:59,26,2024-04-05 12:15:03,48E72952E8D2,23.0233,73.6154,878.773,60
2024-04-05 12:29:57,27,2024-04-05 12:30:01,48E72952E8D2,22.9762,73.2753,878.616,59
2024-04-05 12:44:55,28,2024-04-05 12:45:00,48E72952E8D2,22.9871,73.7019,878.677,59
2024-04-05 12:59:58,29,2024-04-05 13:00:03,48E72952E8D2,23.0409,74.0532,878.572,60
2024-04-05 13:14:55,30,2024-04-05 13:15:00,48E72952E8D2,23.104,74.1761,878.411,59
2024-04-05 13:29:58,31,2024-04-05 13:30:02,48E72952E8D2,23.1604,74.4492,878.112,60
2024-04-05 13:44:57,32,2024-04-05 13:45:01,48E72952E8D2,23.1804,74.4975,877.834,59
2024-04-05 13:59:59,33,2024-04-05 14:00:04,48E72952E8D2,23.1687,74.4009,877.743,60
2024-04-05 14:14:57,34,2024-04-05 14:15:02,48E72952E8D2,23.1448,74.4567,877.581,59
2024-04-05 14:29:54,35,2024-04-05 14:30:00,48E72952E8D2,23.076,74.4473,877.567,60
2024-04-05 14:44:58,36,2024-04-05 14:45:02,48E72952E8D2,23.0494,74.6776,877.48,59
2024-04-05 14:59:56,37,2024-04-05 15:00:00,48E72952E8D2,23.0516,74.7124,877.225,60
2024-04-05 15:14:58,38,2024-04-05 15:15:03,48E72952E8D2,23.0739,75.0248,877.073,59
2024-04-05 15:29:56,39,2024-04-05 15:30:01,48E72952E8D2,23.0696,75.0056,876.994,60
2024-04-05 15:44:59,40,2024-04-05 15:45:04,48E72952E8D2,22.9913,74.7465,877.165,59
2024-04-05 15:59:57,41,2024-04-05 16:00:03,48E72952E8D2,22.9075,74.6843,877.186,60
2024-04-05 16:14:55,42,2024-04-05 16:15:02,48E72952E8D2,22.8121,74.1472,877.454,59
2024-04-05 16:29:52,43,2024-04-05 16:30:01,48E72952E8D2,22.7084,73.4706,877.852,59
2024-04-05 16:44:56,44,2024-04-05 16:45:00,48E72952E8D2,22.5957,72.4503,878.13,60
2024-04-05 16:59:58,45,2024-04-05 17:00:02,48E72952E8D2,22.7411,73.301,877.967,60
2024-04-05 17:00:36,1,2024-04-05 17:00:41,48E72952E8D2,23.57,74.07,876.39,1
2024-04-05 17:14:58,2,2024-04-05 17:15:02,48E72952E8D2,23.3855,74.213,877.022,57
2024-04-05 17:30:19,1,2024-04-05 17:30:04,48E72952E8D2,23.7646,72.4032,876.63,41
2024-04-05 17:45:51,2,2024-04-05 17:45:03,48E72952E8D2,23.9877,70.9632,876.29,61
2024-04-05 18:01:24,3,2024-04-05 18:00:01,48E72952E8D2,24.0151,69.2615,876.462,62
2024-04-05 18:14:57,4,2024-04-05 18:15:02,48E72952E8D2,23.9807,65.8199,876.718,54
2024-04-05 18:29:55,5,2024-04-05 18:30:00,48E72952E8D2,24.0362,65.5652,876.977,59
2024-04-05 18:44:57,6,2024-04-05 18:45:02,48E72952E8D2,24.0414,64.9466,877.145,60
2024-04-05 18:59:55,7,2024-04-05 19:00:01,48E72952E8D2,23.8286,64.2058,877.671,59
2024-04-05 19:14:59,8,2024-04-05 19:15:03,48E72952E8D2,23.5731,63.5154,878.325,60
2024-04-05 19:29:56,9,2024-04-05 19:30:02,48E72952E8D2,23.6159,61.8322,878.456,59
2024-04-05 19:44:59,10,2024-04-05 19:45:03,48E72952E8D2,24.4183,58.8088,877.411,60
2024-04-05 20:00:01,11,2024-04-05 20:00:03,48E72952E8D2,24.5384,57.936,877.466,59
2024-04-05 20:14:55,12,2024-04-05 20:15:00,48E72952E8D2,24.3553,57.885,878.008,59
2024-04-05 20:29:57,13,2024-04-05 20:30:02,48E72952E8D2,24.6468,56.6849,877.92,60
2024-04-05 20:45:00,14,2024-04-05 20:45:03,48E72952E8D2,24.8367,55.9366,877.994,60
2024-04-05 21:00:02,15,2024-04-05 21:00:04,48E72952E8D2,24.8316,55.583,878.285,59
2024-04-05 21:14:56,16,2024-04-05 21:15:02,48E72952E8D2,24.7552,55.2868,878.499,59
2024-04-05 21:29:54,17,2024-04-05 21:30:01,48E72952E8D2,24.6962,55.3561,878.635,60
2024-04-05 21:44:51,18,2024-04-05 21:45:01,48E72952E8D2,24.6245,55.6789,878.894,59
2024-04-05 21:59:49,19,2024-04-05 22:00:01,48E72952E8D2,24.6009,55.876,879.071,59
2024-04-05 22:14:58,20,2024-04-05 22:15:03,48E72952E8D2,24.5995,55.828,879.122,60
2024-04-05 22:29:55,21,2024-04-05 22:30:00,48E72952E8D2,24.6077,55.7345,879.086,60
2024-04-05 22:44:58,22,2024-04-05 22:45:03,48E72952E8D2,24.6294,55.7274,879.133,59
2024-04-05 22:59:55,23,2024-04-05 23:00:01,48E72952E8D2,24.6534,55.6027,879.22,60
2024-04-05 23:14:59,24,2024-04-05 23:15:03,48E72952E8D2,24.6356,55.5094,879.233,59
2024-04-05 23:29:59,1,2024-04-05 23:30:02,48E72952E8D2,23.2074,60.1111,881.58,32
2024-04-05 23:44:56,2,2024-04-05 23:45:02,48E72952E8D2,23.5742,58.5679,880.982,59
2024-04-05 23:59:59,3,2024-04-06 00:00:02,48E72952E8D2,24.8097,54.789,879.423,60
2024-04-06 00:14:57,4,2024-04-06 00:15:02,48E72952E8D2,25.0296,53.249,879.671,59
2024-04-06 00:30:00,5,2024-04-06 00:30:04,48E72952E8D2,25.0506,52.2948,879.782,60
2024-04-06 00:44:57,6,2024-04-06 00:45:00,48E72952E8D2,25.3738,51.3317,879.489,59
2024-04-06 01:00:05,7,2024-04-06 01:00:04,48E72952E8D2,25.6509,51.036,878.958,60
2024-04-06 01:14:59,8,2024-04-06 01:15:03,48E72952E8D2,25.6828,51.4471,879.055,59
2024-04-06 01:29:56,9,2024-04-06 01:30:01,48E72952E8D2,25.7143,51.626,879.212,59
2024-04-06 01:44:59,10,2024-04-06 01:45:02,48E72952E8D2,26.0321,50.9718,878.953,60
2024-04-06 02:00:01,11,2024-04-06 02:00:03,48E72952E8D2,26.1422,50.9248,878.743,60
2024-04-06 02:15:00,12,2024-04-06 02:15:03,48E72952E8D2,26.3239,50.6883,878.527,59
2024-04-06 02:30:02,13,2024-04-06 02:30:04,48E72952E8D2,26.5387,50.4701,878.277,60
2024-04-06 02:45:05,14,2024-04-06 02:45:04,48E72952E8D2,26.6156,50.68,878.393,59
2024-04-06 03:00:02,15,2024-04-06 03:00:00,48E72952E8D2,26.5212,51.2619,878.635,60
2024-04-06 03:14:56,16,2024-04-06 03:15:02,48E72952E8D2,26.2818,51.7386,878.943,59
2024-04-06 03:29:54,17,2024-04-06 03:30:01,48E72952E8D2,26.0453,51.5379,879.316,59
2024-04-06 03:44:51,18,2024-04-06 03:45:02,48E72952E8D2,25.8828,51.0222,879.652,59
2024-04-06 03:59:49,19,2024-04-06 04:00:03,48E72952E8D2,25.7816,50.5771,879.947,60
2024-04-06 04:14:57,20,2024-04-06 04:15:03,48E72952E8D2,25.686,50.3386,880.225,60
2024-04-06 04:29:55,21,2024-04-06 04:30:03,48E72952E8D2,25.6438,50.2168,880.509,59
2024-04-06 04:44:52,22,2024-04-06 04:45:02,48E72952E8D2,25.6382,49.9851,880.701,59
2024-04-06 04:59:50,23,2024-04-06 05:00:01,48E72952E8D2,25.5889,49.9195,880.897,60
2024-04-06 05:14:59,24,2024-04-06 05:15:03,48E72952E8D2,25.5349,49.875,881.095,60
2024-04-06 05:29:56,25,2024-04-06 05:30:01,48E72952E8D2,25.5228,50.0422,881.44,59
2024-04-06 05:44:59,26,2024-04-06 05:45:04,48E72952E8D2,25.5917,50.2873,881.434,60
2024-04-06 05:59:56,27,2024-04-06 06:00:00,48E72952E8D2,25.6604,50.3409,881.554,59
2024-04-06 06:14:55,28,2024-04-06 06:15:01,48E72952E8D2,25.6901,50.3714,881.562,59
2024-04-06 06:29:58,29,2024-04-06 06:30:04,48E72952E8D2,25.6589,50.3577,881.842,60
2024-04-06 06:44:55,30,2024-04-06 06:45:01,48E72952E8D2,25.7133,50.7585,882.177,59
2024-04-06 06:59:58,31,2024-04-06 07:00:03,48E72952E8D2,25.9831,51.4063,882.036,60
2024-04-06 07:14:51,32,2024-04-06 07:15:01,48E72952E8D2,24.9279,55.2501,883.844,59
2024-04-06 07:29:49,33,2024-04-06 07:30:04,48E72952E8D2,24.7285,57.8692,884.273,59
2024-04-06 07:44:41,34,2024-04-06 07:45:00,48E72952E8D2,25.213,57.7462,883.645,59
2024-04-06 07:59:44,35,2024-04-06 08:00:04,48E72952E8D2,25.6022,56.7943,883.225,60
2024-04-06 08:14:48,36,2024-04-06 08:15:00,48E72952E8D2,24.4909,56.4055,885.015,60
2024-04-06 08:29:35,37,2024-04-06 08:30:02,48E72952E8D2,23.3585,58.7957,886.895,58
2024-04-06 08:44:17,38,2024-04-06 08:45:01,48E72952E8D2,22.8775,59.7354,887.667,59
2024-04-06 08:59:00,39,2024-04-06 09:00:02,48E72952E8D2,22.7147,60.1551,888.102,58
2024-04-06 08:59:57,40,2024-04-06 09:00:01,48E72952E8D2,22.58,60.705,888.325,4
2024-04-06 09:14:59,41,2024-04-06 09:15:04,48E72952E8D2,22.6558,60.7074,888.288,59
2024-04-06 09:29:57,42,2024-04-06 09:30:02,48E72952E8D2,22.6347,61.0575,888.507,60
2024-04-06 09:44:54,43,2024-04-06 09:45:00,48E72952E8D2,22.6121,61.7079,888.644,59
2024-04-06 09:59:58,44,2024-04-06 10:00:02,48E72952E8D2,22.6446,62.2505,888.824,60
2024-04-06 10:14:56,45,2024-04-06 10:15:00,48E72952E8D2,22.6624,62.7969,889.016,59
2024-04-06 10:29:58,46,2024-04-06 10:30:02,48E72952E8D2,22.6539,63.5912,889.083,60
2024-04-06 10:44:56,47,2024-04-06 10:45:00,48E72952E8D2,22.6682,64.2877,888.974,59
2024-04-06 10:59:59,48,2024-04-06 11:00:03,48E72952E8D2,22.7634,65.2826,888.881,60
2024-04-06 11:15:02,49,2024-04-06 11:15:02,48E72952E8D2,23.1373,65.4482,888.359,59
2024-04-06 11:30:05,50,2024-04-06 11:30:00,48E72952E8D2,23.1734,66.0601,888.266,60
2024-04-06 11:45:12,51,2024-04-06 11:45:04,48E72952E8D2,23.1197,67.1458,888.284,60
2024-04-06 11:59:56,52,2024-04-06 12:00:00,48E72952E8D2,23.1123,67.7984,888.217,58
2024-04-06 12:14:58,53,2024-04-06 12:15:03,48E72952E8D2,23.0559,68.702,888.24,60
2024-04-06 12:29:56,54,2024-04-06 12:30:01,48E72952E8D2,23.048,69.4973,888.223,59
2024-04-06 12:44:58,55,2024-04-06 12:45:04,48E72952E8D2,23.0839,70.0624,888.201,60
2024-04-06 12:59:57,56,2024-04-06 13:00:02,48E72952E8D2,23.0492,70.4508,888.108,59
2024-04-06 13:15:00,57,2024-04-06 13:15:04,48E72952E8D2,23.0261,70.6879,888.084,60
2024-04-06 13:29:57,58,2024-04-06 13:30:02,48E72952E8D2,23.0139,70.6633,888.111,59
2024-04-06 13:45:00,59,2024-04-06 13:45:04,48E72952E8D2,22.9663,70.5909,888.154,60
2024-04-06 13:59:59,60,2024-04-06 14:00:03,48E72952E8D2,22.934,70.549,888.225,59
2024-04-06 14:14:56,61,2024-04-06 14:15:01,48E72952E8D2,22.9054,70.6832,888.153,60
2024-04-06 14:29:59,62,2024-04-06 14:30:03,48E72952E8D2,22.9013,70.6194,888.027,59
2024-04-06 14:44:56,63,2024-04-06 14:45:01,48E72952E8D2,22.8699,70.5829,887.916,60
2024-04-06 14:59:55,64,2024-04-06 15:00:00,48E72952E8D2,22.8141,70.3331,887.995,59
2024-04-06 15:14:58,65,2024-04-06 15:15:03,48E72952E8D2,22.7346,70.1946,887.97,60
2024-04-06 15:29:55,66,2024-04-06 15:30:01,48E72952E8D2,22.7557,69.8341,887.772,59
2024-04-06 15:44:58,67,2024-04-06 15:45:04,48E72952E8D2,22.7323,69.4966,887.714,60
2024-04-06 15:59:57,68,2024-04-06 16:00:02,48E72952E8D2,22.6926,69.3436,887.7,59
2024-04-06 16:14:54,69,2024-04-06 16:15:00,48E72952E8D2,22.6585,68.9638,887.646,59
2024-04-06 16:29:57,70,2024-04-06 16:30:04,48E72952E8D2,22.6599,68.3586,887.614,60
2024-04-06 16:44:54,71,2024-04-06 16:45:02,48E72952E8D2,22.6379,67.7989,887.531,59
2024-04-06 16:59:58,72,2024-04-06 17:00:00,48E72952E8D2,22.9704,71.4489,887.031,60
2024-04-06 17:15:05,73,2024-04-06 17:15:03,48E72952E8D2,23.5904,72.5244,886.13,60
2024-04-06 17:30:13,74,2024-04-06 17:30:03,48E72952E8D2,23.825,72.1971,885.724,60
2024-04-06 17:45:21,75,2024-04-06 17:45:03,48E72952E8D2,23.9266,71.4767,885.543,60
2024-04-06 17:59:59,76,2024-04-06 18:00:04,48E72952E8D2,23.9489,70.5113,885.376,58
2024-04-06 18:14:57,77,2024-04-06 18:15:00,48E72952E8D2,23.9666,67.8565,885.26,59
2024-04-06 18:29:59,78,2024-04-06 18:30:01,48E72952E8D2,24.0875,65.7601,885.118,60
2024-04-06 18:45:02,79,2024-04-06 18:45:00,48E72952E8D2,24.1476,64.1144,885.061,60
2024-04-06 18:59:56,80,2024-04-06 19:00:01,48E72952E8D2,23.9194,63.3101,885.453,59
2024-04-06 19:14:53,81,2024-04-06 19:15:01,48E72952E8D2,23.6655,62.4874,885.924,59
2024-04-06 19:29:50,82,2024-04-06 19:30:01,48E72952E8D2,23.5979,61.2047,886.119,59
2024-04-06 19:44:53,83,2024-04-06 19:45:04,48E72952E8D2,24.3402,57.9926,885.108,60
2024-04-06 19:59:57,84,2024-04-06 20:00:01,48E72952E8D2,24.6179,56.1617,884.835,60
2024-04-06 20:14:59,85,2024-04-06 20:15:03,48E72952E8D2,24.7126,55.0605,884.844,59
2024-04-06 20:29:57,86,2024-04-06 20:30:00,48E72952E8D2,24.7214,54.3562,884.974,60
2024-04-06 20:44:59,87,2024-04-06 20:45:01,48E72952E8D2,24.9286,53.3148,884.765,59
2024-04-06 20:59:58,88,2024-04-06 21:00:02,48E72952E8D2,25.1382,52.3801,884.552,60
2024-04-06 21:15:01,89,2024-04-06 21:15:04,48E72952E8D2,25.2155,51.8669,884.526,59
2024-04-06 21:29:58,90,2024-04-06 21:30:00,48E72952E8D2,25.2758,51.4673,884.516,60
2024-04-06 21:45:01,91,2024-04-06 21:45:01,48E72952E8D2,25.3153,51.0801,884.504,59
2024-04-06 21:59:59,92,2024-04-06 22:00:04,48E72952E8D2,25.3699,50.6068,884.349,60
2024-04-06 22:14:57,93,2024-04-06 22:15:02,48E72952E8D2,25.357,50.4112,884.273,59
2024-04-06 22:30:00,94,2024-04-06 22:30:04,48E72952E8D2,25.4004,50.0293,884.167,60
2024-04-06 22:44:57,95,2024-04-06 22:45:01,48E72952E8D2,25.4521,49.6781,884.099,59
2024-04-06 22:59:56,96,2024-04-06 23:00:00,48E72952E8D2,25.4343,49.4807,884.119,59
2024-04-06 23:14:58,97,2024-04-06 23:15:02,48E72952E8D2,25.6824,48.5991,883.69,60
2024-04-06 23:30:01,98,2024-04-06 23:30:02,48E72952E8D2,25.7882,48.2085,883.495,60
2024-04-06 23:45:03,99,2024-04-06 23:45:03,48E72952E8D2,25.783,48.2427,883.476,59
2024-04-06 23:59:57,100,2024-04-07 00:00:02,48E72952E8D2,25.8888,47.9993,883.213,59
2024-04-07 00:14:55,101,2024-04-07 00:15:04,48E72952E8D2,25.0837,55.7667,884.318,60
2024-04-07 00:29:47,102,2024-04-07 00:30:04,48E72952E8D2,24.517,61.8477,884.992,59
2024-04-07 00:44:39,103,2024-04-07 00:45:05,48E72952E8D2,24.437,62.8216,885.013,59
2024-04-07 00:44:56,104,2024-04-07 00:45:01,48E72952E8D2,24.59,62.22,884.74,1
2024-04-07 00:59:59,105,2024-04-07 01:00:03,48E72952E8D2,24.825,61.2511,884.343,59
2024-04-07 01:14:56,106,2024-04-07 01:15:00,48E72952E8D2,24.6846,63.3551,884.419,60
2024-04-07 01:29:59,107,2024-04-07 01:30:04,48E72952E8D2,24.4907,64.9271,884.542,59
2024-04-07 01:44:57,108,2024-04-07 01:45:01,48E72952E8D2,24.6139,64.2602,884.12,60
2024-04-07 02:00:00,109,2024-04-07 02:00:00,48E72952E8D2,25.0401,62.0573,883.351,59
2024-04-07 02:15:02,110,2024-04-07 02:15:01,48E72952E8D2,24.7159,64.3277,883.718,60
2024-04-07 02:30:05,111,2024-04-07 02:30:02,48E72952E8D2,24.5809,65.3184,883.808,60
2024-04-07 02:44:59,112,2024-04-07 02:45:02,48E72952E8D2,24.686,64.5967,883.599,59
2024-04-07 03:00:01,113,2024-04-07 03:00:02,48E72952E8D2,25.0782,62.6038,882.961,59
2024-04-07 03:15:04,114,2024-04-07 03:15:00,48E72952E8D2,25.3917,60.8445,882.321,60
2024-04-07 03:30:11,115,2024-04-07 03:30:03,48E72952E8D2,25.3849,60.2298,882.206,60
2024-04-07 03:44:55,116,2024-04-07 03:45:00,48E72952E8D2,25.3618,59.6738,882.112,58
2024-04-07 03:59:57,117,2024-04-07 04:00:02,48E72952E8D2,25.4808,58.6718,881.803,60
2024-04-07 04:15:00,118,2024-04-07 04:15:04,48E72952E8D2,25.5807,57.7739,881.602,60
2024-04-07 04:29:57,119,2024-04-07 04:30:00,48E72952E8D2,25.6036,57.1761,881.582,59
2024-04-07 04:44:56,120,2024-04-07 04:45:01,48E72952E8D2,25.6638,56.4967,881.445,59
2024-04-07 04:59:59,121,2024-04-07 05:00:03,48E72952E8D2,25.7096,55.9049,881.26,60
2024-04-07 05:14:56,122,2024-04-07 05:15:01,48E72952E8D2,25.7218,55.4371,881.162,59
2024-04-07 05:29:59,123,2024-04-07 05:30:03,48E72952E8D2,25.7527,54.9125,881.052,60
2024-04-07 05:44:58,124,2024-04-07 05:45:02,48E72952E8D2,25.7946,54.4655,881.041,59
2024-04-07 06:00:00,125,2024-04-07 06:00:04,48E72952E8D2,25.8842,53.8735,881.009,60
2024-04-07 06:14:58,126,2024-04-07 06:15:02,48E72952E8D2,25.9421,53.4998,880.967,59
2024-04-07 06:30:00,127,2024-04-07 06:30:04,48E72952E8D2,25.9519,53.6589,880.972,60
2024-04-07 06:44:59,128,2024-04-07 06:45:03,48E72952E8D2,26.3677,53.9688,880.385,59
2024-04-07 07:00:01,129,2024-04-07 07:00:02,48E72952E8D2,26.9111,54.4139,879.633,60
2024-04-07 07:15:04,130,2024-04-07 07:15:03,48E72952E8D2,26.221,57.503,880.826,60
2024-04-07 07:30:01,131,2024-04-07 07:30:01,48E72952E8D2,25.8355,59.3522,881.476,59
2024-04-07 07:44:55,132,2024-04-07 07:45:00,48E72952E8D2,26.0799,59.4387,881.16,59
2024-04-07 07:59:58,133,2024-04-07 08:00:01,48E72952E8D2,26.3215,58.2294,880.766,60
2024-04-07 08:14:55,134,2024-04-07 08:15:05,48E72952E8D2,25.1933,58.4525,882.509,59
2024-04-07 08:29:38,135,2024-04-07 08:30:00,48E72952E8D2,24.0303,60.7195,884.407,58
2024-04-07 08:29:59,136,2024-04-07 08:30:04,48E72952E8D2,23.76,60.87,884.9,2
2024-04-07 08:44:57,137,2024-04-07 08:45:03,48E72952E8D2,23.5691,61.3457,885.175,59
2024-04-07 08:59:54,138,2024-04-07 09:00:03,48E72952E8D2,23.4172,61.5987,885.307,59
2024-04-07 09:14:52,139,2024-04-07 09:15:03,48E72952E8D2,23.4299,61.7202,885.268,60
2024-04-07 09:29:55,140,2024-04-07 09:30:00,48E72952E8D2,23.4367,62.1703,885.341,59
2024-04-07 09:44:58,141,2024-04-07 09:45:03,48E72952E8D2,23.4251,62.7382,885.276,60
2024-04-07 09:59:55,142,2024-04-07 10:00:01,48E72952E8D2,23.4023,63.4414,885.177,59
2024-04-07 10:14:58,143,2024-04-07 10:15:04,48E72952E8D2,23.3816,64.2672,885.141,60
2024-04-07 10:29:57,144,2024-04-07 10:30:00,48E72952E8D2,23.4202,65.0847,884.995,59
2024-04-07 10:44:59,145,2024-04-07 10:45:02,48E72952E8D2,23.4411,65.9757,884.834,60
2024-04-07 11:00:02,146,2024-04-07 11:00:04,48E72952E8D2,23.4389,66.918,884.677,60
2024-04-07 11:14:59,147,2024-04-07 11:15:01,48E72952E8D2,23.4062,68.1038,884.588,59
2024-04-07 11:29:59,148,2024-04-07 11:30:03,48E72952E8D2,23.4167,69.1613,884.441,59
2024-04-07 11:44:56,149,2024-04-07 11:45:00,48E72952E8D2,23.4671,69.8742,884.365,60
2024-04-07 11:59:58,150,2024-04-07 12:00:02,48E72952E8D2,23.4547,70.67,884.201,59
2024-04-07 12:15:01,151,2024-04-07 12:15:04,48E72952E8D2,23.4646,71.2003,884.036,60
2024-04-07 12:29:55,152,2024-04-07 12:30:00,48E72952E8D2,23.4218,71.8938,883.984,59
2024-04-07 12:44:57,153,2024-04-07 12:45:03,48E72952E8D2,23.4045,72.5021,883.888,60
2024-04-07 12:59:55,154,2024-04-07 13:00:00,48E72952E8D2,23.463,72.7965,883.711,59
2024-04-07 13:14:57,155,2024-04-07 13:15:02,48E72952E8D2,23.5031,73.0796,883.555,60
2024-04-07 13:29:56,156,2024-04-07 13:30:02,48E72952E8D2,23.5254,73.2018,883.277,59
2024-04-07 13:44:59,157,2024-04-07 13:45:04,48E72952E8D2,23.5544,73.5005,882.896,60
2024-04-07 13:59:56,158,2024-04-07 14:00:02,48E72952E8D2,23.5856,73.6535,882.658,59
2024-04-07 14:14:59,159,2024-04-07 14:15:04,48E72952E8D2,23.5705,73.9339,882.446,60
2024-04-07 14:29:58,160,2024-04-07 14:30:03,48E72952E8D2,23.5638,74.0396,882.326,59
2024-04-07 14:44:55,161,2024-04-07 14:45:01,48E72952E8D2,23.555,74.1068,882.112,59
2024-04-07 14:59:57,162,2024-04-07 15:00:04,48E72952E8D2,23.534,74.1236,881.949,60
2024-04-07 15:14:55,163,2024-04-07 15:15:03,48E72952E8D2,23.506,73.97,881.867,59
2024-04-07 15:29:59,164,2024-04-07 15:30:04,48E72952E8D2,23.4387,74.0207,881.824,60
2024-04-07 15:44:57,165,2024-04-07 15:45:03,48E72952E8D2,23.2519,74.5707,881.915,59
2024-04-07 15:59:54,166,2024-04-07 16:00:04,48E72952E8D2,23.0143,75.2963,882.16,60
2024-04-07 16:14:52,167,2024-04-07 16:15:04,48E72952E8D2,22.9662,75.0162,882.021,59
2024-04-07 16:29:56,168,2024-04-07 16:30:01,48E72952E8D2,22.8795,74.6764,882.043,60
2024-04-07 16:44:58,169,2024-04-07 16:45:04,48E72952E8D2,22.7908,74.2938,881.99,59
2024-04-07 16:59:56,170,2024-04-07 17:00:02,48E72952E8D2,23.0407,76.6825,881.448,60
2024-04-07 17:15:03,171,2024-04-07 17:15:03,48E72952E8D2,24.0241,77.2809,880.028,60
2024-04-07 17:29:57,172,2024-04-07 17:30:00,48E72952E8D2,24.7142,75.025,878.928,59
2024-04-07 17:45:00,173,2024-04-07 17:45:00,48E72952E8D2,25.039,73.4731,878.386,59
2024-04-07 18:00:07,174,2024-04-07 18:00:03,48E72952E8D2,25.1235,72.4234,878.193,60
2024-04-07 18:15:10,175,2024-04-07 18:15:00,48E72952E8D2,25.114,69.6021,878.208,60
2024-04-07 18:29:58,176,2024-04-07 18:30:03,48E72952E8D2,24.9974,68.357,878.464,59
2024-04-07 18:44:56,177,2024-04-07 18:45:02,48E72952E8D2,24.7892,67.1718,878.791,59
2024-04-07 18:59:53,178,2024-04-07 19:00:02,48E72952E8D2,24.5141,66.2291,879.177,59
2024-04-07 19:14:51,179,2024-04-07 19:15:04,48E72952E8D2,24.2568,65.2635,879.506,60
2024-04-07 19:30:00,180,2024-04-07 19:30:04,48E72952E8D2,24.0962,64.2993,879.75,60
2024-04-07 19:44:57,181,2024-04-07 19:45:04,48E72952E8D2,23.8416,63.8028,880.148,59
2024-04-07 19:59:55,182,2024-04-07 20:00:04,48E72952E8D2,23.7064,62.9381,880.369,59
2024-04-07 20:14:47,183,2024-04-07 20:15:00,48E72952E8D2,23.6141,62.02,880.552,59
2024-04-07 20:29:56,184,2024-04-07 20:30:02,48E72952E8D2,23.4893,61.3994,880.748,60
2024-04-07 20:44:54,185,2024-04-07 20:45:00,48E72952E8D2,23.3509,61.0031,881.016,60
2024-04-07 20:59:56,186,2024-04-07 21:00:04,48E72952E8D2,23.272,60.6371,881.16,59
2024-04-07 21:14:54,187,2024-04-07 21:15:04,48E72952E8D2,23.2077,60.2441,881.201,60
2024-04-07 21:29:57,188,2024-04-07 21:30:03,48E72952E8D2,23.1277,59.9239,881.216,59
2024-04-07 21:45:00,189,2024-04-07 21:45:04,48E72952E8D2,24.0502,57.8418,879.706,60
2024-04-07 22:00:02,190,2024-04-07 22:00:00,48E72952E8D2,24.9561,55.3928,878.181,60
2024-04-07 22:15:10,191,2024-04-07 22:15:00,48E72952E8D2,25.228,54.3472,877.627,60
2024-04-07 22:29:59,192,2024-04-07 22:30:04,48E72952E8D2,25.0946,54.3918,877.669,58
2024-04-07 22:44:56,193,2024-04-07 22:45:03,48E72952E8D2,24.8504,54.8526,877.922,60
2024-04-07 22:59:54,194,2024-04-07 23:00:03,48E72952E8D2,24.8438,54.6089,877.881,59
2024-04-07 23:14:51,195,2024-04-07 23:15:02,48E72952E8D2,24.8477,54.3593,877.754,59
2024-04-07 23:29:55,196,2024-04-07 23:30:00,48E72952E8D2,24.8762,54.1055,877.663,60
2024-04-07 23:44:58,197,2024-04-07 23:45:02,48E72952E8D2,24.8755,53.8863,877.584,60
2024-04-08 00:00:00,198,2024-04-08 00:00:04,48E72952E8D2,24.8553,53.8051,877.611,59
2024-04-08 00:14:58,199,2024-04-08 00:15:01,48E72952E8D2,24.8209,53.7746,877.566,60
2024-04-08 00:29:56,200,2024-04-08 00:30:02,48E72952E8D2,24.8397,53.5992,877.478,59
2024-04-08 00:44:54,201,2024-04-08 00:45:00,48E72952E8D2,24.8148,53.5512,877.417,59
2024-04-08 00:59:56,202,2024-04-08 01:00:03,48E72952E8D2,24.8192,53.3889,877.198,60
2024-04-08 01:14:54,203,2024-04-08 01:15:03,48E72952E8D2,24.5968,53.8876,877.332,59
2024-04-08 01:29:58,204,2024-04-08 01:30:02,48E72952E8D2,24.5374,54.0063,877.203,60
2024-04-08 01:44:55,205,2024-04-08 01:45:00,48E72952E8D2,24.5179,53.9764,877.048,59
2024-04-08 01:59:58,206,2024-04-08 02:00:03,48E72952E8D2,24.5011,54.0155,876.91,60
2024-04-08 02:14:55,207,2024-04-08 02:15:00,48E72952E8D2,24.4913,54.0774,876.8,59
2024-04-08 02:29:59,208,2024-04-08 02:30:02,48E72952E8D2,24.8564,53.1861,876.197,60
2024-04-08 02:45:01,209,2024-04-08 02:45:02,48E72952E8D2,25.0238,52.6853,875.822,60
2024-04-08 03:00:04,210,2024-04-08 03:00:01,48E72952E8D2,25.0078,52.8212,875.662,59
2024-04-08 03:15:06,211,2024-04-08 03:15:01,48E72952E8D2,25.0367,52.7883,875.604,60
2024-04-08 03:29:55,212,2024-04-08 03:30:00,48E72952E8D2,25.0766,52.7425,875.38,59
2024-04-08 03:44:58,213,2024-04-08 03:45:02,48E72952E8D2,25.1155,52.7089,875.278,59
2024-04-08 04:00:00,214,2024-04-08 04:00:04,48E72952E8D2,25.1437,52.7333,875.139,60
2024-04-08 04:14:58,215,2024-04-08 04:15:00,48E72952E8D2,25.1775,52.6767,875.011,59
2024-04-08 04:29:57,216,2024-04-08 04:30:03,48E72952E8D2,25.1786,52.6621,875.048,60
2024-04-08 04:44:54,217,2024-04-08 04:45:01,48E72952E8D2,25.1421,52.7583,875.03,59
2024-04-08 04:59:57,218,2024-04-08 05:00:04,48E72952E8D2,25.1292,52.7281,875.015,60
2024-04-08 05:14:54,219,2024-04-08 05:15:02,48E72952E8D2,25.098,52.8051,875.02,59
2024-04-08 05:29:59,220,2024-04-08 05:30:04,48E72952E8D2,25.1033,52.81,874.92,60
2024-04-08 05:44:56,221,2024-04-08 05:45:02,48E72952E8D2,25.101,52.828,875.022,59
2024-04-08 05:59:53,222,2024-04-08 06:00:00,48E72952E8D2,25.1085,52.7479,875.073,59
2024-04-08 06:14:56,223,2024-04-08 06:15:03,48E72952E8D2,25.0877,52.6761,875.056,60
2024-04-08 06:30:00,224,2024-04-08 06:30:04,48E72952E8D2,25.0517,52.7248,875.098,60
2024-04-08 06:44:57,225,2024-04-08 06:45:01,48E72952E8D2,25.0526,52.9488,875.273,59
2024-04-08 07:00:00,226,2024-04-08 07:00:02,48E72952E8D2,25.1666,53.5271,875.186,60
2024-04-08 07:15:02,227,2024-04-08 07:15:01,48E72952E8D2,24.819,55.1893,875.753,59
2024-04-08 07:29:56,228,2024-04-08 07:30:02,48E72952E8D2,24.4837,57.7181,876.217,59
2024-04-08 07:44:54,229,2024-04-08 07:45:00,48E72952E8D2,24.4391,59.608,876.261,60
2024-04-08 07:59:51,230,2024-04-08 08:00:01,48E72952E8D2,24.1058,61.3343,876.723,59
2024-04-08 08:14:43,231,2024-04-08 08:15:04,48E72952E8D2,23.0438,63.2853,878.243,59
2024-04-08 08:29:57,232,2024-04-08 08:30:03,48E72952E8D2,22.4092,64.6086,879.248,60
2024-04-08 08:44:55,233,2024-04-08 08:45:03,48E72952E8D2,22.2421,64.9461,879.538,60
2024-04-08 08:59:52,234,2024-04-08 09:00:03,48E72952E8D2,22.1786,65.1608,879.63,59
2024-04-08 09:14:50,235,2024-04-08 09:15:03,48E72952E8D2,22.1284,65.512,879.735,59
2024-04-08 09:29:59,236,2024-04-08 09:30:03,48E72952E8D2,22.1847,66.2011,879.764,60
2024-04-08 09:44:56,237,2024-04-08 09:45:00,48E72952E8D2,22.2852,66.8436,879.627,60
2024-04-08 09:59:59,238,2024-04-08 10:00:02,48E72952E8D2,22.4326,67.5311,879.496,59
2024-04-08 10:15:01,239,2024-04-08 10:15:02,48E72952E8D2,22.558,68.241,879.379,60
2024-04-08 10:29:55,240,2024-04-08 10:30:01,48E72952E8D2,22.6087,68.8198,879.36,59
2024-04-08 10:44:58,241,2024-04-08 10:45:04,48E72952E8D2,22.5734,69.2474,879.258,60
2024-04-08 10:59:55,242,2024-04-08 11:00:03,48E72952E8D2,22.482,68.9682,879.401,59
2024-04-08 11:14:53,243,2024-04-08 11:15:02,48E72952E8D2,22.2913,68.6015,879.619,59
2024-04-08 11:29:57,244,2024-04-08 11:30:02,48E72952E8D2,22.1249,67.8914,879.748,60
2024-04-08 11:44:54,245,2024-04-08 11:45:00,48E72952E8D2,22.0137,67.2441,879.903,59
2024-04-08 11:59:57,246,2024-04-08 12:00:03,48E72952E8D2,21.9429,66.7757,879.978,60
2024-04-08 12:14:54,247,2024-04-08 12:15:02,48E72952E8D2,21.9043,67.145,880.029,59
2024-04-08 12:29:58,248,2024-04-08 12:30:03,48E72952E8D2,21.9946,67.8084,879.902,60
2024-04-08 12:44:55,249,2024-04-08 12:45:00,48E72952E8D2,22.2061,68.5479,879.576,59
2024-04-08 12:59:58,250,2024-04-08 13:00:00,48E72952E8D2,22.3447,69.0945,879.312,60
2024-04-08 13:15:01,251,2024-04-08 13:15:00,48E72952E8D2,22.3872,69.6642,879.247,60
2024-04-08 13:30:00,252,2024-04-08 13:30:04,48E72952E8D2,22.4233,70.5704,879.209,59
2024-04-08 13:44:57,253,2024-04-08 13:45:02,48E72952E8D2,22.4065,71.2465,879.226,59
2024-04-08 13:59:59,254,2024-04-08 14:00:04,48E72952E8D2,22.4895,71.5877,879.108,60
2024-04-08 14:14:57,255,2024-04-08 14:15:01,48E72952E8D2,22.5402,71.5789,878.982,59
2024-04-08 14:29:56,256,2024-04-08 14:30:02,48E72952E8D2,22.5313,71.5825,878.893,60
2024-04-08 14:44:53,257,2024-04-08 14:45:00,48E72952E8D2,22.5665,71.884,878.677,59
2024-04-08 14:59:56,258,2024-04-08 15:00:04,48E72952E8D2,22.4859,71.5838,878.792,60
2024-04-08 15:14:53,259,2024-04-08 15:15:03,48E72952E8D2,22.3894,71.5017,878.863,59
2024-04-08 15:29:57,260,2024-04-08 15:30:02,48E72952E8D2,22.3507,71.6715,878.839,60
2024-04-08 15:44:55,261,2024-04-08 15:45:00,48E72952E8D2,22.3361,71.8092,878.83,59
2024-04-08 15:59:57,262,2024-04-08 16:00:03,48E72952E8D2,22.3547,71.9811,878.804,60
2024-04-08 16:14:55,263,2024-04-08 16:15:01,48E72952E8D2,22.3407,71.8288,878.864,59
2024-04-08 16:29:59,264,2024-04-08 16:30:03,48E72952E8D2,22.3283,71.7938,878.87,60
2024-04-08 16:44:56,265,2024-04-08 16:45:00,48E72952E8D2,22.3172,71.9395,878.893,59
2024-04-08 16:59:59,266,2024-04-08 17:00:01,48E72952E8D2,22.6437,75.0565,878.424,60
2024-04-08 17:15:06,267,2024-04-08 17:15:02,48E72952E8D2,23.5167,76.7704,877.206,60
2024-04-08 17:30:00,268,2024-04-08 17:30:04,48E72952E8D2,24.1194,74.8043,876.373,59
2024-04-08 17:45:02,269,2024-04-08 17:45:03,48E72952E8D2,24.3835,73.2672,876.052,59
2024-04-08 18:00:05,270,2024-04-08 18:00:02,48E72952E8D2,24.4241,72.1574,876.051,60
2024-04-08 18:15:08,271,2024-04-08 18:15:01,48E72952E8D2,24.6994,70.5294,875.674,60
2024-04-08 18:29:56,272,2024-04-08 18:30:00,48E72952E8D2,25.0985,68.3145,875.082,58
2024-04-08 18:44:59,273,2024-04-08 18:45:01,48E72952E8D2,25.1716,66.4628,875.069,60
2024-04-08 19:00:01,274,2024-04-08 19:00:03,48E72952E8D2,25.1129,64.6122,875.215,60
2024-04-08 19:14:59,275,2024-04-08 19:15:01,48E72952E8D2,25.002,62.988,875.471,59
2024-04-08 19:29:58,276,2024-04-08 19:30:03,48E72952E8D2,24.8924,61.5889,875.736,59
2024-04-08 19:44:55,277,2024-04-08 19:45:01,48E72952E8D2,24.803,60.3986,875.974,60
2024-04-08 19:59:53,278,2024-04-08 20:00:00,48E72952E8D2,24.7006,59.5071,876.286,59
2024-04-08 20:14:50,279,2024-04-08 20:15:00,48E72952E8D2,24.6138,58.7576,876.655,59
2024-04-08 20:29:54,280,2024-04-08 20:30:00,48E72952E8D2,24.5624,58.0099,876.881,60
2024-04-08 20:44:56,281,2024-04-08 20:45:03,48E72952E8D2,24.5286,57.413,876.981,60
2024-04-08 20:59:54,282,2024-04-08 21:00:01,48E72952E8D2,24.5096,56.9006,877.14,59
2024-04-08 21:14:56,283,2024-04-08 21:15:04,48E72952E8D2,24.5409,56.3326,877.196,60
2024-04-08 21:29:55,284,2024-04-08 21:30:00,48E72952E8D2,24.5649,55.9179,877.282,59
2024-04-08 21:44:58,285,2024-04-08 21:45:03,48E72952E8D2,24.5449,55.5719,877.4,60
2024-04-08 21:59:55,286,2024-04-08 22:00:01,48E72952E8D2,24.5155,55.1652,877.475,59
2024-04-08 22:14:58,287,2024-04-08 22:15:03,48E72952E8D2,24.5462,55.0086,877.483,60
2024-04-08 22:29:57,288,2024-04-08 22:30:03,48E72952E8D2,24.5211,55.003,877.598,59
2024-04-08 22:44:54,289,2024-04-08 22:45:01,48E72952E8D2,24.4999,54.9938,877.692,59
2024-04-08 22:59:52,290,2024-04-08 23:00:00,48E72952E8D2,24.5216,54.6689,877.671,60
2024-04-08 23:14:54,291,2024-04-08 23:15:01,48E72952E8D2,24.9099,53.3088,877.108,59
2024-04-08 23:29:58,292,2024-04-08 23:30:03,48E72952E8D2,24.9713,52.9219,877.131,60
2024-04-08 23:44:55,293,2024-04-08 23:45:01,48E72952E8D2,24.9867,52.6801,877.156,59
2024-04-08 23:59:58,294,2024-04-09 00:00:04,48E72952E8D2,24.9969,52.5201,877.2,60
2024-04-09 00:14:51,295,2024-04-09 00:15:00,48E72952E8D2,24.2879,58.1504,878.269,59
2024-04-09 00:29:59,296,2024-04-09 00:30:03,48E72952E8D2,23.8212,64.0954,878.874,60
2024-04-09 00:44:57,297,2024-04-09 00:45:00,48E72952E8D2,23.7653,65.2125,878.957,59
2024-04-09 00:59:59,298,2024-04-09 01:00:01,48E72952E8D2,23.9584,64.2407,878.578,60
2024-04-09 01:15:02,299,2024-04-09 01:15:03,48E72952E8D2,23.7751,65.4815,878.704,60
2024-04-09 01:29:56,300,2024-04-09 01:30:02,48E72952E8D2,23.5375,67.2713,878.927,59
2024-04-09 01:44:53,301,2024-04-09 01:45:00,48E72952E8D2,23.5058,67.5765,878.917,59
2024-04-09 01:59:56,302,2024-04-09 02:00:01,48E72952E8D2,23.8442,66.2384,878.295,60
2024-04-09 02:14:58,303,2024-04-09 02:15:03,48E72952E8D2,23.8241,66.9543,878.234,59
2024-04-09 02:29:57,304,2024-04-09 02:30:03,48E72952E8D2,23.6156,68.1139,878.604,60
2024-04-09 02:44:55,305,2024-04-09 02:45:00,48E72952E8D2,23.7484,67.8434,878.388,59
2024-04-09 02:59:57,306,2024-04-09 03:00:02,48E72952E8D2,23.8659,66.7771,878.178,60
2024-04-09 03:15:00,307,2024-04-09 03:15:02,48E72952E8D2,24.208,65.0685,877.71,59
2024-04-09 03:29:58,308,2024-04-09 03:30:03,48E72952E8D2,24.4379,63.8431,877.396,60
2024-04-09 03:44:56,309,2024-04-09 03:45:00,48E72952E8D2,24.5316,63.1543,877.208,59
2024-04-09 03:59:58,310,2024-04-09 04:00:01,48E72952E8D2,24.5589,62.7501,877.199,60
2024-04-09 04:15:01,311,2024-04-09 04:15:02,48E72952E8D2,24.6594,62.1298,877.063,59
2024-04-09 04:29:55,312,2024-04-09 04:30:00,48E72952E8D2,24.7479,61.4848,876.992,59
2024-04-09 04:44:57,313,2024-04-09 04:45:02,48E72952E8D2,24.7136,61.0917,877.066,60
2024-04-09 05:00:00,314,2024-04-09 05:00:04,48E72952E8D2,24.6946,60.6228,877.173,60
2024-04-09 05:14:57,315,2024-04-09 05:15:02,48E72952E8D2,24.6942,60.0742,877.267,59
2024-04-09 05:29:56,316,2024-04-09 05:30:01,48E72952E8D2,24.6501,59.7457,877.523,59
2024-04-09 05:44:59,317,2024-04-09 05:45:04,48E72952E8D2,24.6152,59.4475,877.79,60
2024-04-09 05:59:56,318,2024-04-09 06:00:01,48E72952E8D2,24.6173,59.0468,877.952,59
2024-04-09 06:14:59,319,2024-04-09 06:15:04,48E72952E8D2,24.6052,58.7412,878.034,60
2024-04-09 06:29:57,320,2024-04-09 06:30:03,48E72952E8D2,24.6116,58.6882,878.122,59
2024-04-09 06:45:00,321,2024-04-09 06:45:03,48E72952E8D2,25.0114,58.2772,877.856,60
2024-04-09 07:00:02,322,2024-04-09 07:00:02,48E72952E8D2,25.4604,58.3198,877.529,60
2024-04-09 07:15:10,323,2024-04-09 07:15:03,48E72952E8D2,25.1911,59.6513,878.16,60
2024-04-09 07:29:59,324,2024-04-09 07:30:04,48E72952E8D2,24.9094,61.2353,878.642,58
2024-04-09 07:44:56,325,2024-04-09 07:45:02,48E72952E8D2,24.9219,62.2159,878.852,60
2024-04-09 07:59:54,326,2024-04-09 08:00:02,48E72952E8D2,24.6362,63.0433,879.391,59
2024-04-09 08:14:46,327,2024-04-09 08:15:04,48E72952E8D2,23.5704,64.8198,881.084,59
2024-04-09 08:29:55,328,2024-04-09 08:30:02,48E72952E8D2,22.7057,66.5509,882.536,60
2024-04-09 08:44:52,329,2024-04-09 08:45:03,48E72952E8D2,22.4725,66.8669,882.973,59
2024-04-09 08:59:45,330,2024-04-09 09:00:00,48E72952E8D2,22.4379,67.0298,883.22,59
2024-04-09 09:14:42,331,2024-04-09 09:15:01,48E72952E8D2,22.4066,67.3995,883.442,60
2024-04-09 09:14:59,332,2024-04-09 09:15:04,48E72952E8D2,22.42,67.53,883.5,1
2024-04-09 09:29:56,333,2024-04-09 09:30:02,48E72952E8D2,22.446,67.8299,883.543,59
2024-04-09 09:44:59,334,2024-04-09 09:45:04,48E72952E8D2,22.5234,68.2325,883.569,60
2024-04-09 09:59:56,335,2024-04-09 10:00:02,48E72952E8D2,22.5816,68.9731,883.737,59
2024-04-09 10:14:55,336,2024-04-09 10:15:01,48E72952E8D2,22.6296,69.7457,883.794,59
2024-04-09 10:29:58,337,2024-04-09 10:30:03,48E72952E8D2,22.6554,70.6203,883.836,60
2024-04-09 10:44:55,338,2024-04-09 10:45:01,48E72952E8D2,22.6562,71.4685,883.966,59
2024-04-09 10:59:58,339,2024-04-09 11:00:03,48E72952E8D2,22.7133,72.1641,883.966,60
2024-04-09 11:14:57,340,2024-04-09 11:15:02,48E72952E8D2,22.7547,72.6127,884.011,59
2024-04-09 11:29:59,341,2024-04-09 11:30:04,48E72952E8D2,22.7888,73.2211,883.959,60
2024-04-09 11:44:57,342,2024-04-09 11:45:01,48E72952E8D2,22.8071,73.9701,883.906,59
2024-04-09 11:59:59,343,2024-04-09 12:00:02,48E72952E8D2,22.862,74.4052,883.944,60
2024-04-09 12:14:58,344,2024-04-09 12:15:04,48E72952E8D2,22.8891,74.9586,883.963,59
2024-04-09 12:29:56,345,2024-04-09 12:30:01,48E72952E8D2,22.9374,75.3572,883.954,60
2024-04-09 12:44:58,346,2024-04-09 12:45:04,48E72952E8D2,22.9604,75.5598,884.007,59
2024-04-09 12:59:56,347,2024-04-09 13:00:01,48E72952E8D2,22.9744,75.7896,883.934,60
2024-04-09 13:15:00,348,2024-04-09 13:15:04,48E72952E8D2,23.0105,76.0446,883.812,59
2024-04-09 13:29:57,349,2024-04-09 13:30:01,48E72952E8D2,23.0587,76.3877,883.749,60
2024-04-09 13:45:00,350,2024-04-09 13:45:03,48E72952E8D2,23.0934,76.3621,883.62,59
2024-04-09 13:59:57,351,2024-04-09 14:00:00,48E72952E8D2,23.1236,76.521,883.595,60
2024-04-09 14:14:56,352,2024-04-09 14:15:01,48E72952E8D2,23.1241,76.6131,883.522,59
2024-04-09 14:29:58,353,2024-04-09 14:30:04,48E72952E8D2,23.1246,76.7993,883.455,60
2024-04-09 14:44:56,354,2024-04-09 14:45:02,48E72952E8D2,23.127,76.9607,883.395,59
2024-04-09 14:59:58,355,2024-04-09 15:00:04,48E72952E8D2,23.1125,76.9548,883.361,60
2024-04-09 15:14:57,356,2024-04-09 15:15:02,48E72952E8D2,23.109,76.9024,883.336,59
2024-04-09 15:29:55,357,2024-04-09 15:30:00,48E72952E8D2,23.0799,76.7344,883.352,59
2024-04-09 15:44:57,358,2024-04-09 15:45:04,48E72952E8D2,22.9988,76.6889,883.448,60
2024-04-09 15:59:55,359,2024-04-09 16:00:03,48E72952E8D2,22.9811,76.7682,883.437,59
2024-04-09 16:14:59,360,2024-04-09 16:15:03,48E72952E8D2,22.9432,76.4778,883.543,60
2024-04-09 16:29:56,361,2024-04-09 16:30:00,48E72952E8D2,22.8321,76.0816,883.786,59
2024-04-09 16:44:59,362,2024-04-09 16:45:04,48E72952E8D2,22.6574,75.8289,884.042,60
2024-04-09 16:59:56,363,2024-04-09 17:00:03,48E72952E8D2,22.5586,75.4833,884.239,59
2024-04-09 17:14:55,364,2024-04-09 17:15:01,48E72952E8D2,22.4776,74.8985,884.357,60
2024-04-09 17:29:52,365,2024-04-09 17:30:01,48E72952E8D2,22.3965,74.5806,884.514,59
2024-04-09 17:44:50,366,2024-04-09 17:45:00,48E72952E8D2,22.394,74.4133,884.599,59
2024-04-09 17:59:52,367,2024-04-09 18:00:02,48E72952E8D2,22.6411,76.0887,884.348,60
2024-04-09 18:15:01,368,2024-04-09 18:15:02,48E72952E8D2,23.9489,73.692,882.508,60
2024-04-09 18:30:09,369,2024-04-09 18:30:01,48E72952E8D2,24.7767,70.1127,881.356,60
2024-04-09 18:45:21,370,2024-04-09 18:45:04,48E72952E8D2,25.0001,68.3986,881.123,60
2024-04-09 19:00:29,371,2024-04-09 19:00:01,48E72952E8D2,25.0036,67.0707,881.215,60
2024-04-09 19:14:58,372,2024-04-09 19:15:04,48E72952E8D2,24.9282,65.7891,881.512,58
2024-04-09 19:29:55,373,2024-04-09 19:30:02,48E72952E8D2,24.8201,64.6875,881.853,59
2024-04-09 19:44:53,374,2024-04-09 19:45:02,48E72952E8D2,24.7077,63.8362,882.275,59
2024-04-09 19:59:50,375,2024-04-09 20:00:02,48E72952E8D2,24.6304,63.0499,882.589,60
2024-04-09 20:14:59,376,2024-04-09 20:15:04,48E72952E8D2,24.601,62.249,882.829,60
2024-04-09 20:29:56,377,2024-04-09 20:30:02,48E72952E8D2,24.6173,61.4913,883.058,59
2024-04-09 20:44:59,378,2024-04-09 20:45:04,48E72952E8D2,24.6025,60.9193,883.372,60
2024-04-09 20:59:56,379,2024-04-09 21:00:02,48E72952E8D2,24.6046,60.3687,883.575,59
2024-04-09 21:14:55,380,2024-04-09 21:15:00,48E72952E8D2,24.6553,59.7274,883.655,59
2024-04-09 21:29:58,381,2024-04-09 21:30:02,48E72952E8D2,24.6565,59.2756,883.754,60
2024-04-09 21:45:00,382,2024-04-09 21:45:04,48E72952E8D2,24.7298,58.6073,883.678,60
2024-04-09 21:59:58,383,2024-04-09 22:00:01,48E72952E8D2,24.7823,58.1023,883.579,59
2024-04-09 22:14:57,384,2024-04-09 22:15:03,48E72952E8D2,24.7642,57.8118,883.571,59
2024-04-09 22:29:54,385,2024-04-09 22:30:01,48E72952E8D2,24.8051,57.3752,883.423,60
2024-04-09 22:44:57,386,2024-04-09 22:45:03,48E72952E8D2,24.8361,57.1162,883.311,59
2024-04-09 22:59:54,387,2024-04-09 23:00:01,48E72952E8D2,24.8864,56.7321,883.198,60
2024-04-09 23:14:58,388,2024-04-09 23:15:04,48E72952E8D2,24.8921,56.5238,883.135,59
2024-04-09 23:29:55,389,2024-04-09 23:30:02,48E72952E8D2,24.9112,56.2948,883.05,60
2024-04-09 23:44:58,390,2024-04-09 23:45:04,48E72952E8D2,24.9353,56.0898,883.022,59
2024-04-09 23:59:55,391,2024-04-10 00:00:02,48E72952E8D2,24.9422,55.9641,883.008,60
2024-04-10 00:14:59,392,2024-04-10 00:15:04,48E72952E8D2,24.9343,55.8972,883.052,59
2024-04-10 00:29:57,393,2024-04-10 00:30:03,48E72952E8D2,24.9469,55.7841,882.958,60
2024-04-10 00:44:54,394,2024-04-10 00:45:01,48E72952E8D2,24.9767,55.6508,882.88,59
2024-04-10 00:59:57,395,2024-04-10 01:00:04,48E72952E8D2,24.9738,55.6153,882.905,60
2024-04-10 01:14:56,396,2024-04-10 01:15:01,48E72952E8D2,24.9735,55.5047,882.912,59
2024-04-10 01:29:58,397,2024-04-10 01:30:04,48E72952E8D2,24.9851,55.3496,882.827,60
2024-04-10 01:44:56,398,2024-04-10 01:45:01,48E72952E8D2,25.0045,55.1608,882.773,59
2024-04-10 01:59:58,399,2024-04-10 02:00:04,48E72952E8D2,24.9961,55.0435,882.821,60
2024-04-10 02:14:57,400,2024-04-10 02:15:02,48E72952E8D2,25.0026,54.8745,882.837,59
2024-04-10 02:29:59,401,2024-04-10 02:30:04,48E72952E8D2,25.0126,54.6995,882.88,60
2024-04-10 02:44:57,402,2024-04-10 02:45:00,48E72952E8D2,25.0225,54.483,882.925,59
2024-04-10 02:59:59,403,2024-04-10 03:00:02,48E72952E8D2,25.0049,54.3703,882.935,60
2024-04-10 03:14:58,404,2024-04-10 03:15:04,48E72952E8D2,25.0794,53.94,882.81,59
2024-04-10 03:29:56,405,2024-04-10 03:30:02,48E72952E8D2,25.0868,53.7801,882.776,59
2024-04-10 03:44:53,406,2024-04-10 03:45:00,48E72952E8D2,25.0724,53.6906,882.776,60
2024-04-10 03:59:56,407,2024-04-10 04:00:02,48E72952E8D2,25.0832,53.5481,882.752,59
2024-04-10 04:15:00,408,2024-04-10 04:15:04,48E72952E8D2,25.0807,53.4638,882.681,60
2024-04-10 04:29:57,409,2024-04-10 04:30:02,48E72952E8D2,25.0702,53.3722,882.614,59
2024-04-10 04:44:55,410,2024-04-10 04:45:00,48E72952E8D2,25.0551,53.3017,882.599,60
2024-04-10 04:59:57,411,2024-04-10 05:00:03,48E72952E8D2,25.056,53.2454,882.606,59
2024-04-10 05:14:56,412,2024-04-10 05:15:01,48E72952E8D2,25.0725,53.1641,882.645,60
2024-04-10 05:29:58,413,2024-04-10 05:30:03,48E72952E8D2,25.0773,53.2134,882.682,59
2024-04-10 05:45:01,414,2024-04-10 05:45:04,48E72952E8D2,25.1065,53.2041,882.739,60
2024-04-10 05:59:58,415,2024-04-10 06:00:01,48E72952E8D2,25.1053,53.2208,882.835,59
2024-04-10 06:14:57,416,2024-04-10 06:15:02,48E72952E8D2,25.0854,53.2978,882.97,60
2024-04-10 06:30:00,417,2024-04-10 06:30:04,48E72952E8D2,25.1728,53.4076,882.955,59
2024-04-10 06:44:58,418,2024-04-10 06:45:00,48E72952E8D2,25.4284,53.8699,882.71,60
2024-04-10 07:00:05,419,2024-04-10 07:00:04,48E72952E8D2,25.4744,55.5178,882.8,60
2024-04-10 07:14:53,420,2024-04-10 07:15:00,48E72952E8D2,25.0232,57.3819,883.608,58
2024-04-10 07:29:51,421,2024-04-10 07:30:04,48E72952E8D2,24.1817,58.2513,884.942,60
2024-04-10 07:44:28,422,2024-04-10 07:45:04,48E72952E8D2,21.3009,59.3199,889.377,58
2024-04-10 07:58:55,423,2024-04-10 08:00:01,48E72952E8D2,20.2313,63.2554,891.041,57
2024-04-10 07:59:57,424,2024-04-10 08:00:02,48E72952E8D2,20.0275,65.8075,891.36,4
2024-04-10 08:14:55,425,2024-04-10 08:15:01,48E72952E8D2,19.9608,66.9171,891.458,59
2024-04-10 08:29:52,426,2024-04-10 08:30:00,48E72952E8D2,19.7696,67.7198,891.779,60
2024-04-10 08:44:50,427,2024-04-10 08:45:00,48E72952E8D2,19.6572,68.123,892.014,59
2024-04-10 08:59:59,428,2024-04-10 09:00:04,48E72952E8D2,19.5546,68.6501,892.254,60
