2024-01-24 09:27:05,1660,2024-01-24 09:27:01,48E7295348F8,28.75,28.38,28.25,27.38,27.25,29.31,28.81,28.75,27.7,27.69
2024-01-24 09:30:07,1661,2024-01-24 09:30:04,48E7295348F8,28.56,28.12,28.06,27.0,27.25,29.27,28.77,28.67,27.69,27.64
2024-01-24 09:33:05,1662,2024-01-24 09:33:01,48E7295348F8,28.62,28.12,28.12,27.12,27.19,29.27,28.72,28.66,27.66,27.59
2024-01-24 09:36:07,1663,2024-01-24 09:36:04,48E7295348F8,28.75,28.19,28.25,27.25,27.31,29.2,28.69,28.62,27.62,27.56
2024-01-24 09:39:04,1664,2024-01-24 09:39:02,48E7295348F8,28.5,27.94,28.0,27.0,27.06,29.17,28.66,28.59,27.61,27.56
2024-01-24 09:42:07,1665,2024-01-24 09:42:04,48E7295348F8,28.5,28.0,27.75,27.0,27.0,29.16,28.62,28.56,27.58,27.52
2024-01-24 09:45:04,1666,2024-01-24 09:45:02,48E7295348F8,28.5,28.06,27.75,26.94,27.0,29.12,28.61,28.55,27.56,27.5
2024-01-24 09:48:02,1667,2024-01-24 09:48:00,48E7295348F8,28.75,28.19,28.0,27.25,27.25,29.08,28.58,28.52,27.52,27.45
2024-01-24 09:51:04,1668,2024-01-24 09:51:03,48E7295348F8,28.5,27.88,28.0,27.06,27.0,29.08,28.55,28.48,27.5,27.42
2024-01-24 09:54:02,1669,2024-01-24 09:54:01,48E7295348F8,28.19,27.69,27.62,26.75,26.75,29.03,28.53,28.47,27.47,27.41
2024-01-24 09:57:04,1670,2024-01-24 09:57:04,48E7295348F8,28.25,27.88,27.81,27.0,27.0,29.0,28.5,28.45,27.42,27.36
2024-01-24 10:00:02,1671,2024-01-24 10:00:01,48E7295348F8,28.5,27.94,27.94,27.0,27.0,29.0,28.48,28.42,27.38,27.33
2024-01-24 10:03:04,1672,2024-01-24 10:03:04,48E7295348F8,28.38,28.0,27.94,27.0,27.0,28.97,28.44,28.36,27.36,27.31
2024-01-24 10:06:01,1673,2024-01-24 10:06:02,48E7295348F8,28.25,27.62,27.62,26.62,26.75,28.94,28.42,28.36,27.34,27.28
2024-01-24 10:08:59,1674,2024-01-24 10:09:00,48E7295348F8,28.25,27.75,27.75,26.75,26.88,28.92,28.39,28.34,27.31,27.25
2024-01-24 10:12:01,1675,2024-01-24 10:12:03,48E7295348F8,28.25,27.81,27.62,26.81,26.75,28.91,28.38,28.33,27.31,27.25
2024-01-24 10:14:59,1676,2024-01-24 10:15:00,48E7295348F8,28.38,27.75,27.75,26.81,26.94,28.89,28.38,28.31,27.3,27.23
2024-01-24 10:18:01,1677,2024-01-24 10:18:03,48E7295348F8,28.5,27.94,27.94,26.94,27.0,28.88,28.38,28.33,27.31,27.22
2024-01-24 10:20:58,1678,2024-01-24 10:21:01,48E7295348F8,28.5,27.88,27.75,26.81,27.0,28.94,28.38,28.31,27.31,27.25
2024-01-24 10:24:01,1679,2024-01-24 10:24:04,48E7295348F8,28.31,27.94,27.69,26.81,26.81,28.94,28.41,28.38,27.34,27.3
2024-01-24 10:27:05,1680,2024-01-24 10:27:01,48E7295348F8,28.62,28.12,28.0,26.94,27.19,28.98,28.42,28.38,27.38,27.31
2024-01-24 10:30:07,1681,2024-01-24 10:30:04,48E7295348F8,28.56,28.12,27.88,27.0,27.0,29.02,28.48,28.44,27.44,27.38
2024-01-24 10:33:05,1682,2024-01-24 10:33:01,48E7295348F8,28.75,28.12,27.81,27.06,27.0,29.06,28.56,28.48,27.48,27.44
2024-01-24 10:36:07,1683,2024-01-24 10:36:04,48E7295348F8,28.5,27.88,27.75,26.88,26.94,29.12,28.56,28.52,27.55,27.5
2024-01-24 10:39:04,1684,2024-01-24 10:39:01,48E7295348F8,28.75,28.19,28.19,27.25,27.25,29.16,28.62,28.58,27.56,27.55
2024-01-24 10:42:07,1685,2024-01-24 10:42:03,48E7295348F8,28.69,28.19,28.0,27.06,27.12,29.22,28.69,28.62,27.62,27.62
2024-01-24 10:45:04,1686,2024-01-24 10:45:01,48E7295348F8,28.75,28.31,28.0,27.25,27.25,29.27,28.72,28.69,27.7,27.64
2024-01-24 10:48:07,1687,2024-01-24 10:48:03,48E7295348F8,28.75,28.25,28.0,27.12,27.25,29.31,28.81,28.7,27.75,27.7
2024-01-24 10:51:04,1688,2024-01-24 10:51:00,48E7295348F8,28.56,28.25,28.0,27.0,27.0,29.38,28.86,28.78,27.77,27.75
2024-01-24 10:54:06,1689,2024-01-24 10:54:02,48E7295348F8,29.0,28.38,28.25,27.25,27.5,29.39,28.88,28.8,27.81,27.77
2024-01-24 10:57:09,1690,2024-01-24 10:57:05,48E7295348F8,28.88,28.5,28.25,27.25,27.5,29.42,28.94,28.86,27.81,27.8
2024-01-24 11:00:06,1691,2024-01-24 11:00:02,48E7295348F8,29.0,28.38,28.25,27.19,27.38,29.48,28.97,28.91,27.81,27.81
2024-01-24 11:03:09,1692,2024-01-24 11:03:04,48E7295348F8,29.0,28.56,28.5,27.31,27.5,29.48,29.0,28.94,27.84,27.81
2024-01-24 11:06:06,1693,2024-01-24 11:06:01,48E7295348F8,28.75,28.25,28.12,27.0,27.25,29.5,29.0,28.94,27.88,27.81
2024-01-24 11:09:09,1694,2024-01-24 11:09:03,48E7295348F8,28.88,28.38,28.25,27.19,27.38,29.56,29.06,29.0,27.89,27.83
2024-01-24 11:12:06,1695,2024-01-24 11:12:00,48E7295348F8,28.94,28.38,28.25,27.25,27.25,29.56,29.06,29.0,27.89,27.86
2024-01-24 11:15:08,1696,2024-01-24 11:15:02,48E7295348F8,28.75,28.25,28.25,27.25,27.25,29.55,29.02,28.98,27.91,27.83
2024-01-24 11:18:11,1697,2024-01-24 11:18:04,48E7295348F8,28.69,28.44,28.12,27.0,27.25,29.53,29.05,28.98,27.86,27.81
2024-01-24 11:21:08,1698,2024-01-24 11:21:01,48E7295348F8,28.75,28.38,28.19,27.19,27.25,29.5,29.0,28.94,27.84,27.81
2024-01-24 11:24:11,1699,2024-01-24 11:24:03,48E7295348F8,28.75,28.12,28.25,27.19,27.25,29.47,28.98,28.92,27.83,27.81
2024-01-24 11:27:04,1700,2024-01-24 11:27:01,48E7295348F8,28.69,28.25,28.0,27.19,27.25,29.5,29.0,28.92,27.86,27.81
2024-01-24 11:30:07,1701,2024-01-24 11:30:03,48E7295348F8,28.94,28.44,28.25,27.31,27.44,29.55,29.02,28.95,27.88,27.81
2024-01-24 11:33:04,1702,2024-01-24 11:33:01,48E7295348F8,29.25,28.75,28.5,27.38,27.56,29.56,29.05,29.0,27.91,27.83
2024-01-24 11:36:06,1703,2024-01-24 11:36:03,48E7295348F8,29.0,28.44,28.5,27.25,27.31,29.56,29.06,29.0,27.89,27.84
2024-01-24 11:39:04,1704,2024-01-24 11:39:00,48E7295348F8,29.19,28.75,28.5,27.44,27.62,29.58,29.08,29.0,27.92,27.86
2024-01-24 11:42:06,1705,2024-01-24 11:42:03,48E7295348F8,29.12,28.75,28.5,27.25,27.5,29.56,29.06,29.0,27.89,27.88
2024-01-24 11:45:04,1706,2024-01-24 11:45:00,48E7295348F8,29.12,28.62,28.5,27.44,27.44,29.58,29.12,29.03,27.94,27.88
2024-01-24 11:48:06,1707,2024-01-24 11:48:03,48E7295348F8,28.94,28.5,28.31,27.25,27.31,29.62,29.09,29.02,27.94,27.89
2024-01-24 11:51:03,1708,2024-01-24 11:51:00,48E7295348F8,28.88,28.56,28.31,27.25,27.5,29.62,29.12,29.02,27.94,27.86
2024-01-24 11:54:06,1709,2024-01-24 11:54:03,48E7295348F8,28.88,28.5,28.31,27.25,27.5,29.58,29.06,29.02,27.89,27.86
2024-01-24 11:57:03,1710,2024-01-24 11:57:00,48E7295348F8,28.81,28.5,28.25,27.25,27.25,29.56,29.05,28.97,27.89,27.83
2024-01-24 12:00:06,1711,2024-01-24 12:00:02,48E7295348F8,29.0,28.44,28.25,27.25,27.5,29.55,29.03,28.95,27.88,27.81
2024-01-24 12:03:03,1712,2024-01-24 12:03:00,48E7295348F8,28.75,28.38,28.25,27.19,27.25,29.5,29.0,28.92,27.86,27.81
2024-01-24 12:06:05,1713,2024-01-24 12:06:02,48E7295348F8,28.69,28.25,28.12,27.0,27.25,29.5,29.0,28.94,27.81,27.81
2024-01-24 12:09:03,1714,2024-01-24 12:09:00,48E7295348F8,28.69,28.38,28.25,27.25,27.25,29.47,28.94,28.88,27.81,27.81
2024-01-24 12:12:05,1715,2024-01-24 12:12:02,48E7295348F8,28.5,28.19,28.12,27.06,27.25,29.45,28.95,28.88,27.81,27.81
2024-01-24 12:15:03,1716,2024-01-24 12:15:00,48E7295348F8,28.56,28.25,28.06,26.94,27.19,29.44,28.94,28.83,27.81,27.78
2024-01-24 12:18:05,1717,2024-01-24 12:18:02,48E7295348F8,28.75,28.19,28.0,27.19,27.25,29.42,28.88,28.8,27.81,27.73
2024-01-24 12:21:02,1718,2024-01-24 12:21:00,48E7295348F8,28.5,28.25,28.0,27.12,27.19,29.38,28.84,28.75,27.81,27.73
2024-01-24 12:24:05,1719,2024-01-24 12:24:03,48E7295348F8,28.62,28.38,28.0,27.0,27.25,29.34,28.84,28.75,27.75,27.67
2024-01-24 12:27:04,1720,2024-01-24 12:27:00,48E7295348F8,28.75,28.31,28.06,27.19,27.25,29.31,28.81,28.7,27.75,27.69
2024-01-24 12:30:06,1721,2024-01-24 12:30:02,48E7295348F8,28.75,28.19,28.19,27.19,27.38,29.31,28.77,28.7,27.72,27.66
2024-01-24 12:33:03,1722,2024-01-24 12:33:00,48E7295348F8,28.75,28.19,28.0,27.06,27.25,29.27,28.75,28.66,27.7,27.64
2024-01-24 12:36:06,1723,2024-01-24 12:36:03,48E7295348F8,28.69,28.12,28.06,27.06,27.25,29.25,28.73,28.64,27.69,27.62
2024-01-24 12:39:03,1724,2024-01-24 12:39:00,48E7295348F8,28.5,28.12,27.75,27.0,27.06,29.25,28.69,28.61,27.64,27.58
2024-01-24 12:42:06,1725,2024-01-24 12:42:03,48E7295348F8,28.44,28.06,28.0,27.0,27.25,29.23,28.69,28.59,27.61,27.55
2024-01-24 12:45:03,1726,2024-01-24 12:45:00,48E7295348F8,28.44,28.0,27.75,26.94,27.0,29.19,28.67,28.58,27.61,27.55
2024-01-24 12:48:06,1727,2024-01-24 12:48:03,48E7295348F8,28.44,27.88,27.75,27.0,26.94,29.16,28.62,28.56,27.58,27.53
2024-01-24 12:51:03,1728,2024-01-24 12:51:01,48E7295348F8,28.44,27.94,27.75,26.94,27.0,29.17,28.62,28.55,27.56,27.47
2024-01-24 12:54:05,1729,2024-01-24 12:54:04,48E7295348F8,28.75,28.25,28.12,27.25,27.25,29.12,28.61,28.52,27.56,27.48
2024-01-24 12:57:03,1730,2024-01-24 12:57:01,48E7295348F8,28.75,28.25,28.25,27.25,27.25,29.12,28.58,28.52,27.53,27.44
2024-01-24 13:00:05,1731,2024-01-24 13:00:04,48E7295348F8,28.5,28.0,27.81,27.0,27.0,29.12,28.56,28.5,27.53,27.47
2024-01-24 13:03:03,1732,2024-01-24 13:03:02,48E7295348F8,28.5,28.0,28.0,26.94,27.0,29.11,28.59,28.52,27.55,27.5
2024-01-24 13:06:05,1733,2024-01-24 13:06:05,48E7295348F8,28.25,27.94,27.81,26.75,26.81,29.11,28.56,28.52,27.53,27.47
2024-01-24 13:09:02,1734,2024-01-24 13:09:02,48E7295348F8,28.5,27.88,27.75,26.75,27.0,29.06,28.56,28.5,27.5,27.5
2024-01-24 13:12:00,1735,2024-01-24 13:12:00,48E7295348F8,28.5,27.88,28.0,27.0,27.06,29.06,28.55,28.5,27.5,27.42
2024-01-24 13:15:02,1736,2024-01-24 13:15:03,48E7295348F8,28.5,28.0,27.94,27.0,27.06,29.08,28.55,28.5,27.5,27.42
2024-01-24 13:18:00,1737,2024-01-24 13:18:00,48E7295348F8,28.5,28.06,28.0,27.0,27.12,29.05,28.5,28.45,27.5,27.44
2024-01-24 13:21:02,1738,2024-01-24 13:21:03,48E7295348F8,28.56,28.12,28.0,27.0,27.06,29.06,28.52,28.48,27.48,27.39
2024-01-24 13:23:59,1739,2024-01-24 13:24:01,48E7295348F8,28.5,28.0,27.94,27.0,27.0,29.06,28.52,28.48,27.48,27.42
2024-01-24 13:27:08,1740,2024-01-24 13:27:04,48E7295348F8,28.25,27.69,27.75,26.75,26.75,29.05,28.5,28.47,27.48,27.38
2024-01-24 13:30:06,1741,2024-01-24 13:30:02,48E7295348F8,28.5,27.94,27.75,26.88,27.0,29.03,28.5,28.45,27.48,27.41
2024-01-24 13:33:08,1742,2024-01-24 13:33:04,48E7295348F8,28.5,28.0,28.0,27.0,27.06,29.03,28.5,28.44,27.45,27.39
2024-01-24 13:36:06,1743,2024-01-24 13:36:02,48E7295348F8,28.62,28.12,28.0,27.0,27.0,29.02,28.5,28.44,27.44,27.39
2024-01-24 13:39:08,1744,2024-01-24 13:39:04,48E7295348F8,28.5,28.06,28.0,27.0,27.19,29.02,28.48,28.44,27.45,27.38
2024-01-24 13:42:05,1745,2024-01-24 13:42:02,48E7295348F8,28.5,27.81,27.75,26.75,26.88,28.98,28.47,28.39,27.41,27.36
2024-01-24 13:45:08,1746,2024-01-24 13:45:04,48E7295348F8,28.25,27.75,27.5,26.75,26.75,28.98,28.45,28.38,27.38,27.34
2024-01-24 13:48:05,1747,2024-01-24 13:48:02,48E7295348F8,28.5,28.0,27.88,27.0,27.0,28.95,28.45,28.38,27.42,27.34
2024-01-24 13:51:08,1748,2024-01-24 13:51:05,48E7295348F8,28.5,27.94,27.88,26.81,27.0,28.94,28.44,28.38,27.39,27.31
2024-01-24 13:54:05,1749,2024-01-24 13:54:02,48E7295348F8,28.25,27.94,27.75,26.88,26.94,28.95,28.44,28.38,27.38,27.31
2024-01-24 13:57:08,1750,2024-01-24 13:57:05,48E7295348F8,28.25,28.0,27.75,26.75,26.75,28.92,28.42,28.38,27.36,27.3
2024-01-24 14:00:05,1751,2024-01-24 14:00:02,48E7295348F8,28.06,27.62,27.75,26.75,26.75,28.94,28.41,28.38,27.38,27.31
2024-01-24 14:03:02,1752,2024-01-24 14:03:00,48E7295348F8,28.5,28.06,27.81,26.81,27.06,28.94,28.41,28.34,27.38,27.27
2024-01-24 14:06:05,1753,2024-01-24 14:06:02,48E7295348F8,28.62,28.06,28.0,26.94,27.06,28.94,28.44,28.38,27.33,27.27
2024-01-24 14:09:02,1754,2024-01-24 14:09:00,48E7295348F8,28.38,27.94,27.75,26.75,26.75,28.94,28.41,28.34,27.31,27.28
2024-01-24 14:12:05,1755,2024-01-24 14:12:02,48E7295348F8,28.25,27.69,27.69,26.75,26.94,28.94,28.39,28.34,27.31,27.28
2024-01-24 14:15:02,1756,2024-01-24 14:15:00,48E7295348F8,28.25,27.81,27.69,26.75,26.94,28.94,28.41,28.31,27.31,27.31
2024-01-24 14:18:04,1757,2024-01-24 14:18:03,48E7295348F8,28.56,27.88,28.0,27.0,26.94,28.89,28.38,28.31,27.33,27.28
2024-01-24 14:21:02,1758,2024-01-24 14:21:00,48E7295348F8,28.56,27.94,27.94,27.0,27.0,28.91,28.38,28.31,27.33,27.27
2024-01-24 14:24:04,1759,2024-01-24 14:24:03,48E7295348F8,28.5,27.94,28.0,27.0,27.0,28.92,28.38,28.31,27.31,27.25
2024-01-24 14:27:08,1760,2024-01-24 14:27:04,48E7295348F8,28.12,27.62,27.69,26.69,26.75,28.91,28.38,28.31,27.27,27.25
2024-01-24 14:30:05,1761,2024-01-24 14:30:01,48E7295348F8,28.12,27.75,27.69,26.81,26.69,28.88,28.38,28.3,27.31,27.25
2024-01-24 14:33:08,1762,2024-01-24 14:33:04,48E7295348F8,28.06,27.75,27.75,26.75,26.81,28.91,28.36,28.31,27.27,27.27
2024-01-24 14:36:05,1763,2024-01-24 14:36:01,48E7295348F8,28.0,27.62,27.5,26.69,26.62,28.86,28.34,28.3,27.28,27.23
2024-01-24 14:39:08,1764,2024-01-24 14:39:04,48E7295348F8,28.12,27.69,27.5,26.62,26.75,28.91,28.36,28.27,27.3,27.23
2024-01-24 14:42:05,1765,2024-01-24 14:42:01,48E7295348F8,28.25,27.75,27.75,26.69,26.81,28.86,28.33,28.25,27.28,27.25
2024-01-24 14:45:08,1766,2024-01-24 14:45:04,48E7295348F8,28.38,27.88,27.75,26.75,26.88,28.81,28.33,28.25,27.3,27.2
2024-01-24 14:48:05,1767,2024-01-24 14:48:01,48E7295348F8,28.5,27.88,27.75,26.75,27.0,28.84,28.31,28.27,27.25,27.22
2024-01-24 14:51:08,1768,2024-01-24 14:51:04,48E7295348F8,28.0,27.62,27.5,26.62,26.75,28.8,28.31,28.23,27.27,27.19
2024-01-24 14:54:05,1769,2024-01-24 14:54:01,48E7295348F8,28.25,27.69,27.62,26.75,26.75,28.8,28.31,28.23,27.25,27.19
2024-01-24 14:57:07,1770,2024-01-24 14:57:03,48E7295348F8,28.5,27.88,28.0,26.94,27.0,28.8,28.31,28.2,27.23,27.19
2024-01-24 15:00:05,1771,2024-01-24 15:00:01,48E7295348F8,28.44,28.0,27.75,26.81,27.0,28.8,28.3,28.23,27.25,27.19
2024-01-24 15:03:07,1772,2024-01-24 15:03:04,48E7295348F8,28.25,27.75,27.69,26.75,26.75,28.81,28.31,28.22,27.25,27.19
2024-01-24 15:06:05,1773,2024-01-24 15:06:01,48E7295348F8,28.19,27.69,27.62,26.69,26.75,28.81,28.31,28.25,27.25,27.2
2024-01-24 15:09:07,1774,2024-01-24 15:09:04,48E7295348F8,28.25,28.0,27.75,26.81,26.94,28.81,28.31,28.23,27.25,27.19
2024-01-24 15:12:04,1775,2024-01-24 15:12:01,48E7295348F8,28.19,27.62,27.69,26.75,26.75,28.81,28.31,28.27,27.23,27.19
2024-01-24 15:15:07,1776,2024-01-24 15:15:04,48E7295348F8,28.44,27.94,27.75,26.94,26.94,28.81,28.31,28.25,27.25,27.2
2024-01-24 15:18:04,1777,2024-01-24 15:18:01,48E7295348F8,28.5,27.94,28.0,27.0,27.0,28.86,28.33,28.25,27.27,27.22
2024-01-24 15:21:07,1778,2024-01-24 15:21:03,48E7295348F8,28.38,27.81,27.75,26.75,26.75,28.84,28.31,28.25,27.25,27.22
2024-01-24 15:24:04,1779,2024-01-24 15:24:01,48E7295348F8,28.5,27.88,27.75,26.81,27.0,28.88,28.31,28.25,27.28,27.23
2024-01-24 15:27:08,1780,2024-01-24 15:27:04,48E7295348F8,28.5,27.94,27.88,27.0,27.0,28.88,28.36,28.27,27.31,27.25
2024-01-24 15:30:05,1781,2024-01-24 15:30:01,48E7295348F8,28.25,27.75,27.62,26.69,26.75,28.86,28.38,28.28,27.3,27.25
2024-01-24 15:33:08,1782,2024-01-24 15:33:04,48E7295348F8,28.25,27.75,27.75,26.62,26.81,28.88,28.34,28.3,27.3,27.25
2024-01-24 15:36:05,1783,2024-01-24 15:36:01,48E7295348F8,28.5,28.19,28.0,27.0,27.0,28.91,28.36,28.31,27.31,27.25
2024-01-24 15:39:08,1784,2024-01-24 15:39:04,48E7295348F8,28.31,27.88,27.75,26.75,26.81,28.88,28.38,28.31,27.28,27.25
2024-01-24 15:42:05,1785,2024-01-24 15:42:01,48E7295348F8,28.75,28.0,28.0,27.0,27.19,28.89,28.38,28.31,27.31,27.25
2024-01-24 15:45:07,1786,2024-01-24 15:45:04,48E7295348F8,29.38,28.62,28.69,27.75,27.56,28.91,28.39,28.36,27.33,27.31
2024-01-24 15:48:05,1787,2024-01-24 15:48:01,48E7295348F8,29.25,28.44,28.5,27.75,27.44,29.0,28.48,28.44,27.42,27.39
2024-01-24 15:51:07,1788,2024-01-24 15:51:03,48E7295348F8,29.19,28.38,28.31,27.56,27.5,29.14,28.61,28.55,27.58,27.56
2024-01-24 15:54:05,1789,2024-01-24 15:54:01,48E7295348F8,29.25,28.62,28.5,27.69,27.75,29.25,28.72,28.69,27.69,27.7
2024-01-24 15:57:07,1790,2024-01-24 15:57:03,48E7295348F8,29.31,28.88,28.75,27.88,27.75,29.38,28.88,28.81,27.81,27.81
2024-01-24 16:00:04,1791,2024-01-24 16:00:00,48E7295348F8,29.62,28.81,28.75,27.75,27.88,29.5,29.0,28.95,27.91,27.92
2024-01-24 16:03:07,1792,2024-01-24 16:03:01,48E7295348F8,29.69,28.94,28.81,28.0,28.0,29.64,29.16,29.11,28.06,28.06
2024-01-24 16:06:09,1793,2024-01-24 16:06:03,48E7295348F8,29.69,29.0,29.0,28.06,28.12,29.78,29.28,29.25,28.2,28.22
2024-01-24 16:09:07,1794,2024-01-24 16:09:00,48E7295348F8,29.75,29.06,29.0,28.12,28.12,29.95,29.44,29.39,28.38,28.39
2024-01-24 16:12:09,1795,2024-01-24 16:12:01,48E7295348F8,29.75,29.25,29.0,28.12,28.19,30.06,29.56,29.55,28.5,28.5
2024-01-24 16:15:12,1796,2024-01-24 16:15:03,48E7295348F8,29.75,29.12,29.0,28.19,28.25,30.19,29.69,29.64,28.58,28.62
2024-01-24 16:18:14,1797,2024-01-24 16:18:04,48E7295348F8,29.75,29.44,29.25,28.25,28.25,30.25,29.78,29.73,28.67,28.69
2024-01-24 16:21:12,1798,2024-01-24 16:21:00,48E7295348F8,30.0,29.69,29.5,28.5,28.62,30.25,29.81,29.81,28.75,28.77
2024-01-24 16:24:14,1799,2024-01-24 16:24:01,48E7295348F8,30.0,29.44,29.31,28.44,28.5,30.33,29.89,29.88,28.86,28.86
2024-01-24 16:27:07,1800,2024-01-24 16:27:04,48E7295348F8,30.0,29.69,29.5,28.5,28.56,30.38,29.94,29.94,28.91,28.89
2024-01-24 16:30:05,1801,2024-01-24 16:30:01,48E7295348F8,29.88,29.5,29.5,28.44,28.62,30.42,29.98,29.98,28.95,28.92
2024-01-24 16:33:07,1802,2024-01-24 16:33:03,48E7295348F8,30.0,29.62,29.5,28.5,28.75,30.45,30.06,30.0,28.98,28.98
2024-01-24 16:36:05,1803,2024-01-24 16:36:01,48E7295348F8,30.0,29.62,29.5,28.5,28.56,30.5,30.09,30.06,29.05,29.0
2024-01-24 16:39:07,1804,2024-01-24 16:39:03,48E7295348F8,30.25,29.69,29.69,28.5,28.69,30.53,30.11,30.06,29.06,29.0
2024-01-24 16:42:04,1805,2024-01-24 16:42:00,48E7295348F8,30.06,29.69,29.5,28.75,28.75,30.53,30.12,30.09,29.06,29.05
2024-01-24 16:45:07,1806,2024-01-24 16:45:02,48E7295348F8,30.12,29.75,29.5,28.75,28.75,30.56,30.12,30.08,29.08,29.06
2024-01-24 16:48:09,1807,2024-01-24 16:48:05,48E7295348F8,30.25,29.69,29.62,28.69,28.75,30.55,30.12,30.11,29.09,29.06
2024-01-24 16:51:07,1808,2024-01-24 16:51:02,48E7295348F8,30.0,29.62,29.5,28.5,28.56,30.56,30.17,30.12,29.08,29.06
2024-01-24 16:54:09,1809,2024-01-24 16:54:04,48E7295348F8,30.06,29.62,29.5,28.5,28.75,30.56,30.14,30.12,29.08,29.05
2024-01-24 16:57:06,1810,2024-01-24 16:57:01,48E7295348F8,30.0,29.62,29.5,28.5,28.56,30.55,30.12,30.09,29.05,29.0
2024-01-24 17:00:09,1811,2024-01-24 17:00:03,48E7295348F8,30.0,29.5,29.5,28.44,28.62,30.5,30.08,30.06,29.0,28.97
2024-01-24 17:03:06,1812,2024-01-24 17:03:00,48E7295348F8,30.0,29.56,29.5,28.5,28.69,30.45,30.05,30.0,28.98,28.92
2024-01-24 17:06:09,1813,2024-01-24 17:06:03,48E7295348F8,30.0,29.62,29.5,28.5,28.56,30.44,30.02,29.95,28.92,28.88
2024-01-24 17:09:06,1814,2024-01-24 17:09:00,48E7295348F8,30.0,29.44,29.5,28.5,28.56,30.38,29.97,29.92,28.88,28.83
2024-01-24 17:12:09,1815,2024-01-24 17:12:02,48E7295348F8,30.0,29.69,29.5,28.25,28.62,30.36,29.94,29.88,28.81,28.78
2024-01-24 17:15:06,1816,2024-01-24 17:15:00,48E7295348F8,29.94,29.5,29.44,28.5,28.5,30.3,29.88,29.84,28.77,28.7
2024-01-24 17:18:08,1817,2024-01-24 17:18:02,48E7295348F8,30.06,29.75,29.5,28.5,28.56,30.27,29.86,29.81,28.73,28.69
2024-01-24 17:21:06,1818,2024-01-24 17:21:00,48E7295348F8,30.0,29.69,29.5,28.44,28.5,30.25,29.84,29.8,28.7,28.69
2024-01-24 17:24:08,1819,2024-01-24 17:24:02,48E7295348F8,30.0,29.44,29.44,28.25,28.5,30.25,29.81,29.77,28.69,28.64
2024-01-24 17:27:07,1820,2024-01-24 17:27:03,48E7295348F8,30.0,29.56,29.38,28.31,28.5,30.25,29.81,29.75,28.69,28.64
2024-01-24 17:30:04,1821,2024-01-24 17:30:00,48E7295348F8,30.0,29.44,29.5,28.38,28.44,30.25,29.77,29.75,28.66,28.61
2024-01-24 17:33:07,1822,2024-01-24 17:33:03,48E7295348F8,29.94,29.5,29.38,28.38,28.5,30.2,29.77,29.7,28.64,28.62
2024-01-24 17:36:04,1823,2024-01-24 17:36:00,48E7295348F8,30.0,29.44,29.44,28.25,28.5,30.19,29.75,29.69,28.64,28.62
2024-01-24 17:39:06,1824,2024-01-24 17:39:03,48E7295348F8,30.0,29.5,29.31,28.31,28.31,30.19,29.73,29.69,28.61,28.61
2024-01-24 17:42:04,1825,2024-01-24 17:42:00,48E7295348F8,29.94,29.5,29.25,28.25,28.31,30.19,29.73,29.69,28.62,28.59
2024-01-24 17:45:07,1826,2024-01-24 17:45:03,48E7295348F8,30.0,29.5,29.44,28.5,28.31,30.2,29.72,29.67,28.62,28.61
2024-01-24 17:48:03,1827,2024-01-24 17:48:00,48E7295348F8,30.0,29.38,29.31,28.31,28.31,30.2,29.7,29.69,28.61,28.61
2024-01-24 17:51:06,1828,2024-01-24 17:51:03,48E7295348F8,29.75,29.38,29.25,28.25,28.31,30.2,29.75,29.69,28.62,28.61
2024-01-24 17:54:03,1829,2024-01-24 17:54:00,48E7295348F8,29.88,29.44,29.25,28.25,28.25,30.2,29.75,29.66,28.67,28.58
2024-01-24 17:57:06,1830,2024-01-24 17:57:03,48E7295348F8,30.0,29.38,29.25,28.25,28.25,30.22,29.75,29.69,28.64,28.59
2024-01-24 18:00:03,1831,2024-01-24 18:00:00,48E7295348F8,29.81,29.25,29.19,28.25,28.25,30.23,29.75,29.69,28.66,28.62
2024-01-24 18:03:06,1832,2024-01-24 18:03:03,48E7295348F8,28.31,27.69,27.5,26.56,26.75,30.22,29.77,29.69,28.64,28.61
2024-01-24 18:06:03,1833,2024-01-24 18:06:00,48E7295348F8,28.0,27.44,27.5,26.56,26.44,30.19,29.72,29.69,28.62,28.55
2024-01-24 18:09:05,1834,2024-01-24 18:09:03,48E7295348F8,28.25,27.75,27.75,26.69,26.75,30.19,29.67,29.62,28.56,28.5
2024-01-24 18:12:03,1835,2024-01-24 18:12:00,48E7295348F8,28.5,27.88,28.0,26.81,26.88,30.12,29.62,29.56,28.5,28.44
2024-01-24 18:15:05,1836,2024-01-24 18:15:03,48E7295348F8,28.25,27.62,27.75,26.75,26.75,30.09,29.59,29.55,28.45,28.39
2024-01-24 18:18:03,1837,2024-01-24 18:18:00,48E7295348F8,28.25,27.75,28.0,26.94,26.75,30.06,29.58,29.5,28.42,28.33
2024-01-24 18:21:05,1838,2024-01-24 18:21:03,48E7295348F8,28.25,27.69,27.75,26.69,26.75,30.0,29.53,29.45,28.38,28.31
2024-01-24 18:24:02,1839,2024-01-24 18:24:01,48E7295348F8,29.06,28.06,28.0,26.81,26.88,30.0,29.5,29.44,28.31,28.25
2024-01-24 18:27:06,1840,2024-01-24 18:27:02,48E7295348F8,28.44,28.19,27.88,26.81,27.06,29.98,29.47,29.39,28.3,28.2
2024-01-24 18:30:09,1841,2024-01-24 18:30:05,48E7295348F8,28.62,28.0,28.06,27.06,27.06,29.95,29.44,29.39,28.31,28.2
2024-01-24 18:33:06,1842,2024-01-24 18:33:02,48E7295348F8,28.25,27.69,27.75,26.56,26.5,29.94,29.44,29.38,28.28,28.19
2024-01-24 18:36:08,1843,2024-01-24 18:36:05,48E7295348F8,28.5,28.0,27.94,26.75,26.94,29.94,29.41,29.33,28.22,28.17
2024-01-24 18:39:06,1844,2024-01-24 18:39:02,48E7295348F8,28.06,27.56,27.5,26.5,26.5,29.89,29.38,29.31,28.19,28.17
2024-01-24 18:42:08,1845,2024-01-24 18:42:05,48E7295348F8,28.19,27.62,27.75,26.5,26.62,29.88,29.38,29.3,28.19,28.12
2024-01-24 18:45:06,1846,2024-01-24 18:45:02,48E7295348F8,28.12,27.88,27.75,26.56,26.75,29.88,29.34,29.27,28.19,28.08
2024-01-24 18:48:08,1847,2024-01-24 18:48:05,48E7295348F8,28.0,27.69,27.5,26.44,26.5,29.83,29.31,29.23,28.12,28.06
2024-01-24 18:51:05,1848,2024-01-24 18:51:02,48E7295348F8,28.25,27.88,27.75,26.56,26.81,29.84,29.33,29.23,28.14,28.06
2024-01-24 18:54:03,1849,2024-01-24 18:54:00,48E7295348F8,28.5,28.12,28.0,26.75,27.0,29.81,29.3,29.22,28.12,28.0
2024-01-24 18:57:05,1850,2024-01-24 18:57:02,48E7295348F8,28.0,27.56,27.69,26.5,26.5,29.77,29.25,29.2,28.09,28.02
2024-01-24 19:00:02,1851,2024-01-24 19:00:00,48E7295348F8,28.56,27.94,28.0,27.06,26.94,29.8,29.28,29.19,28.08,28.0
2024-01-24 19:03:05,1852,2024-01-24 19:03:03,48E7295348F8,28.25,27.88,27.69,26.5,26.81,29.75,29.25,29.17,28.06,27.98
2024-01-24 19:06:02,1853,2024-01-24 19:06:00,48E7295348F8,28.44,28.31,28.19,27.12,27.19,29.73,29.22,29.16,28.06,27.94
2024-01-24 19:09:05,1854,2024-01-24 19:09:03,48E7295348F8,28.31,27.75,27.62,26.5,26.69,29.75,29.2,29.12,28.0,27.95
2024-01-24 19:12:02,1855,2024-01-24 19:12:01,48E7295348F8,28.25,27.75,27.56,26.5,26.62,29.75,29.19,29.14,28.06,27.92
2024-01-24 19:15:05,1856,2024-01-24 19:15:04,48E7295348F8,28.19,27.5,27.75,26.5,26.5,29.73,29.19,29.12,28.02,27.92
2024-01-24 19:18:02,1857,2024-01-24 19:18:01,48E7295348F8,28.19,27.69,27.75,26.5,26.5,29.75,29.23,29.14,28.03,27.94
2024-01-24 19:21:04,1858,2024-01-24 19:21:04,48E7295348F8,28.5,28.38,28.06,27.0,27.12,29.72,29.19,29.12,28.0,27.92
2024-01-24 19:24:02,1859,2024-01-24 19:24:02,48E7295348F8,28.25,27.69,27.56,26.5,26.5,29.69,29.19,29.09,28.0,27.89
2024-01-24 19:27:06,1860,2024-01-24 19:27:02,48E7295348F8,28.12,27.75,27.56,26.5,26.44,29.67,29.19,29.12,28.02,27.91
2024-01-24 19:30:08,1861,2024-01-24 19:30:04,48E7295348F8,28.0,27.5,27.62,26.5,26.5,29.69,29.19,29.09,27.98,27.91
2024-01-24 19:33:05,1862,2024-01-24 19:33:02,48E7295348F8,28.25,27.75,27.62,26.5,26.81,29.67,29.17,29.08,27.94,27.89
2024-01-24 19:36:08,1863,2024-01-24 19:36:04,48E7295348F8,28.25,28.0,27.81,26.5,27.12,29.69,29.17,29.06,27.95,27.88
2024-01-24 19:39:05,1864,2024-01-24 19:39:02,48E7295348F8,28.38,27.69,27.69,26.5,26.62,29.69,29.12,29.05,27.94,27.84
2024-01-24 19:42:08,1865,2024-01-24 19:42:04,48E7295348F8,28.0,27.44,27.44,26.31,26.25,29.64,29.14,29.05,27.94,27.84
2024-01-24 19:45:05,1866,2024-01-24 19:45:01,48E7295348F8,28.12,27.62,27.5,26.44,26.5,29.66,29.11,29.03,27.92,27.81
2024-01-24 19:48:07,1867,2024-01-24 19:48:04,48E7295348F8,28.0,27.62,27.5,26.25,26.38,29.62,29.12,29.02,27.94,27.81
2024-01-24 19:51:05,1868,2024-01-24 19:51:01,48E7295348F8,28.25,27.69,27.75,26.5,26.5,29.62,29.08,29.0,27.88,27.81
2024-01-24 19:54:07,1869,2024-01-24 19:54:04,48E7295348F8,28.0,27.62,27.56,26.38,26.25,29.61,29.06,29.0,27.88,27.81
2024-01-24 19:57:04,1870,2024-01-24 19:57:01,48E7295348F8,28.25,27.75,27.69,26.31,26.75,29.58,29.06,28.94,27.88,27.81
2024-01-24 20:00:07,1871,2024-01-24 20:00:04,48E7295348F8,28.19,27.38,27.56,26.44,26.25,29.62,29.06,28.97,27.86,27.81
2024-01-24 20:03:04,1872,2024-01-24 20:03:02,48E7295348F8,28.0,27.19,27.31,26.06,26.25,29.58,29.06,28.97,27.86,27.81
2024-01-24 20:06:07,1873,2024-01-24 20:06:04,48E7295348F8,28.38,27.75,27.75,26.5,26.75,29.58,29.06,28.97,27.86,27.81
2024-01-24 20:09:04,1874,2024-01-24 20:09:02,48E7295348F8,28.69,27.88,27.94,26.81,26.62,29.58,29.03,28.94,27.84,27.81
2024-01-24 20:12:07,1875,2024-01-24 20:12:04,48E7295348F8,29.06,28.06,28.31,27.0,27.31,29.55,29.03,28.94,27.84,27.81
2024-01-24 20:15:04,1876,2024-01-24 20:15:02,48E7295348F8,28.31,27.44,27.81,26.75,26.12,29.56,29.06,28.97,27.89,27.81
2024-01-24 20:18:06,1877,2024-01-24 20:18:05,48E7295348F8,29.31,28.31,28.44,26.88,27.38,29.62,29.14,29.06,27.98,27.91
2024-01-24 20:21:04,1878,2024-01-24 20:21:02,48E7295348F8,29.31,28.06,28.44,26.94,27.12,29.72,29.22,29.17,28.12,28.06
2024-01-24 20:24:06,1879,2024-01-24 20:24:04,48E7295348F8,28.69,27.38,27.81,26.31,26.31,29.86,29.34,29.31,28.25,28.22
2024-01-24 20:27:05,1880,2024-01-24 20:27:01,48E7295348F8,29.0,27.56,27.94,26.62,26.38,29.94,29.44,29.42,28.38,28.38
2024-01-24 20:30:07,1881,2024-01-24 20:30:03,48E7295348F8,29.19,27.81,28.38,26.75,26.38,30.05,29.56,29.5,28.48,28.47
2024-01-24 20:33:05,1882,2024-01-24 20:33:00,48E7295348F8,30.12,27.69,28.12,26.69,26.44,30.25,29.73,29.69,28.69,28.67
2024-01-24 20:36:07,1883,2024-01-24 20:36:02,48E7295348F8,28.81,27.62,27.81,26.81,26.94,30.5,30.05,30.0,29.05,29.06
2024-01-24 20:39:10,1884,2024-01-24 20:39:04,48E7295348F8,28.75,28.0,28.19,27.25,27.25,30.59,30.17,30.14,29.19,29.16
2024-01-24 20:42:07,1885,2024-01-24 20:42:01,48E7295348F8,29.31,28.44,28.62,27.44,27.5,30.56,30.17,30.12,29.14,29.12
2024-01-24 20:45:10,1886,2024-01-24 20:45:03,48E7295348F8,29.19,28.56,28.69,27.56,27.56,30.53,30.12,30.12,29.11,29.06
2024-01-24 20:48:12,1887,2024-01-24 20:48:05,48E7295348F8,30.0,29.19,29.38,28.06,28.12,30.48,30.09,30.08,29.06,29.0
2024-01-24 20:51:10,1888,2024-01-24 20:51:01,48E7295348F8,30.0,29.06,29.19,27.75,27.94,30.48,30.06,30.03,29.0,28.98
2024-01-24 20:54:12,1889,2024-01-24 20:54:03,48E7295348F8,29.94,29.12,29.31,28.06,28.38,30.41,30.05,30.0,28.98,28.92
2024-01-24 20:57:09,1890,2024-01-24 20:57:00,48E7295348F8,29.75,29.25,29.19,27.94,28.44,30.39,30.0,29.97,28.92,28.89
2024-01-24 21:00:12,1891,2024-01-24 21:00:02,48E7295348F8,29.25,28.25,28.56,27.31,27.06,30.38,29.98,29.92,28.91,28.89
2024-01-24 21:03:14,1892,2024-01-24 21:03:04,48E7295348F8,29.31,28.62,28.75,27.75,27.81,30.36,29.94,29.89,28.88,28.84
2024-01-24 21:06:12,1893,2024-01-24 21:06:00,48E7295348F8,29.5,28.44,28.69,27.44,27.19,30.31,29.91,29.88,28.83,28.8
2024-01-24 21:09:14,1894,2024-01-24 21:09:02,48E7295348F8,29.44,28.38,28.44,27.38,27.25,30.31,29.89,29.86,28.81,28.75
2024-01-24 21:12:16,1895,2024-01-24 21:12:05,48E7295348F8,29.5,28.94,29.0,27.75,27.88,30.28,29.89,29.81,28.8,28.72
2024-01-24 21:15:14,1896,2024-01-24 21:15:01,48E7295348F8,29.0,28.19,28.44,27.31,27.19,30.27,29.89,29.81,28.8,28.73
2024-01-24 21:18:16,1897,2024-01-24 21:18:03,48E7295348F8,29.44,28.88,28.94,27.5,27.81,30.25,29.84,29.78,28.72,28.69
2024-01-24 21:21:14,1898,2024-01-24 21:21:00,48E7295348F8,29.75,28.81,29.0,27.75,27.69,30.25,29.86,29.77,28.73,28.69
2024-01-24 21:24:16,1899,2024-01-24 21:24:02,48E7295348F8,29.44,28.56,28.88,27.69,27.25,30.25,29.83,29.75,28.7,28.7
2024-01-24 21:27:04,1900,2024-01-24 21:27:00,48E7295348F8,28.81,28.0,28.19,27.06,26.94,30.25,29.83,29.77,28.73,28.73
2024-01-24 21:30:07,1901,2024-01-24 21:30:03,48E7295348F8,28.62,27.81,27.75,26.62,26.88,30.25,29.86,29.81,28.73,28.72
2024-01-24 21:33:04,1902,2024-01-24 21:33:00,48E7295348F8,29.5,28.44,28.75,27.62,27.31,30.25,29.88,29.81,28.77,28.75
2024-01-24 21:36:07,1903,2024-01-24 21:36:03,48E7295348F8,29.12,28.25,28.5,27.25,27.12,30.25,29.86,29.8,28.75,28.75
2024-01-24 21:39:04,1904,2024-01-24 21:39:00,48E7295348F8,29.62,28.88,29.06,27.69,27.81,30.25,29.84,29.81,28.75,28.72
2024-01-24 21:42:06,1905,2024-01-24 21:42:02,48E7295348F8,29.44,28.62,28.75,27.5,27.56,30.27,29.88,29.8,28.77,28.73
2024-01-24 21:45:03,1906,2024-01-24 21:45:00,48E7295348F8,29.25,28.5,28.69,27.5,27.38,30.25,29.88,29.81,28.78,28.75
2024-01-24 21:48:06,1907,2024-01-24 21:48:02,48E7295348F8,29.44,28.69,28.75,27.38,27.75,30.27,29.89,29.86,28.78,28.78
2024-01-24 21:51:09,1908,2024-01-24 21:51:05,48E7295348F8,29.19,28.12,28.69,27.44,27.12,30.3,29.88,29.84,28.81,28.78
2024-01-24 21:54:06,1909,2024-01-24 21:54:02,48E7295348F8,29.19,28.12,28.38,27.38,27.19,30.3,29.91,29.84,28.8,28.77
2024-01-24 21:57:08,1910,2024-01-24 21:57:04,48E7295348F8,29.12,28.31,28.62,27.44,27.06,30.31,29.89,29.86,28.81,28.8
2024-01-24 22:00:05,1911,2024-01-24 22:00:01,48E7295348F8,29.12,28.12,28.5,27.31,27.12,30.3,29.89,29.88,28.84,28.83
2024-01-24 22:03:08,1912,2024-01-24 22:03:04,48E7295348F8,29.75,28.88,29.06,27.94,28.12,30.31,29.91,29.89,28.86,28.83
2024-01-24 22:06:05,1913,2024-01-24 22:06:01,48E7295348F8,29.5,28.62,28.94,27.81,27.75,30.31,29.92,29.89,28.84,28.8
2024-01-24 22:09:08,1914,2024-01-24 22:09:03,48E7295348F8,29.25,28.25,28.38,27.12,27.25,30.34,29.91,29.89,28.86,28.81
2024-01-24 22:12:05,1915,2024-01-24 22:12:01,48E7295348F8,29.25,28.12,28.44,27.25,27.12,30.38,29.94,29.88,28.86,28.88
2024-01-24 22:15:08,1916,2024-01-24 22:15:03,48E7295348F8,29.62,28.69,28.81,27.69,28.0,30.38,29.94,29.89,28.84,28.83
2024-01-24 22:18:05,1917,2024-01-24 22:18:00,48E7295348F8,29.56,28.5,28.69,27.38,27.56,30.36,29.94,29.89,28.86,28.84
2024-01-24 22:21:07,1918,2024-01-24 22:21:02,48E7295348F8,29.44,28.5,28.75,27.5,27.75,30.34,29.94,29.89,28.88,28.86
2024-01-24 22:24:05,1919,2024-01-24 22:24:00,48E7295348F8,29.0,28.31,28.5,27.5,27.25,30.36,29.94,29.89,28.88,28.86
2024-01-24 22:27:03,1920,2024-01-24 22:27:00,48E7295348F8,30.0,29.06,29.25,28.12,28.19,30.38,29.94,29.91,28.88,28.86
2024-01-24 22:30:06,1921,2024-01-24 22:30:02,48E7295348F8,29.62,28.62,28.81,27.62,27.75,30.38,29.95,29.92,28.91,28.89
2024-01-24 22:33:03,1922,2024-01-24 22:33:00,48E7295348F8,29.5,28.56,29.0,27.5,27.56,30.33,29.95,29.92,28.92,28.88
2024-01-24 22:36:06,1923,2024-01-24 22:36:02,48E7295348F8,29.5,28.56,28.75,27.56,27.75,30.38,29.94,29.92,28.89,28.89
2024-01-24 22:39:03,1924,2024-01-24 22:39:00,48E7295348F8,29.19,28.19,28.62,27.5,27.25,30.36,29.97,29.94,28.91,28.88
2024-01-24 22:42:05,1925,2024-01-24 22:42:02,48E7295348F8,29.31,28.44,28.81,27.62,27.31,30.39,29.95,29.92,28.92,28.89
2024-01-24 22:45:08,1926,2024-01-24 22:45:05,48E7295348F8,29.31,28.56,28.75,27.5,27.44,30.38,29.98,29.94,28.94,28.86
2024-01-24 22:48:05,1927,2024-01-24 22:48:02,48E7295348F8,29.62,28.69,29.0,27.88,27.69,30.36,29.97,29.94,28.92,28.88
2024-01-24 22:51:08,1928,2024-01-24 22:51:04,48E7295348F8,29.38,28.44,28.5,27.25,27.25,30.38,29.98,29.95,28.94,28.89
2024-01-24 22:54:05,1929,2024-01-24 22:54:02,48E7295348F8,29.5,28.88,28.81,27.75,27.88,30.38,29.98,29.94,28.94,28.88
2024-01-24 22:57:07,1930,2024-01-24 22:57:04,48E7295348F8,29.12,27.94,28.06,27.19,26.94,30.38,29.98,29.94,28.92,28.88
2024-01-24 23:00:05,1931,2024-01-24 23:00:02,48E7295348F8,29.38,28.44,28.44,27.44,27.25,30.38,30.0,29.94,28.94,28.88
2024-01-24 23:03:07,1932,2024-01-24 23:03:04,48E7295348F8,29.75,28.94,29.0,27.88,27.88,30.38,30.0,29.95,28.94,28.91
2024-01-24 23:06:05,1933,2024-01-24 23:06:02,48E7295348F8,29.38,28.56,28.62,27.56,27.56,30.42,29.98,29.97,28.94,28.88
2024-01-24 23:09:07,1934,2024-01-24 23:09:04,48E7295348F8,29.56,28.69,29.0,27.94,28.06,30.39,29.98,29.97,28.94,28.89
2024-01-24 23:12:04,1935,2024-01-24 23:12:01,48E7295348F8,29.38,28.62,29.0,27.62,27.62,30.38,29.98,29.95,28.95,28.88
2024-01-24 23:15:07,1936,2024-01-24 23:15:04,48E7295348F8,29.38,28.44,28.75,27.5,27.25,30.39,30.0,29.98,28.94,28.89
2024-01-24 23:18:04,1937,2024-01-24 23:18:01,48E7295348F8,29.25,28.38,28.5,27.31,27.5,30.38,29.97,29.94,28.94,28.88
2024-01-24 23:21:07,1938,2024-01-24 23:21:04,48E7295348F8,29.25,28.25,28.69,27.56,27.25,30.36,29.97,29.95,28.94,28.88
2024-01-24 23:24:04,1939,2024-01-24 23:24:01,48E7295348F8,29.5,28.56,28.75,27.69,27.56,30.38,30.0,29.94,28.94,28.88
2024-01-24 23:27:08,1940,2024-01-24 23:27:04,48E7295348F8,29.62,28.62,29.0,28.0,27.75,30.38,29.98,29.94,28.94,28.88
2024-01-24 23:30:05,1941,2024-01-24 23:30:01,48E7295348F8,29.38,28.5,28.75,27.38,27.56,30.38,29.97,29.94,28.94,28.88
2024-01-24 23:33:07,1942,2024-01-24 23:33:04,48E7295348F8,29.38,28.06,28.69,27.44,27.12,30.44,30.03,30.0,29.0,28.97
2024-01-24 23:36:05,1943,2024-01-24 23:36:01,48E7295348F8,29.75,28.56,29.06,27.5,27.81,30.48,30.11,30.06,29.08,29.05
2024-01-24 23:39:07,1944,2024-01-24 23:39:03,48E7295348F8,29.69,28.56,29.06,27.94,27.81,30.58,30.16,30.12,29.14,29.12
2024-01-24 23:42:05,1945,2024-01-24 23:42:01,48E7295348F8,29.44,28.19,28.75,27.69,27.12,30.64,30.23,30.22,29.2,29.19
2024-01-24 23:45:07,1946,2024-01-24 23:45:03,48E7295348F8,29.94,28.69,29.06,27.88,27.75,30.72,30.25,30.25,29.27,29.25
2024-01-24 23:48:04,1947,2024-01-24 23:48:00,48E7295348F8,29.44,28.69,28.75,27.75,27.69,30.75,30.27,30.25,29.31,29.28
2024-01-24 23:51:07,1948,2024-01-24 23:51:02,48E7295348F8,29.38,28.44,28.56,27.31,27.62,30.73,30.28,30.25,29.28,29.25
2024-01-24 23:54:09,1949,2024-01-24 23:54:04,48E7295348F8,29.75,28.94,29.0,28.0,27.94,30.69,30.25,30.25,29.25,29.23
2024-01-24 23:57:07,1950,2024-01-24 23:57:01,48E7295348F8,29.81,28.88,29.0,27.88,28.0,30.7,30.25,30.25,29.23,29.2
2024-01-25 00:00:09,1951,2024-01-25 00:00:03,48E7295348F8,30.0,29.38,29.38,27.94,28.62,30.69,30.25,30.25,29.22,29.19
2024-01-25 00:03:06,1952,2024-01-25 00:03:00,48E7295348F8,29.56,28.69,28.69,27.69,27.5,30.69,30.25,30.22,29.19,29.17
2024-01-25 00:06:09,1953,2024-01-25 00:06:03,48E7295348F8,29.5,28.31,28.69,27.69,27.5,30.56,30.19,30.19,29.14,29.12
2024-01-25 00:09:06,1954,2024-01-25 00:09:00,48E7295348F8,28.25,27.12,27.69,26.62,26.0,30.41,30.06,30.05,29.06,29.0
2024-01-25 00:12:09,1955,2024-01-25 00:12:02,48E7295348F8,29.25,27.94,28.19,26.88,27.06,30.16,29.81,29.81,28.81,28.77
2024-01-25 00:15:06,1956,2024-01-25 00:15:00,48E7295348F8,27.5,26.94,27.19,25.94,26.12,29.91,29.61,29.59,28.56,28.53
2024-01-25 00:18:09,1957,2024-01-25 00:18:03,48E7295348F8,29.5,28.5,28.75,27.38,27.75,29.81,29.47,29.48,28.45,28.44
2024-01-25 00:21:06,1958,2024-01-25 00:21:00,48E7295348F8,28.44,27.44,27.88,26.69,26.5,29.81,29.45,29.44,28.44,28.39
2024-01-25 00:24:08,1959,2024-01-25 00:24:03,48E7295348F8,28.25,27.5,27.94,26.69,26.62,29.83,29.44,29.44,28.41,28.38
2024-01-25 00:27:07,1960,2024-01-25 00:27:03,48E7295348F8,28.19,26.75,27.38,26.12,25.69,29.77,29.38,29.38,28.36,28.36
2024-01-25 00:30:04,1961,2024-01-25 00:30:00,48E7295348F8,27.62,26.25,27.0,25.81,25.5,29.7,29.31,29.31,28.31,28.28
2024-01-25 00:33:07,1962,2024-01-25 00:33:03,48E7295348F8,28.62,27.25,27.88,26.12,26.12,29.66,29.27,29.27,28.25,28.23
2024-01-25 00:36:04,1963,2024-01-25 00:36:00,48E7295348F8,28.12,27.06,27.5,26.06,26.31,29.52,29.19,29.19,28.17,28.17
2024-01-25 00:39:07,1964,2024-01-25 00:39:03,48E7295348F8,28.62,27.44,28.06,26.38,26.19,29.5,29.12,29.12,28.12,28.12
2024-01-25 00:42:04,1965,2024-01-25 00:42:01,48E7295348F8,28.69,27.75,28.0,26.81,26.75,29.55,29.14,29.14,28.12,28.12
2024-01-25 00:45:06,1966,2024-01-25 00:45:04,48E7295348F8,28.56,26.94,27.5,26.25,26.06,29.59,29.17,29.19,28.16,28.19
2024-01-25 00:48:04,1967,2024-01-25 00:48:01,48E7295348F8,28.69,27.75,27.75,26.38,27.06,29.66,29.2,29.23,28.19,28.19
2024-01-25 00:51:06,1968,2024-01-25 00:51:04,48E7295348F8,28.12,27.44,27.69,26.31,26.5,29.75,29.27,29.27,28.25,28.22
2024-01-25 00:54:03,1969,2024-01-25 00:54:01,48E7295348F8,28.44,27.06,27.44,25.94,25.94,29.84,29.34,29.34,28.31,28.31
2024-01-25 00:57:06,1970,2024-01-25 00:57:04,48E7295348F8,29.0,27.38,27.94,26.75,26.5,29.94,29.45,29.44,28.42,28.44
2024-01-25 01:00:03,1971,2024-01-25 01:00:01,48E7295348F8,28.31,27.06,27.75,26.06,26.06,30.0,29.55,29.53,28.47,28.5
2024-01-25 01:03:06,1972,2024-01-25 01:03:04,48E7295348F8,28.81,27.31,28.19,26.81,26.56,30.11,29.62,29.62,28.61,28.58
2024-01-25 01:06:03,1973,2024-01-25 01:06:01,48E7295348F8,28.75,26.75,27.44,26.06,26.06,30.09,29.69,29.66,28.66,28.62
2024-01-25 01:09:06,1974,2024-01-25 01:09:03,48E7295348F8,28.12,26.69,27.31,26.19,25.88,30.03,29.62,29.62,28.62,28.66
2024-01-25 01:12:03,1975,2024-01-25 01:12:00,48E7295348F8,27.44,25.69,26.88,25.38,25.38,29.83,29.48,29.53,28.55,28.56
2024-01-25 01:15:05,1976,2024-01-25 01:15:03,48E7295348F8,27.0,25.25,25.88,25.5,24.56,29.55,29.23,29.3,28.31,28.33
2024-01-25 01:18:03,1977,2024-01-25 01:18:00,48E7295348F8,26.69,25.38,26.56,25.38,24.38,29.31,29.06,29.11,28.12,28.17
2024-01-25 01:21:05,1978,2024-01-25 01:21:03,48E7295348F8,28.31,26.5,27.69,25.88,25.5,29.22,28.95,29.0,28.06,28.12
2024-01-25 01:24:02,1979,2024-01-25 01:24:01,48E7295348F8,27.44,25.88,26.56,25.0,24.75,29.19,28.92,29.0,28.09,28.17
2024-01-25 01:27:06,1980,2024-01-25 01:27:02,48E7295348F8,26.94,25.62,26.75,25.38,25.06,29.2,28.91,29.0,28.06,28.14
2024-01-25 01:30:09,1981,2024-01-25 01:30:04,48E7295348F8,26.69,25.38,26.0,24.94,24.5,29.16,28.88,29.0,28.02,28.14
2024-01-25 01:33:06,1982,2024-01-25 01:33:02,48E7295348F8,27.12,25.62,26.88,25.12,24.12,29.12,28.86,28.92,27.98,28.06
2024-01-25 01:36:09,1983,2024-01-25 01:36:04,48E7295348F8,28.44,25.38,27.81,26.25,24.56,29.03,28.75,28.84,27.88,28.0
2024-01-25 01:39:06,1984,2024-01-25 01:39:02,48E7295348F8,27.19,24.0,25.81,25.31,24.25,29.0,28.69,28.78,27.86,27.97
2024-01-25 01:42:08,1985,2024-01-25 01:42:05,48E7295348F8,27.56,24.19,26.94,25.56,24.81,28.94,28.67,28.75,27.88,27.97
2024-01-25 01:45:06,1986,2024-01-25 01:45:02,48E7295348F8,27.38,24.25,26.75,25.75,25.0,29.0,28.69,28.78,27.92,28.0
2024-01-25 01:48:03,1987,2024-01-25 01:48:00,48E7295348F8,27.88,24.31,27.5,25.94,24.88,29.06,28.77,28.86,27.95,28.06
2024-01-25 01:51:05,1988,2024-01-25 01:51:02,48E7295348F8,27.62,24.25,26.75,25.31,24.31,29.17,28.88,28.95,28.0,28.14
2024-01-25 01:54:08,1989,2024-01-25 01:54:05,48E7295348F8,27.12,24.12,26.5,25.31,24.69,29.3,28.95,29.03,28.12,28.23
2024-01-25 01:57:05,1990,2024-01-25 01:57:02,48E7295348F8,28.0,24.38,27.31,26.0,24.75,29.39,29.06,29.09,28.2,28.31
2024-01-25 02:00:08,1991,2024-01-25 02:00:04,48E7295348F8,27.88,24.62,27.25,25.69,25.75,29.5,29.12,29.22,28.28,28.38
2024-01-25 02:03:05,1992,2024-01-25 02:03:01,48E7295348F8,29.19,25.38,28.56,27.19,26.25,29.59,29.22,29.27,28.36,28.44
2024-01-25 02:06:07,1993,2024-01-25 02:06:04,48E7295348F8,28.88,25.75,28.25,26.62,26.44,29.62,29.27,29.33,28.38,28.47
2024-01-25 02:09:05,1994,2024-01-25 02:09:01,48E7295348F8,28.06,25.19,27.38,25.69,24.88,29.56,29.23,29.3,28.33,28.45
2024-01-25 02:12:07,1995,2024-01-25 02:12:03,48E7295348F8,26.56,24.69,26.94,25.69,24.12,29.33,29.08,29.14,28.2,28.28
