2024-04-03 07:44:55,13016,2024-04-03 07:45:00,485519DF2848,25.4849,60.5477,886.196,58
2024-04-03 07:59:58,13017,2024-04-03 08:00:04,485519DF2848,25.2887,62.1248,886.538,60
2024-04-03 08:14:55,13018,2024-04-03 08:15:02,485519DF2848,25.2331,62.1545,886.612,59
2024-04-03 08:29:53,13019,2024-04-03 08:30:01,485519DF2848,25.0844,62.2742,886.792,60
2024-04-03 08:44:57,13020,2024-04-03 08:45:01,485519DF2848,25.0126,62.7856,886.83,59
2024-04-03 08:59:59,13021,2024-04-03 09:00:04,485519DF2848,24.9902,63.5401,886.839,60
2024-04-03 09:14:57,13022,2024-04-03 09:15:01,485519DF2848,25.1284,63.9048,886.661,59
2024-04-03 09:29:59,13023,2024-04-03 09:30:02,485519DF2848,25.3094,64.1358,886.433,60
2024-04-03 09:44:58,13024,2024-04-03 09:45:02,485519DF2848,25.3689,64.492,886.373,59
2024-04-03 09:59:56,13025,2024-04-03 10:00:00,485519DF2848,25.4216,65.2599,886.309,60
2024-04-03 10:14:58,13026,2024-04-03 10:15:01,485519DF2848,25.5558,66.0569,886.084,59
2024-04-03 10:30:01,13027,2024-04-03 10:30:02,485519DF2848,25.6427,66.7918,885.912,60
2024-04-03 10:45:00,13028,2024-04-03 10:45:04,485519DF2848,25.8058,67.4413,885.635,59
2024-04-03 10:59:57,13029,2024-04-03 11:00:00,485519DF2848,25.8837,68.0032,885.466,60
2024-04-03 11:15:00,13030,2024-04-03 11:15:02,485519DF2848,25.9479,68.5677,885.265,59
2024-04-03 11:30:02,13031,2024-04-03 11:30:03,485519DF2848,26.0129,69.2244,885.017,60
2024-04-03 11:44:56,13032,2024-04-03 11:45:00,485519DF2848,26.1377,69.5436,884.642,59
2024-04-03 11:59:59,13033,2024-04-03 12:00:03,485519DF2848,26.1479,69.9592,884.419,60
2024-04-03 12:14:56,13034,2024-04-03 12:15:01,485519DF2848,26.0911,70.1434,884.338,59
2024-04-03 12:29:59,13035,2024-04-03 12:30:04,485519DF2848,26.1075,70.6045,884.08,60
2024-04-03 12:44:58,13036,2024-04-03 12:45:02,485519DF2848,26.1182,70.9006,883.91,59
2024-04-03 13:00:00,13037,2024-04-03 13:00:04,485519DF2848,26.1762,71.1618,883.593,60
2024-04-03 13:14:58,13038,2024-04-03 13:15:01,485519DF2848,26.2431,70.9369,883.286,59
2024-04-03 13:30:00,13039,2024-04-03 13:30:03,485519DF2848,26.1469,71.6001,883.141,60
2024-04-03 13:44:59,13040,2024-04-03 13:45:03,485519DF2848,26.1909,71.8086,882.799,59
2024-04-03 13:59:57,13041,2024-04-03 14:00:00,485519DF2848,26.1055,71.8082,882.611,59
2024-04-03 14:14:59,13042,2024-04-03 14:15:03,485519DF2848,26.0509,72.0417,882.411,60
2024-04-03 14:29:57,13043,2024-04-03 14:30:01,485519DF2848,25.9658,72.6954,882.315,59
2024-04-03 14:44:56,13044,2024-04-03 14:45:00,485519DF2848,25.9594,73.1477,882.141,60
2024-04-03 14:59:58,13045,2024-04-03 15:00:03,485519DF2848,25.9486,73.0157,881.889,59
2024-04-03 15:14:56,13046,2024-04-03 15:15:01,485519DF2848,25.9244,73.0167,881.713,60
2024-04-03 15:29:58,13047,2024-04-03 15:30:04,485519DF2848,25.8933,72.9889,881.551,59
2024-04-03 15:44:57,13048,2024-04-03 15:45:02,485519DF2848,25.8512,72.8629,881.433,60
2024-04-03 15:59:55,13049,2024-04-03 16:00:01,485519DF2848,25.7139,73.0533,881.443,59
2024-04-03 16:14:57,13050,2024-04-03 16:15:04,485519DF2848,25.7162,72.9249,881.233,60
2024-04-03 16:29:55,13051,2024-04-03 16:30:03,485519DF2848,25.6684,72.5455,881.289,59
2024-04-03 16:44:59,13052,2024-04-03 16:45:03,485519DF2848,25.5782,72.4318,881.309,60
2024-04-03 16:59:56,13053,2024-04-03 17:00:02,485519DF2848,25.6624,74.0304,881.113,59
2024-04-03 17:14:59,13054,2024-04-03 17:15:04,485519DF2848,25.9763,75.6454,880.581,60
2024-04-03 17:29:56,13055,2024-04-03 17:30:01,485519DF2848,26.0902,75.7179,880.314,59
2024-04-03 17:44:55,13056,2024-04-03 17:45:01,485519DF2848,26.0296,75.6846,880.383,59
2024-04-03 17:59:53,13057,2024-04-03 18:00:00,485519DF2848,26.0402,75.0083,880.349,60
2024-04-03 18:14:55,13058,2024-04-03 18:15:03,485519DF2848,26.349,73.4016,879.864,59
2024-04-03 18:29:57,13059,2024-04-03 18:30:05,485519DF2848,26.881,70.4014,879.03,60
2024-04-03 18:44:57,13060,2024-04-03 18:45:01,485519DF2848,26.8814,69.2569,878.979,59
2024-04-03 18:59:54,13061,2024-04-03 19:00:00,485519DF2848,26.6637,68.7166,879.227,60
2024-04-03 19:14:51,13062,2024-04-03 19:15:01,485519DF2848,26.4572,67.9372,879.532,59
2024-04-03 19:29:49,13063,2024-04-03 19:30:02,485519DF2848,26.2438,67.148,879.929,59
2024-04-03 19:44:58,13064,2024-04-03 19:45:03,485519DF2848,26.1142,66.2643,880.235,60
2024-04-03 19:59:55,13065,2024-04-03 20:00:02,485519DF2848,25.9396,65.64,880.57,60
2024-04-03 20:14:53,13066,2024-04-03 20:15:02,485519DF2848,25.8148,65.0476,880.809,59
2024-04-03 20:29:50,13067,2024-04-03 20:30:02,485519DF2848,25.6616,64.5703,881.135,59
2024-04-03 20:44:59,13068,2024-04-03 20:45:04,485519DF2848,25.5606,64.0039,881.331,60
2024-04-03 20:59:57,13069,2024-04-03 21:00:02,485519DF2848,25.4614,63.4385,881.448,60
2024-04-03 21:14:54,13070,2024-04-03 21:15:01,485519DF2848,25.3367,63.1386,881.621,59
2024-04-03 21:29:51,13071,2024-04-03 21:30:01,485519DF2848,25.2338,62.7198,881.81,59
2024-04-03 21:44:56,13072,2024-04-03 21:45:00,485519DF2848,25.1924,62.2318,881.888,60
2024-04-03 21:59:58,13073,2024-04-03 22:00:02,485519DF2848,25.2039,61.6911,881.892,60
2024-04-03 22:14:56,13074,2024-04-03 22:15:00,485519DF2848,25.2086,61.2662,881.709,59
2024-04-03 22:29:58,13075,2024-04-03 22:30:03,485519DF2848,25.1991,60.9838,881.514,60
2024-04-03 22:44:57,13076,2024-04-03 22:45:02,485519DF2848,25.194,60.5679,881.332,59
2024-04-03 22:59:54,13077,2024-04-03 23:00:00,485519DF2848,25.137,60.3468,881.309,59
2024-04-03 23:14:57,13078,2024-04-03 23:15:03,485519DF2848,25.1451,60.0608,881.257,60
2024-04-03 23:29:54,13079,2024-04-03 23:30:01,485519DF2848,25.1602,59.774,881.136,59
2024-04-03 23:44:59,13080,2024-04-03 23:45:03,485519DF2848,25.1357,59.6111,881.123,60
2024-04-03 23:59:55,13081,2024-04-04 00:00:00,485519DF2848,25.1295,59.3191,881.032,59
2024-04-04 00:14:59,13082,2024-04-04 00:15:03,485519DF2848,25.1279,59.0665,880.905,60
2024-04-04 00:29:56,13083,2024-04-04 00:30:02,485519DF2848,24.9706,61.0945,880.997,59
2024-04-04 00:44:54,13084,2024-04-04 00:45:00,485519DF2848,24.1982,68.1329,881.991,60
2024-04-04 00:59:52,13085,2024-04-04 01:00:00,485519DF2848,24.0955,71.892,882.109,59
2024-04-04 01:14:49,13086,2024-04-04 01:15:00,485519DF2848,24.0523,72.7987,882.208,59
2024-04-04 01:29:47,13087,2024-04-04 01:30:00,485519DF2848,24.1586,73.5098,881.879,60
2024-04-04 01:45:01,13088,2024-04-04 01:45:04,485519DF2848,24.3049,72.9617,881.443,60
2024-04-04 01:59:58,13089,2024-04-04 02:00:00,485519DF2848,24.2785,73.0723,881.441,59
2024-04-04 02:15:01,13090,2024-04-04 02:15:03,485519DF2848,24.3147,73.2605,881.183,60
2024-04-04 02:30:03,13091,2024-04-04 02:30:04,485519DF2848,24.4249,72.766,880.896,60
2024-04-04 02:44:57,13092,2024-04-04 02:45:04,485519DF2848,24.2914,73.4117,880.981,59
2024-04-04 02:59:54,13093,2024-04-04 03:00:03,485519DF2848,24.33,73.1942,880.817,59
2024-04-04 03:14:52,13094,2024-04-04 03:15:03,485519DF2848,24.2955,73.6898,880.753,59
2024-04-04 03:29:49,13095,2024-04-04 03:30:03,485519DF2848,24.3991,72.9891,880.445,60
2024-04-04 03:44:59,13096,2024-04-04 03:45:03,485519DF2848,24.6144,71.6563,879.957,60
2024-04-04 03:59:56,13097,2024-04-04 04:00:00,485519DF2848,24.8119,70.443,879.608,59
2024-04-04 04:14:58,13098,2024-04-04 04:15:01,485519DF2848,24.9469,69.4031,879.361,60
2024-04-04 04:30:01,13099,2024-04-04 04:30:00,485519DF2848,25.1507,68.2086,878.915,59
2024-04-04 04:45:00,13100,2024-04-04 04:45:04,485519DF2848,25.2333,67.4483,878.682,60
2024-04-04 04:59:58,13101,2024-04-04 05:00:01,485519DF2848,25.3258,66.6431,878.525,59
2024-04-04 05:15:00,13102,2024-04-04 05:15:03,485519DF2848,25.383,66.0878,878.367,60
2024-04-04 05:29:57,13103,2024-04-04 05:30:00,485519DF2848,25.4343,65.4784,878.246,59
2024-04-04 05:44:56,13104,2024-04-04 05:45:00,485519DF2848,25.4579,65.0223,878.205,59
2024-04-04 05:59:59,13105,2024-04-04 06:00:03,485519DF2848,25.4601,64.5855,878.17,60
2024-04-04 06:14:56,13106,2024-04-04 06:15:01,485519DF2848,25.4136,64.3072,878.255,59
2024-04-04 06:29:59,13107,2024-04-04 06:30:03,485519DF2848,25.4566,64.0261,878.268,60
2024-04-04 06:44:57,13108,2024-04-04 06:45:02,485519DF2848,25.5821,64.4587,878.095,59
2024-04-04 07:00:00,13109,2024-04-04 07:00:02,485519DF2848,25.8333,65.0561,877.776,60
2024-04-04 07:15:02,13110,2024-04-04 07:15:01,485519DF2848,25.7549,64.6523,877.992,60
2024-04-04 07:30:05,13111,2024-04-04 07:30:02,485519DF2848,25.4019,66.1338,878.633,59
2024-04-04 07:44:59,13112,2024-04-04 07:45:03,485519DF2848,25.3233,67.3118,878.795,59
2024-04-04 07:59:56,13113,2024-04-04 08:00:01,485519DF2848,25.1771,68.5756,879.056,60
2024-04-04 08:14:59,13114,2024-04-04 08:15:03,485519DF2848,25.2292,67.3567,879.079,59
2024-04-04 08:29:56,13115,2024-04-04 08:30:01,485519DF2848,25.1074,66.8884,879.3,60
2024-04-04 08:45:00,13116,2024-04-04 08:45:04,485519DF2848,25.0477,67.2409,879.45,59
2024-04-04 08:59:58,13117,2024-04-04 09:00:01,485519DF2848,25.1347,67.6506,879.331,60
2024-04-04 09:15:00,13118,2024-04-04 09:15:03,485519DF2848,25.233,68.0684,879.22,59
2024-04-04 09:30:03,13119,2024-04-04 09:30:04,485519DF2848,25.4204,68.7546,879.012,60
2024-04-04 09:44:56,13120,2024-04-04 09:45:02,485519DF2848,25.4765,69.3887,879.026,59
2024-04-04 09:59:59,13121,2024-04-04 10:00:04,485519DF2848,25.6211,70.0162,878.84,60
2024-04-04 10:14:57,13122,2024-04-04 10:15:00,485519DF2848,25.8368,70.2729,878.481,59
2024-04-04 10:29:59,13123,2024-04-04 10:30:00,485519DF2848,25.9656,70.5934,878.123,60
2024-04-04 10:44:58,13124,2024-04-04 10:45:03,485519DF2848,26.1007,71.1643,877.957,59
2024-04-04 10:59:55,13125,2024-04-04 11:00:00,485519DF2848,26.163,71.62,877.885,59
2024-04-04 11:14:58,13126,2024-04-04 11:15:03,485519DF2848,26.1569,72.2386,877.834,60
2024-04-04 11:29:55,13127,2024-04-04 11:30:01,485519DF2848,26.2672,72.5319,877.579,59
2024-04-04 11:44:59,13128,2024-04-04 11:45:03,485519DF2848,26.3026,73.2595,877.301,60
2024-04-04 11:59:57,13129,2024-04-04 12:00:00,485519DF2848,26.2663,73.5541,877.141,59
2024-04-04 12:14:59,13130,2024-04-04 12:15:03,485519DF2848,26.2594,73.8396,876.983,60
2024-04-04 12:29:57,13131,2024-04-04 12:30:00,485519DF2848,26.3004,74.3621,876.77,59
2024-04-04 12:44:56,13132,2024-04-04 12:45:00,485519DF2848,26.3591,74.274,876.452,60
2024-04-04 12:59:58,13133,2024-04-04 13:00:04,485519DF2848,26.1965,74.961,876.534,59
2024-04-04 13:14:56,13134,2024-04-04 13:15:02,485519DF2848,26.2001,75.0747,876.384,60
2024-04-04 13:29:53,13135,2024-04-04 13:30:00,485519DF2848,26.2843,75.1452,876.102,59
2024-04-04 13:44:57,13136,2024-04-04 13:45:02,485519DF2848,26.2682,75.0905,875.903,60
2024-04-04 13:59:55,13137,2024-04-04 14:00:00,485519DF2848,26.199,75.3926,875.769,59
2024-04-04 14:14:57,13138,2024-04-04 14:15:04,485519DF2848,26.1917,75.4705,875.57,60
2024-04-04 14:29:55,13139,2024-04-04 14:30:04,485519DF2848,26.0656,75.8483,875.533,59
2024-04-04 14:44:59,13140,2024-04-04 14:45:04,485519DF2848,26.0551,75.8049,875.307,60
2024-04-04 14:59:56,13141,2024-04-04 15:00:03,485519DF2848,26.068,75.6704,875.166,59
2024-04-04 15:14:54,13142,2024-04-04 15:15:01,485519DF2848,26.0468,75.4771,875.042,59
2024-04-04 15:29:56,13143,2024-04-04 15:30:04,485519DF2848,26.0804,75.513,874.944,60
2024-04-04 15:44:55,13144,2024-04-04 15:45:00,485519DF2848,25.9779,75.5327,874.963,59
2024-04-04 15:59:58,13145,2024-04-04 16:00:04,485519DF2848,25.9173,75.2909,874.968,60
2024-04-04 16:14:55,13146,2024-04-04 16:15:04,485519DF2848,25.7921,75.004,875.11,59
2024-04-04 16:29:53,13147,2024-04-04 16:30:04,485519DF2848,25.6457,75.1154,875.329,60
2024-04-04 16:44:56,13148,2024-04-04 16:45:01,485519DF2848,25.4792,75.2128,875.512,59
2024-04-04 16:59:59,13149,2024-04-04 17:00:03,485519DF2848,25.4416,76.2791,875.527,60
2024-04-04 17:14:56,13150,2024-04-04 17:15:01,485519DF2848,25.7021,78.534,875.091,59
2024-04-04 17:29:59,13151,2024-04-04 17:30:03,485519DF2848,26.0611,78.3187,874.449,60
2024-04-04 17:44:58,13152,2024-04-04 17:45:02,485519DF2848,26.1964,78.0065,874.277,59
2024-04-04 18:00:00,13153,2024-04-04 18:00:03,485519DF2848,26.3744,76.8577,874.084,60
2024-04-04 18:15:03,13154,2024-04-04 18:15:04,485519DF2848,26.3661,75.4088,874.056,60
2024-04-04 18:30:00,13155,2024-04-04 18:30:00,485519DF2848,26.2613,74.6208,874.178,59
2024-04-04 18:44:59,13156,2024-04-04 18:45:04,485519DF2848,26.0512,74.1887,874.421,59
2024-04-04 18:59:57,13157,2024-04-04 19:00:03,485519DF2848,25.7742,73.597,874.766,60
2024-04-04 19:14:49,13158,2024-04-04 19:15:00,485519DF2848,25.4694,72.9096,875.224,59
2024-04-04 19:29:47,13159,2024-04-04 19:30:04,485519DF2848,25.1525,72.3564,875.786,59
2024-04-04 19:44:55,13160,2024-04-04 19:45:02,485519DF2848,24.8574,71.8759,876.374,60
2024-04-04 19:59:53,13161,2024-04-04 20:00:02,485519DF2848,24.596,71.4681,876.949,59
2024-04-04 20:14:50,13162,2024-04-04 20:15:04,485519DF2848,24.3266,71.1623,877.462,60
2024-04-04 20:29:43,13163,2024-04-04 20:30:03,485519DF2848,24.0914,70.8392,877.969,59
2024-04-04 20:29:59,13164,2024-04-04 20:30:04,485519DF2848,23.99,70.55,878.19,1
2024-04-04 20:44:57,13165,2024-04-04 20:45:03,485519DF2848,23.8758,70.5147,878.479,59
2024-04-04 20:59:54,13166,2024-04-04 21:00:04,485519DF2848,23.6916,70.1807,878.906,59
2024-04-04 21:14:47,13167,2024-04-04 21:15:00,485519DF2848,23.5113,69.9274,879.366,59
2024-04-04 21:29:56,13168,2024-04-04 21:30:01,485519DF2848,23.3462,69.6369,879.751,60
2024-04-04 21:44:53,13169,2024-04-04 21:45:00,485519DF2848,23.2234,69.3429,880.142,60
2024-04-04 21:59:51,13170,2024-04-04 22:00:00,485519DF2848,23.13,69.0244,880.498,59
2024-04-04 22:14:53,13171,2024-04-04 22:15:04,485519DF2848,23.2694,68.2351,880.335,60
2024-04-04 22:29:57,13172,2024-04-04 22:30:02,485519DF2848,23.6058,66.4008,879.776,59
2024-04-04 22:44:55,13173,2024-04-04 22:45:00,485519DF2848,23.6025,65.9149,879.802,60
2024-04-04 22:59:57,13174,2024-04-04 23:00:03,485519DF2848,23.7008,65.3447,879.639,59
2024-04-04 23:15:00,13175,2024-04-04 23:15:04,485519DF2848,23.8867,64.3326,879.365,60
2024-04-04 23:29:58,13176,2024-04-04 23:30:02,485519DF2848,24.0265,63.6862,879.103,59
2024-04-04 23:45:01,13177,2024-04-04 23:45:02,485519DF2848,24.1582,63.1306,878.759,60
2024-04-05 00:00:04,13178,2024-04-05 00:00:01,485519DF2848,24.1744,62.8349,878.67,60
2024-04-05 00:15:06,13179,2024-04-05 00:15:01,485519DF2848,24.2004,62.4233,878.558,59
2024-04-05 00:30:00,13180,2024-04-05 00:30:04,485519DF2848,24.2919,62.1126,878.26,59
2024-04-05 00:44:57,13181,2024-04-05 00:45:01,485519DF2848,24.3322,61.8988,878.025,60
2024-04-05 01:00:00,13182,2024-04-05 01:00:03,485519DF2848,24.3516,61.7123,877.808,59
2024-04-05 01:14:57,13183,2024-04-05 01:15:00,485519DF2848,24.3585,61.5869,877.655,60
2024-04-05 01:29:56,13184,2024-04-05 01:30:00,485519DF2848,24.3802,61.4451,877.47,59
2024-04-05 01:44:59,13185,2024-04-05 01:45:02,485519DF2848,24.3996,61.1459,877.279,60
2024-04-05 02:00:01,13186,2024-04-05 02:00:04,485519DF2848,24.3775,61.043,877.193,59
2024-04-05 02:14:59,13187,2024-04-05 02:15:02,485519DF2848,24.3499,61.0023,877.091,60
2024-04-05 02:29:57,13188,2024-04-05 02:30:03,485519DF2848,24.3541,60.5865,876.96,59
2024-04-05 02:44:55,13189,2024-04-05 02:45:01,485519DF2848,24.3482,60.4227,876.823,59
2024-04-05 02:59:57,13190,2024-04-05 03:00:04,485519DF2848,24.4391,59.9286,876.596,60
2024-04-05 03:14:55,13191,2024-04-05 03:15:01,485519DF2848,24.6309,59.2504,876.181,59
2024-04-05 03:29:59,13192,2024-04-05 03:30:03,485519DF2848,24.7709,58.716,875.772,60
2024-04-05 03:44:57,13193,2024-04-05 03:45:00,485519DF2848,24.8304,58.5372,875.635,59
2024-04-05 03:59:59,13194,2024-04-05 04:00:01,485519DF2848,24.8892,58.3086,875.621,60
2024-04-05 04:15:01,13195,2024-04-05 04:15:02,485519DF2848,24.9429,58.0891,875.593,60
2024-04-05 04:29:55,13196,2024-04-05 04:30:00,485519DF2848,24.9856,57.8937,875.473,59
2024-04-05 04:44:58,13197,2024-04-05 04:45:03,485519DF2848,24.9743,57.85,875.518,59
2024-04-05 04:59:55,13198,2024-04-05 05:00:01,485519DF2848,24.9421,58.0084,875.712,60
2024-04-05 05:14:53,13199,2024-04-05 05:15:00,485519DF2848,24.9165,58.0376,875.844,59
2024-04-05 05:29:56,13200,2024-04-05 05:30:02,485519DF2848,24.9457,57.8585,875.72,60
2024-04-05 05:44:54,13201,2024-04-05 05:45:00,485519DF2848,24.9682,57.9188,875.693,59
2024-04-05 05:59:56,13202,2024-04-05 06:00:03,485519DF2848,24.9708,57.9005,875.814,60
2024-04-05 06:14:54,13203,2024-04-05 06:15:00,485519DF2848,25.0211,57.5962,875.867,59
2024-04-05 06:29:58,13204,2024-04-05 06:30:02,485519DF2848,24.9964,57.9774,876.045,60
2024-04-05 06:44:55,13205,2024-04-05 06:45:01,485519DF2848,24.5807,60.1212,876.9,59
2024-04-05 06:59:53,13206,2024-04-05 07:00:00,485519DF2848,24.8249,59.6749,876.552,59
2024-04-05 07:14:55,13207,2024-04-05 07:15:04,485519DF2848,24.8467,59.9341,876.693,60
2024-04-05 07:29:59,13208,2024-04-05 07:30:04,485519DF2848,24.7319,60.1898,877.101,60
2024-04-05 07:44:57,13209,2024-04-05 07:45:03,485519DF2848,24.6283,60.8303,877.195,59
2024-04-05 07:59:54,13210,2024-04-05 08:00:03,485519DF2848,24.6311,61.2485,877.135,59
2024-04-05 08:14:52,13211,2024-04-05 08:15:00,485519DF2848,24.5722,59.4326,877.211,60
2024-04-05 08:30:01,13212,2024-04-05 08:30:04,485519DF2848,24.6618,58.7963,877.122,60
2024-04-05 08:44:58,13213,2024-04-05 08:45:00,485519DF2848,24.7786,59.5432,877.022,59
2024-04-05 09:00:01,13214,2024-04-05 09:00:01,485519DF2848,24.7232,60.2823,877.154,60
2024-04-05 09:15:03,13215,2024-04-05 09:15:04,485519DF2848,24.5589,61.7879,877.455,59
2024-04-05 09:29:57,13216,2024-04-05 09:30:01,485519DF2848,24.675,62.315,877.214,59
2024-04-05 09:44:59,13217,2024-04-05 09:45:03,485519DF2848,24.7448,63.0036,877.083,60
2024-04-05 09:59:57,13218,2024-04-05 10:00:00,485519DF2848,24.8633,63.3672,876.905,59
2024-04-05 10:15:00,13219,2024-04-05 10:15:03,485519DF2848,24.2139,65.0593,877.711,60
2024-04-05 10:29:53,13220,2024-04-05 10:30:00,485519DF2848,23.636,67.6694,878.332,59
2024-04-05 10:44:51,13221,2024-04-05 10:45:01,485519DF2848,23.4131,68.9543,878.351,59
2024-04-05 10:59:48,13222,2024-04-05 11:00:02,485519DF2848,23.4261,69.9217,878.138,60
2024-04-05 11:14:51,13223,2024-04-05 11:15:03,485519DF2848,24.5931,69.6559,876.407,59
2024-04-05 11:30:00,13224,2024-04-05 11:30:03,485519DF2848,25.0919,68.4301,875.551,60
2024-04-05 11:45:02,13225,2024-04-05 11:45:03,485519DF2848,25.3858,67.654,875.151,60
2024-04-05 12:00:05,13226,2024-04-05 12:00:03,485519DF2848,25.3361,67.5294,875.172,60
2024-04-05 12:15:07,13227,2024-04-05 12:15:03,485519DF2848,25.4158,67.4865,875.026,59
2024-04-05 12:29:56,13228,2024-04-05 12:30:00,485519DF2848,25.2963,66.9704,874.982,59
2024-04-05 12:44:59,13229,2024-04-05 12:45:03,485519DF2848,25.3454,67.4148,874.943,60
2024-04-05 12:59:56,13230,2024-04-05 13:00:00,485519DF2848,25.4867,67.4776,874.724,59
2024-04-05 13:14:59,13231,2024-04-05 13:15:01,485519DF2848,25.5872,67.3129,874.506,60
2024-04-05 13:29:58,13232,2024-04-05 13:30:02,485519DF2848,25.6118,67.7771,874.222,59
2024-04-05 13:45:00,13233,2024-04-05 13:45:04,485519DF2848,25.6229,67.675,873.971,60
2024-04-05 13:59:58,13234,2024-04-05 14:00:01,485519DF2848,25.5777,67.5067,873.926,59
2024-04-05 14:15:00,13235,2024-04-05 14:15:04,485519DF2848,25.5686,68.1786,873.744,60
2024-04-05 14:29:59,13236,2024-04-05 14:30:04,485519DF2848,25.5175,67.57,873.699,59
2024-04-05 14:44:56,13237,2024-04-05 14:45:03,485519DF2848,25.312,68.2581,873.873,59
2024-04-05 14:59:54,13238,2024-04-05 15:00:03,485519DF2848,25.2419,68.4231,873.742,60
2024-04-05 15:14:52,13239,2024-04-05 15:15:03,485519DF2848,25.2936,68.7535,873.565,59
2024-04-05 15:29:55,13240,2024-04-05 15:30:01,485519DF2848,25.2877,68.6815,873.489,60
2024-04-05 15:44:53,13241,2024-04-05 15:45:00,485519DF2848,25.2236,68.4895,873.606,59
2024-04-05 15:59:55,13242,2024-04-05 16:00:03,485519DF2848,25.1864,68.3219,873.57,60
2024-04-05 16:14:53,13243,2024-04-05 16:15:03,485519DF2848,25.0128,68.057,873.92,59
2024-04-05 16:29:57,13244,2024-04-05 16:30:02,485519DF2848,24.9201,67.3912,874.31,60
2024-04-05 16:44:54,13245,2024-04-05 16:45:00,485519DF2848,24.8651,66.3176,874.516,59
2024-04-05 16:59:52,13246,2024-04-05 17:00:00,485519DF2848,24.6491,66.8428,874.9,59
2024-04-05 17:14:49,13247,2024-04-05 17:15:01,485519DF2848,24.5193,70.1121,875.06,60
2024-04-05 17:29:58,13248,2024-04-05 17:30:03,485519DF2848,24.4719,71.2755,875.263,60
2024-04-05 17:44:56,13249,2024-04-05 17:45:02,485519DF2848,24.2896,71.7589,875.593,59
2024-04-05 17:59:53,13250,2024-04-05 18:00:01,485519DF2848,24.2565,70.7122,875.847,59
2024-04-05 18:14:51,13251,2024-04-05 18:15:03,485519DF2848,24.0321,68.6286,876.376,60
2024-04-05 18:29:56,13252,2024-04-05 18:30:01,485519DF2848,23.7677,68.5016,877.125,59
2024-04-05 18:44:53,13253,2024-04-05 18:45:00,485519DF2848,23.6667,67.6629,877.46,60
2024-04-05 18:59:50,13254,2024-04-05 19:00:00,485519DF2848,23.7913,65.4437,877.476,59
2024-04-05 19:14:58,13255,2024-04-05 19:15:04,485519DF2848,24.258,62.4184,877.111,60
2024-04-05 19:29:57,13256,2024-04-05 19:30:03,485519DF2848,24.2107,60.9147,877.365,59
2024-04-05 19:44:49,13257,2024-04-05 19:45:02,485519DF2848,23.8449,61.6409,878.002,59
2024-04-05 19:59:46,13258,2024-04-05 20:00:04,485519DF2848,23.9037,61.3936,878.146,60
2024-04-05 20:14:39,13259,2024-04-05 20:15:03,485519DF2848,23.8155,61.1233,878.597,59
2024-04-05 20:14:55,13260,2024-04-05 20:15:00,485519DF2848,23.84,60.94,878.69,1
2024-04-05 20:29:58,13261,2024-04-05 20:30:03,485519DF2848,23.9603,60.2293,878.716,59
2024-04-05 20:45:00,13262,2024-04-05 20:45:04,485519DF2848,24.1049,59.5918,878.849,60
2024-04-05 20:59:58,13263,2024-04-05 21:00:01,485519DF2848,24.156,59.0911,879.08,59
2024-04-05 21:14:57,13264,2024-04-05 21:15:01,485519DF2848,24.0995,58.5726,879.263,60
2024-04-05 21:29:59,13265,2024-04-05 21:30:04,485519DF2848,24.0814,58.5361,879.352,59
2024-04-05 21:44:57,13266,2024-04-05 21:45:02,485519DF2848,24.0617,58.7301,879.512,60
2024-04-05 21:59:54,13267,2024-04-05 22:00:01,485519DF2848,24.0873,58.7454,879.591,59
2024-04-05 22:14:58,13268,2024-04-05 22:15:02,485519DF2848,24.0899,58.6328,879.646,60
2024-04-05 22:29:56,13269,2024-04-05 22:30:01,485519DF2848,24.0567,58.7257,879.679,59
2024-04-05 22:44:58,13270,2024-04-05 22:45:03,485519DF2848,24.1005,58.638,879.699,60
2024-04-05 22:59:56,13271,2024-04-05 23:00:01,485519DF2848,24.078,58.5808,879.86,59
2024-04-05 23:14:57,13272,2024-04-05 23:15:00,485519DF2848,24.1195,58.415,879.781,59
2024-04-05 23:30:00,13273,2024-04-05 23:30:00,485519DF2848,24.1807,59.1794,879.884,60
2024-04-05 23:44:57,13274,2024-04-05 23:45:00,485519DF2848,23.5984,59.4766,880.727,59
2024-04-06 00:00:00,13275,2024-04-06 00:00:03,485519DF2848,24.0322,58.0533,880.371,60
2024-04-06 00:14:59,13276,2024-04-05 23:15:01,485519DF2848,24.2259,56.7773,880.635,59
2024-04-06 00:30:01,13277,2024-04-05 23:30:03,485519DF2848,24.1791,55.9198,880.846,60
2024-04-06 00:45:04,13278,2024-04-05 23:45:04,485519DF2848,24.5236,54.7608,880.524,60
2024-04-06 01:00:06,13279,2024-04-06 00:00:03,485519DF2848,24.9179,53.9881,879.832,59
2024-04-06 01:15:05,13280,2024-04-06 00:15:03,485519DF2848,25.0341,54.0965,879.805,60
2024-04-06 01:30:03,13281,2024-04-06 00:30:00,485519DF2848,25.2197,53.9091,879.738,59
2024-04-06 01:45:05,13282,2024-04-06 00:45:00,485519DF2848,25.4707,53.4924,879.579,60
2024-04-06 02:00:08,13283,2024-04-06 01:00:00,485519DF2848,25.6202,53.3312,879.334,59
2024-04-06 02:14:56,13284,2024-04-06 01:15:00,485519DF2848,25.817,52.9652,879.114,59
2024-04-06 02:29:59,13285,2024-04-06 01:30:02,485519DF2848,25.9423,53.0389,879.005,60
2024-04-06 02:45:01,13286,2024-04-06 01:45:04,485519DF2848,26.0414,53.1994,879.083,59
2024-04-06 02:59:59,13287,2024-04-06 02:00:01,485519DF2848,25.9221,53.87,879.34,60
2024-04-06 03:14:48,13288,2024-04-06 02:15:02,485519DF2848,25.6875,54.423,879.622,58
2024-04-06 03:29:45,13289,2024-04-06 02:30:01,485519DF2848,25.4652,54.0342,879.962,60
2024-04-06 03:44:43,13290,2024-04-06 02:45:01,485519DF2848,25.3399,53.391,880.242,59
2024-04-06 03:59:40,13291,2024-04-06 03:00:01,485519DF2848,25.3204,52.7421,880.432,59
2024-04-06 04:14:39,13292,2024-04-06 03:15:03,485519DF2848,25.2463,52.3718,880.665,60
2024-04-06 04:29:36,13293,2024-04-06 03:30:01,485519DF2848,25.1852,52.1384,880.977,59
2024-04-06 04:44:34,13294,2024-04-06 03:45:00,485519DF2848,25.1524,52.0504,881.183,59
2024-04-06 04:59:36,13295,2024-04-06 04:00:04,485519DF2848,25.173,51.8014,881.281,60
2024-04-06 04:59:53,13296,2024-04-06 04:00:01,485519DF2848,25.11,51.63,881.44,1
2024-04-06 05:14:56,13297,2024-04-06 04:15:04,485519DF2848,25.1167,51.742,881.456,60
2024-04-06 05:29:53,13298,2024-04-06 04:30:02,485519DF2848,25.0724,51.8337,881.888,59
2024-04-06 05:44:50,13299,2024-04-06 04:45:00,485519DF2848,25.127,52.1628,881.904,59
2024-04-06 05:45:12,13300,2024-04-06 05:00:03,485519DF2848,25.17,52.065,881.915,2
2024-04-06 06:00:10,13301,2024-04-06 05:15:00,485519DF2848,25.2208,52.2259,881.989,59
2024-04-06 06:15:12,13302,2024-04-06 05:30:03,485519DF2848,25.2371,52.2688,882.03,60
2024-04-06 06:30:10,13303,2024-04-06 05:45:01,485519DF2848,25.203,52.2712,882.314,59
2024-04-06 06:45:18,13304,2024-04-06 06:00:03,485519DF2848,25.3022,52.6458,882.552,60
2024-04-06 07:00:21,13305,2024-04-06 06:15:04,485519DF2848,25.5134,53.5868,882.492,60
2024-04-06 07:15:23,13306,2024-04-06 06:30:01,485519DF2848,25.3506,54.7246,882.963,59
2024-04-06 07:30:31,13307,2024-04-06 06:45:03,485519DF2848,25.3417,55.7208,883.113,60
2024-04-06 07:45:20,13308,2024-04-06 06:45:03,485519DF2848,25.5939,56.7823,882.835,59
2024-04-06 08:00:17,13309,2024-04-06 07:00:01,485519DF2848,25.6321,57.5199,882.939,59
2024-04-06 08:15:20,13310,2024-04-06 07:15:03,485519DF2848,25.5243,55.9779,883.266,60
2024-04-06 08:30:17,13311,2024-04-06 07:30:03,485519DF2848,25.0491,56.0164,884.181,59
2024-04-06 08:44:46,13312,2024-04-06 07:45:04,485519DF2848,24.6809,56.6851,884.752,58
2024-04-06 08:59:43,13313,2024-04-06 08:00:03,485519DF2848,24.6482,56.7854,884.986,59
2024-04-06 09:14:41,13314,2024-04-06 08:15:01,485519DF2848,24.6421,57.3381,885.071,59
2024-04-06 09:29:43,13315,2024-04-06 08:30:04,485519DF2848,24.6969,57.2173,885.2,60
2024-04-06 09:44:22,13316,2024-04-06 08:45:02,485519DF2848,24.7256,57.6212,885.257,58
2024-04-06 09:59:19,13317,2024-04-06 09:00:00,485519DF2848,24.7496,58.2525,885.442,59
2024-04-06 10:14:22,13318,2024-04-06 09:15:03,485519DF2848,24.8536,58.3796,885.5,60
2024-04-06 10:29:20,13319,2024-04-06 09:30:00,485519DF2848,24.885,58.9826,885.528,59
2024-04-06 10:44:34,13320,2024-04-06 09:45:02,485519DF2848,25.0027,59.2085,885.248,61
2024-04-06 10:59:31,13321,2024-04-06 10:00:00,485519DF2848,24.9324,60.3722,885.395,59
2024-04-06 11:14:34,13322,2024-04-06 10:15:04,485519DF2848,24.9202,61.3841,885.459,60
2024-04-06 11:29:31,13323,2024-04-06 10:30:02,485519DF2848,24.8643,62.1038,885.501,59
2024-04-06 11:30:08,13324,2024-04-06 10:30:01,485519DF2848,24.945,62.4,885.305,2
2024-04-06 11:45:10,13325,2024-04-06 10:45:03,485519DF2848,25.1496,62.679,885.014,60
2024-04-06 12:00:13,13326,2024-04-06 11:00:04,485519DF2848,25.2007,62.7874,884.855,60
2024-04-06 12:15:10,13327,2024-04-06 11:15:00,485519DF2848,25.3692,63.0548,884.558,59
2024-04-06 12:15:37,13328,2024-04-06 11:30:02,485519DF2848,25.225,65.11,884.77,2
2024-04-06 12:30:40,13329,2024-04-06 11:45:04,485519DF2848,25.2536,63.9559,884.675,59
2024-04-06 12:45:37,13330,2024-04-06 12:00:01,485519DF2848,25.3479,64.4762,884.551,60
2024-04-06 13:00:40,13331,2024-04-06 12:15:03,485519DF2848,25.2747,64.5664,884.524,59
2024-04-06 13:15:29,13332,2024-04-06 12:30:04,485519DF2848,25.2572,64.9327,884.516,59
2024-04-06 13:30:26,13333,2024-04-06 12:45:01,485519DF2848,25.3438,65.0228,884.386,59
2024-04-06 13:45:29,13334,2024-04-06 13:00:03,485519DF2848,25.3719,64.4147,884.329,60
2024-04-06 14:00:26,13335,2024-04-06 13:15:00,485519DF2848,25.3052,64.2157,884.436,59
2024-04-06 14:14:45,13336,2024-04-06 13:15:03,485519DF2848,25.0631,64.8385,884.674,57
2024-04-06 14:29:42,13337,2024-04-06 13:30:01,485519DF2848,25.1282,64.9972,884.466,59
2024-04-06 14:44:45,13338,2024-04-06 13:45:04,485519DF2848,25.0907,64.9864,884.381,60
2024-04-06 14:59:42,13339,2024-04-06 14:00:03,485519DF2848,24.9738,64.771,884.553,59
2024-04-06 15:14:11,13340,2024-04-06 14:15:00,485519DF2848,24.8044,64.772,884.668,58
2024-04-06 15:29:13,13341,2024-04-06 14:30:04,485519DF2848,24.7177,64.7037,884.635,59
2024-04-06 15:44:11,13342,2024-04-06 14:45:03,485519DF2848,24.6439,64.439,884.642,60
2024-04-06 15:59:03,13343,2024-04-06 15:00:00,485519DF2848,24.3289,65.1071,885.038,59
2024-04-06 15:59:20,13344,2024-04-06 15:00:03,485519DF2848,24.23,64.1,885.16,1
2024-04-06 16:14:17,13345,2024-04-06 15:15:02,485519DF2848,24.1685,65.2071,885.17,59
2024-04-06 16:29:15,13346,2024-04-06 15:30:01,485519DF2848,24.0567,64.8948,885.308,59
2024-04-06 16:44:12,13347,2024-04-06 15:45:02,485519DF2848,23.8411,64.9073,885.508,60
2024-04-06 16:45:04,13348,2024-04-06 16:00:00,485519DF2848,23.7366,65.45,885.629,3
2024-04-06 17:00:07,13349,2024-04-06 16:15:04,485519DF2848,23.5811,69.4676,885.892,60
2024-04-06 17:15:04,13350,2024-04-06 16:30:03,485519DF2848,23.7638,73.1847,885.662,59
2024-04-06 17:30:02,13351,2024-04-06 16:45:00,485519DF2848,23.9074,73.4701,885.404,59
2024-04-06 17:30:48,13352,2024-04-06 16:45:04,485519DF2848,23.9267,73.4999,885.356,3
2024-04-06 17:45:46,13353,2024-04-06 17:00:02,485519DF2848,23.9491,73.1149,885.296,60
2024-04-06 18:00:43,13354,2024-04-06 17:15:01,485519DF2848,23.9248,72.3131,885.187,59
2024-04-06 18:15:41,13355,2024-04-06 17:30:00,485519DF2848,23.8224,70.5822,885.268,59
2024-04-06 18:30:35,13356,2024-04-06 17:45:01,485519DF2848,23.6823,69.3191,885.488,59
2024-04-06 18:45:32,13357,2024-04-06 18:00:00,485519DF2848,23.5766,67.8224,885.677,60
2024-04-06 19:00:30,13358,2024-04-06 18:15:00,485519DF2848,23.514,66.0133,885.859,59
2024-04-06 19:15:32,13359,2024-04-06 18:30:02,485519DF2848,23.8205,63.1358,885.475,60
2024-04-06 19:29:51,13360,2024-04-06 18:30:04,485519DF2848,24.0133,60.7707,885.293,56
2024-04-06 19:44:43,13361,2024-04-06 18:45:00,485519DF2848,23.8424,60.3176,885.643,59
2024-04-06 19:59:41,13362,2024-04-06 19:00:00,485519DF2848,24.0038,58.939,885.526,60
2024-04-06 20:14:43,13363,2024-04-06 19:15:04,485519DF2848,24.0895,57.8046,885.547,59
2024-04-06 20:29:07,13364,2024-04-06 19:30:01,485519DF2848,24.1903,56.8091,885.541,57
2024-04-06 20:44:09,13365,2024-04-06 19:45:01,485519DF2848,24.7071,54.8289,884.857,60
2024-04-06 20:59:17,13366,2024-04-06 20:00:03,485519DF2848,25.0971,53.2648,884.376,60
2024-04-06 21:14:24,13367,2024-04-06 20:15:05,485519DF2848,25.2281,52.5578,884.279,60
2024-04-06 21:14:41,13368,2024-04-06 20:15:04,485519DF2848,25.31,52.46,884.16,1
2024-04-06 21:29:38,13369,2024-04-06 20:30:02,485519DF2848,25.2518,52.1686,884.32,59
2024-04-06 21:44:36,13370,2024-04-06 20:45:01,485519DF2848,25.306,51.79,884.299,60
2024-04-06 21:59:38,13371,2024-04-06 21:00:04,485519DF2848,25.3641,51.2837,884.141,59
2024-04-06 22:00:10,13372,2024-04-06 21:15:01,485519DF2848,25.39,50.96,884.065,2
2024-04-06 22:15:13,13373,2024-04-06 21:30:04,485519DF2848,25.3782,51.0196,884.041,60
2024-04-06 22:30:10,13374,2024-04-06 21:45:02,485519DF2848,25.4581,50.5747,883.89,59
2024-04-06 22:45:13,13375,2024-04-06 22:00:04,485519DF2848,25.4663,50.3504,883.901,60
2024-04-06 22:45:29,13376,2024-04-06 22:00:00,485519DF2848,25.48,50.49,883.93,1
2024-04-06 23:00:32,13377,2024-04-06 22:15:02,485519DF2848,25.4805,50.0365,883.855,60
2024-04-06 23:15:34,13378,2024-04-06 22:30:02,485519DF2848,25.8093,49.0127,883.296,59
2024-04-06 23:30:37,13379,2024-04-06 22:45:01,485519DF2848,26.0136,48.429,882.941,60
2024-04-06 23:45:21,13380,2024-04-06 23:00:01,485519DF2848,26.1535,48.121,882.689,58
2024-04-07 00:00:23,13381,2024-04-06 23:15:02,485519DF2848,26.2166,47.938,882.489,60
2024-04-07 00:15:20,13382,2024-04-06 23:30:04,485519DF2848,25.228,57.5733,883.896,59
2024-04-07 00:30:13,13383,2024-04-06 23:45:04,485519DF2848,24.5487,64.2374,884.722,59
2024-04-07 00:44:31,13384,2024-04-06 23:45:00,485519DF2848,24.4729,66.2103,884.738,57
2024-04-07 00:59:34,13385,2024-04-07 00:00:00,485519DF2848,25.0509,63.1628,883.793,60
2024-04-07 01:14:36,13386,2024-04-07 00:15:01,485519DF2848,24.8782,65.233,883.918,59
2024-04-07 01:29:39,13387,2024-04-07 00:30:04,485519DF2848,24.4234,68.1616,884.423,60
2024-04-07 01:44:23,13388,2024-04-07 00:45:00,485519DF2848,24.323,68.8789,884.358,58
2024-04-07 01:59:30,13389,2024-04-07 01:00:03,485519DF2848,24.9004,65.5903,883.33,60
2024-04-07 02:14:33,13390,2024-04-07 01:15:02,485519DF2848,24.8571,66.3835,883.276,60
2024-04-07 02:29:35,13391,2024-04-07 01:30:02,485519DF2848,24.5215,68.5478,883.698,60
2024-04-07 02:29:52,13392,2024-04-07 01:30:00,485519DF2848,24.34,69.84,883.95,1
2024-04-07 02:44:54,13393,2024-04-07 01:45:02,485519DF2848,24.461,69.2774,883.758,59
2024-04-07 02:59:57,13394,2024-04-07 02:00:01,485519DF2848,24.937,66.3188,882.924,60
2024-04-07 03:15:05,13395,2024-04-07 02:15:02,485519DF2848,25.3501,63.8575,882.159,60
2024-04-07 03:15:26,13396,2024-04-07 02:30:02,485519DF2848,25.54,62.8,881.8,1
2024-04-07 03:30:24,13397,2024-04-07 02:45:00,485519DF2848,25.6219,61.9124,881.604,60
2024-04-07 03:45:26,13398,2024-04-07 03:00:01,485519DF2848,25.768,60.6433,881.266,59
2024-04-07 04:00:29,13399,2024-04-07 03:15:03,485519DF2848,25.8867,59.3961,880.987,60
2024-04-07 04:15:22,13400,2024-04-07 03:30:04,485519DF2848,25.9905,58.4039,880.781,59
2024-04-07 04:30:20,13401,2024-04-07 03:45:01,485519DF2848,26.0751,57.5385,880.691,59
2024-04-07 04:45:22,13402,2024-04-07 04:00:03,485519DF2848,26.1496,56.7759,880.525,60
2024-04-07 05:00:20,13403,2024-04-07 04:15:01,485519DF2848,26.1763,56.0979,880.382,59
2024-04-07 05:14:49,13404,2024-04-07 04:15:01,485519DF2848,26.255,55.4476,880.175,58
2024-04-07 05:29:51,13405,2024-04-07 04:30:03,485519DF2848,26.2647,54.9493,880.092,59
2024-04-07 05:44:54,13406,2024-04-07 04:45:04,485519DF2848,26.2861,54.5816,880.103,60
2024-04-07 05:59:51,13407,2024-04-07 05:00:01,485519DF2848,26.3073,54.0528,880.176,59
2024-04-07 06:14:30,13408,2024-04-07 05:15:03,485519DF2848,26.3574,53.5872,880.159,58
2024-04-07 06:29:32,13409,2024-04-07 05:30:04,485519DF2848,26.4579,53.379,880.0,60
2024-04-07 06:44:30,13410,2024-04-07 05:45:00,485519DF2848,26.7141,53.6176,879.682,59
2024-04-07 06:59:32,13411,2024-04-07 06:00:01,485519DF2848,26.8525,54.909,879.518,60
2024-04-07 07:14:41,13412,2024-04-07 06:15:02,485519DF2848,26.8142,55.4346,879.742,60
2024-04-07 07:29:39,13413,2024-04-07 06:30:00,485519DF2848,26.456,57.3723,880.362,59
2024-04-07 07:44:41,13414,2024-04-07 06:45:02,485519DF2848,26.4577,58.8129,880.401,60
2024-04-07 07:59:39,13415,2024-04-07 07:00:01,485519DF2848,26.3758,59.0956,880.494,59
2024-04-07 08:00:05,13416,2024-04-07 07:00:04,485519DF2848,26.375,59.0,880.485,2
2024-04-07 08:15:03,13417,2024-04-07 07:15:03,485519DF2848,26.0419,58.5003,881.002,59
2024-04-07 08:30:00,13418,2024-04-07 07:30:04,485519DF2848,25.5687,58.3584,881.853,60
2024-04-07 08:44:53,13419,2024-04-07 07:45:01,485519DF2848,25.2821,58.6918,882.369,59
2024-04-07 08:45:09,13420,2024-04-07 08:00:00,485519DF2848,25.25,58.6,882.33,1
2024-04-07 09:00:12,13421,2024-04-07 08:15:03,485519DF2848,25.2365,58.6691,882.373,59
2024-04-07 09:15:09,13422,2024-04-07 08:30:00,485519DF2848,25.3599,58.5862,882.18,60
2024-04-07 09:30:12,13423,2024-04-07 08:45:02,485519DF2848,25.4287,58.7435,882.148,59
2024-04-07 09:45:16,13424,2024-04-07 09:00:02,485519DF2848,25.5044,59.0651,881.937,60
2024-04-07 10:00:18,13425,2024-04-07 09:15:04,485519DF2848,25.5084,59.5883,881.806,60
2024-04-07 10:15:16,13426,2024-04-07 09:30:02,485519DF2848,25.5375,60.0533,881.698,59
2024-04-07 10:30:18,13427,2024-04-07 09:45:04,485519DF2848,25.5874,60.5904,881.511,60
2024-04-07 10:45:02,13428,2024-04-07 09:45:00,485519DF2848,25.6782,61.2683,881.236,58
2024-04-07 11:00:05,13429,2024-04-07 10:00:02,485519DF2848,25.7705,61.8963,880.93,60
2024-04-07 11:15:07,13430,2024-04-07 10:15:04,485519DF2848,25.7384,62.8181,880.863,59
2024-04-07 11:30:05,13431,2024-04-07 10:30:00,485519DF2848,25.8659,63.6455,880.552,60
2024-04-07 11:44:43,13432,2024-04-07 10:45:03,485519DF2848,25.8466,64.4281,880.597,58
2024-04-07 11:59:41,13433,2024-04-07 11:00:01,485519DF2848,25.7645,65.2728,880.525,59
2024-04-07 12:14:43,13434,2024-04-07 11:15:04,485519DF2848,25.8356,65.6299,880.281,60
2024-04-07 12:29:41,13435,2024-04-07 11:30:03,485519DF2848,25.838,66.326,880.177,59
2024-04-07 12:44:30,13436,2024-04-07 11:45:00,485519DF2848,25.8675,66.8295,880.013,59
2024-04-07 12:59:32,13437,2024-04-07 12:00:03,485519DF2848,25.9128,66.8895,879.822,59
2024-04-07 13:14:30,13438,2024-04-07 12:15:02,485519DF2848,25.8936,67.1722,879.751,60
2024-04-07 13:29:27,13439,2024-04-07 12:30:00,485519DF2848,26.0116,67.183,879.354,59
2024-04-07 13:29:44,13440,2024-04-07 12:30:02,485519DF2848,26.01,66.49,879.17,1
2024-04-07 13:44:46,13441,2024-04-07 12:45:04,485519DF2848,26.0097,67.2886,879.021,60
2024-04-07 13:59:44,13442,2024-04-07 13:00:03,485519DF2848,25.9445,67.5908,878.907,59
2024-04-07 14:14:41,13443,2024-04-07 13:15:01,485519DF2848,25.9528,67.8979,878.685,59
2024-04-07 14:15:13,13444,2024-04-07 13:30:04,485519DF2848,25.97,67.42,878.595,2
2024-04-07 14:30:11,13445,2024-04-07 13:45:02,485519DF2848,25.9036,67.98,878.654,60
2024-04-07 14:45:08,13446,2024-04-07 14:00:01,485519DF2848,25.8577,68.1372,878.494,59
2024-04-07 15:00:06,13447,2024-04-07 14:15:00,485519DF2848,25.7748,68.1803,878.431,59
2024-04-07 15:00:22,13448,2024-04-07 14:15:03,485519DF2848,25.67,68.79,878.59,1
2024-04-07 15:15:20,13449,2024-04-07 14:30:00,485519DF2848,25.7234,68.1501,878.387,60
2024-04-07 15:30:22,13450,2024-04-07 14:45:03,485519DF2848,25.6634,68.248,878.31,59
2024-04-07 15:45:20,13451,2024-04-07 15:00:02,485519DF2848,25.4991,68.5199,878.383,60
2024-04-07 16:00:08,13452,2024-04-07 15:15:00,485519DF2848,25.3316,68.8763,878.506,58
2024-04-07 16:15:06,13453,2024-04-07 15:30:00,485519DF2848,25.0944,69.0949,878.631,60
2024-04-07 16:30:03,13454,2024-04-07 15:45:01,485519DF2848,24.9269,68.9845,878.771,59
2024-04-07 16:45:01,13455,2024-04-07 16:00:02,485519DF2848,24.8155,68.4912,878.76,59
2024-04-07 16:59:40,13456,2024-04-07 16:00:02,485519DF2848,24.9532,69.7799,878.395,58
2024-04-07 17:14:42,13457,2024-04-07 16:15:04,485519DF2848,25.0171,73.5307,878.357,60
2024-04-07 17:29:40,13458,2024-04-07 16:30:01,485519DF2848,25.1943,74.0865,878.004,59
2024-04-07 17:44:42,13459,2024-04-07 16:45:02,485519DF2848,25.4091,73.1233,877.644,60
2024-04-07 17:59:41,13460,2024-04-07 17:00:04,485519DF2848,25.5172,72.1156,877.433,59
2024-04-07 18:14:38,13461,2024-04-07 17:15:03,485519DF2848,25.2562,71.1647,877.793,60
2024-04-07 18:29:36,13462,2024-04-07 17:30:03,485519DF2848,25.0128,70.4824,878.236,59
2024-04-07 18:44:28,13463,2024-04-07 17:45:00,485519DF2848,24.6967,69.8572,878.717,59
2024-04-07 18:44:45,13464,2024-04-07 17:45:04,485519DF2848,24.5,69.4,878.98,1
2024-04-07 18:59:42,13465,2024-04-07 18:00:03,485519DF2848,24.3309,68.9818,879.232,59
2024-04-07 19:14:35,13466,2024-04-07 18:15:00,485519DF2848,23.9299,68.3128,879.75,59
2024-04-07 19:29:32,13467,2024-04-07 18:30:04,485519DF2848,23.6709,67.4571,880.118,60
2024-04-07 19:29:59,13468,2024-04-07 18:45:00,485519DF2848,23.64,66.73,880.21,1
2024-04-07 19:45:02,13469,2024-04-07 19:00:03,485519DF2848,23.6721,65.7856,880.157,60
2024-04-07 19:59:59,13470,2024-04-07 19:15:00,485519DF2848,23.7833,63.9298,880.025,59
2024-04-07 20:15:02,13471,2024-04-07 19:30:00,485519DF2848,23.9917,61.9958,879.771,60
2024-04-07 20:15:28,13472,2024-04-07 19:30:04,485519DF2848,24.045,61.645,879.69,2
2024-04-07 20:30:26,13473,2024-04-07 19:45:01,485519DF2848,24.1155,60.7716,879.602,59
2024-04-07 20:45:28,13474,2024-04-07 20:00:02,485519DF2848,24.2087,59.6517,879.519,60
2024-04-07 21:00:31,13475,2024-04-07 20:15:03,485519DF2848,24.1597,59.3983,879.602,59
2024-04-07 21:15:24,13476,2024-04-07 20:30:01,485519DF2848,24.0946,58.7806,879.64,59
2024-04-07 21:30:27,13477,2024-04-07 20:45:04,485519DF2848,23.9944,58.8696,879.679,60
2024-04-07 21:45:19,13478,2024-04-07 21:00:01,485519DF2848,24.0575,58.505,879.473,59
2024-04-07 22:00:17,13479,2024-04-07 21:15:00,485519DF2848,24.5774,57.3876,878.557,59
2024-04-07 22:14:46,13480,2024-04-07 21:15:04,485519DF2848,24.7663,56.5791,878.08,58
2024-04-07 22:29:43,13481,2024-04-07 21:30:04,485519DF2848,24.416,57.3801,878.48,59
2024-04-07 22:44:40,13482,2024-04-07 21:45:04,485519DF2848,24.2284,57.778,878.652,59
2024-04-07 22:59:33,13483,2024-04-07 22:00:00,485519DF2848,24.1865,57.5845,878.645,59
2024-04-07 23:14:12,13484,2024-04-07 22:15:00,485519DF2848,24.2177,57.411,878.469,58
2024-04-07 23:29:14,13485,2024-04-07 22:30:02,485519DF2848,24.2961,56.9746,878.288,60
2024-04-07 23:44:17,13486,2024-04-07 22:45:04,485519DF2848,24.2608,56.8414,878.255,60
2024-04-07 23:59:14,13487,2024-04-07 23:00:02,485519DF2848,24.2518,56.6385,878.265,59
2024-04-07 23:59:41,13488,2024-04-07 23:00:04,485519DF2848,24.205,56.575,878.305,2
2024-04-08 00:14:38,13489,2024-04-07 23:15:02,485519DF2848,24.207,56.6001,878.241,59
2024-04-08 00:29:36,13490,2024-04-07 23:30:00,485519DF2848,24.1075,56.7698,878.315,59
2024-04-08 00:44:38,13491,2024-04-07 23:45:03,485519DF2848,24.0964,56.6998,878.229,60
2024-04-08 00:45:20,13492,2024-04-08 00:00:01,485519DF2848,24.1433,56.5133,878.089,3
2024-04-08 01:00:23,13493,2024-04-08 00:15:03,485519DF2848,24.1674,56.4624,877.951,59
2024-04-08 01:15:20,13494,2024-04-08 00:30:01,485519DF2848,23.9978,56.9634,877.986,60
2024-04-08 01:30:18,13495,2024-04-08 00:45:00,485519DF2848,23.957,56.9738,877.83,59
2024-04-08 01:30:34,13496,2024-04-08 00:45:00,485519DF2848,23.91,57.18,877.79,1
2024-04-08 01:45:37,13497,2024-04-08 01:00:02,485519DF2848,23.9467,56.9803,877.654,60
2024-04-08 02:00:34,13498,2024-04-08 01:15:00,485519DF2848,23.9403,56.9731,877.503,59
2024-04-08 02:15:37,13499,2024-04-08 01:30:02,485519DF2848,23.9526,56.9959,877.379,60
2024-04-08 02:30:15,13500,2024-04-08 01:45:00,485519DF2848,24.2037,56.2496,876.944,58
2024-04-08 02:45:18,13501,2024-04-08 02:00:01,485519DF2848,24.2478,56.1923,876.735,59
2024-04-08 03:00:20,13502,2024-04-08 02:15:02,485519DF2848,24.2513,56.2544,876.524,60
2024-04-08 03:15:23,13503,2024-04-08 02:30:02,485519DF2848,24.3304,56.1468,876.394,60
2024-04-08 03:29:41,13504,2024-04-08 02:30:00,485519DF2848,24.3384,56.1192,876.251,56
2024-04-08 03:44:44,13505,2024-04-08 02:45:04,485519DF2848,24.3444,56.1921,876.179,60
2024-04-08 03:59:41,13506,2024-04-08 03:00:02,485519DF2848,24.365,56.2358,876.048,59
2024-04-08 04:14:44,13507,2024-04-08 03:15:05,485519DF2848,24.4044,56.2141,875.92,60
2024-04-08 04:29:18,13508,2024-04-08 03:30:00,485519DF2848,24.4461,56.0772,875.891,58
2024-04-08 04:44:20,13509,2024-04-08 03:45:03,485519DF2848,24.4299,56.1157,875.84,59
2024-04-08 04:59:18,13510,2024-04-08 04:00:00,485519DF2848,24.4421,55.9765,875.802,60
2024-04-08 05:14:20,13511,2024-04-08 04:15:02,485519DF2848,24.4089,56.0473,875.795,59
2024-04-08 05:29:34,13512,2024-04-08 04:30:03,485519DF2848,24.3994,56.0858,875.71,61
2024-04-08 05:44:31,13513,2024-04-08 04:45:01,485519DF2848,24.3816,56.1585,875.835,59
2024-04-08 05:59:34,13514,2024-04-08 05:00:03,485519DF2848,24.3772,56.1335,875.903,60
2024-04-08 06:14:31,13515,2024-04-08 05:15:01,485519DF2848,24.3667,56.0532,875.873,59
2024-04-08 06:15:08,13516,2024-04-08 05:15:02,485519DF2848,24.365,55.88,875.885,2
2024-04-08 06:30:06,13517,2024-04-08 05:30:00,485519DF2848,24.3509,56.0573,875.889,60
2024-04-08 06:45:08,13518,2024-04-08 05:45:03,485519DF2848,24.329,56.4162,876.106,59
2024-04-08 07:00:06,13519,2024-04-08 06:00:00,485519DF2848,24.5014,57.1824,875.915,60
2024-04-08 07:00:32,13520,2024-04-08 06:15:03,485519DF2848,24.59,57.44,875.78,1
2024-04-08 07:15:30,13521,2024-04-08 06:30:00,485519DF2848,24.5626,57.8608,875.872,60
2024-04-08 07:30:32,13522,2024-04-08 06:45:02,485519DF2848,24.5237,58.8952,875.893,59
2024-04-08 07:45:35,13523,2024-04-08 07:00:04,485519DF2848,24.562,60.4518,875.826,60
2024-04-08 08:00:24,13524,2024-04-08 07:15:00,485519DF2848,24.425,61.9367,875.984,59
2024-04-08 08:15:26,13525,2024-04-08 07:30:02,485519DF2848,24.4152,61.1474,875.997,59
2024-04-08 08:30:24,13526,2024-04-08 07:45:00,485519DF2848,24.2291,60.7121,876.375,60
2024-04-08 08:45:21,13527,2024-04-08 08:00:00,485519DF2848,24.1104,60.9347,876.58,59
2024-04-08 08:59:45,13528,2024-04-08 08:00:03,485519DF2848,24.1085,61.0826,876.585,57
2024-04-08 09:14:42,13529,2024-04-08 08:15:01,485519DF2848,24.0692,61.3233,876.664,59
2024-04-08 09:29:45,13530,2024-04-08 08:30:03,485519DF2848,24.1874,61.7819,876.62,60
2024-04-08 09:44:47,13531,2024-04-08 08:45:04,485519DF2848,24.3696,62.078,876.371,60
2024-04-08 09:59:21,13532,2024-04-08 09:00:00,485519DF2848,24.5148,62.7117,876.205,57
2024-04-08 10:14:23,13533,2024-04-08 09:15:01,485519DF2848,24.7026,63.0736,875.961,60
2024-04-08 10:29:26,13534,2024-04-08 09:30:01,485519DF2848,24.7758,63.511,875.911,60
2024-04-08 10:44:28,13535,2024-04-08 09:45:01,485519DF2848,24.8338,63.6094,875.68,59
2024-04-08 10:59:37,13536,2024-04-08 10:00:03,485519DF2848,24.5329,63.7479,876.144,60
2024-04-08 11:14:35,13537,2024-04-08 10:15:04,485519DF2848,24.1492,64.0999,876.66,60
2024-04-08 11:29:27,13538,2024-04-08 10:30:02,485519DF2848,23.9157,63.9716,876.926,59
2024-04-08 11:44:25,13539,2024-04-08 10:45:04,485519DF2848,24.099,62.7608,876.628,59
2024-04-08 11:44:52,13540,2024-04-08 10:45:00,485519DF2848,24.165,62.35,876.53,2
2024-04-08 11:59:54,13541,2024-04-08 11:00:03,485519DF2848,24.0753,62.0269,876.639,59
2024-04-08 12:14:52,13542,2024-04-08 11:15:02,485519DF2848,23.8167,62.7534,877.011,60
2024-04-08 12:29:49,13543,2024-04-08 11:30:02,485519DF2848,23.7786,63.534,877.074,59
2024-04-08 12:30:21,13544,2024-04-08 11:45:01,485519DF2848,23.795,63.96,877.04,2
2024-04-08 12:45:23,13545,2024-04-08 12:00:01,485519DF2848,24.1519,64.1473,876.501,60
2024-04-08 13:00:26,13546,2024-04-08 12:15:01,485519DF2848,24.3331,64.3792,876.137,59
2024-04-08 13:15:29,13547,2024-04-08 12:30:00,485519DF2848,24.4721,64.7152,875.92,60
2024-04-08 13:30:37,13548,2024-04-08 12:45:03,485519DF2848,24.6131,65.2686,875.725,60
2024-04-08 13:45:35,13549,2024-04-08 13:00:01,485519DF2848,24.7031,65.7418,875.586,59
2024-04-08 14:00:37,13550,2024-04-08 13:15:02,485519DF2848,24.8419,65.9461,875.399,60
2024-04-08 14:15:40,13551,2024-04-08 13:30:04,485519DF2848,24.7974,65.9394,875.417,60
2024-04-08 14:30:09,13552,2024-04-08 13:30:02,485519DF2848,24.7676,66.1994,875.365,57
2024-04-08 14:45:11,13553,2024-04-08 13:45:04,485519DF2848,24.8767,66.3001,875.048,60
2024-04-08 15:00:09,13554,2024-04-08 14:00:02,485519DF2848,24.7508,65.9672,875.236,59
2024-04-08 15:15:11,13555,2024-04-08 14:15:05,485519DF2848,24.6801,65.7688,875.268,60
2024-04-08 15:29:25,13556,2024-04-08 14:30:00,485519DF2848,24.6685,65.8821,875.21,56
2024-04-08 15:44:27,13557,2024-04-08 14:45:03,485519DF2848,24.6961,65.8734,875.131,60
2024-04-08 15:59:25,13558,2024-04-08 15:00:02,485519DF2848,24.7089,65.9321,875.113,59
2024-04-08 16:14:22,13559,2024-04-08 15:15:00,485519DF2848,24.6635,66.0204,875.214,59
2024-04-08 16:29:06,13560,2024-04-08 15:30:00,485519DF2848,24.6884,66.1711,875.179,59
2024-04-08 16:44:08,13561,2024-04-08 15:45:03,485519DF2848,24.6606,65.8615,875.223,59
2024-04-08 16:59:06,13562,2024-04-08 16:00:02,485519DF2848,24.5322,67.9917,875.427,60
2024-04-08 17:14:03,13563,2024-04-08 16:15:02,485519DF2848,24.5304,72.9289,875.476,59
2024-04-08 17:14:40,13564,2024-04-08 16:15:04,485519DF2848,24.62,73.45,875.35,2
2024-04-08 17:29:38,13565,2024-04-08 16:30:01,485519DF2848,24.7454,73.1984,875.216,60
2024-04-08 17:44:40,13566,2024-04-08 16:45:03,485519DF2848,24.8328,72.5596,875.157,59
2024-04-08 17:59:38,13567,2024-04-08 17:00:00,485519DF2848,24.7687,72.0831,875.308,60
2024-04-08 18:00:30,13568,2024-04-08 17:15:00,485519DF2848,24.64,72.1333,875.546,3
2024-04-08 18:15:32,13569,2024-04-08 17:30:03,485519DF2848,24.9334,70.6362,875.091,60
2024-04-08 18:30:30,13570,2024-04-08 17:45:00,485519DF2848,25.2231,68.8229,874.646,59
2024-04-08 18:45:32,13571,2024-04-08 18:00:02,485519DF2848,25.1592,67.6256,874.846,60
2024-04-08 18:45:54,13572,2024-04-08 18:00:04,485519DF2848,25.15,66.99,874.95,1
2024-04-08 19:00:51,13573,2024-04-08 18:15:02,485519DF2848,25.0686,66.0591,875.035,59
2024-04-08 19:15:49,13574,2024-04-08 18:30:00,485519DF2848,24.9564,64.5352,875.3,60
2024-04-08 19:30:51,13575,2024-04-08 18:45:04,485519DF2848,24.864,63.0907,875.552,59
2024-04-08 19:45:15,13576,2024-04-08 19:00:01,485519DF2848,24.758,62.0049,875.79,57
2024-04-08 20:00:12,13577,2024-04-08 19:15:00,485519DF2848,24.6621,61.1241,876.122,60
2024-04-08 20:15:15,13578,2024-04-08 19:30:04,485519DF2848,24.5433,60.4859,876.575,59
2024-04-08 20:30:12,13579,2024-04-08 19:45:04,485519DF2848,24.4382,59.8405,876.897,60
2024-04-08 20:44:16,13580,2024-04-08 19:45:01,485519DF2848,24.3408,59.5156,877.084,55
2024-04-08 20:59:13,13581,2024-04-08 20:00:00,485519DF2848,24.2328,59.2465,877.348,60
2024-04-08 21:14:16,13582,2024-04-08 20:15:04,485519DF2848,24.1643,59.0272,877.55,59
2024-04-08 21:29:13,13583,2024-04-08 20:30:04,485519DF2848,24.1075,58.7923,877.751,60
2024-04-08 21:43:57,13584,2024-04-08 20:45:01,485519DF2848,24.1092,58.4298,877.829,58
2024-04-08 21:58:59,13585,2024-04-08 21:00:04,485519DF2848,24.0278,58.1193,877.969,60
2024-04-08 22:13:57,13586,2024-04-08 21:15:02,485519DF2848,23.9933,58.1543,878.086,59
2024-04-08 22:28:54,13587,2024-04-08 21:30:00,485519DF2848,23.9457,58.303,878.25,59
2024-04-08 22:29:36,13588,2024-04-08 21:30:00,485519DF2848,23.9333,58.3033,878.313,3
2024-04-08 22:44:39,13589,2024-04-08 21:45:02,485519DF2848,23.9726,58.0456,878.26,60
2024-04-08 22:59:36,13590,2024-04-08 22:00:00,485519DF2848,23.935,57.7551,878.324,59
2024-04-08 23:14:39,13591,2024-04-08 22:15:02,485519DF2848,24.086,56.8403,878.141,60
2024-04-08 23:15:41,13592,2024-04-08 22:30:01,485519DF2848,24.1325,56.4175,878.142,4
2024-04-08 23:30:43,13593,2024-04-08 22:45:04,485519DF2848,24.1236,56.4053,878.18,59
2024-04-08 23:45:41,13594,2024-04-08 23:00:02,485519DF2848,24.2026,55.9124,878.131,60
2024-04-09 00:00:38,13595,2024-04-08 23:15:00,485519DF2848,24.1711,55.8401,878.23,59
2024-04-09 00:00:55,13596,2024-04-08 23:15:00,485519DF2848,24.13,57.98,878.29,1
2024-04-09 00:15:57,13597,2024-04-08 23:30:04,485519DF2848,23.5916,63.2264,879.085,60
2024-04-09 00:30:50,13598,2024-04-08 23:45:01,485519DF2848,23.0553,69.4987,879.783,59
2024-04-09 00:45:42,13599,2024-04-09 00:00:00,485519DF2848,22.8784,70.9772,880.018,59
2024-04-09 01:00:00,13600,2024-04-09 00:15:01,485519DF2848,23.0977,69.408,879.658,56
2024-04-09 01:15:03,13601,2024-04-09 00:30:02,485519DF2848,23.0656,70.7404,879.548,60
2024-04-09 01:30:00,13602,2024-04-09 00:45:00,485519DF2848,22.8118,72.815,879.79,59
2024-04-09 01:45:03,13603,2024-04-09 01:00:03,485519DF2848,22.7426,72.8243,879.834,60
2024-04-09 01:59:16,13604,2024-04-09 01:00:00,485519DF2848,23.0292,71.406,879.314,56
2024-04-09 02:14:19,13605,2024-04-09 01:15:01,485519DF2848,23.0641,72.1813,879.162,60
2024-04-09 02:29:22,13606,2024-04-09 01:30:02,485519DF2848,23.0077,72.8372,879.304,60
2024-04-09 02:44:24,13607,2024-04-09 01:45:04,485519DF2848,22.9675,73.0704,879.335,59
2024-04-09 02:59:18,13608,2024-04-09 02:00:03,485519DF2848,23.0636,71.8689,879.156,59
2024-04-09 03:14:20,13609,2024-04-09 02:15:05,485519DF2848,23.3672,70.1791,878.75,60
2024-04-09 03:29:18,13610,2024-04-09 02:30:00,485519DF2848,23.6245,68.5534,878.375,59
2024-04-09 03:44:25,13611,2024-04-09 02:45:04,485519DF2848,23.7962,67.4746,878.088,60
2024-04-09 03:44:57,13612,2024-04-09 02:45:01,485519DF2848,23.835,67.165,878.01,2
2024-04-09 04:00:00,13613,2024-04-09 03:00:04,485519DF2848,23.8917,66.6738,877.967,60
2024-04-09 04:14:57,13614,2024-04-09 03:15:01,485519DF2848,24.0075,65.953,877.82,59
2024-04-09 04:30:00,13615,2024-04-09 03:30:02,485519DF2848,24.1521,64.9317,877.676,60
2024-04-09 04:30:31,13616,2024-04-09 03:45:02,485519DF2848,24.17,64.435,877.65,2
2024-04-09 04:45:29,13617,2024-04-09 04:00:00,485519DF2848,24.173,64.2722,877.692,59
2024-04-09 05:00:31,13618,2024-04-09 04:15:03,485519DF2848,24.1996,63.5874,877.704,60
2024-04-09 05:15:29,13619,2024-04-09 04:30:01,485519DF2848,24.1923,63.0271,877.82,59
2024-04-09 05:30:28,13620,2024-04-09 04:45:04,485519DF2848,24.1974,62.4839,877.991,60
2024-04-09 05:45:25,13621,2024-04-09 05:00:02,485519DF2848,24.2001,61.9762,878.231,59
2024-04-09 06:00:23,13622,2024-04-09 05:15:00,485519DF2848,24.1558,61.6397,878.489,59
2024-04-09 06:15:25,13623,2024-04-09 05:30:03,485519DF2848,24.1441,61.3633,878.589,60
2024-04-09 06:29:54,13624,2024-04-09 05:30:02,485519DF2848,24.1954,61.0737,878.598,57
2024-04-09 06:44:56,13625,2024-04-09 05:45:02,485519DF2848,24.4627,61.2271,878.493,60
2024-04-09 06:59:59,13626,2024-04-09 06:00:01,485519DF2848,24.8316,61.7771,878.286,60
2024-04-09 07:15:06,13627,2024-04-09 06:15:02,485519DF2848,24.9074,61.9346,878.434,60
2024-04-09 07:29:40,13628,2024-04-09 06:30:04,485519DF2848,24.771,62.9052,878.725,57
2024-04-09 07:44:37,13629,2024-04-09 06:45:00,485519DF2848,24.8235,63.7593,878.864,60
2024-04-09 07:59:40,13630,2024-04-09 07:00:03,485519DF2848,24.6311,64.7119,879.255,59
2024-04-09 08:14:37,13631,2024-04-09 07:15:01,485519DF2848,24.5204,64.304,879.509,60
2024-04-09 08:29:26,13632,2024-04-09 07:30:01,485519DF2848,24.3477,63.6551,879.887,58
2024-04-09 08:44:24,13633,2024-04-09 07:45:01,485519DF2848,24.1587,63.6044,880.252,60
2024-04-09 08:59:21,13634,2024-04-09 08:00:00,485519DF2848,24.2184,63.4964,880.384,59
2024-04-09 09:14:24,13635,2024-04-09 08:15:04,485519DF2848,24.3222,63.4551,880.389,60
2024-04-09 09:14:45,13636,2024-04-09 08:15:04,485519DF2848,24.33,63.78,880.47,1
2024-04-09 09:29:43,13637,2024-04-09 08:30:02,485519DF2848,24.2982,63.9329,880.595,59
2024-04-09 09:44:40,13638,2024-04-09 08:45:00,485519DF2848,24.4059,64.3485,880.579,60
2024-04-09 09:59:43,13639,2024-04-09 09:00:02,485519DF2848,24.5113,64.7301,880.667,59
2024-04-09 10:00:14,13640,2024-04-09 09:15:00,485519DF2848,24.59,64.83,880.73,2
2024-04-09 10:15:17,13641,2024-04-09 09:30:02,485519DF2848,24.6852,65.1181,880.553,60
2024-04-09 10:30:20,13642,2024-04-09 09:45:04,485519DF2848,24.7179,65.8534,880.594,60
2024-04-09 10:45:17,13643,2024-04-09 10:00:01,485519DF2848,24.8207,66.1389,880.558,59
2024-04-09 10:45:34,13644,2024-04-09 10:00:04,485519DF2848,24.88,67.37,880.52,1
2024-04-09 11:00:31,13645,2024-04-09 10:15:02,485519DF2848,24.8286,66.8846,880.643,59
2024-04-09 11:15:29,13646,2024-04-09 10:30:00,485519DF2848,24.9202,67.4723,880.587,60
2024-04-09 11:30:31,13647,2024-04-09 10:45:02,485519DF2848,24.9906,68.1257,880.492,59
2024-04-09 11:45:10,13648,2024-04-09 11:00:01,485519DF2848,25.0508,68.4239,880.396,58
2024-04-09 12:00:12,13649,2024-04-09 11:15:03,485519DF2848,25.1659,68.9763,880.326,60
2024-04-09 12:15:10,13650,2024-04-09 11:30:00,485519DF2848,25.1238,69.377,880.439,59
2024-04-09 12:30:12,13651,2024-04-09 11:45:02,485519DF2848,25.2562,69.994,880.345,60
2024-04-09 12:44:36,13652,2024-04-09 11:45:01,485519DF2848,25.3427,69.7564,880.283,57
2024-04-09 12:59:39,13653,2024-04-09 12:00:04,485519DF2848,25.3894,69.7848,880.152,60
2024-04-09 13:14:36,13654,2024-04-09 12:15:02,485519DF2848,25.4121,70.0976,880.063,59
2024-04-09 13:29:34,13655,2024-04-09 12:30:00,485519DF2848,25.4508,70.5971,879.983,59
2024-04-09 13:44:17,13656,2024-04-09 12:45:01,485519DF2848,25.5065,70.575,879.847,59
2024-04-09 13:59:20,13657,2024-04-09 13:00:03,485519DF2848,25.4823,70.3879,879.898,59
2024-04-09 14:14:17,13658,2024-04-09 13:15:01,485519DF2848,25.5122,70.7222,879.773,60
2024-04-09 14:29:20,13659,2024-04-09 13:30:03,485519DF2848,25.4713,70.8955,879.771,59
2024-04-09 14:29:42,13660,2024-04-09 13:30:00,485519DF2848,25.525,71.4,879.675,2
2024-04-09 14:44:44,13661,2024-04-09 13:45:03,485519DF2848,25.3506,70.9357,879.904,59
2024-04-09 14:59:42,13662,2024-04-09 14:00:03,485519DF2848,25.2934,71.0841,879.912,60
2024-04-09 15:14:39,13663,2024-04-09 14:15:02,485519DF2848,25.2738,71.3504,879.906,59
2024-04-09 15:15:16,13664,2024-04-09 14:30:02,485519DF2848,25.325,70.66,879.855,2
2024-04-09 15:30:13,13665,2024-04-09 14:45:00,485519DF2848,25.2782,70.8507,879.883,60
2024-04-09 15:45:16,13666,2024-04-09 15:00:04,485519DF2848,25.1792,70.7978,880.004,59
2024-04-09 16:00:13,13667,2024-04-09 15:15:02,485519DF2848,25.1537,70.8144,879.99,60
2024-04-09 16:00:30,13668,2024-04-09 15:15:01,485519DF2848,25.15,70.61,879.99,1
2024-04-09 16:15:32,13669,2024-04-09 15:30:04,485519DF2848,25.1219,70.338,880.094,59
2024-04-09 16:30:30,13670,2024-04-09 15:45:02,485519DF2848,24.9447,70.2404,880.448,60
2024-04-09 16:45:28,13671,2024-04-09 16:00:01,485519DF2848,24.8625,69.8654,880.556,59
2024-04-09 17:00:11,13672,2024-04-09 16:15:03,485519DF2848,24.7004,69.3563,880.848,58
2024-04-09 17:15:09,13673,2024-04-09 16:30:02,485519DF2848,24.6552,68.9107,880.897,60
2024-04-09 17:30:06,13674,2024-04-09 16:45:01,485519DF2848,24.4877,68.5293,881.157,59
2024-04-09 17:45:04,13675,2024-04-09 17:00:01,485519DF2848,24.3597,68.5767,881.407,59
2024-04-09 17:59:32,13676,2024-04-09 17:00:03,485519DF2848,24.0675,70.9086,881.985,58
2024-04-09 18:14:25,13677,2024-04-09 17:15:00,485519DF2848,24.2982,72.9357,881.756,59
2024-04-09 18:29:27,13678,2024-04-09 17:30:03,485519DF2848,24.9477,70.3098,880.897,59
2024-04-09 18:44:25,13679,2024-04-09 17:45:00,485519DF2848,25.0907,68.9206,880.776,60
2024-04-09 18:59:19,13680,2024-04-09 18:00:02,485519DF2848,25.0198,68.0644,880.975,59
2024-04-09 19:14:16,13681,2024-04-09 18:15:00,485519DF2848,24.8553,67.3542,881.404,59
2024-04-09 19:29:13,13682,2024-04-09 18:30:00,485519DF2848,24.6873,66.5791,881.843,59
2024-04-09 19:44:11,13683,2024-04-09 18:45:01,485519DF2848,24.5614,65.7491,882.263,60
2024-04-09 19:44:43,13684,2024-04-09 18:45:01,485519DF2848,24.48,65.58,882.49,2
2024-04-09 19:59:45,13685,2024-04-09 19:00:04,485519DF2848,24.447,65.0711,882.622,59
2024-04-09 20:14:43,13686,2024-04-09 19:15:02,485519DF2848,24.3632,64.4011,882.949,60
2024-04-09 20:29:40,13687,2024-04-09 19:30:01,485519DF2848,24.2977,63.8367,883.331,59
2024-04-09 20:30:27,13688,2024-04-09 19:45:03,485519DF2848,24.2867,63.5166,883.483,3
2024-04-09 20:45:24,13689,2024-04-09 20:00:01,485519DF2848,24.2652,63.2974,883.713,59
2024-04-09 21:00:22,13690,2024-04-09 20:15:00,485519DF2848,24.1744,62.9321,884.046,60
2024-04-09 21:15:24,13691,2024-04-09 20:30:04,485519DF2848,24.1596,62.5145,884.204,59
2024-04-09 21:15:41,13692,2024-04-09 20:30:02,485519DF2848,24.13,62.18,884.26,1
2024-04-09 21:30:39,13693,2024-04-09 20:45:00,485519DF2848,24.148,62.0251,884.332,60
2024-04-09 21:45:41,13694,2024-04-09 21:00:03,485519DF2848,24.1548,61.5808,884.357,59
2024-04-09 22:00:39,13695,2024-04-09 21:15:01,485519DF2848,24.1501,61.1696,884.335,60
2024-04-09 22:15:12,13696,2024-04-09 21:30:04,485519DF2848,24.172,60.8142,884.264,57
2024-04-09 22:30:10,13697,2024-04-09 21:45:02,485519DF2848,24.1524,60.5161,884.207,60
2024-04-09 22:45:07,13698,2024-04-09 22:00:01,485519DF2848,24.1443,60.3665,884.149,59
2024-04-09 23:00:05,13699,2024-04-09 22:15:00,485519DF2848,24.1684,60.1093,884.075,59
2024-04-09 23:14:23,13700,2024-04-09 22:15:02,485519DF2848,24.176,59.8215,884.017,57
2024-04-09 23:29:21,13701,2024-04-09 22:30:00,485519DF2848,24.1943,59.6483,883.965,59
2024-04-09 23:44:23,13702,2024-04-09 22:45:02,485519DF2848,24.1906,59.5197,883.963,60
2024-04-09 23:59:21,13703,2024-04-09 23:00:00,485519DF2848,24.1979,59.3515,883.954,59
2024-04-10 00:14:14,13704,2024-04-09 23:15:04,485519DF2848,24.2045,59.2247,883.973,59
2024-04-10 00:29:12,13705,2024-04-09 23:30:01,485519DF2848,24.2256,59.0778,883.865,60
2024-04-10 00:44:14,13706,2024-04-09 23:45:04,485519DF2848,24.2162,59.0362,883.824,59
2024-04-10 00:59:12,13707,2024-04-10 00:00:01,485519DF2848,24.2169,58.9833,883.854,60
2024-04-10 00:59:49,13708,2024-04-10 00:00:02,485519DF2848,24.235,59.0,883.815,2
2024-04-10 01:14:46,13709,2024-04-10 00:15:00,485519DF2848,24.2007,58.9347,883.877,59
2024-04-10 01:29:49,13710,2024-04-10 00:30:02,485519DF2848,24.2171,58.7737,883.802,60
2024-04-10 01:44:46,13711,2024-04-10 00:45:00,485519DF2848,24.2172,58.6321,883.767,59
2024-04-10 01:45:33,13712,2024-04-10 01:00:04,485519DF2848,24.22,58.4733,883.7,3
2024-04-10 02:00:30,13713,2024-04-10 01:15:02,485519DF2848,24.1679,58.6228,883.866,60
2024-04-10 02:15:28,13714,2024-04-10 01:30:00,485519DF2848,24.136,58.5291,883.946,59
2024-04-10 02:30:30,13715,2024-04-10 01:45:03,485519DF2848,24.1981,58.1716,883.919,60
2024-04-10 02:45:39,13716,2024-04-10 02:00:00,485519DF2848,24.2031,57.9284,883.969,60
2024-04-10 03:00:42,13717,2024-04-10 02:15:03,485519DF2848,24.2452,57.6357,883.892,59
2024-04-10 03:15:40,13718,2024-04-10 02:30:01,485519DF2848,24.2229,57.4909,883.912,60
2024-04-10 03:30:42,13719,2024-04-10 02:45:04,485519DF2848,24.2138,57.3903,883.897,59
2024-04-10 03:45:11,13720,2024-04-10 02:45:04,485519DF2848,24.2289,57.1582,883.852,58
2024-04-10 04:00:08,13721,2024-04-10 03:00:01,485519DF2848,24.2408,57.0179,883.81,59
2024-04-10 04:15:11,13722,2024-04-10 03:15:03,485519DF2848,24.2821,56.7709,883.67,60
2024-04-10 04:30:13,13723,2024-04-10 03:30:04,485519DF2848,24.2877,56.6017,883.568,59
2024-04-10 04:44:27,13724,2024-04-10 03:45:01,485519DF2848,24.2629,56.5526,883.574,57
2024-04-10 04:59:29,13725,2024-04-10 04:00:04,485519DF2848,24.2897,56.4695,883.531,59
2024-04-10 05:14:27,13726,2024-04-10 04:15:01,485519DF2848,24.2768,56.4028,883.61,60
2024-04-10 05:29:29,13727,2024-04-10 04:30:04,485519DF2848,24.2369,56.582,883.743,59
2024-04-10 05:44:13,13728,2024-04-10 04:45:02,485519DF2848,24.2782,56.5742,883.794,59
2024-04-10 05:59:16,13729,2024-04-10 05:00:04,485519DF2848,24.3412,56.4425,883.786,59
2024-04-10 06:14:13,13730,2024-04-10 05:15:01,485519DF2848,24.3634,56.3511,883.877,60
2024-04-10 06:29:15,13731,2024-04-10 05:30:03,485519DF2848,24.406,56.6937,883.906,59
2024-04-10 06:29:42,13732,2024-04-10 05:30:01,485519DF2848,24.535,57.055,883.835,2
2024-04-10 06:44:45,13733,2024-04-10 05:45:02,485519DF2848,24.7159,57.4759,883.576,60
2024-04-10 06:59:47,13734,2024-04-10 06:00:02,485519DF2848,25.0195,58.6805,883.283,59
2024-04-10 07:14:55,13735,2024-04-10 06:15:04,485519DF2848,25.0191,58.8747,883.385,60
2024-04-10 07:15:37,13736,2024-04-10 06:30:02,485519DF2848,24.8333,59.92,883.713,3
2024-04-10 07:30:34,13737,2024-04-10 06:45:00,485519DF2848,24.9757,59.6917,883.571,59
2024-04-10 07:45:37,13738,2024-04-10 07:00:01,485519DF2848,25.0707,53.5955,883.524,60
2024-04-10 08:00:34,13739,2024-04-10 07:15:02,485519DF2848,24.0853,53.6893,885.032,59
2024-04-10 08:15:33,13740,2024-04-10 07:30:00,485519DF2848,22.9408,57.4943,886.74,60
2024-04-10 08:30:31,13741,2024-04-10 07:45:00,485519DF2848,22.6275,58.466,887.239,59
2024-04-10 08:45:28,13742,2024-04-10 08:00:01,485519DF2848,22.5506,58.5208,887.428,59
2024-04-10 09:00:25,13743,2024-04-10 08:15:01,485519DF2848,22.5824,58.4171,887.469,60
