2023-03-01 10:31:02,2,2023-11-29 10:30:02,48E72953672E,23.3952,73.9012,882.379,64
2023-03-01 10:47:15,3,2023-11-29 10:45:03,48E72953672E,24.3779,69.3198,880.855,64
2023-03-01 10:59:58,4,2023-11-29 11:00:03,48E72953672E,24.6138,69.4735,880.436,51
2023-03-01 11:15:01,5,2023-11-29 11:15:04,48E72953672E,24.7792,69.6907,880.051,59
2023-03-01 11:30:03,6,2023-11-29 11:30:04,48E72953672E,24.9041,69.7931,879.6,60
2023-03-01 11:45:06,7,2023-11-29 11:45:04,48E72953672E,24.9773,70.4794,879.256,60
2023-03-01 11:59:54,8,2023-11-29 12:00:01,48E72953672E,25.0738,70.8413,878.816,58
2023-03-01 12:14:57,9,2023-11-29 12:15:04,48E72953672E,25.1247,70.9839,878.409,60
2023-03-01 12:29:54,10,2023-11-29 12:30:02,48E72953672E,25.1568,71.6409,877.972,59
2023-03-01 12:44:52,11,2023-11-29 12:45:01,48E72953672E,25.2171,73.0629,877.591,60
2023-03-01 12:59:56,12,2023-11-29 13:00:01,48E72953672E,25.2796,72.9745,877.209,59
2023-03-01 13:14:58,13,2023-11-29 13:15:04,48E72953672E,25.2576,72.0779,877.082,60
2023-03-01 13:29:56,14,2023-11-29 13:30:02,48E72953672E,25.1062,71.5479,877.018,59
2023-03-01 13:44:53,15,2023-11-29 13:45:01,48E72953672E,25.0201,72.1087,876.887,60
2023-03-01 13:59:57,16,2023-11-29 14:00:03,48E72953672E,24.9659,72.2867,876.857,59
2023-03-01 14:14:55,17,2023-11-29 14:15:02,48E72953672E,24.907,72.0602,876.743,60
2023-03-01 14:29:52,18,2023-11-29 14:30:02,48E72953672E,24.8136,72.1876,876.523,59
2023-03-01 14:44:50,19,2023-11-29 14:45:02,48E72953672E,24.785,71.957,876.344,59
2023-03-01 14:59:59,20,2023-11-29 15:00:04,48E72953672E,24.7246,71.6621,876.286,60
2023-03-01 15:14:56,21,2023-11-29 15:15:01,48E72953672E,24.5897,71.1664,876.348,60
2023-03-01 15:29:54,22,2023-11-29 15:30:00,48E72953672E,24.4133,71.2662,876.574,59
2023-03-01 15:44:51,23,2023-11-29 15:45:00,48E72953672E,24.1806,70.9991,876.845,59
2023-03-01 15:59:55,24,2023-11-29 16:00:01,48E72953672E,23.9317,71.474,877.213,60
2023-03-01 16:14:52,25,2023-11-29 16:15:00,48E72953672E,23.706,71.793,877.521,59
2023-03-01 16:29:55,26,2023-11-29 16:30:05,48E72953672E,23.6961,75.0749,877.492,60
2023-03-01 16:44:52,27,2023-11-29 16:45:02,48E72953672E,23.9403,74.0355,877.172,59
2023-03-01 16:59:56,28,2023-11-29 17:00:01,48E72953672E,24.1309,71.687,876.945,60
2023-03-01 17:14:59,29,2023-11-29 17:15:03,48E72953672E,23.9426,72.2285,877.227,60
2023-03-01 17:29:56,30,2023-11-29 17:30:02,48E72953672E,23.6682,72.1821,877.62,59
2023-03-01 17:44:54,31,2023-11-29 17:45:03,48E72953672E,23.4592,71.8067,877.982,59
2023-03-01 17:59:58,32,2023-11-29 18:00:05,48E72953672E,23.2616,70.8877,878.357,60
2023-03-01 18:14:50,33,2023-11-29 18:15:00,48E72953672E,22.9877,69.4424,878.88,59
2023-03-01 18:29:48,34,2023-11-29 18:30:03,48E72953672E,22.7503,69.0409,879.395,59
2023-03-01 18:44:40,35,2023-11-29 18:45:00,48E72953672E,22.8055,68.0918,879.397,59
2023-03-01 18:44:57,36,2023-11-29 18:45:02,48E72953672E,22.81,67.17,879.5,1
2023-03-01 18:59:59,37,2023-11-29 19:00:03,48E72953672E,22.8347,67.2245,879.443,60
2023-03-01 19:15:02,38,2023-11-29 19:15:04,48E72953672E,22.9436,65.9135,879.242,60
2023-03-01 19:30:04,39,2023-11-29 19:30:03,48E72953672E,23.3904,64.8033,878.536,59
2023-03-01 19:44:58,40,2023-11-29 19:45:03,48E72953672E,23.6949,64.0479,878.14,59
2023-03-01 19:59:56,41,2023-11-29 20:00:00,48E72953672E,23.7414,64.0428,878.076,60
2023-03-01 20:14:58,42,2023-11-29 20:15:02,48E72953672E,23.7701,63.5969,878.007,59
2023-03-01 20:30:01,43,2023-11-29 20:30:04,48E72953672E,23.758,63.1408,878.047,60
2023-03-01 20:44:59,44,2023-11-29 20:45:04,48E72953672E,23.7188,62.9104,878.073,59
2023-03-01 20:59:57,45,2023-11-29 21:00:01,48E72953672E,23.6871,62.4916,878.143,60
2023-03-01 21:15:00,46,2023-11-29 21:15:04,48E72953672E,23.6446,62.4181,878.345,59
2023-03-01 21:29:57,47,2023-11-29 21:30:02,48E72953672E,23.6092,62.3362,878.528,60
2023-03-01 21:44:56,48,2023-11-29 21:45:01,48E72953672E,23.5992,62.3808,878.58,59
2023-03-01 21:59:58,49,2023-11-29 22:00:03,48E72953672E,23.5716,62.2142,878.672,60
2023-03-01 22:14:56,50,2023-11-29 22:15:00,48E72953672E,23.5365,61.9869,878.769,59
2023-03-01 22:29:58,51,2023-11-29 22:30:02,48E72953672E,23.5612,61.7201,878.753,60
2023-03-01 22:44:57,52,2023-11-29 22:45:03,48E72953672E,23.6648,61.5435,878.62,59
2023-03-01 22:59:54,53,2023-11-29 23:00:01,48E72953672E,23.731,61.4091,878.525,59
2023-03-01 23:14:57,54,2023-11-29 23:15:03,48E72953672E,23.785,61.1984,878.424,60
2023-03-01 23:29:55,55,2023-11-29 23:30:01,48E72953672E,23.8197,61.1564,878.37,59
2023-03-01 23:44:54,56,2023-11-29 23:45:00,48E72953672E,23.8375,60.9109,878.245,60
2023-03-01 23:59:56,57,2023-11-30 00:00:03,48E72953672E,23.8497,60.8909,878.114,59
2023-03-02 00:14:54,58,2023-11-30 00:15:02,48E72953672E,23.6908,64.0818,878.296,60
2023-03-02 00:29:46,59,2023-11-30 00:30:02,48E72953672E,22.7724,74.2709,879.589,59
2023-03-02 00:44:55,60,2023-11-30 00:45:03,48E72953672E,21.9324,80.0938,880.708,60
2023-03-02 00:59:52,61,2023-11-30 01:00:04,48E72953672E,21.8543,80.3536,880.727,59
2023-03-02 01:14:45,62,2023-11-30 01:15:00,48E72953672E,21.9693,79.883,880.452,59
2023-03-02 01:29:42,63,2023-11-30 01:30:01,48E72953672E,21.9341,81.0879,880.582,59
2023-03-02 01:29:59,64,2023-11-30 01:30:04,48E72953672E,21.87,81.91,880.66,1
2023-03-02 01:44:56,65,2023-11-30 01:45:03,48E72953672E,21.7698,82.5057,880.786,60
2023-03-02 01:59:54,66,2023-11-30 02:00:02,48E72953672E,21.7564,82.1278,880.823,59
2023-03-02 02:14:56,67,2023-11-30 02:15:04,48E72953672E,21.8664,81.4104,880.7,60
2023-03-02 02:29:55,68,2023-11-30 02:30:01,48E72953672E,21.8132,82.59,880.78,59
2023-03-02 02:44:53,69,2023-11-30 02:45:00,48E72953672E,21.7792,82.7754,880.908,59
2023-03-02 02:59:55,70,2023-11-30 03:00:04,48E72953672E,21.7897,82.4484,880.971,60
2023-03-02 03:14:53,71,2023-11-30 03:15:02,48E72953672E,21.9111,81.3475,880.805,59
2023-03-02 03:29:57,72,2023-11-30 03:30:01,48E72953672E,22.1573,79.6232,880.43,60
2023-03-02 03:44:59,73,2023-11-30 03:45:00,48E72953672E,22.3937,78.0983,880.067,60
2023-03-02 04:00:07,74,2023-11-30 04:00:01,48E72953672E,22.6272,76.5276,879.727,60
2023-03-02 04:15:14,75,2023-11-30 04:15:01,48E72953672E,22.8189,74.8079,879.483,60
2023-03-02 04:29:58,76,2023-11-30 04:30:03,48E72953672E,22.9608,73.6747,879.35,58
2023-03-02 04:45:00,77,2023-11-30 04:45:04,48E72953672E,23.0897,72.4725,879.257,60
2023-03-02 04:59:58,78,2023-11-30 05:00:00,48E72953672E,23.165,71.6861,879.153,59
2023-03-02 05:15:00,79,2023-11-30 05:15:00,48E72953672E,23.2495,71.1434,879.036,60
2023-03-02 05:29:59,80,2023-11-30 05:30:04,48E72953672E,23.3236,70.3911,879.051,59
2023-03-02 05:44:57,81,2023-11-30 05:45:00,48E72953672E,23.3846,69.5194,879.094,59
2023-03-02 05:59:59,82,2023-11-30 06:00:01,48E72953672E,23.4549,68.7292,879.115,60
2023-03-02 06:15:02,83,2023-11-30 06:15:02,48E72953672E,23.4779,68.4717,879.23,60
2023-03-02 06:29:56,84,2023-11-30 06:30:02,48E72953672E,23.5145,68.0641,879.417,59
2023-03-02 06:44:53,85,2023-11-30 06:45:00,48E72953672E,23.5802,67.3467,879.537,59
2023-03-02 06:59:56,86,2023-11-30 07:00:03,48E72953672E,23.5975,67.073,879.638,60
2023-03-02 07:14:53,87,2023-11-30 07:15:01,48E72953672E,23.6258,66.5543,879.689,59
2023-03-02 07:30:00,88,2023-11-30 07:30:03,48E72953672E,23.6536,66.372,879.826,60
2023-03-02 07:44:57,89,2023-11-30 07:45:00,48E72953672E,23.7125,66.3304,879.776,59
2023-03-02 08:00:00,90,2023-11-30 08:00:01,48E72953672E,23.7496,66.3349,879.803,60
2023-03-02 08:15:03,91,2023-11-30 08:15:03,48E72953672E,23.5979,64.9393,880.155,59
2023-03-02 08:29:56,92,2023-11-30 08:30:03,48E72953672E,22.9986,66.0066,881.239,59
2023-03-02 08:44:54,93,2023-11-30 08:45:04,48E72953672E,22.6291,67.1119,881.985,60
2023-03-02 08:59:46,94,2023-11-30 09:00:02,48E72953672E,22.2723,66.786,882.729,59
2023-03-02 09:14:39,95,2023-11-30 09:15:01,48E72953672E,22.0741,66.7164,883.15,59
2023-03-02 09:14:55,96,2023-11-30 09:15:01,48E72953672E,21.98,66.58,883.25,1
2023-03-02 09:29:58,97,2023-11-30 09:30:03,48E72953672E,22.0098,68.044,883.312,59
2023-03-02 09:45:00,98,2023-11-30 09:45:03,48E72953672E,22.5132,65.3062,882.762,60
2023-03-02 10:00:03,99,2023-11-30 10:00:01,48E72953672E,22.8909,67.0501,882.287,60
2023-03-02 10:14:57,100,2023-11-30 10:15:02,48E72953672E,22.7628,69.0902,882.477,59
2023-03-02 10:29:59,101,2023-11-30 10:30:04,48E72953672E,22.934,69.7811,882.349,59
2023-03-02 10:45:02,102,2023-11-30 10:45:04,48E72953672E,23.2791,66.8982,881.718,60
2023-03-02 11:00:04,103,2023-11-30 11:00:04,48E72953672E,23.3152,67.5256,881.426,60
2023-03-02 11:14:58,104,2023-11-30 11:15:02,48E72953672E,23.5748,64.7738,881.119,59
2023-03-02 11:30:01,105,2023-11-30 11:30:04,48E72953672E,23.5919,65.1887,881.025,59
2023-03-02 11:44:58,106,2023-11-30 11:45:00,48E72953672E,23.5497,66.2504,880.851,60
2023-03-02 12:00:01,107,2023-11-30 12:00:02,48E72953672E,23.5587,67.2342,880.827,59
2023-03-02 12:14:54,108,2023-11-30 12:15:01,48E72953672E,23.7567,66.2487,880.416,59
2023-03-02 12:29:57,109,2023-11-30 12:30:04,48E72953672E,23.8451,64.5474,880.201,60
2023-03-02 12:44:54,110,2023-11-30 12:45:03,48E72953672E,23.515,65.3984,880.619,59
2023-03-02 12:59:47,111,2023-11-30 13:00:01,48E72953672E,22.9036,67.7932,881.521,59
2023-03-02 13:14:56,112,2023-11-30 13:15:03,48E72953672E,22.5741,67.7287,881.946,60
2023-03-02 13:29:53,113,2023-11-30 13:30:03,48E72953672E,22.3972,67.6118,882.068,60
2023-03-02 13:44:51,114,2023-11-30 13:45:05,48E72953672E,22.2413,67.5307,882.022,59
2023-03-02 13:59:43,115,2023-11-30 14:00:01,48E72953672E,22.2162,67.5074,881.887,59
2023-03-02 14:14:57,116,2023-11-30 14:15:02,48E72953672E,22.1687,67.6221,881.799,60
2023-03-02 14:30:00,117,2023-11-30 14:30:04,48E72953672E,22.123,67.4669,881.839,60
2023-03-02 14:44:57,118,2023-11-30 14:45:02,48E72953672E,22.0873,67.743,881.896,59
2023-03-02 15:00:00,119,2023-11-30 15:00:04,48E72953672E,22.0104,67.7763,882.05,60
2023-03-02 15:14:59,120,2023-11-30 15:15:04,48E72953672E,21.9355,67.3135,882.091,59
2023-03-02 15:29:56,121,2023-11-30 15:30:02,48E72953672E,21.8331,67.0261,882.224,60
2023-03-02 15:44:54,122,2023-11-30 15:45:01,48E72953672E,21.8338,66.7558,882.349,59
2023-03-02 15:59:56,123,2023-11-30 16:00:01,48E72953672E,22.5219,69.9246,881.337,60
2023-03-02 16:15:00,124,2023-11-30 16:15:03,48E72953672E,23.2509,69.3755,880.175,59
2023-03-02 16:30:03,125,2023-11-30 16:30:02,48E72953672E,23.6549,67.7962,879.594,60
2023-03-02 16:45:10,126,2023-11-30 16:45:04,48E72953672E,23.9031,66.6685,879.249,60
2023-03-02 17:00:18,127,2023-11-30 17:00:04,48E72953672E,24.1309,65.1786,878.932,60
2023-03-02 17:14:56,128,2023-11-30 17:15:02,48E72953672E,24.1468,64.6511,878.853,58
2023-03-02 17:29:54,129,2023-11-30 17:30:00,48E72953672E,24.1554,64.1386,878.747,59
2023-03-02 17:44:57,130,2023-11-30 17:45:02,48E72953672E,24.1602,63.7674,878.74,60
2023-03-02 17:59:54,131,2023-11-30 18:00:00,48E72953672E,24.183,63.2815,878.776,59
2023-03-02 18:14:53,132,2023-11-30 18:15:00,48E72953672E,23.9212,63.948,879.259,60
2023-03-02 18:29:50,133,2023-11-30 18:30:01,48E72953672E,23.7291,63.9714,879.632,59
2023-03-02 18:44:48,134,2023-11-30 18:45:02,48E72953672E,23.7379,63.6227,879.659,59
2023-03-02 18:59:45,135,2023-11-30 19:00:02,48E72953672E,23.747,63.5185,879.62,60
2023-03-02 19:14:59,136,2023-11-30 19:15:04,48E72953672E,23.7556,63.0149,879.748,60
2023-03-02 19:29:57,137,2023-11-30 19:30:01,48E72953672E,23.7644,62.7242,879.796,59
2023-03-02 19:44:59,138,2023-11-30 19:45:03,48E72953672E,23.7308,62.7173,879.813,60
2023-03-02 19:59:57,139,2023-11-30 20:00:00,48E72953672E,23.7104,62.5993,879.897,59
2023-03-02 20:14:55,140,2023-11-30 20:15:00,48E72953672E,23.7134,62.4793,879.927,60
2023-03-02 20:29:58,141,2023-11-30 20:30:03,48E72953672E,23.7389,62.2852,880.17,59
2023-03-02 20:44:55,142,2023-11-30 20:45:00,48E72953672E,23.7543,62.6616,880.167,60
2023-03-02 20:59:58,143,2023-11-30 21:00:02,48E72953672E,23.7074,62.9269,880.281,59
2023-03-02 21:14:57,144,2023-11-30 21:15:02,48E72953672E,23.6764,63.1931,880.286,60
2023-03-02 21:29:59,145,2023-11-30 21:30:04,48E72953672E,23.6273,63.4652,880.247,59
2023-03-02 21:44:57,146,2023-11-30 21:45:02,48E72953672E,23.7009,63.3376,880.382,60
2023-03-02 21:59:59,147,2023-11-30 22:00:04,48E72953672E,23.7462,63.4638,880.453,59
2023-03-02 22:14:58,148,2023-11-30 22:15:03,48E72953672E,23.7694,63.7013,880.302,60
2023-03-02 22:30:01,149,2023-11-30 22:30:04,48E72953672E,23.7897,63.6626,880.16,59
2023-03-02 22:44:58,150,2023-11-30 22:45:01,48E72953672E,23.7964,63.7033,880.309,60
2023-03-02 23:00:01,151,2023-11-30 23:00:03,48E72953672E,23.8195,63.7984,880.057,59
2023-03-02 23:14:54,152,2023-11-30 23:15:00,48E72953672E,23.8412,63.7493,879.979,59
2023-03-02 23:29:57,153,2023-11-30 23:30:02,48E72953672E,23.8652,63.6501,879.969,60
2023-03-02 23:44:59,154,2023-11-30 23:45:04,48E72953672E,23.9209,63.6103,879.93,60
2023-03-02 23:59:57,155,2023-12-01 00:00:00,48E72953672E,23.9727,63.7006,879.855,59
2023-03-03 00:14:56,156,2023-12-01 00:15:01,48E72953672E,23.9835,63.9589,879.717,59
2023-03-03 00:29:58,157,2023-12-01 00:30:03,48E72953672E,24.0243,63.9961,879.815,60
2023-03-03 00:44:56,158,2023-12-01 00:45:00,48E72953672E,24.0472,63.9704,879.781,59
2023-03-03 00:59:58,159,2023-12-01 01:00:02,48E72953672E,23.9791,63.9989,880.051,60
2023-03-03 01:14:57,160,2023-12-01 01:15:02,48E72953672E,23.8678,63.8064,880.119,59
2023-03-03 01:29:55,161,2023-12-01 01:30:00,48E72953672E,23.7601,63.7016,880.112,60
2023-03-03 01:44:57,162,2023-12-01 01:45:03,48E72953672E,23.8193,63.4124,879.948,59
2023-03-03 01:59:55,163,2023-12-01 02:00:00,48E72953672E,23.8992,63.2057,879.802,60
2023-03-03 02:14:58,164,2023-12-01 02:15:04,48E72953672E,24.0072,63.0257,879.716,59
2023-03-03 02:29:56,165,2023-12-01 02:30:00,48E72953672E,24.0496,63.0283,879.455,60
2023-03-03 02:44:58,166,2023-12-01 02:45:02,48E72953672E,24.0267,63.1012,879.269,59
2023-03-03 03:00:01,167,2023-12-01 03:00:04,48E72953672E,24.0024,63.112,879.44,60
2023-03-03 03:14:55,168,2023-12-01 03:15:00,48E72953672E,23.9833,62.8569,879.46,59
2023-03-03 03:29:57,169,2023-12-01 03:30:02,48E72953672E,23.9716,62.7136,879.619,60
2023-03-03 03:45:00,170,2023-12-01 03:45:04,48E72953672E,23.9681,62.3893,879.44,59
2023-03-03 03:59:57,171,2023-12-01 04:00:01,48E72953672E,23.9898,62.2054,879.366,60
2023-03-03 04:14:56,172,2023-12-01 04:15:01,48E72953672E,23.9998,62.1022,879.238,59
2023-03-03 04:29:59,173,2023-12-01 04:30:03,48E72953672E,23.9939,61.8821,879.346,60
2023-03-03 04:44:56,174,2023-12-01 04:45:01,48E72953672E,23.9355,61.2798,879.483,59
2023-03-03 04:59:59,175,2023-12-01 05:00:03,48E72953672E,23.9112,61.1654,879.668,60
2023-03-03 05:14:57,176,2023-12-01 05:15:03,48E72953672E,23.8883,61.2901,879.798,59
2023-03-03 05:29:55,177,2023-12-01 05:30:01,48E72953672E,23.7706,61.1101,879.994,59
2023-03-03 05:44:52,178,2023-12-01 05:45:00,48E72953672E,23.6874,61.0561,880.049,60
2023-03-03 05:59:55,179,2023-12-01 06:00:04,48E72953672E,23.666,60.8755,880.247,59
2023-03-03 06:14:59,180,2023-12-01 06:15:04,48E72953672E,23.6937,60.6741,880.385,60
2023-03-03 06:29:56,181,2023-12-01 06:30:01,48E72953672E,23.6833,61.2394,880.621,59
2023-03-03 06:44:54,182,2023-12-01 06:45:01,48E72953672E,23.1309,63.3217,881.408,60
2023-03-03 06:59:51,183,2023-12-01 07:00:01,48E72953672E,23.2797,62.2125,881.217,59
2023-03-03 07:14:55,184,2023-12-01 07:15:00,48E72953672E,23.5101,61.7964,880.984,60
2023-03-03 07:29:58,185,2023-12-01 07:30:01,48E72953672E,23.7104,61.3116,880.761,59
2023-03-03 07:45:00,186,2023-12-01 07:45:00,48E72953672E,23.8977,61.2184,880.511,60
2023-03-03 08:00:03,187,2023-12-01 08:00:00,48E72953672E,23.9506,61.4913,880.576,60
2023-03-03 08:14:56,188,2023-12-01 08:15:03,48E72953672E,23.7702,61.5419,881.033,59
2023-03-03 08:29:54,189,2023-12-01 08:30:04,48E72953672E,23.1623,63.8671,882.16,59
2023-03-03 08:44:46,190,2023-12-01 08:45:03,48E72953672E,22.726,65.2776,883.026,59
2023-03-03 08:59:39,191,2023-12-01 09:00:03,48E72953672E,22.4204,64.7668,883.642,59
2023-03-03 08:59:55,192,2023-12-01 09:00:01,48E72953672E,22.29,64.27,883.98,1
2023-03-03 09:14:58,193,2023-12-01 09:15:04,48E72953672E,22.2129,64.9109,884.046,60
2023-03-03 09:29:56,194,2023-12-01 09:30:02,48E72953672E,22.1973,66.0091,884.086,59
2023-03-03 09:44:53,195,2023-12-01 09:45:00,48E72953672E,22.2591,66.7849,884.076,59
2023-03-03 09:59:57,196,2023-12-01 10:00:02,48E72953672E,22.2821,67.3753,884.184,60
2023-03-03 10:14:54,197,2023-12-01 10:15:00,48E72953672E,22.2215,67.0528,884.392,59
2023-03-03 10:29:57,198,2023-12-01 10:30:03,48E72953672E,22.1921,66.9766,884.366,60
2023-03-03 10:44:55,199,2023-12-01 10:45:02,48E72953672E,22.016,66.5901,884.737,59
2023-03-03 10:59:53,200,2023-12-01 11:00:01,48E72953672E,21.8546,66.213,885.284,60
2023-03-03 11:14:51,201,2023-12-01 11:15:01,48E72953672E,21.5793,66.1152,885.656,59
2023-03-03 11:29:48,202,2023-12-01 11:30:03,48E72953672E,21.4333,66.7289,885.72,59
2023-03-03 11:44:46,203,2023-12-01 11:45:04,48E72953672E,21.5414,67.5551,885.421,60
2023-03-03 11:59:55,204,2023-12-01 12:00:00,48E72953672E,21.6516,68.2402,885.124,60
2023-03-03 12:14:57,205,2023-12-01 12:15:03,48E72953672E,21.6911,68.9166,884.859,59
2023-03-03 12:29:55,206,2023-12-01 12:30:00,48E72953672E,21.8404,69.5404,884.388,60
2023-03-03 12:44:57,207,2023-12-01 12:45:02,48E72953672E,21.9372,69.178,884.019,59
2023-03-03 12:59:56,208,2023-12-01 13:00:01,48E72953672E,22.0944,69.5277,883.66,60
2023-03-03 13:14:59,209,2023-12-01 13:15:03,48E72953672E,22.2225,69.9784,883.376,59
2023-03-03 13:29:56,210,2023-12-01 13:30:00,48E72953672E,22.2696,70.0829,883.228,60
2023-03-03 13:44:59,211,2023-12-01 13:45:02,48E72953672E,22.3198,70.0352,883.136,59
2023-03-03 13:59:58,212,2023-12-01 14:00:04,48E72953672E,22.4071,70.1561,882.809,60
2023-03-03 14:14:55,213,2023-12-01 14:15:02,48E72953672E,22.4374,70.0574,882.589,59
2023-03-03 14:29:58,214,2023-12-01 14:30:03,48E72953672E,22.6701,69.4756,882.174,60
2023-03-03 14:45:00,215,2023-12-01 14:45:03,48E72953672E,22.8594,69.4376,881.902,59
2023-03-03 14:59:59,216,2023-12-01 15:00:04,48E72953672E,22.8312,69.8096,881.94,60
2023-03-03 15:14:56,217,2023-12-01 15:15:03,48E72953672E,22.6248,70.474,882.152,59
2023-03-03 15:29:54,218,2023-12-01 15:30:00,48E72953672E,22.9545,69.1911,881.751,59
2023-03-03 15:44:56,219,2023-12-01 15:45:00,48E72953672E,23.2494,68.8394,881.403,60
2023-03-03 15:59:55,220,2023-12-01 16:00:01,48E72953672E,23.0789,69.1208,881.832,59
2023-03-03 16:14:53,221,2023-12-01 16:15:02,48E72953672E,22.7279,71.0211,882.375,60
2023-03-03 16:29:50,222,2023-12-01 16:30:02,48E72953672E,22.8828,73.3533,882.292,59
2023-03-03 16:44:48,223,2023-12-01 16:45:02,48E72953672E,22.9233,73.0138,882.331,59
2023-03-03 16:59:57,224,2023-12-01 17:00:02,48E72953672E,22.8987,71.8597,882.468,60
2023-03-03 17:14:54,225,2023-12-01 17:15:00,48E72953672E,22.8497,70.7771,882.777,60
2023-03-03 17:29:57,226,2023-12-01 17:30:03,48E72953672E,22.8316,70.1116,882.97,59
2023-03-03 17:44:59,227,2023-12-01 17:45:04,48E72953672E,23.2144,68.1761,882.353,60
2023-03-03 17:59:58,228,2023-12-01 18:00:02,48E72953672E,23.6372,66.6572,881.823,59
2023-03-03 18:15:01,229,2023-12-01 18:15:04,48E72953672E,23.5864,66.4622,881.934,60
2023-03-03 18:29:58,230,2023-12-01 18:30:01,48E72953672E,23.4654,66.1033,882.328,59
2023-03-03 18:45:01,231,2023-12-01 18:45:04,48E72953672E,23.4719,65.8311,882.486,60
2023-03-03 18:59:54,232,2023-12-01 19:00:01,48E72953672E,23.5836,65.2166,882.533,59
2023-03-03 19:14:57,233,2023-12-01 19:15:03,48E72953672E,23.738,64.9714,882.548,60
2023-03-03 19:29:59,234,2023-12-01 19:30:04,48E72953672E,23.8592,64.8159,882.469,59
2023-03-03 19:44:57,235,2023-12-01 19:45:01,48E72953672E,23.8577,63.8701,882.551,60
2023-03-03 19:59:56,236,2023-12-01 20:00:01,48E72953672E,23.7721,63.4594,882.786,59
2023-03-03 20:14:58,237,2023-12-01 20:15:04,48E72953672E,23.7546,63.2684,882.848,60
2023-03-03 20:29:56,238,2023-12-01 20:30:01,48E72953672E,23.7571,63.03,882.85,59
2023-03-03 20:44:58,239,2023-12-01 20:45:04,48E72953672E,23.7243,62.9656,883.073,60
2023-03-03 20:59:57,240,2023-12-01 21:00:03,48E72953672E,23.7248,62.5835,883.263,59
2023-03-03 21:14:54,241,2023-12-01 21:15:00,48E72953672E,23.7237,62.3888,883.476,59
2023-03-03 21:29:57,242,2023-12-01 21:30:04,48E72953672E,23.6077,62.4911,883.711,60
2023-03-03 21:44:54,243,2023-12-01 21:45:03,48E72953672E,23.5052,62.3747,883.864,59
2023-03-03 21:59:58,244,2023-12-01 22:00:03,48E72953672E,23.4944,61.7529,883.906,60
2023-03-03 22:14:56,245,2023-12-01 22:15:01,48E72953672E,23.5015,61.2592,884.078,59
2023-03-03 22:29:58,246,2023-12-01 22:30:03,48E72953672E,23.5357,60.8411,884.141,60
2023-03-03 22:44:56,247,2023-12-01 22:45:00,48E72953672E,23.5424,60.441,884.258,59
2023-03-03 22:59:55,248,2023-12-01 23:00:01,48E72953672E,23.5562,60.0488,884.345,60
2023-03-03 23:14:57,249,2023-12-01 23:15:04,48E72953672E,23.5682,59.6808,884.618,59
2023-03-03 23:29:55,250,2023-12-01 23:30:03,48E72953672E,23.5657,59.5536,884.844,60
2023-03-03 23:44:52,251,2023-12-01 23:45:01,48E72953672E,23.6428,59.2274,884.864,59
2023-03-03 23:59:56,252,2023-12-02 00:00:01,48E72953672E,23.6632,58.9576,884.893,60
2023-03-04 00:14:58,253,2023-12-02 00:15:03,48E72953672E,23.6873,58.7584,884.873,59
2023-03-04 00:29:57,254,2023-12-02 00:30:01,48E72953672E,23.6911,58.8444,885.014,60
2023-03-04 00:44:59,255,2023-12-02 00:45:03,48E72953672E,23.6884,58.7971,885.094,59
2023-03-04 00:59:57,256,2023-12-02 01:00:04,48E72953672E,23.7046,58.3894,885.084,60
2023-03-04 01:14:55,257,2023-12-02 01:15:02,48E72953672E,23.7162,58.2894,885.118,59
2023-03-04 01:29:52,258,2023-12-02 01:30:00,48E72953672E,23.7081,58.1889,885.16,59
2023-03-04 01:44:55,259,2023-12-02 01:45:03,48E72953672E,23.7116,58.1151,885.204,60
2023-03-04 01:59:54,260,2023-12-02 02:00:00,48E72953672E,23.7184,58.0232,885.106,59
2023-03-04 02:14:56,261,2023-12-02 02:15:03,48E72953672E,23.7234,57.7978,885.187,60
2023-03-04 02:29:54,262,2023-12-02 02:30:02,48E72953672E,23.7109,57.8205,885.186,59
2023-03-04 02:44:51,263,2023-12-02 02:45:00,48E72953672E,23.6929,57.6326,885.363,60
2023-03-04 02:59:55,264,2023-12-02 03:00:00,48E72953672E,23.6721,57.5383,885.511,59
2023-03-04 03:14:58,265,2023-12-02 03:15:02,48E72953672E,23.6619,57.3566,885.45,60
2023-03-04 03:29:55,266,2023-12-02 03:30:00,48E72953672E,23.628,57.2841,885.374,59
2023-03-04 03:44:58,267,2023-12-02 03:45:02,48E72953672E,23.5995,57.0494,885.521,60
2023-03-04 03:59:56,268,2023-12-02 04:00:02,48E72953672E,23.5995,56.7311,885.576,59
2023-03-04 04:14:54,269,2023-12-02 04:15:00,48E72953672E,23.6347,56.422,885.472,60
2023-03-04 04:29:56,270,2023-12-02 04:30:02,48E72953672E,23.6541,56.1833,885.559,59
2023-03-04 04:44:54,271,2023-12-02 04:45:00,48E72953672E,23.6706,56.0454,885.59,60
2023-03-04 04:59:58,272,2023-12-02 05:00:03,48E72953672E,23.6701,56.0344,885.738,59
2023-03-04 05:14:55,273,2023-12-02 05:15:01,48E72953672E,23.6821,55.8711,885.827,60
2023-03-04 05:29:58,274,2023-12-02 05:30:04,48E72953672E,23.6752,55.7077,885.997,59
2023-03-04 05:44:55,275,2023-12-02 05:45:01,48E72953672E,23.6519,55.7393,886.181,60
2023-03-04 05:59:59,276,2023-12-02 06:00:04,48E72953672E,23.6441,55.6762,886.376,59
2023-03-04 06:14:57,277,2023-12-02 06:15:01,48E72953672E,23.6431,55.6586,886.487,60
2023-03-04 06:29:59,278,2023-12-02 06:30:03,48E72953672E,23.6153,55.684,886.643,59
2023-03-04 06:44:57,279,2023-12-02 06:45:00,48E72953672E,23.6142,55.6705,886.741,60
2023-03-04 06:59:55,280,2023-12-02 07:00:01,48E72953672E,23.597,55.7806,886.922,59
2023-03-04 07:14:58,281,2023-12-02 07:15:04,48E72953672E,23.594,55.9318,887.172,60
2023-03-04 07:29:55,282,2023-12-02 07:30:02,48E72953672E,23.5992,56.0245,887.308,59
2023-03-04 07:44:58,283,2023-12-02 07:45:04,48E72953672E,23.6169,56.3748,887.367,60
2023-03-04 07:59:57,284,2023-12-02 08:00:01,48E72953672E,23.7255,58.0909,887.39,59
2023-03-04 08:15:00,285,2023-12-02 08:15:02,48E72953672E,23.7807,57.9741,887.537,60
2023-03-04 08:30:02,286,2023-12-02 08:30:04,48E72953672E,23.5035,58.7547,888.187,59
2023-03-04 08:45:00,287,2023-12-02 08:45:01,48E72953672E,23.5276,59.094,888.283,60
2023-03-04 08:59:58,288,2023-12-02 09:00:04,48E72953672E,23.5811,60.8964,888.361,59
2023-03-04 09:14:56,289,2023-12-02 09:15:03,48E72953672E,23.2574,65.4916,889.159,59
2023-03-04 09:29:53,290,2023-12-02 09:30:03,48E72953672E,23.1989,67.106,889.485,60
2023-03-04 09:44:51,291,2023-12-02 09:45:03,48E72953672E,23.2627,68.1257,889.43,59
2023-03-04 09:59:55,292,2023-12-02 10:00:00,48E72953672E,23.3962,68.5448,889.224,60
2023-03-04 10:14:57,293,2023-12-02 10:15:02,48E72953672E,23.5294,69.4794,889.264,59
2023-03-04 10:30:00,294,2023-12-02 10:30:03,48E72953672E,23.6559,70.5997,889.08,60
2023-03-04 10:45:02,295,2023-12-02 10:45:03,48E72953672E,23.8285,70.4231,888.731,60
2023-03-04 10:59:56,296,2023-12-02 11:00:02,48E72953672E,24.0082,71.0043,888.435,59
2023-03-04 11:14:59,297,2023-12-02 11:15:04,48E72953672E,24.1385,71.2119,888.094,59
2023-03-04 11:29:56,298,2023-12-02 11:30:01,48E72953672E,24.2698,70.6477,887.691,60
2023-03-04 11:44:59,299,2023-12-02 11:45:02,48E72953672E,24.4059,70.0786,887.248,59
2023-03-04 11:59:58,300,2023-12-02 12:00:04,48E72953672E,24.4858,71.1233,886.785,60
2023-03-04 12:14:55,301,2023-12-02 12:15:02,48E72953672E,24.558,71.4763,886.401,59
2023-03-04 12:29:58,302,2023-12-02 12:30:04,48E72953672E,24.6015,70.6106,886.114,60
2023-03-04 12:44:55,303,2023-12-02 12:45:02,48E72953672E,24.6521,70.1768,885.983,59
2023-03-04 12:59:54,304,2023-12-02 13:00:00,48E72953672E,24.6714,70.404,885.758,59
2023-03-04 13:14:57,305,2023-12-02 13:15:04,48E72953672E,24.6684,71.2729,885.723,60
2023-03-04 13:29:54,306,2023-12-02 13:30:02,48E72953672E,24.6645,70.7944,885.925,59
2023-03-04 13:44:52,307,2023-12-02 13:45:01,48E72953672E,24.6399,70.5361,886.105,60
2023-03-04 13:59:55,308,2023-12-02 14:00:03,48E72953672E,24.5767,70.5512,886.195,59
2023-03-04 14:14:53,309,2023-12-02 14:15:02,48E72953672E,24.4716,70.5874,886.356,60
2023-03-04 14:29:50,310,2023-12-02 14:30:02,48E72953672E,24.2782,71.6211,886.56,59
2023-03-04 14:44:48,311,2023-12-02 14:45:04,48E72953672E,24.1053,71.8824,886.738,59
2023-03-04 14:59:57,312,2023-12-02 15:00:04,48E72953672E,23.9292,72.2283,886.934,60
2023-03-04 15:14:54,313,2023-12-02 15:15:03,48E72953672E,23.7894,72.0386,887.044,60
2023-03-04 15:29:52,314,2023-12-02 15:30:04,48E72953672E,23.6509,71.967,887.213,59
2023-03-04 15:44:44,315,2023-12-02 15:45:00,48E72953672E,23.5042,71.7923,887.435,59
2023-03-04 15:59:58,316,2023-12-02 16:00:03,48E72953672E,23.3919,71.7869,887.497,60
2023-03-04 16:14:56,317,2023-12-02 16:15:00,48E72953672E,23.2794,71.4077,887.698,60
2023-03-04 16:29:59,318,2023-12-02 16:30:03,48E72953672E,23.3208,70.7665,887.687,59
2023-03-04 16:45:01,319,2023-12-02 16:45:03,48E72953672E,23.6432,70.9296,887.18,60
2023-03-04 16:59:55,320,2023-12-02 17:00:01,48E72953672E,23.6786,71.0174,887.153,59
2023-03-04 17:14:52,321,2023-12-02 17:15:00,48E72953672E,23.5508,71.2709,887.247,59
2023-03-04 17:29:50,322,2023-12-02 17:30:00,48E72953672E,23.4176,70.0371,887.522,60
2023-03-04 17:44:47,323,2023-12-02 17:45:01,48E72953672E,23.2623,68.9507,887.831,59
2023-03-04 17:59:56,324,2023-12-02 18:00:02,48E72953672E,23.1145,68.5183,888.2,60
2023-03-04 18:14:54,325,2023-12-02 18:15:02,48E72953672E,22.895,67.5376,888.75,59
2023-03-04 18:29:51,326,2023-12-02 18:30:03,48E72953672E,22.7967,65.8589,888.965,60
2023-03-04 18:44:48,327,2023-12-02 18:45:02,48E72953672E,23.1186,64.0578,888.692,59
2023-03-04 18:59:57,328,2023-12-02 19:00:03,48E72953672E,23.2738,62.8924,888.634,60
2023-03-04 19:14:55,329,2023-12-02 19:15:00,48E72953672E,23.3241,62.2065,888.577,59
2023-03-04 19:29:57,330,2023-12-02 19:30:02,48E72953672E,23.3719,61.4158,888.565,60
2023-03-04 19:45:00,331,2023-12-02 19:45:04,48E72953672E,23.3917,60.9466,888.544,60
2023-03-04 19:59:54,332,2023-12-02 20:00:00,48E72953672E,23.4067,60.4944,888.605,59
2023-03-04 20:14:56,333,2023-12-02 20:15:03,48E72953672E,23.4017,60.2743,888.833,59
2023-03-04 20:29:54,334,2023-12-02 20:30:01,48E72953672E,23.3999,59.9064,888.813,60
2023-03-04 20:44:51,335,2023-12-02 20:45:00,48E72953672E,23.3948,59.6747,888.843,59
2023-03-04 20:59:55,336,2023-12-02 21:00:01,48E72953672E,23.3946,59.3402,888.933,60
2023-03-04 21:14:57,337,2023-12-02 21:15:04,48E72953672E,23.4119,58.9674,888.87,59
2023-03-04 21:29:55,338,2023-12-02 21:30:02,48E72953672E,23.4342,58.7018,888.912,60
2023-03-04 21:44:52,339,2023-12-02 21:45:00,48E72953672E,23.5128,58.3089,888.68,59
2023-03-04 21:59:56,340,2023-12-02 22:00:03,48E72953672E,23.582,57.6391,888.452,60
2023-03-04 22:14:54,341,2023-12-02 22:15:01,48E72953672E,23.7313,57.0086,888.241,59
2023-03-04 22:29:56,342,2023-12-02 22:30:02,48E72953672E,23.9162,56.2751,887.821,60
2023-03-04 22:44:59,343,2023-12-02 22:45:03,48E72953672E,23.9421,55.9636,887.85,59
2023-03-04 22:59:58,344,2023-12-02 23:00:03,48E72953672E,24.0075,55.7653,887.743,60
2023-03-04 23:14:55,345,2023-12-02 23:15:00,48E72953672E,24.0262,55.494,887.477,59
2023-03-04 23:29:58,346,2023-12-02 23:30:02,48E72953672E,24.0369,55.4061,887.324,60
2023-03-04 23:45:00,347,2023-12-02 23:45:03,48E72953672E,24.0826,55.1888,887.384,59
2023-03-04 23:59:59,348,2023-12-03 00:00:04,48E72953672E,24.1409,55.0255,887.442,60
2023-03-05 00:14:56,349,2023-12-03 00:15:02,48E72953672E,23.9572,58.8844,887.646,59
2023-03-05 00:29:49,350,2023-12-03 00:30:01,48E72953672E,22.9251,70.4175,889.167,59
2023-03-05 00:44:36,351,2023-12-03 00:45:01,48E72953672E,21.9748,76.6833,890.66,59
2023-03-05 00:44:58,352,2023-12-03 00:45:03,48E72953672E,21.89,76.59,890.86,1
2023-03-05 01:00:00,353,2023-12-03 01:00:04,48E72953672E,21.9816,76.4167,890.589,60
2023-03-05 01:15:03,354,2023-12-03 01:15:03,48E72953672E,22.3455,74.7151,890.014,59
2023-03-05 01:30:06,355,2023-12-03 01:30:03,48E72953672E,22.3191,75.9857,889.964,60
2023-03-05 01:44:54,356,2023-12-03 01:45:00,48E72953672E,22.1265,77.2673,890.19,59
2023-03-05 01:59:57,357,2023-12-03 02:00:01,48E72953672E,22.2443,76.0875,890.011,59
2023-03-05 02:14:59,358,2023-12-03 02:15:01,48E72953672E,22.4753,74.7132,889.771,60
2023-03-05 02:30:02,359,2023-12-03 02:30:02,48E72953672E,22.3022,76.9551,890.177,60
2023-03-05 02:44:56,360,2023-12-03 02:45:01,48E72953672E,22.1311,78.0222,890.539,59
2023-03-05 02:59:58,361,2023-12-03 03:00:03,48E72953672E,22.1896,77.0608,890.586,59
2023-03-05 03:15:01,362,2023-12-03 03:15:02,48E72953672E,22.4563,75.0134,890.195,60
2023-03-05 03:30:03,363,2023-12-03 03:30:01,48E72953672E,22.6858,73.1066,889.764,60
2023-03-05 03:44:57,364,2023-12-03 03:45:03,48E72953672E,22.8752,71.6275,889.476,59
2023-03-05 03:59:54,365,2023-12-03 04:00:00,48E72953672E,23.0465,70.1986,889.089,59
2023-03-05 04:14:57,366,2023-12-03 04:15:02,48E72953672E,23.0807,70.3084,888.99,60
2023-03-05 04:29:55,367,2023-12-03 04:30:00,48E72953672E,22.8145,74.227,889.394,59
2023-03-05 04:44:56,368,2023-12-03 04:45:03,48E72953672E,22.3686,77.2849,889.873,59
2023-03-05 04:59:54,369,2023-12-03 05:00:03,48E72953672E,22.3469,76.8954,889.804,60
2023-03-05 05:14:51,370,2023-12-03 05:15:02,48E72953672E,22.5295,75.085,889.698,59
2023-03-05 05:29:49,371,2023-12-03 05:30:00,48E72953672E,22.7651,73.0687,889.546,59
2023-03-05 05:44:58,372,2023-12-03 05:45:04,48E72953672E,22.9636,71.4587,889.499,60
2023-03-05 05:59:55,373,2023-12-03 06:00:01,48E72953672E,23.1548,69.9928,889.182,60
2023-03-05 06:14:58,374,2023-12-03 06:15:02,48E72953672E,23.305,68.7682,889.034,59
2023-03-05 06:30:00,375,2023-12-03 06:30:02,48E72953672E,23.4408,67.8438,888.837,60
2023-03-05 06:44:59,376,2023-12-03 06:45:04,48E72953672E,23.5466,66.9228,888.685,59
2023-03-05 06:59:57,377,2023-12-03 07:00:00,48E72953672E,23.6317,65.9678,888.577,60
2023-03-05 07:14:59,378,2023-12-03 07:15:01,48E72953672E,23.7238,65.1702,888.529,59
2023-03-05 07:30:02,379,2023-12-03 07:30:02,48E72953672E,23.8045,64.7583,888.589,60
2023-03-05 07:44:55,380,2023-12-03 07:45:00,48E72953672E,23.9499,64.3808,888.479,59
2023-03-05 07:59:58,381,2023-12-03 08:00:00,48E72953672E,24.1911,64.5344,888.27,60
2023-03-05 08:15:06,382,2023-12-03 08:15:03,48E72953672E,24.3094,63.8771,888.259,60
2023-03-05 08:30:08,383,2023-12-03 08:30:01,48E72953672E,24.288,61.964,888.277,59
2023-03-05 08:44:57,384,2023-12-03 08:45:03,48E72953672E,24.4134,61.0201,888.188,59
2023-03-05 08:59:54,385,2023-12-03 09:00:02,48E72953672E,24.3631,62.4159,888.375,59
2023-03-05 09:14:52,386,2023-12-03 09:15:03,48E72953672E,24.0087,66.6317,889.199,60
2023-03-05 09:29:44,387,2023-12-03 09:30:00,48E72953672E,23.9072,68.7461,889.578,59
2023-03-05 09:44:56,388,2023-12-03 09:45:00,48E72953672E,23.9928,69.6769,889.618,60
2023-03-05 09:59:59,389,2023-12-03 10:00:01,48E72953672E,24.0856,70.5198,889.54,59
2023-03-05 10:15:01,390,2023-12-03 10:15:01,48E72953672E,24.2141,71.2531,889.439,60
2023-03-05 10:30:04,391,2023-12-03 10:30:01,48E72953672E,24.3585,71.399,889.153,60
2023-03-05 10:44:55,392,2023-12-03 10:45:00,48E72953672E,24.4824,71.6968,888.876,58
2023-03-05 10:59:58,393,2023-12-03 11:00:02,48E72953672E,24.6264,72.235,888.596,60
2023-03-05 11:15:01,394,2023-12-03 11:15:03,48E72953672E,24.7193,72.4525,888.37,60
2023-03-05 11:30:03,395,2023-12-03 11:30:03,48E72953672E,24.7973,73.2037,888.135,59
2023-03-05 11:45:00,396,2023-12-03 11:45:04,48E72953672E,24.8751,73.2623,887.799,59
2023-03-05 11:59:58,397,2023-12-03 12:00:00,48E72953672E,25.0089,72.3098,887.248,60
2023-03-05 12:15:00,398,2023-12-03 12:15:00,48E72953672E,25.0965,72.5767,886.95,59
2023-03-05 12:30:03,399,2023-12-03 12:30:00,48E72953672E,25.1963,71.6779,886.677,60
2023-03-05 12:44:58,400,2023-12-03 12:45:03,48E72953672E,25.262,71.5283,886.368,58
2023-03-05 13:00:01,401,2023-12-03 13:00:04,48E72953672E,25.3181,71.7542,886.022,59
2023-03-05 13:14:59,402,2023-12-03 13:15:00,48E72953672E,25.3622,71.629,885.666,60
2023-03-05 13:30:01,403,2023-12-03 13:30:02,48E72953672E,25.3549,71.3893,885.554,59
2023-03-05 13:44:59,404,2023-12-03 13:45:03,48E72953672E,25.3675,71.4726,885.408,59
2023-03-05 13:59:57,405,2023-12-03 14:00:00,48E72953672E,25.3355,70.8954,885.422,59
2023-03-05 14:14:59,406,2023-12-03 14:15:03,48E72953672E,25.2878,71.0904,885.484,60
2023-03-05 14:29:56,407,2023-12-03 14:30:01,48E72953672E,25.2354,70.9547,885.475,59
2023-03-05 14:44:58,408,2023-12-03 14:45:02,48E72953672E,25.1032,71.1379,885.627,60
2023-03-05 14:59:56,409,2023-12-03 15:00:01,48E72953672E,24.9087,71.9111,885.794,59
2023-03-05 15:14:53,410,2023-12-03 15:15:00,48E72953672E,24.7229,72.1387,886.022,59
2023-03-05 15:29:51,411,2023-12-03 15:30:01,48E72953672E,24.5756,72.005,886.256,60
2023-03-05 15:44:58,412,2023-12-03 15:45:03,48E72953672E,24.3494,71.7375,886.679,59
2023-03-05 15:59:55,413,2023-12-03 16:00:01,48E72953672E,24.1577,71.4818,887.012,60
2023-03-05 16:14:53,414,2023-12-03 16:15:01,48E72953672E,23.9815,70.8672,887.237,59
2023-03-05 16:29:50,415,2023-12-03 16:30:00,48E72953672E,23.9801,69.2195,887.285,59
2023-03-05 16:44:59,416,2023-12-03 16:45:04,48E72953672E,23.9839,68.0493,887.319,60
2023-03-05 16:59:57,417,2023-12-03 17:00:04,48E72953672E,23.6166,68.6316,887.878,60
2023-03-05 17:14:49,418,2023-12-03 17:15:00,48E72953672E,23.3179,71.5903,888.33,59
2023-03-05 17:29:47,419,2023-12-03 17:30:02,48E72953672E,23.2628,72.0002,888.473,59
2023-03-05 17:44:58,420,2023-12-03 17:45:02,48E72953672E,23.2505,70.5681,888.572,60
2023-03-05 17:59:56,421,2023-12-03 18:00:00,48E72953672E,23.2433,68.7227,888.686,59
2023-03-05 18:14:58,422,2023-12-03 18:15:04,48E72953672E,23.1287,68.4597,888.849,60
2023-03-05 18:29:56,423,2023-12-03 18:30:03,48E72953672E,23.0027,67.3674,888.972,59
2023-03-05 18:44:55,424,2023-12-03 18:45:01,48E72953672E,23.0015,66.2267,888.96,60
2023-03-05 18:59:58,425,2023-12-03 19:00:04,48E72953672E,23.0193,65.3967,889.035,59
2023-03-05 19:14:55,426,2023-12-03 19:15:02,48E72953672E,22.9628,64.7666,889.179,60
2023-03-05 19:29:53,427,2023-12-03 19:30:00,48E72953672E,22.915,64.4254,889.287,59
2023-03-05 19:44:56,428,2023-12-03 19:45:03,48E72953672E,22.8562,63.9276,889.462,60
2023-03-05 19:59:54,429,2023-12-03 20:00:02,48E72953672E,22.8187,63.3945,889.56,59
2023-03-05 20:14:51,430,2023-12-03 20:15:01,48E72953672E,22.9319,62.4421,889.426,59
2023-03-05 20:29:54,431,2023-12-03 20:30:03,48E72953672E,23.2564,61.7488,888.937,60
2023-03-05 20:44:58,432,2023-12-03 20:45:03,48E72953672E,23.4106,61.3419,888.78,60
2023-03-05 20:59:55,433,2023-12-03 21:00:00,48E72953672E,23.4435,61.2725,888.775,59
2023-03-05 21:14:58,434,2023-12-03 21:15:01,48E72953672E,23.4754,61.0543,888.805,60
2023-03-05 21:30:00,435,2023-12-03 21:30:02,48E72953672E,23.5089,60.7588,888.724,59
2023-03-05 21:44:57,436,2023-12-03 21:45:01,48E72953672E,23.5166,60.7366,888.681,59
2023-03-05 22:00:00,437,2023-12-03 22:00:04,48E72953672E,23.5231,60.6241,888.651,60
2023-03-05 22:14:58,438,2023-12-03 22:15:01,48E72953672E,23.545,60.3857,888.617,59
2023-03-05 22:30:00,439,2023-12-03 22:30:04,48E72953672E,23.5552,60.2505,888.708,60
2023-03-05 22:44:58,440,2023-12-03 22:45:04,48E72953672E,23.5702,60.1943,888.733,59
2023-03-05 22:59:56,441,2023-12-03 23:00:01,48E72953672E,23.5887,60.0116,888.704,60
2023-03-05 23:14:58,442,2023-12-03 23:15:04,48E72953672E,23.5958,59.9389,888.617,59
2023-03-05 23:29:56,443,2023-12-03 23:30:01,48E72953672E,23.6044,59.6912,888.321,60
2023-03-05 23:44:55,444,2023-12-03 23:45:00,48E72953672E,23.6024,59.5385,888.151,59
2023-03-05 23:59:57,445,2023-12-04 00:00:03,48E72953672E,23.596,59.4119,887.997,60
2023-03-06 00:14:55,446,2023-12-04 00:15:00,48E72953672E,23.6221,59.1913,887.958,59
2023-03-06 00:29:57,447,2023-12-04 00:30:03,48E72953672E,23.6169,59.1129,887.969,60
2023-03-06 00:44:56,448,2023-12-04 00:45:02,48E72953672E,23.6265,59.1015,887.892,59
2023-03-06 00:59:59,449,2023-12-04 01:00:04,48E72953672E,23.6339,58.9593,887.717,60
2023-03-06 01:14:56,450,2023-12-04 01:15:02,48E72953672E,23.6221,58.963,887.658,59
2023-03-06 01:29:59,451,2023-12-04 01:30:04,48E72953672E,23.6644,58.6403,887.63,60
2023-03-06 01:44:58,452,2023-12-04 01:45:05,48E72953672E,23.6565,58.5696,887.701,59
2023-03-06 01:59:55,453,2023-12-04 02:00:03,48E72953672E,23.6585,58.2569,887.656,59
2023-03-06 02:14:53,454,2023-12-04 02:15:02,48E72953672E,23.676,58.1888,887.561,60
2023-03-06 02:29:50,455,2023-12-04 02:30:01,48E72953672E,23.6809,58.085,887.584,59
2023-03-06 02:44:57,456,2023-12-04 02:45:01,48E72953672E,23.7013,58.0833,887.48,60
2023-03-06 02:59:59,457,2023-12-04 03:00:04,48E72953672E,23.7152,58.0515,887.326,59
2023-03-06 03:14:57,458,2023-12-04 03:15:02,48E72953672E,23.7421,57.867,887.068,60
2023-03-06 03:29:54,459,2023-12-04 03:30:00,48E72953672E,23.7423,57.8632,886.917,59
2023-03-06 03:44:58,460,2023-12-04 03:45:03,48E72953672E,23.7564,57.7145,886.848,60
2023-03-06 03:59:56,461,2023-12-04 04:00:01,48E72953672E,23.7628,57.773,886.792,59
2023-03-06 04:14:58,462,2023-12-04 04:15:03,48E72953672E,23.7972,57.6758,886.747,60
2023-03-06 04:29:56,463,2023-12-04 04:30:01,48E72953672E,23.8239,57.6299,886.591,59
2023-03-06 04:44:58,464,2023-12-04 04:45:02,48E72953672E,23.8359,57.6379,886.536,59
2023-03-06 05:00:00,465,2023-12-04 05:00:04,48E72953672E,23.8509,57.4763,886.47,60
2023-03-06 05:14:58,466,2023-12-04 05:15:01,48E72953672E,23.8777,57.3457,886.413,59
2023-03-06 05:30:00,467,2023-12-04 05:30:03,48E72953672E,23.8634,57.3446,886.439,60
2023-03-06 05:44:57,468,2023-12-04 05:45:01,48E72953672E,23.8963,57.2332,886.334,59
2023-03-06 05:59:59,469,2023-12-04 06:00:03,48E72953672E,23.9024,57.3475,886.331,60
2023-03-06 06:14:57,470,2023-12-04 06:15:00,48E72953672E,23.8916,57.4679,886.539,59
2023-03-06 06:29:59,471,2023-12-04 06:30:02,48E72953672E,23.9369,57.4088,886.56,60
2023-03-06 06:44:56,472,2023-12-04 06:45:00,48E72953672E,23.9647,57.4331,886.517,59
2023-03-06 06:59:59,473,2023-12-04 07:00:03,48E72953672E,23.9818,57.2966,886.438,59
2023-03-06 07:14:56,474,2023-12-04 07:15:00,48E72953672E,23.9761,57.5073,886.512,60
2023-03-06 07:29:59,475,2023-12-04 07:30:03,48E72953672E,23.9783,57.5753,886.626,59
2023-03-06 07:44:58,476,2023-12-04 07:45:03,48E72953672E,23.9934,57.9921,886.715,60
2023-03-06 08:00:00,477,2023-12-04 08:00:04,48E72953672E,24.0223,59.7292,886.817,59
2023-03-06 08:14:58,478,2023-12-04 08:15:00,48E72953672E,24.1272,59.2059,886.804,60
2023-03-06 08:30:00,479,2023-12-04 08:30:01,48E72953672E,23.8009,61.4723,887.375,59
2023-03-06 08:45:00,480,2023-12-04 08:45:04,48E72953672E,23.4316,64.8308,887.996,59
2023-03-06 08:59:57,481,2023-12-04 09:00:03,48E72953672E,23.2686,67.1386,888.284,60
2023-03-06 09:14:55,482,2023-12-04 09:15:02,48E72953672E,23.2912,67.6153,888.343,59
2023-03-06 09:29:52,483,2023-12-04 09:30:00,48E72953672E,23.4376,67.8009,888.243,59
2023-03-06 09:44:59,484,2023-12-04 09:45:02,48E72953672E,23.6432,69.1669,887.995,60
2023-03-06 10:00:02,485,2023-12-04 10:00:02,48E72953672E,23.8727,69.7162,887.666,60
2023-03-06 10:15:04,486,2023-12-04 10:15:01,48E72953672E,24.0522,70.0969,887.388,59
2023-03-06 10:30:12,487,2023-12-04 10:30:04,48E72953672E,24.2013,71.1299,887.155,60
2023-03-06 10:44:59,488,2023-12-04 10:45:03,48E72953672E,24.3536,71.195,886.851,59
2023-03-06 10:59:56,489,2023-12-04 11:00:00,48E72953672E,24.5504,71.7285,886.442,59
2023-03-06 11:14:59,490,2023-12-04 11:15:01,48E72953672E,24.6874,72.0381,886.112,60
2023-03-06 11:30:01,491,2023-12-04 11:30:02,48E72953672E,24.8148,72.1923,885.769,59
2023-03-06 11:44:55,492,2023-12-04 11:45:01,48E72953672E,24.9333,71.8643,885.401,59
2023-03-06 11:59:58,493,2023-12-04 12:00:04,48E72953672E,24.9991,71.6069,885.147,60
2023-03-06 12:14:55,494,2023-12-04 12:15:02,48E72953672E,25.0384,72.3105,884.853,59
2023-03-06 12:29:58,495,2023-12-04 12:30:04,48E72953672E,25.1434,72.2638,884.608,60
2023-03-06 12:44:56,496,2023-12-04 12:45:03,48E72953672E,25.2327,72.4041,884.388,59
2023-03-06 12:59:54,497,2023-12-04 13:00:00,48E72953672E,25.3584,72.756,884.02,60
2023-03-06 13:14:56,498,2023-12-04 13:15:02,48E72953672E,25.3985,72.7155,883.701,59
2023-03-06 13:29:59,499,2023-12-04 13:30:03,48E72953672E,25.4618,72.9039,883.403,60
2023-03-06 13:44:56,500,2023-12-04 13:45:01,48E72953672E,25.3923,72.3974,883.325,59
2023-03-06 13:59:53,501,2023-12-04 14:00:01,48E72953672E,25.2535,72.7555,883.452,59
2023-03-06 14:14:51,502,2023-12-04 14:15:01,48E72953672E,25.1435,72.6187,883.595,60
2023-03-06 14:29:48,503,2023-12-04 14:30:02,48E72953672E,25.0601,73.0436,883.726,59
2023-03-06 14:44:56,504,2023-12-04 14:45:01,48E72953672E,24.9087,72.76,883.932,60
2023-03-06 14:59:59,505,2023-12-04 15:00:04,48E72953672E,24.7625,72.2756,884.196,59
2023-03-06 15:14:51,506,2023-12-04 15:15:00,48E72953672E,24.4765,72.247,884.615,59
2023-03-06 15:29:49,507,2023-12-04 15:30:02,48E72953672E,24.0552,72.007,885.263,60
2023-03-06 15:44:56,508,2023-12-04 15:45:01,48E72953672E,23.7316,71.8638,885.802,59
2023-03-06 15:59:53,509,2023-12-04 16:00:01,48E72953672E,23.5049,72.3344,886.094,60
2023-03-06 16:14:51,510,2023-12-04 16:15:01,48E72953672E,23.4389,69.5052,886.152,59
2023-03-06 16:29:48,511,2023-12-04 16:30:01,48E72953672E,23.1963,69.6835,886.627,59
2023-03-06 16:44:55,512,2023-12-04 16:45:01,48E72953672E,22.9036,70.4771,887.163,60
2023-03-06 16:59:52,513,2023-12-04 17:00:01,48E72953672E,22.6987,69.9752,887.609,59
2023-03-06 17:14:50,514,2023-12-04 17:15:01,48E72953672E,22.6497,72.082,887.762,60
2023-03-06 17:29:47,515,2023-12-04 17:30:01,48E72953672E,22.8668,71.986,887.529,59
2023-03-06 17:44:59,516,2023-12-04 17:45:02,48E72953672E,23.0192,70.4128,887.397,60
2023-03-06 18:00:02,517,2023-12-04 18:00:03,48E72953672E,23.1351,69.4916,887.39,60
2023-03-06 18:15:04,518,2023-12-04 18:15:04,48E72953672E,23.0637,68.5547,887.622,59
2023-03-06 18:30:02,519,2023-12-04 18:30:01,48E72953672E,22.9539,68.0799,887.991,60
2023-03-06 18:44:59,520,2023-12-04 18:45:03,48E72953672E,22.9404,67.4737,888.088,59
2023-03-06 18:59:56,521,2023-12-04 19:00:01,48E72953672E,22.8945,66.8572,888.144,59
2023-03-06 19:14:54,522,2023-12-04 19:15:00,48E72953672E,22.8512,66.3284,888.248,59
2023-03-06 19:29:56,523,2023-12-04 19:30:04,48E72953672E,22.8042,65.5664,888.225,60
2023-03-06 19:44:55,524,2023-12-04 19:45:01,48E72953672E,22.7549,65.7197,888.364,59
2023-03-06 19:59:58,525,2023-12-04 20:00:04,48E72953672E,22.7154,65.3106,888.579,60
2023-03-06 20:14:55,526,2023-12-04 20:15:02,48E72953672E,22.8892,63.2176,888.397,59
2023-03-06 20:29:58,527,2023-12-04 20:30:03,48E72953672E,23.3399,61.9784,887.752,60
2023-03-06 20:44:59,528,2023-12-04 20:45:04,48E72953672E,23.5208,61.5137,887.604,59
2023-03-06 20:59:57,529,2023-12-04 21:00:02,48E72953672E,23.6412,61.2658,887.643,60
2023-03-06 21:15:00,530,2023-12-04 21:15:04,48E72953672E,23.7198,61.0867,887.564,59
2023-03-06 21:29:57,531,2023-12-04 21:30:00,48E72953672E,23.7588,61.0736,887.482,60
2023-03-06 21:44:56,532,2023-12-04 21:45:02,48E72953672E,23.783,60.8979,887.597,59
2023-03-06 21:59:58,533,2023-12-04 22:00:04,48E72953672E,23.8114,60.6938,887.772,60
2023-03-06 22:14:56,534,2023-12-04 22:15:02,48E72953672E,23.8108,60.8384,887.939,59
2023-03-06 22:29:53,535,2023-12-04 22:30:00,48E72953672E,23.7048,61.3471,888.175,59
2023-03-06 22:44:57,536,2023-12-04 22:45:04,48E72953672E,23.5831,61.731,888.385,60
2023-03-06 22:59:55,537,2023-12-04 23:00:03,48E72953672E,23.5103,61.9495,888.392,59
2023-03-06 23:14:52,538,2023-12-04 23:15:03,48E72953672E,23.4938,61.6054,888.377,60
2023-03-06 23:29:50,539,2023-12-04 23:30:02,48E72953672E,23.4643,61.6022,888.408,59
2023-03-06 23:44:58,540,2023-12-04 23:45:04,48E72953672E,23.4641,61.7277,888.328,60
2023-03-06 23:59:56,541,2023-12-05 00:00:02,48E72953672E,23.4562,61.8169,888.263,59
2023-03-07 00:14:53,542,2023-12-05 00:15:00,48E72953672E,23.3129,64.9633,888.416,60
2023-03-07 00:29:51,543,2023-12-05 00:30:02,48E72953672E,22.5733,74.078,889.481,59
2023-03-07 00:44:58,544,2023-12-05 00:45:04,48E72953672E,21.8929,78.802,890.435,60
2023-03-07 00:59:55,545,2023-12-05 01:00:02,48E72953672E,21.9774,78.4266,890.293,59
2023-03-07 01:14:53,546,2023-12-05 01:15:00,48E72953672E,22.193,77.4738,889.901,59
2023-03-07 01:29:55,547,2023-12-05 01:30:03,48E72953672E,22.1076,79.4413,889.99,60
2023-03-07 01:44:54,548,2023-12-05 01:45:02,48E72953672E,21.8864,80.9993,890.31,59
2023-03-07 01:59:52,549,2023-12-05 02:00:00,48E72953672E,21.9892,80.129,890.156,60
2023-03-07 02:14:54,550,2023-12-05 02:15:01,48E72953672E,22.2345,78.6708,889.801,59
2023-03-07 02:29:57,551,2023-12-05 02:30:03,48E72953672E,22.0889,80.397,889.95,60
2023-03-07 02:44:56,552,2023-12-05 02:45:02,48E72953672E,21.9883,81.3337,890.084,59
2023-03-07 02:59:53,553,2023-12-05 03:00:00,48E72953672E,22.0902,80.4718,889.95,60
2023-03-07 03:14:56,554,2023-12-05 03:15:03,48E72953672E,22.1874,79.5034,889.789,59
2023-03-07 03:29:58,555,2023-12-05 03:30:04,48E72953672E,22.2984,78.5949,889.613,60
2023-03-07 03:44:57,556,2023-12-05 03:45:02,48E72953672E,22.4014,77.3391,889.479,59
2023-03-07 04:00:00,557,2023-12-05 04:00:03,48E72953672E,22.4868,76.088,889.344,60
2023-03-07 04:15:02,558,2023-12-05 04:15:04,48E72953672E,22.5001,75.0363,889.235,60
2023-03-07 04:29:59,559,2023-12-05 04:30:00,48E72953672E,22.5384,74.2335,889.156,59
2023-03-07 04:44:56,560,2023-12-05 04:45:00,48E72953672E,22.5956,73.5013,889.054,59
2023-03-07 04:59:59,561,2023-12-05 05:00:01,48E72953672E,22.6444,72.9299,888.932,60
2023-03-07 05:15:01,562,2023-12-05 05:15:03,48E72953672E,22.7227,72.0286,888.806,59
2023-03-07 05:30:04,563,2023-12-05 05:30:03,48E72953672E,22.798,71.5247,888.77,60
2023-03-07 05:44:58,564,2023-12-05 05:45:03,48E72953672E,22.8968,71.0131,888.694,59
2023-03-07 06:00:00,565,2023-12-05 06:00:04,48E72953672E,23.0098,70.1244,888.612,60
2023-03-07 06:14:58,566,2023-12-05 06:15:00,48E72953672E,23.116,69.4662,888.527,59
2023-03-07 06:30:00,567,2023-12-05 06:30:00,48E72953672E,23.1974,69.1897,888.399,60
2023-03-07 06:44:54,568,2023-12-05 06:45:00,48E72953672E,23.2794,68.9472,888.266,59
2023-03-07 06:59:57,569,2023-12-05 07:00:01,48E72953672E,23.3673,68.5409,888.242,59
2023-03-07 07:14:59,570,2023-12-05 07:15:02,48E72953672E,23.4513,67.9784,888.229,60
2023-03-07 07:30:02,571,2023-12-05 07:30:03,48E72953672E,23.4975,68.0234,888.258,60
2023-03-07 07:44:55,572,2023-12-05 07:45:01,48E72953672E,23.5829,67.725,888.221,59
2023-03-07 07:59:58,573,2023-12-05 08:00:04,48E72953672E,23.6479,67.9757,888.219,59
2023-03-07 08:14:55,574,2023-12-05 08:15:00,48E72953672E,23.7609,67.5119,888.231,60
2023-03-07 08:29:58,575,2023-12-05 08:30:04,48E72953672E,23.2902,70.3486,889.123,59
2023-03-07 08:44:57,576,2023-12-05 08:45:03,48E72953672E,23.0308,72.2337,889.609,60
2023-03-07 08:59:55,577,2023-12-05 09:00:01,48E72953672E,23.0301,71.7093,889.707,59
2023-03-07 09:14:57,578,2023-12-05 09:15:03,48E72953672E,23.1351,72.4837,889.628,60
2023-03-07 09:29:55,579,2023-12-05 09:30:00,48E72953672E,23.3511,72.4131,889.322,59
2023-03-07 09:44:58,580,2023-12-05 09:45:04,48E72953672E,23.547,72.7172,889.242,60
2023-03-07 10:00:01,581,2023-12-05 10:00:04,48E72953672E,23.7792,72.5997,889.034,59
2023-03-07 10:15:03,582,2023-12-05 10:15:03,48E72953672E,23.9761,73.6475,888.833,60
2023-03-07 10:30:06,583,2023-12-05 10:30:01,48E72953672E,24.1699,74.2946,888.611,60
2023-03-07 10:44:55,584,2023-12-05 10:45:01,48E72953672E,24.3409,74.9486,888.27,58
2023-03-07 10:59:57,585,2023-12-05 11:00:03,48E72953672E,24.5742,75.2237,887.833,60
2023-03-07 11:15:00,586,2023-12-05 11:15:04,48E72953672E,24.7992,75.3951,887.388,60
2023-03-07 11:30:02,587,2023-12-05 11:30:04,48E72953672E,25.0027,75.8319,887.0,59
2023-03-07 11:44:56,588,2023-12-05 11:45:01,48E72953672E,25.1546,76.2749,886.622,59
2023-03-07 11:59:59,589,2023-12-05 12:00:01,48E72953672E,25.3405,76.3318,886.275,60
2023-03-07 12:15:01,590,2023-12-05 12:15:01,48E72953672E,25.4799,76.3784,885.959,60
2023-03-07 12:30:04,591,2023-12-05 12:30:00,48E72953672E,25.6333,75.9478,885.559,59
2023-03-07 12:44:57,592,2023-12-05 12:45:02,48E72953672E,25.7839,75.7858,885.171,59
2023-03-07 13:00:00,593,2023-12-05 13:00:03,48E72953672E,25.9039,75.9277,884.833,60
2023-03-07 13:15:03,594,2023-12-05 13:15:03,48E72953672E,25.9726,75.9672,884.635,60
2023-03-07 13:30:05,595,2023-12-05 13:30:03,48E72953672E,26.037,75.8751,884.335,59
2023-03-07 13:44:59,596,2023-12-05 13:45:04,48E72953672E,26.0858,75.5546,884.14,59
2023-03-07 13:59:57,597,2023-12-05 14:00:01,48E72953672E,26.099,75.3323,884.046,60
2023-03-07 14:14:59,598,2023-12-05 14:15:03,48E72953672E,26.0973,75.037,883.979,59
2023-03-07 14:29:57,599,2023-12-05 14:30:00,48E72953672E,26.0499,74.6705,883.985,60
2023-03-07 14:44:55,600,2023-12-05 14:45:02,48E72953672E,25.9606,74.5646,884.063,59
2023-03-07 14:59:53,601,2023-12-05 15:00:01,48E72953672E,25.9311,74.5551,884.064,59
2023-03-07 15:14:50,602,2023-12-05 15:15:00,48E72953672E,25.8814,74.0222,884.122,60
2023-03-07 15:29:53,603,2023-12-05 15:30:04,48E72953672E,25.7164,73.6667,884.398,59
2023-03-07 15:44:57,604,2023-12-05 15:45:04,48E72953672E,25.4859,73.2271,884.805,60
2023-03-07 15:59:49,605,2023-12-05 16:00:00,48E72953672E,25.1517,72.9926,885.4,59
2023-03-07 16:14:47,606,2023-12-05 16:15:03,48E72953672E,24.734,72.8672,886.106,59
2023-03-07 16:29:39,607,2023-12-05 16:30:04,48E72953672E,24.4203,72.8224,886.647,59
2023-03-07 16:29:56,608,2023-12-05 16:30:01,48E72953672E,24.27,74.48,886.88,1
2023-03-07 16:44:58,609,2023-12-05 16:45:04,48E72953672E,24.0476,73.0944,887.29,60
2023-03-07 16:59:56,610,2023-12-05 17:00:03,48E72953672E,23.8389,74.0717,887.661,59
2023-03-07 17:14:53,611,2023-12-05 17:15:01,48E72953672E,23.8912,74.1062,887.655,60
2023-03-07 17:29:57,612,2023-12-05 17:30:04,48E72953672E,23.7469,74.9164,887.91,59
2023-03-07 17:44:55,613,2023-12-05 17:45:03,48E72953672E,23.5788,75.2843,888.237,60
2023-03-07 17:59:52,614,2023-12-05 18:00:04,48E72953672E,23.4265,74.8346,888.575,59
2023-03-07 18:14:45,615,2023-12-05 18:15:00,48E72953672E,23.2645,73.2177,888.846,59
2023-03-07 18:29:53,616,2023-12-05 18:30:01,48E72953672E,23.0724,72.2212,889.156,60
2023-03-07 18:44:51,617,2023-12-05 18:45:01,48E72953672E,22.9285,72.093,889.52,59
2023-03-07 18:59:48,618,2023-12-05 19:00:02,48E72953672E,22.8479,71.5786,889.7,60
2023-03-07 19:14:46,619,2023-12-05 19:15:03,48E72953672E,22.7793,71.3514,889.823,59
2023-03-07 19:29:55,620,2023-12-05 19:30:02,48E72953672E,22.7359,70.9522,889.906,60
2023-03-07 19:44:52,621,2023-12-05 19:45:01,48E72953672E,22.6894,70.4314,890.02,59
2023-03-07 19:59:50,622,2023-12-05 20:00:00,48E72953672E,22.6507,70.2689,890.094,60
2023-03-07 20:14:52,623,2023-12-05 20:15:03,48E72953672E,22.8507,68.3127,889.874,59
2023-03-07 20:29:56,624,2023-12-05 20:30:02,48E72953672E,23.0897,68.3424,889.55,60
2023-03-07 20:44:54,625,2023-12-05 20:45:00,48E72953672E,22.9218,68.5872,889.803,59
2023-03-07 20:59:57,626,2023-12-05 21:00:03,48E72953672E,22.9012,68.5137,889.875,60
2023-03-07 21:14:54,627,2023-12-05 21:15:00,48E72953672E,22.9055,68.5311,889.898,59
2023-03-07 21:29:57,628,2023-12-05 21:30:03,48E72953672E,22.8755,68.6579,890.004,60
2023-03-07 21:44:55,629,2023-12-05 21:45:00,48E72953672E,22.8314,68.8316,890.188,59
2023-03-07 21:59:58,630,2023-12-05 22:00:03,48E72953672E,22.7961,68.8536,890.319,60
2023-03-07 22:14:55,631,2023-12-05 22:15:00,48E72953672E,22.7745,68.7953,890.394,59
2023-03-07 22:29:54,632,2023-12-05 22:30:00,48E72953672E,22.7694,67.9999,890.487,60
2023-03-07 22:44:56,633,2023-12-05 22:45:03,48E72953672E,22.7916,67.1386,890.536,59
2023-03-07 22:59:54,634,2023-12-05 23:00:02,48E72953672E,22.7967,66.5356,890.475,60
2023-03-07 23:14:51,635,2023-12-05 23:15:00,48E72953672E,22.7999,66.522,890.325,59
2023-03-07 23:29:55,636,2023-12-05 23:30:02,48E72953672E,22.7831,66.4741,890.255,60
2023-03-07 23:44:53,637,2023-12-05 23:45:00,48E72953672E,22.808,65.7848,890.11,59
2023-03-07 23:59:55,638,2023-12-06 00:00:02,48E72953672E,23.1618,65.1219,889.518,60
2023-03-08 00:14:58,639,2023-12-06 00:15:03,48E72953672E,23.3158,65.385,889.2,59
2023-03-08 00:29:57,640,2023-12-06 00:30:02,48E72953672E,23.4132,65.0307,888.996,60
2023-03-08 00:44:59,641,2023-12-06 00:45:04,48E72953672E,23.3352,64.7925,888.999,59
2023-03-08 00:59:57,642,2023-12-06 01:00:01,48E72953672E,23.2601,64.9914,889.032,60
2023-03-08 01:14:59,643,2023-12-06 01:15:04,48E72953672E,23.221,64.8369,888.992,59
2023-03-08 01:29:58,644,2023-12-06 01:30:03,48E72953672E,23.2553,64.5299,888.871,60
2023-03-08 01:44:56,645,2023-12-06 01:45:01,48E72953672E,23.2452,64.4857,888.905,59
2023-03-08 01:59:58,646,2023-12-06 02:00:04,48E72953672E,23.2321,64.2894,888.943,60
2023-03-08 02:14:56,647,2023-12-06 02:15:02,48E72953672E,23.2191,64.36,888.969,59
2023-03-08 02:29:54,648,2023-12-06 02:30:00,48E72953672E,23.1831,64.3723,889.01,59
2023-03-08 02:44:57,649,2023-12-06 02:45:02,48E72953672E,23.1642,64.2933,888.992,60
2023-03-08 02:59:59,650,2023-12-06 03:00:04,48E72953672E,23.1407,64.1238,889.004,60
2023-03-08 03:14:57,651,2023-12-06 03:15:01,48E72953672E,23.1206,64.0662,889.027,59
2023-03-08 03:29:55,652,2023-12-06 03:30:02,48E72953672E,23.0704,64.1486,889.065,59
2023-03-08 03:44:53,653,2023-12-06 03:45:00,48E72953672E,23.0699,64.1689,888.963,60
2023-03-08 03:59:56,654,2023-12-06 04:00:03,48E72953672E,23.079,63.9217,888.77,59
2023-03-08 04:14:53,655,2023-12-06 04:15:01,48E72953672E,23.0773,64.0784,888.64,60
2023-03-08 04:29:57,656,2023-12-06 04:30:03,48E72953672E,23.0768,64.1401,888.477,59
2023-03-08 04:44:55,657,2023-12-06 04:45:00,48E72953672E,23.0834,64.0101,888.329,60
2023-03-08 04:59:57,658,2023-12-06 05:00:03,48E72953672E,23.0776,63.9615,888.263,59
2023-03-08 05:14:55,659,2023-12-06 05:15:00,48E72953672E,23.0725,63.9057,888.186,60
2023-03-08 05:29:53,660,2023-12-06 05:30:00,48E72953672E,23.0535,63.759,888.128,59
2023-03-08 05:44:57,661,2023-12-06 05:45:03,48E72953672E,23.0241,63.9333,888.165,60
2023-03-08 05:59:53,662,2023-12-06 06:00:02,48E72953672E,22.9971,63.966,888.214,59
2023-03-08 06:14:51,663,2023-12-06 06:15:00,48E72953672E,22.9716,63.995,888.283,59
2023-03-08 06:29:55,664,2023-12-06 06:30:01,48E72953672E,22.9431,64.0287,888.404,60
2023-03-08 06:44:57,665,2023-12-06 06:45:03,48E72953672E,22.9262,64.0471,888.533,60
2023-03-08 06:59:55,666,2023-12-06 07:00:01,48E72953672E,22.9038,63.9903,888.702,59
2023-03-08 07:14:52,667,2023-12-06 07:15:00,48E72953672E,22.8952,63.8874,888.794,59
2023-03-08 07:29:56,668,2023-12-06 07:30:01,48E72953672E,22.8857,64.0124,888.865,60
2023-03-08 08:00:01,670,2023-12-06 08:00:04,48E72953672E,23.0205,64.6723,888.754,59
2023-03-08 08:15:03,671,2023-12-06 08:15:03,48E72953672E,23.3726,63.6734,888.26,60
