2024-03-27 09:14:54,95,2024-03-27 09:15:00,48E72952E8D2,26.0401,67.3921,884.681,60
2024-03-27 09:29:58,96,2024-03-27 09:30:02,48E72952E8D2,26.0828,67.5931,884.805,59
2024-03-27 09:44:56,97,2024-03-27 09:45:00,48E72952E8D2,26.0735,70.2406,884.985,60
2024-03-27 09:59:58,98,2024-03-27 10:00:01,48E72952E8D2,26.2498,70.9998,884.879,59
2024-03-27 10:15:01,99,2024-03-27 10:15:03,48E72952E8D2,26.3754,71.5044,884.811,60
2024-03-27 10:30:00,100,2024-03-27 10:30:03,48E72952E8D2,26.4436,72.3445,884.839,59
2024-03-27 10:44:57,101,2024-03-27 10:45:01,48E72952E8D2,26.4692,73.0431,884.865,60
2024-03-27 11:00:00,102,2024-03-27 11:00:03,48E72952E8D2,26.4708,73.8481,884.829,59
2024-03-27 11:14:57,103,2024-03-27 11:15:00,48E72952E8D2,26.4936,74.3469,884.757,60
2024-03-27 11:29:56,104,2024-03-27 11:30:00,48E72952E8D2,26.4616,74.7017,884.853,59
2024-03-27 11:44:59,105,2024-03-27 11:45:02,48E72952E8D2,26.4489,74.9591,884.93,60
2024-03-27 11:59:56,106,2024-03-27 12:00:01,48E72952E8D2,26.4328,75.3602,884.919,59
2024-03-27 12:14:59,107,2024-03-27 12:15:03,48E72952E8D2,26.4471,75.6031,884.914,60
2024-03-27 12:29:57,108,2024-03-27 12:30:01,48E72952E8D2,26.4491,75.8545,884.971,59
2024-03-27 12:45:00,109,2024-03-27 12:45:04,48E72952E8D2,26.4484,76.224,884.871,60
2024-03-27 12:59:52,110,2024-03-27 13:00:00,48E72952E8D2,25.9075,73.8735,885.517,59
2024-03-27 13:14:40,111,2024-03-27 13:15:02,48E72952E8D2,23.9685,74.1806,888.415,58
2024-03-27 13:14:56,112,2024-03-27 13:15:00,48E72952E8D2,23.67,75.61,888.78,1
2024-03-27 13:29:59,113,2024-03-27 13:30:03,48E72952E8D2,23.5914,75.6702,888.861,60
2024-03-27 13:44:57,114,2024-03-27 13:45:01,48E72952E8D2,23.6475,74.5703,888.579,59
2024-03-27 13:59:59,115,2024-03-27 14:00:03,48E72952E8D2,23.7533,73.0922,888.341,60
2024-03-27 14:14:58,116,2024-03-27 14:15:01,48E72952E8D2,23.7873,70.5951,888.231,59
2024-03-27 14:29:55,117,2024-03-27 14:30:00,48E72952E8D2,23.7016,69.4431,888.15,60
2024-03-27 14:44:58,118,2024-03-27 14:45:03,48E72952E8D2,23.6542,68.9101,888.064,59
2024-03-27 14:59:55,119,2024-03-27 15:00:02,48E72952E8D2,23.7042,68.9792,887.844,60
2024-03-27 15:14:59,120,2024-03-27 15:15:02,48E72952E8D2,23.6445,68.5328,887.865,59
2024-03-27 15:29:57,121,2024-03-27 15:30:00,48E72952E8D2,23.6467,70.0471,887.744,60
2024-03-27 15:44:59,122,2024-03-27 15:45:03,48E72952E8D2,23.6528,70.8911,887.692,59
2024-03-27 16:00:02,123,2024-03-27 16:00:04,48E72952E8D2,23.9856,70.1874,887.068,60
2024-03-27 16:15:01,124,2024-03-27 16:15:03,48E72952E8D2,25.3736,64.5292,884.913,59
2024-03-27 16:29:53,125,2024-03-27 16:30:03,48E72952E8D2,23.5655,71.7657,887.544,59
2024-03-27 16:44:40,126,2024-03-27 16:45:01,48E72952E8D2,23.3096,73.2455,887.855,59
2024-03-27 16:59:38,127,2024-03-27 17:00:04,48E72952E8D2,24.088,77.1942,886.635,59
2024-03-27 17:00:00,128,2024-03-27 17:00:03,48E72952E8D2,24.565,76.465,885.92,2
2024-03-27 17:15:02,129,2024-03-27 17:15:04,48E72952E8D2,24.9175,75.4797,885.372,59
2024-03-27 17:30:05,130,2024-03-27 17:30:03,48E72952E8D2,25.3247,74.1321,884.692,60
2024-03-27 17:45:07,131,2024-03-27 17:45:01,48E72952E8D2,25.4746,73.1689,884.519,60
2024-03-27 17:59:56,132,2024-03-27 18:00:00,48E72952E8D2,25.5273,72.2225,884.487,58
2024-03-27 18:14:58,133,2024-03-27 18:15:01,48E72952E8D2,25.5085,69.8846,884.534,60
2024-03-27 18:30:01,134,2024-03-27 18:30:03,48E72952E8D2,25.4299,68.5929,884.623,60
2024-03-27 18:44:58,135,2024-03-27 18:45:01,48E72952E8D2,25.2494,67.4911,884.91,59
2024-03-27 18:59:57,136,2024-03-27 19:00:01,48E72952E8D2,25.0077,66.4711,885.186,59
2024-03-27 19:14:55,137,2024-03-27 19:15:01,48E72952E8D2,24.7039,65.7983,885.606,60
2024-03-27 19:29:52,138,2024-03-27 19:30:03,48E72952E8D2,24.3663,65.3657,886.193,59
2024-03-27 19:44:45,139,2024-03-27 19:45:01,48E72952E8D2,24.0665,64.9678,886.673,59
2024-03-27 19:59:58,140,2024-03-27 20:00:03,48E72952E8D2,23.8499,64.4936,886.87,60
2024-03-27 20:14:56,141,2024-03-27 20:15:02,48E72952E8D2,23.7031,63.8895,887.24,60
2024-03-27 20:29:53,142,2024-03-27 20:30:01,48E72952E8D2,23.6458,63.0755,887.369,59
2024-03-27 20:44:51,143,2024-03-27 20:45:01,48E72952E8D2,23.5404,62.5988,887.674,59
2024-03-27 21:00:00,144,2024-03-27 21:00:04,48E72952E8D2,23.4481,62.1275,888.027,60
2024-03-27 21:14:57,145,2024-03-27 21:15:02,48E72952E8D2,23.4781,61.4128,887.994,60
2024-03-27 21:29:55,146,2024-03-27 21:30:00,48E72952E8D2,23.4801,60.9321,887.876,59
2024-03-27 21:44:57,147,2024-03-27 21:45:03,48E72952E8D2,23.5362,60.3414,887.765,60
2024-03-27 21:59:56,148,2024-03-27 22:00:00,48E72952E8D2,23.5149,60.1084,887.757,59
2024-03-27 22:14:59,149,2024-03-27 22:15:02,48E72952E8D2,23.6314,59.3769,887.584,60
2024-03-27 22:30:01,150,2024-03-27 22:30:04,48E72952E8D2,23.6898,58.915,887.487,59
2024-03-27 22:44:59,151,2024-03-27 22:45:01,48E72952E8D2,23.6234,58.9007,887.383,60
2024-03-27 22:59:58,152,2024-03-27 23:00:01,48E72952E8D2,23.6347,58.6561,887.092,59
2024-03-27 23:15:00,153,2024-03-27 23:15:04,48E72952E8D2,23.7357,58.2354,886.716,60
2024-03-27 23:29:57,154,2024-03-27 23:30:00,48E72952E8D2,23.8403,57.856,886.429,59
2024-03-27 23:45:00,155,2024-03-27 23:45:01,48E72952E8D2,23.8649,57.8494,886.248,60
2024-03-27 23:59:59,156,2024-03-28 00:00:02,48E72952E8D2,24.0352,57.3567,885.868,59
2024-03-28 00:14:56,157,2024-03-28 00:15:02,48E72952E8D2,23.3926,65.0593,886.772,59
2024-03-28 00:29:49,158,2024-03-28 00:30:03,48E72952E8D2,22.6047,70.0739,887.905,59
2024-03-28 00:44:41,159,2024-03-28 00:45:02,48E72952E8D2,22.8595,70.4999,887.323,59
2024-03-28 00:44:58,160,2024-03-28 00:45:01,48E72952E8D2,22.93,70.26,887.16,1
2024-03-28 01:00:00,161,2024-03-28 01:00:03,48E72952E8D2,22.9426,69.9771,887.181,60
2024-03-28 01:14:58,162,2024-03-28 01:15:01,48E72952E8D2,22.8447,71.644,887.355,59
2024-03-28 01:29:56,163,2024-03-28 01:30:01,48E72952E8D2,22.6601,72.6639,887.58,60
2024-03-28 01:44:59,164,2024-03-28 01:45:03,48E72952E8D2,22.5719,72.5606,887.508,59
2024-03-28 02:00:02,165,2024-03-28 02:00:04,48E72952E8D2,22.7849,71.2819,887.035,60
2024-03-28 02:14:59,166,2024-03-28 02:15:01,48E72952E8D2,22.6362,72.6841,887.188,59
2024-03-28 02:30:02,167,2024-03-28 02:30:04,48E72952E8D2,22.4748,73.4154,887.304,60
2024-03-28 02:44:55,168,2024-03-28 02:45:00,48E72952E8D2,22.2121,73.6943,887.564,59
2024-03-28 02:59:58,169,2024-03-28 03:00:03,48E72952E8D2,22.5614,71.5508,886.944,60
2024-03-28 03:15:00,170,2024-03-28 03:15:00,48E72952E8D2,24.0697,65.8326,884.561,59
2024-03-28 03:30:13,171,2024-03-28 03:30:01,48E72952E8D2,25.1224,62.1642,882.783,61
2024-03-28 03:44:57,172,2024-03-28 03:45:00,48E72952E8D2,25.473,60.8284,882.092,58
2024-03-28 03:59:59,173,2024-03-28 04:00:02,48E72952E8D2,25.6814,59.9501,881.651,60
2024-03-28 04:15:02,174,2024-03-28 04:15:02,48E72952E8D2,25.8288,59.2495,881.429,59
2024-03-28 04:30:04,175,2024-03-28 04:30:02,48E72952E8D2,26.0133,58.4121,881.219,60
2024-03-28 04:44:58,176,2024-03-28 04:45:01,48E72952E8D2,26.1272,57.819,881.095,59
2024-03-28 05:00:01,177,2024-03-28 05:00:03,48E72952E8D2,26.1836,57.4451,881.038,60
2024-03-28 05:15:03,178,2024-03-28 05:15:04,48E72952E8D2,26.2625,57.003,880.97,59
2024-03-28 05:30:01,179,2024-03-28 05:30:00,48E72952E8D2,26.2443,56.8631,881.09,60
2024-03-28 05:44:59,180,2024-03-28 05:45:04,48E72952E8D2,26.225,56.683,881.076,59
2024-03-28 05:59:57,181,2024-03-28 06:00:02,48E72952E8D2,26.2101,56.4971,881.166,59
2024-03-28 06:14:54,182,2024-03-28 06:15:00,48E72952E8D2,26.2428,56.1888,881.063,60
2024-03-28 06:29:57,183,2024-03-28 06:30:02,48E72952E8D2,26.2564,55.9904,881.011,59
2024-03-28 06:45:01,184,2024-03-28 06:45:04,48E72952E8D2,26.3357,55.9391,880.978,60
2024-03-28 06:59:58,185,2024-03-28 07:00:00,48E72952E8D2,26.6114,56.1596,880.738,59
2024-03-28 07:15:01,186,2024-03-28 07:15:02,48E72952E8D2,25.793,59.7466,882.173,60
2024-03-28 07:29:58,187,2024-03-28 07:30:02,48E72952E8D2,25.308,61.7393,883.037,59
2024-03-28 07:44:57,188,2024-03-28 07:45:00,48E72952E8D2,25.4464,62.1178,882.826,60
2024-03-28 07:59:59,189,2024-03-28 08:00:01,48E72952E8D2,25.7492,60.5165,882.255,59
2024-03-28 08:14:52,190,2024-03-28 08:15:00,48E72952E8D2,24.6648,61.6662,883.805,59
2024-03-28 08:29:44,191,2024-03-28 08:30:04,48E72952E8D2,23.7923,63.2946,885.052,59
2024-03-28 08:30:01,192,2024-03-28 08:30:04,48E72952E8D2,23.54,63.84,885.38,1
2024-03-28 08:44:58,193,2024-03-28 08:45:02,48E72952E8D2,23.5749,63.7281,885.243,60
2024-03-28 08:59:56,194,2024-03-28 09:00:00,48E72952E8D2,23.4384,63.6774,885.464,59
2024-03-28 09:14:59,195,2024-03-28 09:15:04,48E72952E8D2,23.3346,63.3875,885.467,60
2024-03-28 09:29:57,196,2024-03-28 09:30:01,48E72952E8D2,23.3908,63.6288,885.396,59
2024-03-28 09:45:00,197,2024-03-28 09:45:03,48E72952E8D2,23.3951,63.6894,885.355,60
2024-03-28 09:59:57,198,2024-03-28 10:00:01,48E72952E8D2,23.3639,64.803,885.368,59
2024-03-28 10:15:00,199,2024-03-28 10:15:03,48E72952E8D2,23.4079,65.8137,885.191,60
2024-03-28 10:29:59,200,2024-03-28 10:30:03,48E72952E8D2,23.3685,66.263,885.241,59
2024-03-28 10:44:56,201,2024-03-28 10:45:01,48E72952E8D2,23.3772,66.6812,885.11,59
2024-03-28 10:59:59,202,2024-03-28 11:00:04,48E72952E8D2,23.3884,67.6032,884.917,60
2024-03-28 11:14:56,203,2024-03-28 11:15:02,48E72952E8D2,23.3653,69.4979,884.827,59
2024-03-28 11:30:00,204,2024-03-28 11:30:04,48E72952E8D2,23.3699,70.9159,884.794,60
2024-03-28 11:44:58,205,2024-03-28 11:45:03,48E72952E8D2,23.3247,72.0658,884.665,59
2024-03-28 11:59:55,206,2024-03-28 12:00:01,48E72952E8D2,23.3645,72.63,884.576,60
2024-03-28 12:14:53,207,2024-03-28 12:15:00,48E72952E8D2,23.3388,73.2414,884.517,59
2024-03-28 12:29:57,208,2024-03-28 12:30:00,48E72952E8D2,23.3565,73.4584,884.23,60
2024-03-28 12:44:59,209,2024-03-28 12:45:03,48E72952E8D2,23.3735,73.7226,884.227,59
2024-03-28 12:59:57,210,2024-03-28 13:00:01,48E72952E8D2,23.4276,74.066,883.933,60
2024-03-28 13:14:59,211,2024-03-28 13:15:03,48E72952E8D2,23.4752,74.7619,883.631,59
2024-03-28 13:29:58,212,2024-03-28 13:30:02,48E72952E8D2,23.5268,75.2198,883.383,60
2024-03-28 13:45:01,213,2024-03-28 13:45:04,48E72952E8D2,23.5117,75.5973,883.201,59
2024-03-28 13:59:58,214,2024-03-28 14:00:02,48E72952E8D2,23.4929,75.4735,882.995,60
2024-03-28 14:14:55,215,2024-03-28 14:15:00,48E72952E8D2,23.4879,75.5262,882.891,59
2024-03-28 14:29:59,216,2024-03-28 14:30:02,48E72952E8D2,23.4629,75.597,882.715,60
2024-03-28 14:44:57,217,2024-03-28 14:45:01,48E72952E8D2,23.4011,75.4186,882.513,59
2024-03-28 14:59:59,218,2024-03-28 15:00:04,48E72952E8D2,23.3052,74.9515,882.514,60
2024-03-28 15:14:57,219,2024-03-28 15:15:04,48E72952E8D2,23.2645,74.0322,882.709,59
2024-03-28 15:29:56,220,2024-03-28 15:30:00,48E72952E8D2,23.1891,73.5443,882.892,59
2024-03-28 15:44:58,221,2024-03-28 15:45:02,48E72952E8D2,23.2439,72.4337,882.68,60
2024-03-28 15:59:56,222,2024-03-28 16:00:03,48E72952E8D2,22.838,73.2713,883.193,59
2024-03-28 16:14:53,223,2024-03-28 16:15:04,48E72952E8D2,22.6131,72.9832,883.38,60
2024-03-28 16:29:57,224,2024-03-28 16:30:02,48E72952E8D2,22.4906,72.2287,883.443,59
2024-03-28 16:44:55,225,2024-03-28 16:45:01,48E72952E8D2,22.4914,72.3779,883.366,60
2024-03-28 16:59:57,226,2024-03-28 17:00:00,48E72952E8D2,23.3087,75.6777,882.087,59
2024-03-28 17:15:10,227,2024-03-28 17:15:04,48E72952E8D2,24.0889,73.6473,881.11,61
2024-03-28 17:29:58,228,2024-03-28 17:30:02,48E72952E8D2,24.4967,71.9163,880.426,58
2024-03-28 17:45:01,229,2024-03-28 17:45:03,48E72952E8D2,24.6284,71.1814,880.17,60
2024-03-28 18:00:03,230,2024-03-28 18:00:04,48E72952E8D2,24.6282,70.4094,880.052,60
2024-03-28 18:15:06,231,2024-03-28 18:15:04,48E72952E8D2,24.5733,67.8531,880.175,59
2024-03-28 18:30:00,232,2024-03-28 18:30:04,48E72952E8D2,24.4569,66.8514,880.435,59
2024-03-28 18:44:57,233,2024-03-28 18:45:03,48E72952E8D2,24.2761,66.2686,880.753,60
2024-03-28 18:59:55,234,2024-03-28 19:00:03,48E72952E8D2,24.2058,65.4399,880.799,59
2024-03-28 19:14:52,235,2024-03-28 19:15:03,48E72952E8D2,24.0299,64.96,881.046,59
2024-03-28 19:30:01,236,2024-03-28 19:30:04,48E72952E8D2,23.9776,64.3231,881.074,60
2024-03-28 19:44:59,237,2024-03-28 19:45:02,48E72952E8D2,23.9557,63.871,881.215,60
2024-03-28 19:59:56,238,2024-03-28 20:00:00,48E72952E8D2,23.8722,63.8194,881.299,59
2024-03-28 20:14:59,239,2024-03-28 20:15:04,48E72952E8D2,23.7589,63.6936,881.486,60
2024-03-28 20:29:57,240,2024-03-28 20:30:02,48E72952E8D2,23.5648,63.9063,881.829,59
2024-03-28 20:44:55,241,2024-03-28 20:45:00,48E72952E8D2,23.6033,63.3886,881.8,59
2024-03-28 20:59:57,242,2024-03-28 21:00:04,48E72952E8D2,23.6357,62.954,881.697,60
2024-03-28 21:14:55,243,2024-03-28 21:15:02,48E72952E8D2,23.6502,62.6626,881.617,59
2024-03-28 21:29:59,244,2024-03-28 21:30:04,48E72952E8D2,23.7152,62.1386,881.558,60
2024-03-28 21:44:56,245,2024-03-28 21:45:03,48E72952E8D2,23.7169,61.9064,881.603,59
2024-03-28 21:59:54,246,2024-03-28 22:00:02,48E72952E8D2,23.6827,61.8549,881.733,60
2024-03-28 22:14:51,247,2024-03-28 22:15:01,48E72952E8D2,23.6138,61.994,881.975,59
2024-03-28 22:30:00,248,2024-03-28 22:30:04,48E72952E8D2,23.6045,61.8763,881.789,60
2024-03-28 22:44:58,249,2024-03-28 22:45:01,48E72952E8D2,23.6248,61.5794,881.514,59
2024-03-28 23:00:00,250,2024-03-28 23:00:04,48E72952E8D2,23.5992,61.5881,881.774,60
2024-03-28 23:14:58,251,2024-03-28 23:15:02,48E72952E8D2,23.5788,61.4337,881.766,59
2024-03-28 23:29:56,252,2024-03-28 23:30:01,48E72952E8D2,23.5511,61.2886,881.647,60
2024-03-28 23:44:54,253,2024-03-28 23:45:00,48E72952E8D2,23.5509,61.0435,881.541,59
2024-03-28 23:59:56,254,2024-03-29 00:00:03,48E72952E8D2,23.5941,60.6223,881.285,60
2024-03-29 00:14:54,255,2024-03-29 00:15:01,48E72952E8D2,23.5509,60.5689,881.219,59
2024-03-29 00:29:58,256,2024-03-29 00:30:01,48E72952E8D2,23.4919,60.6205,881.483,60
2024-03-29 00:44:55,257,2024-03-29 00:45:00,48E72952E8D2,23.447,60.6308,881.568,59
2024-03-29 00:59:58,258,2024-03-29 01:00:03,48E72952E8D2,23.4671,60.4003,881.388,60
2024-03-29 01:14:55,259,2024-03-29 01:15:01,48E72952E8D2,23.4241,60.3634,881.292,59
2024-03-29 01:29:59,260,2024-03-29 01:30:03,48E72952E8D2,23.3194,60.5703,881.359,60
2024-03-29 01:44:57,261,2024-03-29 01:45:01,48E72952E8D2,23.3168,60.3752,881.314,59
2024-03-29 01:59:59,262,2024-03-29 02:00:04,48E72952E8D2,23.3059,60.2175,881.252,60
2024-03-29 02:14:56,263,2024-03-29 02:15:02,48E72952E8D2,23.3044,59.9557,881.295,59
2024-03-29 02:30:00,264,2024-03-29 02:30:04,48E72952E8D2,23.2178,60.0035,881.263,60
2024-03-29 02:44:58,265,2024-03-29 02:45:03,48E72952E8D2,23.1823,59.8513,881.282,59
2024-03-29 02:59:55,266,2024-03-29 03:00:01,48E72952E8D2,23.0951,59.8776,881.468,59
2024-03-29 03:14:53,267,2024-03-29 03:15:00,48E72952E8D2,23.0406,59.8626,881.475,60
2024-03-29 03:29:57,268,2024-03-29 03:30:00,48E72952E8D2,23.0766,59.5681,881.403,59
2024-03-29 03:44:59,269,2024-03-29 03:45:02,48E72952E8D2,23.0652,59.5106,881.383,60
2024-03-29 04:00:02,270,2024-03-29 04:00:04,48E72952E8D2,23.0329,59.5674,881.381,60
2024-03-29 04:14:59,271,2024-03-29 04:15:01,48E72952E8D2,23.0321,59.553,881.347,59
2024-03-29 04:29:58,272,2024-03-29 04:30:02,48E72952E8D2,22.9554,59.694,881.465,59
2024-03-29 04:44:55,273,2024-03-29 04:45:01,48E72952E8D2,22.9096,59.5943,881.573,60
2024-03-29 04:59:53,274,2024-03-29 05:00:00,48E72952E8D2,22.7918,59.7549,881.743,59
2024-03-29 05:14:50,275,2024-03-29 05:15:00,48E72952E8D2,22.7193,59.7711,881.908,59
2024-03-29 05:29:59,276,2024-03-29 05:30:02,48E72952E8D2,22.7133,59.4094,881.933,60
2024-03-29 05:44:57,277,2024-03-29 05:45:00,48E72952E8D2,22.6799,59.0094,881.974,60
2024-03-29 05:59:59,278,2024-03-29 06:00:03,48E72952E8D2,22.6334,58.6101,882.113,59
2024-03-29 06:14:57,279,2024-03-29 06:15:01,48E72952E8D2,22.5631,58.4512,882.358,60
2024-03-29 06:30:01,280,2024-03-29 06:30:04,48E72952E8D2,22.5333,58.2696,882.245,59
2024-03-29 06:44:58,281,2024-03-29 06:45:02,48E72952E8D2,22.5444,58.3007,882.308,60
2024-03-29 06:59:56,282,2024-03-29 07:00:00,48E72952E8D2,22.5533,58.8386,882.38,59
2024-03-29 07:14:58,283,2024-03-29 07:15:02,48E72952E8D2,22.6214,59.5406,882.229,60
2024-03-29 07:29:57,284,2024-03-29 07:30:01,48E72952E8D2,23.0428,59.3649,881.749,59
2024-03-29 07:45:04,285,2024-03-29 07:45:03,48E72952E8D2,23.8696,57.1828,880.614,60
2024-03-29 08:00:12,286,2024-03-29 08:00:03,48E72952E8D2,24.5894,55.8121,879.536,60
2024-03-29 08:15:09,287,2024-03-29 08:15:00,48E72952E8D2,23.456,56.4715,881.254,59
2024-03-29 08:29:58,288,2024-03-29 08:30:03,48E72952E8D2,22.5819,59.7955,882.73,59
2024-03-29 08:44:56,289,2024-03-29 08:45:02,48E72952E8D2,22.5101,61.2857,883.044,59
2024-03-29 08:59:53,290,2024-03-29 09:00:02,48E72952E8D2,22.4354,62.5732,883.303,60
2024-03-29 09:14:51,291,2024-03-29 09:15:02,48E72952E8D2,22.3887,63.6218,883.466,59
2024-03-29 09:30:00,292,2024-03-29 09:30:04,48E72952E8D2,22.4601,64.5908,883.451,60
2024-03-29 09:44:57,293,2024-03-29 09:45:01,48E72952E8D2,22.4957,65.7884,883.426,59
2024-03-29 10:00:00,294,2024-03-29 10:00:04,48E72952E8D2,22.4971,67.0317,883.429,60
2024-03-29 10:14:57,295,2024-03-29 10:15:01,48E72952E8D2,22.5788,68.042,883.434,59
2024-03-29 10:30:01,296,2024-03-29 10:30:05,48E72952E8D2,22.6229,68.9879,883.36,60
2024-03-29 10:44:59,297,2024-03-29 10:45:02,48E72952E8D2,22.6791,69.3633,883.254,59
2024-03-29 11:00:01,298,2024-03-29 11:00:03,48E72952E8D2,22.7273,70.4254,883.189,60
2024-03-29 11:14:59,299,2024-03-29 11:15:00,48E72952E8D2,22.7749,71.1397,883.091,59
2024-03-29 11:29:57,300,2024-03-29 11:30:01,48E72952E8D2,22.8019,71.949,883.093,60
2024-03-29 11:45:00,301,2024-03-29 11:45:04,48E72952E8D2,22.8132,72.6394,883.086,59
2024-03-29 11:59:57,302,2024-03-29 12:00:01,48E72952E8D2,22.8635,73.0257,882.812,60
2024-03-29 12:15:00,303,2024-03-29 12:15:04,48E72952E8D2,22.8236,73.547,882.72,59
2024-03-29 12:29:59,304,2024-03-29 12:30:02,48E72952E8D2,22.8769,73.9551,882.365,60
2024-03-29 12:45:01,305,2024-03-29 12:45:04,48E72952E8D2,22.9301,74.1985,882.065,59
2024-03-29 12:59:59,306,2024-03-29 13:00:01,48E72952E8D2,22.9548,74.7639,881.805,60
2024-03-29 13:15:01,307,2024-03-29 13:15:02,48E72952E8D2,22.9745,75.0687,881.691,59
2024-03-29 13:30:00,308,2024-03-29 13:30:04,48E72952E8D2,23.0008,75.3547,881.416,60
2024-03-29 13:44:58,309,2024-03-29 13:45:02,48E72952E8D2,23.0352,75.3633,881.239,59
2024-03-29 13:59:55,310,2024-03-29 14:00:00,48E72952E8D2,23.0184,75.326,881.029,59
2024-03-29 14:14:58,311,2024-03-29 14:15:03,48E72952E8D2,22.9668,75.2317,881.047,60
2024-03-29 14:29:57,312,2024-03-29 14:30:00,48E72952E8D2,22.9294,75.1882,880.849,59
2024-03-29 14:44:59,313,2024-03-29 14:45:03,48E72952E8D2,22.9536,75.1539,880.544,60
2024-03-29 14:59:57,314,2024-03-29 15:00:01,48E72952E8D2,22.963,75.3073,880.306,59
2024-03-29 15:15:00,315,2024-03-29 15:15:03,48E72952E8D2,22.9963,75.3412,880.177,60
2024-03-29 15:29:58,316,2024-03-29 15:30:02,48E72952E8D2,22.9306,75.2088,880.166,59
2024-03-29 15:44:56,317,2024-03-29 15:45:01,48E72952E8D2,22.8682,75.178,880.203,60
2024-03-29 15:59:59,318,2024-03-29 16:00:04,48E72952E8D2,22.8563,75.0875,880.196,59
2024-03-29 16:14:56,319,2024-03-29 16:15:02,48E72952E8D2,22.8142,75.0189,880.17,60
2024-03-29 16:30:00,320,2024-03-29 16:30:03,48E72952E8D2,22.7845,74.9292,880.15,59
2024-03-29 16:44:57,321,2024-03-29 16:45:01,48E72952E8D2,22.8231,75.7875,880.017,60
2024-03-29 17:00:05,322,2024-03-29 17:00:03,48E72952E8D2,23.8087,78.3265,878.535,60
2024-03-29 17:15:17,323,2024-03-29 17:15:04,48E72952E8D2,24.7189,76.0592,877.23,60
2024-03-29 17:30:01,324,2024-03-29 17:30:04,48E72952E8D2,25.1794,74.2963,876.615,58
2024-03-29 17:45:04,325,2024-03-29 17:45:04,48E72952E8D2,25.3458,73.3287,876.396,60
2024-03-29 18:00:06,326,2024-03-29 18:00:03,48E72952E8D2,25.3672,72.4434,876.397,60
2024-03-29 18:15:09,327,2024-03-29 18:15:02,48E72952E8D2,25.3019,70.4696,876.574,59
2024-03-29 18:29:57,328,2024-03-29 18:30:02,48E72952E8D2,25.213,69.3009,876.801,59
2024-03-29 18:44:55,329,2024-03-29 18:45:00,48E72952E8D2,25.043,68.0647,877.149,59
2024-03-29 18:59:52,330,2024-03-29 19:00:00,48E72952E8D2,24.8187,66.8723,877.562,60
2024-03-29 19:14:50,331,2024-03-29 19:15:02,48E72952E8D2,24.5452,65.7763,878.019,59
2024-03-29 19:29:59,332,2024-03-29 19:30:04,48E72952E8D2,24.2096,64.9327,878.584,60
2024-03-29 19:44:51,333,2024-03-29 19:45:00,48E72952E8D2,23.8909,64.2852,879.185,59
2024-03-29 19:59:49,334,2024-03-29 20:00:02,48E72952E8D2,23.6252,63.8792,879.813,59
2024-03-29 20:14:41,335,2024-03-29 20:15:00,48E72952E8D2,23.373,63.7011,880.375,59
2024-03-29 20:14:58,336,2024-03-29 20:15:01,48E72952E8D2,23.26,63.74,880.58,1
2024-03-29 20:30:00,337,2024-03-29 20:30:05,48E72952E8D2,23.1271,63.7498,880.928,60
2024-03-29 20:44:58,338,2024-03-29 20:45:04,48E72952E8D2,22.9407,63.6305,881.312,59
2024-03-29 20:59:55,339,2024-03-29 21:00:04,48E72952E8D2,22.9324,63.072,881.336,60
2024-03-29 21:14:59,340,2024-03-29 21:15:03,48E72952E8D2,23.0543,62.138,881.265,59
2024-03-29 21:29:57,341,2024-03-29 21:30:01,48E72952E8D2,23.1069,61.4786,881.234,60
2024-03-29 21:44:59,342,2024-03-29 21:45:03,48E72952E8D2,23.1596,60.8291,881.163,59
2024-03-29 21:59:57,343,2024-03-29 22:00:00,48E72952E8D2,23.1519,60.5131,881.275,60
2024-03-29 22:14:55,344,2024-03-29 22:15:00,48E72952E8D2,23.1007,60.3869,881.318,59
2024-03-29 22:29:58,345,2024-03-29 22:30:02,48E72952E8D2,23.2214,59.7341,881.134,60
2024-03-29 22:45:00,346,2024-03-29 22:45:04,48E72952E8D2,23.3962,59.0484,880.774,59
2024-03-29 22:59:58,347,2024-03-29 23:00:00,48E72952E8D2,23.4549,58.8263,880.645,60
2024-03-29 23:14:57,348,2024-03-29 23:15:00,48E72952E8D2,23.5859,58.3796,880.435,59
2024-03-29 23:29:59,349,2024-03-29 23:30:03,48E72952E8D2,23.5106,58.5429,880.403,60
2024-03-29 23:44:57,350,2024-03-29 23:45:01,48E72952E8D2,23.5458,58.2883,880.287,59
2024-03-29 23:59:59,351,2024-03-30 00:00:04,48E72952E8D2,23.4963,58.3399,880.42,60
2024-03-30 00:14:58,352,2024-03-30 00:15:02,48E72952E8D2,23.4518,58.4376,880.563,59
2024-03-30 00:29:55,353,2024-03-30 00:30:00,48E72952E8D2,23.4469,58.3915,880.471,59
2024-03-30 00:44:58,354,2024-03-30 00:45:03,48E72952E8D2,23.4603,58.2741,880.344,60
2024-03-30 00:59:55,355,2024-03-30 01:00:01,48E72952E8D2,23.4686,58.1604,880.307,59
2024-03-30 01:14:59,356,2024-03-30 01:15:04,48E72952E8D2,23.4548,58.0986,880.232,60
2024-03-30 01:29:57,357,2024-03-30 01:30:01,48E72952E8D2,23.4596,58.0421,880.129,59
2024-03-30 01:45:00,358,2024-03-30 01:45:04,48E72952E8D2,23.4317,58.0034,879.993,60
2024-03-30 01:59:57,359,2024-03-30 02:00:02,48E72952E8D2,23.4087,57.9612,879.905,59
2024-03-30 02:14:56,360,2024-03-30 02:15:00,48E72952E8D2,23.5181,57.5543,879.663,60
2024-03-30 02:29:59,361,2024-03-30 02:30:03,48E72952E8D2,23.5701,57.3437,879.5,59
2024-03-30 02:44:56,362,2024-03-30 02:45:01,48E72952E8D2,23.5341,57.407,879.474,60
2024-03-30 02:59:59,363,2024-03-30 03:00:04,48E72952E8D2,23.4993,57.4062,879.47,59
2024-03-30 03:14:57,364,2024-03-30 03:15:01,48E72952E8D2,23.5076,57.2952,879.344,60
2024-03-30 03:30:00,365,2024-03-30 03:30:04,48E72952E8D2,23.4614,57.433,879.354,59
2024-03-30 03:44:57,366,2024-03-30 03:45:02,48E72952E8D2,23.5444,56.9993,879.207,60
2024-03-30 03:59:55,367,2024-03-30 04:00:00,48E72952E8D2,23.4937,57.0594,879.207,59
2024-03-30 04:14:59,368,2024-03-30 04:15:03,48E72952E8D2,23.4606,57.125,879.315,60
2024-03-30 04:29:56,369,2024-03-30 04:30:02,48E72952E8D2,23.4864,56.9444,879.263,59
2024-03-30 04:44:54,370,2024-03-30 04:45:00,48E72952E8D2,23.5081,56.8418,879.282,59
2024-03-30 04:59:56,371,2024-03-30 05:00:03,48E72952E8D2,23.4789,56.98,879.337,60
2024-03-30 05:15:00,372,2024-03-30 05:15:04,48E72952E8D2,23.4099,57.289,879.404,60
2024-03-30 05:29:58,373,2024-03-30 05:30:02,48E72952E8D2,23.4021,57.4159,879.352,59
2024-03-30 05:44:55,374,2024-03-30 05:45:00,48E72952E8D2,23.4609,57.3618,879.314,59
2024-03-30 05:59:58,375,2024-03-30 06:00:03,48E72952E8D2,23.4426,57.6452,879.353,60
2024-03-30 06:14:57,376,2024-03-30 06:15:00,48E72952E8D2,23.5626,57.5018,879.203,59
2024-03-30 06:29:59,377,2024-03-30 06:30:02,48E72952E8D2,23.5634,57.7804,879.141,60
2024-03-30 06:45:01,378,2024-03-30 06:45:03,48E72952E8D2,23.7339,57.6689,878.947,60
2024-03-30 07:00:04,379,2024-03-30 07:00:03,48E72952E8D2,23.8646,57.9253,878.844,59
2024-03-30 07:14:58,380,2024-03-30 07:15:01,48E72952E8D2,23.9331,58.7576,878.852,59
2024-03-30 07:30:00,381,2024-03-30 07:30:02,48E72952E8D2,24.0418,59.6392,878.845,60
2024-03-30 07:45:03,382,2024-03-30 07:45:01,48E72952E8D2,24.6631,59.0974,878.036,60
2024-03-30 08:00:10,383,2024-03-30 08:00:02,48E72952E8D2,25.1537,57.6936,877.379,60
2024-03-30 08:14:49,384,2024-03-30 08:15:00,48E72952E8D2,23.9204,60.3326,879.212,58
2024-03-30 08:29:36,385,2024-03-30 08:30:01,48E72952E8D2,22.8684,63.5208,880.818,58
2024-03-30 08:44:24,386,2024-03-30 08:45:03,48E72952E8D2,22.6821,64.6003,881.098,59
2024-03-30 08:59:06,387,2024-03-30 09:00:00,48E72952E8D2,22.6528,65.4099,881.117,58
2024-03-30 08:59:58,388,2024-03-30 09:00:01,48E72952E8D2,22.675,65.78,881.05,4
2024-03-30 09:15:00,389,2024-03-30 09:15:04,48E72952E8D2,22.7135,65.969,880.999,59
2024-03-30 09:29:58,390,2024-03-30 09:30:01,48E72952E8D2,22.7638,66.5339,880.971,60
2024-03-30 09:45:00,391,2024-03-30 09:45:03,48E72952E8D2,22.7928,66.812,880.965,59
2024-03-30 09:59:59,392,2024-03-30 10:00:03,48E72952E8D2,22.875,67.3707,880.877,60
2024-03-30 10:14:57,393,2024-03-30 10:15:01,48E72952E8D2,22.9009,68.1247,880.976,59
2024-03-30 10:29:59,394,2024-03-30 10:30:03,48E72952E8D2,22.9241,69.2793,880.937,60
2024-03-30 10:44:57,395,2024-03-30 10:45:01,48E72952E8D2,22.9346,71.4308,880.852,59
2024-03-30 11:00:01,396,2024-03-30 11:00:04,48E72952E8D2,22.9828,72.6514,880.726,60
2024-03-30 11:14:58,397,2024-03-30 11:15:01,48E72952E8D2,23.0409,73.6624,880.432,59
2024-03-30 11:30:01,398,2024-03-30 11:30:02,48E72952E8D2,23.1185,74.3211,880.184,60
2024-03-30 11:45:03,399,2024-03-30 11:45:03,48E72952E8D2,23.1708,74.6499,879.874,59
2024-03-30 11:59:57,400,2024-03-30 12:00:01,48E72952E8D2,23.1748,75.0338,879.837,59
2024-03-30 12:15:00,401,2024-03-30 12:15:03,48E72952E8D2,23.1904,75.3974,879.771,60
2024-03-30 12:29:57,402,2024-03-30 12:30:00,48E72952E8D2,23.2128,75.5931,879.576,59
2024-03-30 12:45:00,403,2024-03-30 12:45:02,48E72952E8D2,23.2365,75.904,879.381,60
2024-03-30 12:59:58,404,2024-03-30 13:00:03,48E72952E8D2,23.2376,75.9402,879.229,59
2024-03-30 13:14:56,405,2024-03-30 13:15:01,48E72952E8D2,23.2206,76.0258,878.934,60
2024-03-30 13:29:59,406,2024-03-30 13:30:04,48E72952E8D2,23.1735,76.0728,878.595,59
2024-03-30 13:44:56,407,2024-03-30 13:45:03,48E72952E8D2,23.1567,76.1424,878.298,60
2024-03-30 14:00:00,408,2024-03-30 14:00:03,48E72952E8D2,23.1657,76.0717,878.056,59
2024-03-30 14:14:57,409,2024-03-30 14:15:01,48E72952E8D2,23.1472,76.1221,877.944,60
2024-03-30 14:30:00,410,2024-03-30 14:30:04,48E72952E8D2,23.0982,76.1119,877.695,59
2024-03-30 14:44:58,411,2024-03-30 14:45:02,48E72952E8D2,23.0732,75.8535,877.525,60
2024-03-30 14:59:56,412,2024-03-30 15:00:01,48E72952E8D2,23.0333,75.576,877.365,59
2024-03-30 15:14:54,413,2024-03-30 15:15:00,48E72952E8D2,22.9699,75.7967,877.286,59
2024-03-30 15:29:56,414,2024-03-30 15:30:04,48E72952E8D2,22.9551,75.8422,877.299,60
2024-03-30 15:44:54,415,2024-03-30 15:45:04,48E72952E8D2,22.935,75.7884,877.145,59
2024-03-30 15:59:58,416,2024-03-30 16:00:02,48E72952E8D2,22.8777,75.5257,877.06,60
2024-03-30 16:14:55,417,2024-03-30 16:15:00,48E72952E8D2,22.8116,75.4785,877.189,59
2024-03-30 16:29:58,418,2024-03-30 16:30:04,48E72952E8D2,22.7771,75.1242,877.153,60
2024-03-30 16:44:55,419,2024-03-30 16:45:02,48E72952E8D2,22.7996,76.0374,877.064,59
2024-03-30 16:59:59,420,2024-03-30 17:00:00,48E72952E8D2,23.7663,78.8655,875.687,60
2024-03-30 17:15:07,421,2024-03-30 17:15:00,48E72952E8D2,24.6395,76.8279,874.458,60
2024-03-30 17:30:19,422,2024-03-30 17:30:02,48E72952E8D2,25.0784,75.1762,873.835,60
2024-03-30 17:45:32,423,2024-03-30 17:45:03,48E72952E8D2,25.2885,73.9243,873.523,61
2024-03-30 18:00:00,424,2024-03-30 18:00:04,48E72952E8D2,25.3297,72.9456,873.397,57
2024-03-30 18:14:58,425,2024-03-30 18:15:01,48E72952E8D2,25.2679,70.8153,873.544,59
2024-03-30 18:30:00,426,2024-03-30 18:30:03,48E72952E8D2,25.1811,69.2639,873.701,60
2024-03-30 18:44:58,427,2024-03-30 18:45:02,48E72952E8D2,24.9487,68.248,874.031,59
2024-03-30 18:59:57,428,2024-03-30 19:00:01,48E72952E8D2,24.7061,67.1032,874.27,60
2024-03-30 19:14:54,429,2024-03-30 19:15:02,48E72952E8D2,24.4252,66.1221,874.735,59
2024-03-30 19:29:52,430,2024-03-30 19:30:03,48E72952E8D2,24.1675,65.3703,875.266,59
2024-03-30 19:44:44,431,2024-03-30 19:45:01,48E72952E8D2,23.9184,64.9156,875.784,59
2024-03-30 19:45:01,432,2024-03-30 19:45:04,48E72952E8D2,23.79,64.42,875.96,1
2024-03-30 19:59:58,433,2024-03-30 20:00:02,48E72952E8D2,23.7096,64.4406,876.225,60
2024-03-30 20:14:56,434,2024-03-30 20:15:02,48E72952E8D2,23.4787,64.4129,876.729,59
2024-03-30 20:29:53,435,2024-03-30 20:30:02,48E72952E8D2,23.3116,64.2789,877.154,59
2024-03-30 20:44:57,436,2024-03-30 20:45:01,48E72952E8D2,23.1507,64.2131,877.501,60
2024-03-30 20:59:54,437,2024-03-30 21:00:00,48E72952E8D2,23.0744,63.7982,877.572,59
2024-03-30 21:14:57,438,2024-03-30 21:15:03,48E72952E8D2,23.2134,62.6784,877.412,60
2024-03-30 21:29:54,439,2024-03-30 21:30:02,48E72952E8D2,23.2349,62.1514,877.604,59
2024-03-30 21:44:58,440,2024-03-30 21:45:02,48E72952E8D2,23.2694,61.6125,877.633,60
2024-03-30 21:59:56,441,2024-03-30 22:00:00,48E72952E8D2,23.2396,61.2815,877.642,59
2024-03-30 22:14:58,442,2024-03-30 22:15:02,48E72952E8D2,23.2564,60.814,877.544,60
2024-03-30 22:29:56,443,2024-03-30 22:30:00,48E72952E8D2,23.2914,60.3239,877.495,59
2024-03-30 22:45:00,444,2024-03-30 22:45:03,48E72952E8D2,23.5037,59.4606,877.185,60
2024-03-30 22:59:57,445,2024-03-30 23:00:01,48E72952E8D2,23.5831,59.0466,877.127,59
2024-03-30 23:15:00,446,2024-03-30 23:15:03,48E72952E8D2,23.6049,58.7876,877.06,60
2024-03-30 23:29:57,447,2024-03-30 23:30:00,48E72952E8D2,23.6577,58.3917,877.007,59
2024-03-30 23:45:01,448,2024-03-30 23:45:04,48E72952E8D2,23.6507,58.2881,877.044,60
2024-03-30 23:59:58,449,2024-03-31 00:00:01,48E72952E8D2,23.6007,58.2585,877.198,59
2024-03-31 00:14:56,450,2024-03-31 00:15:01,48E72952E8D2,23.0067,65.0949,878.098,60
2024-03-31 00:29:48,451,2024-03-31 00:30:00,48E72952E8D2,22.3557,70.5677,879.191,59
2024-03-31 00:44:58,452,2024-03-31 00:45:02,48E72952E8D2,22.3599,71.4116,879.298,60
2024-03-31 01:00:00,453,2024-03-31 01:00:04,48E72952E8D2,22.5726,70.7037,878.933,59
2024-03-31 01:14:57,454,2024-03-31 01:15:00,48E72952E8D2,22.6472,71.8147,878.778,60
2024-03-31 01:30:00,455,2024-03-31 01:30:02,48E72952E8D2,22.594,72.4137,878.929,59
2024-03-31 01:44:59,456,2024-03-31 01:45:03,48E72952E8D2,22.3977,73.3151,879.263,60
2024-03-31 01:59:56,457,2024-03-31 02:00:01,48E72952E8D2,22.6135,71.9348,878.73,59
2024-03-31 02:14:59,458,2024-03-31 02:15:03,48E72952E8D2,22.6083,72.7125,878.651,60
2024-03-31 02:29:56,459,2024-03-31 02:30:02,48E72952E8D2,22.2594,73.9153,878.991,59
2024-03-31 02:45:00,460,2024-03-31 02:45:03,48E72952E8D2,22.4409,73.187,878.671,60
2024-03-31 03:00:02,461,2024-03-31 03:00:04,48E72952E8D2,22.6745,71.4731,878.302,59
2024-03-31 03:15:10,462,2024-03-31 03:15:03,48E72952E8D2,24.3384,65.4462,875.917,60
2024-03-31 03:30:23,463,2024-03-31 03:30:03,48E72952E8D2,25.166,62.6953,874.763,61
2024-03-31 03:45:02,464,2024-03-31 03:45:04,48E72952E8D2,25.5651,61.3093,874.147,58
2024-03-31 04:00:04,465,2024-03-31 04:00:04,48E72952E8D2,25.753,60.6176,873.783,59
2024-03-31 04:15:06,466,2024-03-31 04:15:03,48E72952E8D2,25.9117,59.9773,873.489,60
2024-03-31 04:30:09,467,2024-03-31 04:30:02,48E72952E8D2,26.0159,59.4935,873.318,60
2024-03-31 04:44:58,468,2024-03-31 04:45:01,48E72952E8D2,26.0887,59.0793,873.292,58
2024-03-31 05:00:00,469,2024-03-31 05:00:03,48E72952E8D2,26.144,58.7279,873.363,60
2024-03-31 05:14:58,470,2024-03-31 05:15:00,48E72952E8D2,26.1343,58.547,873.379,59
2024-03-31 05:30:00,471,2024-03-31 05:30:03,48E72952E8D2,26.0694,58.5498,873.607,60
2024-03-31 05:44:59,472,2024-03-31 05:45:03,48E72952E8D2,26.118,58.2009,873.741,59
2024-03-31 05:59:56,473,2024-03-31 06:00:00,48E72952E8D2,26.1951,57.8641,873.776,60
2024-03-31 06:14:59,474,2024-03-31 06:15:02,48E72952E8D2,26.2598,57.596,873.759,59
2024-03-31 06:30:02,475,2024-03-31 06:30:04,48E72952E8D2,26.2146,57.7655,873.927,60
2024-03-31 06:44:55,476,2024-03-31 06:45:00,48E72952E8D2,26.2437,57.688,873.827,59
2024-03-31 06:59:58,477,2024-03-31 07:00:02,48E72952E8D2,26.2724,57.6904,873.602,60
2024-03-31 07:14:55,478,2024-03-31 07:15:03,48E72952E8D2,25.1991,60.5022,875.368,59
2024-03-31 07:29:48,479,2024-03-31 07:30:03,48E72952E8D2,24.3706,62.9196,876.615,59
2024-03-31 07:44:57,480,2024-03-31 07:45:01,48E72952E8D2,24.0784,63.5356,877.171,60
2024-03-31 07:59:54,481,2024-03-31 08:00:00,48E72952E8D2,23.9074,63.0196,877.421,59
2024-03-31 08:14:52,482,2024-03-31 08:15:01,48E72952E8D2,24.0446,60.3468,877.325,60
2024-03-31 08:29:44,483,2024-03-31 08:30:00,48E72952E8D2,23.5218,60.3298,878.237,59
2024-03-31 08:30:01,484,2024-03-31 08:30:04,48E72952E8D2,23.34,60.12,878.5,1
2024-03-31 08:44:58,485,2024-03-31 08:45:02,48E72952E8D2,23.1847,60.1014,878.728,59
2024-03-31 08:59:55,486,2024-03-31 09:00:02,48E72952E8D2,22.9526,60.0238,879.019,59
2024-03-31 09:14:53,487,2024-03-31 09:15:03,48E72952E8D2,22.833,60.0082,879.252,60
2024-03-31 09:29:57,488,2024-03-31 09:30:01,48E72952E8D2,22.8215,60.0554,879.367,59
2024-03-31 09:44:59,489,2024-03-31 09:45:04,48E72952E8D2,22.822,60.3411,879.407,60
2024-03-31 09:59:57,490,2024-03-31 10:00:01,48E72952E8D2,22.828,60.4578,879.301,59
2024-03-31 10:14:59,491,2024-03-31 10:15:04,48E72952E8D2,22.8182,60.6656,879.123,60
2024-03-31 10:29:58,492,2024-03-31 10:30:03,48E72952E8D2,22.7779,60.6154,879.314,59
2024-03-31 10:44:56,493,2024-03-31 10:45:02,48E72952E8D2,22.7171,60.3736,879.47,60
2024-03-31 10:59:53,494,2024-03-31 11:00:01,48E72952E8D2,22.6089,60.1991,879.68,59
2024-03-31 11:14:51,495,2024-03-31 11:15:01,48E72952E8D2,22.569,60.2869,879.798,59
2024-03-31 11:30:00,496,2024-03-31 11:30:04,48E72952E8D2,22.5561,60.4751,879.853,60
2024-03-31 11:44:57,497,2024-03-31 11:45:02,48E72952E8D2,22.4711,60.5299,880.168,60
2024-03-31 11:59:55,498,2024-03-31 12:00:01,48E72952E8D2,22.427,60.501,880.065,59
2024-03-31 12:14:52,499,2024-03-31 12:15:00,48E72952E8D2,22.3785,60.4138,880.092,59
2024-03-31 12:29:56,500,2024-03-31 12:30:01,48E72952E8D2,22.2974,60.3335,880.231,60
2024-03-31 12:44:53,501,2024-03-31 12:45:00,48E72952E8D2,22.2047,60.3684,880.381,59
2024-03-31 12:59:56,502,2024-03-31 13:00:04,48E72952E8D2,22.1627,60.3326,880.266,60
2024-03-31 13:14:54,503,2024-03-31 13:15:03,48E72952E8D2,22.1036,60.4013,880.311,59
2024-03-31 13:29:57,504,2024-03-31 13:30:01,48E72952E8D2,22.0777,60.4181,880.219,60
2024-03-31 13:45:00,505,2024-03-31 13:45:04,48E72952E8D2,22.0496,60.4106,880.208,60
2024-03-31 13:59:57,506,2024-03-31 14:00:02,48E72952E8D2,22.0213,60.3892,880.219,59
2024-03-31 14:15:00,507,2024-03-31 14:15:04,48E72952E8D2,22.013,60.5045,880.104,60
2024-03-31 14:29:59,508,2024-03-31 14:30:04,48E72952E8D2,21.9998,60.3955,880.098,59
2024-03-31 14:44:56,509,2024-03-31 14:45:01,48E72952E8D2,22.0284,60.2806,879.986,59
2024-03-31 14:59:59,510,2024-03-31 15:00:04,48E72952E8D2,22.0136,60.3533,879.968,60
2024-03-31 15:14:56,511,2024-03-31 15:15:02,48E72952E8D2,21.9558,60.2845,880.052,59
2024-03-31 15:29:55,512,2024-03-31 15:30:00,48E72952E8D2,21.8927,60.2409,880.08,60
2024-03-31 15:45:03,513,2024-03-31 15:45:04,48E72952E8D2,22.8423,57.9003,878.7,60
2024-03-31 16:00:15,514,2024-03-31 16:00:04,48E72952E8D2,24.1669,54.2769,876.755,60
2024-03-31 16:15:28,515,2024-03-31 16:15:02,48E72952E8D2,24.6779,53.7342,875.912,60
2024-03-31 16:29:57,516,2024-03-31 16:30:00,48E72952E8D2,25.5506,53.6552,874.849,58
2024-03-31 16:45:04,517,2024-03-31 16:45:04,48E72952E8D2,26.0687,53.4876,874.102,60
2024-03-31 17:00:07,518,2024-03-31 17:00:00,48E72952E8D2,26.619,54.8595,873.134,59
2024-03-31 17:15:19,519,2024-03-31 17:15:03,48E72952E8D2,27.0028,53.9862,872.72,61
2024-03-31 17:29:58,520,2024-03-31 17:30:02,48E72952E8D2,27.1511,53.6199,872.536,58
2024-03-31 17:44:55,521,2024-03-31 17:45:00,48E72952E8D2,27.3341,53.4505,872.329,59
2024-03-31 17:59:58,522,2024-03-31 18:00:02,48E72952E8D2,27.376,53.6048,872.335,60
2024-03-31 18:15:00,523,2024-03-31 18:15:04,48E72952E8D2,27.2439,53.8539,872.292,59
2024-03-31 18:29:59,524,2024-03-31 18:30:03,48E72952E8D2,27.1139,54.2643,872.418,60
2024-03-31 18:44:57,525,2024-03-31 18:45:02,48E72952E8D2,27.0559,54.3774,872.711,59
2024-03-31 18:59:54,526,2024-03-31 19:00:00,48E72952E8D2,27.0414,54.3289,872.696,59
2024-03-31 19:14:57,527,2024-03-31 19:15:03,48E72952E8D2,26.9721,54.4003,872.589,60
2024-03-31 19:29:56,528,2024-03-31 19:30:00,48E72952E8D2,26.9614,54.2979,872.638,59
2024-03-31 19:44:58,529,2024-03-31 19:45:04,48E72952E8D2,26.9849,54.1583,872.771,60
2024-03-31 19:59:56,530,2024-03-31 20:00:02,48E72952E8D2,27.0023,53.925,872.686,59
2024-03-31 20:14:53,531,2024-03-31 20:15:01,48E72952E8D2,26.9229,53.9186,872.95,60
2024-03-31 20:29:57,532,2024-03-31 20:30:02,48E72952E8D2,26.8663,53.8661,873.181,59
2024-03-31 20:44:54,533,2024-03-31 20:45:00,48E72952E8D2,26.8229,53.8862,873.057,60
2024-03-31 20:59:57,534,2024-03-31 21:00:03,48E72952E8D2,26.8675,53.7757,873.125,59
2024-03-31 21:14:54,535,2024-03-31 21:15:01,48E72952E8D2,26.9209,53.7978,873.178,60
2024-03-31 21:29:59,536,2024-03-31 21:30:03,48E72952E8D2,27.005,53.6825,872.683,59
2024-03-31 21:44:56,537,2024-03-31 21:45:01,48E72952E8D2,27.0697,53.4884,872.664,60
2024-03-31 21:59:59,538,2024-03-31 22:00:03,48E72952E8D2,27.0858,53.513,872.678,59
2024-03-31 22:14:56,539,2024-03-31 22:15:00,48E72952E8D2,27.0547,53.6925,872.469,60
2024-03-31 22:30:00,540,2024-03-31 22:30:04,48E72952E8D2,27.0733,53.8501,872.468,59
2024-03-31 22:44:58,541,2024-03-31 22:45:02,48E72952E8D2,27.1659,53.7861,872.443,60
2024-03-31 23:00:00,542,2024-03-31 23:00:04,48E72952E8D2,27.1694,54.0076,872.42,59
2024-03-31 23:14:58,543,2024-03-31 23:15:01,48E72952E8D2,27.1401,54.2353,872.524,60
2024-03-31 23:29:57,544,2024-03-31 23:30:01,48E72952E8D2,27.0918,54.453,872.54,59
2024-03-31 23:44:59,545,2024-03-31 23:45:03,48E72952E8D2,27.1464,54.3319,872.538,60
2024-03-31 23:59:57,546,2024-04-01 00:00:01,48E72952E8D2,27.139,54.4223,872.407,59
2024-04-01 00:14:59,547,2024-04-01 00:15:03,48E72952E8D2,27.1502,54.4246,872.583,60
2024-04-01 00:29:58,548,2024-04-01 00:30:02,48E72952E8D2,27.1769,54.331,872.762,59
2024-04-01 00:45:01,549,2024-04-01 00:45:04,48E72952E8D2,27.1812,54.2256,872.682,60
2024-04-01 00:59:58,550,2024-04-01 01:00:01,48E72952E8D2,27.1385,54.2918,872.308,59
2024-04-01 01:15:01,551,2024-04-01 01:15:03,48E72952E8D2,27.1973,54.1188,872.466,60
2024-04-01 01:30:00,552,2024-04-01 01:30:03,48E72952E8D2,27.2082,54.0478,872.344,59
2024-04-01 01:44:57,553,2024-04-01 01:45:01,48E72952E8D2,27.1685,54.121,872.32,59
2024-04-01 01:59:55,554,2024-04-01 02:00:00,48E72952E8D2,27.0874,54.3675,872.232,60
2024-04-01 02:14:52,555,2024-04-01 02:15:01,48E72952E8D2,26.7063,55.4298,872.626,59
2024-04-01 02:29:56,556,2024-04-01 02:30:01,48E72952E8D2,26.598,55.5851,872.673,60
2024-04-01 02:44:58,557,2024-04-01 02:45:04,48E72952E8D2,26.5758,55.4487,872.734,59
2024-04-01 02:59:56,558,2024-04-01 03:00:03,48E72952E8D2,26.4729,55.3021,872.978,60
2024-04-01 03:14:53,559,2024-04-01 03:15:03,48E72952E8D2,26.0941,55.3306,873.251,59
2024-04-01 03:29:57,560,2024-04-01 03:30:01,48E72952E8D2,26.0599,54.5919,873.43,60
2024-04-01 03:45:00,561,2024-04-01 03:45:03,48E72952E8D2,26.1255,54.1149,873.439,59
2024-04-01 04:00:02,562,2024-04-01 04:00:02,48E72952E8D2,26.5337,53.3786,872.76,60
2024-04-01 04:15:05,563,2024-04-01 04:15:01,48E72952E8D2,26.6052,53.605,872.709,60
2024-04-01 04:29:59,564,2024-04-01 04:30:02,48E72952E8D2,26.5797,54.069,872.761,59
2024-04-01 04:45:01,565,2024-04-01 04:45:04,48E72952E8D2,26.6725,54.2099,872.48,59
2024-04-01 04:59:59,566,2024-04-01 05:00:01,48E72952E8D2,26.6694,54.443,872.887,60
2024-04-01 05:15:01,567,2024-04-01 05:15:04,48E72952E8D2,26.5264,54.4315,873.541,59
2024-04-01 05:29:55,568,2024-04-01 05:30:00,48E72952E8D2,26.3606,54.5451,873.969,59
2024-04-01 05:44:57,569,2024-04-01 05:45:04,48E72952E8D2,26.2633,54.806,874.236,60
2024-04-01 05:59:55,570,2024-04-01 06:00:03,48E72952E8D2,26.2596,54.8363,874.348,59
2024-04-01 06:14:52,571,2024-04-01 06:15:02,48E72952E8D2,26.2621,54.8819,874.392,60
2024-04-01 06:29:56,572,2024-04-01 06:30:00,48E72952E8D2,26.329,54.8439,874.266,59
2024-04-01 06:44:59,573,2024-04-01 06:45:01,48E72952E8D2,26.4162,54.8111,874.228,60
2024-04-01 07:00:01,574,2024-04-01 07:00:02,48E72952E8D2,26.4644,55.0967,874.318,60
2024-04-01 07:14:59,575,2024-04-01 07:15:00,48E72952E8D2,25.4691,58.3091,875.989,59
2024-04-01 07:29:58,576,2024-04-01 07:30:03,48E72952E8D2,24.6912,61.5535,877.3,59
2024-04-01 07:44:55,577,2024-04-01 07:45:03,48E72952E8D2,24.4734,62.6171,877.72,60
2024-04-01 07:59:48,578,2024-04-01 08:00:00,48E72952E8D2,24.3182,61.3323,878.134,59
2024-04-01 08:14:40,579,2024-04-01 08:15:00,48E72952E8D2,24.0167,56.7891,878.818,59
2024-04-01 08:14:57,580,2024-04-01 08:15:01,48E72952E8D2,23.63,57.06,879.48,1
2024-04-01 08:29:54,581,2024-04-01 08:30:00,48E72952E8D2,23.3804,57.4552,879.89,59
2024-04-01 08:44:51,582,2024-04-01 08:45:00,48E72952E8D2,23.1353,57.8142,880.417,59
2024-04-01 08:59:49,583,2024-04-01 09:00:01,48E72952E8D2,23.0516,58.1053,880.601,60
2024-04-01 09:14:58,584,2024-04-01 09:15:03,48E72952E8D2,23.0614,58.5833,880.621,60
2024-04-01 09:29:55,585,2024-04-01 09:30:00,48E72952E8D2,23.1776,58.9557,880.524,59
2024-04-01 09:44:58,586,2024-04-01 09:45:02,48E72952E8D2,23.3706,59.2493,880.351,60
2024-04-01 10:00:00,587,2024-04-01 10:00:03,48E72952E8D2,23.358,59.5859,880.478,59
2024-04-01 10:14:59,588,2024-04-01 10:15:03,48E72952E8D2,23.3584,59.578,880.576,60
2024-04-01 10:29:57,589,2024-04-01 10:30:01,48E72952E8D2,23.3599,59.8113,880.739,59
2024-04-01 10:44:59,590,2024-04-01 10:45:04,48E72952E8D2,23.1817,59.5929,881.394,60
2024-04-01 10:59:57,591,2024-04-01 11:00:03,48E72952E8D2,23.0595,58.3957,881.733,59
2024-04-01 11:15:01,592,2024-04-01 11:15:03,48E72952E8D2,23.2499,58.3926,881.53,60
2024-04-01 11:30:03,593,2024-04-01 11:30:04,48E72952E8D2,23.4418,59.2032,881.202,59
2024-04-01 11:45:06,594,2024-04-01 11:45:04,48E72952E8D2,23.4022,60.3864,881.232,60
2024-04-01 12:00:03,595,2024-04-01 12:00:00,48E72952E8D2,23.329,61.4654,881.332,59
2024-04-01 12:14:57,596,2024-04-01 12:15:02,48E72952E8D2,23.3371,62.3903,881.361,59
2024-04-01 12:30:00,597,2024-04-01 12:30:05,48E72952E8D2,23.3157,62.9618,881.435,60
2024-04-01 12:44:57,598,2024-04-01 12:45:03,48E72952E8D2,23.2745,63.0284,881.504,59
2024-04-01 12:59:55,599,2024-04-01 13:00:01,48E72952E8D2,23.2766,63.4721,881.442,60
2024-04-01 13:14:58,600,2024-04-01 13:15:03,48E72952E8D2,23.2735,63.3333,881.4,59
2024-04-01 13:29:56,601,2024-04-01 13:30:01,48E72952E8D2,23.3182,64.0755,881.233,60
2024-04-01 13:44:54,602,2024-04-01 13:45:00,48E72952E8D2,23.2136,65.4569,881.406,59
2024-04-01 13:59:56,603,2024-04-01 14:00:04,48E72952E8D2,23.0932,65.3398,881.722,60
2024-04-01 14:15:00,604,2024-04-01 14:15:04,48E72952E8D2,23.0923,64.3364,881.697,59
2024-04-01 14:29:57,605,2024-04-01 14:30:01,48E72952E8D2,23.1369,64.7678,881.422,60
2024-04-01 14:45:00,606,2024-04-01 14:45:02,48E72952E8D2,23.2104,65.3318,881.204,59
2024-04-01 15:00:03,607,2024-04-01 15:00:05,48E72952E8D2,23.149,65.2815,881.372,60
2024-04-01 15:14:56,608,2024-04-01 15:15:01,48E72952E8D2,23.0293,64.0528,881.813,59
2024-04-01 15:29:59,609,2024-04-01 15:30:04,48E72952E8D2,23.0566,61.9076,881.975,60
2024-04-01 15:44:56,610,2024-04-01 15:45:03,48E72952E8D2,22.9952,60.9051,882.18,59
2024-04-01 15:59:54,611,2024-04-01 16:00:03,48E72952E8D2,22.8341,60.3315,882.464,59
2024-04-01 16:15:03,612,2024-04-01 16:15:01,48E72952E8D2,23.8634,58.7413,880.831,60
2024-04-01 16:30:20,613,2024-04-01 16:30:02,48E72952E8D2,25.952,54.8869,877.711,61
2024-04-01 16:45:38,614,2024-04-01 16:45:00,48E72952E8D2,26.545,55.2552,876.959,61
2024-04-01 17:01:01,615,2024-04-01 17:00:01,48E72952E8D2,26.6656,59.2785,877.06,61
2024-04-01 17:14:59,616,2024-04-01 17:15:03,48E72952E8D2,26.7423,58.6465,877.075,55
2024-04-01 17:29:57,617,2024-04-01 17:30:00,48E72952E8D2,26.6892,59.1022,877.257,59
2024-04-01 17:44:59,618,2024-04-01 17:45:04,48E72952E8D2,26.6132,59.5184,877.583,60
2024-04-01 17:59:57,619,2024-04-01 18:00:02,48E72952E8D2,26.5614,59.3535,877.861,59
2024-04-01 18:14:56,620,2024-04-01 18:15:00,48E72952E8D2,26.5098,58.8745,878.05,60
2024-04-01 18:29:58,621,2024-04-01 18:30:04,48E72952E8D2,26.4267,58.6051,878.268,59
2024-04-01 18:44:56,622,2024-04-01 18:45:03,48E72952E8D2,26.3534,58.3194,878.553,60
2024-04-01 18:59:53,623,2024-04-01 19:00:02,48E72952E8D2,26.328,57.9581,878.601,59
2024-04-01 19:14:57,624,2024-04-01 19:15:02,48E72952E8D2,26.3259,57.5915,878.736,60
2024-04-01 19:29:59,625,2024-04-01 19:30:04,48E72952E8D2,26.3712,57.1537,878.886,59
2024-04-01 19:44:57,626,2024-04-01 19:45:01,48E72952E8D2,26.3877,56.9863,879.023,60
2024-04-01 20:00:00,627,2024-04-01 20:00:04,48E72952E8D2,26.444,56.8381,879.083,59
2024-04-01 20:14:58,628,2024-04-01 20:15:02,48E72952E8D2,26.4974,56.8466,879.13,60
2024-04-01 20:29:56,629,2024-04-01 20:30:00,48E72952E8D2,26.5931,56.6071,879.17,59
2024-04-01 20:44:58,630,2024-04-01 20:45:01,48E72952E8D2,26.7094,56.2291,879.098,60
2024-04-01 21:00:01,631,2024-04-01 21:00:02,48E72952E8D2,26.8316,55.8881,879.074,59
2024-04-01 21:15:00,632,2024-04-01 21:15:04,48E72952E8D2,26.8084,55.9541,879.184,60
2024-04-01 21:29:57,633,2024-04-01 21:30:01,48E72952E8D2,26.7762,55.955,879.352,59
2024-04-01 21:45:00,634,2024-04-01 21:45:03,48E72952E8D2,26.7542,56.0611,879.56,60
2024-04-01 21:59:57,635,2024-04-01 22:00:01,48E72952E8D2,26.7067,56.265,879.823,59
2024-04-01 22:14:56,636,2024-04-01 22:15:00,48E72952E8D2,26.6695,56.3311,879.928,59
2024-04-01 22:29:59,637,2024-04-01 22:30:03,48E72952E8D2,26.641,56.4718,880.039,60
2024-04-01 22:44:56,638,2024-04-01 22:45:01,48E72952E8D2,26.668,56.4216,879.945,59
2024-04-01 22:59:59,639,2024-04-01 23:00:03,48E72952E8D2,26.6856,56.3123,879.927,60
2024-04-01 23:14:58,640,2024-04-01 23:15:01,48E72952E8D2,26.666,56.2569,880.021,59
2024-04-01 23:30:00,641,2024-04-01 23:30:04,48E72952E8D2,26.6655,56.1121,880.108,60
2024-04-01 23:44:57,642,2024-04-01 23:45:01,48E72952E8D2,26.6745,55.9083,880.182,59
2024-04-02 00:00:00,643,2024-04-02 00:00:04,48E72952E8D2,26.6481,55.8799,880.284,60
2024-04-02 00:14:54,644,2024-04-02 00:15:03,48E72952E8D2,25.9735,60.1806,881.374,59
2024-04-02 00:29:46,645,2024-04-02 00:30:02,48E72952E8D2,25.6691,64.3696,881.843,59
2024-04-02 00:44:39,646,2024-04-02 00:45:00,48E72952E8D2,25.7391,65.1289,881.68,59
2024-04-02 00:59:36,647,2024-04-02 01:00:02,48E72952E8D2,26.0809,64.2428,881.162,59
2024-04-02 00:59:58,648,2024-04-02 01:00:02,48E72952E8D2,26.25,63.585,880.88,2
2024-04-02 01:14:55,649,2024-04-02 01:15:01,48E72952E8D2,25.9875,64.9145,881.336,59
2024-04-02 01:29:53,650,2024-04-02 01:30:02,48E72952E8D2,25.7628,66.1793,881.778,59
2024-04-02 01:44:50,651,2024-04-02 01:45:03,48E72952E8D2,25.8465,66.3914,881.635,60
2024-04-02 01:59:59,652,2024-04-02 02:00:02,48E72952E8D2,26.0914,65.6184,881.282,60
2024-04-02 02:15:02,653,2024-04-02 02:15:04,48E72952E8D2,26.0297,66.1444,881.352,59
2024-04-02 02:29:59,654,2024-04-02 02:30:02,48E72952E8D2,25.7889,67.1911,881.676,60
2024-04-02 02:44:57,655,2024-04-02 02:45:01,48E72952E8D2,25.8321,67.2974,881.655,59
2024-04-02 02:59:55,656,2024-04-02 03:00:00,48E72952E8D2,25.7496,66.5411,881.762,59
2024-04-02 03:14:58,657,2024-04-02 03:15:03,48E72952E8D2,25.6782,65.049,881.951,60
2024-04-02 03:29:55,658,2024-04-02 03:30:01,48E72952E8D2,25.8302,64.526,881.722,59
2024-04-02 03:44:58,659,2024-04-02 03:45:02,48E72952E8D2,26.1856,62.7301,881.296,60
2024-04-02 03:59:57,660,2024-04-02 04:00:01,48E72952E8D2,26.3817,61.4237,880.951,59
2024-04-02 04:14:59,661,2024-04-02 04:15:03,48E72952E8D2,26.4146,60.6736,880.848,60
2024-04-02 04:29:57,662,2024-04-02 04:30:01,48E72952E8D2,26.407,59.9664,880.875,59
2024-04-02 04:45:00,663,2024-04-02 04:45:03,48E72952E8D2,26.4356,59.195,880.876,60
2024-04-02 04:59:59,664,2024-04-02 05:00:03,48E72952E8D2,26.4481,58.5933,880.981,59
2024-04-02 05:14:56,665,2024-04-02 05:15:01,48E72952E8D2,26.4794,58.1771,881.036,60
2024-04-02 05:29:58,666,2024-04-02 05:30:03,48E72952E8D2,26.5343,57.6643,881.101,59
2024-04-02 05:44:56,667,2024-04-02 05:45:00,48E72952E8D2,26.5107,57.2516,881.321,60
2024-04-02 06:00:00,668,2024-04-02 06:00:04,48E72952E8D2,26.4825,56.8794,881.421,59
2024-04-02 06:14:57,669,2024-04-02 06:15:02,48E72952E8D2,26.4322,56.5971,881.654,60
2024-04-02 06:29:55,670,2024-04-02 06:30:00,48E72952E8D2,26.4713,56.1151,881.882,59
2024-04-02 06:44:57,671,2024-04-02 06:45:02,48E72952E8D2,26.4941,55.8841,882.069,60
2024-04-02 07:00:01,672,2024-04-02 07:00:04,48E72952E8D2,26.6835,55.8502,882.047,59
2024-04-02 07:14:58,673,2024-04-02 07:15:02,48E72952E8D2,26.1581,57.5889,883.12,60
2024-04-02 07:29:56,674,2024-04-02 07:30:01,48E72952E8D2,25.7775,59.5228,883.84,59
2024-04-02 07:44:53,675,2024-04-02 07:45:01,48E72952E8D2,25.7075,60.1003,884.098,59
2024-04-02 07:59:57,676,2024-04-02 08:00:02,48E72952E8D2,25.5304,58.2583,884.546,60
2024-04-02 08:14:50,677,2024-04-02 08:15:03,48E72952E8D2,24.1487,58.3086,886.797,59
2024-04-02 08:29:37,678,2024-04-02 08:30:05,48E72952E8D2,23.2053,60.9057,888.505,59
2024-04-02 08:44:19,679,2024-04-02 08:45:02,48E72952E8D2,23.0454,61.6936,888.882,58
2024-04-02 08:44:56,680,2024-04-02 08:45:00,48E72952E8D2,23.075,62.035,888.9,2
2024-04-02 08:59:59,681,2024-04-02 09:00:03,48E72952E8D2,23.1698,62.1685,888.813,60
2024-04-02 09:14:56,682,2024-04-02 09:15:01,48E72952E8D2,23.2198,63.3742,888.86,59
2024-04-02 09:29:59,683,2024-04-02 09:30:04,48E72952E8D2,23.1859,64.6306,889.116,60
2024-04-02 09:44:57,684,2024-04-02 09:45:02,48E72952E8D2,23.1185,65.1392,889.336,59
2024-04-02 09:59:55,685,2024-04-02 10:00:00,48E72952E8D2,23.1265,65.3268,889.433,60
2024-04-02 10:14:57,686,2024-04-02 10:15:03,48E72952E8D2,23.1075,66.3135,889.636,59
2024-04-02 10:29:55,687,2024-04-02 10:30:02,48E72952E8D2,22.9669,67.812,889.968,60
2024-04-02 10:44:59,688,2024-04-02 10:45:04,48E72952E8D2,22.9068,68.3608,890.084,59
2024-04-02 10:59:56,689,2024-04-02 11:00:01,48E72952E8D2,22.9715,68.7665,889.9,60
2024-04-02 11:14:59,690,2024-04-02 11:15:03,48E72952E8D2,23.0582,69.3969,889.754,59
2024-04-02 11:29:56,691,2024-04-02 11:30:01,48E72952E8D2,22.987,69.4273,889.785,60
2024-04-02 11:45:00,692,2024-04-02 11:45:04,48E72952E8D2,23.0046,69.882,889.587,59
2024-04-02 11:59:58,693,2024-04-02 12:00:01,48E72952E8D2,23.0309,70.3164,889.501,60
2024-04-02 12:15:00,694,2024-04-02 12:15:02,48E72952E8D2,23.0907,70.827,889.433,59
2024-04-02 12:30:03,695,2024-04-02 12:30:03,48E72952E8D2,23.0987,71.6072,889.504,60
2024-04-02 12:44:57,696,2024-04-02 12:45:01,48E72952E8D2,23.0727,72.2801,889.586,59
2024-04-02 12:59:59,697,2024-04-02 13:00:04,48E72952E8D2,23.0617,72.5528,889.634,60
2024-04-02 13:14:57,698,2024-04-02 13:15:02,48E72952E8D2,23.0626,72.5767,889.608,59
2024-04-02 13:29:54,699,2024-04-02 13:30:00,48E72952E8D2,23.059,72.6645,889.581,59
2024-04-02 13:44:58,700,2024-04-02 13:45:03,48E72952E8D2,22.9699,72.4772,889.697,60
2024-04-02 13:59:56,701,2024-04-02 14:00:01,48E72952E8D2,22.8933,72.0436,889.853,59
2024-04-02 14:14:53,702,2024-04-02 14:15:00,48E72952E8D2,22.9089,71.5789,889.783,60
2024-04-02 14:29:56,703,2024-04-02 14:30:03,48E72952E8D2,22.9632,71.6294,889.544,59
2024-04-02 14:45:00,704,2024-04-02 14:45:03,48E72952E8D2,23.0479,72.1646,889.354,60
2024-04-02 14:59:57,705,2024-04-02 15:00:00,48E72952E8D2,23.0536,72.167,889.216,59
2024-04-02 15:15:00,706,2024-04-02 15:15:03,48E72952E8D2,23.0626,72.2983,889.221,60
2024-04-02 15:29:57,707,2024-04-02 15:30:00,48E72952E8D2,23.0555,72.5482,889.231,59
2024-04-02 15:44:56,708,2024-04-02 15:45:01,48E72952E8D2,23.0764,72.838,889.207,60
2024-04-02 15:59:58,709,2024-04-02 16:00:04,48E72952E8D2,23.0529,72.9245,889.295,59
2024-04-02 16:14:56,710,2024-04-02 16:15:02,48E72952E8D2,23.0065,72.7616,889.425,60
2024-04-02 16:29:53,711,2024-04-02 16:30:00,48E72952E8D2,22.9788,72.7568,889.592,59
2024-04-02 16:44:58,712,2024-04-02 16:45:01,48E72952E8D2,23.0276,73.7712,889.603,60
2024-04-02 17:00:05,713,2024-04-02 17:00:04,48E72952E8D2,23.7061,77.737,888.694,60
2024-04-02 17:15:12,714,2024-04-02 17:15:04,48E72952E8D2,24.3409,76.3914,887.813,60
2024-04-02 17:30:20,715,2024-04-02 17:30:01,48E72952E8D2,24.6833,74.9979,887.38,60
2024-04-02 17:44:59,716,2024-04-02 17:45:03,48E72952E8D2,24.8155,74.1089,887.337,58
2024-04-02 17:59:56,717,2024-04-02 18:00:00,48E72952E8D2,24.8036,73.4331,887.431,59
2024-04-02 18:14:59,718,2024-04-02 18:15:01,48E72952E8D2,25.1062,72.2825,887.09,60
2024-04-02 18:30:01,719,2024-04-02 18:30:01,48E72952E8D2,25.5045,70.1951,886.63,59
2024-04-02 18:45:00,720,2024-04-02 18:45:04,48E72952E8D2,25.5873,68.7266,886.682,60
2024-04-02 18:59:57,721,2024-04-02 19:00:02,48E72952E8D2,25.5184,67.2736,886.947,59
2024-04-02 19:14:55,722,2024-04-02 19:15:01,48E72952E8D2,25.4177,65.9835,887.189,59
2024-04-02 19:29:57,723,2024-04-02 19:30:05,48E72952E8D2,25.3719,64.814,887.414,60
2024-04-02 19:44:56,724,2024-04-02 19:45:01,48E72952E8D2,25.415,63.5954,887.492,59
2024-04-02 19:59:59,725,2024-04-02 20:00:04,48E72952E8D2,25.4302,62.6101,887.564,60
2024-04-02 20:14:56,726,2024-04-02 20:15:02,48E72952E8D2,25.4484,61.7381,887.628,59
2024-04-02 20:29:54,727,2024-04-02 20:30:00,48E72952E8D2,25.4568,61.0441,887.727,60
2024-04-02 20:44:57,728,2024-04-02 20:45:02,48E72952E8D2,25.4202,60.5927,887.867,59
2024-04-02 21:00:00,729,2024-04-02 21:00:04,48E72952E8D2,25.3887,60.0711,887.966,60
2024-04-02 21:14:57,730,2024-04-02 21:15:01,48E72952E8D2,25.3926,59.4264,888.064,59
2024-04-02 21:30:00,731,2024-04-02 21:30:03,48E72952E8D2,25.4423,58.658,888.057,60
2024-04-02 21:44:59,732,2024-04-02 21:45:03,48E72952E8D2,25.5227,57.8808,887.832,59
2024-04-02 21:59:56,733,2024-04-02 22:00:00,48E72952E8D2,25.5697,57.2621,887.69,60
2024-04-02 22:14:59,734,2024-04-02 22:15:03,48E72952E8D2,25.6499,56.6402,887.631,59
2024-04-02 22:29:56,735,2024-04-02 22:30:00,48E72952E8D2,25.6709,56.2675,887.617,60
2024-04-02 22:45:00,736,2024-04-02 22:45:04,48E72952E8D2,25.6919,55.923,887.535,59
2024-04-02 22:59:58,737,2024-04-02 23:00:01,48E72952E8D2,25.7047,55.6311,887.401,60
2024-04-02 23:15:00,738,2024-04-02 23:15:03,48E72952E8D2,25.7225,55.3681,887.282,59
2024-04-02 23:29:58,739,2024-04-02 23:30:00,48E72952E8D2,25.7741,55.0106,887.191,60
2024-04-02 23:44:56,740,2024-04-02 23:45:00,48E72952E8D2,25.8712,54.5669,886.964,59
2024-04-02 23:59:59,741,2024-04-03 00:00:02,48E72952E8D2,25.866,54.4259,887.031,60
2024-04-03 00:15:01,742,2024-04-03 00:15:04,48E72952E8D2,25.9095,54.1881,887.064,59
2024-04-03 00:29:59,743,2024-04-03 00:30:01,48E72952E8D2,25.9182,54.0755,887.088,60
2024-04-03 00:44:58,744,2024-04-03 00:45:01,48E72952E8D2,25.9477,53.904,886.923,59
2024-04-03 01:00:00,745,2024-04-03 01:00:03,48E72952E8D2,25.9701,53.8009,886.787,60
2024-04-03 01:15:03,746,2024-04-03 01:15:05,48E72952E8D2,25.9754,53.679,886.698,59
2024-04-03 01:30:00,747,2024-04-03 01:30:01,48E72952E8D2,25.9624,53.5783,886.586,60
2024-04-03 01:44:59,748,2024-04-03 01:45:03,48E72952E8D2,25.973,53.4589,886.509,59
2024-04-03 01:59:57,749,2024-04-03 02:00:00,48E72952E8D2,25.9765,53.3898,886.444,59
2024-04-03 02:14:59,750,2024-04-03 02:15:02,48E72952E8D2,26.0282,53.1608,886.284,60
2024-04-03 02:30:02,751,2024-04-03 02:30:04,48E72952E8D2,25.9888,53.2469,886.263,60
2024-04-03 02:45:00,752,2024-04-03 02:45:04,48E72952E8D2,26.0369,52.9579,886.148,59
2024-04-03 02:59:58,753,2024-04-03 03:00:02,48E72952E8D2,26.015,52.9317,886.126,59
2024-04-03 03:14:55,754,2024-04-03 03:15:00,48E72952E8D2,26.0139,52.8305,886.069,60
2024-04-03 03:29:58,755,2024-04-03 03:30:03,48E72952E8D2,26.1073,52.4625,885.874,59
2024-04-03 03:44:57,756,2024-04-03 03:45:01,48E72952E8D2,26.1294,52.3441,885.785,60
2024-04-03 03:59:54,757,2024-04-03 04:00:00,48E72952E8D2,26.1227,52.339,885.682,59
2024-04-03 04:14:57,758,2024-04-03 04:15:03,48E72952E8D2,26.1045,52.3916,885.603,60
2024-04-03 04:29:54,759,2024-04-03 04:30:01,48E72952E8D2,26.1194,52.2798,885.549,59
2024-04-03 04:44:58,760,2024-04-03 04:45:03,48E72952E8D2,26.0617,52.3701,885.54,60
2024-04-03 04:59:56,761,2024-04-03 05:00:00,48E72952E8D2,26.0673,52.2264,885.528,59
2024-04-03 05:14:58,762,2024-04-03 05:15:03,48E72952E8D2,26.0369,52.1851,885.569,60
2024-04-03 05:29:56,763,2024-04-03 05:30:02,48E72952E8D2,26.0216,52.1432,885.518,59
2024-04-03 05:44:59,764,2024-04-03 05:45:04,48E72952E8D2,26.0269,52.0511,885.377,60
2024-04-03 05:59:57,765,2024-04-03 06:00:02,48E72952E8D2,25.9952,52.0524,885.369,59
2024-04-03 06:14:54,766,2024-04-03 06:15:00,48E72952E8D2,26.023,51.9088,885.304,59
2024-04-03 06:29:57,767,2024-04-03 06:30:04,48E72952E8D2,26.0414,51.9936,885.298,60
2024-04-03 06:45:01,768,2024-04-03 06:45:04,48E72952E8D2,26.3116,52.0051,884.938,60
2024-04-03 06:59:58,769,2024-04-03 07:00:00,48E72952E8D2,26.4701,53.0759,884.763,59
2024-04-03 07:15:01,770,2024-04-03 07:15:01,48E72952E8D2,25.9412,55.3551,885.56,60
2024-04-03 07:30:03,771,2024-04-03 07:30:04,48E72952E8D2,25.5082,58.0171,886.198,59
