2023-12-13 08:44:48,2422,2023-12-13 07:45:03,48E729537E2C,27.75,28.06,27.75,27.75,26.31,29.44,29.89,28.89,28.77,27.7
2023-12-13 08:47:45,2423,2023-12-13 07:48:01,48E729537E2C,27.88,28.19,27.75,27.5,26.25,29.42,29.92,28.91,28.75,27.66
2023-12-13 08:50:47,2424,2023-12-13 07:51:03,48E729537E2C,27.94,28.19,27.75,27.5,26.25,29.41,29.94,28.89,28.78,27.69
2023-12-13 08:53:45,2425,2023-12-13 07:54:01,48E729537E2C,28.0,28.19,27.75,27.5,26.38,29.42,29.92,28.88,28.8,27.69
2023-12-13 08:56:47,2426,2023-12-13 07:57:03,48E729537E2C,27.75,28.19,27.5,27.5,26.5,29.44,29.89,28.89,28.78,27.69
2023-12-13 08:59:44,2427,2023-12-13 08:00:01,48E729537E2C,28.0,28.5,27.56,27.5,26.5,29.42,29.94,28.92,28.77,27.67
2023-12-13 09:02:47,2428,2023-12-13 08:03:03,48E729537E2C,28.06,28.44,27.75,27.5,26.5,29.42,29.92,28.89,28.78,27.67
2023-12-13 09:05:44,2429,2023-12-13 08:06:01,48E729537E2C,28.0,28.38,27.5,27.5,26.44,29.42,29.92,28.91,28.77,27.66
2023-12-13 09:08:47,2430,2023-12-13 08:09:03,48E729537E2C,28.0,28.44,27.75,27.5,26.38,29.39,29.89,28.89,28.75,27.67
2023-12-13 09:11:44,2431,2023-12-13 08:12:01,48E729537E2C,28.06,28.5,27.75,27.75,26.75,29.34,29.88,28.89,28.75,27.66
2023-12-13 09:14:47,2432,2023-12-13 08:15:03,48E729537E2C,28.0,28.44,27.75,27.56,26.44,29.36,29.88,28.88,28.72,27.62
2023-12-13 09:17:44,2433,2023-12-13 08:18:01,48E729537E2C,28.0,28.38,27.56,27.5,26.5,29.33,29.83,28.86,28.73,27.64
2023-12-13 09:20:46,2434,2023-12-13 08:21:03,48E729537E2C,28.25,28.62,27.88,27.75,26.75,29.31,29.84,28.84,28.7,27.62
2023-12-13 09:23:44,2435,2023-12-13 08:24:01,48E729537E2C,27.75,28.38,27.75,27.56,26.44,29.31,29.84,28.84,28.69,27.59
2023-12-13 09:26:46,2436,2023-12-13 08:27:03,48E729537E2C,28.0,28.31,27.62,27.62,26.5,29.31,29.8,28.78,28.69,27.56
2023-12-13 09:29:43,2437,2023-12-13 08:30:01,48E729537E2C,28.12,28.5,27.81,27.69,26.56,29.3,29.81,28.77,28.67,27.56
2023-12-13 09:32:46,2438,2023-12-13 08:33:04,48E729537E2C,28.25,28.44,27.75,27.75,26.56,29.31,29.81,28.77,28.69,27.56
2023-12-13 09:35:43,2439,2023-12-13 08:36:01,48E729537E2C,28.06,28.5,27.75,27.75,26.56,29.3,29.81,28.75,28.67,27.58
2023-12-13 09:36:26,2440,2023-12-13 08:39:02,48E729537E2C,27.81,28.44,27.81,27.62,26.5,29.3,29.8,28.75,28.66,27.56
2023-12-13 09:39:24,2441,2023-12-13 08:42:00,48E729537E2C,28.25,28.44,27.69,27.56,26.5,29.3,29.81,28.81,28.67,27.58
2023-12-13 09:42:26,2442,2023-12-13 08:45:02,48E729537E2C,28.25,28.5,27.75,27.75,26.62,29.33,29.88,28.83,28.69,27.62
2023-12-13 09:48:26,2444,2023-12-13 08:51:02,48E729537E2C,28.31,28.44,27.75,27.75,26.5,29.5,30.0,29.0,28.92,27.8
2023-12-13 09:51:29,2445,2023-12-13 08:54:04,48E729537E2C,28.38,28.56,27.81,27.75,26.56,29.55,30.02,29.0,28.94,27.81
2023-12-13 09:54:26,2446,2023-12-13 08:57:01,48E729537E2C,28.25,28.44,27.69,27.56,26.56,29.56,30.06,29.05,28.94,27.81
2023-12-13 09:57:28,2447,2023-12-13 09:00:03,48E729537E2C,28.25,28.5,27.75,27.75,26.5,29.53,30.06,29.06,28.95,27.81
2023-12-13 10:00:26,2448,2023-12-13 09:03:00,48E729537E2C,28.25,28.44,28.0,27.75,26.56,29.56,30.06,29.06,28.98,27.81
2023-12-13 10:03:28,2449,2023-12-13 09:06:03,48E729537E2C,28.25,28.5,27.75,27.75,26.56,29.56,30.09,29.06,29.0,27.81
2023-12-13 10:06:26,2450,2023-12-13 09:09:00,48E729537E2C,28.06,28.5,27.81,27.88,26.75,29.56,30.09,29.06,28.98,27.81
2023-12-13 10:09:28,2451,2023-12-13 09:12:02,48E729537E2C,30.62,29.44,29.94,27.94,26.88,29.58,30.09,29.09,29.0,27.81
2023-12-13 10:12:25,2452,2023-12-13 09:15:00,48E729537E2C,28.81,28.69,28.25,25.94,29.88,29.56,30.08,29.06,28.97,27.81
2023-12-13 10:15:28,2453,2023-12-13 09:18:02,48E729537E2C,28.69,30.75,27.19,29.44,27.69,29.56,30.06,29.06,28.97,27.81
2023-12-13 10:18:30,2454,2023-12-13 09:21:05,48E729537E2C,30.19,29.5,28.88,29.44,27.88,29.56,30.08,29.06,28.94,27.81
2023-12-13 10:21:28,2455,2023-12-13 09:24:02,48E729537E2C,30.5,31.38,28.88,30.0,28.12,29.55,30.06,29.06,28.97,27.81
2023-12-13 10:24:30,2456,2023-12-13 09:27:05,48E729537E2C,30.06,29.88,29.25,29.69,29.0,29.56,30.06,29.06,28.98,27.81
2023-12-13 10:27:27,2457,2023-12-13 09:30:02,48E729537E2C,30.0,30.19,29.19,29.75,28.25,29.56,30.06,29.08,28.97,27.81
2023-12-13 10:30:30,2458,2023-12-13 09:33:04,48E729537E2C,29.0,28.94,27.75,33.69,29.56,29.56,30.05,29.0,28.94,27.81
2023-12-13 10:33:27,2459,2023-12-13 09:36:01,48E729537E2C,28.5,29.19,27.44,37.5,30.56,29.69,30.16,29.12,29.02,27.81
2023-12-13 10:33:50,2460,2023-12-13 09:36:00,48E729537E2C,28.75,28.69,27.75,38.06,32.56,29.7,30.16,29.12,29.02,27.83
2023-12-13 10:36:52,2461,2023-12-13 09:39:03,48E729537E2C,28.56,28.56,27.81,40.75,34.88,29.7,30.14,29.11,29.0,27.81
2023-12-13 10:39:49,2462,2023-12-13 09:42:00,48E729537E2C,29.0,28.75,27.62,42.44,36.56,29.81,30.25,29.19,29.08,27.89
2023-12-13 10:42:52,2463,2023-12-13 09:45:03,48E729537E2C,28.94,28.62,27.81,43.19,38.0,29.88,30.25,29.23,29.11,27.88
2023-12-13 10:45:49,2464,2023-12-13 09:48:00,48E729537E2C,28.94,28.33,28.0,43.31,39.5,29.88,30.25,29.27,29.12,27.92
2023-12-13 10:48:52,2465,2023-12-13 09:51:03,48E729537E2C,29.0,28.88,28.06,43.94,38.56,29.94,30.25,29.25,29.12,27.92
2023-12-13 10:51:49,2466,2023-12-13 09:54:00,48E729537E2C,28.81,28.88,28.0,44.25,38.69,29.92,30.3,29.3,29.12,27.92
2023-12-13 10:54:52,2467,2023-12-13 09:57:02,48E729537E2C,29.12,28.75,28.06,44.19,39.44,29.97,30.31,29.31,29.14,27.92
2023-12-13 10:57:54,2468,2023-12-13 10:00:05,48E729537E2C,29.12,28.83,28.12,44.25,39.62,30.0,30.31,29.31,29.16,27.94
2023-12-13 11:00:51,2469,2023-12-13 10:03:02,48E729537E2C,29.44,28.94,28.0,44.31,39.0,30.0,30.34,29.33,29.19,27.98
2023-12-13 11:03:54,2470,2023-12-13 10:06:04,48E729537E2C,29.25,29.25,27.75,44.5,39.69,30.0,30.38,29.36,29.22,28.0
2023-12-13 11:06:51,2471,2023-12-13 10:09:01,48E729537E2C,29.5,28.88,28.12,44.56,39.75,30.05,30.38,29.38,29.25,28.02
2023-12-13 11:09:54,2472,2023-12-13 10:12:03,48E729537E2C,29.25,29.25,28.06,44.81,40.06,30.09,30.42,29.41,29.27,28.05
2023-12-13 11:12:51,2473,2023-12-13 10:15:01,48E729537E2C,29.25,29.19,27.81,44.44,40.44,30.12,30.42,29.45,29.33,28.06
2023-12-13 11:15:53,2474,2023-12-13 10:18:03,48E729537E2C,29.5,29.44,27.81,44.69,39.62,30.16,30.48,29.47,29.33,28.11
2023-12-13 11:18:51,2475,2023-12-13 10:21:00,48E729537E2C,29.38,29.06,28.25,44.75,39.56,30.19,30.5,29.5,29.38,28.12
2023-12-13 11:21:53,2476,2023-12-13 10:24:02,48E729537E2C,29.56,29.31,28.06,44.5,39.25,30.23,30.55,29.52,29.38,28.14
2023-12-13 11:24:56,2477,2023-12-13 10:27:04,48E729537E2C,29.56,29.38,28.31,44.44,39.94,30.25,30.58,29.58,29.44,28.19
2023-12-13 11:27:53,2478,2023-12-13 10:30:01,48E729537E2C,29.44,29.12,28.44,44.19,39.69,30.25,30.61,29.61,29.44,28.2
2023-12-13 11:30:56,2479,2023-12-13 10:33:03,48E729537E2C,29.5,29.25,28.12,44.5,39.19,30.25,30.62,29.62,29.48,28.22
2023-12-13 11:33:33,2480,2023-12-13 10:36:00,48E729537E2C,29.5,29.17,28.38,44.38,39.69,30.25,30.65,29.64,29.5,28.23
2023-12-13 11:36:36,2481,2023-12-13 10:39:02,48E729537E2C,29.38,28.92,28.25,44.38,39.94,30.3,30.69,29.69,29.52,28.28
2023-12-13 11:39:33,2482,2023-12-13 10:42:00,48E729537E2C,29.5,29.19,28.25,44.25,38.94,30.31,30.69,29.69,29.55,28.31
2023-12-13 11:42:36,2483,2023-12-13 10:45:02,48E729537E2C,29.5,29.25,28.44,44.38,39.38,30.31,30.69,29.7,29.56,28.33
2023-12-13 11:45:38,2484,2023-12-13 10:48:05,48E729537E2C,29.5,29.31,28.31,44.12,39.88,30.36,30.75,29.72,29.58,28.33
2023-12-13 11:48:35,2485,2023-12-13 10:51:02,48E729537E2C,29.56,29.06,28.5,44.69,39.12,30.36,30.75,29.75,29.62,28.38
2023-12-13 11:51:38,2486,2023-12-13 10:54:04,48E729537E2C,29.25,28.92,28.5,44.5,40.06,30.38,30.77,29.77,29.61,28.38
2023-12-13 11:54:35,2487,2023-12-13 10:57:01,48E729537E2C,29.44,29.25,28.44,44.81,39.5,30.38,30.79,29.78,29.64,28.38
2023-12-13 11:57:38,2488,2023-12-13 11:00:04,48E729537E2C,29.75,29.44,28.25,44.56,39.81,30.41,30.8,29.81,29.64,28.41
2023-12-13 12:00:35,2489,2023-12-13 11:03:01,48E729537E2C,29.62,29.08,28.25,44.44,39.5,30.44,30.83,29.83,29.69,28.42
2023-12-13 12:03:38,2490,2023-12-13 11:06:03,48E729537E2C,29.81,29.25,28.62,44.44,38.56,30.45,30.85,29.81,29.7,28.44
2023-12-13 12:06:35,2491,2023-12-13 11:09:00,48E729537E2C,29.44,29.31,28.31,44.56,39.88,30.47,30.88,29.84,29.7,28.44
2023-12-13 12:09:37,2492,2023-12-13 11:12:03,48E729537E2C,29.56,29.5,28.25,44.69,40.19,30.47,30.9,29.88,29.73,28.48
2023-12-13 12:12:35,2493,2023-12-13 11:15:00,48E729537E2C,29.62,29.19,28.44,44.94,40.06,30.5,30.91,29.89,29.72,28.5
2023-12-13 12:15:37,2494,2023-12-13 11:18:02,48E729537E2C,29.75,29.08,28.31,44.94,40.12,30.5,30.92,29.89,29.75,28.5
2023-12-13 12:18:40,2495,2023-12-13 11:21:04,48E729537E2C,29.62,29.25,28.44,44.56,40.19,30.53,30.92,29.92,29.77,28.5
2023-12-13 12:21:37,2496,2023-12-13 11:24:01,48E729537E2C,29.62,29.17,28.38,44.94,40.38,30.55,30.92,29.94,29.77,28.53
2023-12-13 12:24:40,2497,2023-12-13 11:27:04,48E729537E2C,29.56,29.31,28.38,44.56,39.75,30.53,30.94,29.94,29.78,28.52
2023-12-13 12:27:37,2498,2023-12-13 11:30:01,48E729537E2C,29.44,29.42,28.38,44.81,39.31,30.56,30.94,29.94,29.8,28.56
2023-12-13 12:30:39,2499,2023-12-13 11:33:03,48E729537E2C,29.94,29.44,28.25,45.12,39.81,30.56,30.98,29.97,29.81,28.56
2023-12-13 12:32:51,2500,2023-12-13 11:33:02,48E729537E2C,29.56,29.19,28.5,44.88,39.94,30.56,30.97,29.97,29.83,28.56
2023-12-13 12:35:54,2501,2023-12-13 11:36:05,48E729537E2C,29.81,29.17,28.38,44.62,40.38,30.61,31.0,29.98,29.81,28.58
2023-12-13 12:38:51,2502,2023-12-13 11:39:02,48E729537E2C,29.5,29.5,28.38,44.81,40.44,30.58,31.0,30.0,29.84,28.56
2023-12-13 12:41:53,2503,2023-12-13 11:42:04,48E729537E2C,29.56,29.33,28.44,44.81,40.06,30.59,31.02,30.0,29.86,28.59
2023-12-13 12:44:51,2504,2023-12-13 11:45:02,48E729537E2C,29.75,29.12,28.5,44.62,40.38,30.62,31.02,30.0,29.86,28.61
2023-12-13 12:47:53,2505,2023-12-13 11:48:04,48E729537E2C,29.56,29.25,28.5,44.69,40.19,30.62,31.0,30.02,29.86,28.62
2023-12-13 12:50:50,2506,2023-12-13 11:51:02,48E729537E2C,30.0,29.5,28.75,45.44,39.75,30.62,31.03,30.0,29.88,28.61
2023-12-13 12:53:53,2507,2023-12-13 11:54:04,48E729537E2C,29.69,29.62,28.69,44.69,40.19,30.62,31.05,30.02,29.88,28.62
2023-12-13 12:56:50,2508,2023-12-13 11:57:01,48E729537E2C,29.94,29.31,29.0,45.06,40.44,30.62,31.02,30.02,29.89,28.62
2023-12-13 12:59:53,2509,2023-12-13 12:00:04,48E729537E2C,29.69,29.5,29.0,45.5,40.75,30.64,31.05,30.03,29.88,28.62
2023-12-13 13:02:50,2510,2023-12-13 12:03:01,48E729537E2C,29.88,29.25,28.75,45.5,40.88,30.64,31.09,30.06,29.89,28.66
2023-12-13 13:05:53,2511,2023-12-13 12:06:04,48E729537E2C,29.94,29.56,28.81,45.0,41.06,30.62,31.09,30.03,29.89,28.64
2023-12-13 13:08:50,2512,2023-12-13 12:09:01,48E729537E2C,29.94,29.38,28.81,45.5,40.88,30.64,31.08,30.06,29.91,28.64
2023-12-13 13:11:52,2513,2023-12-13 12:12:04,48E729537E2C,29.75,29.25,28.75,45.69,40.88,30.62,31.06,30.05,29.92,28.64
2023-12-13 13:14:50,2514,2023-12-13 12:15:01,48E729537E2C,29.69,29.12,28.81,45.5,40.69,30.62,31.06,30.02,29.91,28.66
2023-12-13 13:17:52,2515,2023-12-13 12:18:04,48E729537E2C,29.75,29.38,28.75,45.25,40.62,30.64,31.09,30.05,29.92,28.64
2023-12-13 13:20:49,2516,2023-12-13 12:21:01,48E729537E2C,29.75,29.44,28.75,45.12,40.5,30.62,31.05,30.03,29.89,28.64
2023-12-13 13:23:52,2517,2023-12-13 12:24:04,48E729537E2C,29.75,29.31,28.88,45.69,40.25,30.62,31.06,30.03,29.91,28.62
2023-12-13 13:26:49,2518,2023-12-13 12:27:01,48E729537E2C,29.81,29.44,28.69,45.5,40.44,30.62,31.06,30.03,29.89,28.62
2023-12-13 13:29:52,2519,2023-12-13 12:30:04,48E729537E2C,29.62,29.62,28.5,45.25,40.94,30.62,31.03,30.02,29.89,28.64
2023-12-13 13:32:19,2520,2023-12-13 12:33:01,48E729537E2C,29.75,29.56,28.88,45.0,40.88,30.62,31.06,30.05,29.88,28.62
2023-12-13 13:35:22,2521,2023-12-13 12:36:04,48E729537E2C,29.75,29.62,28.94,45.19,40.56,30.62,31.02,30.03,29.86,28.64
2023-12-13 13:38:19,2522,2023-12-13 12:39:01,48E729537E2C,29.81,29.62,28.94,45.5,40.5,30.62,31.05,30.03,29.88,28.62
2023-12-13 13:41:22,2523,2023-12-13 12:42:04,48E729537E2C,29.75,29.62,29.0,45.25,40.81,30.61,31.02,30.02,29.88,28.62
2023-12-13 13:44:19,2524,2023-12-13 12:45:01,48E729537E2C,29.62,29.62,28.88,45.5,40.94,30.61,31.03,30.0,29.88,28.61
2023-12-13 13:47:21,2525,2023-12-13 12:48:04,48E729537E2C,29.75,29.62,28.69,45.56,40.81,30.59,31.05,30.0,29.88,28.61
2023-12-13 13:50:19,2526,2023-12-13 12:51:01,48E729537E2C,29.5,29.69,28.69,45.44,41.12,30.59,31.02,29.98,29.86,28.56
2023-12-13 13:53:21,2527,2023-12-13 12:54:03,48E729537E2C,29.75,29.5,28.81,45.5,40.31,30.59,31.0,30.0,29.84,28.59
2023-12-13 13:56:19,2528,2023-12-13 12:57:01,48E729537E2C,29.69,29.56,29.0,45.31,40.81,30.56,31.0,29.98,29.83,28.56
2023-12-13 13:59:21,2529,2023-12-13 13:00:03,48E729537E2C,29.75,29.44,28.62,45.38,40.44,30.56,30.98,29.98,29.81,28.59
2023-12-13 14:02:18,2530,2023-12-13 13:03:01,48E729537E2C,29.75,29.5,28.75,45.44,40.88,30.56,30.97,29.95,29.81,28.56
2023-12-13 14:05:21,2531,2023-12-13 13:06:03,48E729537E2C,29.69,29.38,28.75,45.44,40.94,30.56,30.94,29.92,29.78,28.56
2023-12-13 14:08:18,2532,2023-12-13 13:09:01,48E729537E2C,29.62,29.44,28.62,45.44,40.75,30.53,30.94,29.94,29.8,28.55
2023-12-13 14:11:21,2533,2023-12-13 13:12:03,48E729537E2C,29.56,29.44,28.5,45.69,40.31,30.5,30.94,29.92,29.77,28.55
2023-12-13 14:14:18,2534,2023-12-13 13:15:01,48E729537E2C,29.62,29.44,28.75,45.31,40.5,30.5,30.91,29.91,29.75,28.5
2023-12-13 14:17:20,2535,2023-12-13 13:18:03,48E729537E2C,29.69,29.44,28.75,45.31,40.62,30.48,30.91,29.89,29.75,28.5
2023-12-13 14:20:18,2536,2023-12-13 13:21:01,48E729537E2C,29.44,29.38,28.75,45.25,40.75,30.45,30.89,29.88,29.73,28.47
2023-12-13 14:23:20,2537,2023-12-13 13:24:03,48E729537E2C,29.5,29.38,28.56,45.31,40.88,30.45,30.86,29.84,29.7,28.45
2023-12-13 14:26:18,2538,2023-12-13 13:27:01,48E729537E2C,29.5,29.31,28.38,45.44,40.56,30.41,30.86,29.83,29.7,28.44
2023-12-13 14:29:20,2539,2023-12-13 13:30:04,48E729537E2C,29.5,29.25,28.69,45.12,40.88,30.42,30.84,29.83,29.69,28.44
2023-12-13 14:29:38,2540,2023-12-13 13:30:03,48E729537E2C,29.62,29.38,28.5,45.31,40.44,30.42,30.84,29.83,29.69,28.45
2023-12-13 14:32:35,2541,2023-12-13 13:33:01,48E729537E2C,29.25,29.44,28.5,45.19,40.69,30.39,30.81,29.81,29.64,28.41
2023-12-13 14:35:38,2542,2023-12-13 13:36:03,48E729537E2C,29.25,29.12,28.56,45.06,40.69,30.38,30.8,29.8,29.62,28.39
2023-12-13 14:38:35,2543,2023-12-13 13:39:01,48E729537E2C,29.12,29.19,28.56,45.31,40.5,30.34,30.78,29.77,29.62,28.38
2023-12-13 14:41:37,2544,2023-12-13 13:42:03,48E729537E2C,29.38,29.12,28.31,45.25,40.31,30.36,30.77,29.77,29.61,28.38
2023-12-13 14:44:35,2545,2023-12-13 13:45:01,48E729537E2C,29.31,29.19,28.5,45.31,40.31,30.34,30.75,29.73,29.59,28.34
2023-12-13 14:47:37,2546,2023-12-13 13:48:03,48E729537E2C,29.25,29.06,28.38,45.25,40.62,30.31,30.73,29.72,29.56,28.31
2023-12-13 14:50:34,2547,2023-12-13 13:51:01,48E729537E2C,29.25,29.0,28.38,45.06,40.75,30.3,30.73,29.69,29.55,28.31
2023-12-13 14:53:37,2548,2023-12-13 13:54:04,48E729537E2C,29.0,29.0,28.38,44.94,40.81,30.25,30.67,29.69,29.55,28.28
2023-12-13 14:56:34,2549,2023-12-13 13:57:01,48E729537E2C,29.25,28.81,28.5,45.0,40.94,30.25,30.67,29.69,29.55,28.3
2023-12-13 14:59:37,2550,2023-12-13 14:00:04,48E729537E2C,28.81,28.94,28.38,45.0,40.75,30.27,30.62,29.62,29.5,28.3
2023-12-13 15:02:34,2551,2023-12-13 14:03:01,48E729537E2C,29.06,28.75,28.44,45.38,40.0,30.25,30.67,29.67,29.52,28.28
2023-12-13 15:05:37,2552,2023-12-13 14:06:04,48E729537E2C,28.94,28.88,28.5,44.88,40.62,30.25,30.69,29.69,29.55,28.3
2023-12-13 15:08:34,2553,2023-12-13 14:09:01,48E729537E2C,28.94,28.88,28.44,45.0,40.75,30.27,30.67,29.69,29.55,28.31
2023-12-13 15:11:37,2554,2023-12-13 14:12:04,48E729537E2C,29.0,28.94,28.38,44.88,40.5,30.27,30.69,29.67,29.52,28.25
2023-12-13 15:14:34,2555,2023-12-13 14:15:02,48E729537E2C,29.0,28.88,28.38,45.12,39.81,30.25,30.66,29.62,29.5,28.25
2023-12-13 15:17:37,2556,2023-12-13 14:18:05,48E729537E2C,29.06,28.69,28.44,44.81,40.75,30.25,30.62,29.64,29.47,28.22
2023-12-13 15:20:34,2557,2023-12-13 14:21:02,48E729537E2C,29.0,28.75,28.31,45.06,39.69,30.23,30.59,29.59,29.44,28.19
2023-12-13 15:23:31,2558,2023-12-13 14:24:00,48E729537E2C,28.75,28.88,28.25,44.88,40.19,30.25,30.61,29.58,29.44,28.2
2023-12-13 15:26:34,2559,2023-12-13 14:27:03,48E729537E2C,28.69,28.75,28.25,44.69,40.62,30.25,30.59,29.56,29.44,28.19
2023-12-13 15:27:22,2560,2023-12-13 14:30:03,48E729537E2C,29.0,28.88,28.06,44.94,39.94,30.22,30.59,29.56,29.42,28.19
2023-12-13 15:30:19,2561,2023-12-13 14:33:00,48E729537E2C,28.94,28.75,28.0,44.94,40.06,30.19,30.55,29.55,29.42,28.14
2023-12-13 15:33:22,2562,2023-12-13 14:36:02,48E729537E2C,28.81,28.56,28.25,44.56,39.94,30.17,30.5,29.52,29.38,28.16
2023-12-13 15:36:19,2563,2023-12-13 14:39:00,48E729537E2C,28.62,28.62,28.25,44.75,39.75,30.12,30.5,29.5,29.36,28.09
2023-12-13 15:39:22,2564,2023-12-13 14:42:02,48E729537E2C,28.81,28.56,28.0,44.75,39.69,30.08,30.44,29.44,29.31,28.09
2023-12-13 15:42:19,2565,2023-12-13 14:45:00,48E729537E2C,28.75,28.69,27.94,44.75,40.31,30.06,30.42,29.41,29.27,28.05
2023-12-13 15:45:22,2566,2023-12-13 14:48:03,48E729537E2C,28.62,28.5,28.0,44.31,40.12,30.02,30.41,29.38,29.23,28.02
2023-12-13 15:48:19,2567,2023-12-13 14:51:00,48E729537E2C,28.56,28.5,28.12,44.75,39.88,30.0,30.38,29.38,29.23,27.98
2023-12-13 15:51:22,2568,2023-12-13 14:54:03,48E729537E2C,28.5,28.44,27.81,44.62,39.44,29.94,30.33,29.31,29.19,27.97
2023-12-13 15:54:19,2569,2023-12-13 14:57:01,48E729537E2C,28.62,28.44,27.94,44.62,39.88,29.94,30.31,29.28,29.17,27.92
2023-12-13 15:57:21,2570,2023-12-13 15:00:03,48E729537E2C,28.38,28.5,28.0,44.31,39.81,29.89,30.27,29.25,29.12,27.88
2023-12-13 16:00:19,2571,2023-12-13 15:03:01,48E729537E2C,28.5,28.19,27.88,44.56,40.06,29.86,30.25,29.23,29.11,27.88
2023-12-13 16:03:21,2572,2023-12-13 15:06:04,48E729537E2C,28.19,28.25,28.0,44.62,39.25,29.81,30.25,29.17,29.08,27.83
2023-12-13 16:06:18,2573,2023-12-13 15:09:02,48E729537E2C,28.56,28.25,28.25,43.94,38.31,29.81,30.25,29.19,29.05,27.81
2023-12-13 16:09:16,2574,2023-12-13 15:12:00,48E729537E2C,28.31,28.38,28.25,43.94,39.31,29.8,30.25,29.17,29.05,27.81
2023-12-13 16:12:18,2575,2023-12-13 15:15:03,48E729537E2C,28.38,28.56,28.31,44.06,38.94,29.83,30.25,29.2,29.08,27.84
2023-12-13 16:15:16,2576,2023-12-13 15:18:00,48E729537E2C,28.44,28.44,28.44,44.06,38.94,29.88,30.25,29.19,29.06,27.84
2023-12-13 16:18:18,2577,2023-12-13 15:21:03,48E729537E2C,28.5,28.44,28.19,43.81,38.38,29.83,30.25,29.2,29.05,27.83
2023-12-13 16:21:15,2578,2023-12-13 15:24:01,48E729537E2C,28.56,28.69,27.94,43.69,39.06,29.81,30.22,29.14,29.03,27.81
2023-12-13 16:24:18,2579,2023-12-13 15:27:04,48E729537E2C,28.5,28.69,28.19,43.62,39.0,29.77,30.19,29.12,29.0,27.81
2023-12-13 16:27:06,2580,2023-12-13 16:27:00,48E729537E2C,28.5,28.62,28.25,43.44,38.88,29.73,30.17,29.12,28.95,27.81
2023-12-13 16:30:09,2581,2023-12-13 16:30:03,48E729537E2C,28.25,28.81,28.25,43.12,38.69,29.69,30.14,29.06,28.95,27.75
2023-12-13 16:33:06,2582,2023-12-13 16:33:00,48E729537E2C,28.5,28.62,28.25,42.69,38.12,29.66,30.12,29.03,28.88,27.72
2023-12-13 16:36:08,2583,2023-12-13 16:36:03,48E729537E2C,28.31,28.62,28.31,42.5,38.38,29.62,30.05,29.0,28.86,27.69
2023-12-13 16:39:06,2584,2023-12-13 16:39:01,48E729537E2C,28.06,28.62,28.25,42.44,38.0,29.56,30.05,28.98,28.83,27.69
2023-12-13 16:42:08,2585,2023-12-13 16:42:03,48E729537E2C,28.25,28.44,27.75,42.38,37.12,29.56,30.0,28.94,28.75,27.66
2023-12-13 16:45:06,2586,2023-12-13 16:45:01,48E729537E2C,28.06,28.44,27.88,42.62,37.62,29.55,29.95,28.89,28.75,27.62
2023-12-13 16:48:08,2587,2023-12-13 16:48:04,48E729537E2C,28.25,28.25,27.75,42.56,37.19,29.5,29.94,28.88,28.69,27.59
2023-12-13 16:51:05,2588,2023-12-13 16:51:01,48E729537E2C,28.25,28.31,27.75,42.44,37.38,29.47,29.91,28.83,28.69,27.56
2023-12-13 16:54:08,2589,2023-12-13 16:54:04,48E729537E2C,28.38,28.12,27.81,42.88,37.31,29.47,29.89,28.81,28.66,27.58
2023-12-13 16:57:05,2590,2023-12-13 16:57:02,48E729537E2C,28.25,28.25,27.75,43.31,38.0,29.44,29.88,28.8,28.64,27.56
2023-12-13 17:00:02,2591,2023-12-13 17:00:00,48E729537E2C,28.06,28.19,28.0,43.56,38.06,29.42,29.86,28.8,28.69,27.53
2023-12-13 17:03:05,2592,2023-12-13 17:03:02,48E729537E2C,28.12,28.12,27.75,43.06,38.31,29.44,29.88,28.78,28.64,27.56
2023-12-13 17:06:02,2593,2023-12-13 17:06:00,48E729537E2C,28.19,28.06,27.75,43.69,39.0,29.47,29.88,28.77,28.69,27.56
2023-12-13 17:09:05,2594,2023-12-13 17:09:03,48E729537E2C,28.19,27.94,27.75,44.06,39.12,29.47,29.89,28.78,28.69,27.56
2023-12-13 17:12:02,2595,2023-12-13 17:12:01,48E729537E2C,28.0,27.94,27.75,44.25,39.5,29.45,29.88,28.81,28.67,27.56
2023-12-13 17:15:05,2596,2023-12-13 17:15:03,48E729537E2C,28.0,27.88,27.88,44.38,39.62,29.45,29.89,28.81,28.69,27.56
2023-12-13 17:18:02,2597,2023-12-13 17:18:01,48E729537E2C,28.0,27.88,27.94,44.44,39.12,29.48,29.91,28.86,28.69,27.58
2023-12-13 17:21:04,2598,2023-12-13 17:21:04,48E729537E2C,28.12,27.94,27.75,44.69,39.06,29.47,29.92,28.88,28.69,27.58
2023-12-13 17:24:02,2599,2023-12-13 17:24:02,48E729537E2C,28.06,28.0,27.5,44.56,39.56,29.47,29.94,28.84,28.72,27.59
2023-12-13 17:27:06,2600,2023-12-13 17:27:00,48E729537E2C,28.0,27.62,27.75,44.06,38.12,29.5,29.92,28.86,28.69,27.59
2023-12-13 17:30:08,2601,2023-12-13 17:30:03,48E729537E2C,27.94,27.88,27.56,44.25,39.44,29.48,29.89,28.88,28.73,27.62
2023-12-13 17:33:05,2602,2023-12-13 17:33:00,48E729537E2C,28.0,27.75,27.62,44.19,39.69,29.47,29.89,28.88,28.7,27.59
2023-12-13 17:36:08,2603,2023-12-13 17:36:03,48E729537E2C,27.81,27.94,27.75,44.31,40.12,29.47,29.91,28.86,28.69,27.61
2023-12-13 17:39:05,2604,2023-12-13 17:39:00,48E729537E2C,28.0,27.56,27.56,44.38,40.31,29.48,29.92,28.88,28.69,27.56
2023-12-13 17:42:08,2605,2023-12-13 17:42:03,48E729537E2C,27.75,27.75,27.62,44.5,40.31,29.47,29.92,28.86,28.69,27.58
2023-12-13 17:45:05,2606,2023-12-13 17:45:00,48E729537E2C,27.81,27.62,27.5,44.31,40.25,29.47,29.91,28.83,28.7,27.56
2023-12-13 17:48:07,2607,2023-12-13 17:48:03,48E729537E2C,27.88,27.81,27.56,44.5,39.44,29.48,29.92,28.86,28.69,27.58
2023-12-13 17:51:05,2608,2023-12-13 17:51:00,48E729537E2C,27.88,27.62,27.44,44.44,40.06,29.44,29.89,28.84,28.67,27.56
2023-12-13 17:54:07,2609,2023-12-13 17:54:03,48E729537E2C,27.75,27.75,27.56,44.5,40.31,29.47,29.91,28.83,28.69,27.56
2023-12-13 17:57:05,2610,2023-12-13 17:57:00,48E729537E2C,27.69,27.69,27.5,43.94,39.94,29.45,29.88,28.8,28.67,27.55
2023-12-13 18:00:07,2611,2023-12-13 18:00:03,48E729537E2C,27.75,27.69,27.5,44.31,39.94,29.44,29.88,28.81,28.67,27.55
2023-12-13 18:03:04,2612,2023-12-13 18:03:00,48E729537E2C,27.75,27.69,27.44,44.44,39.38,29.42,29.88,28.78,28.66,27.56
2023-12-13 18:06:07,2613,2023-12-13 18:06:03,48E729537E2C,27.75,27.69,27.56,44.44,40.0,29.44,29.86,28.77,28.67,27.56
2023-12-13 18:09:04,2614,2023-12-13 18:09:00,48E729537E2C,27.75,27.69,27.75,44.56,39.25,29.45,29.88,28.83,28.67,27.56
2023-12-13 18:12:07,2615,2023-12-13 18:12:03,48E729537E2C,27.94,27.75,27.69,44.81,39.06,29.45,29.91,28.84,28.69,27.56
2023-12-13 18:15:04,2616,2023-12-13 18:15:00,48E729537E2C,28.06,27.94,27.75,44.56,39.69,29.5,29.92,28.86,28.73,27.61
2023-12-13 18:18:06,2617,2023-12-13 18:18:03,48E729537E2C,28.12,27.56,27.88,44.75,39.94,29.53,29.95,28.89,28.77,27.64
2023-12-13 18:21:04,2618,2023-12-13 18:21:00,48E729537E2C,27.94,28.0,27.75,44.94,39.94,29.56,30.0,28.94,28.8,27.69
2023-12-13 18:24:06,2619,2023-12-13 18:24:03,48E729537E2C,28.25,27.88,27.88,44.62,40.0,29.61,30.06,29.0,28.88,27.7
2023-12-13 18:27:05,2620,2023-12-13 18:27:00,48E729537E2C,28.12,28.06,27.94,44.69,40.19,29.67,30.09,29.05,28.91,27.78
2023-12-13 18:30:07,2621,2023-12-13 18:30:02,48E729537E2C,28.44,27.94,27.69,45.0,40.12,29.7,30.12,29.05,28.94,27.81
2023-12-13 18:33:10,2622,2023-12-13 18:33:05,48E729537E2C,28.25,28.12,27.94,44.75,40.75,29.75,30.17,29.12,29.0,27.81
2023-12-13 18:36:07,2623,2023-12-13 18:36:02,48E729537E2C,28.38,28.0,28.0,44.62,40.75,29.77,30.19,29.14,29.02,27.83
2023-12-13 18:39:10,2624,2023-12-13 18:39:04,48E729537E2C,28.5,28.31,28.0,44.62,40.5,29.81,30.23,29.19,29.05,27.81
2023-12-13 18:42:07,2625,2023-12-13 18:42:01,48E729537E2C,28.5,28.25,28.12,44.81,40.62,29.88,30.25,29.22,29.08,27.88
2023-12-13 18:45:09,2626,2023-12-13 18:45:03,48E729537E2C,28.31,28.19,28.25,44.94,40.44,29.88,30.25,29.25,29.12,27.92
2023-12-13 18:48:07,2627,2023-12-13 18:48:00,48E729537E2C,28.44,28.12,28.06,45.0,40.56,29.94,30.28,29.3,29.17,27.94
2023-12-13 18:51:09,2628,2023-12-13 18:51:02,48E729537E2C,28.5,28.31,28.0,44.94,40.62,29.95,30.31,29.31,29.2,27.98
2023-12-13 18:54:12,2629,2023-12-13 18:54:05,48E729537E2C,28.62,28.25,28.0,45.0,40.75,30.0,30.31,29.33,29.23,27.98
2023-12-13 18:57:09,2630,2023-12-13 18:57:02,48E729537E2C,28.75,28.44,28.0,45.44,40.44,30.02,30.38,29.38,29.25,28.0
2023-12-13 19:00:12,2631,2023-12-13 19:00:04,48E729537E2C,28.75,28.56,28.0,45.06,40.75,30.02,30.39,29.38,29.25,28.06
2023-12-13 19:03:09,2632,2023-12-13 19:03:00,48E729537E2C,28.75,28.44,28.25,45.12,40.12,30.06,30.39,29.41,29.31,28.05
2023-12-13 19:06:11,2633,2023-12-13 19:06:03,48E729537E2C,28.75,28.5,28.25,44.81,40.69,30.08,30.44,29.44,29.3,28.06
2023-12-13 19:09:14,2634,2023-12-13 19:09:05,48E729537E2C,28.75,28.44,28.25,45.31,40.56,30.11,30.44,29.44,29.31,28.09
2023-12-13 19:12:11,2635,2023-12-13 19:12:01,48E729537E2C,28.69,28.5,28.25,45.25,40.56,30.12,30.47,29.47,29.34,28.11
2023-12-13 19:15:14,2636,2023-12-13 19:15:03,48E729537E2C,28.69,28.56,28.19,45.31,40.5,30.11,30.45,29.47,29.36,28.11
2023-12-13 19:18:11,2637,2023-12-13 19:18:00,48E729537E2C,28.75,28.62,28.19,45.44,40.88,30.12,30.5,29.5,29.38,28.12
2023-12-13 19:21:13,2638,2023-12-13 19:21:02,48E729537E2C,28.88,28.44,28.25,45.69,41.12,30.19,30.5,29.52,29.38,28.16
2023-12-13 19:24:16,2639,2023-12-13 19:24:04,48E729537E2C,29.0,28.62,28.06,45.75,40.56,30.19,30.52,29.52,29.38,28.16
2023-12-13 19:27:09,2640,2023-12-13 19:27:04,48E729537E2C,28.75,28.56,28.12,45.12,41.06,30.19,30.52,29.53,29.44,28.16
2023-12-13 19:30:07,2641,2023-12-13 19:30:01,48E729537E2C,28.75,28.38,28.25,45.25,40.5,30.19,30.56,29.56,29.44,28.19
2023-12-13 19:33:09,2642,2023-12-13 19:33:04,48E729537E2C,28.69,28.5,28.31,45.69,40.62,30.2,30.56,29.56,29.44,28.2
2023-12-13 19:36:06,2643,2023-12-13 19:36:01,48E729537E2C,28.94,28.5,28.12,46.0,40.25,30.2,30.56,29.56,29.44,28.2
2023-12-13 19:39:09,2644,2023-12-13 19:39:03,48E729537E2C,28.88,28.62,28.19,45.38,40.94,30.2,30.56,29.58,29.44,28.2
2023-12-13 19:42:06,2645,2023-12-13 19:42:01,48E729537E2C,28.81,28.56,28.25,45.62,40.56,30.2,30.58,29.61,29.45,28.23
2023-12-13 19:45:09,2646,2023-12-13 19:45:03,48E729537E2C,28.88,28.5,28.12,45.81,40.62,30.25,30.58,29.56,29.45,28.22
2023-12-13 19:48:06,2647,2023-12-13 19:48:01,48E729537E2C,28.88,28.44,28.25,45.31,40.69,30.25,30.58,29.58,29.45,28.22
2023-12-13 19:51:09,2648,2023-12-13 19:51:03,48E729537E2C,28.88,28.5,28.31,45.62,40.69,30.22,30.59,29.59,29.44,28.23
2023-12-13 19:54:06,2649,2023-12-13 19:54:00,48E729537E2C,28.94,28.62,28.38,45.25,41.0,30.23,30.58,29.59,29.48,28.25
2023-12-13 19:57:08,2650,2023-12-13 19:57:03,48E729537E2C,28.94,28.62,28.25,45.31,40.81,30.23,30.61,29.61,29.48,28.23
2023-12-13 20:00:06,2651,2023-12-13 20:00:00,48E729537E2C,28.88,28.69,28.31,45.31,40.94,30.25,30.61,29.61,29.48,28.25
2023-12-13 20:03:08,2652,2023-12-13 20:03:03,48E729537E2C,28.94,28.56,28.5,45.5,40.5,30.25,30.59,29.62,29.48,28.25
2023-12-13 20:06:05,2653,2023-12-13 20:06:00,48E729537E2C,28.88,28.69,28.5,45.75,40.88,30.25,30.62,29.64,29.5,28.25
2023-12-13 20:09:08,2654,2023-12-13 20:09:03,48E729537E2C,28.81,28.75,28.44,45.5,41.25,30.25,30.59,29.62,29.48,28.25
2023-12-13 20:12:05,2655,2023-12-13 20:12:00,48E729537E2C,28.94,28.62,28.38,45.81,40.62,30.25,30.61,29.64,29.48,28.27
2023-12-13 20:15:08,2656,2023-12-13 20:15:03,48E729537E2C,28.94,28.69,28.5,46.0,40.88,30.25,30.62,29.62,29.5,28.25
2023-12-13 20:18:05,2657,2023-12-13 20:18:00,48E729537E2C,28.75,28.88,28.5,45.56,40.94,30.25,30.62,29.62,29.5,28.27
2023-12-13 20:21:08,2658,2023-12-13 20:21:03,48E729537E2C,28.69,28.69,28.44,45.44,41.38,30.25,30.62,29.64,29.5,28.27
2023-12-13 20:24:05,2659,2023-12-13 20:24:00,48E729537E2C,28.94,28.69,28.44,45.69,41.19,30.25,30.62,29.62,29.5,28.28
2023-12-13 20:27:09,2660,2023-12-13 20:27:03,48E729537E2C,29.0,28.69,28.25,45.88,41.25,30.25,30.62,29.66,29.5,28.28
2023-12-13 20:30:06,2661,2023-12-13 20:30:00,48E729537E2C,28.75,28.5,28.31,45.69,41.25,30.25,30.64,29.66,29.5,28.3
2023-12-13 20:33:08,2662,2023-12-13 20:33:03,48E729537E2C,28.75,28.81,28.38,45.69,40.62,30.25,30.62,29.64,29.5,28.27
2023-12-13 20:36:06,2663,2023-12-13 20:36:00,48E729537E2C,28.81,28.62,28.5,45.56,40.75,30.25,30.62,29.64,29.5,28.3
2023-12-13 20:39:08,2664,2023-12-13 20:39:03,48E729537E2C,29.0,28.56,28.25,45.75,40.44,30.25,30.64,29.66,29.52,28.3
2023-12-13 20:42:06,2665,2023-12-13 20:42:00,48E729537E2C,28.75,28.69,28.19,45.88,41.0,30.25,30.62,29.64,29.52,28.31
2023-12-13 20:45:08,2666,2023-12-13 20:45:03,48E729537E2C,28.88,28.62,28.31,46.0,40.56,30.25,30.62,29.66,29.5,28.3
2023-12-13 20:48:05,2667,2023-12-13 20:48:00,48E729537E2C,28.81,28.69,28.5,45.31,41.25,30.25,30.62,29.67,29.5,28.31
2023-12-13 20:51:08,2668,2023-12-13 20:51:02,48E729537E2C,28.94,28.56,28.31,45.69,41.25,30.25,30.62,29.67,29.52,28.31
2023-12-13 20:54:05,2669,2023-12-13 20:54:00,48E729537E2C,28.81,28.75,28.31,45.81,41.0,30.25,30.62,29.66,29.52,28.3
2023-12-13 20:57:08,2670,2023-12-13 20:57:02,48E729537E2C,28.75,28.62,28.38,45.94,40.88,30.25,30.64,29.67,29.5,28.28
2023-12-13 21:00:10,2671,2023-12-13 21:00:05,48E729537E2C,29.0,28.94,28.38,45.38,41.06,30.25,30.62,29.64,29.53,28.27
2023-12-13 21:03:08,2672,2023-12-13 21:03:02,48E729537E2C,28.75,28.69,28.31,45.69,41.19,30.25,30.62,29.62,29.5,28.3
2023-12-13 21:06:10,2673,2023-12-13 21:06:04,48E729537E2C,28.75,28.62,28.44,45.75,41.0,30.25,30.62,29.64,29.52,28.3
2023-12-13 21:09:07,2674,2023-12-13 21:09:02,48E729537E2C,28.56,28.62,28.5,46.0,41.12,30.25,30.62,29.64,29.52,28.31
2023-12-13 21:12:10,2675,2023-12-13 21:12:04,48E729537E2C,28.94,28.62,28.5,45.75,41.12,30.25,30.64,29.66,29.52,28.31
2023-12-13 21:15:07,2676,2023-12-13 21:15:02,48E729537E2C,28.81,28.75,28.25,45.0,41.38,30.25,30.62,29.66,29.5,28.3
2023-12-13 21:18:10,2677,2023-12-13 21:18:04,48E729537E2C,28.88,28.62,28.44,45.62,41.38,30.25,30.64,29.69,29.5,28.31
2023-12-13 21:21:07,2678,2023-12-13 21:21:01,48E729537E2C,28.75,28.69,28.38,46.25,40.75,30.25,30.62,29.66,29.53,28.3
2023-12-13 21:24:09,2679,2023-12-13 21:24:04,48E729537E2C,28.75,28.56,28.25,45.75,41.19,30.25,30.62,29.62,29.5,28.31
2023-12-13 21:27:08,2680,2023-12-13 21:27:03,48E729537E2C,29.0,28.81,28.06,45.81,40.88,30.25,30.59,29.66,29.5,28.31
2023-12-13 21:30:06,2681,2023-12-13 21:30:00,48E729537E2C,28.5,28.62,28.38,45.62,40.88,30.25,30.62,29.64,29.53,28.31
2023-12-13 21:33:08,2682,2023-12-13 21:33:03,48E729537E2C,28.81,28.5,28.44,45.56,40.88,30.25,30.62,29.62,29.52,28.31
2023-12-13 21:36:05,2683,2023-12-13 21:36:00,48E729537E2C,28.62,28.62,28.25,45.88,41.12,30.25,30.62,29.64,29.5,28.31
2023-12-13 21:39:08,2684,2023-12-13 21:39:03,48E729537E2C,28.81,28.69,28.19,45.94,39.94,30.25,30.62,29.66,29.53,28.31
2023-12-13 21:42:05,2685,2023-12-13 21:42:00,48E729537E2C,28.56,28.5,28.44,45.69,40.56,30.25,30.64,29.66,29.52,28.31
2023-12-13 21:45:08,2686,2023-12-13 21:45:02,48E729537E2C,28.75,28.5,28.31,45.62,41.0,30.25,30.66,29.67,29.52,28.3
2023-12-13 21:48:05,2687,2023-12-13 21:48:00,48E729537E2C,28.69,28.5,28.31,45.88,41.12,30.25,30.62,29.64,29.52,28.31
2023-12-13 21:51:07,2688,2023-12-13 21:51:02,48E729537E2C,28.81,28.44,28.5,45.0,40.62,30.25,30.64,29.66,29.53,28.31
2023-12-13 21:54:05,2689,2023-12-13 21:54:00,48E729537E2C,28.62,28.56,28.5,45.56,40.62,30.27,30.67,29.66,29.56,28.31
2023-12-13 21:57:07,2690,2023-12-13 21:57:02,48E729537E2C,28.81,28.56,28.25,45.88,40.5,30.25,30.66,29.67,29.55,28.3
2023-12-13 22:00:04,2691,2023-12-13 22:00:00,48E729537E2C,28.69,28.69,28.25,45.38,41.19,30.25,30.69,29.64,29.56,28.31
2023-12-13 22:03:07,2692,2023-12-13 22:03:02,48E729537E2C,28.88,28.44,28.5,45.38,41.25,30.25,30.67,29.69,29.55,28.33
2023-12-13 22:06:09,2693,2023-12-13 22:06:04,48E729537E2C,28.69,28.62,28.31,46.12,40.75,30.25,30.66,29.69,29.56,28.31
2023-12-13 22:09:07,2694,2023-12-13 22:09:02,48E729537E2C,28.75,28.5,28.44,45.94,41.0,30.25,30.69,29.69,29.56,28.31
2023-12-13 22:12:09,2695,2023-12-13 22:12:04,48E729537E2C,28.75,28.5,28.44,46.0,40.94,30.25,30.69,29.69,29.55,28.33
2023-12-13 22:15:07,2696,2023-12-13 22:15:01,48E729537E2C,28.88,28.5,28.5,45.25,41.12,30.25,30.66,29.69,29.56,28.36
2023-12-13 22:18:09,2697,2023-12-13 22:18:04,48E729537E2C,28.75,28.5,28.38,45.56,40.94,30.25,30.69,29.67,29.56,28.31
2023-12-13 22:21:06,2698,2023-12-13 22:21:01,48E729537E2C,28.75,28.5,28.5,46.0,39.75,30.25,30.67,29.67,29.55,28.31
2023-12-13 22:24:09,2699,2023-12-13 22:24:03,48E729537E2C,28.75,28.44,28.44,45.38,40.75,30.25,30.67,29.67,29.56,28.31
2023-12-13 22:27:08,2700,2023-12-13 22:27:02,48E729537E2C,28.75,28.62,28.25,45.88,41.25,30.25,30.69,29.66,29.56,28.33
2023-12-13 22:30:10,2701,2023-12-13 22:30:04,48E729537E2C,28.69,28.5,28.31,45.88,40.69,30.25,30.69,29.67,29.55,28.31
2023-12-13 22:33:07,2702,2023-12-13 22:33:02,48E729537E2C,28.81,28.5,28.25,46.44,40.56,30.27,30.66,29.69,29.56,28.33
2023-12-13 22:36:10,2703,2023-12-13 22:36:04,48E729537E2C,28.69,28.69,28.5,45.81,40.88,30.25,30.69,29.69,29.56,28.33
2023-12-13 22:39:07,2704,2023-12-13 22:39:02,48E729537E2C,28.56,28.62,28.5,45.81,40.38,30.25,30.66,29.67,29.55,28.31
2023-12-13 22:42:10,2705,2023-12-13 22:42:04,48E729537E2C,28.75,28.62,28.31,46.0,40.88,30.25,30.69,29.69,29.56,28.31
2023-12-13 22:45:07,2706,2023-12-13 22:45:02,48E729537E2C,28.62,28.5,28.19,45.69,40.88,30.25,30.69,29.69,29.56,28.31
2023-12-13 22:48:09,2707,2023-12-13 22:48:04,48E729537E2C,28.75,28.44,28.31,45.81,40.81,30.25,30.69,29.69,29.56,28.31
2023-12-13 22:51:07,2708,2023-12-13 22:51:02,48E729537E2C,28.56,28.69,28.44,45.44,40.75,30.25,30.66,29.69,29.56,28.31
2023-12-13 22:54:09,2709,2023-12-13 22:54:04,48E729537E2C,28.69,28.56,28.25,45.5,41.19,30.28,30.69,29.69,29.56,28.33
2023-12-13 22:57:07,2710,2023-12-13 22:57:02,48E729537E2C,28.62,28.62,28.12,45.56,41.19,30.25,30.69,29.69,29.56,28.34
2023-12-13 23:00:09,2711,2023-12-13 23:00:04,48E729537E2C,28.75,28.5,28.5,45.69,41.19,30.25,30.69,29.69,29.58,28.31
2023-12-13 23:03:06,2712,2023-12-13 23:03:02,48E729537E2C,28.06,28.56,28.5,45.69,41.12,30.27,30.69,29.69,29.55,28.33
2023-12-13 23:06:09,2713,2023-12-13 23:06:04,48E729537E2C,27.81,28.62,28.25,45.5,40.88,30.25,30.69,29.7,29.58,28.33
2023-12-13 23:09:06,2714,2023-12-13 23:09:02,48E729537E2C,27.75,28.44,28.25,45.44,40.75,30.25,30.69,29.69,29.56,28.33
2023-12-13 23:12:09,2715,2023-12-13 23:12:04,48E729537E2C,27.81,28.44,28.38,45.94,40.94,30.25,30.69,29.69,29.55,28.33
2023-12-13 23:15:06,2716,2023-12-13 23:15:02,48E729537E2C,27.94,28.38,28.38,45.75,41.12,30.25,30.69,29.69,29.56,28.36
2023-12-13 23:18:09,2717,2023-12-13 23:18:04,48E729537E2C,27.69,28.62,28.38,46.19,40.75,30.27,30.69,29.69,29.56,28.36
2023-12-13 23:21:06,2718,2023-12-13 23:21:02,48E729537E2C,27.94,28.31,28.31,45.19,40.81,30.27,30.67,29.69,29.56,28.34
2023-12-13 23:24:08,2719,2023-12-13 23:24:04,48E729537E2C,27.81,28.44,28.44,45.31,40.69,30.25,30.69,29.69,29.58,28.33
2023-12-13 23:27:07,2720,2023-12-13 23:27:02,48E729537E2C,28.25,28.25,28.19,45.81,40.56,30.27,30.69,29.69,29.56,28.34
2023-12-13 23:30:10,2721,2023-12-13 23:30:04,48E729537E2C,28.06,28.25,28.25,45.94,40.06,30.25,30.69,29.69,29.56,28.34
2023-12-13 23:33:07,2722,2023-12-13 23:33:01,48E729537E2C,28.25,28.31,28.38,45.19,40.31,30.27,30.67,29.69,29.56,28.36
2023-12-13 23:36:09,2723,2023-12-13 23:36:04,48E729537E2C,28.25,28.31,28.31,45.88,40.81,30.25,30.69,29.67,29.58,28.33
2023-12-13 23:39:07,2724,2023-12-13 23:39:01,48E729537E2C,28.12,28.38,28.44,45.62,40.56,30.25,30.67,29.69,29.56,28.34
2023-12-13 23:42:09,2725,2023-12-13 23:42:04,48E729537E2C,28.19,28.25,28.31,45.62,39.81,30.25,30.67,29.69,29.58,28.33
2023-12-13 23:45:07,2726,2023-12-13 23:45:01,48E729537E2C,28.25,28.12,28.19,45.5,41.12,30.25,30.67,29.69,29.56,28.31
2023-12-13 23:48:09,2727,2023-12-13 23:48:03,48E729537E2C,28.25,28.31,28.25,46.0,40.44,30.25,30.67,29.69,29.56,28.36
2023-12-13 23:51:06,2728,2023-12-13 23:51:01,48E729537E2C,28.31,28.38,28.31,45.88,40.19,30.25,30.66,29.66,29.56,28.33
2023-12-13 23:54:09,2729,2023-12-13 23:54:03,48E729537E2C,28.12,28.25,28.19,46.12,40.12,30.25,30.67,29.69,29.56,28.34
2023-12-13 23:57:06,2730,2023-12-13 23:57:01,48E729537E2C,28.25,28.12,28.12,46.12,40.0,30.27,30.69,29.67,29.58,28.31
2023-12-14 00:00:09,2731,2023-12-14 00:00:03,48E729537E2C,28.19,28.12,28.0,46.31,40.12,30.25,30.69,29.69,29.56,28.34
2023-12-14 00:03:06,2732,2023-12-14 00:03:00,48E729537E2C,28.25,28.25,28.06,46.19,39.94,30.25,30.69,29.7,29.56,28.31
2023-12-14 00:06:08,2733,2023-12-14 00:06:03,48E729537E2C,28.0,28.19,27.81,45.5,40.75,30.25,30.67,29.69,29.53,28.33
2023-12-14 00:09:06,2734,2023-12-14 00:09:00,48E729537E2C,27.94,28.38,28.5,44.88,39.88,30.25,30.62,29.66,29.53,28.3
2023-12-14 00:12:08,2735,2023-12-14 00:12:03,48E729537E2C,27.94,28.25,28.31,45.0,38.25,30.2,30.61,29.62,29.5,28.23
2023-12-14 00:15:05,2736,2023-12-14 00:15:00,48E729537E2C,28.19,28.0,27.5,44.5,37.56,30.16,30.52,29.53,29.44,28.2
2023-12-14 00:18:08,2737,2023-12-14 00:18:03,48E729537E2C,27.56,27.75,27.19,42.5,38.38,29.91,30.38,29.42,29.31,28.08
2023-12-14 00:21:05,2738,2023-12-14 00:21:00,48E729537E2C,26.88,27.62,27.06,43.56,36.75,29.55,30.19,29.2,29.11,27.92
2023-12-14 00:24:08,2739,2023-12-14 00:24:03,48E729537E2C,26.56,27.5,27.44,43.5,36.5,29.06,29.77,28.81,28.75,27.67
2023-12-14 00:27:06,2740,2023-12-14 00:27:01,48E729537E2C,26.56,27.44,27.38,43.19,35.69,28.77,29.44,28.47,28.44,27.31
2023-12-14 00:30:09,2741,2023-12-14 00:30:04,48E729537E2C,26.5,26.75,27.5,40.69,35.5,28.5,29.17,28.19,28.12,27.05
2023-12-14 00:33:06,2742,2023-12-14 00:33:02,48E729537E2C,26.25,26.5,27.62,39.94,34.81,28.25,28.89,27.94,27.88,26.75
2023-12-14 00:36:03,2743,2023-12-14 00:36:00,48E729537E2C,26.0,26.44,27.69,41.69,35.69,28.06,28.66,27.8,27.73,26.55
2023-12-14 00:39:06,2744,2023-12-14 00:39:04,48E729537E2C,26.19,26.06,26.92,42.06,35.12,27.89,28.47,27.6,27.52,26.34
2023-12-14 00:42:03,2745,2023-12-14 00:42:03,48E729537E2C,26.0,26.06,27.06,41.19,34.94,27.81,28.31,27.44,27.38,26.23
2023-12-14 00:45:01,2746,2023-12-14 00:45:02,48E729537E2C,26.0,25.69,27.06,41.44,35.75,27.69,28.19,27.31,27.22,26.09
2023-12-14 00:47:58,2747,2023-12-14 00:48:01,48E729537E2C,25.69,25.81,26.75,43.19,35.94,27.59,28.06,27.19,27.12,26.0
2023-12-14 00:50:55,2748,2023-12-14 00:51:00,48E729537E2C,25.69,25.62,26.62,43.88,35.75,27.48,28.02,27.12,27.03,25.94
2023-12-14 00:53:58,2749,2023-12-14 00:54:04,48E729537E2C,25.5,25.75,26.81,42.62,35.62,27.44,27.95,27.05,27.0,25.88
2023-12-14 00:56:55,2750,2023-12-14 00:57:03,48E729537E2C,25.5,25.38,26.62,42.33,36.0,27.38,27.88,27.0,26.94,25.83
2023-12-14 00:59:52,2751,2023-12-14 01:00:03,48E729537E2C,25.5,25.5,26.44,43.38,36.06,27.38,27.88,26.97,26.91,25.81
2023-12-14 01:02:50,2752,2023-12-14 01:03:02,48E729537E2C,25.44,25.25,26.75,42.75,35.75,27.36,27.86,26.94,26.88,25.77
2023-12-14 01:05:47,2753,2023-12-14 01:06:01,48E729537E2C,25.44,25.62,26.56,42.5,35.88,27.34,27.84,26.92,26.88,25.8
2023-12-14 01:08:44,2754,2023-12-14 01:09:00,48E729537E2C,25.56,25.38,26.69,44.0,36.5,27.34,27.86,26.94,26.89,25.78
2023-12-14 01:11:41,2755,2023-12-14 01:12:00,48E729537E2C,25.5,25.56,27.38,43.5,35.56,27.33,27.83,26.94,26.88,25.81
2023-12-14 01:14:44,2756,2023-12-14 01:15:04,48E729537E2C,25.56,25.38,26.81,43.25,37.19,27.38,27.88,26.95,26.92,25.81
2023-12-14 01:17:41,2757,2023-12-14 01:18:03,48E729537E2C,25.38,25.62,26.38,42.0,36.25,27.38,27.88,26.97,26.94,25.83
2023-12-14 01:20:39,2758,2023-12-14 01:21:03,48E729537E2C,25.62,25.44,26.0,42.25,35.12,27.34,27.86,26.97,26.94,25.81
2023-12-14 01:23:36,2759,2023-12-14 01:24:02,48E729537E2C,25.31,25.5,26.75,40.62,34.56,27.28,27.81,26.89,26.88,25.78
2023-12-14 01:24:09,2760,2023-12-14 01:24:03,48E729537E2C,25.38,25.38,25.75,41.75,34.5,27.28,27.81,26.91,26.84,25.77
2023-12-14 01:30:08,2762,2023-12-14 01:30:03,48E729537E2C,25.19,25.62,26.19,39.69,34.5,27.27,27.81,26.86,26.8,25.7
2023-12-14 01:33:06,2763,2023-12-14 01:33:00,48E729537E2C,25.5,25.56,26.0,42.75,34.31,27.23,27.8,26.83,26.75,25.66
2023-12-14 01:36:08,2764,2023-12-14 01:36:03,48E729537E2C,25.31,25.19,26.0,41.62,34.06,27.17,27.75,26.78,26.72,25.64
2023-12-14 01:39:06,2765,2023-12-14 01:39:00,48E729537E2C,25.25,25.44,26.62,41.12,33.44,27.19,27.75,26.8,26.72,25.62
2023-12-14 01:42:08,2766,2023-12-14 01:42:03,48E729537E2C,25.5,25.38,26.0,41.0,33.69,27.17,27.75,26.77,26.75,25.61
2023-12-14 01:45:05,2767,2023-12-14 01:45:01,48E729537E2C,25.31,25.62,26.25,40.38,33.44,27.19,27.73,26.75,26.72,25.58
2023-12-14 01:48:08,2768,2023-12-14 01:48:04,48E729537E2C,25.56,25.5,26.56,40.17,32.94,27.16,27.7,26.73,26.69,25.56
2023-12-14 01:51:05,2769,2023-12-14 01:51:01,48E729537E2C,25.31,25.56,26.06,41.94,33.62,27.17,27.69,26.73,26.69,25.56
2023-12-14 01:54:08,2770,2023-12-14 01:54:04,48E729537E2C,25.5,25.44,26.19,41.81,34.0,27.19,27.72,26.75,26.67,25.56
2023-12-14 01:57:05,2771,2023-12-14 01:57:02,48E729537E2C,25.56,25.5,26.38,41.06,34.12,27.19,27.7,26.73,26.67,25.56
2023-12-14 02:00:07,2772,2023-12-14 02:00:04,48E729537E2C,25.31,25.44,25.94,42.5,34.12,27.19,27.69,26.73,26.69,25.56
2023-12-14 02:03:05,2773,2023-12-14 02:03:02,48E729537E2C,25.56,25.62,26.44,41.81,34.44,27.16,27.69,26.73,26.67,25.58
2023-12-14 02:06:02,2774,2023-12-14 02:06:00,48E729537E2C,25.56,25.5,26.69,40.88,34.0,27.16,27.69,26.73,26.69,25.56
2023-12-14 02:09:05,2775,2023-12-14 02:09:02,48E729537E2C,25.38,25.38,26.25,43.17,34.88,27.17,27.7,26.75,26.69,25.58
2023-12-14 02:12:02,2776,2023-12-14 02:12:00,48E729537E2C,25.38,25.44,27.25,41.5,33.94,27.19,27.7,26.75,26.71,25.59
2023-12-14 02:15:04,2777,2023-12-14 02:15:03,48E729537E2C,25.56,25.56,26.69,40.75,34.94,27.2,27.75,26.75,26.72,25.62
2023-12-14 02:18:02,2778,2023-12-14 02:18:00,48E729537E2C,25.25,25.5,26.12,42.08,33.94,27.23,27.77,26.81,26.75,25.64
2023-12-14 02:21:04,2779,2023-12-14 02:21:03,48E729537E2C,25.25,25.38,25.88,41.25,34.0,27.2,27.78,26.81,26.75,25.66
2023-12-14 02:24:08,2780,2023-12-14 02:24:02,48E729537E2C,25.31,25.31,26.75,40.12,32.94,27.25,27.77,26.81,26.75,25.64
2023-12-14 02:27:10,2781,2023-12-14 02:27:05,48E729537E2C,25.5,25.38,26.31,39.12,33.38,27.22,27.77,26.8,26.75,25.62
2023-12-14 02:30:08,2782,2023-12-14 02:30:02,48E729537E2C,25.5,25.44,26.38,41.56,33.44,27.22,27.78,26.75,26.72,25.62
2023-12-14 02:33:05,2783,2023-12-14 02:33:00,48E729537E2C,25.19,25.44,26.5,39.88,33.0,27.19,27.75,26.75,26.72,25.62
2023-12-14 02:36:08,2784,2023-12-14 02:36:02,48E729537E2C,25.38,25.31,26.19,39.25,32.83,27.17,27.73,26.75,26.69,25.6
2023-12-14 02:39:05,2785,2023-12-14 02:39:00,48E729537E2C,25.19,25.25,25.94,41.75,33.56,27.17,27.69,26.75,26.67,25.56
2023-12-14 02:42:07,2786,2023-12-14 02:42:02,48E729537E2C,25.31,25.31,26.67,40.62,32.81,27.16,27.7,26.71,26.69,25.56
2023-12-14 02:45:05,2787,2023-12-14 02:45:00,48E729537E2C,25.62,25.25,26.12,39.56,33.38,27.17,27.69,26.73,26.67,25.56
2023-12-14 02:48:07,2788,2023-12-14 02:48:02,48E729537E2C,25.25,25.5,26.06,41.75,33.31,27.19,27.7,26.72,26.64,25.56
2023-12-14 02:51:04,2789,2023-12-14 02:51:00,48E729537E2C,25.44,25.44,26.25,40.62,33.62,27.19,27.69,26.75,26.66,25.56
2023-12-14 02:54:07,2790,2023-12-14 02:54:03,48E729537E2C,25.5,25.44,26.5,41.0,34.31,27.17,27.67,26.73,26.64,25.56
2023-12-14 02:57:04,2791,2023-12-14 02:57:00,48E729537E2C,25.56,25.44,26.25,42.12,34.38,27.14,27.69,26.69,26.62,25.55
2023-12-14 03:00:07,2792,2023-12-14 03:00:03,48E729537E2C,25.62,25.44,26.0,43.25,34.94,27.14,27.69,26.69,26.65,25.55
2023-12-14 03:03:04,2793,2023-12-14 03:03:00,48E729537E2C,25.5,25.25,26.88,41.38,34.0,27.16,27.66,26.72,26.69,25.56
2023-12-14 03:06:07,2794,2023-12-14 03:06:03,48E729537E2C,25.38,25.44,26.5,41.19,34.83,27.14,27.69,26.75,26.66,25.56
2023-12-14 03:09:04,2795,2023-12-14 03:09:00,48E729537E2C,25.5,25.5,26.25,43.44,34.56,27.19,27.69,26.75,26.69,25.56
2023-12-14 03:12:06,2796,2023-12-14 03:12:03,48E729537E2C,25.5,25.31,26.5,42.44,34.62,27.19,27.7,26.75,26.69,25.56
2023-12-14 03:15:04,2797,2023-12-14 03:15:00,48E729537E2C,25.38,25.56,26.62,41.58,35.06,27.2,27.73,26.75,26.69,25.56
2023-12-14 03:18:06,2798,2023-12-14 03:18:03,48E729537E2C,25.62,25.62,26.33,44.58,35.5,27.25,27.75,26.75,26.69,25.61
2023-12-14 03:21:03,2799,2023-12-14 03:21:01,48E729537E2C,25.62,25.75,26.33,43.88,35.19,27.25,27.75,26.79,26.72,25.62
2023-12-14 03:24:07,2800,2023-12-14 03:24:02,48E729537E2C,25.75,25.56,26.69,42.88,35.25,27.25,27.8,26.81,26.75,25.62
2023-12-14 03:27:10,2801,2023-12-14 03:27:04,48E729537E2C,25.62,25.56,26.44,42.88,35.31,27.27,27.77,26.81,26.75,25.66
2023-12-14 03:33:10,2803,2023-12-14 03:33:04,48E729537E2C,25.81,25.56,26.81,43.19,36.33,27.31,27.81,26.84,26.78,25.69
2023-12-14 03:36:07,2804,2023-12-14 03:36:02,48E729537E2C,25.94,25.81,27.0,42.94,36.69,27.36,27.81,26.89,26.81,25.73
2023-12-14 03:39:09,2805,2023-12-14 03:39:04,48E729537E2C,25.88,25.69,26.75,44.62,36.56,27.38,27.81,26.88,26.86,25.75
2023-12-14 03:42:07,2806,2023-12-14 03:42:01,48E729537E2C,26.0,25.75,26.88,44.5,36.75,27.42,27.84,26.91,26.86,25.75
2023-12-14 03:45:09,2807,2023-12-14 03:45:04,48E729537E2C,26.0,25.62,27.06,43.69,36.88,27.44,27.88,26.95,26.88,25.81
2023-12-14 03:48:06,2808,2023-12-14 03:48:01,48E729537E2C,25.94,25.81,27.25,44.12,37.31,27.48,27.88,26.98,26.91,25.81
2023-12-14 03:51:09,2809,2023-12-14 03:51:03,48E729537E2C,26.12,26.0,27.19,45.06,37.5,27.52,27.92,27.0,26.95,25.88
2023-12-14 03:54:06,2810,2023-12-14 03:54:00,48E729537E2C,26.12,25.88,27.38,44.94,37.33,27.53,27.95,27.05,26.97,25.88
2023-12-14 03:57:09,2811,2023-12-14 03:57:03,48E729537E2C,26.31,26.0,27.5,44.06,37.83,27.59,28.0,27.06,27.0,25.94
2023-12-14 04:00:06,2812,2023-12-14 04:00:00,48E729537E2C,26.25,26.0,27.25,45.31,37.38,27.66,28.05,27.14,27.06,25.95
2023-12-14 04:03:09,2813,2023-12-14 04:03:02,48E729537E2C,26.25,25.94,27.75,45.56,37.5,27.69,28.09,27.19,27.11,26.0
2023-12-14 04:06:11,2814,2023-12-14 04:06:04,48E729537E2C,26.31,25.81,27.38,45.25,37.58,27.77,28.16,27.22,27.19,26.06
2023-12-14 04:09:08,2815,2023-12-14 04:09:01,48E729537E2C,26.31,26.12,27.81,44.94,37.88,27.81,28.22,27.25,27.22,26.12
2023-12-14 04:12:11,2816,2023-12-14 04:12:03,48E729537E2C,26.5,26.12,27.75,45.62,37.94,27.81,28.23,27.35,27.25,26.17
2023-12-14 04:15:08,2817,2023-12-14 04:15:00,48E729537E2C,26.38,26.25,27.62,45.81,37.42,27.84,28.31,27.38,27.33,26.25
2023-12-14 04:18:11,2818,2023-12-14 04:18:02,48E729537E2C,26.5,26.19,27.75,45.56,38.38,27.92,28.36,27.47,27.36,26.28
2023-12-14 04:21:13,2819,2023-12-14 04:21:04,48E729537E2C,26.44,26.31,27.92,45.0,38.81,27.94,28.41,27.5,27.44,26.31
2023-12-14 04:24:07,2820,2023-12-14 04:24:02,48E729537E2C,26.62,26.31,27.75,46.25,38.0,28.0,28.44,27.52,27.45,26.35
2023-12-14 04:27:09,2821,2023-12-14 04:27:04,48E729537E2C,26.56,26.31,27.94,46.06,38.38,28.03,28.48,27.56,27.5,26.38
2023-12-14 04:30:06,2822,2023-12-14 04:30:01,48E729537E2C,26.56,26.31,27.94,45.38,38.19,28.06,28.52,27.59,27.52,26.42
2023-12-14 04:33:09,2823,2023-12-14 04:33:04,48E729537E2C,26.56,26.38,28.0,45.62,38.06,28.09,28.53,27.62,27.56,26.42
2023-12-14 04:36:06,2824,2023-12-14 04:36:01,48E729537E2C,26.5,26.38,28.31,46.19,38.67,28.12,28.56,27.67,27.61,26.46
2023-12-14 04:39:09,2825,2023-12-14 04:39:03,48E729537E2C,26.56,26.38,28.25,45.88,37.88,28.19,28.62,27.7,27.64,26.47
2023-12-14 04:42:06,2826,2023-12-14 04:42:01,48E729537E2C,26.44,26.44,28.25,45.19,38.5,28.2,28.64,27.75,27.67,26.52
2023-12-14 04:45:09,2827,2023-12-14 04:45:03,48E729537E2C,26.62,26.44,28.38,46.0,38.81,28.23,28.69,27.75,27.69,26.56
2023-12-14 04:48:06,2828,2023-12-14 04:48:00,48E729537E2C,26.69,26.56,28.12,46.0,38.56,28.27,28.7,27.81,27.75,26.58
2023-12-14 04:51:08,2829,2023-12-14 04:51:02,48E729537E2C,26.69,26.5,28.12,46.06,38.56,28.31,28.75,27.81,27.75,26.61
2023-12-14 04:54:11,2830,2023-12-14 04:54:05,48E729537E2C,26.69,26.5,28.5,46.25,39.0,28.33,28.81,27.81,27.81,26.62
2023-12-14 04:57:08,2831,2023-12-14 04:57:01,48E729537E2C,26.75,26.62,28.0,46.0,38.62,28.38,28.83,27.84,27.81,26.66
2023-12-14 05:00:11,2832,2023-12-14 05:00:04,48E729537E2C,26.75,26.44,28.38,46.31,39.12,28.39,28.86,27.88,27.81,26.69
2023-12-14 05:03:08,2833,2023-12-14 05:03:01,48E729537E2C,26.94,26.38,27.83,45.75,38.88,28.44,28.92,27.88,27.81,26.75
2023-12-14 05:06:10,2834,2023-12-14 05:06:03,48E729537E2C,26.69,26.5,29.06,45.81,38.31,28.48,28.94,27.94,27.84,26.77
2023-12-14 05:09:13,2835,2023-12-14 05:09:05,48E729537E2C,26.88,26.62,28.38,46.19,38.31,28.5,28.97,27.97,27.91,26.81
2023-12-14 05:12:10,2836,2023-12-14 05:12:01,48E729537E2C,26.81,26.5,28.56,45.56,38.75,28.52,29.03,28.02,27.94,26.81
2023-12-14 05:15:13,2837,2023-12-14 05:15:03,48E729537E2C,26.88,26.5,28.56,46.25,38.88,28.58,29.08,28.03,27.94,26.88
2023-12-14 05:18:10,2838,2023-12-14 05:18:00,48E729537E2C,27.0,26.69,28.19,46.38,38.69,28.59,29.08,28.06,28.02,26.89
2023-12-14 05:21:12,2839,2023-12-14 05:21:02,48E729537E2C,27.06,26.5,28.31,46.19,39.06,28.66,29.12,28.11,28.02,26.92
2023-12-14 05:24:06,2840,2023-12-14 05:24:01,48E729537E2C,27.0,26.31,28.31,46.38,38.69,28.69,29.14,28.12,28.08,26.95
2023-12-14 05:27:08,2841,2023-12-14 05:27:03,48E729537E2C,26.94,26.44,28.62,45.75,38.38,28.7,29.17,28.17,28.06,27.02
2023-12-14 05:30:06,2842,2023-12-14 05:30:00,48E729537E2C,27.19,26.62,29.0,45.81,38.44,28.75,29.23,28.19,28.12,27.02
2023-12-14 05:33:08,2843,2023-12-14 05:33:03,48E729537E2C,27.25,26.56,29.0,45.5,38.81,28.78,29.27,28.23,28.12,27.06
2023-12-14 05:36:05,2844,2023-12-14 05:36:00,48E729537E2C,27.44,26.38,28.69,45.94,38.88,28.84,29.3,28.25,28.16,27.09
2023-12-14 05:39:08,2845,2023-12-14 05:39:02,48E729537E2C,27.5,26.5,28.5,46.62,39.0,28.88,29.33,28.31,28.2,27.12
2023-12-14 05:42:05,2846,2023-12-14 05:42:00,48E729537E2C,27.5,26.38,29.25,46.25,38.88,28.91,29.39,28.33,28.22,27.14
2023-12-14 05:45:08,2847,2023-12-14 05:45:02,48E729537E2C,27.5,26.62,28.69,46.75,38.94,28.95,29.39,28.36,28.25,27.19
2023-12-14 05:48:10,2848,2023-12-14 05:48:04,48E729537E2C,27.81,26.69,29.31,46.19,39.25,29.0,29.44,28.39,28.28,27.2
2023-12-14 05:51:07,2849,2023-12-14 05:51:01,48E729537E2C,27.81,26.62,28.56,46.5,39.31,29.05,29.47,28.44,28.31,27.25
2023-12-14 05:54:10,2850,2023-12-14 05:54:03,48E729537E2C,27.69,26.44,29.0,46.44,39.56,29.06,29.5,28.47,28.38,27.28
2023-12-14 05:57:07,2851,2023-12-14 05:57:00,48E729537E2C,27.81,26.69,28.62,46.62,39.0,29.12,29.56,28.52,28.39,27.31
2023-12-14 06:00:10,2852,2023-12-14 06:00:02,48E729537E2C,27.94,26.69,29.06,46.94,38.75,29.16,29.56,28.55,28.42,27.38
2023-12-14 06:03:12,2853,2023-12-14 06:03:04,48E729537E2C,27.81,26.69,29.06,46.81,38.69,29.22,29.64,28.59,28.48,27.39
2023-12-14 06:06:10,2854,2023-12-14 06:06:01,48E729537E2C,27.94,26.25,29.75,46.19,38.75,29.25,29.66,28.62,28.5,27.42
2023-12-14 06:09:12,2855,2023-12-14 06:09:03,48E729537E2C,28.12,26.5,28.94,46.94,38.56,29.27,29.69,28.62,28.56,27.44
2023-12-14 06:12:09,2856,2023-12-14 06:12:00,48E729537E2C,28.19,26.5,29.06,46.81,38.81,29.31,29.75,28.67,28.59,27.5
2023-12-14 06:15:12,2857,2023-12-14 06:15:02,48E729537E2C,28.25,26.75,29.19,46.5,38.69,29.38,29.78,28.72,28.62,27.53
2023-12-14 06:18:14,2858,2023-12-14 06:18:04,48E729537E2C,28.31,26.62,28.88,47.12,38.38,29.41,29.81,28.73,28.62,27.55
2023-12-14 06:21:12,2859,2023-12-14 06:21:00,48E729537E2C,28.25,26.69,29.56,47.25,37.69,29.44,29.83,28.8,28.67,27.58
2023-12-14 06:24:05,2860,2023-12-14 06:24:00,48E729537E2C,28.19,26.69,29.56,46.12,37.56,29.44,29.88,28.83,28.69,27.62
2023-12-14 06:27:08,2861,2023-12-14 06:27:02,48E729537E2C,28.12,26.62,29.31,46.81,37.62,29.45,29.88,28.86,28.73,27.62
2023-12-14 06:30:10,2862,2023-12-14 06:30:05,48E729537E2C,28.25,26.62,29.25,46.0,37.62,29.5,29.91,28.91,28.75,27.64
2023-12-14 06:33:07,2863,2023-12-14 06:33:02,48E729537E2C,28.25,26.75,29.19,47.0,38.62,29.5,29.95,28.92,28.78,27.67
