2023-12-08 08:43:19,48:55:19:DF:29:86 data logger started
2023-12-08 09:15:06,48:E7:29:53:67:2E requested time
2023-12-08 09:15:06,485519DF2986_sys.log time sent (2023, 12, 8, 4, 9, 15, 6, 92)
2023-12-08 09:15:10,48:55:19:DF:28:48 requested time
2023-12-08 09:15:11,485519DF2986_sys.log time sent (2023, 12, 8, 4, 9, 15, 10, 92)
2023-12-08 09:25:29,48:E7:29:53:7E:2C requested time
2023-12-08 09:25:30,485519DF2986_sys.log time sent (2023, 12, 8, 4, 9, 25, 29, 92)
2023-12-08 09:27:24,48:E7:29:55:52:AD requested time
2023-12-08 09:27:25,485519DF2986_sys.log time sent (2023, 12, 8, 4, 9, 27, 24, 102)
2023-12-08 10:15:22,48:E7:29:53:67:2E requested time
2023-12-08 10:15:23,485519DF2986_sys.log time sent (2023, 12, 8, 4, 10, 15, 22, 91)
2023-12-08 10:15:27,48:55:19:DF:28:48 requested time
2023-12-08 10:15:27,485519DF2986_sys.log time sent (2023, 12, 8, 4, 10, 15, 27, 91)
2023-12-08 10:24:22,48:E7:29:53:7E:2C requested time
2023-12-08 10:24:23,485519DF2986_sys.log time sent (2023, 12, 8, 4, 10, 24, 22, 91)
2023-12-08 10:27:18,48:E7:29:55:52:AD requested time
2023-12-08 10:27:19,485519DF2986_sys.log time sent (2023, 12, 8, 4, 10, 27, 18, 101)
2023-12-08 11:14:58,48:55:19:DF:28:48 requested time
2023-12-08 11:14:58,485519DF2986_sys.log time sent (2023, 12, 8, 4, 11, 14, 58, 91)
2023-12-08 11:15:03,48:E7:29:53:67:2E requested time
2023-12-08 11:15:04,485519DF2986_sys.log time sent (2023, 12, 8, 4, 11, 15, 3, 91)
2023-12-08 11:24:06,48:E7:29:53:7E:2C requested time
2023-12-08 11:24:07,485519DF2986_sys.log time sent (2023, 12, 8, 4, 11, 24, 6, 91)
2023-12-08 11:27:07,48:E7:29:55:52:AD requested time
2023-12-08 11:27:08,485519DF2986_sys.log time sent (2023, 12, 8, 4, 11, 27, 7, 91)
2023-12-08 12:15:09,48:55:19:DF:28:48 requested time
2023-12-08 12:15:10,485519DF2986_sys.log time sent (2023, 12, 8, 4, 12, 15, 9, 92)
2023-12-08 12:15:10,48:E7:29:53:67:2E requested time
2023-12-08 12:15:11,485519DF2986_sys.log time sent (2023, 12, 8, 4, 12, 15, 10, 91)
2023-12-08 12:24:13,48:E7:29:53:7E:2C requested time
2023-12-08 12:24:13,485519DF2986_sys.log time sent (2023, 12, 8, 4, 12, 24, 13, 91)
2023-12-08 12:27:12,48:E7:29:55:52:AD requested time
2023-12-08 12:27:12,485519DF2986_sys.log time sent (2023, 12, 8, 4, 12, 27, 12, 91)
2023-12-08 13:15:11,48:55:19:DF:28:48 requested time
2023-12-08 13:15:11,485519DF2986_sys.log time sent (2023, 12, 8, 4, 13, 15, 11, 91)
2023-12-08 13:15:27,48:E7:29:53:67:2E requested time
2023-12-08 13:15:27,485519DF2986_sys.log time sent (2023, 12, 8, 4, 13, 15, 27, 91)
2023-12-08 13:24:19,48:E7:29:53:7E:2C requested time
2023-12-08 13:24:19,485519DF2986_sys.log time sent (2023, 12, 8, 4, 13, 24, 19, 101)
2023-12-08 13:27:06,48:E7:29:55:52:AD requested time
2023-12-08 13:27:06,485519DF2986_sys.log time sent (2023, 12, 8, 4, 13, 27, 6, 91)
2023-12-08 14:15:07,48:55:19:DF:28:48 requested time
2023-12-08 14:15:07,485519DF2986_sys.log time sent (2023, 12, 8, 4, 14, 15, 7, 91)
2023-12-08 14:15:08,48:E7:29:53:67:2E requested time
2023-12-08 14:15:09,485519DF2986_sys.log time sent (2023, 12, 8, 4, 14, 15, 8, 91)
2023-12-08 14:24:08,48:E7:29:53:7E:2C requested time
2023-12-08 14:24:08,485519DF2986_sys.log time sent (2023, 12, 8, 4, 14, 24, 8, 101)
2023-12-08 14:27:05,48:E7:29:55:52:AD requested time
2023-12-08 14:27:06,485519DF2986_sys.log time sent (2023, 12, 8, 4, 14, 27, 5, 92)
2023-12-08 14:55:32,48:E7:29:52:E8:D2 requested time
2023-12-08 14:55:32,485519DF2986_sys.log time sent (2023, 12, 8, 4, 14, 55, 32, 91)
2023-12-08 14:55:32,48:E7:29:53:48:F8 requested time
2023-12-08 14:55:33,485519DF2986_sys.log time sent (2023, 12, 8, 4, 14, 55, 32, 92)
2023-12-08 14:55:34,48:E7:29:53:48:F8 requested time
2023-12-08 14:55:35,485519DF2986_sys.log time sent (2023, 12, 8, 4, 14, 55, 34, 91)
2023-12-08 14:55:39,48:E7:29:53:48:F8 requested time
2023-12-08 14:55:40,485519DF2986_sys.log time sent (2023, 12, 8, 4, 14, 55, 39, 91)
2023-12-08 15:15:04,48:55:19:DF:28:48 requested time
2023-12-08 15:15:04,485519DF2986_sys.log time sent (2023, 12, 8, 4, 15, 15, 4, 92)
2023-12-08 15:15:05,48:E7:29:53:67:2E requested time
2023-12-08 15:15:05,485519DF2986_sys.log time sent (2023, 12, 8, 4, 15, 15, 5, 92)
2023-12-08 15:24:08,48:E7:29:53:7E:2C requested time
2023-12-08 15:24:08,485519DF2986_sys.log time sent (2023, 12, 8, 4, 15, 24, 8, 91)
2023-12-08 15:27:05,48:E7:29:55:52:AD requested time
2023-12-08 15:27:05,485519DF2986_sys.log time sent (2023, 12, 8, 4, 15, 27, 5, 92)
2023-12-08 15:31:26,48:E7:29:52:E8:D2 requested time
2023-12-08 15:31:27,485519DF2986_sys.log time sent (2023, 12, 8, 4, 15, 31, 26, 92)
2023-12-08 15:55:12,48:E7:29:53:48:F8 requested time
2023-12-08 15:55:12,485519DF2986_sys.log time sent (2023, 12, 8, 4, 15, 55, 12, 101)
2023-12-08 16:14:56,48:E7:29:53:67:2E requested time
2023-12-08 16:14:56,485519DF2986_sys.log time sent (2023, 12, 8, 4, 16, 14, 56, 91)
2023-12-08 16:15:05,48:55:19:DF:28:48 requested time
2023-12-08 16:15:06,485519DF2986_sys.log time sent (2023, 12, 8, 4, 16, 15, 5, 91)
2023-12-08 16:24:01,48:E7:29:53:7E:2C requested time
2023-12-08 16:24:02,485519DF2986_sys.log time sent (2023, 12, 8, 4, 16, 24, 1, 91)
2023-12-08 16:27:04,48:E7:29:55:52:AD requested time
2023-12-08 16:27:04,485519DF2986_sys.log time sent (2023, 12, 8, 4, 16, 27, 4, 101)
2023-12-08 16:30:07,48:E7:29:52:E8:D2 requested time
2023-12-08 16:30:07,485519DF2986_sys.log time sent (2023, 12, 8, 4, 16, 30, 7, 91)
2023-12-08 16:54:12,48:E7:29:53:48:F8 requested time
2023-12-08 16:54:12,485519DF2986_sys.log time sent (2023, 12, 8, 4, 16, 54, 12, 92)
2023-12-08 17:15:02,48:E7:29:53:67:2E requested time
2023-12-08 17:15:03,485519DF2986_sys.log time sent (2023, 12, 8, 4, 17, 15, 2, 91)
2023-12-08 17:15:07,48:55:19:DF:28:48 requested time
2023-12-08 17:15:07,485519DF2986_sys.log time sent (2023, 12, 8, 4, 17, 15, 7, 91)
2023-12-08 17:23:55,48:E7:29:53:7E:2C requested time
2023-12-08 17:23:56,485519DF2986_sys.log time sent (2023, 12, 8, 4, 17, 23, 55, 92)
2023-12-08 17:27:13,48:E7:29:55:52:AD requested time
2023-12-08 17:27:14,485519DF2986_sys.log time sent (2023, 12, 8, 4, 17, 27, 13, 91)
2023-12-08 17:30:18,48:E7:29:52:E8:D2 requested time
2023-12-08 17:30:19,485519DF2986_sys.log time sent (2023, 12, 8, 4, 17, 30, 18, 91)
2023-12-08 17:54:25,48:E7:29:53:48:F8 requested time
2023-12-08 17:54:25,485519DF2986_sys.log time sent (2023, 12, 8, 4, 17, 54, 25, 92)
2023-12-08 17:54:28,48:E7:29:53:48:F8 requested time
2023-12-08 17:54:28,485519DF2986_sys.log time sent (2023, 12, 8, 4, 17, 54, 28, 91)
2023-12-08 18:15:04,48:E7:29:53:67:2E requested time
2023-12-08 18:15:04,485519DF2986_sys.log time sent (2023, 12, 8, 4, 18, 15, 4, 91)
2023-12-08 18:15:08,48:55:19:DF:28:48 requested time
2023-12-08 18:15:08,485519DF2986_sys.log time sent (2023, 12, 8, 4, 18, 15, 8, 102)
2023-12-08 18:24:00,48:E7:29:53:7E:2C requested time
2023-12-08 18:24:00,485519DF2986_sys.log time sent (2023, 12, 8, 4, 18, 24, 0, 91)
2023-12-08 18:27:07,48:E7:29:55:52:AD requested time
2023-12-08 18:27:08,485519DF2986_sys.log time sent (2023, 12, 8, 4, 18, 27, 7, 91)
2023-12-08 18:30:20,48:E7:29:52:E8:D2 requested time
2023-12-08 18:30:20,485519DF2986_sys.log time sent (2023, 12, 8, 4, 18, 30, 20, 91)
2023-12-08 18:54:15,48:E7:29:53:48:F8 requested time
2023-12-08 18:54:15,485519DF2986_sys.log time sent (2023, 12, 8, 4, 18, 54, 15, 101)
2023-12-08 19:15:04,48:55:19:DF:28:48 requested time
2023-12-08 19:15:05,485519DF2986_sys.log time sent (2023, 12, 8, 4, 19, 15, 4, 91)
2023-12-08 19:15:05,48:E7:29:53:67:2E requested time
2023-12-08 19:15:06,485519DF2986_sys.log time sent (2023, 12, 8, 4, 19, 15, 5, 91)
2023-12-08 19:24:04,48:E7:29:53:7E:2C requested time
2023-12-08 19:24:05,485519DF2986_sys.log time sent (2023, 12, 8, 4, 19, 24, 4, 91)
2023-12-08 19:27:01,48:E7:29:55:52:AD requested time
2023-12-08 19:27:01,485519DF2986_sys.log time sent (2023, 12, 8, 4, 19, 27, 1, 91)
2023-12-08 19:30:06,48:E7:29:52:E8:D2 requested time
2023-12-08 19:30:06,485519DF2986_sys.log time sent (2023, 12, 8, 4, 19, 30, 6, 91)
2023-12-08 19:54:10,48:E7:29:53:48:F8 requested time
2023-12-08 19:54:11,485519DF2986_sys.log time sent (2023, 12, 8, 4, 19, 54, 10, 91)
2023-12-08 20:15:01,48:E7:29:53:67:2E requested time
2023-12-08 20:15:02,485519DF2986_sys.log time sent (2023, 12, 8, 4, 20, 15, 1, 91)
2023-12-08 20:15:06,48:55:19:DF:28:48 requested time
2023-12-08 20:15:06,485519DF2986_sys.log time sent (2023, 12, 8, 4, 20, 15, 6, 91)
2023-12-08 20:24:04,48:E7:29:53:7E:2C requested time
2023-12-08 20:24:04,485519DF2986_sys.log time sent (2023, 12, 8, 4, 20, 24, 4, 91)
2023-12-08 20:27:05,48:E7:29:55:52:AD requested time
2023-12-08 20:27:06,485519DF2986_sys.log time sent (2023, 12, 8, 4, 20, 27, 5, 91)
2023-12-08 20:30:12,48:E7:29:52:E8:D2 requested time
2023-12-08 20:30:13,485519DF2986_sys.log time sent (2023, 12, 8, 4, 20, 30, 12, 100)
2023-12-08 20:54:19,48:E7:29:53:48:F8 requested time
2023-12-08 20:54:20,485519DF2986_sys.log time sent (2023, 12, 8, 4, 20, 54, 19, 91)
2023-12-08 21:15:17,48:55:19:DF:28:48 requested time
2023-12-08 21:15:17,485519DF2986_sys.log time sent (2023, 12, 8, 4, 21, 15, 17, 91)
2023-12-08 21:15:18,48:E7:29:53:67:2E requested time
2023-12-08 21:15:18,485519DF2986_sys.log time sent (2023, 12, 8, 4, 21, 15, 18, 91)
2023-12-08 21:24:13,48:E7:29:53:7E:2C requested time
2023-12-08 21:24:14,485519DF2986_sys.log time sent (2023, 12, 8, 4, 21, 24, 13, 101)
2023-12-08 21:27:15,48:E7:29:55:52:AD requested time
2023-12-08 21:27:15,485519DF2986_sys.log time sent (2023, 12, 8, 4, 21, 27, 15, 91)
2023-12-08 21:30:15,48:E7:29:52:E8:D2 requested time
2023-12-08 21:30:16,485519DF2986_sys.log time sent (2023, 12, 8, 4, 21, 30, 15, 92)
2023-12-08 21:54:11,48:E7:29:53:48:F8 requested time
2023-12-08 21:54:12,485519DF2986_sys.log time sent (2023, 12, 8, 4, 21, 54, 11, 91)
2023-12-08 22:15:04,48:E7:29:53:67:2E requested time
2023-12-08 22:15:04,485519DF2986_sys.log time sent (2023, 12, 8, 4, 22, 15, 4, 91)
2023-12-08 22:15:08,48:55:19:DF:28:48 requested time
2023-12-08 22:15:09,485519DF2986_sys.log time sent (2023, 12, 8, 4, 22, 15, 8, 92)
2023-12-08 22:24:12,48:E7:29:53:7E:2C requested time
2023-12-08 22:24:13,485519DF2986_sys.log time sent (2023, 12, 8, 4, 22, 24, 12, 92)
2023-12-08 22:27:09,48:E7:29:55:52:AD requested time
2023-12-08 22:27:09,485519DF2986_sys.log time sent (2023, 12, 8, 4, 22, 27, 9, 91)
2023-12-08 22:30:15,48:E7:29:52:E8:D2 requested time
2023-12-08 22:30:15,485519DF2986_sys.log time sent (2023, 12, 8, 4, 22, 30, 15, 91)
2023-12-08 22:54:14,48:E7:29:53:48:F8 requested time
2023-12-08 22:54:14,485519DF2986_sys.log time sent (2023, 12, 8, 4, 22, 54, 14, 91)
2023-12-08 23:15:10,48:55:19:DF:28:48 requested time
2023-12-08 23:15:11,485519DF2986_sys.log time sent (2023, 12, 8, 4, 23, 15, 10, 91)
2023-12-08 23:15:11,48:E7:29:53:67:2E requested time
2023-12-08 23:15:12,485519DF2986_sys.log time sent (2023, 12, 8, 4, 23, 15, 11, 101)
2023-12-08 23:24:07,48:E7:29:53:7E:2C requested time
2023-12-08 23:24:07,485519DF2986_sys.log time sent (2023, 12, 8, 4, 23, 24, 7, 92)
2023-12-08 23:27:08,48:E7:29:55:52:AD requested time
2023-12-08 23:27:08,485519DF2986_sys.log time sent (2023, 12, 8, 4, 23, 27, 8, 91)
2023-12-08 23:30:12,48:E7:29:52:E8:D2 requested time
2023-12-08 23:30:13,485519DF2986_sys.log time sent (2023, 12, 8, 4, 23, 30, 12, 91)
2023-12-08 23:54:11,48:E7:29:53:48:F8 requested time
2023-12-08 23:54:12,485519DF2986_sys.log time sent (2023, 12, 8, 4, 23, 54, 11, 101)
2023-12-09 00:15:06,48:55:19:DF:28:48 requested time
2023-12-09 00:15:07,485519DF2986_sys.log time sent (2023, 12, 9, 5, 0, 15, 6, 92)
2023-12-09 00:15:12,48:E7:29:53:67:2E requested time
2023-12-09 00:15:13,485519DF2986_sys.log time sent (2023, 12, 9, 5, 0, 15, 12, 92)
2023-12-09 00:24:08,48:E7:29:53:7E:2C requested time
2023-12-09 00:24:08,485519DF2986_sys.log time sent (2023, 12, 9, 5, 0, 24, 8, 91)
2023-12-09 00:27:07,48:E7:29:55:52:AD requested time
2023-12-09 00:27:07,485519DF2986_sys.log time sent (2023, 12, 9, 5, 0, 27, 7, 91)
2023-12-09 00:30:11,48:E7:29:52:E8:D2 requested time
2023-12-09 00:30:11,485519DF2986_sys.log time sent (2023, 12, 9, 5, 0, 30, 11, 91)
2023-12-09 00:54:14,48:E7:29:53:48:F8 requested time
2023-12-09 00:54:14,485519DF2986_sys.log time sent (2023, 12, 9, 5, 0, 54, 14, 91)
2023-12-09 01:15:04,48:E7:29:53:67:2E requested time
2023-12-09 01:15:04,485519DF2986_sys.log time sent (2023, 12, 9, 5, 1, 15, 4, 91)
2023-12-09 01:15:07,48:55:19:DF:28:48 requested time
2023-12-09 01:15:08,485519DF2986_sys.log time sent (2023, 12, 9, 5, 1, 15, 7, 91)
2023-12-09 01:24:08,48:E7:29:53:7E:2C requested time
2023-12-09 01:24:09,485519DF2986_sys.log time sent (2023, 12, 9, 5, 1, 24, 8, 91)
2023-12-09 01:27:06,48:E7:29:55:52:AD requested time
2023-12-09 01:27:06,485519DF2986_sys.log time sent (2023, 12, 9, 5, 1, 27, 6, 91)
2023-12-09 01:30:07,48:E7:29:52:E8:D2 requested time
2023-12-09 01:30:08,485519DF2986_sys.log time sent (2023, 12, 9, 5, 1, 30, 7, 101)
2023-12-09 01:54:09,48:E7:29:53:48:F8 requested time
2023-12-09 01:54:10,485519DF2986_sys.log time sent (2023, 12, 9, 5, 1, 54, 9, 91)
2023-12-09 02:15:05,48:E7:29:53:67:2E requested time
2023-12-09 02:15:05,485519DF2986_sys.log time sent (2023, 12, 9, 5, 2, 15, 5, 91)
2023-12-09 02:15:09,48:55:19:DF:28:48 requested time
2023-12-09 02:15:09,485519DF2986_sys.log time sent (2023, 12, 9, 5, 2, 15, 9, 91)
2023-12-09 02:24:07,48:E7:29:53:7E:2C requested time
2023-12-09 02:24:08,485519DF2986_sys.log time sent (2023, 12, 9, 5, 2, 24, 7, 101)
2023-12-09 02:27:05,48:E7:29:55:52:AD requested time
2023-12-09 02:27:05,485519DF2986_sys.log time sent (2023, 12, 9, 5, 2, 27, 5, 92)
2023-12-09 02:30:16,48:E7:29:52:E8:D2 requested time
2023-12-09 02:30:16,485519DF2986_sys.log time sent (2023, 12, 9, 5, 2, 30, 16, 91)
2023-12-09 02:54:29,48:E7:29:53:48:F8 requested time
2023-12-09 02:54:29,485519DF2986_sys.log time sent (2023, 12, 9, 5, 2, 54, 29, 91)
2023-12-09 03:15:21,48:E7:29:53:67:2E requested time
2023-12-09 03:15:22,485519DF2986_sys.log time sent (2023, 12, 9, 5, 3, 15, 21, 91)
2023-12-09 03:15:35,48:55:19:DF:28:48 requested time
2023-12-09 03:15:36,485519DF2986_sys.log time sent (2023, 12, 9, 5, 3, 15, 35, 91)
2023-12-09 03:24:17,48:E7:29:53:7E:2C requested time
2023-12-09 03:24:18,485519DF2986_sys.log time sent (2023, 12, 9, 5, 3, 24, 17, 91)
2023-12-09 03:27:14,48:E7:29:55:52:AD requested time
2023-12-09 03:27:15,485519DF2986_sys.log time sent (2023, 12, 9, 5, 3, 27, 14, 91)
2023-12-09 03:30:10,48:E7:29:52:E8:D2 requested time
2023-12-09 03:30:10,485519DF2986_sys.log time sent (2023, 12, 9, 5, 3, 30, 10, 91)
2023-12-09 03:53:53,48:E7:29:53:48:F8 requested time
2023-12-09 03:53:54,485519DF2986_sys.log time sent (2023, 12, 9, 5, 3, 53, 53, 91)
2023-12-09 04:15:03,48:E7:29:53:67:2E requested time
2023-12-09 04:15:03,485519DF2986_sys.log time sent (2023, 12, 9, 5, 4, 15, 3, 91)
2023-12-09 04:15:06,48:55:19:DF:28:48 requested time
2023-12-09 04:15:07,485519DF2986_sys.log time sent (2023, 12, 9, 5, 4, 15, 6, 91)
2023-12-09 04:24:06,48:E7:29:53:7E:2C requested time
2023-12-09 04:24:06,485519DF2986_sys.log time sent (2023, 12, 9, 5, 4, 24, 6, 91)
2023-12-09 04:27:13,48:E7:29:55:52:AD requested time
2023-12-09 04:27:14,485519DF2986_sys.log time sent (2023, 12, 9, 5, 4, 27, 13, 91)
2023-12-09 04:30:08,48:E7:29:52:E8:D2 requested time
2023-12-09 04:30:08,485519DF2986_sys.log time sent (2023, 12, 9, 5, 4, 30, 8, 91)
2023-12-09 04:51:08,48:E7:29:53:48:F8 requested time
2023-12-09 04:51:08,485519DF2986_sys.log time sent (2023, 12, 9, 5, 4, 51, 8, 102)
2023-12-09 05:15:04,48:E7:29:53:67:2E requested time
2023-12-09 05:15:04,485519DF2986_sys.log time sent (2023, 12, 9, 5, 5, 15, 4, 91)
2023-12-09 05:15:08,48:55:19:DF:28:48 requested time
2023-12-09 05:15:08,485519DF2986_sys.log time sent (2023, 12, 9, 5, 5, 15, 8, 92)
2023-12-09 05:24:05,48:E7:29:53:7E:2C requested time
2023-12-09 05:24:06,485519DF2986_sys.log time sent (2023, 12, 9, 5, 5, 24, 5, 91)
2023-12-09 05:27:12,48:E7:29:55:52:AD requested time
2023-12-09 05:27:13,485519DF2986_sys.log time sent (2023, 12, 9, 5, 5, 27, 12, 101)
2023-12-09 05:30:11,48:E7:29:52:E8:D2 requested time
2023-12-09 05:30:11,485519DF2986_sys.log time sent (2023, 12, 9, 5, 5, 30, 11, 91)
2023-12-09 05:51:10,48:E7:29:53:48:F8 requested time
2023-12-09 05:51:10,485519DF2986_sys.log time sent (2023, 12, 9, 5, 5, 51, 10, 90)
2023-12-09 06:15:09,48:55:19:DF:28:48 requested time
2023-12-09 06:15:10,485519DF2986_sys.log time sent (2023, 12, 9, 5, 6, 15, 9, 92)
2023-12-09 06:15:10,48:E7:29:53:67:2E requested time
2023-12-09 06:15:11,485519DF2986_sys.log time sent (2023, 12, 9, 5, 6, 15, 10, 105)
2023-12-09 06:24:10,48:E7:29:53:7E:2C requested time
2023-12-09 06:24:10,485519DF2986_sys.log time sent (2023, 12, 9, 5, 6, 24, 10, 105)
2023-12-09 06:27:11,48:E7:29:55:52:AD requested time
2023-12-09 06:27:12,485519DF2986_sys.log time sent (2023, 12, 9, 5, 6, 27, 11, 105)
2023-12-09 06:30:15,48:E7:29:52:E8:D2 requested time
2023-12-09 06:30:16,485519DF2986_sys.log time sent (2023, 12, 9, 5, 6, 30, 15, 105)
2023-12-09 06:51:12,48:E7:29:53:48:F8 requested time
2023-12-09 06:51:13,485519DF2986_sys.log time sent (2023, 12, 9, 5, 6, 51, 12, 104)
2023-12-09 07:15:06,48:55:19:DF:28:48 requested time
2023-12-09 07:15:06,485519DF2986_sys.log time sent (2023, 12, 9, 5, 7, 15, 6, 104)
2023-12-09 07:15:12,48:E7:29:53:67:2E requested time
2023-12-09 07:15:12,485519DF2986_sys.log time sent (2023, 12, 9, 5, 7, 15, 12, 105)
2023-12-09 07:24:09,48:E7:29:53:7E:2C requested time
2023-12-09 07:24:10,485519DF2986_sys.log time sent (2023, 12, 9, 5, 7, 24, 9, 114)
2023-12-09 07:27:05,48:E7:29:55:52:AD requested time
2023-12-09 07:27:06,485519DF2986_sys.log time sent (2023, 12, 9, 5, 7, 27, 5, 104)
2023-12-09 07:30:09,48:E7:29:52:E8:D2 requested time
2023-12-09 07:30:10,485519DF2986_sys.log time sent (2023, 12, 9, 5, 7, 30, 9, 103)
2023-12-09 07:51:10,48:E7:29:53:48:F8 requested time
2023-12-09 07:51:10,485519DF2986_sys.log time sent (2023, 12, 9, 5, 7, 51, 10, 104)
2023-12-09 08:15:08,48:E7:29:53:67:2E requested time
2023-12-09 08:15:08,485519DF2986_sys.log time sent (2023, 12, 9, 5, 8, 15, 8, 113)
2023-12-09 08:15:17,48:55:19:DF:28:48 requested time
2023-12-09 08:15:17,485519DF2986_sys.log time sent (2023, 12, 9, 5, 8, 15, 17, 104)
2023-12-09 08:24:09,48:E7:29:53:7E:2C requested time
2023-12-09 08:24:09,485519DF2986_sys.log time sent (2023, 12, 9, 5, 8, 24, 9, 105)
2023-12-09 08:27:04,48:E7:29:55:52:AD requested time
2023-12-09 08:27:05,485519DF2986_sys.log time sent (2023, 12, 9, 5, 8, 27, 4, 104)
2023-12-09 08:29:37,48:E7:29:52:E8:D2 requested time
2023-12-09 08:29:37,485519DF2986_sys.log time sent (2023, 12, 9, 5, 8, 29, 37, 104)
2023-12-09 08:50:41,48:E7:29:53:48:F8 requested time
2023-12-09 08:50:41,485519DF2986_sys.log time sent (2023, 12, 9, 5, 8, 50, 41, 103)
2023-12-09 09:14:53,48:55:19:DF:28:48 requested time
2023-12-09 09:14:53,485519DF2986_sys.log time sent (2023, 12, 9, 5, 9, 14, 53, 103)
2023-12-09 09:15:01,48:E7:29:52:E8:D2 requested time
2023-12-09 09:15:01,485519DF2986_sys.log time sent (2023, 12, 9, 5, 9, 15, 1, 104)
2023-12-09 09:15:04,48:E7:29:53:67:2E requested time
2023-12-09 09:15:05,485519DF2986_sys.log time sent (2023, 12, 9, 5, 9, 15, 4, 104)
2023-12-09 09:24:03,48:E7:29:53:7E:2C requested time
2023-12-09 09:24:03,485519DF2986_sys.log time sent (2023, 12, 9, 5, 9, 24, 3, 105)
2023-12-09 09:27:09,48:E7:29:55:52:AD requested time
2023-12-09 09:27:09,485519DF2986_sys.log time sent (2023, 12, 9, 5, 9, 27, 9, 104)
2023-12-09 09:48:07,48:E7:29:53:48:F8 requested time
2023-12-09 09:48:07,485519DF2986_sys.log time sent (2023, 12, 9, 5, 9, 48, 7, 114)
2023-12-09 10:00:07,48:55:19:DF:28:48 requested time
2023-12-09 10:00:08,485519DF2986_sys.log time sent (2023, 12, 9, 5, 10, 0, 7, 104)
2023-12-09 10:15:01,48:E7:29:53:67:2E requested time
2023-12-09 10:15:01,485519DF2986_sys.log time sent (2023, 12, 9, 5, 10, 15, 1, 104)
2023-12-09 10:15:07,48:E7:29:52:E8:D2 requested time
2023-12-09 10:15:08,485519DF2986_sys.log time sent (2023, 12, 9, 5, 10, 15, 7, 104)
2023-12-09 10:24:07,48:E7:29:53:7E:2C requested time
2023-12-09 10:24:08,485519DF2986_sys.log time sent (2023, 12, 9, 5, 10, 24, 7, 114)
2023-12-09 10:27:08,48:E7:29:55:52:AD requested time
2023-12-09 10:27:08,485519DF2986_sys.log time sent (2023, 12, 9, 5, 10, 27, 8, 104)
2023-12-09 10:48:09,48:E7:29:53:48:F8 requested time
2023-12-09 10:48:10,485519DF2986_sys.log time sent (2023, 12, 9, 5, 10, 48, 9, 103)
2023-12-09 11:00:09,48:55:19:DF:28:48 requested time
2023-12-09 11:00:09,485519DF2986_sys.log time sent (2023, 12, 9, 5, 11, 0, 9, 104)
2023-12-09 11:15:09,48:E7:29:52:E8:D2 requested time
2023-12-09 11:15:09,485519DF2986_sys.log time sent (2023, 12, 9, 5, 11, 15, 9, 104)
2023-12-09 11:15:12,48:E7:29:53:67:2E requested time
2023-12-09 11:15:13,485519DF2986_sys.log time sent (2023, 12, 9, 5, 11, 15, 12, 104)
2023-12-09 11:24:12,48:E7:29:53:7E:2C requested time
2023-12-09 11:24:12,485519DF2986_sys.log time sent (2023, 12, 9, 5, 11, 24, 12, 104)
2023-12-09 11:27:07,48:E7:29:55:52:AD requested time
2023-12-09 11:27:07,485519DF2986_sys.log time sent (2023, 12, 9, 5, 11, 27, 7, 104)
2023-12-09 11:48:11,48:E7:29:53:48:F8 requested time
2023-12-09 11:48:12,485519DF2986_sys.log time sent (2023, 12, 9, 5, 11, 48, 11, 103)
2023-12-09 12:00:05,48:55:19:DF:28:48 requested time
2023-12-09 12:00:05,485519DF2986_sys.log time sent (2023, 12, 9, 5, 12, 0, 5, 104)
2023-12-09 12:15:05,48:E7:29:52:E8:D2 requested time
2023-12-09 12:15:05,485519DF2986_sys.log time sent (2023, 12, 9, 5, 12, 15, 5, 103)
2023-12-09 12:15:14,48:E7:29:53:67:2E requested time
2023-12-09 12:15:14,485519DF2986_sys.log time sent (2023, 12, 9, 5, 12, 15, 14, 114)
2023-12-09 12:24:12,48:E7:29:53:7E:2C requested time
2023-12-09 12:24:12,485519DF2986_sys.log time sent (2023, 12, 9, 5, 12, 24, 12, 103)
2023-12-09 12:27:06,48:E7:29:55:52:AD requested time
2023-12-09 12:27:07,485519DF2986_sys.log time sent (2023, 12, 9, 5, 12, 27, 6, 104)
2023-12-09 12:48:14,48:E7:29:53:48:F8 requested time
2023-12-09 12:48:14,485519DF2986_sys.log time sent (2023, 12, 9, 5, 12, 48, 14, 104)
2023-12-09 13:00:07,48:55:19:DF:28:48 requested time
2023-12-09 13:00:07,485519DF2986_sys.log time sent (2023, 12, 9, 5, 13, 0, 7, 104)
2023-12-09 13:15:06,48:E7:29:52:E8:D2 requested time
2023-12-09 13:15:07,485519DF2986_sys.log time sent (2023, 12, 9, 5, 13, 15, 6, 105)
2023-12-09 13:15:10,48:E7:29:53:67:2E requested time
2023-12-09 13:15:10,485519DF2986_sys.log time sent (2023, 12, 9, 5, 13, 15, 10, 103)
2023-12-09 13:24:11,48:E7:29:53:7E:2C requested time
2023-12-09 13:24:11,485519DF2986_sys.log time sent (2023, 12, 9, 5, 13, 24, 11, 104)
2023-12-09 13:27:11,48:E7:29:55:52:AD requested time
2023-12-09 13:27:12,485519DF2986_sys.log time sent (2023, 12, 9, 5, 13, 27, 11, 103)
2023-12-09 13:48:11,48:E7:29:53:48:F8 requested time
2023-12-09 13:48:11,485519DF2986_sys.log time sent (2023, 12, 9, 5, 13, 48, 11, 104)
2023-12-09 14:00:03,48:55:19:DF:28:48 requested time
2023-12-09 14:00:03,485519DF2986_sys.log time sent (2023, 12, 9, 5, 14, 0, 3, 104)
2023-12-09 14:15:01,48:E7:29:53:67:2E requested time
2023-12-09 14:15:02,485519DF2986_sys.log time sent (2023, 12, 9, 5, 14, 15, 1, 104)
2023-12-09 14:15:08,48:E7:29:52:E8:D2 requested time
2023-12-09 14:15:08,485519DF2986_sys.log time sent (2023, 12, 9, 5, 14, 15, 8, 103)
2023-12-09 14:24:05,48:E7:29:53:7E:2C requested time
2023-12-09 14:24:06,485519DF2986_sys.log time sent (2023, 12, 9, 5, 14, 24, 5, 104)
2023-12-09 14:27:00,48:E7:29:55:52:AD requested time
2023-12-09 14:27:01,485519DF2986_sys.log time sent (2023, 12, 9, 5, 14, 27, 0, 105)
2023-12-09 14:48:06,48:E7:29:53:48:F8 requested time
2023-12-09 14:48:07,485519DF2986_sys.log time sent (2023, 12, 9, 5, 14, 48, 6, 114)
2023-12-09 15:00:09,48:55:19:DF:28:48 requested time
2023-12-09 15:00:10,485519DF2986_sys.log time sent (2023, 12, 9, 5, 15, 0, 9, 104)
2023-12-09 15:15:08,48:E7:29:53:67:2E requested time
2023-12-09 15:15:08,485519DF2986_sys.log time sent (2023, 12, 9, 5, 15, 15, 8, 104)
2023-12-09 15:15:09,48:E7:29:52:E8:D2 requested time
2023-12-09 15:15:10,485519DF2986_sys.log time sent (2023, 12, 9, 5, 15, 15, 9, 104)
2023-12-09 15:24:05,48:E7:29:53:7E:2C requested time
2023-12-09 15:24:05,485519DF2986_sys.log time sent (2023, 12, 9, 5, 15, 24, 5, 104)
2023-12-09 15:27:05,48:E7:29:55:52:AD requested time
2023-12-09 15:27:05,485519DF2986_sys.log time sent (2023, 12, 9, 5, 15, 27, 5, 104)
2023-12-09 15:48:06,48:E7:29:53:48:F8 requested time
2023-12-09 15:48:06,485519DF2986_sys.log time sent (2023, 12, 9, 5, 15, 48, 6, 105)
2023-12-09 16:00:06,48:55:19:DF:28:48 requested time
2023-12-09 16:00:06,485519DF2986_sys.log time sent (2023, 12, 9, 5, 16, 0, 6, 104)
2023-12-09 16:15:04,48:E7:29:53:67:2E requested time
2023-12-09 16:15:04,485519DF2986_sys.log time sent (2023, 12, 9, 5, 16, 15, 4, 105)
2023-12-09 16:15:11,48:E7:29:52:E8:D2 requested time
2023-12-09 16:15:11,485519DF2986_sys.log time sent (2023, 12, 9, 5, 16, 15, 11, 104)
2023-12-09 16:24:04,48:E7:29:53:7E:2C requested time
2023-12-09 16:24:05,485519DF2986_sys.log time sent (2023, 12, 9, 5, 16, 24, 4, 103)
2023-12-09 16:27:04,48:E7:29:55:52:AD requested time
2023-12-09 16:27:05,485519DF2986_sys.log time sent (2023, 12, 9, 5, 16, 27, 4, 115)
2023-12-09 16:48:07,48:E7:29:53:48:F8 requested time
2023-12-09 16:48:07,485519DF2986_sys.log time sent (2023, 12, 9, 5, 16, 48, 7, 104)
2023-12-09 17:00:02,48:55:19:DF:28:48 requested time
2023-12-09 17:00:02,485519DF2986_sys.log time sent (2023, 12, 9, 5, 17, 0, 2, 104)
2023-12-09 17:15:05,48:E7:29:53:67:2E requested time
2023-12-09 17:15:06,485519DF2986_sys.log time sent (2023, 12, 9, 5, 17, 15, 5, 105)
2023-12-09 17:15:17,48:E7:29:52:E8:D2 requested time
2023-12-09 17:15:17,485519DF2986_sys.log time sent (2023, 12, 9, 5, 17, 15, 17, 114)
2023-12-09 17:24:04,48:E7:29:53:7E:2C requested time
2023-12-09 17:24:04,485519DF2986_sys.log time sent (2023, 12, 9, 5, 17, 24, 4, 104)
2023-12-09 17:27:09,48:E7:29:55:52:AD requested time
2023-12-09 17:27:09,485519DF2986_sys.log time sent (2023, 12, 9, 5, 17, 27, 9, 104)
2023-12-09 17:48:30,48:E7:29:53:48:F8 requested time
2023-12-09 17:48:30,485519DF2986_sys.log time sent (2023, 12, 9, 5, 17, 48, 30, 104)
2023-12-09 18:00:14,48:55:19:DF:28:48 requested time
2023-12-09 18:00:14,485519DF2986_sys.log time sent (2023, 12, 9, 5, 18, 0, 14, 104)
2023-12-09 18:15:07,48:E7:29:53:67:2E requested time
2023-12-09 18:15:07,485519DF2986_sys.log time sent (2023, 12, 9, 5, 18, 15, 7, 105)
2023-12-09 18:15:20,48:E7:29:52:E8:D2 requested time
2023-12-09 18:15:20,485519DF2986_sys.log time sent (2023, 12, 9, 5, 18, 15, 20, 104)
2023-12-09 18:24:08,48:E7:29:53:7E:2C requested time
2023-12-09 18:24:08,485519DF2986_sys.log time sent (2023, 12, 9, 5, 18, 24, 8, 105)
2023-12-09 18:27:08,48:E7:29:55:52:AD requested time
2023-12-09 18:27:08,485519DF2986_sys.log time sent (2023, 12, 9, 5, 18, 27, 8, 104)
2023-12-09 18:48:27,48:E7:29:53:48:F8 requested time
2023-12-09 18:48:27,485519DF2986_sys.log time sent (2023, 12, 9, 5, 18, 48, 27, 104)
2023-12-09 18:59:50,48:55:19:DF:28:48 requested time
2023-12-09 18:59:50,485519DF2986_sys.log time sent (2023, 12, 9, 5, 18, 59, 50, 104)
2023-12-09 19:15:03,48:E7:29:53:67:2E requested time
2023-12-09 19:15:03,485519DF2986_sys.log time sent (2023, 12, 9, 5, 19, 15, 3, 113)
2023-12-09 19:15:18,48:E7:29:52:E8:D2 requested time
2023-12-09 19:15:18,485519DF2986_sys.log time sent (2023, 12, 9, 5, 19, 15, 18, 104)
2023-12-09 19:24:02,48:E7:29:53:7E:2C requested time
2023-12-09 19:24:02,485519DF2986_sys.log time sent (2023, 12, 9, 5, 19, 24, 2, 104)
2023-12-09 19:27:01,48:E7:29:55:52:AD requested time
2023-12-09 19:27:02,485519DF2986_sys.log time sent (2023, 12, 9, 5, 19, 27, 1, 104)
2023-12-09 19:45:04,48:55:19:DF:28:48 requested time
2023-12-09 19:45:04,485519DF2986_sys.log time sent (2023, 12, 9, 5, 19, 45, 4, 115)
2023-12-09 19:48:14,48:E7:29:53:48:F8 requested time
2023-12-09 19:48:14,485519DF2986_sys.log time sent (2023, 12, 9, 5, 19, 48, 14, 104)
2023-12-09 20:15:05,48:E7:29:53:67:2E requested time
2023-12-09 20:15:05,485519DF2986_sys.log time sent (2023, 12, 9, 5, 20, 15, 5, 103)
2023-12-09 20:15:09,48:E7:29:52:E8:D2 requested time
2023-12-09 20:15:09,485519DF2986_sys.log time sent (2023, 12, 9, 5, 20, 15, 9, 104)
2023-12-09 20:24:01,48:E7:29:53:7E:2C requested time
2023-12-09 20:24:02,485519DF2986_sys.log time sent (2023, 12, 9, 5, 20, 24, 1, 103)
2023-12-09 20:27:11,48:E7:29:55:52:AD requested time
2023-12-09 20:27:11,485519DF2986_sys.log time sent (2023, 12, 9, 5, 20, 27, 11, 104)
2023-12-09 20:45:11,48:55:19:DF:28:48 requested time
2023-12-09 20:45:11,485519DF2986_sys.log time sent (2023, 12, 9, 5, 20, 45, 11, 104)
2023-12-09 20:48:16,48:E7:29:53:48:F8 requested time
2023-12-09 20:48:16,485519DF2986_sys.log time sent (2023, 12, 9, 5, 20, 48, 16, 104)
2023-12-09 21:15:17,48:E7:29:52:E8:D2 requested time
2023-12-09 21:15:17,485519DF2986_sys.log time sent (2023, 12, 9, 5, 21, 15, 17, 104)
2023-12-09 21:15:21,48:E7:29:53:67:2E requested time
2023-12-09 21:15:21,485519DF2986_sys.log time sent (2023, 12, 9, 5, 21, 15, 21, 104)
2023-12-09 21:24:16,48:E7:29:53:7E:2C requested time
2023-12-09 21:24:17,485519DF2986_sys.log time sent (2023, 12, 9, 5, 21, 24, 16, 104)
2023-12-09 21:27:15,48:E7:29:55:52:AD requested time
2023-12-09 21:27:16,485519DF2986_sys.log time sent (2023, 12, 9, 5, 21, 27, 15, 115)
2023-12-09 21:45:12,48:55:19:DF:28:48 requested time
2023-12-09 21:45:12,485519DF2986_sys.log time sent (2023, 12, 9, 5, 21, 45, 12, 104)
2023-12-09 21:48:16,48:E7:29:53:48:F8 requested time
2023-12-09 21:48:17,485519DF2986_sys.log time sent (2023, 12, 9, 5, 21, 48, 16, 126)
2023-12-09 22:15:07,48:E7:29:53:67:2E requested time
2023-12-09 22:15:08,485519DF2986_sys.log time sent (2023, 12, 9, 5, 22, 15, 7, 104)
2023-12-09 22:15:11,48:E7:29:52:E8:D2 requested time
2023-12-09 22:15:12,485519DF2986_sys.log time sent (2023, 12, 9, 5, 22, 15, 11, 103)
2023-12-09 22:24:10,48:E7:29:53:7E:2C requested time
2023-12-09 22:24:11,485519DF2986_sys.log time sent (2023, 12, 9, 5, 22, 24, 10, 104)
2023-12-09 22:27:09,48:E7:29:55:52:AD requested time
2023-12-09 22:27:10,485519DF2986_sys.log time sent (2023, 12, 9, 5, 22, 27, 9, 104)
2023-12-09 22:45:08,48:55:19:DF:28:48 requested time
2023-12-09 22:45:08,485519DF2986_sys.log time sent (2023, 12, 9, 5, 22, 45, 8, 104)
2023-12-09 22:48:13,48:E7:29:53:48:F8 requested time
2023-12-09 22:48:14,485519DF2986_sys.log time sent (2023, 12, 9, 5, 22, 48, 13, 104)
2023-12-09 23:15:14,48:E7:29:53:67:2E requested time
2023-12-09 23:15:14,485519DF2986_sys.log time sent (2023, 12, 9, 5, 23, 15, 14, 104)
2023-12-09 23:15:15,48:E7:29:52:E8:D2 requested time
2023-12-09 23:15:15,485519DF2986_sys.log time sent (2023, 12, 9, 5, 23, 15, 15, 104)
2023-12-09 23:24:10,48:E7:29:53:7E:2C requested time
2023-12-09 23:24:10,485519DF2986_sys.log time sent (2023, 12, 9, 5, 23, 24, 10, 115)
2023-12-09 23:27:08,48:E7:29:55:52:AD requested time
2023-12-09 23:27:09,485519DF2986_sys.log time sent (2023, 12, 9, 5, 23, 27, 8, 104)
2023-12-09 23:45:14,48:55:19:DF:28:48 requested time
2023-12-09 23:45:15,485519DF2986_sys.log time sent (2023, 12, 9, 5, 23, 45, 14, 103)
2023-12-09 23:48:24,48:E7:29:53:48:F8 requested time
2023-12-09 23:48:24,485519DF2986_sys.log time sent (2023, 12, 9, 5, 23, 48, 24, 103)
2023-12-10 00:15:13,48:E7:29:52:E8:D2 requested time
2023-12-10 00:15:13,485519DF2986_sys.log time sent (2023, 12, 10, 6, 0, 15, 13, 113)
2023-12-10 00:15:15,48:E7:29:53:67:2E requested time
2023-12-10 00:15:15,485519DF2986_sys.log time sent (2023, 12, 10, 6, 0, 15, 15, 104)
2023-12-10 00:24:09,48:E7:29:53:7E:2C requested time
2023-12-10 00:24:10,485519DF2986_sys.log time sent (2023, 12, 10, 6, 0, 24, 9, 104)
2023-12-10 00:27:13,48:E7:29:55:52:AD requested time
2023-12-10 00:27:13,485519DF2986_sys.log time sent (2023, 12, 10, 6, 0, 27, 13, 103)
2023-12-10 00:44:45,48:55:19:DF:28:48 requested time
2023-12-10 00:44:46,485519DF2986_sys.log time sent (2023, 12, 10, 6, 0, 44, 45, 104)
2023-12-10 00:48:11,48:E7:29:53:48:F8 requested time
2023-12-10 00:48:11,485519DF2986_sys.log time sent (2023, 12, 10, 6, 0, 48, 11, 104)
2023-12-10 01:14:41,48:E7:29:53:67:2E requested time
2023-12-10 01:14:41,485519DF2986_sys.log time sent (2023, 12, 10, 6, 1, 14, 41, 104)
2023-12-10 01:15:10,48:E7:29:52:E8:D2 requested time
2023-12-10 01:15:10,485519DF2986_sys.log time sent (2023, 12, 10, 6, 1, 15, 10, 105)
2023-12-10 01:23:37,48:E7:29:53:7E:2C requested time
2023-12-10 01:23:38,485519DF2986_sys.log time sent (2023, 12, 10, 6, 1, 23, 37, 105)
2023-12-10 01:26:51,48:E7:29:55:52:AD requested time
2023-12-10 01:26:51,485519DF2986_sys.log time sent (2023, 12, 10, 6, 1, 26, 51, 105)
2023-12-10 01:30:04,48:55:19:DF:28:48 requested time
2023-12-10 01:30:05,485519DF2986_sys.log time sent (2023, 12, 10, 6, 1, 30, 4, 104)
2023-12-10 01:48:13,48:E7:29:53:48:F8 requested time
2023-12-10 01:48:14,485519DF2986_sys.log time sent (2023, 12, 10, 6, 1, 48, 13, 165)
2023-12-10 02:00:00,48:E7:29:53:67:2E requested time
2023-12-10 02:00:00,485519DF2986_sys.log time sent (2023, 12, 10, 6, 2, 0, 0, 105)
2023-12-10 02:15:08,48:E7:29:52:E8:D2 requested time
2023-12-10 02:15:08,485519DF2986_sys.log time sent (2023, 12, 10, 6, 2, 15, 8, 106)
2023-12-10 02:21:06,48:E7:29:53:7E:2C requested time
2023-12-10 02:21:06,485519DF2986_sys.log time sent (2023, 12, 10, 6, 2, 21, 6, 105)
2023-12-10 02:23:53,48:E7:29:55:52:AD requested time
2023-12-10 02:23:53,485519DF2986_sys.log time sent (2023, 12, 10, 6, 2, 23, 53, 104)
2023-12-10 02:30:11,48:55:19:DF:28:48 requested time
2023-12-10 02:30:11,485519DF2986_sys.log time sent (2023, 12, 10, 6, 2, 30, 11, 105)
2023-12-10 02:48:09,48:E7:29:53:48:F8 requested time
2023-12-10 02:48:09,485519DF2986_sys.log time sent (2023, 12, 10, 6, 2, 48, 9, 105)
2023-12-10 03:00:07,48:E7:29:53:67:2E requested time
2023-12-10 03:00:07,485519DF2986_sys.log time sent (2023, 12, 10, 6, 3, 0, 7, 104)
2023-12-10 03:15:16,48:E7:29:52:E8:D2 requested time
2023-12-10 03:15:16,485519DF2986_sys.log time sent (2023, 12, 10, 6, 3, 15, 16, 104)
2023-12-10 03:21:00,48:E7:29:55:52:AD requested time
2023-12-10 03:21:00,485519DF2986_sys.log time sent (2023, 12, 10, 6, 3, 21, 0, 104)
2023-12-10 03:21:05,48:E7:29:53:7E:2C requested time
2023-12-10 03:21:05,485519DF2986_sys.log time sent (2023, 12, 10, 6, 3, 21, 5, 104)
2023-12-10 03:30:17,48:55:19:DF:28:48 requested time
2023-12-10 03:30:18,485519DF2986_sys.log time sent (2023, 12, 10, 6, 3, 30, 17, 103)
2023-12-10 03:48:09,48:E7:29:53:48:F8 requested time
2023-12-10 03:48:09,485519DF2986_sys.log time sent (2023, 12, 10, 6, 3, 48, 9, 104)
2023-12-10 04:00:23,48:E7:29:53:67:2E requested time
2023-12-10 04:00:23,485519DF2986_sys.log time sent (2023, 12, 10, 6, 4, 0, 23, 104)
2023-12-10 04:15:09,48:E7:29:52:E8:D2 requested time
2023-12-10 04:15:09,485519DF2986_sys.log time sent (2023, 12, 10, 6, 4, 15, 9, 103)
2023-12-10 04:21:14,48:E7:29:53:7E:2C requested time
2023-12-10 04:21:15,485519DF2986_sys.log time sent (2023, 12, 10, 6, 4, 21, 14, 114)
2023-12-10 04:21:16,48:E7:29:55:52:AD requested time
2023-12-10 04:21:16,485519DF2986_sys.log time sent (2023, 12, 10, 6, 4, 21, 16, 104)
2023-12-10 04:30:14,48:55:19:DF:28:48 requested time
2023-12-10 04:30:14,485519DF2986_sys.log time sent (2023, 12, 10, 6, 4, 30, 14, 104)
2023-12-10 04:48:15,48:E7:29:53:48:F8 requested time
2023-12-10 04:48:15,485519DF2986_sys.log time sent (2023, 12, 10, 6, 4, 48, 15, 105)
2023-12-10 05:00:14,48:E7:29:53:67:2E requested time
2023-12-10 05:00:15,485519DF2986_sys.log time sent (2023, 12, 10, 6, 5, 0, 14, 104)
2023-12-10 05:15:13,48:E7:29:52:E8:D2 requested time
2023-12-10 05:15:13,485519DF2986_sys.log time sent (2023, 12, 10, 6, 5, 15, 13, 104)
2023-12-10 05:21:09,48:E7:29:55:52:AD requested time
2023-12-10 05:21:10,485519DF2986_sys.log time sent (2023, 12, 10, 6, 5, 21, 9, 103)
2023-12-10 05:21:14,48:E7:29:53:7E:2C requested time
2023-12-10 05:21:14,485519DF2986_sys.log time sent (2023, 12, 10, 6, 5, 21, 14, 104)
2023-12-10 05:30:10,48:55:19:DF:28:48 requested time
2023-12-10 05:30:10,485519DF2986_sys.log time sent (2023, 12, 10, 6, 5, 30, 10, 104)
2023-12-10 05:48:12,48:E7:29:53:48:F8 requested time
2023-12-10 05:48:12,485519DF2986_sys.log time sent (2023, 12, 10, 6, 5, 48, 12, 104)
2023-12-10 06:00:16,48:E7:29:53:67:2E requested time
2023-12-10 06:00:16,485519DF2986_sys.log time sent (2023, 12, 10, 6, 6, 0, 16, 104)
2023-12-10 06:15:11,48:E7:29:52:E8:D2 requested time
2023-12-10 06:15:11,485519DF2986_sys.log time sent (2023, 12, 10, 6, 6, 15, 11, 114)
2023-12-10 06:21:08,48:E7:29:55:52:AD requested time
2023-12-10 06:21:09,485519DF2986_sys.log time sent (2023, 12, 10, 6, 6, 21, 8, 104)
2023-12-10 06:21:13,48:E7:29:53:7E:2C requested time
2023-12-10 06:21:14,485519DF2986_sys.log time sent (2023, 12, 10, 6, 6, 21, 13, 103)
2023-12-10 06:30:11,48:55:19:DF:28:48 requested time
2023-12-10 06:30:11,485519DF2986_sys.log time sent (2023, 12, 10, 6, 6, 30, 11, 103)
2023-12-10 06:48:14,48:E7:29:53:48:F8 requested time
2023-12-10 06:48:15,485519DF2986_sys.log time sent (2023, 12, 10, 6, 6, 48, 14, 91)
2023-12-10 07:00:12,48:E7:29:53:67:2E requested time
2023-12-10 07:00:12,485519DF2986_sys.log time sent (2023, 12, 10, 6, 7, 0, 12, 103)
2023-12-10 07:15:07,48:E7:29:52:E8:D2 requested time
2023-12-10 07:15:07,485519DF2986_sys.log time sent (2023, 12, 10, 6, 7, 15, 7, 104)
2023-12-10 07:21:12,48:E7:29:53:7E:2C requested time
2023-12-10 07:21:13,485519DF2986_sys.log time sent (2023, 12, 10, 6, 7, 21, 12, 105)
2023-12-10 07:21:18,48:E7:29:55:52:AD requested time
2023-12-10 07:21:18,485519DF2986_sys.log time sent (2023, 12, 10, 6, 7, 21, 18, 104)
2023-12-10 07:30:07,48:55:19:DF:28:48 requested time
2023-12-10 07:30:08,485519DF2986_sys.log time sent (2023, 12, 10, 6, 7, 30, 7, 104)
2023-12-10 07:48:17,48:E7:29:53:48:F8 requested time
2023-12-10 07:48:17,485519DF2986_sys.log time sent (2023, 12, 10, 6, 7, 48, 17, 104)
2023-12-10 08:00:13,48:E7:29:53:67:2E requested time
2023-12-10 08:00:14,485519DF2986_sys.log time sent (2023, 12, 10, 6, 8, 0, 13, 104)
2023-12-10 08:14:48,48:E7:29:52:E8:D2 requested time
2023-12-10 08:14:49,485519DF2986_sys.log time sent (2023, 12, 10, 6, 8, 14, 48, 104)
2023-12-10 08:21:07,48:E7:29:53:7E:2C requested time
2023-12-10 08:21:07,485519DF2986_sys.log time sent (2023, 12, 10, 6, 8, 21, 7, 104)
2023-12-10 08:21:17,48:E7:29:55:52:AD requested time
2023-12-10 08:21:17,485519DF2986_sys.log time sent (2023, 12, 10, 6, 8, 21, 17, 104)
2023-12-10 08:30:09,48:55:19:DF:28:48 requested time
2023-12-10 08:30:09,485519DF2986_sys.log time sent (2023, 12, 10, 6, 8, 30, 9, 114)
2023-12-10 08:47:32,48:E7:29:53:48:F8 requested time
2023-12-10 08:47:32,485519DF2986_sys.log time sent (2023, 12, 10, 6, 8, 47, 32, 104)
2023-12-10 08:59:52,48:E7:29:52:E8:D2 requested time
2023-12-10 08:59:53,485519DF2986_sys.log time sent (2023, 12, 10, 6, 8, 59, 52, 104)
2023-12-10 09:00:10,48:E7:29:53:67:2E requested time
2023-12-10 09:00:10,485519DF2986_sys.log time sent (2023, 12, 10, 6, 9, 0, 10, 104)
2023-12-10 09:21:00,48:E7:29:55:52:AD requested time
2023-12-10 09:21:01,485519DF2986_sys.log time sent (2023, 12, 10, 6, 9, 21, 0, 103)
2023-12-10 09:21:06,48:E7:29:53:7E:2C requested time
2023-12-10 09:21:06,485519DF2986_sys.log time sent (2023, 12, 10, 6, 9, 21, 6, 104)
2023-12-10 09:30:05,48:55:19:DF:28:48 requested time
2023-12-10 09:30:05,485519DF2986_sys.log time sent (2023, 12, 10, 6, 9, 30, 5, 104)
2023-12-10 09:45:03,48:E7:29:53:48:F8 requested time
2023-12-10 09:45:04,485519DF2986_sys.log time sent (2023, 12, 10, 6, 9, 45, 3, 105)
2023-12-10 09:45:06,48:E7:29:52:E8:D2 requested time
2023-12-10 09:45:07,485519DF2986_sys.log time sent (2023, 12, 10, 6, 9, 45, 6, 104)
2023-12-10 09:59:56,48:E7:29:53:67:2E requested time
2023-12-10 09:59:56,485519DF2986_sys.log time sent (2023, 12, 10, 6, 9, 59, 56, 104)
2023-12-10 10:21:05,48:E7:29:55:52:AD requested time
2023-12-10 10:21:05,485519DF2986_sys.log time sent (2023, 12, 10, 6, 10, 21, 5, 104)
2023-12-10 10:21:06,48:E7:29:53:7E:2C requested time
2023-12-10 10:21:06,485519DF2986_sys.log time sent (2023, 12, 10, 6, 10, 21, 6, 114)
2023-12-10 10:30:11,48:55:19:DF:28:48 requested time
2023-12-10 10:30:12,485519DF2986_sys.log time sent (2023, 12, 10, 6, 10, 30, 11, 104)
2023-12-10 10:45:03,48:E7:29:52:E8:D2 requested time
2023-12-10 10:45:03,485519DF2986_sys.log time sent (2023, 12, 10, 6, 10, 45, 3, 104)
2023-12-10 10:45:06,48:E7:29:53:48:F8 requested time
2023-12-10 10:45:06,485519DF2986_sys.log time sent (2023, 12, 10, 6, 10, 45, 6, 104)
2023-12-10 11:00:12,48:E7:29:53:67:2E requested time
2023-12-10 11:00:13,485519DF2986_sys.log time sent (2023, 12, 10, 6, 11, 0, 12, 113)
2023-12-10 11:21:09,48:E7:29:55:52:AD requested time
2023-12-10 11:21:09,485519DF2986_sys.log time sent (2023, 12, 10, 6, 11, 21, 9, 104)
2023-12-10 11:21:15,48:E7:29:53:7E:2C requested time
2023-12-10 11:21:16,485519DF2986_sys.log time sent (2023, 12, 10, 6, 11, 21, 15, 104)
2023-12-10 11:30:08,48:55:19:DF:28:48 requested time
2023-12-10 11:30:08,485519DF2986_sys.log time sent (2023, 12, 10, 6, 11, 30, 8, 103)
2023-12-10 11:45:04,48:E7:29:52:E8:D2 requested time
2023-12-10 11:45:04,485519DF2986_sys.log time sent (2023, 12, 10, 6, 11, 45, 4, 104)
2023-12-10 11:45:08,48:E7:29:53:48:F8 requested time
2023-12-10 11:45:08,485519DF2986_sys.log time sent (2023, 12, 10, 6, 11, 45, 8, 103)
2023-12-10 12:00:09,48:E7:29:53:67:2E requested time
2023-12-10 12:00:09,485519DF2986_sys.log time sent (2023, 12, 10, 6, 12, 0, 9, 104)
2023-12-10 12:21:03,48:E7:29:55:52:AD requested time
2023-12-10 12:21:04,485519DF2986_sys.log time sent (2023, 12, 10, 6, 12, 21, 3, 104)
2023-12-10 12:21:15,48:E7:29:53:7E:2C requested time
2023-12-10 12:21:15,485519DF2986_sys.log time sent (2023, 12, 10, 6, 12, 21, 15, 104)
2023-12-10 12:30:09,48:55:19:DF:28:48 requested time
2023-12-10 12:30:10,485519DF2986_sys.log time sent (2023, 12, 10, 6, 12, 30, 9, 104)
2023-12-10 12:45:05,48:E7:29:52:E8:D2 requested time
2023-12-10 12:45:06,485519DF2986_sys.log time sent (2023, 12, 10, 6, 12, 45, 5, 104)
2023-12-10 12:45:10,48:E7:29:53:48:F8 requested time
2023-12-10 12:45:11,485519DF2986_sys.log time sent (2023, 12, 10, 6, 12, 45, 10, 115)
2023-12-10 13:00:05,48:E7:29:53:67:2E requested time
2023-12-10 13:00:05,485519DF2986_sys.log time sent (2023, 12, 10, 6, 13, 0, 5, 105)
2023-12-10 13:21:09,48:E7:29:53:7E:2C requested time
2023-12-10 13:21:09,485519DF2986_sys.log time sent (2023, 12, 10, 6, 13, 21, 9, 104)
2023-12-10 13:21:13,48:E7:29:55:52:AD requested time
2023-12-10 13:21:13,485519DF2986_sys.log time sent (2023, 12, 10, 6, 13, 21, 13, 104)
2023-12-10 13:27:18,48:E7:29:52:E8:D2 requested time
2023-12-10 13:27:19,485519DF2986_sys.log time sent (2023, 12, 10, 6, 13, 27, 18, 103)
2023-12-10 13:27:19,48:E7:29:53:48:F8 requested time
2023-12-10 13:27:19,485519DF2986_sys.log time sent (2023, 12, 10, 6, 13, 27, 19, 104)
2023-12-10 13:27:23,48:E7:29:53:48:F8 requested time
2023-12-10 13:27:23,485519DF2986_sys.log time sent (2023, 12, 10, 6, 13, 27, 23, 104)
2023-12-10 13:30:06,48:55:19:DF:28:48 requested time
2023-12-10 13:30:06,485519DF2986_sys.log time sent (2023, 12, 10, 6, 13, 30, 6, 104)
2023-12-10 14:00:12,48:E7:29:53:67:2E requested time
2023-12-10 14:00:12,485519DF2986_sys.log time sent (2023, 12, 10, 6, 14, 0, 12, 104)
2023-12-10 14:00:57,48:E7:29:52:E8:D2 requested time
2023-12-10 14:00:57,485519DF2986_sys.log time sent (2023, 12, 10, 6, 14, 0, 57, 104)
2023-12-10 14:21:07,48:E7:29:55:52:AD requested time
2023-12-10 14:21:07,485519DF2986_sys.log time sent (2023, 12, 10, 6, 14, 21, 7, 105)
2023-12-10 14:21:08,48:E7:29:53:7E:2C requested time
2023-12-10 14:21:09,485519DF2986_sys.log time sent (2023, 12, 10, 6, 14, 21, 8, 115)
2023-12-10 14:26:01,48:E7:29:53:48:F8 requested time
2023-12-10 14:26:01,485519DF2986_sys.log time sent (2023, 12, 10, 6, 14, 26, 1, 105)
2023-12-10 14:30:07,48:55:19:DF:28:48 requested time
2023-12-10 14:30:07,485519DF2986_sys.log time sent (2023, 12, 10, 6, 14, 30, 7, 104)
2023-12-10 15:00:03,48:E7:29:53:67:2E requested time
2023-12-10 15:00:03,485519DF2986_sys.log time sent (2023, 12, 10, 6, 15, 0, 3, 104)
2023-12-10 15:00:08,48:E7:29:52:E8:D2 requested time
2023-12-10 15:00:08,485519DF2986_sys.log time sent (2023, 12, 10, 6, 15, 0, 8, 91)
2023-12-10 15:21:08,48:E7:29:53:7E:2C requested time
2023-12-10 15:21:08,485519DF2986_sys.log time sent (2023, 12, 10, 6, 15, 21, 8, 105)
2023-12-10 15:21:11,48:E7:29:55:52:AD requested time
2023-12-10 15:21:12,485519DF2986_sys.log time sent (2023, 12, 10, 6, 15, 21, 11, 104)
2023-12-10 15:24:07,48:E7:29:53:48:F8 requested time
2023-12-10 15:24:07,485519DF2986_sys.log time sent (2023, 12, 10, 6, 15, 24, 7, 104)
2023-12-10 15:30:03,48:55:19:DF:28:48 requested time
2023-12-10 15:30:04,485519DF2986_sys.log time sent (2023, 12, 10, 6, 15, 30, 3, 105)
2023-12-10 16:00:04,48:E7:29:53:67:2E requested time
2023-12-10 16:00:05,485519DF2986_sys.log time sent (2023, 12, 10, 6, 16, 0, 4, 104)
2023-12-10 16:00:09,48:E7:29:52:E8:D2 requested time
2023-12-10 16:00:09,485519DF2986_sys.log time sent (2023, 12, 10, 6, 16, 0, 9, 104)
2023-12-10 16:21:02,48:E7:29:53:7E:2C requested time
2023-12-10 16:21:02,485519DF2986_sys.log time sent (2023, 12, 10, 6, 16, 21, 2, 105)
2023-12-10 16:21:05,48:E7:29:55:52:AD requested time
2023-12-10 16:21:06,485519DF2986_sys.log time sent (2023, 12, 10, 6, 16, 21, 5, 105)
2023-12-10 16:24:08,48:E7:29:53:48:F8 requested time
2023-12-10 16:24:08,485519DF2986_sys.log time sent (2023, 12, 10, 6, 16, 24, 8, 104)
2023-12-10 16:30:10,48:55:19:DF:28:48 requested time
2023-12-10 16:30:10,485519DF2986_sys.log time sent (2023, 12, 10, 6, 16, 30, 10, 104)
2023-12-10 17:00:01,48:E7:29:53:67:2E requested time
2023-12-10 17:00:01,485519DF2986_sys.log time sent (2023, 12, 10, 6, 17, 0, 1, 113)
2023-12-10 17:00:10,48:E7:29:52:E8:D2 requested time
2023-12-10 17:00:11,485519DF2986_sys.log time sent (2023, 12, 10, 6, 17, 0, 10, 104)
2023-12-10 17:21:01,48:E7:29:53:7E:2C requested time
2023-12-10 17:21:01,485519DF2986_sys.log time sent (2023, 12, 10, 6, 17, 21, 1, 104)
2023-12-10 17:21:15,48:E7:29:55:52:AD requested time
2023-12-10 17:21:15,485519DF2986_sys.log time sent (2023, 12, 10, 6, 17, 21, 15, 104)
2023-12-10 17:24:20,48:E7:29:53:48:F8 requested time
2023-12-10 17:24:21,485519DF2986_sys.log time sent (2023, 12, 10, 6, 17, 24, 20, 104)
2023-12-10 17:30:01,48:55:19:DF:28:48 requested time
2023-12-10 17:30:01,485519DF2986_sys.log time sent (2023, 12, 10, 6, 17, 30, 1, 104)
2023-12-10 18:00:02,48:E7:29:53:67:2E requested time
2023-12-10 18:00:02,485519DF2986_sys.log time sent (2023, 12, 10, 6, 18, 0, 2, 104)
2023-12-10 18:00:12,48:E7:29:52:E8:D2 requested time
2023-12-10 18:00:12,485519DF2986_sys.log time sent (2023, 12, 10, 6, 18, 0, 12, 104)
2023-12-10 18:20:58,48:E7:29:55:52:AD requested time
2023-12-10 18:20:59,485519DF2986_sys.log time sent (2023, 12, 10, 6, 18, 20, 58, 104)
2023-12-10 18:21:06,48:E7:29:53:7E:2C requested time
2023-12-10 18:21:06,485519DF2986_sys.log time sent (2023, 12, 10, 6, 18, 21, 6, 104)
2023-12-10 18:24:23,48:E7:29:53:48:F8 requested time
2023-12-10 18:24:23,485519DF2986_sys.log time sent (2023, 12, 10, 6, 18, 24, 23, 104)
2023-12-10 18:30:07,48:55:19:DF:28:48 requested time
2023-12-10 18:30:08,485519DF2986_sys.log time sent (2023, 12, 10, 6, 18, 30, 7, 114)
2023-12-10 19:00:23,48:E7:29:53:67:2E requested time
2023-12-10 19:00:24,485519DF2986_sys.log time sent (2023, 12, 10, 6, 19, 0, 23, 104)
2023-12-10 19:01:00,48:E7:29:52:E8:D2 requested time
2023-12-10 19:01:00,485519DF2986_sys.log time sent (2023, 12, 10, 6, 19, 1, 0, 104)
2023-12-10 19:21:13,48:E7:29:55:52:AD requested time
2023-12-10 19:21:13,485519DF2986_sys.log time sent (2023, 12, 10, 6, 19, 21, 13, 105)
2023-12-10 19:21:15,48:E7:29:53:7E:2C requested time
2023-12-10 19:21:16,485519DF2986_sys.log time sent (2023, 12, 10, 6, 19, 21, 15, 105)
2023-12-10 19:24:20,48:E7:29:53:48:F8 requested time
2023-12-10 19:24:20,485519DF2986_sys.log time sent (2023, 12, 10, 6, 19, 24, 20, 105)
2023-12-10 19:30:09,48:55:19:DF:28:48 requested time
2023-12-10 19:30:09,485519DF2986_sys.log time sent (2023, 12, 10, 6, 19, 30, 9, 104)
2023-12-10 20:00:15,48:E7:29:53:67:2E requested time
2023-12-10 20:00:15,485519DF2986_sys.log time sent (2023, 12, 10, 6, 20, 0, 15, 105)
2023-12-10 20:00:19,48:E7:29:52:E8:D2 requested time
2023-12-10 20:00:19,485519DF2986_sys.log time sent (2023, 12, 10, 6, 20, 0, 19, 105)
2023-12-10 20:21:09,48:E7:29:53:7E:2C requested time
2023-12-10 20:21:10,485519DF2986_sys.log time sent (2023, 12, 10, 6, 20, 21, 9, 105)
2023-12-10 20:21:12,48:E7:29:55:52:AD requested time
2023-12-10 20:21:12,485519DF2986_sys.log time sent (2023, 12, 10, 6, 20, 21, 12, 105)
2023-12-10 20:24:17,48:E7:29:53:48:F8 requested time
2023-12-10 20:24:17,485519DF2986_sys.log time sent (2023, 12, 10, 6, 20, 24, 17, 113)
2023-12-10 20:30:10,48:55:19:DF:28:48 requested time
2023-12-10 20:30:10,485519DF2986_sys.log time sent (2023, 12, 10, 6, 20, 30, 10, 103)
2023-12-10 21:00:01,48:E7:29:53:67:2E requested time
2023-12-10 21:00:01,485519DF2986_sys.log time sent (2023, 12, 10, 6, 21, 0, 1, 105)
2023-12-10 21:00:13,48:E7:29:52:E8:D2 requested time
2023-12-10 21:00:14,485519DF2986_sys.log time sent (2023, 12, 10, 6, 21, 0, 13, 104)
2023-12-10 21:21:09,48:E7:29:53:7E:2C requested time
2023-12-10 21:21:09,485519DF2986_sys.log time sent (2023, 12, 10, 6, 21, 21, 9, 163)
2023-12-10 21:21:11,48:E7:29:55:52:AD requested time
2023-12-10 21:21:11,485519DF2986_sys.log time sent (2023, 12, 10, 6, 21, 21, 11, 104)
2023-12-10 21:24:14,48:E7:29:53:48:F8 requested time
2023-12-10 21:24:15,485519DF2986_sys.log time sent (2023, 12, 10, 6, 21, 24, 14, 104)
2023-12-10 21:30:06,48:55:19:DF:28:48 requested time
2023-12-10 21:30:07,485519DF2986_sys.log time sent (2023, 12, 10, 6, 21, 30, 6, 104)
2023-12-10 22:00:07,48:E7:29:53:67:2E requested time
2023-12-10 22:00:08,485519DF2986_sys.log time sent (2023, 12, 10, 6, 22, 0, 7, 104)
2023-12-10 22:00:13,48:E7:29:52:E8:D2 requested time
2023-12-10 22:00:13,485519DF2986_sys.log time sent (2023, 12, 10, 6, 22, 0, 13, 104)
2023-12-10 22:21:05,48:E7:29:55:52:AD requested time
2023-12-10 22:21:05,485519DF2986_sys.log time sent (2023, 12, 10, 6, 22, 21, 5, 103)
2023-12-10 22:21:08,48:E7:29:53:7E:2C requested time
2023-12-10 22:21:08,485519DF2986_sys.log time sent (2023, 12, 10, 6, 22, 21, 8, 105)
2023-12-10 22:24:12,48:E7:29:53:48:F8 requested time
2023-12-10 22:24:12,485519DF2986_sys.log time sent (2023, 12, 10, 6, 22, 24, 12, 104)
2023-12-10 22:30:13,48:55:19:DF:28:48 requested time
2023-12-10 22:30:13,485519DF2986_sys.log time sent (2023, 12, 10, 6, 22, 30, 13, 105)
2023-12-10 23:00:04,48:E7:29:53:67:2E requested time
2023-12-10 23:00:04,485519DF2986_sys.log time sent (2023, 12, 10, 6, 23, 0, 4, 104)
2023-12-10 23:00:17,48:E7:29:52:E8:D2 requested time
2023-12-10 23:00:17,485519DF2986_sys.log time sent (2023, 12, 10, 6, 23, 0, 17, 114)
2023-12-10 23:21:13,48:E7:29:53:7E:2C requested time
2023-12-10 23:21:13,485519DF2986_sys.log time sent (2023, 12, 10, 6, 23, 21, 13, 104)
2023-12-10 23:21:14,48:E7:29:55:52:AD requested time
2023-12-10 23:21:15,485519DF2986_sys.log time sent (2023, 12, 10, 6, 23, 21, 14, 104)
2023-12-10 23:24:14,48:E7:29:53:48:F8 requested time
2023-12-10 23:24:14,485519DF2986_sys.log time sent (2023, 12, 10, 6, 23, 24, 14, 104)
2023-12-10 23:30:09,48:55:19:DF:28:48 requested time
2023-12-10 23:30:09,485519DF2986_sys.log time sent (2023, 12, 10, 6, 23, 30, 9, 104)
2023-12-11 00:00:05,48:E7:29:53:67:2E requested time
2023-12-11 00:00:05,485519DF2986_sys.log time sent (2023, 12, 11, 0, 0, 0, 5, 104)
2023-12-11 00:00:12,48:E7:29:52:E8:D2 requested time
2023-12-11 00:00:12,485519DF2986_sys.log time sent (2023, 12, 11, 0, 0, 0, 12, 104)
2023-12-11 00:21:07,48:E7:29:53:7E:2C requested time
2023-12-11 00:21:07,485519DF2986_sys.log time sent (2023, 12, 11, 0, 0, 21, 7, 103)
2023-12-11 00:21:08,48:E7:29:55:52:AD requested time
2023-12-11 00:21:09,485519DF2986_sys.log time sent (2023, 12, 11, 0, 0, 21, 8, 104)
2023-12-11 00:24:11,48:E7:29:53:48:F8 requested time
2023-12-11 00:24:12,485519DF2986_sys.log time sent (2023, 12, 11, 0, 0, 24, 11, 104)
2023-12-11 00:30:10,48:55:19:DF:28:48 requested time
2023-12-11 00:30:11,485519DF2986_sys.log time sent (2023, 12, 11, 0, 0, 30, 10, 104)
2023-12-11 01:00:01,48:E7:29:53:67:2E requested time
2023-12-11 01:00:02,485519DF2986_sys.log time sent (2023, 12, 11, 0, 1, 0, 1, 113)
2023-12-11 01:00:14,48:E7:29:52:E8:D2 requested time
2023-12-11 01:00:14,485519DF2986_sys.log time sent (2023, 12, 11, 0, 1, 0, 14, 104)
2023-12-11 01:21:11,48:E7:29:53:7E:2C requested time
2023-12-11 01:21:12,485519DF2986_sys.log time sent (2023, 12, 11, 0, 1, 21, 11, 104)
2023-12-11 01:21:13,48:E7:29:55:52:AD requested time
2023-12-11 01:21:13,485519DF2986_sys.log time sent (2023, 12, 11, 0, 1, 21, 13, 104)
2023-12-11 01:24:14,48:E7:29:53:48:F8 requested time
2023-12-11 01:24:14,485519DF2986_sys.log time sent (2023, 12, 11, 0, 1, 24, 14, 114)
2023-12-11 01:30:07,48:55:19:DF:28:48 requested time
2023-12-11 01:30:07,485519DF2986_sys.log time sent (2023, 12, 11, 0, 1, 30, 7, 104)
2023-12-11 02:00:13,48:E7:29:53:67:2E requested time
2023-12-11 02:00:13,485519DF2986_sys.log time sent (2023, 12, 11, 0, 2, 0, 13, 104)
2023-12-11 02:00:17,48:E7:29:52:E8:D2 requested time
2023-12-11 02:00:17,485519DF2986_sys.log time sent (2023, 12, 11, 0, 2, 0, 17, 105)
2023-12-11 02:21:11,48:E7:29:53:7E:2C requested time
2023-12-11 02:21:11,485519DF2986_sys.log time sent (2023, 12, 11, 0, 2, 21, 11, 105)
2023-12-11 02:21:12,48:E7:29:55:52:AD requested time
2023-12-11 02:21:12,485519DF2986_sys.log time sent (2023, 12, 11, 0, 2, 21, 12, 104)
2023-12-11 02:24:16,48:E7:29:53:48:F8 requested time
2023-12-11 02:24:16,485519DF2986_sys.log time sent (2023, 12, 11, 0, 2, 24, 16, 104)
2023-12-11 02:30:08,48:55:19:DF:28:48 requested time
2023-12-11 02:30:08,485519DF2986_sys.log time sent (2023, 12, 11, 0, 2, 30, 8, 104)
2023-12-11 03:00:09,48:E7:29:53:67:2E requested time
2023-12-11 03:00:09,485519DF2986_sys.log time sent (2023, 12, 11, 0, 3, 0, 9, 104)
2023-12-11 03:00:11,48:E7:29:52:E8:D2 requested time
2023-12-11 03:00:11,485519DF2986_sys.log time sent (2023, 12, 11, 0, 3, 0, 11, 103)
2023-12-11 03:21:06,48:E7:29:55:52:AD requested time
2023-12-11 03:21:06,485519DF2986_sys.log time sent (2023, 12, 11, 0, 3, 21, 6, 104)
2023-12-11 03:21:10,48:E7:29:53:7E:2C requested time
2023-12-11 03:21:10,485519DF2986_sys.log time sent (2023, 12, 11, 0, 3, 21, 10, 114)
2023-12-11 03:24:13,48:E7:29:53:48:F8 requested time
2023-12-11 03:24:13,485519DF2986_sys.log time sent (2023, 12, 11, 0, 3, 24, 13, 104)
2023-12-11 03:30:10,48:55:19:DF:28:48 requested time
2023-12-11 03:30:10,485519DF2986_sys.log time sent (2023, 12, 11, 0, 3, 30, 10, 105)
2023-12-11 04:00:09,48:E7:29:52:E8:D2 requested time
2023-12-11 04:00:09,485519DF2986_sys.log time sent (2023, 12, 11, 0, 4, 0, 9, 104)
2023-12-11 04:00:10,48:E7:29:53:67:2E requested time
2023-12-11 04:00:11,485519DF2986_sys.log time sent (2023, 12, 11, 0, 4, 0, 10, 104)
2023-12-11 04:21:09,48:E7:29:53:7E:2C requested time
2023-12-11 04:21:10,485519DF2986_sys.log time sent (2023, 12, 11, 0, 4, 21, 9, 103)
2023-12-11 04:21:10,48:E7:29:55:52:AD requested time
2023-12-11 04:21:11,485519DF2986_sys.log time sent (2023, 12, 11, 0, 4, 21, 10, 104)
2023-12-11 04:24:10,48:E7:29:53:48:F8 requested time
2023-12-11 04:24:11,485519DF2986_sys.log time sent (2023, 12, 11, 0, 4, 24, 10, 104)
2023-12-11 04:30:06,48:55:19:DF:28:48 requested time
2023-12-11 04:30:06,485519DF2986_sys.log time sent (2023, 12, 11, 0, 4, 30, 6, 104)
2023-12-11 05:00:11,48:E7:29:52:E8:D2 requested time
2023-12-11 05:00:12,485519DF2986_sys.log time sent (2023, 12, 11, 0, 5, 0, 11, 104)
2023-12-11 05:00:12,48:E7:29:53:67:2E requested time
2023-12-11 05:00:13,485519DF2986_sys.log time sent (2023, 12, 11, 0, 5, 0, 12, 104)
2023-12-11 05:21:09,48:E7:29:53:7E:2C requested time
2023-12-11 05:21:09,485519DF2986_sys.log time sent (2023, 12, 11, 0, 5, 21, 9, 104)
2023-12-11 05:21:10,48:E7:29:55:52:AD requested time
2023-12-11 05:21:10,485519DF2986_sys.log time sent (2023, 12, 11, 0, 5, 21, 10, 103)
2023-12-11 05:24:13,48:E7:29:53:48:F8 requested time
2023-12-11 05:24:13,485519DF2986_sys.log time sent (2023, 12, 11, 0, 5, 24, 13, 104)
2023-12-11 05:30:12,48:55:19:DF:28:48 requested time
2023-12-11 05:30:12,485519DF2986_sys.log time sent (2023, 12, 11, 0, 5, 30, 12, 104)
2023-12-11 06:00:03,48:E7:29:53:67:2E requested time
2023-12-11 06:00:04,485519DF2986_sys.log time sent (2023, 12, 11, 0, 6, 0, 3, 114)
2023-12-11 06:00:08,48:E7:29:52:E8:D2 requested time
2023-12-11 06:00:08,485519DF2986_sys.log time sent (2023, 12, 11, 0, 6, 0, 8, 105)
2023-12-11 06:21:08,48:E7:29:53:7E:2C requested time
2023-12-11 06:21:08,485519DF2986_sys.log time sent (2023, 12, 11, 0, 6, 21, 8, 105)
2023-12-11 06:21:09,48:E7:29:55:52:AD requested time
2023-12-11 06:21:09,485519DF2986_sys.log time sent (2023, 12, 11, 0, 6, 21, 9, 103)
2023-12-11 06:24:10,48:E7:29:53:48:F8 requested time
2023-12-11 06:24:10,485519DF2986_sys.log time sent (2023, 12, 11, 0, 6, 24, 10, 104)
2023-12-11 06:30:03,48:55:19:DF:28:48 requested time
2023-12-11 06:30:04,485519DF2986_sys.log time sent (2023, 12, 11, 0, 6, 30, 3, 104)
2023-12-11 07:00:10,48:E7:29:53:67:2E requested time
2023-12-11 07:00:10,485519DF2986_sys.log time sent (2023, 12, 11, 0, 7, 0, 10, 104)
2023-12-11 07:00:11,48:E7:29:52:E8:D2 requested time
2023-12-11 07:00:11,485519DF2986_sys.log time sent (2023, 12, 11, 0, 7, 0, 11, 104)
2023-12-11 07:21:07,48:E7:29:53:7E:2C requested time
2023-12-11 07:21:08,485519DF2986_sys.log time sent (2023, 12, 11, 0, 7, 21, 7, 104)
2023-12-11 07:21:13,48:E7:29:55:52:AD requested time
2023-12-11 07:21:14,485519DF2986_sys.log time sent (2023, 12, 11, 0, 7, 21, 13, 104)
2023-12-11 07:24:12,48:E7:29:53:48:F8 requested time
2023-12-11 07:24:12,485519DF2986_sys.log time sent (2023, 12, 11, 0, 7, 24, 12, 103)
2023-12-11 07:30:10,48:55:19:DF:28:48 requested time
2023-12-11 07:30:10,485519DF2986_sys.log time sent (2023, 12, 11, 0, 7, 30, 10, 114)
2023-12-11 08:00:01,48:E7:29:53:67:2E requested time
2023-12-11 08:00:01,485519DF2986_sys.log time sent (2023, 12, 11, 0, 8, 0, 1, 104)
2023-12-11 08:00:05,48:E7:29:52:E8:D2 requested time
2023-12-11 08:00:05,485519DF2986_sys.log time sent (2023, 12, 11, 0, 8, 0, 5, 104)
2023-12-11 08:21:07,48:E7:29:53:7E:2C requested time
2023-12-11 08:21:07,485519DF2986_sys.log time sent (2023, 12, 11, 0, 8, 21, 7, 103)
2023-12-11 08:21:12,48:E7:29:55:52:AD requested time
2023-12-11 08:21:13,485519DF2986_sys.log time sent (2023, 12, 11, 0, 8, 21, 12, 113)
2023-12-11 08:23:59,48:E7:29:53:48:F8 requested time
2023-12-11 08:23:59,485519DF2986_sys.log time sent (2023, 12, 11, 0, 8, 23, 59, 104)
2023-12-11 08:30:06,48:55:19:DF:28:48 requested time
2023-12-11 08:30:06,485519DF2986_sys.log time sent (2023, 12, 11, 0, 8, 30, 6, 103)
2023-12-11 08:58:44,48:E7:29:52:E8:D2 requested time
2023-12-11 08:58:44,485519DF2986_sys.log time sent (2023, 12, 11, 0, 8, 58, 44, 104)
2023-12-11 08:59:57,48:E7:29:53:67:2E requested time
2023-12-11 08:59:58,485519DF2986_sys.log time sent (2023, 12, 11, 0, 8, 59, 57, 104)
2023-12-11 09:21:01,48:E7:29:53:7E:2C requested time
2023-12-11 09:21:01,485519DF2986_sys.log time sent (2023, 12, 11, 0, 9, 21, 1, 104)
2023-12-11 09:21:02,48:E7:29:55:52:AD requested time
2023-12-11 09:21:02,485519DF2986_sys.log time sent (2023, 12, 11, 0, 9, 21, 2, 104)
2023-12-11 09:23:51,48:E7:29:53:48:F8 requested time
2023-12-11 09:23:51,485519DF2986_sys.log time sent (2023, 12, 11, 0, 9, 23, 51, 104)
2023-12-11 09:30:07,48:55:19:DF:28:48 requested time
2023-12-11 09:30:08,485519DF2986_sys.log time sent (2023, 12, 11, 0, 9, 30, 7, 104)
2023-12-11 09:45:04,48:E7:29:52:E8:D2 requested time
2023-12-11 09:45:05,485519DF2986_sys.log time sent (2023, 12, 11, 0, 9, 45, 4, 103)
2023-12-11 09:59:59,48:E7:29:53:67:2E requested time
2023-12-11 09:59:59,485519DF2986_sys.log time sent (2023, 12, 11, 0, 9, 59, 59, 104)
2023-12-11 10:21:05,48:E7:29:53:7E:2C requested time
2023-12-11 10:21:06,485519DF2986_sys.log time sent (2023, 12, 11, 0, 10, 21, 5, 114)
2023-12-11 10:21:11,48:E7:29:55:52:AD requested time
2023-12-11 10:21:12,485519DF2986_sys.log time sent (2023, 12, 11, 0, 10, 21, 11, 104)
2023-12-11 10:21:12,48:E7:29:53:48:F8 requested time
2023-12-11 10:21:12,485519DF2986_sys.log time sent (2023, 12, 11, 0, 10, 21, 12, 104)
2023-12-11 10:30:14,48:55:19:DF:28:48 requested time
2023-12-11 10:30:14,485519DF2986_sys.log time sent (2023, 12, 11, 0, 10, 30, 14, 104)
2023-12-11 10:45:08,48:E7:29:52:E8:D2 requested time
2023-12-11 10:45:08,485519DF2986_sys.log time sent (2023, 12, 11, 0, 10, 45, 8, 103)
2023-12-11 11:00:05,48:E7:29:53:67:2E requested time
2023-12-11 11:00:06,485519DF2986_sys.log time sent (2023, 12, 11, 0, 11, 0, 5, 104)
2023-12-11 11:21:09,48:E7:29:53:48:F8 requested time
2023-12-11 11:21:09,485519DF2986_sys.log time sent (2023, 12, 11, 0, 11, 21, 9, 105)
2023-12-11 11:21:10,48:E7:29:53:7E:2C requested time
2023-12-11 11:21:10,485519DF2986_sys.log time sent (2023, 12, 11, 0, 11, 21, 10, 106)
2023-12-11 11:21:11,48:E7:29:55:52:AD requested time
2023-12-11 11:21:11,485519DF2986_sys.log time sent (2023, 12, 11, 0, 11, 21, 11, 105)
2023-12-11 11:30:05,48:55:19:DF:28:48 requested time
2023-12-11 11:30:05,485519DF2986_sys.log time sent (2023, 12, 11, 0, 11, 30, 5, 105)
2023-12-11 11:45:05,48:E7:29:52:E8:D2 requested time
2023-12-11 11:45:06,485519DF2986_sys.log time sent (2023, 12, 11, 0, 11, 45, 5, 104)
2023-12-11 12:00:12,48:E7:29:53:67:2E requested time
2023-12-11 12:00:12,485519DF2986_sys.log time sent (2023, 12, 11, 0, 12, 0, 12, 115)
2023-12-11 12:21:06,48:E7:29:53:48:F8 requested time
2023-12-11 12:21:06,485519DF2986_sys.log time sent (2023, 12, 11, 0, 12, 21, 6, 105)
2023-12-11 12:21:10,48:E7:29:55:52:AD requested time
2023-12-11 12:21:10,485519DF2986_sys.log time sent (2023, 12, 11, 0, 12, 21, 10, 105)
2023-12-11 12:21:14,48:E7:29:53:7E:2C requested time
2023-12-11 12:21:15,485519DF2986_sys.log time sent (2023, 12, 11, 0, 12, 21, 14, 104)
2023-12-11 12:30:06,48:55:19:DF:28:48 requested time
2023-12-11 12:30:07,485519DF2986_sys.log time sent (2023, 12, 11, 0, 12, 30, 6, 114)
2023-12-11 12:45:13,48:E7:29:52:E8:D2 requested time
2023-12-11 12:45:14,485519DF2986_sys.log time sent (2023, 12, 11, 0, 12, 45, 13, 104)
2023-12-11 13:00:08,48:E7:29:53:67:2E requested time
2023-12-11 13:00:08,485519DF2986_sys.log time sent (2023, 12, 11, 0, 13, 0, 8, 104)
2023-12-11 13:21:08,48:E7:29:53:48:F8 requested time
2023-12-11 13:21:08,485519DF2986_sys.log time sent (2023, 12, 11, 0, 13, 21, 8, 103)
2023-12-11 13:21:09,48:E7:29:55:52:AD requested time
2023-12-11 13:21:10,485519DF2986_sys.log time sent (2023, 12, 11, 0, 13, 21, 9, 104)
2023-12-11 13:21:14,48:E7:29:53:7E:2C requested time
2023-12-11 13:21:14,485519DF2986_sys.log time sent (2023, 12, 11, 0, 13, 21, 14, 104)
2023-12-11 13:30:13,48:55:19:DF:28:48 requested time
2023-12-11 13:30:13,485519DF2986_sys.log time sent (2023, 12, 11, 0, 13, 30, 13, 104)
2023-12-11 13:45:07,48:E7:29:52:E8:D2 requested time
2023-12-11 13:45:08,485519DF2986_sys.log time sent (2023, 12, 11, 0, 13, 45, 7, 105)
2023-12-11 14:00:04,48:E7:29:53:67:2E requested time
2023-12-11 14:00:05,485519DF2986_sys.log time sent (2023, 12, 11, 0, 14, 0, 4, 105)
2023-12-11 14:20:58,48:E7:29:55:52:AD requested time
2023-12-11 14:20:59,485519DF2986_sys.log time sent (2023, 12, 11, 0, 14, 20, 58, 104)
2023-12-11 14:21:08,48:E7:29:53:7E:2C requested time
2023-12-11 14:21:09,485519DF2986_sys.log time sent (2023, 12, 11, 0, 14, 21, 8, 103)
2023-12-11 14:21:10,48:E7:29:53:48:F8 requested time
2023-12-11 14:21:11,485519DF2986_sys.log time sent (2023, 12, 11, 0, 14, 21, 10, 114)
2023-12-11 14:30:09,48:55:19:DF:28:48 requested time
2023-12-11 14:30:10,485519DF2986_sys.log time sent (2023, 12, 11, 0, 14, 30, 9, 104)
2023-12-11 14:45:07,48:E7:29:52:E8:D2 requested time
2023-12-11 14:45:07,485519DF2986_sys.log time sent (2023, 12, 11, 0, 14, 45, 7, 104)
2023-12-11 15:00:06,48:E7:29:53:67:2E requested time
2023-12-11 15:00:06,485519DF2986_sys.log time sent (2023, 12, 11, 0, 15, 0, 6, 105)
2023-12-11 15:21:08,48:E7:29:55:52:AD requested time
2023-12-11 15:21:08,485519DF2986_sys.log time sent (2023, 12, 11, 0, 15, 21, 8, 104)
2023-12-11 15:21:09,48:E7:29:53:48:F8 requested time
2023-12-11 15:21:09,485519DF2986_sys.log time sent (2023, 12, 11, 0, 15, 21, 9, 104)
2023-12-11 15:21:10,48:E7:29:53:7E:2C requested time
2023-12-11 15:21:10,485519DF2986_sys.log time sent (2023, 12, 11, 0, 15, 21, 10, 104)
2023-12-11 15:21:11,48:E7:29:53:7E:2C requested time
2023-12-11 15:21:11,485519DF2986_sys.log time sent (2023, 12, 11, 0, 15, 21, 11, 104)
2023-12-11 15:30:06,48:55:19:DF:28:48 requested time
2023-12-11 15:30:06,485519DF2986_sys.log time sent (2023, 12, 11, 0, 15, 30, 6, 103)
2023-12-11 15:45:11,48:E7:29:52:E8:D2 requested time
2023-12-11 15:45:12,485519DF2986_sys.log time sent (2023, 12, 11, 0, 15, 45, 11, 104)
2023-12-11 15:59:57,48:E7:29:53:67:2E requested time
2023-12-11 15:59:57,485519DF2986_sys.log time sent (2023, 12, 11, 0, 15, 59, 57, 104)
2023-12-11 16:21:00,48:E7:29:53:7E:2C requested time
2023-12-11 16:21:00,485519DF2986_sys.log time sent (2023, 12, 11, 0, 16, 21, 0, 114)
2023-12-11 16:21:07,48:E7:29:55:52:AD requested time
2023-12-11 16:21:07,485519DF2986_sys.log time sent (2023, 12, 11, 0, 16, 21, 7, 104)
2023-12-11 16:21:11,48:E7:29:53:48:F8 requested time
2023-12-11 16:21:11,485519DF2986_sys.log time sent (2023, 12, 11, 0, 16, 21, 11, 104)
2023-12-11 16:30:02,48:55:19:DF:28:48 requested time
2023-12-11 16:30:02,485519DF2986_sys.log time sent (2023, 12, 11, 0, 16, 30, 2, 104)
2023-12-11 16:45:11,48:E7:29:52:E8:D2 requested time
2023-12-11 16:45:11,485519DF2986_sys.log time sent (2023, 12, 11, 0, 16, 45, 11, 105)
2023-12-11 16:59:58,48:E7:29:53:67:2E requested time
2023-12-11 16:59:59,485519DF2986_sys.log time sent (2023, 12, 11, 0, 16, 59, 58, 105)
2023-12-11 17:20:54,48:E7:29:53:7E:2C requested time
2023-12-11 17:20:54,485519DF2986_sys.log time sent (2023, 12, 11, 0, 17, 20, 54, 105)
2023-12-11 17:21:06,48:E7:29:55:52:AD requested time
2023-12-11 17:21:06,485519DF2986_sys.log time sent (2023, 12, 11, 0, 17, 21, 6, 105)
2023-12-11 17:21:18,48:E7:29:53:48:F8 requested time
2023-12-11 17:21:19,485519DF2986_sys.log time sent (2023, 12, 11, 0, 17, 21, 18, 104)
2023-12-11 17:30:13,48:55:19:DF:28:48 requested time
2023-12-11 17:30:14,485519DF2986_sys.log time sent (2023, 12, 11, 0, 17, 30, 13, 105)
2023-12-11 17:45:35,48:E7:29:52:E8:D2 requested time
2023-12-11 17:45:35,485519DF2986_sys.log time sent (2023, 12, 11, 0, 17, 45, 35, 105)
2023-12-11 18:00:15,48:E7:29:53:67:2E requested time
2023-12-11 18:00:15,485519DF2986_sys.log time sent (2023, 12, 11, 0, 18, 0, 15, 114)
2023-12-11 18:21:04,48:E7:29:53:7E:2C requested time
2023-12-11 18:21:04,485519DF2986_sys.log time sent (2023, 12, 11, 0, 18, 21, 4, 104)
2023-12-11 18:21:10,48:E7:29:55:52:AD requested time
2023-12-11 18:21:11,485519DF2986_sys.log time sent (2023, 12, 11, 0, 18, 21, 10, 103)
2023-12-11 18:21:21,48:E7:29:53:48:F8 requested time
2023-12-11 18:21:21,485519DF2986_sys.log time sent (2023, 12, 11, 0, 18, 21, 21, 104)
2023-12-11 18:30:00,48:55:19:DF:28:48 requested time
2023-12-11 18:30:00,485519DF2986_sys.log time sent (2023, 12, 11, 0, 18, 30, 0, 114)
2023-12-11 18:45:50,48:E7:29:52:E8:D2 requested time
2023-12-11 18:45:50,485519DF2986_sys.log time sent (2023, 12, 11, 0, 18, 45, 50, 104)
2023-12-11 19:00:21,48:E7:29:53:67:2E requested time
2023-12-11 19:00:22,485519DF2986_sys.log time sent (2023, 12, 11, 0, 19, 0, 21, 104)
2023-12-11 19:18:22,48:E7:29:53:7E:2C requested time
2023-12-11 19:18:22,485519DF2986_sys.log time sent (2023, 12, 11, 0, 19, 18, 22, 105)
2023-12-11 19:21:15,48:E7:29:55:52:AD requested time
2023-12-11 19:21:15,485519DF2986_sys.log time sent (2023, 12, 11, 0, 19, 21, 15, 105)
2023-12-11 19:21:23,48:E7:29:53:48:F8 requested time
2023-12-11 19:21:23,485519DF2986_sys.log time sent (2023, 12, 11, 0, 19, 21, 23, 105)
2023-12-11 19:30:16,48:55:19:DF:28:48 requested time
2023-12-11 19:30:16,485519DF2986_sys.log time sent (2023, 12, 11, 0, 19, 30, 16, 104)
2023-12-11 19:45:09,48:E7:29:52:E8:D2 requested time
2023-12-11 19:45:09,485519DF2986_sys.log time sent (2023, 12, 11, 0, 19, 45, 9, 104)
2023-12-11 20:00:13,48:E7:29:53:67:2E requested time
2023-12-11 20:00:13,485519DF2986_sys.log time sent (2023, 12, 11, 0, 20, 0, 13, 105)
2023-12-11 20:18:26,48:E7:29:53:7E:2C requested time
2023-12-11 20:18:27,485519DF2986_sys.log time sent (2023, 12, 11, 0, 20, 18, 26, 105)
2023-12-11 20:21:08,48:E7:29:53:48:F8 requested time
2023-12-11 20:21:08,485519DF2986_sys.log time sent (2023, 12, 11, 0, 20, 21, 8, 105)
2023-12-11 20:21:09,48:E7:29:55:52:AD requested time
2023-12-11 20:21:10,485519DF2986_sys.log time sent (2023, 12, 11, 0, 20, 21, 9, 115)
2023-12-11 20:30:02,48:55:19:DF:28:48 requested time
2023-12-11 20:30:03,485519DF2986_sys.log time sent (2023, 12, 11, 0, 20, 30, 2, 104)
2023-12-11 20:45:08,48:E7:29:52:E8:D2 requested time
2023-12-11 20:45:08,485519DF2986_sys.log time sent (2023, 12, 11, 0, 20, 45, 8, 104)
2023-12-11 21:00:09,48:E7:29:53:67:2E requested time
2023-12-11 21:00:09,485519DF2986_sys.log time sent (2023, 12, 11, 0, 21, 0, 9, 104)
2023-12-11 21:18:10,48:E7:29:53:7E:2C requested time
2023-12-11 21:18:11,485519DF2986_sys.log time sent (2023, 12, 11, 0, 21, 18, 10, 105)
2023-12-11 21:21:08,48:E7:29:55:52:AD requested time
2023-12-11 21:21:08,485519DF2986_sys.log time sent (2023, 12, 11, 0, 21, 21, 8, 104)
2023-12-11 21:21:09,48:E7:29:53:48:F8 requested time
2023-12-11 21:21:10,485519DF2986_sys.log time sent (2023, 12, 11, 0, 21, 21, 9, 104)
2023-12-11 21:30:04,48:55:19:DF:28:48 requested time
2023-12-11 21:30:04,485519DF2986_sys.log time sent (2023, 12, 11, 0, 21, 30, 4, 105)
2023-12-11 21:45:12,48:E7:29:52:E8:D2 requested time
2023-12-11 21:45:13,485519DF2986_sys.log time sent (2023, 12, 11, 0, 21, 45, 12, 105)
2023-12-11 22:00:10,48:E7:29:53:67:2E requested time
2023-12-11 22:00:11,485519DF2986_sys.log time sent (2023, 12, 11, 0, 22, 0, 10, 103)
2023-12-11 22:17:49,48:E7:29:53:7E:2C requested time
2023-12-11 22:17:49,485519DF2986_sys.log time sent (2023, 12, 11, 0, 22, 17, 49, 104)
2023-12-11 22:21:07,48:E7:29:55:52:AD requested time
2023-12-11 22:21:07,485519DF2986_sys.log time sent (2023, 12, 11, 0, 22, 21, 7, 114)
2023-12-11 22:21:12,48:E7:29:53:48:F8 requested time
2023-12-11 22:21:12,485519DF2986_sys.log time sent (2023, 12, 11, 0, 22, 21, 12, 104)
2023-12-11 22:30:05,48:55:19:DF:28:48 requested time
2023-12-11 22:30:05,485519DF2986_sys.log time sent (2023, 12, 11, 0, 22, 30, 5, 104)
2023-12-11 22:45:17,48:E7:29:52:E8:D2 requested time
2023-12-11 22:45:17,485519DF2986_sys.log time sent (2023, 12, 11, 0, 22, 45, 17, 103)
2023-12-11 23:00:07,48:E7:29:53:67:2E requested time
2023-12-11 23:00:07,485519DF2986_sys.log time sent (2023, 12, 11, 0, 23, 0, 7, 104)
2023-12-11 23:17:48,48:E7:29:53:7E:2C requested time
2023-12-11 23:17:48,485519DF2986_sys.log time sent (2023, 12, 11, 0, 23, 17, 48, 105)
2023-12-11 23:21:06,48:E7:29:55:52:AD requested time
2023-12-11 23:21:06,485519DF2986_sys.log time sent (2023, 12, 11, 0, 23, 21, 6, 103)
2023-12-11 23:21:14,48:E7:29:53:48:F8 requested time
2023-12-11 23:21:15,485519DF2986_sys.log time sent (2023, 12, 11, 0, 23, 21, 14, 103)
2023-12-11 23:30:06,48:55:19:DF:28:48 requested time
2023-12-11 23:30:07,485519DF2986_sys.log time sent (2023, 12, 11, 0, 23, 30, 6, 104)
2023-12-11 23:45:11,48:E7:29:52:E8:D2 requested time
2023-12-11 23:45:11,485519DF2986_sys.log time sent (2023, 12, 11, 0, 23, 45, 11, 104)
2023-12-12 00:00:13,48:E7:29:53:67:2E requested time
2023-12-12 00:00:14,485519DF2986_sys.log time sent (2023, 12, 12, 1, 0, 0, 13, 104)
2023-12-12 00:15:06,48:E7:29:53:7E:2C requested time
2023-12-12 00:15:06,485519DF2986_sys.log time sent (2023, 12, 12, 1, 0, 15, 6, 114)
2023-12-12 00:21:10,48:E7:29:53:48:F8 requested time
2023-12-12 00:21:10,485519DF2986_sys.log time sent (2023, 12, 12, 1, 0, 21, 10, 104)
2023-12-12 00:21:11,48:E7:29:55:52:AD requested time
2023-12-12 00:21:11,485519DF2986_sys.log time sent (2023, 12, 12, 1, 0, 21, 11, 104)
2023-12-12 00:30:08,48:55:19:DF:28:48 requested time
2023-12-12 00:30:08,485519DF2986_sys.log time sent (2023, 12, 12, 1, 0, 30, 8, 104)
2023-12-12 00:45:14,48:E7:29:52:E8:D2 requested time
2023-12-12 00:45:14,485519DF2986_sys.log time sent (2023, 12, 12, 1, 0, 45, 14, 114)
2023-12-12 00:59:49,48:E7:29:53:67:2E requested time
2023-12-12 00:59:49,485519DF2986_sys.log time sent (2023, 12, 12, 1, 0, 59, 49, 105)
2023-12-12 01:12:03,48:E7:29:53:7E:2C requested time
2023-12-12 01:12:03,485519DF2986_sys.log time sent (2023, 12, 12, 1, 1, 12, 3, 105)
2023-12-12 01:20:43,48:E7:29:55:52:AD requested time
2023-12-12 01:20:44,485519DF2986_sys.log time sent (2023, 12, 12, 1, 1, 20, 43, 104)
2023-12-12 01:21:19,48:E7:29:53:48:F8 requested time
2023-12-12 01:21:20,485519DF2986_sys.log time sent (2023, 12, 12, 1, 1, 21, 19, 104)
2023-12-12 01:29:54,48:55:19:DF:28:48 requested time
2023-12-12 01:29:54,485519DF2986_sys.log time sent (2023, 12, 12, 1, 1, 29, 54, 104)
2023-12-12 01:45:08,48:E7:29:53:67:2E requested time
2023-12-12 01:45:09,485519DF2986_sys.log time sent (2023, 12, 12, 1, 1, 45, 8, 104)
2023-12-12 01:45:17,48:E7:29:52:E8:D2 requested time
2023-12-12 01:45:17,485519DF2986_sys.log time sent (2023, 12, 12, 1, 1, 45, 17, 105)
2023-12-12 02:11:57,48:E7:29:53:7E:2C requested time
2023-12-12 02:11:57,485519DF2986_sys.log time sent (2023, 12, 12, 1, 2, 11, 57, 105)
2023-12-12 02:15:13,48:55:19:DF:28:48 requested time
2023-12-12 02:15:13,485519DF2986_sys.log time sent (2023, 12, 12, 1, 2, 15, 13, 105)
2023-12-12 02:18:01,48:E7:29:55:52:AD requested time
2023-12-12 02:18:02,485519DF2986_sys.log time sent (2023, 12, 12, 1, 2, 18, 1, 104)
2023-12-12 02:21:13,48:E7:29:53:48:F8 requested time
2023-12-12 02:21:13,485519DF2986_sys.log time sent (2023, 12, 12, 1, 2, 21, 13, 114)
2023-12-12 02:45:11,48:E7:29:52:E8:D2 requested time
2023-12-12 02:45:11,485519DF2986_sys.log time sent (2023, 12, 12, 1, 2, 45, 11, 105)
2023-12-12 02:45:15,48:E7:29:53:67:2E requested time
2023-12-12 02:45:15,485519DF2986_sys.log time sent (2023, 12, 12, 1, 2, 45, 15, 105)
2023-12-12 03:12:02,48:E7:29:53:7E:2C requested time
2023-12-12 03:12:02,485519DF2986_sys.log time sent (2023, 12, 12, 1, 3, 12, 2, 105)
2023-12-12 03:15:04,48:55:19:DF:28:48 requested time
2023-12-12 03:15:05,485519DF2986_sys.log time sent (2023, 12, 12, 1, 3, 15, 4, 105)
2023-12-12 03:18:16,48:E7:29:55:52:AD requested time
2023-12-12 03:18:16,485519DF2986_sys.log time sent (2023, 12, 12, 1, 3, 18, 16, 105)
2023-12-12 03:21:05,48:E7:29:53:48:F8 requested time
2023-12-12 03:21:06,485519DF2986_sys.log time sent (2023, 12, 12, 1, 3, 21, 5, 105)
2023-12-12 03:45:09,48:E7:29:52:E8:D2 requested time
2023-12-12 03:45:09,485519DF2986_sys.log time sent (2023, 12, 12, 1, 3, 45, 9, 104)
2023-12-12 03:45:16,48:E7:29:53:67:2E requested time
2023-12-12 03:45:16,485519DF2986_sys.log time sent (2023, 12, 12, 1, 3, 45, 16, 104)
2023-12-12 04:12:22,48:E7:29:53:7E:2C requested time
2023-12-12 04:12:22,485519DF2986_sys.log time sent (2023, 12, 12, 1, 4, 12, 22, 104)
2023-12-12 04:15:16,48:55:19:DF:28:48 requested time
2023-12-12 04:15:16,485519DF2986_sys.log time sent (2023, 12, 12, 1, 4, 15, 16, 104)
2023-12-12 04:18:10,48:E7:29:55:52:AD requested time
2023-12-12 04:18:10,485519DF2986_sys.log time sent (2023, 12, 12, 1, 4, 18, 10, 104)
2023-12-12 04:21:13,48:E7:29:53:48:F8 requested time
2023-12-12 04:21:13,485519DF2986_sys.log time sent (2023, 12, 12, 1, 4, 21, 13, 104)
2023-12-12 04:45:05,48:E7:29:52:E8:D2 requested time
2023-12-12 04:45:05,485519DF2986_sys.log time sent (2023, 12, 12, 1, 4, 45, 5, 105)
2023-12-12 04:45:12,48:E7:29:53:67:2E requested time
2023-12-12 04:45:13,485519DF2986_sys.log time sent (2023, 12, 12, 1, 4, 45, 12, 105)
2023-12-12 05:12:31,48:E7:29:53:7E:2C requested time
2023-12-12 05:12:32,485519DF2986_sys.log time sent (2023, 12, 12, 1, 5, 12, 31, 114)
2023-12-12 05:15:12,48:55:19:DF:28:48 requested time
2023-12-12 05:15:12,485519DF2986_sys.log time sent (2023, 12, 12, 1, 5, 15, 12, 104)
2023-12-12 05:18:14,48:E7:29:55:52:AD requested time
2023-12-12 05:18:14,485519DF2986_sys.log time sent (2023, 12, 12, 1, 5, 18, 14, 104)
2023-12-12 05:21:10,48:E7:29:53:48:F8 requested time
2023-12-12 05:21:10,485519DF2986_sys.log time sent (2023, 12, 12, 1, 5, 21, 10, 105)
2023-12-12 05:45:08,48:E7:29:52:E8:D2 requested time
2023-12-12 05:45:08,485519DF2986_sys.log time sent (2023, 12, 12, 1, 5, 45, 8, 104)
2023-12-12 05:45:09,48:E7:29:53:67:2E requested time
2023-12-12 05:45:10,485519DF2986_sys.log time sent (2023, 12, 12, 1, 5, 45, 9, 104)
2023-12-12 06:12:20,48:E7:29:53:7E:2C requested time
2023-12-12 06:12:21,485519DF2986_sys.log time sent (2023, 12, 12, 1, 6, 12, 20, 104)
2023-12-12 06:15:08,48:55:19:DF:28:48 requested time
2023-12-12 06:15:09,485519DF2986_sys.log time sent (2023, 12, 12, 1, 6, 15, 8, 104)
2023-12-12 06:18:13,48:E7:29:55:52:AD requested time
2023-12-12 06:18:14,485519DF2986_sys.log time sent (2023, 12, 12, 1, 6, 18, 13, 104)
2023-12-12 06:21:12,48:E7:29:53:48:F8 requested time
2023-12-12 06:21:13,485519DF2986_sys.log time sent (2023, 12, 12, 1, 6, 21, 12, 105)
2023-12-12 06:45:05,48:E7:29:53:67:2E requested time
2023-12-12 06:45:06,485519DF2986_sys.log time sent (2023, 12, 12, 1, 6, 45, 5, 104)
2023-12-12 06:45:07,48:E7:29:52:E8:D2 requested time
2023-12-12 06:45:07,485519DF2986_sys.log time sent (2023, 12, 12, 1, 6, 45, 7, 113)
2023-12-12 07:11:59,48:E7:29:53:7E:2C requested time
2023-12-12 07:11:59,485519DF2986_sys.log time sent (2023, 12, 12, 1, 7, 11, 59, 104)
2023-12-12 07:15:10,48:55:19:DF:28:48 requested time
2023-12-12 07:15:10,485519DF2986_sys.log time sent (2023, 12, 12, 1, 7, 15, 10, 104)
2023-12-12 07:18:12,48:E7:29:55:52:AD requested time
2023-12-12 07:18:13,485519DF2986_sys.log time sent (2023, 12, 12, 1, 7, 18, 12, 104)
2023-12-12 07:21:09,48:E7:29:53:48:F8 requested time
2023-12-12 07:21:10,485519DF2986_sys.log time sent (2023, 12, 12, 1, 7, 21, 9, 91)
2023-12-12 07:45:08,48:E7:29:52:E8:D2 requested time
2023-12-12 07:45:08,485519DF2986_sys.log time sent (2023, 12, 12, 1, 7, 45, 8, 103)
2023-12-12 07:45:12,48:E7:29:53:67:2E requested time
2023-12-12 07:45:12,485519DF2986_sys.log time sent (2023, 12, 12, 1, 7, 45, 12, 104)
2023-12-12 08:11:48,48:E7:29:53:7E:2C requested time
2023-12-12 08:11:48,485519DF2986_sys.log time sent (2023, 12, 12, 1, 8, 11, 48, 104)
2023-12-12 08:15:11,48:55:19:DF:28:48 requested time
2023-12-12 08:15:11,485519DF2986_sys.log time sent (2023, 12, 12, 1, 8, 15, 11, 104)
2023-12-12 08:18:11,48:E7:29:55:52:AD requested time
2023-12-12 08:18:12,485519DF2986_sys.log time sent (2023, 12, 12, 1, 8, 18, 11, 104)
2023-12-12 08:21:02,48:E7:29:53:48:F8 requested time
2023-12-12 08:21:02,485519DF2986_sys.log time sent (2023, 12, 12, 1, 8, 21, 2, 106)
2023-12-12 08:44:15,48:E7:29:52:E8:D2 requested time
2023-12-12 08:44:16,485519DF2986_sys.log time sent (2023, 12, 12, 1, 8, 44, 15, 104)
2023-12-12 08:44:58,48:E7:29:53:67:2E requested time
2023-12-12 08:44:58,485519DF2986_sys.log time sent (2023, 12, 12, 1, 8, 44, 58, 104)
2023-12-12 09:11:42,48:E7:29:53:7E:2C requested time
2023-12-12 09:11:42,485519DF2986_sys.log time sent (2023, 12, 12, 1, 9, 11, 42, 104)
2023-12-12 09:14:52,48:55:19:DF:28:48 requested time
2023-12-12 09:14:53,485519DF2986_sys.log time sent (2023, 12, 12, 1, 9, 14, 52, 104)
2023-12-12 09:18:00,48:E7:29:55:52:AD requested time
2023-12-12 09:18:01,485519DF2986_sys.log time sent (2023, 12, 12, 1, 9, 18, 0, 114)
2023-12-12 09:20:59,48:E7:29:53:48:F8 requested time
2023-12-12 09:20:59,485519DF2986_sys.log time sent (2023, 12, 12, 1, 9, 20, 59, 104)
2023-12-12 09:30:11,48:E7:29:52:E8:D2 requested time
2023-12-12 09:30:11,485519DF2986_sys.log time sent (2023, 12, 12, 1, 9, 30, 11, 104)
2023-12-12 09:45:10,48:E7:29:53:67:2E requested time
2023-12-12 09:45:10,485519DF2986_sys.log time sent (2023, 12, 12, 1, 9, 45, 10, 104)
2023-12-12 10:00:11,48:55:19:DF:28:48 requested time
2023-12-12 10:00:12,485519DF2986_sys.log time sent (2023, 12, 12, 1, 10, 0, 11, 104)
2023-12-12 10:09:05,48:E7:29:53:7E:2C requested time
2023-12-12 10:09:05,485519DF2986_sys.log time sent (2023, 12, 12, 1, 10, 9, 5, 104)
2023-12-12 10:18:04,48:E7:29:55:52:AD requested time
2023-12-12 10:18:05,485519DF2986_sys.log time sent (2023, 12, 12, 1, 10, 18, 4, 103)
2023-12-12 10:21:06,48:E7:29:53:48:F8 requested time
2023-12-12 10:21:07,485519DF2986_sys.log time sent (2023, 12, 12, 1, 10, 21, 6, 104)
2023-12-12 10:30:02,48:E7:29:52:E8:D2 requested time
2023-12-12 10:30:03,485519DF2986_sys.log time sent (2023, 12, 12, 1, 10, 30, 2, 104)
2023-12-12 10:45:16,48:E7:29:53:67:2E requested time
2023-12-12 10:45:16,485519DF2986_sys.log time sent (2023, 12, 12, 1, 10, 45, 16, 104)
2023-12-12 11:00:13,48:55:19:DF:28:48 requested time
2023-12-12 11:00:13,485519DF2986_sys.log time sent (2023, 12, 12, 1, 11, 0, 13, 104)
2023-12-12 11:06:33,48:E7:29:53:7E:2C requested time
2023-12-12 11:06:33,485519DF2986_sys.log time sent (2023, 12, 12, 1, 11, 6, 33, 114)
2023-12-12 11:18:09,48:E7:29:55:52:AD requested time
2023-12-12 11:18:09,485519DF2986_sys.log time sent (2023, 12, 12, 1, 11, 18, 9, 105)
2023-12-12 11:21:09,48:E7:29:53:48:F8 requested time
2023-12-12 11:21:09,485519DF2986_sys.log time sent (2023, 12, 12, 1, 11, 21, 9, 104)
2023-12-12 11:30:04,48:E7:29:52:E8:D2 requested time
2023-12-12 11:30:04,485519DF2986_sys.log time sent (2023, 12, 12, 1, 11, 30, 4, 105)
2023-12-12 11:45:07,48:E7:29:53:67:2E requested time
2023-12-12 11:45:08,485519DF2986_sys.log time sent (2023, 12, 12, 1, 11, 45, 7, 114)
2023-12-12 12:00:04,48:55:19:DF:28:48 requested time
2023-12-12 12:00:04,485519DF2986_sys.log time sent (2023, 12, 12, 1, 12, 0, 4, 104)
2023-12-12 12:06:43,48:E7:29:53:7E:2C requested time
2023-12-12 12:06:43,485519DF2986_sys.log time sent (2023, 12, 12, 1, 12, 6, 43, 105)
2023-12-12 12:18:13,48:E7:29:55:52:AD requested time
2023-12-12 12:18:14,485519DF2986_sys.log time sent (2023, 12, 12, 1, 12, 18, 13, 104)
2023-12-12 12:21:06,48:E7:29:53:48:F8 requested time
2023-12-12 12:21:06,485519DF2986_sys.log time sent (2023, 12, 12, 1, 12, 21, 6, 105)
2023-12-12 12:30:05,48:E7:29:52:E8:D2 requested time
2023-12-12 12:30:05,485519DF2986_sys.log time sent (2023, 12, 12, 1, 12, 30, 5, 105)
2023-12-12 12:45:19,48:E7:29:53:67:2E requested time
2023-12-12 12:45:19,485519DF2986_sys.log time sent (2023, 12, 12, 1, 12, 45, 19, 105)
2023-12-12 13:00:01,48:55:19:DF:28:48 requested time
2023-12-12 13:00:01,485519DF2986_sys.log time sent (2023, 12, 12, 1, 13, 0, 1, 105)
2023-12-12 13:06:21,48:E7:29:53:7E:2C requested time
2023-12-12 13:06:22,485519DF2986_sys.log time sent (2023, 12, 12, 1, 13, 6, 21, 104)
2023-12-12 13:18:07,48:E7:29:55:52:AD requested time
2023-12-12 13:18:08,485519DF2986_sys.log time sent (2023, 12, 12, 1, 13, 18, 7, 104)
2023-12-12 13:21:08,48:E7:29:53:48:F8 requested time
2023-12-12 13:21:09,485519DF2986_sys.log time sent (2023, 12, 12, 1, 13, 21, 8, 104)
2023-12-12 13:30:06,48:E7:29:52:E8:D2 requested time
2023-12-12 13:30:07,485519DF2986_sys.log time sent (2023, 12, 12, 1, 13, 30, 6, 114)
2023-12-12 13:45:05,48:E7:29:53:67:2E requested time
2023-12-12 13:45:05,485519DF2986_sys.log time sent (2023, 12, 12, 1, 13, 45, 5, 105)
2023-12-12 14:00:02,48:55:19:DF:28:48 requested time
2023-12-12 14:00:02,485519DF2986_sys.log time sent (2023, 12, 12, 1, 14, 0, 2, 103)
2023-12-12 14:05:44,48:E7:29:53:7E:2C requested time
2023-12-12 14:05:45,485519DF2986_sys.log time sent (2023, 12, 12, 1, 14, 5, 44, 104)
2023-12-12 14:18:01,48:E7:29:55:52:AD requested time
2023-12-12 14:18:02,485519DF2986_sys.log time sent (2023, 12, 12, 1, 14, 18, 1, 104)
2023-12-12 14:21:11,48:E7:29:53:48:F8 requested time
2023-12-12 14:21:11,485519DF2986_sys.log time sent (2023, 12, 12, 1, 14, 21, 11, 104)
2023-12-12 14:30:03,48:E7:29:52:E8:D2 requested time
2023-12-12 14:30:03,485519DF2986_sys.log time sent (2023, 12, 12, 1, 14, 30, 3, 105)
2023-12-12 14:44:56,48:E7:29:53:67:2E requested time
2023-12-12 14:44:57,485519DF2986_sys.log time sent (2023, 12, 12, 1, 14, 44, 56, 104)
2023-12-12 15:00:08,48:55:19:DF:28:48 requested time
2023-12-12 15:00:09,485519DF2986_sys.log time sent (2023, 12, 12, 1, 15, 0, 8, 104)
2023-12-12 15:05:23,48:E7:29:53:7E:2C requested time
2023-12-12 15:05:23,485519DF2986_sys.log time sent (2023, 12, 12, 1, 15, 5, 23, 104)
2023-12-12 15:18:11,48:E7:29:55:52:AD requested time
2023-12-12 15:18:11,485519DF2986_sys.log time sent (2023, 12, 12, 1, 15, 18, 11, 104)
2023-12-12 15:21:08,48:E7:29:53:48:F8 requested time
2023-12-12 15:21:08,485519DF2986_sys.log time sent (2023, 12, 12, 1, 15, 21, 8, 114)
2023-12-12 15:30:09,48:E7:29:52:E8:D2 requested time
2023-12-12 15:30:09,485519DF2986_sys.log time sent (2023, 12, 12, 1, 15, 30, 9, 105)
2023-12-12 15:45:03,48:E7:29:53:67:2E requested time
2023-12-12 15:45:03,485519DF2986_sys.log time sent (2023, 12, 12, 1, 15, 45, 3, 104)
2023-12-12 16:00:05,48:55:19:DF:28:48 requested time
2023-12-12 16:00:05,485519DF2986_sys.log time sent (2023, 12, 12, 1, 16, 0, 5, 104)
2023-12-12 16:02:46,48:E7:29:53:7E:2C requested time
2023-12-12 16:02:46,485519DF2986_sys.log time sent (2023, 12, 12, 1, 16, 2, 46, 104)
2023-12-12 16:18:10,48:E7:29:55:52:AD requested time
2023-12-12 16:18:11,485519DF2986_sys.log time sent (2023, 12, 12, 1, 16, 18, 10, 105)
2023-12-12 16:21:10,48:E7:29:53:48:F8 requested time
2023-12-12 16:21:10,485519DF2986_sys.log time sent (2023, 12, 12, 1, 16, 21, 10, 104)
2023-12-12 16:30:05,48:E7:29:52:E8:D2 requested time
2023-12-12 16:30:06,485519DF2986_sys.log time sent (2023, 12, 12, 1, 16, 30, 5, 104)
2023-12-12 16:44:59,48:E7:29:53:67:2E requested time
2023-12-12 16:45:00,485519DF2986_sys.log time sent (2023, 12, 12, 1, 16, 44, 59, 105)
2023-12-12 17:00:06,48:55:19:DF:28:48 requested time
2023-12-12 17:00:06,485519DF2986_sys.log time sent (2023, 12, 12, 1, 17, 0, 6, 105)
2023-12-12 17:00:25,48:E7:29:53:7E:2C requested time
2023-12-12 17:00:25,485519DF2986_sys.log time sent (2023, 12, 12, 1, 17, 0, 25, 105)
2023-12-12 17:18:04,48:E7:29:55:52:AD requested time
2023-12-12 17:18:04,485519DF2986_sys.log time sent (2023, 12, 12, 1, 17, 18, 4, 104)
2023-12-12 17:21:17,48:E7:29:53:48:F8 requested time
2023-12-12 17:21:18,485519DF2986_sys.log time sent (2023, 12, 12, 1, 17, 21, 17, 104)
2023-12-12 17:30:22,48:E7:29:52:E8:D2 requested time
2023-12-12 17:30:22,485519DF2986_sys.log time sent (2023, 12, 12, 1, 17, 30, 22, 105)
2023-12-12 17:45:21,48:E7:29:53:67:2E requested time
2023-12-12 17:45:21,485519DF2986_sys.log time sent (2023, 12, 12, 1, 17, 45, 21, 104)
2023-12-12 17:57:48,48:E7:29:53:7E:2C requested time
2023-12-12 17:57:48,485519DF2986_sys.log time sent (2023, 12, 12, 1, 17, 57, 48, 113)
2023-12-12 18:00:18,48:55:19:DF:28:48 requested time
2023-12-12 18:00:18,485519DF2986_sys.log time sent (2023, 12, 12, 1, 18, 0, 18, 103)
2023-12-12 18:18:08,48:E7:29:55:52:AD requested time
2023-12-12 18:18:09,485519DF2986_sys.log time sent (2023, 12, 12, 1, 18, 18, 8, 104)
2023-12-12 18:21:18,48:E7:29:53:48:F8 requested time
2023-12-12 18:21:18,485519DF2986_sys.log time sent (2023, 12, 12, 1, 18, 21, 18, 104)
2023-12-12 18:30:25,48:E7:29:52:E8:D2 requested time
2023-12-12 18:30:25,485519DF2986_sys.log time sent (2023, 12, 12, 1, 18, 30, 25, 104)
2023-12-12 18:45:17,48:E7:29:53:67:2E requested time
2023-12-12 18:45:17,485519DF2986_sys.log time sent (2023, 12, 12, 1, 18, 45, 17, 104)
2023-12-12 18:57:31,48:E7:29:53:7E:2C requested time
2023-12-12 18:57:32,485519DF2986_sys.log time sent (2023, 12, 12, 1, 18, 57, 31, 104)
2023-12-12 18:59:54,48:55:19:DF:28:48 requested time
2023-12-12 18:59:54,485519DF2986_sys.log time sent (2023, 12, 12, 1, 18, 59, 54, 104)
2023-12-12 19:18:18,48:E7:29:55:52:AD requested time
2023-12-12 19:18:18,485519DF2986_sys.log time sent (2023, 12, 12, 1, 19, 18, 18, 104)
2023-12-12 19:21:17,48:E7:29:53:48:F8 requested time
2023-12-12 19:21:18,485519DF2986_sys.log time sent (2023, 12, 12, 1, 19, 21, 17, 104)
2023-12-12 19:30:17,48:E7:29:52:E8:D2 requested time
2023-12-12 19:30:18,485519DF2986_sys.log time sent (2023, 12, 12, 1, 19, 30, 17, 103)
2023-12-12 19:45:08,48:55:19:DF:28:48 requested time
2023-12-12 19:45:08,485519DF2986_sys.log time sent (2023, 12, 12, 1, 19, 45, 8, 115)
2023-12-12 19:45:13,48:E7:29:53:67:2E requested time
2023-12-12 19:45:14,485519DF2986_sys.log time sent (2023, 12, 12, 1, 19, 45, 13, 104)
2023-12-12 19:56:54,48:E7:29:53:7E:2C requested time
2023-12-12 19:56:54,485519DF2986_sys.log time sent (2023, 12, 12, 1, 19, 56, 54, 104)
2023-12-12 20:18:12,48:E7:29:55:52:AD requested time
2023-12-12 20:18:12,485519DF2986_sys.log time sent (2023, 12, 12, 1, 20, 18, 12, 104)
2023-12-12 20:21:11,48:E7:29:53:48:F8 requested time
2023-12-12 20:21:12,485519DF2986_sys.log time sent (2023, 12, 12, 1, 20, 21, 11, 104)
2023-12-12 20:30:10,48:E7:29:52:E8:D2 requested time
2023-12-12 20:30:11,485519DF2986_sys.log time sent (2023, 12, 12, 1, 20, 30, 10, 104)
2023-12-12 20:45:09,48:55:19:DF:28:48 requested time
2023-12-12 20:45:09,485519DF2986_sys.log time sent (2023, 12, 12, 1, 20, 45, 9, 104)
2023-12-12 20:45:11,48:E7:29:53:67:2E requested time
2023-12-12 20:45:11,485519DF2986_sys.log time sent (2023, 12, 12, 1, 20, 45, 11, 104)
2023-12-12 20:56:33,48:E7:29:53:7E:2C requested time
2023-12-12 20:56:33,485519DF2986_sys.log time sent (2023, 12, 12, 1, 20, 56, 33, 104)
2023-12-12 21:18:06,48:E7:29:55:52:AD requested time
2023-12-12 21:18:06,485519DF2986_sys.log time sent (2023, 12, 12, 1, 21, 18, 6, 104)
2023-12-12 21:21:13,48:E7:29:53:48:F8 requested time
2023-12-12 21:21:13,485519DF2986_sys.log time sent (2023, 12, 12, 1, 21, 21, 13, 103)
2023-12-12 21:30:13,48:E7:29:52:E8:D2 requested time
2023-12-12 21:30:13,485519DF2986_sys.log time sent (2023, 12, 12, 1, 21, 30, 13, 115)
2023-12-12 21:45:05,48:55:19:DF:28:48 requested time
2023-12-12 21:45:06,485519DF2986_sys.log time sent (2023, 12, 12, 1, 21, 45, 5, 104)
2023-12-12 21:45:07,48:E7:29:53:67:2E requested time
2023-12-12 21:45:07,485519DF2986_sys.log time sent (2023, 12, 12, 1, 21, 45, 7, 104)
2023-12-12 21:53:45,48:E7:29:53:7E:2C requested time
2023-12-12 21:53:45,485519DF2986_sys.log time sent (2023, 12, 12, 1, 21, 53, 45, 104)
2023-12-12 22:18:05,48:E7:29:55:52:AD requested time
2023-12-12 22:18:05,485519DF2986_sys.log time sent (2023, 12, 12, 1, 22, 18, 5, 104)
2023-12-12 22:21:10,48:E7:29:53:48:F8 requested time
2023-12-12 22:21:10,485519DF2986_sys.log time sent (2023, 12, 12, 1, 22, 21, 10, 103)
2023-12-12 22:30:14,48:E7:29:52:E8:D2 requested time
2023-12-12 22:30:15,485519DF2986_sys.log time sent (2023, 12, 12, 1, 22, 30, 14, 104)
2023-12-12 22:45:07,48:55:19:DF:28:48 requested time
2023-12-12 22:45:07,485519DF2986_sys.log time sent (2023, 12, 12, 1, 22, 45, 7, 104)
2023-12-12 22:45:08,48:E7:29:53:67:2E requested time
2023-12-12 22:45:09,485519DF2986_sys.log time sent (2023, 12, 12, 1, 22, 45, 8, 104)
2023-12-12 22:51:19,48:E7:29:53:7E:2C requested time
2023-12-12 22:51:19,485519DF2986_sys.log time sent (2023, 12, 12, 1, 22, 51, 19, 103)
2023-12-12 23:18:04,48:E7:29:55:52:AD requested time
2023-12-12 23:18:04,485519DF2986_sys.log time sent (2023, 12, 12, 1, 23, 18, 4, 104)
2023-12-12 23:21:12,48:E7:29:53:48:F8 requested time
2023-12-12 23:21:13,485519DF2986_sys.log time sent (2023, 12, 12, 1, 23, 21, 12, 113)
2023-12-12 23:30:12,48:E7:29:52:E8:D2 requested time
2023-12-12 23:30:13,485519DF2986_sys.log time sent (2023, 12, 12, 1, 23, 30, 12, 104)
2023-12-12 23:45:08,48:55:19:DF:28:48 requested time
2023-12-12 23:45:08,485519DF2986_sys.log time sent (2023, 12, 12, 1, 23, 45, 8, 105)
2023-12-12 23:45:10,48:E7:29:53:67:2E requested time
2023-12-12 23:45:10,485519DF2986_sys.log time sent (2023, 12, 12, 1, 23, 45, 10, 104)
2023-12-12 23:48:42,48:E7:29:53:7E:2C requested time
2023-12-12 23:48:42,485519DF2986_sys.log time sent (2023, 12, 12, 1, 23, 48, 42, 104)
2023-12-13 00:18:08,48:E7:29:55:52:AD requested time
2023-12-13 00:18:08,485519DF2986_sys.log time sent (2023, 12, 13, 2, 0, 18, 8, 103)
2023-12-13 00:21:09,48:E7:29:53:48:F8 requested time
2023-12-13 00:21:10,485519DF2986_sys.log time sent (2023, 12, 13, 2, 0, 21, 9, 104)
2023-12-13 00:30:12,48:E7:29:52:E8:D2 requested time
2023-12-13 00:30:12,485519DF2986_sys.log time sent (2023, 12, 13, 2, 0, 30, 12, 104)
2023-12-13 00:45:06,48:E7:29:53:67:2E requested time
2023-12-13 00:45:06,485519DF2986_sys.log time sent (2023, 12, 13, 2, 0, 45, 6, 104)
2023-12-13 00:45:09,48:55:19:DF:28:48 requested time
2023-12-13 00:45:10,485519DF2986_sys.log time sent (2023, 12, 13, 2, 0, 45, 9, 104)
2023-12-13 00:48:31,48:E7:29:53:7E:2C requested time
2023-12-13 00:48:31,485519DF2986_sys.log time sent (2023, 12, 13, 2, 0, 48, 31, 104)
2023-12-13 01:18:07,48:E7:29:55:52:AD requested time
2023-12-13 01:18:08,485519DF2986_sys.log time sent (2023, 12, 13, 2, 1, 18, 7, 104)
2023-12-13 01:21:17,48:E7:29:53:48:F8 requested time
2023-12-13 01:21:18,485519DF2986_sys.log time sent (2023, 12, 13, 2, 1, 21, 17, 104)
2023-12-13 01:30:11,48:E7:29:52:E8:D2 requested time
2023-12-13 01:30:11,485519DF2986_sys.log time sent (2023, 12, 13, 2, 1, 30, 11, 105)
2023-12-13 01:45:07,48:E7:29:53:67:2E requested time
2023-12-13 01:45:07,485519DF2986_sys.log time sent (2023, 12, 13, 2, 1, 45, 7, 104)
2023-12-13 01:45:11,48:55:19:DF:28:48 requested time
2023-12-13 01:45:11,485519DF2986_sys.log time sent (2023, 12, 13, 2, 1, 45, 11, 114)
2023-12-13 01:47:53,48:E7:29:53:7E:2C requested time
2023-12-13 01:47:54,485519DF2986_sys.log time sent (2023, 12, 13, 2, 1, 47, 53, 104)
2023-12-13 02:18:11,48:E7:29:55:52:AD requested time
2023-12-13 02:18:12,485519DF2986_sys.log time sent (2023, 12, 13, 2, 2, 18, 11, 104)
2023-12-13 02:21:14,48:E7:29:53:48:F8 requested time
2023-12-13 02:21:15,485519DF2986_sys.log time sent (2023, 12, 13, 2, 2, 21, 14, 104)
2023-12-13 02:30:19,48:E7:29:52:E8:D2 requested time
2023-12-13 02:30:19,485519DF2986_sys.log time sent (2023, 12, 13, 2, 2, 30, 19, 104)
2023-12-13 02:45:07,48:55:19:DF:28:48 requested time
2023-12-13 02:45:07,485519DF2986_sys.log time sent (2023, 12, 13, 2, 2, 45, 7, 104)
2023-12-13 02:45:13,48:E7:29:53:67:2E requested time
2023-12-13 02:45:14,485519DF2986_sys.log time sent (2023, 12, 13, 2, 2, 45, 13, 104)
2023-12-13 02:47:32,48:E7:29:53:7E:2C requested time
2023-12-13 02:47:32,485519DF2986_sys.log time sent (2023, 12, 13, 2, 2, 47, 32, 104)
2023-12-13 03:18:16,48:E7:29:55:52:AD requested time
2023-12-13 03:18:16,485519DF2986_sys.log time sent (2023, 12, 13, 2, 3, 18, 16, 104)
2023-12-13 03:21:12,48:E7:29:53:48:F8 requested time
2023-12-13 03:21:12,485519DF2986_sys.log time sent (2023, 12, 13, 2, 3, 21, 12, 104)
2023-12-13 03:30:12,48:E7:29:52:E8:D2 requested time
2023-12-13 03:30:12,485519DF2986_sys.log time sent (2023, 12, 13, 2, 3, 30, 12, 104)
2023-12-13 03:44:50,48:E7:29:53:7E:2C requested time
2023-12-13 03:44:50,485519DF2986_sys.log time sent (2023, 12, 13, 2, 3, 44, 50, 114)
2023-12-13 03:45:09,48:55:19:DF:28:48 requested time
2023-12-13 03:45:09,485519DF2986_sys.log time sent (2023, 12, 13, 2, 3, 45, 9, 104)
2023-12-13 03:45:10,48:E7:29:53:67:2E requested time
2023-12-13 03:45:10,485519DF2986_sys.log time sent (2023, 12, 13, 2, 3, 45, 10, 105)
2023-12-13 04:18:09,48:E7:29:55:52:AD requested time
2023-12-13 04:18:10,485519DF2986_sys.log time sent (2023, 12, 13, 2, 4, 18, 9, 104)
2023-12-13 04:21:09,48:E7:29:53:48:F8 requested time
2023-12-13 04:21:09,485519DF2986_sys.log time sent (2023, 12, 13, 2, 4, 21, 9, 113)
2023-12-13 04:30:09,48:E7:29:52:E8:D2 requested time
2023-12-13 04:30:10,485519DF2986_sys.log time sent (2023, 12, 13, 2, 4, 30, 9, 104)
2023-12-13 04:42:29,48:E7:29:53:7E:2C requested time
2023-12-13 04:42:29,485519DF2986_sys.log time sent (2023, 12, 13, 2, 4, 42, 29, 103)
2023-12-13 04:45:05,48:55:19:DF:28:48 requested time
2023-12-13 04:45:05,485519DF2986_sys.log time sent (2023, 12, 13, 2, 4, 45, 5, 104)
2023-12-13 04:45:11,48:E7:29:53:67:2E requested time
2023-12-13 04:45:11,485519DF2986_sys.log time sent (2023, 12, 13, 2, 4, 45, 11, 104)
2023-12-13 05:18:24,48:E7:29:55:52:AD requested time
2023-12-13 05:18:25,485519DF2986_sys.log time sent (2023, 12, 13, 2, 5, 18, 24, 104)
2023-12-13 05:21:09,48:E7:29:53:48:F8 requested time
2023-12-13 05:21:10,485519DF2986_sys.log time sent (2023, 12, 13, 2, 5, 21, 9, 104)
2023-12-13 05:30:06,48:E7:29:52:E8:D2 requested time
2023-12-13 05:30:06,485519DF2986_sys.log time sent (2023, 12, 13, 2, 5, 30, 6, 104)
2023-12-13 05:39:47,48:E7:29:53:7E:2C requested time
2023-12-13 05:39:47,485519DF2986_sys.log time sent (2023, 12, 13, 2, 5, 39, 47, 104)
2023-12-13 05:45:02,48:E7:29:53:67:2E requested time
2023-12-13 05:45:03,485519DF2986_sys.log time sent (2023, 12, 13, 2, 5, 45, 2, 104)
2023-12-13 05:45:07,48:55:19:DF:28:48 requested time
2023-12-13 05:45:07,485519DF2986_sys.log time sent (2023, 12, 13, 2, 5, 45, 7, 103)
2023-12-13 06:18:02,48:E7:29:55:52:AD requested time
2023-12-13 06:18:03,485519DF2986_sys.log time sent (2023, 12, 13, 2, 6, 18, 2, 115)
2023-12-13 06:21:11,48:E7:29:53:48:F8 requested time
2023-12-13 06:21:11,485519DF2986_sys.log time sent (2023, 12, 13, 2, 6, 21, 11, 104)
2023-12-13 06:30:12,48:E7:29:52:E8:D2 requested time
2023-12-13 06:30:12,485519DF2986_sys.log time sent (2023, 12, 13, 2, 6, 30, 12, 104)
2023-12-13 06:39:25,48:E7:29:53:7E:2C requested time
2023-12-13 06:39:25,485519DF2986_sys.log time sent (2023, 12, 13, 2, 6, 39, 25, 104)
2023-12-13 06:45:04,48:E7:29:53:67:2E requested time
2023-12-13 06:45:04,485519DF2986_sys.log time sent (2023, 12, 13, 2, 6, 45, 4, 105)
2023-12-13 06:45:08,48:55:19:DF:28:48 requested time
2023-12-13 06:45:08,485519DF2986_sys.log time sent (2023, 12, 13, 2, 6, 45, 8, 104)
2023-12-13 07:18:12,48:E7:29:55:52:AD requested time
2023-12-13 07:18:12,485519DF2986_sys.log time sent (2023, 12, 13, 2, 7, 18, 12, 104)
2023-12-13 07:21:08,48:E7:29:53:48:F8 requested time
2023-12-13 07:21:08,485519DF2986_sys.log time sent (2023, 12, 13, 2, 7, 21, 8, 105)
2023-12-13 07:29:58,48:E7:29:52:E8:D2 requested time
2023-12-13 07:29:59,485519DF2986_sys.log time sent (2023, 12, 13, 2, 7, 29, 58, 104)
2023-12-13 07:38:48,48:E7:29:53:7E:2C requested time
2023-12-13 07:38:48,485519DF2986_sys.log time sent (2023, 12, 13, 2, 7, 38, 48, 105)
2023-12-13 07:44:59,48:55:19:DF:28:48 requested time
2023-12-13 07:44:59,485519DF2986_sys.log time sent (2023, 12, 13, 2, 7, 44, 59, 104)
2023-12-13 07:45:05,48:E7:29:53:67:2E requested time
2023-12-13 07:45:06,485519DF2986_sys.log time sent (2023, 12, 13, 2, 7, 45, 5, 163)
2023-12-13 08:18:01,48:E7:29:55:52:AD requested time
2023-12-13 08:18:01,485519DF2986_sys.log time sent (2023, 12, 13, 2, 8, 18, 1, 104)
2023-12-13 08:21:03,48:E7:29:53:48:F8 requested time
2023-12-13 08:21:04,485519DF2986_sys.log time sent (2023, 12, 13, 2, 8, 21, 3, 104)
2023-12-13 08:29:34,48:E7:29:52:E8:D2 requested time
2023-12-13 08:29:35,485519DF2986_sys.log time sent (2023, 12, 13, 2, 8, 29, 34, 104)
2023-12-13 08:38:26,48:E7:29:53:7E:2C requested time
2023-12-13 08:38:27,485519DF2986_sys.log time sent (2023, 12, 13, 2, 8, 38, 26, 115)
