2024-02-21 09:30:08,498,2024-02-21 09:30:03,48E72952E8D2,23.0308,65.2189,886.693,60
2024-02-21 09:45:06,499,2024-02-21 09:45:00,48E72952E8D2,23.0568,66.0055,886.845,59
2024-02-21 10:00:10,500,2024-02-21 10:00:03,48E72952E8D2,23.1057,66.9528,887.033,60
2024-02-21 10:15:07,501,2024-02-21 10:15:01,48E72952E8D2,23.1206,67.9233,887.061,59
2024-02-21 10:30:09,502,2024-02-21 10:30:03,48E72952E8D2,23.132,68.7352,887.069,60
2024-02-21 10:45:07,503,2024-02-21 10:45:00,48E72952E8D2,23.1277,69.5082,887.176,59
2024-02-21 11:00:06,504,2024-02-21 11:00:01,48E72952E8D2,23.1528,69.9612,887.298,59
2024-02-21 11:15:09,505,2024-02-21 11:15:03,48E72952E8D2,23.1426,70.4229,887.34,60
2024-02-21 11:30:06,506,2024-02-21 11:30:01,48E72952E8D2,23.136,70.7921,887.079,59
2024-02-21 11:45:09,507,2024-02-21 11:45:05,48E72952E8D2,23.1422,71.1833,887.143,60
2024-02-21 12:00:08,508,2024-02-21 12:00:02,48E72952E8D2,23.1231,71.8239,887.073,59
2024-02-21 12:15:10,509,2024-02-21 12:15:04,48E72952E8D2,23.1597,72.3005,886.918,60
2024-02-21 12:30:08,510,2024-02-21 12:30:02,48E72952E8D2,23.166,72.6659,886.768,59
2024-02-21 12:45:05,511,2024-02-21 12:45:00,48E72952E8D2,23.1826,72.7684,886.47,60
2024-02-21 13:00:09,512,2024-02-21 13:00:03,48E72952E8D2,23.1796,73.1989,886.344,59
2024-02-21 13:15:07,513,2024-02-21 13:15:02,48E72952E8D2,23.1562,73.5128,886.209,60
2024-02-21 13:30:09,514,2024-02-21 13:30:04,48E72952E8D2,23.1697,73.7489,886.049,59
2024-02-21 13:45:07,515,2024-02-21 13:45:02,48E72952E8D2,23.1821,73.8306,886.075,60
2024-02-21 14:00:05,516,2024-02-21 14:00:00,48E72952E8D2,23.1594,74.1399,886.166,59
2024-02-21 14:15:08,517,2024-02-21 14:15:03,48E72952E8D2,23.1567,74.2482,886.076,60
2024-02-21 14:30:05,518,2024-02-21 14:30:02,48E72952E8D2,23.0931,74.3277,886.157,59
2024-02-21 14:45:03,519,2024-02-21 14:45:00,48E72952E8D2,23.0724,74.2345,886.123,59
2024-02-21 15:00:07,520,2024-02-21 15:00:01,48E72952E8D2,23.0093,74.2705,886.104,60
2024-02-21 15:15:09,521,2024-02-21 15:15:04,48E72952E8D2,22.9896,74.1517,886.107,60
2024-02-21 15:30:07,522,2024-02-21 15:30:02,48E72952E8D2,22.933,73.9584,886.195,59
2024-02-21 15:45:04,523,2024-02-21 15:45:00,48E72952E8D2,22.9028,73.8935,886.326,59
2024-02-21 16:00:08,524,2024-02-21 16:00:03,48E72952E8D2,22.8207,73.8659,886.508,60
2024-02-21 16:15:06,525,2024-02-21 16:15:01,48E72952E8D2,22.7789,73.5244,886.675,59
2024-02-21 16:30:08,526,2024-02-21 16:30:04,48E72952E8D2,22.7266,73.1883,886.879,60
2024-02-21 16:45:06,527,2024-02-21 16:45:03,48E72952E8D2,22.7067,72.4248,886.946,59
2024-02-21 17:00:10,528,2024-02-21 17:00:03,48E72952E8D2,22.7734,73.6097,886.994,60
2024-02-21 17:15:12,529,2024-02-21 17:15:04,48E72952E8D2,22.8744,74.974,887.017,60
2024-02-21 17:30:10,530,2024-02-21 17:30:00,48E72952E8D2,22.8847,75.5305,887.177,59
2024-02-21 17:45:12,531,2024-02-21 17:45:00,48E72952E8D2,22.9921,75.2304,887.067,60
2024-02-21 18:00:06,532,2024-02-21 18:00:00,48E72952E8D2,23.0357,74.6946,887.142,59
2024-02-21 18:15:08,533,2024-02-21 18:15:00,48E72952E8D2,23.7706,71.0631,886.116,59
2024-02-21 18:30:16,534,2024-02-21 18:30:01,48E72952E8D2,24.4074,67.9261,885.21,60
2024-02-21 18:45:23,535,2024-02-21 18:45:01,48E72952E8D2,24.567,66.4355,885.034,60
2024-02-21 19:00:07,536,2024-02-21 19:00:01,48E72952E8D2,24.7071,65.003,884.877,59
2024-02-21 19:15:10,537,2024-02-21 19:15:02,48E72952E8D2,24.9418,63.376,884.671,59
2024-02-21 19:30:12,538,2024-02-21 19:30:01,48E72952E8D2,25.4287,61.0441,883.885,60
2024-02-21 19:45:20,539,2024-02-21 19:45:03,48E72952E8D2,25.5023,60.4667,883.727,60
2024-02-21 20:00:09,540,2024-02-21 20:00:02,48E72952E8D2,25.4876,60.2408,883.863,59
2024-02-21 20:15:06,541,2024-02-21 20:15:00,48E72952E8D2,25.4519,60.1317,883.651,59
2024-02-21 20:30:09,542,2024-02-21 20:30:03,48E72952E8D2,25.4392,59.8788,883.654,60
2024-02-21 20:45:06,543,2024-02-21 20:45:01,48E72952E8D2,25.4664,59.4742,883.961,59
2024-02-21 21:00:10,544,2024-02-21 21:00:03,48E72952E8D2,25.4564,59.3448,884.1,60
2024-02-21 21:15:07,545,2024-02-21 21:15:01,48E72952E8D2,25.4747,59.1546,884.435,59
2024-02-21 21:30:10,546,2024-02-21 21:30:03,48E72952E8D2,25.5168,58.8148,884.262,60
2024-02-21 21:45:12,547,2024-02-21 21:45:04,48E72952E8D2,25.5374,58.4833,884.271,59
2024-02-21 22:00:06,548,2024-02-21 22:00:01,48E72952E8D2,25.526,58.1557,884.205,59
2024-02-21 22:15:09,549,2024-02-21 22:15:04,48E72952E8D2,25.5159,57.7998,884.334,60
2024-02-21 22:30:06,550,2024-02-21 22:30:02,48E72952E8D2,25.5284,57.4674,884.377,59
2024-02-21 22:45:09,551,2024-02-21 22:45:05,48E72952E8D2,25.5118,57.2754,884.428,60
2024-02-21 23:00:07,552,2024-02-21 23:00:01,48E72952E8D2,25.4772,57.142,884.576,59
2024-02-21 23:15:10,553,2024-02-21 23:15:03,48E72952E8D2,25.4724,56.8323,884.56,60
2024-02-21 23:30:07,554,2024-02-21 23:30:00,48E72952E8D2,25.4696,56.6549,884.7,59
2024-02-21 23:45:10,555,2024-02-21 23:45:02,48E72952E8D2,25.4991,56.5561,884.614,60
2024-02-22 00:00:09,556,2024-02-22 00:00:02,48E72952E8D2,25.5052,56.5065,884.641,59
2024-02-22 00:15:06,557,2024-02-22 00:15:01,48E72952E8D2,25.0034,60.5039,885.314,60
2024-02-22 00:30:04,558,2024-02-22 00:30:02,48E72952E8D2,24.9308,64.3297,885.194,59
2024-02-22 00:45:01,559,2024-02-22 00:45:03,48E72952E8D2,24.9784,65.2077,885.153,59
2024-02-22 01:00:10,560,2024-02-22 01:00:03,48E72952E8D2,25.5971,63.0632,884.319,60
2024-02-22 01:15:13,561,2024-02-22 01:15:04,48E72952E8D2,25.6099,63.7555,884.252,60
2024-02-22 01:30:10,562,2024-02-22 01:30:02,48E72952E8D2,25.3004,65.3801,884.64,59
2024-02-22 01:45:08,563,2024-02-22 01:45:00,48E72952E8D2,25.2981,65.2086,884.506,60
2024-02-22 02:00:06,564,2024-02-22 02:00:00,48E72952E8D2,25.535,63.8484,884.085,59
2024-02-22 02:15:09,565,2024-02-22 02:15:03,48E72952E8D2,25.4886,64.3102,884.005,60
2024-02-22 02:30:06,566,2024-02-22 02:30:02,48E72952E8D2,25.2901,65.1835,884.079,59
2024-02-22 02:45:04,567,2024-02-22 02:45:02,48E72952E8D2,25.1626,65.4265,884.317,59
2024-02-22 03:00:08,568,2024-02-22 03:00:01,48E72952E8D2,25.3984,64.0409,883.827,60
2024-02-22 03:15:10,569,2024-02-22 03:15:02,48E72952E8D2,25.6631,62.5166,883.519,60
2024-02-22 03:30:13,570,2024-02-22 03:30:02,48E72952E8D2,25.7321,61.863,883.282,59
2024-02-22 03:45:15,571,2024-02-22 03:45:02,48E72952E8D2,25.8112,61.155,883.056,60
2024-02-22 04:00:09,572,2024-02-22 04:00:03,48E72952E8D2,25.8644,60.4952,882.962,59
2024-02-22 04:15:06,573,2024-02-22 04:15:00,48E72952E8D2,25.9189,59.893,882.918,59
2024-02-22 04:30:09,574,2024-02-22 04:30:01,48E72952E8D2,25.9339,59.4256,882.943,60
2024-02-22 04:45:12,575,2024-02-22 04:45:03,48E72952E8D2,25.9486,59.1661,882.845,60
2024-02-22 05:00:10,576,2024-02-22 05:00:04,48E72952E8D2,26.0936,58.6109,882.669,59
2024-02-22 05:15:08,577,2024-02-22 05:15:01,48E72952E8D2,26.1994,58.1983,882.554,59
2024-02-22 05:30:10,578,2024-02-22 05:30:02,48E72952E8D2,26.2069,58.0083,882.522,60
2024-02-22 05:45:13,579,2024-02-22 05:45:04,48E72952E8D2,26.1831,57.7388,882.581,60
2024-02-22 06:00:07,580,2024-02-22 06:00:00,48E72952E8D2,26.2713,57.0628,882.591,59
2024-02-22 06:15:09,581,2024-02-22 06:15:02,48E72952E8D2,26.2857,56.6671,882.749,59
2024-02-22 06:30:12,582,2024-02-22 06:30:04,48E72952E8D2,26.2611,56.497,882.902,60
2024-02-22 06:45:09,583,2024-02-22 06:45:01,48E72952E8D2,26.2247,56.2801,882.979,59
2024-02-22 07:00:08,584,2024-02-22 07:00:03,48E72952E8D2,26.2071,56.0256,883.185,60
2024-02-22 07:15:06,585,2024-02-22 07:15:04,48E72952E8D2,25.0308,58.4761,884.95,59
2024-02-22 07:29:53,586,2024-02-22 07:30:00,48E72952E8D2,24.1529,61.3318,886.307,59
2024-02-22 07:44:45,587,2024-02-22 07:45:00,48E72952E8D2,24.4338,61.8893,886.017,59
2024-02-22 07:45:07,588,2024-02-22 07:45:01,48E72952E8D2,24.67,61.07,885.79,1
2024-02-22 08:00:09,589,2024-02-22 08:00:02,48E72952E8D2,24.9376,60.9076,885.481,60
2024-02-22 08:15:12,590,2024-02-22 08:15:04,48E72952E8D2,24.9199,59.3547,885.769,59
2024-02-22 08:30:04,591,2024-02-22 08:30:00,48E72952E8D2,24.2367,61.0227,886.962,59
2024-02-22 08:45:08,592,2024-02-22 08:45:04,48E72952E8D2,23.7787,62.4303,887.826,60
2024-02-22 09:00:01,593,2024-02-22 09:00:00,48E72952E8D2,23.3692,64.0323,888.713,59
2024-02-22 09:14:58,594,2024-02-22 09:15:02,48E72952E8D2,23.2313,64.9492,889.12,59
2024-02-22 09:29:51,595,2024-02-22 09:30:00,48E72952E8D2,23.1734,65.6741,889.35,59
2024-02-22 09:30:07,596,2024-02-22 09:30:01,48E72952E8D2,23.16,65.87,889.44,1
2024-02-22 09:45:10,597,2024-02-22 09:45:03,48E72952E8D2,23.1674,66.421,889.422,60
2024-02-22 10:00:07,598,2024-02-22 10:00:01,48E72952E8D2,23.2026,67.115,889.357,59
2024-02-22 10:15:10,599,2024-02-22 10:15:03,48E72952E8D2,23.2642,67.8627,889.24,60
2024-02-22 10:30:09,600,2024-02-22 10:30:03,48E72952E8D2,23.2594,68.5028,889.228,59
2024-02-22 10:45:06,601,2024-02-22 10:45:01,48E72952E8D2,23.26,69.1103,889.138,60
2024-02-22 11:00:09,602,2024-02-22 11:00:04,48E72952E8D2,23.2449,69.895,889.101,59
2024-02-22 11:15:06,603,2024-02-22 11:15:02,48E72952E8D2,23.2521,70.7049,888.995,60
2024-02-22 11:30:05,604,2024-02-22 11:30:00,48E72952E8D2,23.2584,70.7719,888.776,59
2024-02-22 11:45:08,605,2024-02-22 11:45:03,48E72952E8D2,23.2711,71.4282,888.493,60
2024-02-22 12:00:05,606,2024-02-22 12:00:01,48E72952E8D2,23.252,72.3335,888.434,59
2024-02-22 12:15:08,607,2024-02-22 12:15:04,48E72952E8D2,23.235,72.9393,888.3,60
2024-02-22 12:30:07,608,2024-02-22 12:30:00,48E72952E8D2,23.2902,73.2089,888.037,59
2024-02-22 12:45:09,609,2024-02-22 12:45:03,48E72952E8D2,23.3111,73.7598,887.833,60
2024-02-22 13:00:07,610,2024-02-22 13:00:00,48E72952E8D2,23.3264,73.9058,887.592,59
2024-02-22 13:15:10,611,2024-02-22 13:15:02,48E72952E8D2,23.2643,74.4609,887.578,60
2024-02-22 13:30:08,612,2024-02-22 13:30:03,48E72952E8D2,23.3033,74.6061,887.243,59
2024-02-22 13:45:06,613,2024-02-22 13:45:01,48E72952E8D2,23.3203,74.8832,887.077,59
2024-02-22 14:00:08,614,2024-02-22 14:00:04,48E72952E8D2,23.35,75.1542,886.808,60
2024-02-22 14:15:06,615,2024-02-22 14:15:01,48E72952E8D2,23.3245,75.442,886.685,59
2024-02-22 14:30:10,616,2024-02-22 14:30:04,48E72952E8D2,23.3006,75.4857,886.545,60
2024-02-22 14:45:07,617,2024-02-22 14:45:01,48E72952E8D2,23.2931,75.6394,886.424,59
2024-02-22 15:00:10,618,2024-02-22 15:00:04,48E72952E8D2,23.2736,75.6812,886.367,60
2024-02-22 15:15:07,619,2024-02-22 15:15:02,48E72952E8D2,23.224,75.7004,886.349,59
2024-02-22 15:30:06,620,2024-02-22 15:30:00,48E72952E8D2,23.1804,75.6495,886.339,60
2024-02-22 15:45:08,621,2024-02-22 15:45:03,48E72952E8D2,23.1158,75.5728,886.463,59
2024-02-22 16:00:06,622,2024-02-22 16:00:01,48E72952E8D2,23.0399,75.4011,886.394,60
2024-02-22 16:15:03,623,2024-02-22 16:15:00,48E72952E8D2,22.9694,75.1992,886.374,59
2024-02-22 16:30:07,624,2024-02-22 16:30:01,48E72952E8D2,22.9386,74.6742,886.399,60
2024-02-22 16:45:10,625,2024-02-22 16:45:04,48E72952E8D2,22.8751,74.2419,886.609,59
2024-02-22 17:00:07,626,2024-02-22 17:00:02,48E72952E8D2,22.9668,75.3093,886.445,60
2024-02-22 17:15:10,627,2024-02-22 17:15:03,48E72952E8D2,23.1477,76.4034,886.211,59
2024-02-22 17:30:09,628,2024-02-22 17:30:01,48E72952E8D2,23.4014,77.2526,885.787,60
2024-02-22 17:45:11,629,2024-02-22 17:45:00,48E72952E8D2,23.8579,75.6425,885.277,59
2024-02-22 18:00:19,630,2024-02-22 18:00:03,48E72952E8D2,24.0471,73.504,885.147,60
2024-02-22 18:15:21,631,2024-02-22 18:15:01,48E72952E8D2,24.3391,70.8096,884.982,60
2024-02-22 18:30:10,632,2024-02-22 18:30:04,48E72952E8D2,24.8173,67.554,884.319,59
2024-02-22 18:45:07,633,2024-02-22 18:45:00,48E72952E8D2,24.946,65.714,884.111,59
2024-02-22 19:00:10,634,2024-02-22 19:00:01,48E72952E8D2,25.0231,64.1876,884.125,60
2024-02-22 19:15:13,635,2024-02-22 19:15:01,48E72952E8D2,25.1721,62.5711,884.013,59
2024-02-22 19:30:06,636,2024-02-22 19:30:00,48E72952E8D2,25.2417,61.4613,884.155,59
2024-02-22 19:45:09,637,2024-02-22 19:45:02,48E72952E8D2,25.3405,60.3714,884.274,60
2024-02-22 20:00:12,638,2024-02-22 20:00:03,48E72952E8D2,25.4072,59.6016,884.165,60
2024-02-22 20:15:09,639,2024-02-22 20:15:00,48E72952E8D2,25.4601,58.9925,884.14,59
2024-02-22 20:30:08,640,2024-02-22 20:30:02,48E72952E8D2,25.4743,58.6233,884.258,59
2024-02-22 20:45:05,641,2024-02-22 20:45:01,48E72952E8D2,25.5284,58.1028,884.364,60
2024-02-22 21:00:08,642,2024-02-22 21:00:04,48E72952E8D2,25.5428,57.7036,884.412,59
2024-02-22 21:15:05,643,2024-02-22 21:15:01,48E72952E8D2,25.5727,57.3224,884.309,60
2024-02-22 21:30:09,644,2024-02-22 21:30:04,48E72952E8D2,25.5817,56.9703,884.356,59
2024-02-22 21:45:07,645,2024-02-22 21:45:02,48E72952E8D2,25.6054,56.594,884.223,60
2024-02-22 22:00:09,646,2024-02-22 22:00:05,48E72952E8D2,25.6529,56.1692,884.27,59
2024-02-22 22:15:06,647,2024-02-22 22:15:02,48E72952E8D2,25.7259,55.7055,884.384,60
2024-02-22 22:30:10,648,2024-02-22 22:30:04,48E72952E8D2,25.7238,55.5042,884.255,59
2024-02-22 22:45:08,649,2024-02-22 22:45:02,48E72952E8D2,25.7762,55.1213,884.12,60
2024-02-22 23:00:10,650,2024-02-22 23:00:04,48E72952E8D2,25.7664,54.9161,884.22,59
2024-02-22 23:15:08,651,2024-02-22 23:15:02,48E72952E8D2,25.7767,54.6643,884.169,60
2024-02-22 23:30:07,652,2024-02-22 23:30:00,48E72952E8D2,25.7899,54.4418,883.99,59
2024-02-22 23:45:09,653,2024-02-22 23:45:03,48E72952E8D2,25.7992,54.2725,883.901,60
2024-02-23 00:00:07,654,2024-02-23 00:00:00,48E72952E8D2,25.8236,54.055,883.935,59
2024-02-23 00:15:09,655,2024-02-23 00:15:03,48E72952E8D2,25.8221,53.9833,883.938,60
2024-02-23 00:30:08,656,2024-02-23 00:30:02,48E72952E8D2,25.8507,53.8167,883.847,59
2024-02-23 00:45:10,657,2024-02-23 00:45:04,48E72952E8D2,25.8997,53.585,883.685,60
2024-02-23 01:00:08,658,2024-02-23 01:00:01,48E72952E8D2,25.9331,53.4226,883.545,59
2024-02-23 01:15:10,659,2024-02-23 01:15:03,48E72952E8D2,25.9217,53.3904,883.585,60
2024-02-23 01:30:09,660,2024-02-23 01:30:03,48E72952E8D2,25.8736,53.4308,883.426,59
2024-02-23 01:45:07,661,2024-02-23 01:45:01,48E72952E8D2,25.9299,53.1987,883.229,59
2024-02-23 02:00:09,662,2024-02-23 02:00:03,48E72952E8D2,25.9266,53.1166,883.341,60
2024-02-23 02:15:07,663,2024-02-23 02:15:00,48E72952E8D2,25.9564,52.9737,883.108,59
2024-02-23 02:30:05,664,2024-02-23 02:30:00,48E72952E8D2,25.9804,52.8181,882.989,60
2024-02-23 02:45:08,665,2024-02-23 02:45:04,48E72952E8D2,25.9529,52.8434,882.897,59
2024-02-23 03:00:05,666,2024-02-23 03:00:03,48E72952E8D2,25.9844,52.672,882.586,60
2024-02-23 03:15:03,667,2024-02-23 03:15:01,48E72952E8D2,25.9865,52.628,882.373,59
2024-02-23 03:30:07,668,2024-02-23 03:30:00,48E72952E8D2,26.0126,52.5319,882.274,60
2024-02-23 03:45:10,669,2024-02-23 03:45:02,48E72952E8D2,25.9965,52.6113,882.201,59
2024-02-23 04:00:12,670,2024-02-23 04:00:04,48E72952E8D2,26.0146,52.5718,881.99,60
2024-02-23 04:15:09,671,2024-02-23 04:15:02,48E72952E8D2,25.8868,52.8176,882.123,59
2024-02-23 04:30:08,672,2024-02-23 04:30:02,48E72952E8D2,25.7487,52.5923,882.318,60
2024-02-23 04:45:06,673,2024-02-23 04:45:00,48E72952E8D2,25.747,51.5954,882.263,59
2024-02-23 05:00:08,674,2024-02-23 05:00:02,48E72952E8D2,25.7266,50.8701,882.224,60
2024-02-23 05:15:11,675,2024-02-23 05:15:04,48E72952E8D2,25.7533,50.1234,882.129,59
2024-02-23 05:30:09,676,2024-02-23 05:30:03,48E72952E8D2,25.7625,49.645,882.14,60
2024-02-23 05:45:07,677,2024-02-23 05:45:00,48E72952E8D2,25.847,49.0978,882.177,59
2024-02-23 06:00:09,678,2024-02-23 06:00:02,48E72952E8D2,25.9004,48.645,882.211,60
2024-02-23 06:15:12,679,2024-02-23 06:15:04,48E72952E8D2,25.8392,48.6164,882.314,59
2024-02-23 06:30:06,680,2024-02-23 06:30:00,48E72952E8D2,25.8195,48.5971,882.469,59
2024-02-23 06:45:08,681,2024-02-23 06:45:03,48E72952E8D2,25.8739,48.2543,882.377,60
2024-02-23 07:00:06,682,2024-02-23 07:00:01,48E72952E8D2,25.875,48.1412,882.362,59
2024-02-23 07:15:03,683,2024-02-23 07:15:01,48E72952E8D2,25.0277,50.4014,883.676,60
2024-02-23 07:30:07,684,2024-02-23 07:30:03,48E72952E8D2,24.2635,52.6766,884.813,59
2024-02-23 07:45:05,685,2024-02-23 07:45:03,48E72952E8D2,24.3877,53.39,884.81,60
2024-02-23 08:00:02,686,2024-02-23 08:00:01,48E72952E8D2,24.6148,54.0428,884.639,59
2024-02-23 08:15:00,687,2024-02-23 08:15:04,48E72952E8D2,23.977,52.5252,885.683,59
2024-02-23 08:30:08,688,2024-02-23 08:30:04,48E72952E8D2,23.1316,54.8993,887.177,60
2024-02-23 08:45:06,689,2024-02-23 08:45:04,48E72952E8D2,22.9538,56.1594,887.603,60
2024-02-23 08:59:58,690,2024-02-23 09:00:00,48E72952E8D2,22.8634,57.5518,887.865,59
2024-02-23 09:14:56,691,2024-02-23 09:15:01,48E72952E8D2,22.8566,58.7794,887.924,59
2024-02-23 09:30:10,692,2024-02-23 09:30:03,48E72952E8D2,22.8277,60.0511,888.003,60
2024-02-23 09:45:13,693,2024-02-23 09:45:04,48E72952E8D2,22.9132,60.9201,887.849,60
2024-02-23 10:00:10,694,2024-02-23 10:00:01,48E72952E8D2,22.9192,62.1218,887.729,59
2024-02-23 10:15:12,695,2024-02-23 10:15:02,48E72952E8D2,22.9539,63.2516,887.555,60
2024-02-23 10:30:06,696,2024-02-23 10:30:00,48E72952E8D2,22.9562,64.4395,887.362,59
2024-02-23 10:45:09,697,2024-02-23 10:45:02,48E72952E8D2,23.0156,65.4519,887.188,60
2024-02-23 11:00:06,698,2024-02-23 11:00:00,48E72952E8D2,22.9803,66.5191,887.199,59
2024-02-23 11:15:09,699,2024-02-23 11:15:02,48E72952E8D2,23.022,67.0818,887.108,60
2024-02-23 11:30:08,700,2024-02-23 11:30:01,48E72952E8D2,22.9949,67.7903,887.114,59
2024-02-23 11:45:10,701,2024-02-23 11:45:03,48E72952E8D2,23.054,68.3678,886.84,60
2024-02-23 12:00:08,702,2024-02-23 12:00:00,48E72952E8D2,23.1318,69.2592,886.551,59
2024-02-23 12:15:10,703,2024-02-23 12:15:02,48E72952E8D2,23.1397,70.5959,886.586,60
2024-02-23 12:30:09,704,2024-02-23 12:30:03,48E72952E8D2,23.2225,71.5287,886.298,59
2024-02-23 12:45:06,705,2024-02-23 12:45:00,48E72952E8D2,23.1882,72.2483,885.966,59
2024-02-23 13:00:09,706,2024-02-23 13:00:03,48E72952E8D2,23.2056,72.4332,885.663,60
2024-02-23 13:15:07,707,2024-02-23 13:15:00,48E72952E8D2,23.1904,72.4499,885.549,59
2024-02-23 13:30:05,708,2024-02-23 13:30:00,48E72952E8D2,23.1662,72.5504,885.345,60
2024-02-23 13:45:08,709,2024-02-23 13:45:03,48E72952E8D2,23.1009,72.7786,885.327,59
2024-02-23 14:00:05,710,2024-02-23 14:00:01,48E72952E8D2,23.0606,72.7312,885.322,60
2024-02-23 14:15:03,711,2024-02-23 14:15:00,48E72952E8D2,23.0189,72.4657,885.29,59
2024-02-23 14:30:07,712,2024-02-23 14:30:00,48E72952E8D2,22.9401,72.2009,885.462,60
2024-02-23 14:45:09,713,2024-02-23 14:45:03,48E72952E8D2,22.9001,71.6536,885.329,59
2024-02-23 15:00:07,714,2024-02-23 15:00:01,48E72952E8D2,22.8721,71.1194,885.283,60
2024-02-23 15:15:10,715,2024-02-23 15:15:04,48E72952E8D2,22.8785,71.2819,885.232,59
2024-02-23 15:30:08,716,2024-02-23 15:30:02,48E72952E8D2,22.9469,72.0381,885.036,60
2024-02-23 15:45:11,717,2024-02-23 15:45:04,48E72952E8D2,23.0242,72.4665,884.688,59
2024-02-23 16:00:08,718,2024-02-23 16:00:02,48E72952E8D2,22.9946,73.0392,884.652,60
2024-02-23 16:15:11,719,2024-02-23 16:15:04,48E72952E8D2,23.025,73.1219,884.48,59
2024-02-23 16:30:10,720,2024-02-23 16:30:04,48E72952E8D2,23.0313,73.1354,884.361,60
2024-02-23 16:45:07,721,2024-02-23 16:45:02,48E72952E8D2,23.0048,73.0987,884.24,59
2024-02-23 17:00:05,722,2024-02-23 17:00:00,48E72952E8D2,23.0658,75.0063,884.234,59
2024-02-23 17:15:07,723,2024-02-23 17:15:02,48E72952E8D2,23.2495,76.6693,884.042,60
2024-02-23 17:30:11,724,2024-02-23 17:30:04,48E72952E8D2,23.3866,77.1527,883.964,60
2024-02-23 17:45:09,725,2024-02-23 17:45:01,48E72952E8D2,23.4745,77.0341,883.955,59
2024-02-23 18:00:11,726,2024-02-23 18:00:01,48E72952E8D2,23.5146,76.7154,884.059,60
2024-02-23 18:15:14,727,2024-02-23 18:15:02,48E72952E8D2,23.8255,75.0541,883.717,59
2024-02-23 18:30:07,728,2024-02-23 18:30:01,48E72952E8D2,24.1808,72.8748,883.375,59
2024-02-23 18:45:10,729,2024-02-23 18:45:02,48E72952E8D2,24.2413,71.238,883.409,60
2024-02-23 19:00:07,730,2024-02-23 19:00:01,48E72952E8D2,23.9229,70.0194,884.031,59
2024-02-23 19:15:10,731,2024-02-23 19:15:05,48E72952E8D2,23.856,67.9112,884.21,60
2024-02-23 19:30:09,732,2024-02-23 19:30:02,48E72952E8D2,23.9148,66.1812,884.24,59
2024-02-23 19:45:11,733,2024-02-23 19:45:03,48E72952E8D2,24.0767,64.6668,884.13,60
2024-02-23 20:00:14,734,2024-02-23 20:00:04,48E72952E8D2,24.1936,63.6063,884.12,60
2024-02-23 20:15:16,735,2024-02-23 20:15:02,48E72952E8D2,24.4458,62.3994,883.817,59
2024-02-23 20:30:10,736,2024-02-23 20:30:04,48E72952E8D2,24.6899,61.2393,883.361,59
2024-02-23 20:45:08,737,2024-02-23 20:45:01,48E72952E8D2,24.7057,60.7584,883.329,60
2024-02-23 21:00:10,738,2024-02-23 21:00:04,48E72952E8D2,24.6867,60.3832,883.4,59
2024-02-23 21:15:08,739,2024-02-23 21:15:01,48E72952E8D2,24.6916,59.9029,883.492,60
2024-02-23 21:30:06,740,2024-02-23 21:30:00,48E72952E8D2,24.7772,59.2283,883.4,59
2024-02-23 21:45:09,741,2024-02-23 21:45:02,48E72952E8D2,24.8182,58.7181,883.436,60
2024-02-23 22:00:12,742,2024-02-23 22:00:04,48E72952E8D2,24.8436,58.3406,883.447,59
2024-02-23 22:15:09,743,2024-02-23 22:15:01,48E72952E8D2,24.854,58.0865,883.527,60
2024-02-23 22:30:08,744,2024-02-23 22:30:01,48E72952E8D2,25.0553,57.9993,883.133,59
2024-02-23 22:45:10,745,2024-02-23 22:45:00,48E72952E8D2,25.5151,56.2988,882.437,60
2024-02-23 23:00:18,746,2024-02-23 23:00:03,48E72952E8D2,25.6329,55.7126,882.345,60
2024-02-23 23:15:20,747,2024-02-23 23:15:01,48E72952E8D2,25.6697,55.4394,882.423,59
2024-02-23 23:30:09,748,2024-02-23 23:30:03,48E72952E8D2,25.6531,55.3459,882.501,59
2024-02-23 23:45:07,749,2024-02-23 23:45:01,48E72952E8D2,25.6399,55.28,882.506,59
2024-02-24 00:00:09,750,2024-02-24 00:00:03,48E72952E8D2,25.6344,55.1034,882.545,60
2024-02-24 00:15:07,751,2024-02-24 00:15:01,48E72952E8D2,25.6258,54.9103,882.517,59
2024-02-24 00:30:11,752,2024-02-24 00:30:04,48E72952E8D2,25.6352,54.6443,882.431,60
2024-02-24 00:45:09,753,2024-02-24 00:45:02,48E72952E8D2,25.6127,54.5337,882.353,59
2024-02-24 01:00:06,754,2024-02-24 01:00:00,48E72952E8D2,25.6839,54.159,882.246,60
2024-02-24 01:15:08,755,2024-02-24 01:15:02,48E72952E8D2,25.6868,54.0438,882.115,59
2024-02-24 01:30:07,756,2024-02-24 01:30:01,48E72952E8D2,25.6981,53.9263,882.108,60
2024-02-24 01:45:09,757,2024-02-24 01:45:04,48E72952E8D2,25.7038,53.7909,882.222,59
2024-02-24 02:00:07,758,2024-02-24 02:00:01,48E72952E8D2,25.7496,53.5481,882.247,60
2024-02-24 02:15:09,759,2024-02-24 02:15:04,48E72952E8D2,25.7611,53.4332,882.194,59
2024-02-24 02:30:08,760,2024-02-24 02:30:02,48E72952E8D2,25.7878,53.3601,882.139,60
2024-02-24 02:45:11,761,2024-02-24 02:45:04,48E72952E8D2,25.7525,53.4532,882.067,59
2024-02-24 03:00:09,762,2024-02-24 03:00:01,48E72952E8D2,25.7548,53.4046,882.059,60
2024-02-24 03:15:11,763,2024-02-24 03:15:03,48E72952E8D2,25.7689,53.2984,882.046,59
2024-02-24 03:30:10,764,2024-02-24 03:30:04,48E72952E8D2,25.7771,53.2047,882.012,60
2024-02-24 03:45:07,765,2024-02-24 03:45:02,48E72952E8D2,25.8011,53.0761,882.065,59
2024-02-24 04:00:05,766,2024-02-24 04:00:01,48E72952E8D2,25.7903,53.1264,882.01,59
2024-02-24 04:15:07,767,2024-02-24 04:15:04,48E72952E8D2,25.8092,52.967,881.848,60
2024-02-24 04:30:06,768,2024-02-24 04:30:01,48E72952E8D2,25.8566,52.7595,881.683,59
2024-02-24 04:45:03,769,2024-02-24 04:45:00,48E72952E8D2,25.8292,52.8051,881.585,60
2024-02-24 05:00:06,770,2024-02-24 05:00:03,48E72952E8D2,25.8912,52.6159,881.569,59
2024-02-24 05:15:03,771,2024-02-24 05:15:01,48E72952E8D2,25.8835,52.5887,881.862,60
2024-02-24 05:30:08,772,2024-02-24 05:30:01,48E72952E8D2,25.8334,52.7284,881.996,59
2024-02-24 05:45:10,773,2024-02-24 05:45:04,48E72952E8D2,25.8132,52.6483,882.176,60
2024-02-24 06:00:07,774,2024-02-24 06:00:02,48E72952E8D2,25.8174,52.6344,882.287,59
2024-02-24 06:15:05,775,2024-02-24 06:15:00,48E72952E8D2,25.7997,52.6325,882.311,60
2024-02-24 06:30:09,776,2024-02-24 06:30:03,48E72952E8D2,25.8255,52.5261,882.274,59
2024-02-24 06:45:06,777,2024-02-24 06:45:00,48E72952E8D2,25.7945,52.6037,882.34,60
2024-02-24 07:00:09,778,2024-02-24 07:00:03,48E72952E8D2,25.7933,52.6344,882.583,59
2024-02-24 07:15:06,779,2024-02-24 07:15:02,48E72952E8D2,25.0014,54.6223,884.033,60
2024-02-24 07:30:05,780,2024-02-24 07:30:00,48E72952E8D2,24.5109,56.4649,884.982,59
2024-02-24 07:45:08,781,2024-02-24 07:45:02,48E72952E8D2,24.8335,56.1779,884.585,60
2024-02-24 08:00:11,782,2024-02-24 08:00:03,48E72952E8D2,25.2008,55.588,883.94,59
2024-02-24 08:15:03,783,2024-02-24 08:15:00,48E72952E8D2,24.2511,58.5021,885.415,59
2024-02-24 08:30:07,784,2024-02-24 08:30:01,48E72952E8D2,23.4144,61.7079,886.768,60
2024-02-24 08:45:04,785,2024-02-24 08:45:02,48E72952E8D2,23.187,63.4981,887.174,59
2024-02-24 09:00:02,786,2024-02-24 09:00:02,48E72952E8D2,23.1072,65.0921,887.457,60
2024-02-24 09:14:59,787,2024-02-24 09:15:03,48E72952E8D2,23.107,66.201,887.645,59
2024-02-24 09:30:08,788,2024-02-24 09:30:01,48E72952E8D2,23.0959,66.8534,887.646,60
2024-02-24 09:45:11,789,2024-02-24 09:45:04,48E72952E8D2,23.0589,67.3392,887.59,60
2024-02-24 10:00:08,790,2024-02-24 10:00:02,48E72952E8D2,23.0392,67.5055,887.571,59
2024-02-24 10:15:05,791,2024-02-24 10:15:00,48E72952E8D2,22.9798,67.6776,887.695,59
2024-02-24 10:30:09,792,2024-02-24 10:30:04,48E72952E8D2,22.9945,67.9311,887.692,60
2024-02-24 10:45:07,793,2024-02-24 10:45:01,48E72952E8D2,23.0084,68.8628,887.691,59
2024-02-24 11:00:09,794,2024-02-24 11:00:04,48E72952E8D2,23.0954,69.5949,887.5,60
2024-02-24 11:15:07,795,2024-02-24 11:15:01,48E72952E8D2,23.1095,70.4258,887.275,59
2024-02-24 11:30:11,796,2024-02-24 11:30:04,48E72952E8D2,23.1234,70.9609,887.244,60
2024-02-24 11:45:08,797,2024-02-24 11:45:01,48E72952E8D2,23.1545,71.8655,887.139,59
2024-02-24 12:00:11,798,2024-02-24 12:00:03,48E72952E8D2,23.2286,72.9324,886.981,60
2024-02-24 12:15:13,799,2024-02-24 12:15:04,48E72952E8D2,23.2505,73.9481,886.816,60
2024-02-24 12:30:07,800,2024-02-24 12:30:01,48E72952E8D2,23.3026,74.6172,886.629,59
2024-02-24 12:45:05,801,2024-02-24 12:45:00,48E72952E8D2,23.3039,75.2379,886.547,59
2024-02-24 13:00:07,802,2024-02-24 13:00:03,48E72952E8D2,23.348,75.3362,886.345,60
2024-02-24 13:15:05,803,2024-02-24 13:15:00,48E72952E8D2,23.3255,75.4419,886.167,59
2024-02-24 13:30:09,804,2024-02-24 13:30:04,48E72952E8D2,23.355,75.6136,885.993,60
2024-02-24 13:45:06,805,2024-02-24 13:45:02,48E72952E8D2,23.4082,75.938,885.935,59
2024-02-24 14:00:03,806,2024-02-24 14:00:01,48E72952E8D2,23.4615,76.0828,885.827,59
2024-02-24 14:15:06,807,2024-02-24 14:15:05,48E72952E8D2,23.4282,76.2519,885.905,60
2024-02-24 14:30:05,808,2024-02-24 14:30:00,48E72952E8D2,23.3899,76.0906,885.982,59
2024-02-24 14:45:08,809,2024-02-24 14:45:03,48E72952E8D2,23.3224,76.0624,886.1,60
2024-02-24 15:00:05,810,2024-02-24 15:00:02,48E72952E8D2,23.2642,76.0356,886.188,59
2024-02-24 15:15:03,811,2024-02-24 15:15:00,48E72952E8D2,23.2441,76.0394,886.211,60
2024-02-24 15:30:06,812,2024-02-24 15:30:00,48E72952E8D2,23.233,76.1036,886.258,59
2024-02-24 15:45:09,813,2024-02-24 15:45:03,48E72952E8D2,23.1665,76.2601,886.384,60
2024-02-24 16:00:06,814,2024-02-24 16:00:01,48E72952E8D2,22.9606,76.4834,886.493,59
2024-02-24 16:15:04,815,2024-02-24 16:15:01,48E72952E8D2,22.7703,76.2287,886.813,60
2024-02-24 16:30:08,816,2024-02-24 16:30:02,48E72952E8D2,22.6358,75.9731,887.019,59
2024-02-24 16:45:05,817,2024-02-24 16:45:00,48E72952E8D2,22.5447,75.5505,887.052,60
2024-02-24 17:00:09,818,2024-02-24 17:00:03,48E72952E8D2,22.6187,76.469,887.019,59
2024-02-24 17:15:05,819,2024-02-24 17:15:00,48E72952E8D2,22.9023,76.8804,886.689,60
2024-02-24 17:30:09,820,2024-02-24 17:30:03,48E72952E8D2,23.1302,77.2645,886.401,59
2024-02-24 17:45:12,821,2024-02-24 17:45:01,48E72952E8D2,23.7909,75.2389,885.456,60
2024-02-24 18:00:19,822,2024-02-24 18:00:02,48E72952E8D2,24.1804,72.6051,884.864,60
2024-02-24 18:15:27,823,2024-02-24 18:15:01,48E72952E8D2,24.2119,69.9782,884.696,60
2024-02-24 18:30:11,824,2024-02-24 18:30:04,48E72952E8D2,24.0759,68.809,884.881,58
2024-02-24 18:45:08,825,2024-02-24 18:45:04,48E72952E8D2,23.8771,68.0589,885.208,60
2024-02-24 19:00:06,826,2024-02-24 19:00:04,48E72952E8D2,23.7092,67.3983,885.554,59
2024-02-24 19:15:04,827,2024-02-24 19:15:04,48E72952E8D2,23.5867,66.6843,885.965,59
2024-02-24 19:30:10,828,2024-02-24 19:30:01,48E72952E8D2,23.5258,65.9206,886.175,60
2024-02-24 19:45:12,829,2024-02-24 19:45:04,48E72952E8D2,23.4988,65.2697,886.352,60
2024-02-24 20:00:10,830,2024-02-24 20:00:02,48E72952E8D2,23.5088,64.6777,886.411,59
2024-02-24 20:15:07,831,2024-02-24 20:15:00,48E72952E8D2,23.4516,64.3143,886.494,59
2024-02-24 20:30:11,832,2024-02-24 19:30:02,48E72952E8D2,23.3509,64.1344,886.724,60
2024-02-24 20:45:08,833,2024-02-24 19:45:01,48E72952E8D2,23.3097,63.9196,887.033,59
2024-02-24 21:00:11,834,2024-02-24 20:00:03,48E72952E8D2,23.3291,63.6486,887.042,60
2024-02-24 21:15:08,835,2024-02-24 20:15:02,48E72952E8D2,23.3009,63.522,887.021,59
2024-02-24 21:30:12,836,2024-02-24 20:30:04,48E72952E8D2,23.4069,62.8764,887.042,60
2024-02-24 21:45:10,837,2024-02-24 20:45:00,48E72952E8D2,23.5066,62.2761,887.118,59
2024-02-24 22:00:12,838,2024-02-24 21:00:02,48E72952E8D2,23.4658,62.1661,887.093,60
2024-02-24 22:15:15,839,2024-02-24 21:15:03,48E72952E8D2,23.4689,61.8835,887.117,60
2024-02-24 22:30:14,840,2024-02-24 21:30:01,48E72952E8D2,23.4398,61.7042,887.268,59
2024-02-24 22:45:16,841,2024-02-24 21:45:04,48E72952E8D2,23.3836,61.6254,887.422,60
2024-02-24 23:00:14,842,2024-02-24 22:00:01,48E72952E8D2,23.4657,61.0867,887.249,59
2024-02-24 23:15:16,843,2024-02-24 22:15:03,48E72952E8D2,23.5301,60.6478,887.19,60
2024-02-24 23:30:10,844,2024-02-24 22:30:02,48E72952E8D2,23.5648,60.3677,887.125,59
2024-02-24 23:45:07,845,2024-02-24 22:45:00,48E72952E8D2,23.5518,60.2381,887.182,59
2024-02-25 00:00:10,846,2024-02-24 23:00:03,48E72952E8D2,23.5601,59.9969,887.198,60
2024-02-25 00:15:07,847,2024-02-24 23:15:02,48E72952E8D2,23.1241,64.7289,887.769,59
2024-02-25 00:29:56,848,2024-02-24 23:30:02,48E72952E8D2,22.9379,68.0215,888.036,59
2024-02-25 00:44:54,849,2024-02-24 23:45:02,48E72952E8D2,22.9948,69.5935,887.943,59
2024-02-25 00:59:56,850,2024-02-25 00:00:03,48E72952E8D2,23.4982,67.8273,887.081,60
2024-02-25 01:14:59,851,2024-02-25 00:15:03,48E72952E8D2,24.102,66.3935,886.081,59
2024-02-25 01:29:57,852,2024-02-25 00:30:02,48E72952E8D2,23.8049,68.3615,886.576,60
2024-02-25 01:44:55,853,2024-02-25 00:45:03,48E72952E8D2,23.437,70.3471,887.074,59
2024-02-25 01:59:52,854,2024-02-25 01:00:04,48E72952E8D2,23.4855,70.0726,886.976,59
2024-02-25 02:14:45,855,2024-02-25 01:15:00,48E72952E8D2,23.4189,70.4404,887.117,59
2024-02-25 02:29:54,856,2024-02-25 01:30:01,48E72952E8D2,23.389,71.0778,887.208,60
2024-02-25 02:44:56,857,2024-02-25 01:45:02,48E72952E8D2,23.5002,70.4463,887.075,60
2024-02-25 02:59:59,858,2024-02-25 02:00:00,48E72952E8D2,23.5337,69.5868,886.973,60
2024-02-25 03:15:06,859,2024-02-25 02:15:04,48E72952E8D2,23.4031,69.5054,887.029,60
2024-02-25 03:15:28,860,2024-02-25 02:15:00,48E72952E8D2,23.38,69.37,887.02,1
2024-02-25 03:30:30,861,2024-02-25 02:30:03,48E72952E8D2,23.3626,69.2769,887.076,60
2024-02-25 03:45:28,862,2024-02-25 02:45:00,48E72952E8D2,23.4091,68.7013,886.987,59
2024-02-25 04:00:30,863,2024-02-25 03:00:03,48E72952E8D2,23.3932,68.3144,886.984,60
2024-02-25 04:15:29,864,2024-02-25 03:30:00,48E72952E8D2,23.3438,68.0777,887.043,59
2024-02-25 04:30:32,865,2024-02-25 03:45:04,48E72952E8D2,23.2974,67.7209,887.098,60
2024-02-25 04:45:29,866,2024-02-25 04:00:02,48E72952E8D2,23.244,67.4305,887.133,59
2024-02-25 05:00:27,867,2024-02-25 04:15:01,48E72952E8D2,23.245,66.8879,887.182,59
2024-02-25 05:15:05,868,2024-02-25 04:15:03,48E72952E8D2,23.0913,67.1058,887.54,58
2024-02-25 05:30:03,869,2024-02-25 04:30:01,48E72952E8D2,23.0397,67.0156,887.655,60
2024-02-25 05:45:05,870,2024-02-25 04:45:04,48E72952E8D2,23.1028,66.4109,887.511,59
2024-02-25 06:00:03,871,2024-02-25 05:00:03,48E72952E8D2,23.0044,66.4869,887.59,60
2024-02-25 06:14:46,872,2024-02-25 05:15:04,48E72952E8D2,23.0274,66.0622,887.479,58
2024-02-25 06:29:44,873,2024-02-25 05:30:01,48E72952E8D2,22.9838,65.9993,887.647,59
2024-02-25 06:44:46,874,2024-02-25 05:45:03,48E72952E8D2,22.9583,65.9166,887.819,60
2024-02-25 06:59:44,875,2024-02-25 06:00:00,48E72952E8D2,23.0511,65.4626,887.67,59
2024-02-25 07:14:48,876,2024-02-25 06:15:00,48E72952E8D2,23.0937,65.4596,887.58,60
2024-02-25 07:29:50,877,2024-02-25 06:30:02,48E72952E8D2,23.2234,65.6352,887.533,60
2024-02-25 07:44:53,878,2024-02-25 06:45:03,48E72952E8D2,23.5935,65.4917,887.03,59
2024-02-25 07:59:55,879,2024-02-25 07:00:02,48E72952E8D2,23.7688,65.4166,886.815,60
2024-02-25 08:00:22,880,2024-02-25 07:00:04,48E72952E8D2,23.89,64.04,886.735,2
2024-02-25 08:15:14,881,2024-02-25 07:15:00,48E72952E8D2,23.4251,64.2378,887.541,59
2024-02-25 08:30:12,882,2024-02-25 07:30:03,48E72952E8D2,22.8782,65.077,888.584,59
2024-02-25 08:45:04,883,2024-02-25 07:45:03,48E72952E8D2,22.6209,65.7545,889.132,59
2024-02-25 09:00:18,884,2024-02-25 08:15:04,48E72952E8D2,22.5246,66.2846,889.312,60
2024-02-25 09:15:16,885,2024-02-25 08:30:02,48E72952E8D2,22.5353,67.0071,889.412,60
2024-02-25 09:30:13,886,2024-02-25 08:45:00,48E72952E8D2,22.5907,67.6581,889.384,59
2024-02-25 09:45:16,887,2024-02-25 09:00:01,48E72952E8D2,22.7945,68.3219,889.133,60
2024-02-25 10:00:20,888,2024-02-25 09:00:02,48E72952E8D2,22.9135,68.7986,888.927,59
2024-02-25 10:15:17,889,2024-02-25 09:15:00,48E72952E8D2,22.9154,69.6809,888.963,60
2024-02-25 10:30:20,890,2024-02-25 09:30:02,48E72952E8D2,22.9245,70.5172,888.942,59
2024-02-25 10:45:22,891,2024-02-25 09:45:04,48E72952E8D2,22.9768,71.4056,888.835,60
2024-02-25 11:00:16,892,2024-02-25 10:00:03,48E72952E8D2,22.9862,72.2891,888.84,59
2024-02-25 11:15:13,893,2024-02-25 10:15:00,48E72952E8D2,23.0303,73.0358,888.704,59
2024-02-25 11:30:16,894,2024-02-25 10:30:02,48E72952E8D2,23.0877,73.7371,888.527,60
2024-02-25 11:45:19,895,2024-02-25 10:45:04,48E72952E8D2,23.1327,74.516,888.395,60
2024-02-25 12:00:07,896,2024-02-25 11:00:04,48E72952E8D2,23.2344,75.1363,888.089,58
2024-02-25 12:15:05,897,2024-02-25 11:15:01,48E72952E8D2,23.313,76.0142,887.755,60
2024-02-25 12:30:08,898,2024-02-25 11:30:02,48E72952E8D2,23.393,76.6707,887.371,59
2024-02-25 12:45:10,899,2024-02-25 11:45:03,48E72952E8D2,23.4638,77.2912,886.852,60
2024-02-25 12:59:59,900,2024-02-25 12:00:01,48E72952E8D2,23.5417,77.813,886.488,59
2024-02-25 13:15:01,901,2024-02-25 12:15:03,48E72952E8D2,23.61,78.2339,886.328,59
2024-02-25 13:29:59,902,2024-02-25 12:30:00,48E72952E8D2,23.6706,78.2346,886.092,60
2024-02-25 13:45:01,903,2024-02-25 12:45:01,48E72952E8D2,23.7004,78.23,885.904,59
2024-02-25 14:00:00,904,2024-02-25 13:00:02,48E72952E8D2,23.7476,78.3333,885.656,60
2024-02-25 14:14:58,905,2024-02-25 13:15:00,48E72952E8D2,23.7608,78.3241,885.461,59
2024-02-25 14:30:00,906,2024-02-25 13:30:03,48E72952E8D2,23.7136,78.1577,885.459,60
2024-02-25 14:44:58,907,2024-02-25 13:45:02,48E72952E8D2,23.6519,77.9532,885.514,59
2024-02-25 15:00:07,908,2024-02-25 14:00:04,48E72952E8D2,23.5886,77.8709,885.488,60
2024-02-25 15:15:04,909,2024-02-25 14:15:02,48E72952E8D2,23.5328,77.6888,885.526,59
2024-02-25 15:30:02,910,2024-02-25 14:30:00,48E72952E8D2,23.4321,77.482,885.585,60
2024-02-25 15:44:59,911,2024-02-25 14:45:00,48E72952E8D2,23.3151,77.1068,885.805,59
2024-02-25 16:00:08,912,2024-02-25 15:00:01,48E72952E8D2,23.1996,76.8474,885.962,60
2024-02-25 16:15:05,913,2024-02-25 15:15:00,48E72952E8D2,23.0836,76.8648,886.065,59
2024-02-25 16:30:08,914,2024-02-25 15:30:04,48E72952E8D2,23.0354,76.4335,886.094,60
2024-02-25 16:45:06,915,2024-02-25 15:45:04,48E72952E8D2,22.9631,75.8369,886.302,59
2024-02-25 17:00:14,916,2024-02-25 16:00:00,48E72952E8D2,23.1194,77.6067,886.169,60
2024-02-25 17:15:22,917,2024-02-25 16:15:02,48E72952E8D2,23.7986,76.9949,885.335,60
2024-02-25 17:30:29,918,2024-02-25 16:30:02,48E72952E8D2,24.2764,75.2372,884.661,60
2024-02-25 17:45:37,919,2024-02-25 16:45:00,48E72952E8D2,24.4886,73.9684,884.409,60
2024-02-25 18:00:41,920,2024-02-25 17:00:04,48E72952E8D2,24.5241,73.0467,884.494,60
2024-02-25 18:15:38,921,2024-02-25 17:15:02,48E72952E8D2,24.3987,71.7832,884.672,59
2024-02-25 18:30:36,922,2024-02-25 17:30:00,48E72952E8D2,24.3054,70.8564,884.99,60
2024-02-25 18:45:38,923,2024-02-25 17:45:04,48E72952E8D2,24.169,70.3383,884.935,59
2024-02-25 19:00:07,924,2024-02-25 18:00:00,48E72952E8D2,24.0006,70.0703,885.366,58
2024-02-25 19:15:09,925,2024-02-25 18:15:04,48E72952E8D2,23.886,69.7362,885.541,59
2024-02-25 19:30:07,926,2024-02-25 18:30:04,48E72952E8D2,23.7926,69.4024,885.915,60
2024-02-25 19:45:04,927,2024-02-25 18:45:04,48E72952E8D2,23.7574,68.9951,886.007,59
2024-02-25 19:59:33,928,2024-02-25 19:00:01,48E72952E8D2,23.7218,68.6544,886.283,57
2024-02-25 20:14:35,929,2024-02-25 19:15:04,48E72952E8D2,23.6295,68.521,886.51,60
2024-02-25 20:29:33,930,2024-02-25 19:30:02,48E72952E8D2,23.5811,68.3213,886.605,59
2024-02-25 20:44:30,931,2024-02-25 19:45:01,48E72952E8D2,23.5262,68.1721,886.772,60
2024-02-25 20:59:34,932,2024-02-25 20:00:03,48E72952E8D2,23.4755,68.0386,886.772,59
2024-02-25 21:14:32,933,2024-02-25 20:15:00,48E72952E8D2,23.4589,67.9047,886.82,60
2024-02-25 21:29:34,934,2024-02-25 20:30:04,48E72952E8D2,23.4426,67.7882,886.907,59
2024-02-25 21:44:32,935,2024-02-25 20:45:02,48E72952E8D2,23.2981,68.0462,887.171,60
2024-02-25 21:45:08,936,2024-02-25 20:45:01,48E72952E8D2,23.24,68.16,887.115,2
2024-02-25 22:00:11,937,2024-02-25 21:00:04,48E72952E8D2,23.1567,68.1979,887.151,60
2024-02-25 22:15:08,938,2024-02-25 21:15:02,48E72952E8D2,23.0931,68.1777,887.322,59
2024-02-25 22:30:06,939,2024-02-25 21:30:01,48E72952E8D2,23.0272,68.244,887.448,59
2024-02-25 22:30:43,940,2024-02-25 21:45:02,48E72952E8D2,23.0067,68.27,887.386,3
2024-02-25 22:45:40,941,2024-02-25 22:00:00,48E72952E8D2,22.9654,68.2466,887.426,59
2024-02-25 23:00:43,942,2024-02-25 22:15:04,48E72952E8D2,22.9226,68.1913,887.52,60
2024-02-25 23:15:40,943,2024-02-25 22:30:03,48E72952E8D2,22.8731,68.2082,887.676,59
2024-02-25 23:30:44,944,2024-02-25 22:45:03,48E72952E8D2,22.8224,68.1516,887.637,60
2024-02-25 23:45:41,945,2024-02-25 23:00:01,48E72952E8D2,22.7874,68.0933,887.665,59
2024-02-26 00:00:44,946,2024-02-25 23:15:04,48E72952E8D2,22.7488,68.0646,887.563,60
2024-02-26 00:15:41,947,2024-02-25 23:30:02,48E72952E8D2,22.7155,67.9561,887.344,59
2024-02-26 00:30:10,948,2024-02-25 23:30:03,48E72952E8D2,22.6564,68.0375,887.281,57
2024-02-26 00:45:08,949,2024-02-25 23:45:01,48E72952E8D2,22.6342,67.9239,887.257,60
2024-02-26 01:00:05,950,2024-02-26 00:00:00,48E72952E8D2,22.5696,68.0765,887.352,59
2024-02-26 01:15:08,951,2024-02-26 00:15:04,48E72952E8D2,22.5001,68.0527,887.346,60
2024-02-26 01:29:36,952,2024-02-26 00:30:04,48E72952E8D2,22.386,68.4722,887.525,57
2024-02-26 01:44:34,953,2024-02-26 00:45:02,48E72952E8D2,22.3682,68.3925,887.491,59
2024-02-26 01:59:31,954,2024-02-26 01:00:01,48E72952E8D2,22.3266,68.4017,887.655,60
2024-02-26 02:14:34,955,2024-02-26 01:15:04,48E72952E8D2,22.2942,68.3669,887.711,59
2024-02-26 02:29:32,956,2024-02-26 01:30:00,48E72952E8D2,22.2961,68.2208,887.579,60
2024-02-26 02:44:35,957,2024-02-26 01:45:03,48E72952E8D2,22.4013,67.9897,887.397,59
2024-02-26 02:59:32,958,2024-02-26 02:00:00,48E72952E8D2,22.4387,67.7334,887.316,60
2024-02-26 03:14:35,959,2024-02-26 02:15:02,48E72952E8D2,22.4942,67.2618,887.173,59
2024-02-26 03:15:12,960,2024-02-26 02:15:04,48E72952E8D2,22.5133,67.11,887.196,3
2024-02-26 03:30:09,961,2024-02-26 02:30:02,48E72952E8D2,22.5484,66.9184,887.283,59
2024-02-26 03:45:12,962,2024-02-26 02:45:04,48E72952E8D2,22.5414,66.7985,887.979,60
2024-02-26 04:00:09,963,2024-02-26 03:00:02,48E72952E8D2,22.4857,66.8945,888.292,59
2024-02-26 04:00:41,964,2024-02-26 03:15:00,48E72952E8D2,22.485,66.705,888.275,2
2024-02-26 04:15:43,965,2024-02-26 03:30:04,48E72952E8D2,22.4658,66.7464,887.834,60
2024-02-26 04:30:41,966,2024-02-26 03:45:03,48E72952E8D2,22.4157,66.8252,887.707,59
2024-02-26 04:45:38,967,2024-02-26 04:00:02,48E72952E8D2,22.3896,66.8233,887.811,59
2024-02-26 05:00:37,968,2024-02-26 04:15:02,48E72952E8D2,22.3372,66.8196,886.932,60
2024-02-26 05:15:35,969,2024-02-26 04:30:00,48E72952E8D2,22.2245,66.9878,886.809,59
2024-02-26 05:30:37,970,2024-02-26 04:45:03,48E72952E8D2,22.2014,66.8817,886.674,60
2024-02-26 05:45:35,971,2024-02-26 05:00:01,48E72952E8D2,22.1981,66.8594,886.576,59
2024-02-26 06:00:03,972,2024-02-26 05:00:01,48E72952E8D2,22.1913,66.9272,886.404,57
2024-02-26 06:15:06,973,2024-02-26 05:15:04,48E72952E8D2,22.2874,66.437,886.708,60
2024-02-26 06:30:03,974,2024-02-26 05:30:01,48E72952E8D2,22.2892,66.1467,886.745,59
2024-02-26 06:45:06,975,2024-02-26 05:45:04,48E72952E8D2,22.229,66.1646,886.811,60
2024-02-26 06:59:39,976,2024-02-26 06:00:02,48E72952E8D2,22.242,66.0315,887.059,58
2024-02-26 07:14:37,977,2024-02-26 06:15:00,48E72952E8D2,22.2208,66.1659,887.056,59
2024-02-26 07:29:39,978,2024-02-26 06:30:03,48E72952E8D2,22.2335,66.4032,887.297,60
2024-02-26 07:44:37,979,2024-02-26 06:45:01,48E72952E8D2,22.3092,66.4208,887.173,59
2024-02-26 07:59:41,980,2024-02-26 07:00:03,48E72952E8D2,22.3884,66.4033,886.985,60
2024-02-26 08:14:38,981,2024-02-26 07:15:03,48E72952E8D2,22.0943,68.2145,887.608,59
2024-02-26 08:29:31,982,2024-02-26 07:30:01,48E72952E8D2,21.6957,69.7448,888.54,59
2024-02-26 08:44:23,983,2024-02-26 07:45:00,48E72952E8D2,21.5076,69.4914,888.762,59
2024-02-26 08:44:55,984,2024-02-26 07:45:02,48E72952E8D2,21.44,69.25,888.89,2
2024-02-26 08:59:52,985,2024-02-26 08:00:00,48E72952E8D2,21.3699,69.0833,889.11,59
2024-02-26 09:14:55,986,2024-02-26 08:15:04,48E72952E8D2,21.2221,68.9534,890.434,60
2024-02-26 09:29:52,987,2024-02-26 08:30:03,48E72952E8D2,21.0743,68.7674,890.905,59
2024-02-26 09:30:39,988,2024-02-26 08:45:04,48E72952E8D2,21.0333,68.7033,890.83,3
2024-02-26 09:45:37,989,2024-02-26 09:00:03,48E72952E8D2,20.9878,68.7354,890.561,60
2024-02-26 10:00:34,990,2024-02-26 09:15:02,48E72952E8D2,20.8946,68.7521,890.668,59
2024-02-26 10:15:32,991,2024-02-26 09:30:01,48E72952E8D2,20.8639,68.9756,889.906,59
2024-02-26 10:15:48,992,2024-02-26 09:30:03,48E72952E8D2,20.88,69.17,889.75,1
2024-02-26 10:30:46,993,2024-02-26 09:45:00,48E72952E8D2,20.8797,69.0912,889.697,60
2024-02-26 10:45:48,994,2024-02-26 10:00:03,48E72952E8D2,20.8548,69.2309,889.936,59
2024-02-26 11:00:46,995,2024-02-26 10:15:01,48E72952E8D2,20.8719,69.3584,889.952,60
2024-02-26 11:15:24,996,2024-02-26 10:30:04,48E72952E8D2,20.8901,69.4754,890.403,58
2024-02-26 11:30:22,997,2024-02-26 10:45:01,48E72952E8D2,20.9204,69.4977,890.709,59
2024-02-26 11:45:24,998,2024-02-26 11:00:02,48E72952E8D2,21.0311,69.9435,890.167,60
2024-02-26 12:00:27,999,2024-02-26 11:15:03,48E72952E8D2,21.1706,70.4555,889.582,59
2024-02-26 12:14:50,1000,2024-02-26 11:15:03,48E72952E8D2,21.2136,70.5438,889.469,57
2024-02-26 12:29:48,1001,2024-02-26 11:30:01,48E72952E8D2,21.1966,70.4927,889.66,60
2024-02-26 12:44:50,1002,2024-02-26 11:45:04,48E72952E8D2,21.2048,70.2896,889.231,59
2024-02-26 12:59:48,1003,2024-02-26 12:00:02,48E72952E8D2,21.2153,70.3001,888.807,60
2024-02-26 13:14:32,1004,2024-02-26 12:15:04,48E72952E8D2,21.1922,70.3799,888.415,58
2024-02-26 13:29:29,1005,2024-02-26 12:30:01,48E72952E8D2,21.2583,70.3369,887.711,59
2024-02-26 13:44:32,1006,2024-02-26 12:45:02,48E72952E8D2,21.3485,70.5944,887.016,60
2024-02-26 13:59:34,1007,2024-02-26 13:00:04,48E72952E8D2,21.4199,70.9623,886.659,60
2024-02-26 13:59:56,1008,2024-02-26 13:00:04,48E72952E8D2,21.44,71.04,886.59,1
2024-02-26 14:14:53,1009,2024-02-26 13:15:02,48E72952E8D2,21.4883,70.9891,886.329,59
2024-02-26 14:29:56,1010,2024-02-26 13:30:04,48E72952E8D2,21.5171,71.0779,885.969,60
2024-02-26 14:44:53,1011,2024-02-26 13:45:01,48E72952E8D2,21.5328,71.1689,885.672,59
2024-02-26 14:45:25,1012,2024-02-26 14:00:00,48E72952E8D2,21.52,71.565,885.665,2
2024-02-26 15:00:28,1013,2024-02-26 14:15:02,48E72952E8D2,21.5487,71.29,885.595,60
2024-02-26 15:15:25,1014,2024-02-26 14:30:00,48E72952E8D2,21.5623,71.1865,885.526,59
2024-02-26 15:30:28,1015,2024-02-26 14:45:02,48E72952E8D2,21.5431,71.4174,885.32,60
2024-02-26 15:30:44,1016,2024-02-26 14:45:04,48E72952E8D2,21.53,71.42,885.26,1
2024-02-26 15:45:42,1017,2024-02-26 15:00:02,48E72952E8D2,21.5304,71.4921,885.283,59
2024-02-26 16:00:39,1018,2024-02-26 15:15:00,48E72952E8D2,21.5041,71.1819,885.282,60
2024-02-26 16:15:42,1019,2024-02-26 15:30:04,48E72952E8D2,21.3968,71.0729,885.665,59
2024-02-26 16:30:20,1020,2024-02-26 15:45:00,48E72952E8D2,21.3091,70.9851,885.554,58
2024-02-26 16:45:23,1021,2024-02-26 16:00:04,48E72952E8D2,21.2566,70.8309,885.572,60
2024-02-26 17:00:20,1022,2024-02-26 16:15:01,48E72952E8D2,21.3379,71.7127,885.6,59
2024-02-26 17:15:23,1023,2024-02-26 16:30:03,48E72952E8D2,21.5681,73.2119,885.437,60
2024-02-26 17:29:52,1024,2024-02-26 16:30:03,48E72952E8D2,21.9412,72.0363,884.914,57
2024-02-26 17:44:54,1025,2024-02-26 16:45:03,48E72952E8D2,22.2887,70.4901,884.19,60
2024-02-26 17:59:57,1026,2024-02-26 17:00:02,48E72952E8D2,22.4457,69.7564,883.634,60
2024-02-26 18:15:04,1027,2024-02-26 17:15:03,48E72952E8D2,22.5236,68.8405,883.583,60
2024-02-26 18:29:48,1028,2024-02-26 17:30:01,48E72952E8D2,22.385,68.9285,883.923,58
2024-02-26 18:44:45,1029,2024-02-26 17:45:00,48E72952E8D2,22.256,68.9081,884.021,59
2024-02-26 18:59:48,1030,2024-02-26 18:00:04,48E72952E8D2,22.1254,69.0116,884.024,60
2024-02-26 19:14:45,1031,2024-02-26 18:15:04,48E72952E8D2,22.127,68.5787,884.024,59
2024-02-26 19:29:49,1032,2024-02-26 18:30:02,48E72952E8D2,22.6156,66.1756,883.593,60
2024-02-26 19:44:52,1033,2024-02-26 18:45:03,48E72952E8D2,22.7501,65.4388,882.853,60
2024-02-26 19:59:54,1034,2024-02-26 19:00:04,48E72952E8D2,22.8655,64.6333,882.336,59
2024-02-26 20:14:52,1035,2024-02-26 19:15:00,48E72952E8D2,22.8739,64.3752,882.454,60
2024-02-26 20:15:13,1036,2024-02-26 19:15:01,48E72952E8D2,22.93,64.15,881.93,1
2024-02-26 20:30:16,1037,2024-02-26 19:30:03,48E72952E8D2,22.9328,64.1609,881.966,60
2024-02-26 20:45:13,1038,2024-02-26 19:45:00,48E72952E8D2,22.9847,63.9202,881.847,59
2024-02-26 21:00:16,1039,2024-02-26 20:00:02,48E72952E8D2,23.0352,63.7101,881.853,60
2024-02-26 21:00:33,1040,2024-02-26 20:15:02,48E72952E8D2,23.02,63.91,881.98,1
2024-02-26 21:15:35,1041,2024-02-26 20:30:04,48E72952E8D2,23.1435,63.5676,881.812,59
2024-02-26 21:30:33,1042,2024-02-26 20:45:00,48E72952E8D2,23.1669,63.4589,881.794,60
2024-02-26 21:45:35,1043,2024-02-26 21:00:02,48E72952E8D2,23.1526,63.5816,882.069,59
2024-02-26 22:00:29,1044,2024-02-26 21:15:04,48E72952E8D2,23.1516,63.5003,882.111,59
2024-02-26 22:15:26,1045,2024-02-26 21:30:03,48E72952E8D2,23.1572,63.4453,882.096,60
2024-02-26 22:30:24,1046,2024-02-26 21:45:01,48E72952E8D2,23.1723,63.3104,881.961,59
2024-02-26 22:45:21,1047,2024-02-26 22:00:01,48E72952E8D2,23.046,63.7184,881.945,59
2024-02-26 22:59:55,1048,2024-02-26 22:00:03,48E72952E8D2,23.027,63.8218,882.038,58
2024-02-26 23:14:52,1049,2024-02-26 22:15:00,48E72952E8D2,23.162,63.1234,882.105,59
2024-02-26 23:29:55,1050,2024-02-26 22:30:02,48E72952E8D2,23.2546,62.5561,881.637,60
2024-02-26 23:44:57,1051,2024-02-26 22:45:04,48E72952E8D2,23.2632,62.4124,881.292,60
2024-02-26 23:59:41,1052,2024-02-26 23:00:00,48E72952E8D2,23.2317,62.6218,881.547,58
2024-02-27 00:14:44,1053,2024-02-26 23:15:04,48E72952E8D2,22.9806,66.3648,882.086,60
2024-02-27 00:29:36,1054,2024-02-26 23:30:01,48E72952E8D2,22.5074,70.2828,882.795,59
2024-02-27 00:44:34,1055,2024-02-26 23:45:04,48E72952E8D2,22.5269,71.1241,882.699,59
2024-02-27 00:59:42,1056,2024-02-27 00:00:00,48E72952E8D2,22.6979,70.3492,882.039,60
2024-02-27 01:14:45,1057,2024-02-27 00:15:01,48E72952E8D2,22.7827,71.0848,882.032,60
2024-02-27 01:29:47,1058,2024-02-27 00:30:03,48E72952E8D2,22.7423,71.6833,882.432,59
2024-02-27 01:44:45,1059,2024-02-27 00:45:00,48E72952E8D2,22.6034,72.3869,882.426,60
2024-02-27 01:45:22,1060,2024-02-27 00:45:04,48E72952E8D2,22.685,71.765,882.24,2
2024-02-27 02:00:19,1061,2024-02-27 01:00:01,48E72952E8D2,22.825,71.1085,882.141,59
2024-02-27 02:15:22,1062,2024-02-27 01:15:03,48E72952E8D2,22.7842,72.0312,882.168,60
2024-02-27 02:30:19,1063,2024-02-27 01:30:01,48E72952E8D2,22.5945,72.855,882.213,59
2024-02-27 02:30:41,1064,2024-02-27 01:45:00,48E72952E8D2,22.535,73.7,882.14,2
2024-02-27 02:45:43,1065,2024-02-27 02:00:03,48E72952E8D2,22.5945,72.7675,881.991,59
2024-02-27 03:00:41,1066,2024-02-27 02:15:00,48E72952E8D2,22.8029,71.7964,881.737,60
2024-02-27 03:15:43,1067,2024-02-27 02:30:02,48E72952E8D2,22.9396,71.0126,881.413,59
2024-02-27 03:30:32,1068,2024-02-27 02:45:02,48E72952E8D2,23.0975,70.0428,881.034,59
2024-02-27 03:45:35,1069,2024-02-27 03:00:04,48E72952E8D2,23.1149,69.6334,880.933,60
2024-02-27 04:00:32,1070,2024-02-27 03:15:00,48E72952E8D2,23.176,69.0907,880.73,59
2024-02-27 04:15:35,1071,2024-02-27 03:30:01,48E72952E8D2,23.2814,68.4274,880.513,60
2024-02-27 04:29:58,1072,2024-02-27 03:30:01,48E72952E8D2,23.2375,68.3615,880.527,57
2024-02-27 04:45:01,1073,2024-02-27 03:45:04,48E72952E8D2,23.2808,67.9491,880.479,59
2024-02-27 04:59:58,1074,2024-02-27 04:00:01,48E72952E8D2,23.2346,68.1187,880.751,60
2024-02-27 05:15:01,1075,2024-02-27 04:15:03,48E72952E8D2,23.3631,67.5269,880.479,59
2024-02-27 05:29:34,1076,2024-02-27 04:30:02,48E72952E8D2,23.3507,67.4296,880.512,58
2024-02-27 05:44:37,1077,2024-02-27 04:45:04,48E72952E8D2,23.4202,66.9114,880.48,60
2024-02-27 05:59:34,1078,2024-02-27 05:00:02,48E72952E8D2,23.4677,66.6096,880.543,59
2024-02-27 06:14:37,1079,2024-02-27 05:15:04,48E72952E8D2,23.5491,66.1956,880.619,60
2024-02-27 06:29:46,1080,2024-02-27 05:30:03,48E72952E8D2,23.5221,66.1658,880.786,60
2024-02-27 06:44:43,1081,2024-02-27 05:45:01,48E72952E8D2,23.5807,65.743,880.935,59
2024-02-27 06:59:46,1082,2024-02-27 06:00:03,48E72952E8D2,23.5959,65.5055,881.206,60
2024-02-27 07:14:43,1083,2024-02-27 06:15:00,48E72952E8D2,23.6499,65.1381,881.099,59
2024-02-27 07:15:15,1084,2024-02-27 06:15:02,48E72952E8D2,23.665,65.08,881.17,2
2024-02-27 07:30:12,1085,2024-02-27 06:30:00,48E72952E8D2,23.605,65.2174,881.325,59
2024-02-27 07:45:15,1086,2024-02-27 06:45:03,48E72952E8D2,23.6176,65.1212,881.372,60
2024-02-27 08:00:12,1087,2024-02-27 07:00:01,48E72952E8D2,23.5831,64.6216,881.844,59
2024-02-27 08:00:39,1088,2024-02-27 07:15:04,48E72952E8D2,23.845,62.92,881.715,2
2024-02-27 08:15:31,1089,2024-02-27 07:30:00,48E72952E8D2,23.468,61.952,882.237,59
2024-02-27 08:30:29,1090,2024-02-27 07:45:03,48E72952E8D2,22.9155,62.9107,883.025,59
2024-02-27 08:45:21,1091,2024-02-27 08:00:04,48E72952E8D2,22.6673,63.4459,883.578,59
2024-02-27 09:00:15,1092,2024-02-27 08:15:00,48E72952E8D2,22.5662,63.9113,884.029,59
2024-02-27 09:15:18,1093,2024-02-27 08:30:04,48E72952E8D2,22.5389,64.1307,884.193,60
2024-02-27 09:30:15,1094,2024-02-27 08:45:01,48E72952E8D2,22.529,64.1676,884.122,59
2024-02-27 09:45:13,1095,2024-02-27 09:00:00,48E72952E8D2,22.4801,64.3849,884.159,60
2024-02-27 10:00:01,1096,2024-02-27 09:00:04,48E72952E8D2,22.4813,64.7278,883.94,58
2024-02-27 10:14:59,1097,2024-02-27 09:15:01,48E72952E8D2,22.5371,65.0814,883.813,60
2024-02-27 10:30:01,1098,2024-02-27 09:30:03,48E72952E8D2,22.533,65.814,883.796,59
2024-02-27 10:44:59,1099,2024-02-27 09:45:00,48E72952E8D2,22.58,66.6685,883.597,60
2024-02-27 10:59:53,1100,2024-02-27 10:00:01,48E72952E8D2,22.6456,67.6342,883.675,59
2024-02-27 11:14:55,1101,2024-02-27 10:15:04,48E72952E8D2,22.6391,68.7829,884.048,59
2024-02-27 11:29:53,1102,2024-02-27 10:30:02,48E72952E8D2,22.6391,69.4363,884.26,60
2024-02-27 11:44:50,1103,2024-02-27 10:45:00,48E72952E8D2,22.6251,69.4874,884.379,59
2024-02-27 11:59:59,1104,2024-02-27 11:00:01,48E72952E8D2,22.5849,69.449,884.408,60
2024-02-27 12:15:02,1105,2024-02-27 11:15:04,48E72952E8D2,22.5915,69.4597,884.396,60
2024-02-27 12:29:59,1106,2024-02-27 11:30:01,48E72952E8D2,22.5887,69.9148,884.3,59
2024-02-27 12:45:02,1107,2024-02-27 11:45:03,48E72952E8D2,22.5674,70.1261,884.196,60
2024-02-27 12:45:18,1108,2024-02-27 11:45:01,48E72952E8D2,22.55,70.37,884.08,1
2024-02-27 13:00:21,1109,2024-02-27 12:00:04,48E72952E8D2,22.578,70.2611,883.898,59
2024-02-27 13:15:18,1110,2024-02-27 12:15:01,48E72952E8D2,22.5957,70.6769,883.635,60
2024-02-27 13:30:21,1111,2024-02-27 12:30:03,48E72952E8D2,22.6692,70.9892,883.468,59
2024-02-27 13:45:25,1112,2024-02-27 13:00:00,48E72952E8D2,22.6807,71.054,883.201,60
2024-02-27 14:00:27,1113,2024-02-27 13:15:03,48E72952E8D2,22.6092,71.2692,883.17,60
2024-02-27 14:15:25,1114,2024-02-27 13:30:02,48E72952E8D2,22.6236,71.2932,882.894,59
2024-02-27 14:30:22,1115,2024-02-27 13:45:00,48E72952E8D2,22.6114,71.4841,882.806,59
2024-02-27 14:45:11,1116,2024-02-27 13:45:03,48E72952E8D2,22.6363,71.6243,882.669,59
2024-02-27 15:00:09,1117,2024-02-27 14:00:00,48E72952E8D2,22.6336,71.6862,882.658,59
2024-02-27 15:15:11,1118,2024-02-27 14:15:03,48E72952E8D2,22.6106,71.5501,882.698,60
2024-02-27 15:30:09,1119,2024-02-27 14:30:00,48E72952E8D2,22.6016,71.3513,882.758,59
2024-02-27 15:44:52,1120,2024-02-27 14:45:01,48E72952E8D2,22.5712,71.3589,882.946,59
2024-02-27 15:59:50,1121,2024-02-27 15:00:00,48E72952E8D2,22.5639,71.3264,882.894,59
2024-02-27 16:14:52,1122,2024-02-27 15:15:04,48E72952E8D2,22.5314,71.8926,882.943,60
2024-02-27 16:29:50,1123,2024-02-27 15:30:03,48E72952E8D2,22.5548,71.7199,882.888,59
2024-02-27 16:44:49,1124,2024-02-27 15:45:01,48E72952E8D2,22.5484,72.1791,882.877,59
2024-02-27 16:59:51,1125,2024-02-27 16:00:02,48E72952E8D2,22.8979,76.842,882.306,60
2024-02-27 17:14:54,1126,2024-02-27 16:15:01,48E72952E8D2,23.3236,75.8147,881.647,60
2024-02-27 17:30:01,1127,2024-02-27 16:30:03,48E72952E8D2,23.5927,74.3576,881.307,60
2024-02-27 17:30:18,1128,2024-02-27 16:30:00,48E72952E8D2,23.66,73.85,881.17,1
2024-02-27 17:45:20,1129,2024-02-27 16:45:03,48E72952E8D2,23.7227,73.3575,881.067,59
2024-02-27 18:00:18,1130,2024-02-27 17:00:01,48E72952E8D2,23.6537,72.7199,881.25,60
2024-02-27 18:15:20,1131,2024-02-27 17:15:03,48E72952E8D2,23.5211,70.4077,881.478,59
2024-02-27 18:30:29,1132,2024-02-27 17:45:04,48E72952E8D2,23.4314,68.9529,881.781,60
2024-02-27 18:45:27,1133,2024-02-27 18:00:02,48E72952E8D2,23.4571,67.3323,881.724,60
2024-02-27 19:00:24,1134,2024-02-27 18:15:00,48E72952E8D2,23.4507,66.4438,881.801,59
2024-02-27 19:15:27,1135,2024-02-27 18:30:02,48E72952E8D2,24.1848,63.7704,880.711,60
2024-02-27 19:30:16,1136,2024-02-27 18:30:03,48E72952E8D2,24.4296,62.6955,880.383,58
2024-02-27 19:45:13,1137,2024-02-27 18:45:02,48E72952E8D2,24.0325,63.5768,881.24,60
2024-02-27 20:00:11,1138,2024-02-27 19:00:02,48E72952E8D2,23.9767,63.3062,881.447,59
2024-02-27 20:15:08,1139,2024-02-27 19:15:00,48E72952E8D2,24.1119,62.5601,881.45,59
2024-02-27 20:29:47,1140,2024-02-27 19:30:00,48E72952E8D2,24.1404,62.2765,881.742,58
2024-02-27 20:44:49,1141,2024-02-27 19:45:03,48E72952E8D2,24.1591,62.1557,881.827,60
2024-02-27 20:59:47,1142,2024-02-27 20:00:01,48E72952E8D2,24.1947,62.0498,881.862,59
2024-02-27 21:14:44,1143,2024-02-27 20:15:00,48E72952E8D2,24.0329,62.5619,882.275,60
2024-02-27 21:29:43,1144,2024-02-27 20:30:02,48E72952E8D2,23.8644,62.9562,882.726,59
2024-02-27 21:44:40,1145,2024-02-27 20:45:00,48E72952E8D2,23.816,62.8788,882.874,59
2024-02-27 21:59:43,1146,2024-02-27 21:00:05,48E72952E8D2,23.7745,62.7156,883.087,60
2024-02-27 22:14:40,1147,2024-02-27 21:15:04,48E72952E8D2,23.7411,62.5659,883.302,59
2024-02-27 22:15:02,1148,2024-02-27 21:15:00,48E72952E8D2,23.71,62.59,883.3,2
2024-02-27 22:30:05,1149,2024-02-27 21:30:03,48E72952E8D2,23.7191,62.4403,883.344,59
2024-02-27 22:45:02,1150,2024-02-27 21:45:01,48E72952E8D2,23.7174,62.3101,883.413,60
2024-02-27 23:00:05,1151,2024-02-27 22:00:04,48E72952E8D2,23.696,62.2501,883.486,59
2024-02-27 23:00:31,1152,2024-02-27 22:15:01,48E72952E8D2,23.69,62.19,883.565,2
2024-02-27 23:15:34,1153,2024-02-27 22:30:04,48E72952E8D2,23.7226,62.1384,883.632,60
2024-02-27 23:30:31,1154,2024-02-27 22:45:02,48E72952E8D2,23.725,62.086,883.45,59
2024-02-27 23:45:29,1155,2024-02-27 23:00:00,48E72952E8D2,23.6865,61.9579,883.359,59
2024-02-28 00:00:33,1156,2024-02-27 23:15:02,48E72952E8D2,23.6264,61.6873,883.559,60
2024-02-28 00:15:30,1157,2024-02-27 23:30:00,48E72952E8D2,23.5533,61.422,883.732,59
2024-02-28 00:30:33,1158,2024-02-27 23:45:04,48E72952E8D2,23.4929,61.2349,883.707,60
2024-02-28 00:45:30,1159,2024-02-28 00:00:03,48E72952E8D2,23.437,61.1491,883.818,59
2024-02-28 01:00:09,1160,2024-02-28 00:00:01,48E72952E8D2,23.3909,61.0046,883.782,58
2024-02-28 01:15:11,1161,2024-02-28 00:15:03,48E72952E8D2,23.3492,60.8781,883.884,60
2024-02-28 01:30:09,1162,2024-02-28 00:30:01,48E72952E8D2,23.2914,60.8593,883.987,59
2024-02-28 01:45:06,1163,2024-02-28 00:45:00,48E72952E8D2,23.2418,60.8181,883.972,60
2024-02-28 01:59:45,1164,2024-02-28 01:00:03,48E72952E8D2,23.2066,60.6844,883.948,58
2024-02-28 02:14:47,1165,2024-02-28 01:15:03,48E72952E8D2,23.5414,59.446,883.406,59
2024-02-28 02:29:50,1166,2024-02-28 01:30:02,48E72952E8D2,23.7265,58.6146,882.988,60
2024-02-28 02:44:52,1167,2024-02-28 01:45:01,48E72952E8D2,23.7041,58.5358,882.792,60
2024-02-28 02:59:51,1168,2024-02-28 02:00:00,48E72952E8D2,23.7181,58.4018,882.735,59
2024-02-28 03:14:54,1169,2024-02-28 02:15:01,48E72952E8D2,23.9592,57.6716,882.408,60
2024-02-28 03:29:56,1170,2024-02-28 02:30:00,48E72952E8D2,24.4102,56.3096,881.694,59
2024-02-28 03:45:04,1171,2024-02-28 02:45:03,48E72952E8D2,24.6117,55.8581,881.383,60
2024-02-28 03:45:21,1172,2024-02-28 02:45:03,48E72952E8D2,24.62,56.02,881.42,1
2024-02-28 04:00:18,1173,2024-02-28 03:00:00,48E72952E8D2,24.7201,55.9174,881.25,60
2024-02-28 04:15:20,1174,2024-02-28 03:15:01,48E72952E8D2,24.8205,55.9444,881.115,59
2024-02-28 04:30:23,1175,2024-02-28 03:30:01,48E72952E8D2,24.9442,55.8231,880.97,60
2024-02-28 04:45:27,1176,2024-02-28 04:00:01,48E72952E8D2,25.0079,55.8215,880.867,60
2024-02-28 05:00:29,1177,2024-02-28 04:15:03,48E72952E8D2,25.0218,55.8268,880.929,59
2024-02-28 05:15:27,1178,2024-02-28 04:30:00,48E72952E8D2,25.0862,55.5911,880.93,60
2024-02-28 05:30:29,1179,2024-02-28 04:45:02,48E72952E8D2,25.1282,55.4612,880.985,59
2024-02-28 05:45:13,1180,2024-02-28 04:45:00,48E72952E8D2,25.1611,55.4124,880.917,59
2024-02-28 06:00:15,1181,2024-02-28 05:00:02,48E72952E8D2,25.1847,55.2952,880.844,59
2024-02-28 06:15:13,1182,2024-02-28 05:15:00,48E72952E8D2,25.1396,55.2769,880.918,60
2024-02-28 06:30:15,1183,2024-02-28 05:30:02,48E72952E8D2,25.1643,55.0291,880.846,59
2024-02-28 06:44:55,1184,2024-02-28 05:45:02,48E72952E8D2,25.174,54.9357,880.842,58
2024-02-28 06:59:57,1185,2024-02-28 06:00:01,48E72952E8D2,25.8582,53.0345,879.886,60
2024-02-28 07:14:59,1186,2024-02-28 06:15:02,48E72952E8D2,25.0124,55.2033,881.228,60
2024-02-28 07:29:57,1187,2024-02-28 06:30:00,48E72952E8D2,24.5101,57.7483,882.064,59
2024-02-28 07:44:50,1188,2024-02-28 06:45:02,48E72952E8D2,24.9317,57.4125,881.437,59
2024-02-28 07:59:53,1189,2024-02-28 07:00:01,48E72952E8D2,25.4722,56.8985,880.544,60
2024-02-28 08:14:50,1190,2024-02-28 07:15:00,48E72952E8D2,24.6765,59.5756,881.721,59
2024-02-28 08:29:43,1191,2024-02-28 07:30:00,48E72952E8D2,23.5341,63.3891,883.574,59
2024-02-28 08:44:52,1192,2024-02-28 07:45:00,48E72952E8D2,23.189,64.5519,884.35,60
2024-02-28 08:59:49,1193,2024-02-28 08:00:00,48E72952E8D2,22.9221,64.942,884.809,59
2024-02-28 09:14:47,1194,2024-02-28 08:15:01,48E72952E8D2,22.7263,65.0604,885.087,60
2024-02-28 09:29:44,1195,2024-02-28 08:30:04,48E72952E8D2,22.6289,65.1021,885.268,59
2024-02-28 09:30:11,1196,2024-02-28 08:30:03,48E72952E8D2,22.6,65.02,885.35,2
2024-02-28 09:45:08,1197,2024-02-28 08:45:00,48E72952E8D2,22.6124,64.8528,885.353,59
