2023-12-13 08:42:05,9067,2023-12-13 08:42:01,48E7295552AD,30.5,28.0,26.88,31.25,26.81,29.0,29.0,28.36,27.77,27.69
2023-12-13 08:45:08,9068,2023-12-13 08:45:04,48E7295552AD,29.69,26.94,26.5,30.62,26.56,28.94,28.95,28.31,27.75,27.67
2023-12-13 08:48:05,9069,2023-12-13 08:48:02,48E7295552AD,30.25,28.0,26.81,30.81,26.75,28.94,28.94,28.3,27.75,27.66
2023-12-13 08:51:07,9070,2023-12-13 08:51:05,48E7295552AD,30.69,28.06,27.0,32.0,27.0,28.91,28.94,28.27,27.69,27.64
2023-12-13 08:54:05,9071,2023-12-13 08:54:02,48E7295552AD,30.19,28.06,26.94,30.25,27.0,28.91,28.94,28.27,27.69,27.62
2023-12-13 08:57:02,9072,2023-12-13 08:57:00,48E7295552AD,30.31,28.12,27.0,30.5,26.88,28.88,28.89,28.25,27.69,27.62
2023-12-13 09:00:04,9073,2023-12-13 09:00:03,48E7295552AD,30.69,28.12,27.0,30.62,27.0,28.86,28.88,28.23,27.64,27.58
2023-12-13 09:03:02,9074,2023-12-13 09:03:01,48E7295552AD,30.75,28.0,27.0,31.0,27.0,28.88,28.88,28.23,27.62,27.58
2023-12-13 09:06:04,9075,2023-12-13 09:06:04,48E7295552AD,30.5,28.12,27.0,30.12,27.0,28.88,28.86,28.23,27.66,27.56
2023-12-13 09:09:01,9076,2023-12-13 09:09:01,48E7295552AD,31.19,28.25,27.19,31.19,27.0,28.91,28.84,28.23,27.67,27.59
2023-12-13 09:12:04,9077,2023-12-13 09:12:04,48E7295552AD,30.31,28.19,27.12,29.81,27.0,28.89,28.88,28.25,27.67,27.58
2023-12-13 09:15:01,9078,2023-12-13 09:15:02,48E7295552AD,30.5,28.12,27.0,30.12,26.94,28.88,28.89,28.25,27.67,27.61
2023-12-13 09:17:58,9079,2023-12-13 09:18:00,48E7295552AD,30.94,28.19,27.06,31.06,27.0,28.91,28.88,28.25,27.67,27.56
2023-12-13 09:21:07,9080,2023-12-13 09:21:02,48E7295552AD,29.75,27.81,26.56,28.81,26.75,28.91,28.88,28.25,27.67,27.62
2023-12-13 09:24:05,9081,2023-12-13 09:24:00,48E7295552AD,30.44,28.25,27.06,29.94,27.0,28.89,28.91,28.23,27.67,27.59
2023-12-13 09:27:07,9082,2023-12-13 09:27:02,48E7295552AD,30.12,28.12,27.0,29.75,27.0,28.88,28.89,28.25,27.67,27.58
2023-12-13 09:30:05,9083,2023-12-13 09:30:00,48E7295552AD,31.0,28.31,27.06,31.0,27.19,28.91,28.89,28.27,27.67,27.61
2023-12-13 09:33:07,9084,2023-12-13 09:33:02,48E7295552AD,30.88,28.12,29.62,30.31,26.75,28.94,28.91,28.25,27.72,27.62
2023-12-13 09:36:04,9085,2023-12-13 09:36:00,48E7295552AD,31.44,28.25,26.88,31.38,27.0,28.88,28.88,28.23,27.67,27.58
2023-12-13 09:39:07,9086,2023-12-13 09:39:03,48E7295552AD,30.25,28.12,27.0,29.56,27.06,28.88,28.86,28.25,27.69,27.62
2023-12-13 09:42:04,9087,2023-12-13 09:42:00,48E7295552AD,30.25,28.19,26.94,30.38,27.0,28.88,28.88,28.25,27.69,27.61
2023-12-13 09:45:07,9088,2023-12-13 09:45:03,48E7295552AD,30.88,28.62,27.25,31.44,27.25,28.92,28.88,28.27,27.69,27.62
2023-12-13 09:48:04,9089,2023-12-13 09:48:00,48E7295552AD,30.62,28.38,27.25,30.0,27.19,28.94,28.92,28.27,27.69,27.62
2023-12-13 09:51:06,9090,2023-12-13 09:51:03,48E7295552AD,30.75,28.38,27.0,31.0,27.06,28.94,28.94,28.28,27.7,27.64
2023-12-13 09:54:04,9091,2023-12-13 09:54:00,48E7295552AD,30.5,28.33,27.06,30.19,27.19,28.94,28.94,28.28,27.73,27.62
2023-12-13 09:57:06,9092,2023-12-13 09:57:03,48E7295552AD,30.81,28.58,27.06,31.0,27.25,28.94,28.94,28.31,27.72,27.66
2023-12-13 10:00:04,9093,2023-12-13 10:00:00,48E7295552AD,30.19,28.31,27.0,29.81,27.0,28.95,28.94,28.3,27.72,27.66
2023-12-13 10:03:06,9094,2023-12-13 10:03:03,48E7295552AD,30.38,28.44,27.0,30.25,27.19,28.94,28.94,28.31,27.7,27.64
2023-12-13 10:06:03,9095,2023-12-13 10:06:00,48E7295552AD,31.25,28.44,27.12,31.5,27.19,28.94,28.94,28.31,27.75,27.69
2023-12-13 10:09:06,9096,2023-12-13 10:09:03,48E7295552AD,29.81,27.83,26.56,29.31,26.88,28.97,28.94,28.31,27.75,27.69
2023-12-13 10:12:03,9097,2023-12-13 10:12:00,48E7295552AD,30.31,28.31,26.94,30.38,27.19,28.94,28.97,28.31,27.75,27.67
2023-12-13 10:15:06,9098,2023-12-13 10:15:03,48E7295552AD,30.69,28.44,26.94,30.69,27.25,28.94,28.95,28.31,27.75,27.66
2023-12-13 10:18:03,9099,2023-12-13 10:18:00,48E7295552AD,30.62,28.56,27.0,30.75,27.19,28.95,28.97,28.31,27.73,27.67
2023-12-13 10:21:07,9100,2023-12-13 10:21:01,48E7295552AD,29.69,27.88,26.5,29.12,26.81,28.94,28.94,28.33,27.75,27.67
2023-12-13 10:24:09,9101,2023-12-13 10:24:03,48E7295552AD,30.75,28.69,27.25,30.88,27.25,28.95,28.95,28.31,27.75,27.69
2023-12-13 10:27:07,9102,2023-12-13 10:27:00,48E7295552AD,30.88,28.42,27.0,32.31,27.25,28.95,28.96,28.31,27.75,27.69
2023-12-13 10:30:09,9103,2023-12-13 10:30:03,48E7295552AD,30.5,28.38,27.19,30.56,27.19,28.95,28.98,28.31,27.75,27.67
2023-12-13 10:33:06,9104,2023-12-13 10:33:00,48E7295552AD,30.06,28.31,26.75,29.38,26.94,28.97,28.98,28.33,27.75,27.66
2023-12-13 10:36:09,9105,2023-12-13 10:36:02,48E7295552AD,30.31,28.5,27.25,30.06,27.38,28.94,28.97,28.34,27.75,27.69
2023-12-13 10:39:06,9106,2023-12-13 10:39:00,48E7295552AD,30.56,28.56,27.0,30.25,27.25,28.95,28.95,28.31,27.72,27.64
2023-12-13 10:42:09,9107,2023-12-13 10:42:02,48E7295552AD,30.69,28.38,27.0,31.0,27.25,28.94,28.94,28.31,27.73,27.66
2023-12-13 10:45:11,9108,2023-12-13 10:45:05,48E7295552AD,30.44,28.5,27.0,31.19,27.25,28.94,28.94,28.31,27.73,27.66
2023-12-13 10:48:08,9109,2023-12-13 10:48:02,48E7295552AD,30.5,28.56,27.0,31.0,27.25,28.95,28.97,28.31,27.75,27.69
2023-12-13 10:51:11,9110,2023-12-13 10:51:04,48E7295552AD,31.19,28.62,27.19,31.88,27.38,28.97,28.94,28.31,27.75,27.67
2023-12-13 10:54:08,9111,2023-12-13 10:54:01,48E7295552AD,30.75,28.83,27.25,30.44,27.25,28.97,28.94,28.3,27.75,27.66
2023-12-13 10:57:11,9112,2023-12-13 10:57:03,48E7295552AD,31.81,28.83,27.38,32.38,27.44,29.0,28.98,28.34,27.8,27.69
2023-12-13 11:00:08,9113,2023-12-13 11:00:01,48E7295552AD,31.0,28.94,27.44,30.5,27.5,29.0,29.0,28.34,27.8,27.72
2023-12-13 11:03:11,9114,2023-12-13 11:03:03,48E7295552AD,31.25,28.94,27.44,31.62,27.5,29.02,29.0,28.36,27.8,27.73
2023-12-13 11:06:08,9115,2023-12-13 11:06:00,48E7295552AD,30.75,29.0,27.44,31.62,27.5,29.06,29.03,28.36,27.81,27.75
2023-12-13 11:09:10,9116,2023-12-13 11:09:02,48E7295552AD,30.62,29.0,27.31,30.44,27.44,29.06,29.06,28.41,27.81,27.77
2023-12-13 11:12:13,9117,2023-12-13 11:12:05,48E7295552AD,31.75,28.94,27.44,32.44,27.75,29.06,29.06,28.44,27.81,27.8
2023-12-13 11:15:10,9118,2023-12-13 11:15:02,48E7295552AD,31.0,29.0,27.38,30.5,27.5,29.08,29.08,28.44,27.81,27.81
2023-12-13 11:18:13,9119,2023-12-13 11:18:04,48E7295552AD,31.25,28.81,27.25,32.31,27.75,29.11,29.09,28.44,27.81,27.81
2023-12-13 11:21:06,9120,2023-12-13 11:21:01,48E7295552AD,31.19,29.06,27.44,30.81,27.75,29.12,29.09,28.45,27.83,27.81
2023-12-13 11:24:08,9121,2023-12-13 11:24:04,48E7295552AD,31.31,29.0,27.25,32.69,27.56,29.12,29.12,28.47,27.83,27.81
2023-12-13 11:27:06,9122,2023-12-13 11:27:01,48E7295552AD,31.0,28.94,27.38,31.0,27.56,29.16,29.14,28.5,27.86,27.81
2023-12-13 11:30:08,9123,2023-12-13 11:30:04,48E7295552AD,30.19,28.69,27.0,29.44,27.19,29.12,29.12,28.5,27.81,27.81
2023-12-13 11:33:06,9124,2023-12-13 11:33:02,48E7295552AD,30.56,29.0,27.5,30.19,27.5,29.12,29.12,28.48,27.83,27.8
2023-12-13 11:36:08,9125,2023-12-13 11:36:04,48E7295552AD,31.25,29.0,27.25,31.44,27.5,29.11,29.12,28.47,27.84,27.81
2023-12-13 11:39:05,9126,2023-12-13 11:39:02,48E7295552AD,31.06,29.0,27.44,31.25,27.56,29.09,29.11,28.45,27.81,27.81
2023-12-13 11:42:08,9127,2023-12-13 11:42:04,48E7295552AD,30.94,28.81,27.25,31.38,27.5,29.11,29.09,28.44,27.84,27.81
2023-12-13 11:45:05,9128,2023-12-13 11:45:02,48E7295552AD,30.81,28.88,27.38,31.0,27.56,29.08,29.11,28.45,27.83,27.81
2023-12-13 11:48:03,9129,2023-12-13 11:48:00,48E7295552AD,31.0,28.88,27.25,30.94,27.62,29.08,29.08,28.47,27.81,27.81
2023-12-13 11:51:05,9130,2023-12-13 11:51:03,48E7295552AD,31.0,28.88,27.38,30.88,27.5,29.06,29.06,28.42,27.81,27.81
2023-12-13 11:54:02,9131,2023-12-13 11:54:00,48E7295552AD,31.25,29.19,27.31,31.88,27.69,29.08,29.06,28.44,27.81,27.81
2023-12-13 11:57:05,9132,2023-12-13 11:57:03,48E7295552AD,30.81,28.62,27.38,30.62,27.06,29.08,29.09,28.45,27.81,27.81
2023-12-13 12:00:02,9133,2023-12-13 12:00:00,48E7295552AD,31.06,29.0,27.25,30.88,27.5,29.09,29.09,28.45,27.83,27.81
2023-12-13 12:03:05,9134,2023-12-13 12:03:03,48E7295552AD,30.75,29.0,27.31,31.5,27.5,29.09,29.08,28.44,27.81,27.81
2023-12-13 12:06:02,9135,2023-12-13 12:06:01,48E7295552AD,31.69,28.94,27.25,33.19,27.56,29.09,29.06,28.45,27.81,27.81
2023-12-13 12:09:04,9136,2023-12-13 12:09:03,48E7295552AD,30.94,28.94,27.38,31.31,27.5,29.12,29.11,28.47,27.83,27.81
2023-12-13 12:12:02,9137,2023-12-13 12:12:01,48E7295552AD,30.75,29.0,27.44,31.56,27.5,29.11,29.11,28.45,27.81,27.81
2023-12-13 12:15:04,9138,2023-12-13 12:15:04,48E7295552AD,30.62,28.88,27.5,31.25,27.5,29.11,29.12,28.48,27.83,27.81
2023-12-13 12:18:02,9139,2023-12-13 12:18:01,48E7295552AD,31.19,28.94,27.44,31.19,27.5,29.09,29.09,28.47,27.81,27.81
2023-12-13 12:21:05,9140,2023-12-13 12:21:00,48E7295552AD,30.62,28.75,27.5,31.06,27.56,29.09,29.11,28.45,27.81,27.81
2023-12-13 12:24:08,9141,2023-12-13 12:24:02,48E7295552AD,31.0,29.12,27.5,30.88,27.5,29.12,29.14,28.48,27.81,27.81
2023-12-13 12:27:05,9142,2023-12-13 12:27:00,48E7295552AD,30.75,28.94,27.5,31.25,27.62,29.16,29.14,28.5,27.88,27.81
2023-12-13 12:30:08,9143,2023-12-13 12:30:02,48E7295552AD,30.88,29.12,27.44,30.88,27.5,29.19,29.19,28.52,27.88,27.81
2023-12-13 12:33:05,9144,2023-12-13 12:33:00,48E7295552AD,30.5,29.0,27.44,32.0,27.62,29.19,29.17,28.5,27.88,27.81
2023-12-13 12:36:07,9145,2023-12-13 12:36:02,48E7295552AD,31.25,29.25,27.56,31.25,27.5,29.19,29.19,28.55,27.89,27.81
2023-12-13 12:39:10,9146,2023-12-13 12:39:04,48E7295552AD,31.06,29.0,27.5,32.0,27.75,29.25,29.2,28.56,27.92,27.83
2023-12-13 12:42:07,9147,2023-12-13 12:42:01,48E7295552AD,31.5,29.19,27.5,32.31,27.75,29.23,29.19,28.56,27.94,27.84
2023-12-13 12:45:10,9148,2023-12-13 12:45:04,48E7295552AD,31.31,29.19,28.12,32.25,27.75,29.25,29.2,28.56,27.95,27.86
2023-12-13 12:48:07,9149,2023-12-13 12:48:01,48E7295552AD,30.12,28.69,27.25,30.12,27.25,29.25,29.23,28.58,27.94,27.88
2023-12-13 12:51:10,9150,2023-12-13 12:51:03,48E7295552AD,30.88,29.19,27.38,31.12,27.62,29.22,29.22,28.56,27.94,27.88
2023-12-13 12:54:07,9151,2023-12-13 12:54:01,48E7295552AD,30.81,28.62,27.25,32.5,27.5,29.2,29.19,28.58,27.95,27.86
2023-12-13 12:57:09,9152,2023-12-13 12:57:03,48E7295552AD,31.0,29.0,27.44,31.12,27.56,29.25,29.23,28.59,27.94,27.86
2023-12-13 13:00:07,9153,2023-12-13 13:00:00,48E7295552AD,30.31,28.75,27.38,30.56,27.19,29.25,29.2,28.59,27.95,27.86
2023-12-13 13:03:09,9154,2023-12-13 13:03:02,48E7295552AD,30.81,28.88,27.25,31.0,27.5,29.23,29.22,28.58,27.95,27.86
2023-12-13 13:06:06,9155,2023-12-13 13:06:00,48E7295552AD,31.0,28.94,27.5,32.31,27.5,29.23,29.22,28.59,27.94,27.86
2023-12-13 13:09:09,9156,2023-12-13 13:09:02,48E7295552AD,30.19,28.94,27.19,30.06,27.25,29.2,29.22,28.56,27.94,27.84
2023-12-13 13:12:11,9157,2023-12-13 13:12:04,48E7295552AD,31.0,29.06,27.5,31.5,27.56,29.22,29.2,28.58,27.95,27.86
2023-12-13 13:15:09,9158,2023-12-13 13:15:02,48E7295552AD,30.94,29.0,27.5,32.75,27.62,29.2,29.22,28.58,27.94,27.84
2023-12-13 13:18:11,9159,2023-12-13 13:18:04,48E7295552AD,31.0,29.19,27.5,32.06,27.5,29.22,29.23,28.56,27.94,27.88
2023-12-13 13:21:05,9160,2023-12-13 13:21:00,48E7295552AD,31.38,29.0,27.5,32.94,27.5,29.19,29.19,28.56,27.94,27.86
2023-12-13 13:24:07,9161,2023-12-13 13:24:02,48E7295552AD,30.62,28.94,27.5,31.25,27.56,29.22,29.19,28.56,27.94,27.84
2023-12-13 13:27:05,9162,2023-12-13 13:27:00,48E7295552AD,30.5,28.94,27.5,31.12,27.5,29.19,29.2,28.56,27.92,27.83
2023-12-13 13:30:07,9163,2023-12-13 13:30:03,48E7295552AD,31.94,29.0,27.31,33.38,27.5,29.19,29.19,28.56,27.94,27.83
2023-12-13 13:33:04,9164,2023-12-13 13:33:00,48E7295552AD,30.75,29.0,27.44,31.0,27.5,29.19,29.19,28.55,27.91,27.84
2023-12-13 13:36:07,9165,2023-12-13 13:36:03,48E7295552AD,30.88,28.88,27.44,31.25,27.5,29.17,29.17,28.53,27.91,27.83
2023-12-13 13:39:04,9166,2023-12-13 13:39:00,48E7295552AD,31.38,28.88,27.31,33.0,27.5,29.16,29.16,28.52,27.92,27.81
2023-12-13 13:42:07,9167,2023-12-13 13:42:03,48E7295552AD,31.0,28.88,27.5,31.19,27.5,29.16,29.16,28.53,27.89,27.81
2023-12-13 13:45:04,9168,2023-12-13 13:45:01,48E7295552AD,31.31,28.94,27.25,32.06,27.5,29.12,29.12,28.5,27.88,27.81
2023-12-13 13:48:07,9169,2023-12-13 13:48:03,48E7295552AD,31.25,29.0,27.5,31.31,27.5,29.11,29.12,28.5,27.88,27.81
2023-12-13 13:51:04,9170,2023-12-13 13:51:01,48E7295552AD,31.12,28.94,27.25,31.69,27.5,29.11,29.12,28.45,27.84,27.81
2023-12-13 13:54:06,9171,2023-12-13 13:54:04,48E7295552AD,29.69,28.44,27.12,29.44,27.25,29.12,29.12,28.5,27.84,27.81
2023-12-13 13:57:04,9172,2023-12-13 13:57:01,48E7295552AD,31.19,28.75,27.25,31.56,27.5,29.12,29.12,28.48,27.81,27.81
2023-12-13 14:00:06,9173,2023-12-13 14:00:04,48E7295552AD,29.56,28.75,27.0,29.81,27.25,29.08,29.11,28.47,27.83,27.81
2023-12-13 14:03:03,9174,2023-12-13 14:03:02,48E7295552AD,31.31,28.88,27.44,31.38,27.5,29.12,29.11,28.5,27.83,27.81
2023-12-13 14:06:06,9175,2023-12-13 14:06:04,48E7295552AD,31.0,29.06,27.31,31.44,27.62,29.06,29.12,28.47,27.86,27.81
2023-12-13 14:09:03,9176,2023-12-13 14:09:02,48E7295552AD,30.19,28.62,27.0,29.06,27.0,29.06,29.06,28.44,27.81,27.81
2023-12-13 14:12:01,9177,2023-12-13 14:12:00,48E7295552AD,31.25,28.94,27.31,31.5,27.31,29.06,29.08,28.44,27.81,27.8
2023-12-13 14:15:03,9178,2023-12-13 14:15:03,48E7295552AD,30.56,28.75,27.25,31.44,27.25,29.03,29.08,28.44,27.81,27.78
2023-12-13 14:18:00,9179,2023-12-13 14:18:00,48E7295552AD,30.94,28.88,27.19,30.81,27.5,29.03,29.05,28.42,27.81,27.75
2023-12-13 14:21:09,9180,2023-12-13 14:21:04,48E7295552AD,31.31,28.94,27.25,31.5,27.31,28.98,29.0,28.38,27.78,27.72
2023-12-13 14:24:07,9181,2023-12-13 14:24:01,48E7295552AD,31.0,28.81,27.25,31.5,27.44,28.97,28.98,28.34,27.78,27.69
2023-12-13 14:27:09,9182,2023-12-13 14:27:04,48E7295552AD,30.19,28.38,26.94,29.06,27.0,28.94,28.94,28.31,27.77,27.69
2023-12-13 14:30:07,9183,2023-12-13 14:30:01,48E7295552AD,30.88,28.62,27.19,31.25,27.38,28.94,28.95,28.31,27.75,27.69
2023-12-13 14:33:09,9184,2023-12-13 14:33:04,48E7295552AD,30.69,28.62,27.19,30.38,27.25,28.92,28.94,28.27,27.75,27.62
2023-12-13 14:36:07,9185,2023-12-13 14:36:02,48E7295552AD,30.56,28.44,27.06,30.56,27.25,28.88,28.88,28.25,27.7,27.62
2023-12-13 14:39:09,9186,2023-12-13 14:39:04,48E7295552AD,31.0,28.5,27.25,30.75,27.25,28.88,28.88,28.23,27.69,27.62
2023-12-13 14:42:06,9187,2023-12-13 14:42:02,48E7295552AD,30.75,28.62,27.19,30.25,27.31,28.81,28.84,28.22,27.64,27.56
2023-12-13 14:45:09,9188,2023-12-13 14:45:04,48E7295552AD,30.31,28.38,27.25,30.25,27.19,28.81,28.81,28.22,27.62,27.56
2023-12-13 14:48:06,9189,2023-12-13 14:48:02,48E7295552AD,30.62,28.38,26.94,30.69,27.19,28.8,28.81,28.19,27.62,27.56
2023-12-13 14:51:09,9190,2023-12-13 14:51:05,48E7295552AD,30.25,28.44,27.12,29.62,27.19,28.8,28.8,28.19,27.62,27.55
2023-12-13 14:54:06,9191,2023-12-13 14:54:02,48E7295552AD,30.44,28.5,27.0,30.44,27.12,28.75,28.77,28.14,27.59,27.52
2023-12-13 14:57:03,9192,2023-12-13 14:57:00,48E7295552AD,30.31,28.31,27.25,29.25,27.12,28.75,28.75,28.14,27.58,27.5
2023-12-13 15:00:06,9193,2023-12-13 15:00:03,48E7295552AD,30.5,28.5,27.12,30.12,27.06,28.72,28.75,28.11,27.56,27.47
2023-12-13 15:03:03,9194,2023-12-13 15:03:00,48E7295552AD,30.69,28.38,27.0,30.5,27.19,28.72,28.72,28.08,27.56,27.45
2023-12-13 15:06:06,9195,2023-12-13 15:06:03,48E7295552AD,30.5,28.5,27.12,29.94,26.94,28.7,28.7,28.12,27.53,27.44
2023-12-13 15:09:03,9196,2023-12-13 15:09:00,48E7295552AD,30.44,28.44,27.06,30.06,26.94,28.7,28.69,28.09,27.52,27.42
2023-12-13 15:12:05,9197,2023-12-13 15:12:03,48E7295552AD,30.5,28.25,27.0,29.75,27.0,28.69,28.69,28.06,27.48,27.44
2023-12-13 15:15:03,9198,2023-12-13 15:15:01,48E7295552AD,30.75,28.25,26.94,30.25,27.0,28.69,28.67,28.08,27.52,27.42
2023-12-13 15:18:05,9199,2023-12-13 15:18:04,48E7295552AD,30.62,28.19,27.0,30.0,26.88,28.66,28.66,28.06,27.48,27.38
2023-12-13 15:21:10,9200,2023-12-13 15:21:04,48E7295552AD,30.94,28.19,27.0,30.69,27.0,28.67,28.67,28.06,27.48,27.41
2023-12-13 15:24:07,9201,2023-12-13 15:24:01,48E7295552AD,30.25,28.12,27.0,29.75,26.94,28.67,28.69,28.06,27.48,27.38
2023-12-13 15:27:09,9202,2023-12-13 15:27:04,48E7295552AD,30.12,28.12,26.75,29.25,26.75,28.62,28.64,28.03,27.44,27.38
2023-12-13 15:30:07,9203,2023-12-13 15:30:01,48E7295552AD,30.5,28.19,26.75,30.12,26.75,28.64,28.62,28.03,27.44,27.38
2023-12-13 15:33:09,9204,2023-12-13 15:33:04,48E7295552AD,30.31,28.19,26.94,30.06,26.62,28.62,28.62,28.02,27.44,27.38
2023-12-13 15:36:07,9205,2023-12-13 15:36:02,48E7295552AD,30.31,28.19,26.75,30.25,26.75,28.62,28.62,28.0,27.44,27.38
2023-12-13 15:39:09,9206,2023-12-13 15:39:04,48E7295552AD,29.69,28.12,26.75,28.94,26.75,28.59,28.61,28.0,27.44,27.34
2023-12-13 15:42:06,9207,2023-12-13 15:42:02,48E7295552AD,30.5,28.0,26.81,30.0,26.75,28.61,28.58,28.0,27.42,27.36
2023-12-13 15:45:09,9208,2023-12-13 15:45:05,48E7295552AD,30.06,28.12,26.88,29.69,26.69,28.58,28.58,27.98,27.41,27.31
2023-12-13 15:48:06,9209,2023-12-13 15:48:02,48E7295552AD,30.12,28.0,26.75,29.5,26.56,28.58,28.56,27.97,27.39,27.33
2023-12-13 15:51:09,9210,2023-12-13 15:51:05,48E7295552AD,30.62,28.0,26.88,30.38,26.75,28.56,28.56,27.95,27.38,27.31
2023-12-13 15:54:06,9211,2023-12-13 15:54:02,48E7295552AD,30.19,28.0,26.75,30.0,26.75,28.55,28.56,27.94,27.38,27.31
2023-12-13 15:57:03,9212,2023-12-13 15:57:00,48E7295552AD,30.31,27.88,26.75,29.75,26.75,28.53,28.52,27.94,27.36,27.27
2023-12-13 16:00:06,9213,2023-12-13 16:00:03,48E7295552AD,30.31,27.94,26.94,29.5,26.62,28.53,28.52,27.94,27.34,27.25
2023-12-13 16:03:03,9214,2023-12-13 16:03:00,48E7295552AD,30.44,27.94,26.94,30.0,26.75,28.55,28.52,27.91,27.33,27.27
2023-12-13 16:06:05,9215,2023-12-13 16:06:03,48E7295552AD,30.38,27.81,26.75,29.69,26.5,28.53,28.52,27.89,27.33,27.27
2023-12-13 16:09:03,9216,2023-12-13 16:09:01,48E7295552AD,30.5,27.81,26.81,30.25,26.62,28.52,28.5,27.92,27.31,27.25
2023-12-13 16:12:05,9217,2023-12-13 16:12:04,48E7295552AD,29.5,27.44,26.44,28.0,26.19,28.52,28.52,27.88,27.31,27.23
2023-12-13 16:15:03,9218,2023-12-13 16:15:01,48E7295552AD,30.44,28.0,26.62,29.69,26.75,28.5,28.5,27.91,27.33,27.25
2023-12-13 16:18:05,9219,2023-12-13 16:18:04,48E7295552AD,29.94,27.75,26.75,29.5,26.5,28.5,28.52,27.88,27.31,27.25
2023-12-13 16:21:09,9220,2023-12-13 16:21:04,48E7295552AD,30.44,27.88,27.0,29.81,26.5,28.5,28.5,27.88,27.31,27.22
2023-12-13 16:24:06,9221,2023-12-13 16:24:01,48E7295552AD,30.06,27.94,26.75,29.5,26.56,28.48,28.48,27.86,27.3,27.2
2023-12-13 16:27:09,9222,2023-12-13 16:27:04,48E7295552AD,30.19,27.88,26.75,31.25,26.5,28.47,28.45,27.86,27.31,27.2
2023-12-13 16:30:06,9223,2023-12-13 16:30:01,48E7295552AD,30.0,27.75,26.88,29.75,26.5,28.47,28.45,27.84,27.28,27.2
2023-12-13 16:33:09,9224,2023-12-13 16:33:03,48E7295552AD,30.5,27.81,26.75,30.31,26.5,28.44,28.45,27.86,27.25,27.19
2023-12-13 16:36:06,9225,2023-12-13 16:36:00,48E7295552AD,30.56,27.81,26.75,31.0,26.5,28.44,28.44,27.83,27.25,27.19
2023-12-13 16:39:08,9226,2023-12-13 16:39:03,48E7295552AD,30.19,27.88,26.69,30.75,26.5,28.42,28.44,27.81,27.25,27.16
2023-12-13 16:42:06,9227,2023-12-13 16:42:00,48E7295552AD,30.12,27.94,26.81,31.0,26.5,28.39,28.41,27.81,27.2,27.16
2023-12-13 16:45:08,9228,2023-12-13 16:45:02,48E7295552AD,30.44,27.69,26.75,31.0,26.44,28.38,28.41,27.81,27.22,27.12
2023-12-13 16:48:05,9229,2023-12-13 16:48:00,48E7295552AD,30.75,27.69,26.75,32.06,26.5,28.39,28.39,27.81,27.19,27.12
2023-12-13 16:51:08,9230,2023-12-13 16:51:02,48E7295552AD,30.25,27.69,26.75,33.25,26.5,28.36,28.38,27.81,27.19,27.11
2023-12-13 16:54:10,9231,2023-12-13 16:54:04,48E7295552AD,30.81,27.94,27.0,34.0,26.5,28.38,28.38,27.81,27.19,27.12
2023-12-13 16:57:08,9232,2023-12-13 16:57:01,48E7295552AD,29.94,27.5,26.75,31.75,25.94,28.38,28.41,27.81,27.22,27.16
2023-12-13 17:00:10,9233,2023-12-13 17:00:03,48E7295552AD,29.56,27.69,26.75,31.62,26.25,28.41,28.38,27.81,27.25,27.19
2023-12-13 17:03:07,9234,2023-12-13 17:03:00,48E7295552AD,29.75,27.81,26.75,31.06,26.25,28.41,28.44,27.81,27.25,27.23
2023-12-13 17:06:10,9235,2023-12-13 17:06:02,48E7295552AD,30.31,28.12,27.19,32.88,26.62,28.44,28.44,27.81,27.28,27.25
2023-12-13 17:09:12,9236,2023-12-13 17:09:04,48E7295552AD,30.25,27.88,26.69,32.62,26.25,28.44,28.45,27.84,27.28,27.25
2023-12-13 17:12:10,9237,2023-12-13 17:12:00,48E7295552AD,30.38,28.19,27.25,32.0,26.75,28.5,28.47,27.89,27.34,27.25
2023-12-13 17:15:12,9238,2023-12-13 17:15:02,48E7295552AD,30.75,28.25,27.25,32.5,26.75,28.48,28.5,27.92,27.36,27.3
2023-12-13 17:18:15,9239,2023-12-13 17:18:05,48E7295552AD,30.75,28.19,27.25,33.81,26.75,28.5,28.52,27.89,27.36,27.31
2023-12-13 17:21:08,9240,2023-12-13 17:21:03,48E7295552AD,30.56,28.19,27.31,31.75,26.75,28.53,28.55,27.94,27.38,27.31
2023-12-13 17:24:05,9241,2023-12-13 17:24:01,48E7295552AD,30.5,28.12,27.25,32.25,26.75,28.53,28.56,27.94,27.38,27.33
2023-12-13 17:27:08,9242,2023-12-13 17:27:04,48E7295552AD,31.12,28.19,27.25,32.75,26.81,28.56,28.55,27.95,27.38,27.31
2023-12-13 17:30:05,9243,2023-12-13 17:30:02,48E7295552AD,29.69,27.81,26.94,29.31,26.38,28.56,28.55,27.95,27.38,27.31
2023-12-13 17:33:02,9244,2023-12-13 17:33:00,48E7295552AD,30.81,28.19,27.19,32.0,26.75,28.55,28.56,27.95,27.38,27.33
2023-12-13 17:36:05,9245,2023-12-13 17:36:03,48E7295552AD,30.56,28.06,27.25,31.75,26.75,28.52,28.55,27.94,27.38,27.31
2023-12-13 17:39:02,9246,2023-12-13 17:39:01,48E7295552AD,29.69,27.75,27.0,29.94,26.38,28.53,28.52,27.91,27.38,27.3
2023-12-13 17:42:05,9247,2023-12-13 17:42:04,48E7295552AD,31.0,28.06,27.25,31.5,26.75,28.53,28.55,27.94,27.38,27.3
2023-12-13 17:45:02,9248,2023-12-13 17:45:02,48E7295552AD,31.0,28.0,27.19,33.25,26.69,28.53,28.55,27.91,27.38,27.27
2023-12-13 17:47:59,9249,2023-12-13 17:48:00,48E7295552AD,30.81,28.06,27.25,31.44,26.56,28.55,28.56,27.95,27.36,27.28
2023-12-13 17:51:02,9250,2023-12-13 17:51:03,48E7295552AD,31.25,28.0,27.0,32.19,26.75,28.52,28.52,27.94,27.38,27.3
2023-12-13 17:53:59,9251,2023-12-13 17:54:01,48E7295552AD,31.0,28.0,27.25,32.06,26.75,28.5,28.53,27.89,27.33,27.27
2023-12-13 17:57:02,9252,2023-12-13 17:57:04,48E7295552AD,30.69,27.88,27.06,30.75,26.62,28.5,28.5,27.89,27.31,27.23
2023-12-13 17:59:59,9253,2023-12-13 18:00:02,48E7295552AD,31.19,28.0,27.25,32.5,26.62,28.48,28.48,27.88,27.3,27.25
2023-12-13 18:02:56,9254,2023-12-13 18:03:00,48E7295552AD,30.56,28.25,27.25,32.0,26.75,28.5,28.5,27.88,27.31,27.23
2023-12-13 18:05:59,9255,2023-12-13 18:06:03,48E7295552AD,29.94,28.19,27.12,31.62,26.44,28.47,28.5,27.88,27.31,27.23
2023-12-13 18:08:56,9256,2023-12-13 18:09:00,48E7295552AD,30.75,28.25,27.38,33.0,26.62,28.5,28.55,27.89,27.33,27.31
2023-12-13 18:11:58,9257,2023-12-13 18:12:03,48E7295552AD,31.12,28.19,27.25,34.56,26.75,28.55,28.56,27.97,27.39,27.33
2023-12-13 18:14:56,9258,2023-12-13 18:15:01,48E7295552AD,31.25,28.31,27.5,34.25,26.69,28.58,28.62,28.0,27.44,27.41
2023-12-13 18:17:58,9259,2023-12-13 18:18:03,48E7295552AD,30.94,28.44,27.31,33.5,26.75,28.66,28.69,28.08,27.53,27.48
2023-12-13 18:21:07,9260,2023-12-13 18:21:01,48E7295552AD,30.56,28.38,27.5,33.06,26.81,28.7,28.72,28.14,27.58,27.56
2023-12-13 18:24:10,9261,2023-12-13 18:24:04,48E7295552AD,30.25,27.56,27.06,31.81,26.69,28.8,28.81,28.17,27.67,27.61
2023-12-13 18:27:07,9262,2023-12-13 18:27:01,48E7295552AD,30.0,28.06,27.06,32.62,26.75,28.84,28.84,28.23,27.7,27.69
2023-12-13 18:30:09,9263,2023-12-13 18:30:03,48E7295552AD,31.06,28.56,27.5,34.06,27.0,28.94,28.94,28.31,27.78,27.75
2023-12-13 18:33:07,9264,2023-12-13 18:33:00,48E7295552AD,31.31,28.69,27.56,34.62,27.19,28.98,29.0,28.34,27.81,27.78
2023-12-13 18:36:09,9265,2023-12-13 18:36:02,48E7295552AD,31.12,28.75,27.56,33.88,27.25,29.05,29.05,28.41,27.81,27.81
2023-12-13 18:39:12,9266,2023-12-13 18:39:05,48E7295552AD,30.62,28.75,27.75,33.44,27.19,29.06,29.11,28.44,27.83,27.81
2023-12-13 18:42:09,9267,2023-12-13 18:42:02,48E7295552AD,30.81,28.81,27.75,33.25,27.25,29.08,29.12,28.5,27.88,27.84
2023-12-13 18:45:11,9268,2023-12-13 18:45:04,48E7295552AD,30.81,28.62,27.75,33.44,27.25,29.14,29.16,28.56,27.94,27.89
2023-12-13 18:48:09,9269,2023-12-13 18:48:00,48E7295552AD,31.0,28.69,27.75,33.25,27.25,29.19,29.23,28.56,27.98,27.92
2023-12-13 18:51:11,9270,2023-12-13 18:51:02,48E7295552AD,31.69,28.94,27.75,34.56,27.25,29.23,29.25,28.62,28.0,27.95
2023-12-13 18:54:14,9271,2023-12-13 18:54:04,48E7295552AD,31.0,28.88,27.88,33.19,27.38,29.25,29.25,28.62,28.06,27.98
2023-12-13 18:57:11,9272,2023-12-13 18:57:01,48E7295552AD,31.12,29.0,27.88,34.0,27.31,29.28,29.31,28.69,28.05,28.02
2023-12-13 19:00:14,9273,2023-12-13 19:00:03,48E7295552AD,31.19,28.94,28.0,33.44,27.31,29.3,29.31,28.7,28.11,28.03
2023-12-13 19:03:11,9274,2023-12-13 19:03:00,48E7295552AD,31.19,28.88,27.88,33.06,27.44,29.31,29.31,28.7,28.11,28.05
2023-12-13 19:06:13,9275,2023-12-13 19:06:02,48E7295552AD,31.25,29.06,27.94,34.0,27.31,29.34,29.36,28.72,28.12,28.08
2023-12-13 19:09:16,9276,2023-12-13 19:09:04,48E7295552AD,30.5,28.44,27.56,32.94,27.25,29.38,29.39,28.77,28.19,28.08
2023-12-13 19:12:13,9277,2023-12-13 19:12:00,48E7295552AD,30.75,28.62,27.44,32.81,27.25,29.38,29.42,28.78,28.17,28.12
2023-12-13 19:15:16,9278,2023-12-13 19:15:02,48E7295552AD,31.06,29.12,28.06,33.5,27.5,29.39,29.44,28.75,28.19,28.12
2023-12-13 19:18:18,9279,2023-12-13 19:18:04,48E7295552AD,30.81,28.75,27.5,32.0,27.25,29.41,29.44,28.83,28.19,28.12
2023-12-13 19:21:07,9280,2023-12-13 19:21:01,48E7295552AD,31.5,29.0,28.0,34.75,27.5,29.44,29.44,28.81,28.19,28.16
2023-12-13 19:24:10,9281,2023-12-13 19:24:03,48E7295552AD,31.25,29.19,28.0,34.5,27.5,29.44,29.47,28.81,28.2,28.16
2023-12-13 19:27:07,9282,2023-12-13 19:27:01,48E7295552AD,31.44,29.19,28.0,34.56,27.56,29.42,29.47,28.83,28.23,28.19
2023-12-13 19:30:09,9283,2023-12-13 19:30:03,48E7295552AD,31.25,29.0,27.94,35.06,27.5,29.48,29.48,28.83,28.25,28.19
2023-12-13 19:33:07,9284,2023-12-13 19:33:00,48E7295552AD,30.5,27.69,27.75,32.0,27.31,29.48,29.48,28.86,28.25,28.17
2023-12-13 19:36:09,9285,2023-12-13 19:36:02,48E7295552AD,30.56,28.75,27.75,32.94,27.25,29.44,29.45,28.88,28.25,28.19
2023-12-13 19:39:12,9286,2023-12-13 19:39:04,48E7295552AD,31.19,29.12,27.94,33.62,27.56,29.48,29.52,28.89,28.25,28.19
2023-12-13 19:42:09,9287,2023-12-13 19:42:02,48E7295552AD,30.5,28.75,27.75,32.94,27.25,29.48,29.5,28.92,28.25,28.19
2023-12-13 19:45:11,9288,2023-12-13 19:45:04,48E7295552AD,30.69,29.0,27.69,32.06,27.25,29.5,29.52,28.89,28.27,28.23
2023-12-13 19:48:09,9289,2023-12-13 19:48:01,48E7295552AD,32.06,29.25,28.25,35.25,27.62,29.5,29.5,28.91,28.28,28.23
2023-12-13 19:51:11,9290,2023-12-13 19:51:03,48E7295552AD,30.56,28.75,27.75,33.56,27.25,29.5,29.53,28.92,28.28,28.25
2023-12-13 19:54:08,9291,2023-12-13 19:54:00,48E7295552AD,30.56,28.88,27.75,32.0,27.31,29.52,29.56,28.92,28.31,28.25
2023-12-13 19:57:11,9292,2023-12-13 19:57:02,48E7295552AD,30.81,28.69,27.75,32.25,27.25,29.55,29.56,28.95,28.31,28.25
2023-12-13 20:00:13,9293,2023-12-13 20:00:05,48E7295552AD,31.38,29.12,28.06,33.5,27.5,29.52,29.55,28.94,28.31,28.25
2023-12-13 20:03:11,9294,2023-12-13 20:03:02,48E7295552AD,30.75,28.69,27.75,33.25,27.25,29.53,29.56,28.95,28.31,28.25
2023-12-13 20:06:13,9295,2023-12-13 20:06:04,48E7295552AD,31.31,29.12,28.06,33.5,27.5,29.53,29.56,28.95,28.3,28.25
2023-12-13 20:09:10,9296,2023-12-13 20:09:01,48E7295552AD,30.75,28.81,27.81,32.44,27.19,29.5,29.55,28.94,28.31,28.25
2023-12-13 20:12:13,9297,2023-12-13 20:12:03,48E7295552AD,31.69,29.19,28.19,35.19,27.5,29.53,29.56,28.94,28.31,28.27
2023-12-13 20:15:10,9298,2023-12-13 20:15:00,48E7295552AD,32.0,29.25,28.19,34.75,27.5,29.53,29.56,28.95,28.31,28.25
2023-12-13 20:18:13,9299,2023-12-13 20:18:02,48E7295552AD,32.25,29.19,28.25,35.0,27.62,29.53,29.56,28.94,28.31,28.25
2023-12-13 20:21:06,9300,2023-12-13 20:21:01,48E7295552AD,31.56,29.19,28.25,34.06,27.69,29.55,29.55,28.97,28.3,28.25
2023-12-13 20:24:09,9301,2023-12-13 20:24:04,48E7295552AD,31.56,28.88,28.12,33.75,27.62,29.55,29.56,28.97,28.31,28.25
2023-12-13 20:27:06,9302,2023-12-13 20:27:01,48E7295552AD,31.69,28.94,28.25,34.0,27.56,29.53,29.55,28.95,28.31,28.25
2023-12-13 20:30:08,9303,2023-12-13 20:30:04,48E7295552AD,30.19,28.5,27.75,35.19,27.19,29.56,29.59,28.95,28.31,28.28
2023-12-13 20:33:06,9304,2023-12-13 20:33:01,48E7295552AD,30.62,28.62,27.75,35.44,27.31,29.62,29.61,29.0,28.34,28.33
2023-12-13 20:36:08,9305,2023-12-13 20:36:03,48E7295552AD,32.0,29.0,28.25,38.81,27.75,29.69,29.67,29.06,28.41,28.38
2023-12-13 20:39:05,9306,2023-12-13 20:39:01,48E7295552AD,31.0,28.62,27.94,35.12,27.5,29.69,29.69,29.09,28.44,28.42
2023-12-13 20:42:08,9307,2023-12-13 20:42:03,48E7295552AD,31.62,29.0,28.25,36.75,27.75,29.69,29.72,29.12,28.47,28.44
2023-12-13 20:45:05,9308,2023-12-13 20:45:00,48E7295552AD,31.94,29.0,28.25,37.69,27.88,29.72,29.72,29.12,28.47,28.44
2023-12-13 20:48:08,9309,2023-12-13 20:48:02,48E7295552AD,31.62,28.94,28.31,36.19,27.75,29.7,29.7,29.12,28.5,28.44
2023-12-13 20:51:10,9310,2023-12-13 20:51:05,48E7295552AD,32.0,29.19,28.25,37.5,27.75,29.72,29.72,29.12,28.47,28.44
2023-12-13 20:54:07,9311,2023-12-13 20:54:02,48E7295552AD,31.81,28.94,28.25,37.62,27.62,29.75,29.75,29.12,28.5,28.48
2023-12-13 20:57:10,9312,2023-12-13 20:57:04,48E7295552AD,31.12,28.69,27.81,34.81,27.31,29.75,29.75,29.19,28.48,28.48
2023-12-13 21:00:07,9313,2023-12-13 21:00:01,48E7295552AD,31.75,29.0,28.25,37.25,27.75,29.77,29.75,29.17,28.5,28.5
2023-12-13 21:03:10,9314,2023-12-13 21:03:03,48E7295552AD,31.69,28.17,28.25,37.31,27.25,29.77,29.75,29.16,28.52,28.5
2023-12-13 21:06:07,9315,2023-12-13 21:06:00,48E7295552AD,30.94,27.92,28.0,34.94,26.69,29.78,29.79,29.19,28.53,28.5
2023-12-13 21:09:09,9316,2023-12-13 21:09:02,48E7295552AD,31.88,28.56,28.38,36.75,27.0,29.8,29.78,29.2,28.52,28.5
2023-12-13 21:12:12,9317,2023-12-13 21:12:04,48E7295552AD,32.19,29.0,28.5,37.44,27.0,29.78,29.78,29.19,28.5,28.48
2023-12-13 21:15:09,9318,2023-12-13 21:15:01,48E7295552AD,30.94,28.5,27.88,34.5,26.75,29.8,29.8,29.19,28.52,28.5
2023-12-13 21:18:12,9319,2023-12-13 21:18:04,48E7295552AD,30.62,28.81,27.88,35.5,26.62,29.78,29.81,29.19,28.53,28.48
2023-12-13 21:21:06,9320,2023-12-13 21:21:00,48E7295552AD,31.94,28.94,28.25,36.5,27.25,29.78,29.78,29.19,28.52,28.5
2023-12-13 21:24:08,9321,2023-12-13 21:24:03,48E7295552AD,31.31,28.62,28.0,34.88,26.88,29.75,29.81,29.19,28.52,28.5
2023-12-13 21:27:05,9322,2023-12-13 21:27:00,48E7295552AD,31.5,29.12,28.12,35.94,27.12,29.78,29.77,29.19,28.52,28.5
2023-12-13 21:30:08,9323,2023-12-13 21:30:03,48E7295552AD,31.88,29.12,28.5,36.88,27.19,29.75,29.8,29.19,28.5,28.5
2023-12-13 21:33:05,9324,2023-12-13 21:33:01,48E7295552AD,31.56,29.19,28.31,36.12,27.25,29.75,29.75,29.16,28.52,28.45
2023-12-13 21:36:08,9325,2023-12-13 21:36:03,48E7295552AD,31.12,28.94,28.06,34.94,26.75,29.75,29.75,29.16,28.5,28.44
2023-12-13 21:39:05,9326,2023-12-13 21:39:01,48E7295552AD,31.81,29.25,28.31,36.69,27.25,29.75,29.75,29.16,28.5,28.47
2023-12-13 21:42:07,9327,2023-12-13 21:42:03,48E7295552AD,31.81,29.31,28.44,35.56,27.25,29.73,29.75,29.14,28.5,28.44
2023-12-13 21:45:05,9328,2023-12-13 21:45:01,48E7295552AD,31.5,29.19,28.31,35.06,27.25,29.73,29.75,29.17,28.5,28.44
2023-12-13 21:48:07,9329,2023-12-13 21:48:03,48E7295552AD,31.62,28.81,28.25,36.19,27.25,29.7,29.73,29.14,28.45,28.44
2023-12-13 21:51:04,9330,2023-12-13 21:51:01,48E7295552AD,30.94,28.62,28.0,34.06,26.75,29.7,29.73,29.14,28.47,28.42
2023-12-13 21:54:07,9331,2023-12-13 21:54:04,48E7295552AD,31.06,28.38,27.94,34.31,26.69,29.69,29.72,29.12,28.48,28.41
2023-12-13 21:57:04,9332,2023-12-13 21:57:01,48E7295552AD,31.81,28.92,28.25,34.69,27.25,29.69,29.69,29.12,28.47,28.42
2023-12-13 22:00:07,9333,2023-12-13 22:00:04,48E7295552AD,31.81,29.12,28.25,35.0,27.25,29.69,29.7,29.11,28.44,28.39
2023-12-13 22:03:04,9334,2023-12-13 22:03:02,48E7295552AD,31.75,29.0,28.5,35.62,27.25,29.66,29.69,29.08,28.44,28.36
2023-12-13 22:06:01,9335,2023-12-13 22:06:00,48E7295552AD,31.88,28.94,28.25,35.44,27.38,29.67,29.66,29.08,28.42,28.34
2023-12-13 22:09:04,9336,2023-12-13 22:09:03,48E7295552AD,31.5,29.19,28.25,34.0,27.44,29.64,29.66,29.05,28.39,28.36
2023-12-13 22:12:01,9337,2023-12-13 22:12:01,48E7295552AD,30.94,28.56,27.94,32.38,27.12,29.61,29.64,29.05,28.36,28.31
2023-12-13 22:15:04,9338,2023-12-13 22:15:04,48E7295552AD,31.75,29.0,28.19,34.69,27.56,29.61,29.61,29.0,28.34,28.31
2023-12-13 22:18:01,9339,2023-12-13 22:18:02,48E7295552AD,30.94,28.81,27.94,31.56,27.25,29.59,29.62,29.0,28.33,28.27
2023-12-13 22:21:10,9340,2023-12-13 22:21:04,48E7295552AD,31.38,29.19,28.25,33.56,27.62,29.56,29.59,29.02,28.34,28.27
2023-12-13 22:24:07,9341,2023-12-13 22:24:01,48E7295552AD,31.5,29.12,28.31,35.25,27.5,29.58,29.59,28.98,28.33,28.31
2023-12-13 22:27:10,9342,2023-12-13 22:27:03,48E7295552AD,30.75,28.88,27.94,33.31,27.25,29.58,29.62,29.03,28.34,28.3
2023-12-13 22:30:07,9343,2023-12-13 22:30:00,48E7295552AD,30.88,28.81,28.0,32.0,27.19,29.61,29.62,29.0,28.38,28.31
2023-12-13 22:33:09,9344,2023-12-13 22:33:02,48E7295552AD,31.75,29.06,28.25,34.25,27.5,29.62,29.62,29.0,28.38,28.33
2023-12-13 22:36:12,9345,2023-12-13 22:36:04,48E7295552AD,31.94,29.12,28.06,35.0,27.5,29.59,29.59,29.0,28.34,28.31
2023-12-13 22:39:09,9346,2023-12-13 22:39:01,48E7295552AD,30.94,28.75,27.94,32.94,27.12,29.62,29.59,29.0,28.33,28.3
2023-12-13 22:42:12,9347,2023-12-13 22:42:03,48E7295552AD,30.94,28.94,27.75,32.38,27.25,29.55,29.62,28.98,28.36,28.3
2023-12-13 22:45:09,9348,2023-12-13 22:45:01,48E7295552AD,30.75,28.69,27.88,32.19,27.06,29.58,29.59,29.0,28.31,28.28
2023-12-13 22:48:11,9349,2023-12-13 22:48:03,48E7295552AD,30.81,28.75,27.81,31.75,27.06,29.56,29.58,28.98,28.38,28.27
2023-12-13 22:51:09,9350,2023-12-13 22:51:00,48E7295552AD,30.69,28.81,27.88,32.06,27.25,29.56,29.56,29.0,28.33,28.27
2023-12-13 22:54:11,9351,2023-12-13 22:54:02,48E7295552AD,31.5,29.12,28.25,34.06,27.5,29.56,29.56,28.97,28.34,28.28
2023-12-13 22:57:14,9352,2023-12-13 22:57:05,48E7295552AD,31.62,29.19,28.25,33.69,27.62,29.56,29.58,29.0,28.34,28.27
2023-12-13 23:00:11,9353,2023-12-13 23:00:02,48E7295552AD,31.5,29.19,28.25,33.25,27.5,29.55,29.56,28.94,28.31,28.25
2023-12-13 23:03:14,9354,2023-12-13 23:03:04,48E7295552AD,30.62,28.75,28.0,31.44,27.31,29.56,29.56,28.95,28.31,28.25
2023-12-13 23:06:11,9355,2023-12-13 23:06:01,48E7295552AD,31.56,29.06,28.19,34.0,27.5,29.53,29.56,28.94,28.33,28.25
2023-12-13 23:09:13,9356,2023-12-13 23:09:04,48E7295552AD,31.38,29.19,28.12,33.19,27.5,29.53,29.56,28.94,28.31,28.25
2023-12-13 23:12:11,9357,2023-12-13 23:12:01,48E7295552AD,32.0,29.25,28.12,34.56,27.5,29.52,29.55,28.95,28.31,28.25
2023-12-13 23:15:13,9358,2023-12-13 23:15:03,48E7295552AD,31.75,28.94,28.19,35.06,27.5,29.5,29.56,28.95,28.3,28.25
2023-12-13 23:18:10,9359,2023-12-13 23:18:00,48E7295552AD,30.81,27.94,28.0,32.0,27.0,29.53,29.55,28.95,28.28,28.23
2023-12-13 23:21:09,9360,2023-12-13 23:21:04,48E7295552AD,31.5,28.69,28.12,33.25,27.25,29.5,29.56,28.94,28.3,28.23
2023-12-13 23:24:07,9361,2023-12-13 23:24:01,48E7295552AD,30.81,28.31,27.94,31.94,26.81,29.5,29.53,28.92,28.28,28.2
2023-12-13 23:27:09,9362,2023-12-13 23:27:04,48E7295552AD,31.62,28.5,28.0,33.56,27.0,29.5,29.5,28.89,28.25,28.19
2023-12-13 23:30:06,9363,2023-12-13 23:30:01,48E7295552AD,31.5,28.62,28.06,33.31,27.0,29.5,29.52,28.89,28.27,28.19
2023-12-13 23:33:09,9364,2023-12-13 23:33:03,48E7295552AD,31.69,28.75,28.06,34.25,27.25,29.5,29.5,28.92,28.25,28.2
2023-12-13 23:36:06,9365,2023-12-13 23:36:01,48E7295552AD,31.44,28.75,28.12,33.88,27.25,29.5,29.52,28.91,28.25,28.19
2023-12-13 23:39:09,9366,2023-12-13 23:39:03,48E7295552AD,31.81,28.31,28.25,33.81,27.25,29.48,29.5,28.89,28.25,28.19
2023-12-13 23:42:06,9367,2023-12-13 23:42:00,48E7295552AD,31.44,28.38,28.0,33.5,27.12,29.48,29.48,28.89,28.23,28.2
2023-12-13 23:45:08,9368,2023-12-13 23:45:03,48E7295552AD,31.56,28.75,28.12,33.5,27.25,29.45,29.48,28.86,28.25,28.19
2023-12-13 23:48:06,9369,2023-12-13 23:48:00,48E7295552AD,31.5,28.62,28.0,32.75,27.19,29.47,29.5,28.84,28.22,28.19
2023-12-13 23:51:08,9370,2023-12-13 23:51:03,48E7295552AD,31.25,28.62,28.12,32.38,27.06,29.45,29.48,28.88,28.2,28.19
2023-12-13 23:54:05,9371,2023-12-13 23:54:00,48E7295552AD,30.69,28.38,27.75,31.69,26.81,29.45,29.45,28.88,28.23,28.17
2023-12-13 23:57:08,9372,2023-12-13 23:57:03,48E7295552AD,31.31,28.5,28.0,32.94,27.12,29.47,29.48,28.88,28.23,28.17
2023-12-14 00:00:05,9373,2023-12-14 00:00:00,48E7295552AD,31.19,28.25,27.69,31.62,27.0,29.44,29.48,28.88,28.22,28.17
2023-12-14 00:03:08,9374,2023-12-14 00:03:02,48E7295552AD,31.25,28.44,27.62,34.0,27.31,29.44,29.45,28.88,28.22,28.19
2023-12-14 00:06:10,9375,2023-12-14 00:06:05,48E7295552AD,30.19,27.88,27.19,31.88,27.12,29.38,29.39,28.78,28.19,28.09
2023-12-14 00:09:07,9376,2023-12-14 00:09:02,48E7295552AD,30.31,26.38,26.5,33.5,26.5,29.17,29.25,28.67,28.06,27.97
2023-12-14 00:12:10,9377,2023-12-14 00:12:05,48E7295552AD,30.06,26.44,26.5,33.44,25.5,28.97,29.08,28.42,27.86,27.81
2023-12-14 00:15:07,9378,2023-12-14 00:15:02,48E7295552AD,30.25,26.75,26.75,31.25,25.56,28.61,28.78,28.19,27.67,27.59
2023-12-14 00:18:04,9379,2023-12-14 00:18:00,48E7295552AD,30.62,26.62,26.81,32.75,25.25,28.39,28.55,27.98,27.44,27.38
2023-12-14 00:21:08,9380,2023-12-14 00:21:03,48E7295552AD,30.42,26.44,26.88,33.75,25.25,28.25,28.39,27.84,27.3,27.25
2023-12-14 00:24:06,9381,2023-12-14 00:24:01,48E7295552AD,29.44,25.75,26.38,32.88,24.62,28.12,28.27,27.81,27.19,27.14
2023-12-14 00:27:08,9382,2023-12-14 00:27:03,48E7295552AD,30.25,26.0,26.69,34.0,24.94,28.06,28.25,27.75,27.12,27.06
2023-12-14 00:30:05,9383,2023-12-14 00:30:01,48E7295552AD,30.06,26.12,26.5,33.75,25.0,27.98,28.16,27.67,27.06,27.03
2023-12-14 00:33:08,9384,2023-12-14 00:33:04,48E7295552AD,30.0,26.12,26.25,30.88,24.94,27.88,28.03,27.56,27.0,26.95
2023-12-14 00:36:05,9385,2023-12-14 00:36:02,48E7295552AD,28.62,24.62,25.75,31.19,23.62,27.81,27.94,27.44,26.88,26.88
2023-12-14 00:39:02,9386,2023-12-14 00:39:00,48E7295552AD,29.56,25.5,26.38,32.31,24.75,27.72,27.85,27.31,26.77,26.8
2023-12-14 00:42:05,9387,2023-12-14 00:42:03,48E7295552AD,29.94,25.83,26.56,32.69,24.81,27.56,27.75,27.23,26.67,26.69
2023-12-14 00:45:02,9388,2023-12-14 00:45:01,48E7295552AD,29.56,25.62,26.44,31.5,24.81,27.45,27.69,27.14,26.59,26.62
2023-12-14 00:48:05,9389,2023-12-14 00:48:05,48E7295552AD,29.25,25.25,25.94,31.0,24.5,27.34,27.62,27.05,26.52,26.56
2023-12-14 00:51:02,9390,2023-12-14 00:51:03,48E7295552AD,30.0,25.5,26.25,32.31,24.75,27.33,27.56,27.0,26.5,26.52
2023-12-14 00:53:59,9391,2023-12-14 00:54:02,48E7295552AD,29.31,25.67,26.25,31.75,24.62,27.25,27.56,27.0,26.47,26.55
2023-12-14 00:56:56,9392,2023-12-14 00:57:00,48E7295552AD,28.81,25.06,25.88,30.44,24.38,27.25,27.52,26.95,26.45,26.52
2023-12-14 00:59:59,9393,2023-12-14 01:00:04,48E7295552AD,29.62,25.67,26.19,32.5,24.62,27.25,27.5,26.97,26.47,26.56
2023-12-14 01:02:56,9394,2023-12-14 01:03:02,48E7295552AD,29.25,25.5,26.25,32.75,24.5,27.23,27.53,26.98,26.5,26.56
2023-12-14 01:05:54,9395,2023-12-14 01:06:00,48E7295552AD,28.44,24.92,25.5,32.19,24.0,27.3,27.58,27.05,26.56,26.62
2023-12-14 01:08:56,9396,2023-12-14 01:09:04,48E7295552AD,28.88,25.0,25.75,31.94,24.0,27.31,27.62,27.06,26.59,26.69
2023-12-14 01:11:53,9397,2023-12-14 01:12:02,48E7295552AD,29.19,25.0,25.5,31.75,23.75,27.28,27.56,27.05,26.56,26.62
2023-12-14 01:14:51,9398,2023-12-14 01:15:00,48E7295552AD,29.06,25.75,26.0,30.81,24.69,27.25,27.53,26.95,26.5,26.55
2023-12-14 01:17:53,9399,2023-12-14 01:18:04,48E7295552AD,29.44,26.25,26.19,30.75,24.75,27.14,27.41,26.88,26.36,26.38
2023-12-14 01:18:10,9400,2023-12-14 01:18:04,48E7295552AD,28.81,25.81,25.75,29.44,24.31,27.14,27.38,26.88,26.33,26.38
2023-12-14 01:21:07,9401,2023-12-14 01:21:01,48E7295552AD,29.75,26.44,26.25,32.19,24.88,27.09,27.31,26.78,26.27,26.3
2023-12-14 01:24:10,9402,2023-12-14 01:24:04,48E7295552AD,29.44,26.5,26.0,33.75,24.75,27.06,27.31,26.77,26.23,26.28
2023-12-14 01:27:07,9403,2023-12-14 01:27:01,48E7295552AD,29.94,25.17,25.75,33.0,24.62,27.05,27.27,26.75,26.25,26.3
2023-12-14 01:30:10,9404,2023-12-14 01:30:03,48E7295552AD,28.06,24.5,25.25,29.5,23.75,27.03,27.29,26.75,26.23,26.27
2023-12-14 01:33:07,9405,2023-12-14 01:33:00,48E7295552AD,28.56,25.92,25.38,29.31,24.0,27.0,27.23,26.67,26.19,26.23
2023-12-14 01:36:10,9406,2023-12-14 01:36:03,48E7295552AD,29.12,26.17,25.81,29.81,24.88,26.91,27.15,26.59,26.11,26.14
2023-12-14 01:39:07,9407,2023-12-14 01:39:00,48E7295552AD,29.25,26.25,25.94,30.5,24.94,26.88,27.06,26.52,26.0,26.06
2023-12-14 01:42:09,9408,2023-12-14 01:42:03,48E7295552AD,28.69,26.25,25.44,29.31,24.38,26.81,27.05,26.5,25.98,26.0
2023-12-14 01:45:07,9409,2023-12-14 01:45:01,48E7295552AD,29.0,26.38,25.81,30.25,24.69,26.81,27.03,26.5,25.95,26.0
2023-12-14 01:48:09,9410,2023-12-14 01:48:04,48E7295552AD,29.31,26.38,25.81,31.25,24.75,26.81,27.06,26.48,26.02,26.02
2023-12-14 01:51:06,9411,2023-12-14 01:51:01,48E7295552AD,29.0,26.44,25.62,31.25,24.62,26.84,27.06,26.5,26.02,26.06
2023-12-14 01:54:09,9412,2023-12-14 01:54:04,48E7295552AD,29.0,26.38,25.62,31.25,24.56,26.88,27.06,26.53,26.03,26.08
2023-12-14 01:57:06,9413,2023-12-14 01:57:02,48E7295552AD,29.12,26.5,25.69,31.75,24.69,26.91,27.1,26.56,26.06,26.12
2023-12-14 02:00:09,9414,2023-12-14 02:00:04,48E7295552AD,28.88,26.5,25.69,31.25,24.69,26.94,27.12,26.58,26.08,26.17
2023-12-14 02:03:06,9415,2023-12-14 02:03:02,48E7295552AD,29.19,26.08,25.75,32.06,24.5,26.94,27.17,26.62,26.12,26.19
2023-12-14 02:06:08,9416,2023-12-14 02:06:04,48E7295552AD,29.0,25.81,25.75,33.12,24.5,27.0,27.23,26.7,26.2,26.3
2023-12-14 02:09:06,9417,2023-12-14 02:09:01,48E7295552AD,28.81,25.44,25.56,31.81,24.0,27.03,27.31,26.75,26.3,26.36
2023-12-14 02:12:08,9418,2023-12-14 02:12:03,48E7295552AD,28.19,25.5,25.12,30.25,23.5,27.06,27.3,26.77,26.27,26.36
2023-12-14 02:15:05,9419,2023-12-14 02:15:01,48E7295552AD,29.62,26.44,25.94,31.25,24.56,27.03,27.27,26.73,26.25,26.28
2023-12-14 02:18:09,9420,2023-12-14 02:18:04,48E7295552AD,29.19,26.38,26.06,30.44,24.81,26.95,27.19,26.64,26.12,26.19
2023-12-14 02:21:06,9421,2023-12-14 02:21:01,48E7295552AD,29.5,26.33,26.0,32.25,24.69,26.94,27.12,26.58,26.08,26.12
2023-12-14 02:24:09,9422,2023-12-14 02:24:03,48E7295552AD,29.5,26.25,26.06,33.12,24.75,26.89,27.12,26.56,26.05,26.11
2023-12-14 02:27:06,9423,2023-12-14 02:27:00,48E7295552AD,30.0,26.25,25.81,33.19,24.5,26.94,27.12,26.59,26.08,26.12
2023-12-14 02:30:09,9424,2023-12-14 02:30:02,48E7295552AD,29.0,25.92,25.62,31.31,24.0,26.94,27.12,26.61,26.08,26.14
2023-12-14 02:33:06,9425,2023-12-14 02:33:00,48E7295552AD,29.38,26.12,25.94,32.56,24.62,26.88,27.11,26.55,26.06,26.12
2023-12-14 02:36:09,9426,2023-12-14 02:36:02,48E7295552AD,29.25,26.25,25.94,29.88,24.75,26.86,27.05,26.5,26.0,26.06
2023-12-14 02:39:06,9427,2023-12-14 02:39:00,48E7295552AD,28.5,26.06,25.56,28.33,24.44,26.84,27.0,26.45,25.94,26.0
2023-12-14 02:42:08,9428,2023-12-14 02:42:02,48E7295552AD,29.31,26.38,26.06,30.38,24.75,26.81,27.0,26.44,25.94,25.94
2023-12-14 02:45:06,9429,2023-12-14 02:45:00,48E7295552AD,29.56,26.12,26.19,31.38,24.75,26.81,27.0,26.44,25.94,25.94
2023-12-14 02:48:08,9430,2023-12-14 02:48:02,48E7295552AD,28.69,26.06,25.75,29.31,24.31,26.81,27.0,26.48,25.95,26.0
2023-12-14 02:51:05,9431,2023-12-14 02:51:00,48E7295552AD,28.56,26.0,25.56,29.5,24.06,26.83,27.02,26.5,25.98,26.02
2023-12-14 02:54:08,9432,2023-12-14 02:54:02,48E7295552AD,29.56,26.62,26.25,32.19,24.69,26.88,27.06,26.52,26.0,26.06
2023-12-14 02:57:10,9433,2023-12-14 02:57:04,48E7295552AD,29.44,26.25,26.19,32.25,24.75,26.89,27.06,26.56,26.06,26.09
2023-12-14 03:00:08,9434,2023-12-14 03:00:02,48E7295552AD,29.81,26.12,26.19,32.75,24.69,26.92,27.09,26.58,26.11,26.19
2023-12-14 03:03:10,9435,2023-12-14 03:03:04,48E7295552AD,29.38,26.69,26.38,32.06,24.75,26.95,27.19,26.64,26.14,26.19
2023-12-14 03:06:07,9436,2023-12-14 03:06:01,48E7295552AD,29.56,26.62,26.25,32.0,24.88,27.0,27.19,26.69,26.19,26.25
2023-12-14 03:09:10,9437,2023-12-14 03:09:03,48E7295552AD,29.5,26.56,26.38,32.12,24.88,27.05,27.25,26.72,26.23,26.28
2023-12-14 03:12:07,9438,2023-12-14 03:12:00,48E7295552AD,29.81,26.31,26.31,32.75,24.88,27.06,27.31,26.75,26.27,26.33
2023-12-14 03:15:10,9439,2023-12-14 03:15:03,48E7295552AD,29.75,26.56,26.25,32.25,24.81,27.11,27.33,26.81,26.33,26.41
2023-12-14 03:18:08,9440,2023-12-14 03:18:03,48E7295552AD,30.0,26.38,26.31,32.88,24.81,27.19,27.38,26.86,26.38,26.44
2023-12-14 03:21:06,9441,2023-12-14 03:21:00,48E7295552AD,29.94,26.69,26.38,32.44,24.88,27.2,27.42,26.91,26.42,26.45
2023-12-14 03:24:08,9442,2023-12-14 03:24:02,48E7295552AD,30.44,26.33,26.5,33.56,24.81,27.25,27.5,26.94,26.5,26.5
2023-12-14 03:27:11,9443,2023-12-14 03:27:04,48E7295552AD,29.94,26.69,26.25,33.5,24.88,27.28,27.52,26.98,26.5,26.55
2023-12-14 03:33:10,9445,2023-12-14 03:33:04,48E7295552AD,29.88,26.75,26.62,33.0,24.94,27.31,27.56,27.05,26.58,26.62
2023-12-14 03:36:08,9446,2023-12-14 03:36:01,48E7295552AD,29.75,26.67,26.44,32.5,25.0,27.36,27.6,27.05,26.58,26.66
2023-12-14 03:39:10,9447,2023-12-14 03:39:03,48E7295552AD,29.06,25.5,26.31,30.62,24.5,27.42,27.67,27.11,26.62,26.69
2023-12-14 03:42:07,9448,2023-12-14 03:42:00,48E7295552AD,30.0,26.62,26.75,32.56,24.81,27.44,27.69,27.14,26.67,26.72
2023-12-14 03:45:10,9449,2023-12-14 03:45:02,48E7295552AD,29.81,26.42,26.69,31.88,24.81,27.44,27.73,27.16,26.69,26.73
2023-12-14 03:48:12,9450,2023-12-14 03:48:04,48E7295552AD,30.5,26.25,26.88,32.94,24.88,27.48,27.75,27.2,26.7,26.75
2023-12-14 03:51:10,9451,2023-12-14 03:51:01,48E7295552AD,30.25,26.5,26.75,32.25,24.88,27.56,27.78,27.25,26.75,26.81
2023-12-14 03:54:12,9452,2023-12-14 03:54:03,48E7295552AD,30.44,26.31,27.0,32.56,24.88,27.59,27.81,27.31,26.81,26.86
2023-12-14 03:57:09,9453,2023-12-14 03:57:00,48E7295552AD,29.81,26.25,26.44,30.25,24.5,27.62,27.81,27.31,26.83,26.88
2023-12-14 04:00:12,9454,2023-12-14 04:00:02,48E7295552AD,30.19,26.5,26.88,32.06,25.0,27.67,27.81,27.38,26.88,26.95
2023-12-14 04:03:14,9455,2023-12-14 04:03:04,48E7295552AD,30.25,26.08,26.88,31.5,25.0,27.69,27.88,27.44,26.94,26.97
2023-12-14 04:06:12,9456,2023-12-14 04:06:01,48E7295552AD,30.44,26.31,26.88,31.94,25.0,27.77,27.92,27.45,26.97,27.0
2023-12-14 04:09:14,9457,2023-12-14 04:09:03,48E7295552AD,30.38,26.42,27.06,33.0,25.0,27.8,27.98,27.55,27.03,27.08
2023-12-14 04:12:11,9458,2023-12-14 04:12:00,48E7295552AD,30.44,26.56,27.0,32.38,25.06,27.81,28.02,27.58,27.09,27.14
2023-12-14 04:15:14,9459,2023-12-14 04:15:02,48E7295552AD,30.62,26.25,27.06,32.69,25.12,27.84,28.08,27.64,27.14,27.19
2023-12-14 04:18:07,9460,2023-12-14 04:18:02,48E7295552AD,30.38,26.58,27.0,33.19,25.25,27.89,28.12,27.7,27.19,27.25
2023-12-14 04:21:10,9461,2023-12-14 04:21:04,48E7295552AD,29.44,26.31,26.69,30.81,25.0,27.94,28.17,27.75,27.23,27.25
2023-12-14 04:24:07,9462,2023-12-14 04:24:01,48E7295552AD,30.62,26.75,27.0,32.0,25.25,27.95,28.22,27.75,27.25,27.3
2023-12-14 04:27:10,9463,2023-12-14 04:27:04,48E7295552AD,30.5,26.62,27.0,32.31,25.19,27.98,28.22,27.75,27.25,27.27
2023-12-14 04:30:07,9464,2023-12-14 04:30:01,48E7295552AD,29.69,26.62,26.94,30.88,24.81,27.95,28.25,27.8,27.3,27.34
2023-12-14 04:33:09,9465,2023-12-14 04:33:03,48E7295552AD,30.5,26.88,27.25,32.69,25.44,28.0,28.25,27.8,27.3,27.31
2023-12-14 04:36:07,9466,2023-12-14 04:36:01,48E7295552AD,30.62,27.0,27.06,32.62,25.38,28.02,28.27,27.81,27.3,27.33
2023-12-14 04:39:09,9467,2023-12-14 04:39:03,48E7295552AD,30.62,27.06,27.25,32.44,25.31,28.03,28.28,27.81,27.33,27.38
2023-12-14 04:42:06,9468,2023-12-14 04:42:00,48E7295552AD,30.31,27.19,27.12,32.31,25.69,28.05,28.31,27.81,27.34,27.38
2023-12-14 04:45:09,9469,2023-12-14 04:45:03,48E7295552AD,30.25,27.12,27.31,32.06,25.56,28.06,28.3,27.81,27.36,27.38
2023-12-14 04:48:06,9470,2023-12-14 04:48:00,48E7295552AD,30.62,27.19,27.25,32.25,25.75,28.11,28.34,27.81,27.38,27.44
2023-12-14 04:51:09,9471,2023-12-14 04:51:02,48E7295552AD,30.69,27.38,27.25,31.94,25.62,28.11,28.36,27.83,27.39,27.44
2023-12-14 04:54:11,9472,2023-12-14 04:54:04,48E7295552AD,30.56,27.25,27.31,32.62,25.56,28.12,28.38,27.84,27.42,27.47
2023-12-14 04:57:09,9473,2023-12-14 04:57:01,48E7295552AD,30.81,27.38,27.25,33.75,25.81,28.12,28.38,27.88,27.44,27.52
2023-12-14 05:00:11,9474,2023-12-14 05:00:03,48E7295552AD,30.62,27.31,27.44,32.25,25.88,28.16,28.42,27.88,27.45,27.5
2023-12-14 05:03:08,9475,2023-12-14 05:03:01,48E7295552AD,30.5,27.38,27.25,32.06,25.88,28.19,28.44,27.89,27.47,27.52
2023-12-14 05:06:11,9476,2023-12-14 05:06:03,48E7295552AD,31.0,27.31,27.25,32.5,25.75,28.2,28.44,27.95,27.48,27.55
2023-12-14 05:09:08,9477,2023-12-14 05:09:00,48E7295552AD,30.62,27.44,27.44,31.69,25.88,28.23,28.5,27.95,27.52,27.58
2023-12-14 05:12:11,9478,2023-12-14 05:12:02,48E7295552AD,30.81,27.5,27.44,31.94,25.81,28.2,28.52,28.0,27.55,27.56
2023-12-14 05:15:13,9479,2023-12-14 05:15:04,48E7295552AD,30.25,27.06,27.0,30.75,25.5,28.28,28.52,28.0,27.56,27.59
2023-12-14 05:18:07,9480,2023-12-14 05:18:01,48E7295552AD,31.0,27.38,27.44,33.44,25.75,28.31,28.56,28.03,27.56,27.62
2023-12-14 05:21:09,9481,2023-12-14 05:21:04,48E7295552AD,31.0,27.31,27.5,33.25,26.0,28.31,28.56,28.05,27.61,27.66
2023-12-14 05:24:06,9482,2023-12-14 05:24:01,48E7295552AD,30.31,26.62,27.12,31.38,25.69,28.33,28.59,28.06,27.64,27.67
2023-12-14 05:27:09,9483,2023-12-14 05:27:03,48E7295552AD,30.75,27.38,27.5,32.56,26.0,28.39,28.62,28.06,27.64,27.67
2023-12-14 05:30:06,9484,2023-12-14 05:30:01,48E7295552AD,30.12,27.06,27.25,30.44,25.81,28.38,28.62,28.12,27.66,27.7
2023-12-14 05:33:09,9485,2023-12-14 05:33:03,48E7295552AD,31.19,27.44,27.62,32.62,26.31,28.44,28.66,28.11,27.69,27.7
2023-12-14 05:36:06,9486,2023-12-14 05:36:00,48E7295552AD,31.12,27.38,27.5,32.81,26.19,28.44,28.66,28.12,27.69,27.72
2023-12-14 05:39:08,9487,2023-12-14 05:39:02,48E7295552AD,31.12,27.5,27.5,32.75,26.19,28.48,28.69,28.19,27.75,27.75
2023-12-14 05:42:11,9488,2023-12-14 05:42:04,48E7295552AD,30.94,27.56,27.75,33.06,26.38,28.5,28.73,28.19,27.78,27.78
2023-12-14 05:45:08,9489,2023-12-14 05:45:01,48E7295552AD,31.19,27.44,27.69,33.06,26.44,28.55,28.75,28.2,27.77,27.78
2023-12-14 05:48:11,9490,2023-12-14 05:48:04,48E7295552AD,31.06,27.38,27.44,33.06,26.5,28.56,28.78,28.25,27.78,27.81
2023-12-14 05:51:08,9491,2023-12-14 05:51:01,48E7295552AD,30.19,27.12,27.12,30.5,25.88,28.56,28.83,28.25,27.81,27.81
2023-12-14 05:54:10,9492,2023-12-14 05:54:03,48E7295552AD,31.06,27.62,27.5,32.56,26.56,28.62,28.81,28.3,27.81,27.81
2023-12-14 05:57:08,9493,2023-12-14 05:57:00,48E7295552AD,31.12,27.69,27.75,33.0,26.38,28.62,28.84,28.3,27.81,27.81
2023-12-14 06:00:10,9494,2023-12-14 06:00:02,48E7295552AD,31.19,27.81,27.75,32.25,26.38,28.64,28.88,28.31,27.81,27.81
2023-12-14 06:03:13,9495,2023-12-14 06:03:04,48E7295552AD,31.19,27.75,28.0,32.5,26.38,28.66,28.91,28.33,27.81,27.83
2023-12-14 06:06:10,9496,2023-12-14 06:06:01,48E7295552AD,31.38,27.75,27.75,33.06,26.44,28.69,28.92,28.33,27.83,27.81
2023-12-14 06:09:13,9497,2023-12-14 06:09:03,48E7295552AD,31.06,27.69,27.75,33.0,26.38,28.72,28.94,28.36,27.88,27.86
2023-12-14 06:12:10,9498,2023-12-14 06:12:00,48E7295552AD,31.12,27.75,27.56,32.25,26.38,28.75,29.0,28.41,27.88,27.89
2023-12-14 06:15:12,9499,2023-12-14 06:15:02,48E7295552AD,30.25,27.62,27.5,30.81,26.06,28.75,29.0,28.41,27.91,27.89
2023-12-14 06:18:06,9500,2023-12-14 06:18:00,48E7295552AD,31.25,27.94,27.81,33.0,26.38,28.77,28.98,28.44,27.92,27.94
2023-12-14 06:21:08,9501,2023-12-14 06:21:03,48E7295552AD,30.62,27.62,27.44,31.75,25.81,28.83,29.0,28.44,27.94,27.92
2023-12-14 06:24:05,9502,2023-12-14 06:24:00,48E7295552AD,31.25,27.75,27.81,33.19,26.5,28.84,29.03,28.44,27.94,27.94
2023-12-14 06:27:08,9503,2023-12-14 06:27:02,48E7295552AD,31.81,27.75,27.81,33.19,26.25,28.88,29.06,28.5,27.97,27.95
2023-12-14 06:30:11,9504,2023-12-14 06:30:04,48E7295552AD,31.25,27.44,27.75,33.25,26.38,28.84,29.05,28.48,27.95,27.98
2023-12-14 06:33:08,9505,2023-12-14 06:33:01,48E7295552AD,31.56,27.62,27.75,33.0,26.38,28.86,29.08,28.48,28.0,27.98
