2023-12-13 08:45:03,48:E7:29:53:67:2E requested time
2023-12-13 08:45:04,485519DF2986_sys.log time sent (2023, 12, 13, 2, 8, 45, 3, 165)
2023-12-13 08:45:16,48:55:19:DF:28:48 requested time
2023-12-13 08:45:16,485519DF2986_sys.log time sent (2023, 12, 13, 2, 8, 45, 16, 81)
2023-12-13 09:15:10,48:E7:29:52:E8:D2 requested time
2023-12-13 09:15:11,485519DF2986_sys.log time sent (2023, 12, 13, 2, 9, 15, 10, 81)
2023-12-13 09:18:00,48:E7:29:55:52:AD requested time
2023-12-13 09:18:00,485519DF2986_sys.log time sent (2023, 12, 13, 2, 9, 18, 0, 81)
2023-12-13 09:20:47,48:E7:29:53:48:F8 requested time
2023-12-13 09:20:48,485519DF2986_sys.log time sent (2023, 12, 13, 2, 9, 20, 47, 81)
2023-12-13 09:35:45,48:E7:29:53:7E:2C requested time
2023-12-13 09:35:45,485519DF2986_sys.log time sent (2023, 12, 13, 2, 9, 35, 45, 81)
2023-12-13 09:45:01,48:E7:29:53:67:2E requested time
2023-12-13 09:45:01,485519DF2986_sys.log time sent (2023, 12, 13, 2, 9, 45, 1, 81)
2023-12-13 09:45:12,48:55:19:DF:28:48 requested time
2023-12-13 09:45:12,485519DF2986_sys.log time sent (2023, 12, 13, 2, 9, 45, 12, 81)
2023-12-13 10:15:10,48:E7:29:52:E8:D2 requested time
2023-12-13 10:15:10,485519DF2986_sys.log time sent (2023, 12, 13, 2, 10, 15, 10, 81)
2023-12-13 10:18:04,48:E7:29:55:52:AD requested time
2023-12-13 10:18:05,485519DF2986_sys.log time sent (2023, 12, 13, 2, 10, 18, 4, 81)
2023-12-13 10:18:05,48:E7:29:53:48:F8 requested time
2023-12-13 10:18:06,485519DF2986_sys.log time sent (2023, 12, 13, 2, 10, 18, 5, 81)
2023-12-13 10:33:29,48:E7:29:53:7E:2C requested time
2023-12-13 10:33:29,485519DF2986_sys.log time sent (2023, 12, 13, 2, 10, 33, 29, 91)
2023-12-13 10:45:09,48:55:19:DF:28:48 requested time
2023-12-13 10:45:09,485519DF2986_sys.log time sent (2023, 12, 13, 2, 10, 45, 9, 81)
2023-12-13 10:45:13,48:E7:29:53:67:2E requested time
2023-12-13 10:45:13,485519DF2986_sys.log time sent (2023, 12, 13, 2, 10, 45, 13, 81)
2023-12-13 11:15:08,48:E7:29:52:E8:D2 requested time
2023-12-13 11:15:08,485519DF2986_sys.log time sent (2023, 12, 13, 2, 11, 15, 8, 81)
2023-12-13 11:18:05,48:E7:29:53:48:F8 requested time
2023-12-13 11:18:05,485519DF2986_sys.log time sent (2023, 12, 13, 2, 11, 18, 5, 81)
2023-12-13 11:18:14,48:E7:29:55:52:AD requested time
2023-12-13 11:18:14,485519DF2986_sys.log time sent (2023, 12, 13, 2, 11, 18, 14, 81)
2023-12-13 11:30:57,48:E7:29:53:7E:2C requested time
2023-12-13 11:30:57,485519DF2986_sys.log time sent (2023, 12, 13, 2, 11, 30, 57, 82)
2023-12-13 11:45:10,48:55:19:DF:28:48 requested time
2023-12-13 11:45:10,485519DF2986_sys.log time sent (2023, 12, 13, 2, 11, 45, 10, 81)
2023-12-13 11:45:14,48:E7:29:53:67:2E requested time
2023-12-13 11:45:14,485519DF2986_sys.log time sent (2023, 12, 13, 2, 11, 45, 14, 82)
2023-12-13 12:18:03,48:E7:29:55:52:AD requested time
2023-12-13 12:18:03,485519DF2986_sys.log time sent (2023, 12, 13, 2, 12, 18, 3, 82)
2023-12-13 12:19:52,48:E7:29:52:E8:D2 requested time
2023-12-13 12:19:53,485519DF2986_sys.log time sent (2023, 12, 13, 2, 12, 19, 52, 81)
2023-12-13 12:19:53,48:E7:29:53:48:F8 requested time
2023-12-13 12:19:54,485519DF2986_sys.log time sent (2023, 12, 13, 2, 12, 19, 53, 91)
2023-12-13 12:19:57,48:E7:29:53:48:F8 requested time
2023-12-13 12:19:57,485519DF2986_sys.log time sent (2023, 12, 13, 2, 12, 19, 57, 81)
2023-12-13 12:30:41,48:E7:29:53:7E:2C requested time
2023-12-13 12:30:41,485519DF2986_sys.log time sent (2023, 12, 13, 2, 12, 30, 41, 81)
2023-12-13 12:45:06,48:55:19:DF:28:48 requested time
2023-12-13 12:45:07,485519DF2986_sys.log time sent (2023, 12, 13, 2, 12, 45, 6, 81)
2023-12-13 12:45:10,48:E7:29:53:67:2E requested time
2023-12-13 12:45:11,485519DF2986_sys.log time sent (2023, 12, 13, 2, 12, 45, 10, 91)
2023-12-13 13:02:10,48:E7:29:52:E8:D2 requested time
2023-12-13 13:02:10,485519DF2986_sys.log time sent (2023, 12, 13, 2, 13, 2, 10, 81)
2023-12-13 13:18:13,48:E7:29:55:52:AD requested time
2023-12-13 13:18:13,485519DF2986_sys.log time sent (2023, 12, 13, 2, 13, 18, 13, 81)
2023-12-13 13:19:56,48:E7:29:53:48:F8 requested time
2023-12-13 13:19:56,485519DF2986_sys.log time sent (2023, 12, 13, 2, 13, 19, 56, 81)
2023-12-13 13:29:53,48:E7:29:53:7E:2C requested time
2023-12-13 13:29:54,485519DF2986_sys.log time sent (2023, 12, 13, 2, 13, 29, 53, 81)
2023-12-13 13:45:08,48:55:19:DF:28:48 requested time
2023-12-13 13:45:08,485519DF2986_sys.log time sent (2023, 12, 13, 2, 13, 45, 8, 81)
2023-12-13 13:45:12,48:E7:29:53:67:2E requested time
2023-12-13 13:45:12,485519DF2986_sys.log time sent (2023, 12, 13, 2, 13, 45, 12, 81)
2023-12-13 14:00:05,48:E7:29:52:E8:D2 requested time
2023-12-13 14:00:06,485519DF2986_sys.log time sent (2023, 12, 13, 2, 14, 0, 5, 81)
2023-12-13 14:18:02,48:E7:29:55:52:AD requested time
2023-12-13 14:18:02,485519DF2986_sys.log time sent (2023, 12, 13, 2, 14, 18, 2, 81)
2023-12-13 14:18:06,48:E7:29:53:48:F8 requested time
2023-12-13 14:18:06,485519DF2986_sys.log time sent (2023, 12, 13, 2, 14, 18, 6, 81)
2023-12-13 14:29:21,48:E7:29:53:7E:2C requested time
2023-12-13 14:29:22,485519DF2986_sys.log time sent (2023, 12, 13, 2, 14, 29, 21, 81)
2023-12-13 14:44:58,48:E7:29:53:67:2E requested time
2023-12-13 14:44:59,485519DF2986_sys.log time sent (2023, 12, 13, 2, 14, 44, 58, 90)
2023-12-13 14:45:05,48:55:19:DF:28:48 requested time
2023-12-13 14:45:05,485519DF2986_sys.log time sent (2023, 12, 13, 2, 14, 45, 5, 81)
2023-12-13 15:00:07,48:E7:29:52:E8:D2 requested time
2023-12-13 15:00:07,485519DF2986_sys.log time sent (2023, 12, 13, 2, 15, 0, 7, 81)
2023-12-13 15:18:06,48:E7:29:53:48:F8 requested time
2023-12-13 15:18:06,485519DF2986_sys.log time sent (2023, 12, 13, 2, 15, 18, 6, 81)
2023-12-13 15:18:07,48:E7:29:55:52:AD requested time
2023-12-13 15:18:08,485519DF2986_sys.log time sent (2023, 12, 13, 2, 15, 18, 7, 91)
2023-12-13 15:45:05,48:E7:29:53:67:2E requested time
2023-12-13 15:45:05,485519DF2986_sys.log time sent (2023, 12, 13, 2, 15, 45, 5, 81)
2023-12-13 15:45:06,48:55:19:DF:28:48 requested time
2023-12-13 15:45:06,485519DF2986_sys.log time sent (2023, 12, 13, 2, 15, 45, 6, 81)
2023-12-13 16:00:13,48:E7:29:52:E8:D2 requested time
2023-12-13 16:00:14,485519DF2986_sys.log time sent (2023, 12, 13, 2, 16, 0, 13, 81)
2023-12-13 16:18:05,48:E7:29:53:48:F8 requested time
2023-12-13 16:18:06,485519DF2986_sys.log time sent (2023, 12, 13, 2, 16, 18, 5, 81)
2023-12-13 16:18:07,48:E7:29:55:52:AD requested time
2023-12-13 16:18:07,485519DF2986_sys.log time sent (2023, 12, 13, 2, 16, 18, 7, 81)
2023-12-13 16:24:19,48:E7:29:53:7E:2C requested time
2023-12-13 16:24:20,485519DF2986_sys.log time sent (2023, 12, 13, 2, 16, 24, 19, 81)
2023-12-13 16:45:02,48:55:19:DF:28:48 requested time
2023-12-13 16:45:03,485519DF2986_sys.log time sent (2023, 12, 13, 2, 16, 45, 2, 81)
2023-12-13 16:45:06,48:E7:29:53:67:2E requested time
2023-12-13 16:45:06,485519DF2986_sys.log time sent (2023, 12, 13, 2, 16, 45, 6, 81)
2023-12-13 17:00:10,48:E7:29:52:E8:D2 requested time
2023-12-13 17:00:10,485519DF2986_sys.log time sent (2023, 12, 13, 2, 17, 0, 10, 81)
2023-12-13 17:18:10,48:E7:29:53:48:F8 requested time
2023-12-13 17:18:10,485519DF2986_sys.log time sent (2023, 12, 13, 2, 17, 18, 10, 81)
2023-12-13 17:18:16,48:E7:29:55:52:AD requested time
2023-12-13 17:18:16,485519DF2986_sys.log time sent (2023, 12, 13, 2, 17, 18, 16, 90)
2023-12-13 17:24:03,48:E7:29:53:7E:2C requested time
2023-12-13 17:24:03,485519DF2986_sys.log time sent (2023, 12, 13, 2, 17, 24, 3, 81)
2023-12-13 17:45:12,48:E7:29:53:67:2E requested time
2023-12-13 17:45:13,485519DF2986_sys.log time sent (2023, 12, 13, 2, 17, 45, 12, 81)
2023-12-13 17:45:14,48:55:19:DF:28:48 requested time
2023-12-13 17:45:14,485519DF2986_sys.log time sent (2023, 12, 13, 2, 17, 45, 14, 81)
2023-12-13 18:00:21,48:E7:29:52:E8:D2 requested time
2023-12-13 18:00:21,485519DF2986_sys.log time sent (2023, 12, 13, 2, 18, 0, 21, 81)
2023-12-13 18:17:59,48:E7:29:55:52:AD requested time
2023-12-13 18:18:00,485519DF2986_sys.log time sent (2023, 12, 13, 2, 18, 17, 59, 81)
2023-12-13 18:18:15,48:E7:29:53:48:F8 requested time
2023-12-13 18:18:15,485519DF2986_sys.log time sent (2023, 12, 13, 2, 18, 18, 15, 81)
2023-12-13 18:24:08,48:E7:29:53:7E:2C requested time
2023-12-13 18:24:08,485519DF2986_sys.log time sent (2023, 12, 13, 2, 18, 24, 8, 81)
2023-12-13 18:45:05,48:55:19:DF:28:48 requested time
2023-12-13 18:45:05,485519DF2986_sys.log time sent (2023, 12, 13, 2, 18, 45, 5, 81)
2023-12-13 18:45:14,48:E7:29:53:67:2E requested time
2023-12-13 18:45:14,485519DF2986_sys.log time sent (2023, 12, 13, 2, 18, 45, 14, 81)
2023-12-13 19:00:32,48:E7:29:52:E8:D2 requested time
2023-12-13 19:00:33,485519DF2986_sys.log time sent (2023, 12, 13, 2, 19, 0, 32, 81)
2023-12-13 19:18:19,48:E7:29:53:48:F8 requested time
2023-12-13 19:18:19,485519DF2986_sys.log time sent (2023, 12, 13, 2, 19, 18, 19, 91)
2023-12-13 19:18:20,48:E7:29:55:52:AD requested time
2023-12-13 19:18:21,485519DF2986_sys.log time sent (2023, 12, 13, 2, 19, 18, 20, 81)
2023-12-13 19:24:17,48:E7:29:53:7E:2C requested time
2023-12-13 19:24:18,485519DF2986_sys.log time sent (2023, 12, 13, 2, 19, 24, 17, 81)
2023-12-13 19:45:06,48:55:19:DF:28:48 requested time
2023-12-13 19:45:07,485519DF2986_sys.log time sent (2023, 12, 13, 2, 19, 45, 6, 81)
2023-12-13 19:45:10,48:E7:29:53:67:2E requested time
2023-12-13 19:45:11,485519DF2986_sys.log time sent (2023, 12, 13, 2, 19, 45, 10, 91)
2023-12-13 20:00:09,48:E7:29:52:E8:D2 requested time
2023-12-13 20:00:09,485519DF2986_sys.log time sent (2023, 12, 13, 2, 20, 0, 9, 81)
2023-12-13 20:18:08,48:E7:29:53:48:F8 requested time
2023-12-13 20:18:08,485519DF2986_sys.log time sent (2023, 12, 13, 2, 20, 18, 8, 81)
2023-12-13 20:18:14,48:E7:29:55:52:AD requested time
2023-12-13 20:18:14,485519DF2986_sys.log time sent (2023, 12, 13, 2, 20, 18, 14, 81)
2023-12-13 20:24:06,48:E7:29:53:7E:2C requested time
2023-12-13 20:24:07,485519DF2986_sys.log time sent (2023, 12, 13, 2, 20, 24, 6, 81)
2023-12-13 20:45:08,48:55:19:DF:28:48 requested time
2023-12-13 20:45:08,485519DF2986_sys.log time sent (2023, 12, 13, 2, 20, 45, 8, 81)
2023-12-13 20:45:12,48:E7:29:53:67:2E requested time
2023-12-13 20:45:12,485519DF2986_sys.log time sent (2023, 12, 13, 2, 20, 45, 12, 81)
2023-12-13 21:00:10,48:E7:29:52:E8:D2 requested time
2023-12-13 21:00:10,485519DF2986_sys.log time sent (2023, 12, 13, 2, 21, 0, 10, 81)
2023-12-13 21:18:12,48:E7:29:53:48:F8 requested time
2023-12-13 21:18:13,485519DF2986_sys.log time sent (2023, 12, 13, 2, 21, 18, 12, 84)
2023-12-13 21:18:14,48:E7:29:55:52:AD requested time
2023-12-13 21:18:14,485519DF2986_sys.log time sent (2023, 12, 13, 2, 21, 18, 14, 81)
2023-12-13 21:24:11,48:E7:29:53:7E:2C requested time
2023-12-13 21:24:11,485519DF2986_sys.log time sent (2023, 12, 13, 2, 21, 24, 11, 81)
2023-12-13 21:45:08,48:E7:29:53:67:2E requested time
2023-12-13 21:45:08,485519DF2986_sys.log time sent (2023, 12, 13, 2, 21, 45, 8, 93)
2023-12-13 21:45:10,48:55:19:DF:28:48 requested time
2023-12-13 21:45:10,485519DF2986_sys.log time sent (2023, 12, 13, 2, 21, 45, 10, 81)
2023-12-13 22:00:06,48:E7:29:52:E8:D2 requested time
2023-12-13 22:00:07,485519DF2986_sys.log time sent (2023, 12, 13, 2, 22, 0, 6, 81)
2023-12-13 22:18:02,48:E7:29:55:52:AD requested time
2023-12-13 22:18:03,485519DF2986_sys.log time sent (2023, 12, 13, 2, 22, 18, 2, 81)
2023-12-13 22:18:12,48:E7:29:53:48:F8 requested time
2023-12-13 22:18:12,485519DF2986_sys.log time sent (2023, 12, 13, 2, 22, 18, 12, 70)
2023-12-13 22:24:10,48:E7:29:53:7E:2C requested time
2023-12-13 22:24:11,485519DF2986_sys.log time sent (2023, 12, 13, 2, 22, 24, 10, 81)
2023-12-13 22:45:06,48:55:19:DF:28:48 requested time
2023-12-13 22:45:06,485519DF2986_sys.log time sent (2023, 12, 13, 2, 22, 45, 6, 81)
2023-12-13 22:45:09,48:E7:29:53:67:2E requested time
2023-12-13 22:45:10,485519DF2986_sys.log time sent (2023, 12, 13, 2, 22, 45, 9, 81)
2023-12-13 23:00:08,48:E7:29:52:E8:D2 requested time
2023-12-13 23:00:08,485519DF2986_sys.log time sent (2023, 12, 13, 2, 23, 0, 8, 81)
2023-12-13 23:18:11,48:E7:29:53:48:F8 requested time
2023-12-13 23:18:11,485519DF2986_sys.log time sent (2023, 12, 13, 2, 23, 18, 11, 82)
2023-12-13 23:18:12,48:E7:29:55:52:AD requested time
2023-12-13 23:18:13,485519DF2986_sys.log time sent (2023, 12, 13, 2, 23, 18, 12, 81)
2023-12-13 23:24:10,48:E7:29:53:7E:2C requested time
2023-12-13 23:24:10,485519DF2986_sys.log time sent (2023, 12, 13, 2, 23, 24, 10, 81)
2023-12-13 23:45:07,48:55:19:DF:28:48 requested time
2023-12-13 23:45:08,485519DF2986_sys.log time sent (2023, 12, 13, 2, 23, 45, 7, 81)
2023-12-13 23:45:11,48:E7:29:53:67:2E requested time
2023-12-13 23:45:11,485519DF2986_sys.log time sent (2023, 12, 13, 2, 23, 45, 11, 81)
2023-12-14 00:00:09,48:E7:29:52:E8:D2 requested time
2023-12-14 00:00:09,485519DF2986_sys.log time sent (2023, 12, 14, 3, 0, 0, 9, 81)
2023-12-14 00:18:06,48:E7:29:55:52:AD requested time
2023-12-14 00:18:06,485519DF2986_sys.log time sent (2023, 12, 14, 3, 0, 18, 6, 90)
2023-12-14 00:18:10,48:E7:29:53:48:F8 requested time
2023-12-14 00:18:11,485519DF2986_sys.log time sent (2023, 12, 14, 3, 0, 18, 10, 81)
2023-12-14 00:24:09,48:E7:29:53:7E:2C requested time
2023-12-14 00:24:09,485519DF2986_sys.log time sent (2023, 12, 14, 3, 0, 24, 9, 81)
2023-12-14 00:44:52,48:E7:29:53:67:2E requested time
2023-12-14 00:44:52,485519DF2986_sys.log time sent (2023, 12, 14, 3, 0, 44, 52, 81)
2023-12-14 00:44:59,48:55:19:DF:28:48 requested time
2023-12-14 00:44:59,485519DF2986_sys.log time sent (2023, 12, 14, 3, 0, 44, 59, 81)
2023-12-14 01:00:01,48:E7:29:52:E8:D2 requested time
2023-12-14 01:00:01,485519DF2986_sys.log time sent (2023, 12, 14, 3, 1, 0, 1, 81)
2023-12-14 01:17:54,48:E7:29:55:52:AD requested time
2023-12-14 01:17:55,485519DF2986_sys.log time sent (2023, 12, 14, 3, 1, 17, 54, 81)
2023-12-14 01:18:04,48:E7:29:53:48:F8 requested time
2023-12-14 01:18:05,485519DF2986_sys.log time sent (2023, 12, 14, 3, 1, 18, 4, 81)
2023-12-14 01:23:37,48:E7:29:53:7E:2C requested time
2023-12-14 01:23:38,485519DF2986_sys.log time sent (2023, 12, 14, 3, 1, 23, 37, 81)
2023-12-14 01:30:11,48:E7:29:53:67:2E requested time
2023-12-14 01:30:11,485519DF2986_sys.log time sent (2023, 12, 14, 3, 1, 30, 11, 84)
2023-12-14 01:45:00,48:55:19:DF:28:48 requested time
2023-12-14 01:45:00,485519DF2986_sys.log time sent (2023, 12, 14, 3, 1, 45, 0, 81)
2023-12-14 01:59:57,48:E7:29:52:E8:D2 requested time
2023-12-14 01:59:57,485519DF2986_sys.log time sent (2023, 12, 14, 3, 1, 59, 57, 84)
2023-12-14 02:15:07,48:E7:29:55:52:AD requested time
2023-12-14 02:15:07,485519DF2986_sys.log time sent (2023, 12, 14, 3, 2, 15, 7, 81)
2023-12-14 02:18:19,48:E7:29:53:48:F8 requested time
2023-12-14 02:18:20,485519DF2986_sys.log time sent (2023, 12, 14, 3, 2, 18, 19, 81)
2023-12-14 02:21:05,48:E7:29:53:7E:2C requested time
2023-12-14 02:21:06,485519DF2986_sys.log time sent (2023, 12, 14, 3, 2, 21, 5, 81)
2023-12-14 02:30:12,48:E7:29:53:67:2E requested time
2023-12-14 02:30:13,485519DF2986_sys.log time sent (2023, 12, 14, 3, 2, 30, 12, 91)
2023-12-14 02:45:11,48:55:19:DF:28:48 requested time
2023-12-14 02:45:12,485519DF2986_sys.log time sent (2023, 12, 14, 3, 2, 45, 11, 82)
2023-12-14 03:15:11,48:E7:29:55:52:AD requested time
2023-12-14 03:15:11,485519DF2986_sys.log time sent (2023, 12, 14, 3, 3, 15, 11, 82)
2023-12-14 03:21:05,48:E7:29:53:7E:2C requested time
2023-12-14 03:21:05,485519DF2986_sys.log time sent (2023, 12, 14, 3, 3, 21, 5, 81)
2023-12-14 03:30:09,48:E7:29:53:67:2E requested time
2023-12-14 03:30:09,485519DF2986_sys.log time sent (2023, 12, 14, 3, 3, 30, 9, 82)
2023-12-14 03:45:23,48:55:19:DF:28:48 requested time
2023-12-14 03:45:23,485519DF2986_sys.log time sent (2023, 12, 14, 3, 3, 45, 23, 82)
2023-12-14 04:15:15,48:E7:29:55:52:AD requested time
2023-12-14 04:15:16,485519DF2986_sys.log time sent (2023, 12, 14, 3, 4, 15, 15, 81)
2023-12-14 04:21:15,48:E7:29:53:7E:2C requested time
2023-12-14 04:21:15,485519DF2986_sys.log time sent (2023, 12, 14, 3, 4, 21, 15, 82)
2023-12-14 04:30:15,48:E7:29:53:67:2E requested time
2023-12-14 04:30:15,485519DF2986_sys.log time sent (2023, 12, 14, 3, 4, 30, 15, 81)
2023-12-14 04:45:19,48:55:19:DF:28:48 requested time
2023-12-14 04:45:20,485519DF2986_sys.log time sent (2023, 12, 14, 3, 4, 45, 19, 81)
2023-12-14 05:15:15,48:E7:29:55:52:AD requested time
2023-12-14 05:15:15,485519DF2986_sys.log time sent (2023, 12, 14, 3, 5, 15, 15, 81)
2023-12-14 05:21:14,48:E7:29:53:7E:2C requested time
2023-12-14 05:21:14,485519DF2986_sys.log time sent (2023, 12, 14, 3, 5, 21, 14, 81)
2023-12-14 05:30:16,48:E7:29:53:67:2E requested time
2023-12-14 05:30:17,485519DF2986_sys.log time sent (2023, 12, 14, 3, 5, 30, 16, 81)
2023-12-14 05:45:11,48:55:19:DF:28:48 requested time
2023-12-14 05:45:11,485519DF2986_sys.log time sent (2023, 12, 14, 3, 5, 45, 11, 81)
2023-12-14 06:15:14,48:E7:29:55:52:AD requested time
2023-12-14 06:15:14,485519DF2986_sys.log time sent (2023, 12, 14, 3, 6, 15, 14, 81)
2023-12-14 06:21:13,48:E7:29:53:7E:2C requested time
2023-12-14 06:21:13,485519DF2986_sys.log time sent (2023, 12, 14, 3, 6, 21, 13, 91)
2023-12-14 06:30:13,48:E7:29:53:67:2E requested time
2023-12-14 06:30:13,485519DF2986_sys.log time sent (2023, 12, 14, 3, 6, 30, 13, 82)
2023-12-14 06:45:07,48:55:19:DF:28:48 requested time
2023-12-14 06:45:07,485519DF2986_sys.log time sent (2023, 12, 14, 3, 6, 45, 7, 82)
2023-12-14 07:15:13,48:E7:29:55:52:AD requested time
2023-12-14 07:15:13,485519DF2986_sys.log time sent (2023, 12, 14, 3, 7, 15, 13, 84)
2023-12-14 07:21:13,48:E7:29:53:7E:2C requested time
2023-12-14 07:21:13,485519DF2986_sys.log time sent (2023, 12, 14, 3, 7, 21, 13, 82)
2023-12-14 07:30:09,48:E7:29:53:67:2E requested time
2023-12-14 07:30:09,485519DF2986_sys.log time sent (2023, 12, 14, 3, 7, 30, 9, 82)
2023-12-14 07:45:09,48:55:19:DF:28:48 requested time
2023-12-14 07:45:10,485519DF2986_sys.log time sent (2023, 12, 14, 3, 7, 45, 9, 81)
2023-12-14 08:15:07,48:E7:29:55:52:AD requested time
2023-12-14 08:15:08,485519DF2986_sys.log time sent (2023, 12, 14, 3, 8, 15, 7, 82)
2023-12-14 08:21:12,48:E7:29:53:7E:2C requested time
2023-12-14 08:21:13,485519DF2986_sys.log time sent (2023, 12, 14, 3, 8, 21, 12, 81)
2023-12-14 08:30:06,48:E7:29:53:67:2E requested time
2023-12-14 08:30:06,485519DF2986_sys.log time sent (2023, 12, 14, 3, 8, 30, 6, 81)
2023-12-14 08:45:05,48:55:19:DF:28:48 requested time
2023-12-14 08:45:06,485519DF2986_sys.log time sent (2023, 12, 14, 3, 8, 45, 5, 82)
2023-12-14 09:15:01,48:E7:29:55:52:AD requested time
2023-12-14 09:15:02,485519DF2986_sys.log time sent (2023, 12, 14, 3, 9, 15, 1, 82)
2023-12-14 09:21:01,48:E7:29:53:7E:2C requested time
2023-12-14 09:21:02,485519DF2986_sys.log time sent (2023, 12, 14, 3, 9, 21, 1, 81)
2023-12-14 09:30:02,48:E7:29:53:67:2E requested time
2023-12-14 09:30:02,485519DF2986_sys.log time sent (2023, 12, 14, 3, 9, 30, 2, 82)
2023-12-14 09:45:12,48:55:19:DF:28:48 requested time
2023-12-14 09:45:12,485519DF2986_sys.log time sent (2023, 12, 14, 3, 9, 45, 12, 81)
2023-12-14 10:15:11,48:E7:29:55:52:AD requested time
2023-12-14 10:15:11,485519DF2986_sys.log time sent (2023, 12, 14, 3, 10, 15, 11, 91)
2023-12-14 10:21:06,48:E7:29:53:7E:2C requested time
2023-12-14 10:21:06,485519DF2986_sys.log time sent (2023, 12, 14, 3, 10, 21, 6, 81)
2023-12-14 10:30:08,48:E7:29:53:67:2E requested time
2023-12-14 10:30:09,485519DF2986_sys.log time sent (2023, 12, 14, 3, 10, 30, 8, 81)
2023-12-14 10:45:08,48:55:19:DF:28:48 requested time
2023-12-14 10:45:09,485519DF2986_sys.log time sent (2023, 12, 14, 3, 10, 45, 8, 82)
2023-12-14 11:15:00,48:E7:29:55:52:AD requested time
2023-12-14 11:15:00,485519DF2986_sys.log time sent (2023, 12, 14, 3, 11, 15, 0, 84)
2023-12-14 11:21:11,48:E7:29:53:7E:2C requested time
2023-12-14 11:21:11,485519DF2986_sys.log time sent (2023, 12, 14, 3, 11, 21, 11, 82)
2023-12-14 11:30:10,48:E7:29:53:67:2E requested time
2023-12-14 11:30:10,485519DF2986_sys.log time sent (2023, 12, 14, 3, 11, 30, 10, 82)
2023-12-14 11:45:05,48:55:19:DF:28:48 requested time
2023-12-14 11:45:05,485519DF2986_sys.log time sent (2023, 12, 14, 3, 11, 45, 5, 82)
2023-12-14 12:15:10,48:E7:29:55:52:AD requested time
2023-12-14 12:15:10,485519DF2986_sys.log time sent (2023, 12, 14, 3, 12, 15, 10, 81)
2023-12-14 12:21:05,48:E7:29:53:7E:2C requested time
2023-12-14 12:21:06,485519DF2986_sys.log time sent (2023, 12, 14, 3, 12, 21, 5, 81)
2023-12-14 12:30:11,48:E7:29:53:67:2E requested time
2023-12-14 12:30:12,485519DF2986_sys.log time sent (2023, 12, 14, 3, 12, 30, 11, 82)
2023-12-14 12:45:06,48:55:19:DF:28:48 requested time
2023-12-14 12:45:06,485519DF2986_sys.log time sent (2023, 12, 14, 3, 12, 45, 6, 91)
2023-12-14 13:15:15,48:E7:29:55:52:AD requested time
2023-12-14 13:15:15,485519DF2986_sys.log time sent (2023, 12, 14, 3, 13, 15, 15, 81)
2023-12-14 13:21:10,48:E7:29:53:7E:2C requested time
2023-12-14 13:21:10,485519DF2986_sys.log time sent (2023, 12, 14, 3, 13, 21, 10, 82)
2023-12-14 13:30:08,48:E7:29:53:67:2E requested time
2023-12-14 13:30:08,485519DF2986_sys.log time sent (2023, 12, 14, 3, 13, 30, 8, 82)
2023-12-14 13:45:07,48:55:19:DF:28:48 requested time
2023-12-14 13:45:08,485519DF2986_sys.log time sent (2023, 12, 14, 3, 13, 45, 7, 92)
2023-12-14 14:15:04,48:E7:29:55:52:AD requested time
2023-12-14 14:15:04,485519DF2986_sys.log time sent (2023, 12, 14, 3, 14, 15, 4, 82)
2023-12-14 14:21:04,48:E7:29:53:7E:2C requested time
2023-12-14 14:21:05,485519DF2986_sys.log time sent (2023, 12, 14, 3, 14, 21, 4, 81)
2023-12-14 14:30:04,48:E7:29:53:67:2E requested time
2023-12-14 14:30:05,485519DF2986_sys.log time sent (2023, 12, 14, 3, 14, 30, 4, 82)
2023-12-14 14:45:09,48:55:19:DF:28:48 requested time
2023-12-14 14:45:09,485519DF2986_sys.log time sent (2023, 12, 14, 3, 14, 45, 9, 82)
2023-12-14 15:14:58,48:E7:29:55:52:AD requested time
2023-12-14 15:14:58,485519DF2986_sys.log time sent (2023, 12, 14, 3, 15, 14, 58, 82)
2023-12-14 15:21:04,48:E7:29:53:7E:2C requested time
2023-12-14 15:21:04,485519DF2986_sys.log time sent (2023, 12, 14, 3, 15, 21, 4, 81)
2023-12-14 15:29:56,48:E7:29:53:67:2E requested time
2023-12-14 15:29:56,485519DF2986_sys.log time sent (2023, 12, 14, 3, 15, 29, 56, 82)
2023-12-14 15:45:05,48:55:19:DF:28:48 requested time
2023-12-14 15:45:06,485519DF2986_sys.log time sent (2023, 12, 14, 3, 15, 45, 5, 82)
2023-12-14 16:15:03,48:E7:29:55:52:AD requested time
2023-12-14 16:15:03,485519DF2986_sys.log time sent (2023, 12, 14, 3, 16, 15, 3, 82)
2023-12-14 16:21:40,48:55:19:DF:29:86 data logger started
2023-12-14 16:21:42,48:E7:29:53:7E:2C requested time
2023-12-14 16:21:42,485519DF2986_sys.log time sent (2023, 12, 14, 3, 16, 21, 42, 82)
2023-12-14 16:30:02,48:E7:29:53:67:2E requested time
2023-12-14 16:30:02,485519DF2986_sys.log time sent (2023, 12, 14, 3, 16, 30, 2, 82)
2023-12-14 16:45:02,48:55:19:DF:28:48 requested time
2023-12-14 16:45:02,485519DF2986_sys.log time sent (2023, 12, 14, 3, 16, 45, 2, 82)
2023-12-14 17:15:07,48:E7:29:55:52:AD requested time
2023-12-14 17:15:08,485519DF2986_sys.log time sent (2023, 12, 14, 3, 17, 15, 7, 84)
2023-12-14 17:21:01,48:E7:29:53:7E:2C requested time
2023-12-14 17:21:02,485519DF2986_sys.log time sent (2023, 12, 14, 3, 17, 21, 1, 82)
2023-12-14 17:27:44,48:55:19:DF:29:86 data logger started
2023-12-14 17:30:09,48:E7:29:53:67:2E requested time
2023-12-14 17:30:09,485519DF2986_sys.log time sent (2023, 12, 14, 3, 17, 30, 9, 81)
2023-12-14 17:45:08,48:55:19:DF:28:48 requested time
2023-12-14 17:45:09,485519DF2986_sys.log time sent (2023, 12, 14, 3, 17, 45, 8, 82)
2023-12-14 18:15:07,48:E7:29:55:52:AD requested time
2023-12-14 18:15:07,485519DF2986_sys.log time sent (2023, 12, 14, 3, 18, 15, 7, 81)
2023-12-14 18:21:43,48:55:19:DF:29:86 data logger started
2023-12-14 18:21:44,48:E7:29:53:7E:2C requested time
2023-12-14 18:21:45,485519DF2986_sys.log time sent (2023, 12, 14, 3, 18, 21, 44, 82)
2023-12-14 18:30:10,48:E7:29:53:67:2E requested time
2023-12-14 18:30:10,485519DF2986_sys.log time sent (2023, 12, 14, 3, 18, 30, 10, 82)
2023-12-14 18:39:46,48:55:19:DF:29:86 data logger started
2023-12-14 18:45:04,48:55:19:DF:28:48 requested time
2023-12-14 18:45:05,485519DF2986_sys.log time sent (2023, 12, 14, 3, 18, 45, 4, 82)
2023-12-14 18:45:51,48:55:19:DF:29:86 data logger started
2023-12-14 19:00:40,48:55:19:DF:29:86 data logger started
2023-12-14 19:09:40,48:55:19:DF:29:86 data logger started
2023-12-14 19:12:55,48:55:19:DF:29:86 data logger started
2023-12-14 19:15:22,48:E7:29:55:52:AD requested time
2023-12-14 19:15:46,48:55:19:DF:29:86 data logger started
2023-12-14 19:21:19,48:E7:29:53:7E:2C requested time
2023-12-15 08:11:26,48:55:19:DF:29:86 data logger started
2023-12-15 08:11:27,48:E7:29:53:7E:2C requested time
2023-12-15 08:11:27,485519DF2986_sys.log time sent (2023, 12, 15, 4, 8, 11, 27, 90)
2023-12-15 08:11:28,48:E7:29:55:52:AD requested time
2023-12-15 08:11:28,485519DF2986_sys.log time sent (2023, 12, 15, 4, 8, 11, 28, 81)
2023-12-15 08:11:28,48:E7:29:53:67:2E requested time
2023-12-15 08:11:29,485519DF2986_sys.log time sent (2023, 12, 15, 4, 8, 11, 28, 82)
2023-12-15 08:11:29,48:55:19:DF:28:48 requested time
2023-12-15 08:11:30,485519DF2986_sys.log time sent (2023, 12, 15, 4, 8, 11, 29, 82)
