2023-12-13 08:45:04,1347,2023-12-13 08:45:03,48E7295348F8,27.75,27.69,28.69,29.56,30.25,28.72,28.81,29.44,28.98,29.34
2023-12-13 08:48:01,1348,2023-12-13 08:48:02,48E7295348F8,28.25,27.44,28.5,29.5,31.0,28.61,28.67,29.3,28.83,29.23
2023-12-13 08:50:58,1349,2023-12-13 08:51:01,48E7295348F8,28.44,27.5,28.5,29.75,31.06,28.58,28.64,29.3,28.8,29.19
2023-12-13 08:54:01,1350,2023-12-13 08:54:05,48E7295348F8,28.5,27.69,28.69,29.5,31.0,28.55,28.62,29.25,28.77,29.14
2023-12-13 08:56:58,1351,2023-12-13 08:57:03,48E7295348F8,28.25,27.25,28.75,29.38,30.75,28.56,28.56,29.25,28.7,29.11
2023-12-13 08:59:55,1352,2023-12-13 09:00:02,48E7295348F8,28.44,27.5,29.0,29.25,30.75,28.5,28.56,29.19,28.69,29.09
2023-12-13 09:02:53,1353,2023-12-13 09:03:01,48E7295348F8,28.25,27.75,28.94,29.17,30.75,28.5,28.53,29.16,28.62,29.05
2023-12-13 09:05:50,1354,2023-12-13 09:06:00,48E7295348F8,28.25,26.62,28.75,29.25,30.75,28.45,28.5,29.14,28.61,29.03
2023-12-13 09:08:52,1355,2023-12-13 09:09:04,48E7295348F8,28.25,27.44,28.69,29.12,30.75,28.44,28.48,29.12,28.56,29.0
2023-12-13 09:11:50,1356,2023-12-13 09:12:03,48E7295348F8,28.19,27.62,29.0,29.25,30.5,28.41,28.44,29.06,28.58,28.95
2023-12-13 09:14:47,1357,2023-12-13 09:15:02,48E7295348F8,28.25,27.25,28.75,29.25,30.5,28.38,28.42,29.06,28.53,28.94
2023-12-13 09:17:44,1358,2023-12-13 09:18:00,48E7295348F8,28.19,27.44,28.75,29.25,30.5,28.38,28.41,29.06,28.53,28.94
2023-12-13 09:20:47,1359,2023-12-13 09:21:04,48E7295348F8,28.0,27.19,28.31,29.0,30.5,28.36,28.39,29.05,28.5,28.89
2023-12-13 09:21:09,1360,2023-12-13 09:21:02,48E7295348F8,28.25,27.75,28.12,28.81,30.5,28.34,28.38,29.06,28.48,28.89
2023-12-13 09:24:06,1361,2023-12-13 09:24:00,48E7295348F8,27.94,27.0,28.5,29.0,30.5,28.33,28.36,29.0,28.5,28.88
2023-12-13 09:27:09,1362,2023-12-13 09:27:02,48E7295348F8,28.12,27.06,28.75,28.69,30.56,28.31,28.34,28.98,28.48,28.86
2023-12-13 09:30:06,1363,2023-12-13 09:30:00,48E7295348F8,28.0,27.44,28.69,29.25,30.5,28.27,28.34,28.95,28.45,28.81
2023-12-13 09:33:09,1364,2023-12-13 09:33:02,48E7295348F8,28.0,27.12,28.62,29.19,30.5,28.27,28.31,28.92,28.44,28.78
2023-12-13 09:36:06,1365,2023-12-13 09:36:00,48E7295348F8,28.0,27.19,28.19,29.19,30.19,28.23,28.3,28.92,28.39,28.75
2023-12-13 09:39:09,1366,2023-12-13 09:39:02,48E7295348F8,28.0,27.5,28.56,28.38,30.19,28.22,28.25,28.89,28.38,28.73
2023-12-13 09:42:06,1367,2023-12-13 09:42:00,48E7295348F8,27.69,27.0,28.5,29.0,30.25,28.19,28.25,28.84,28.38,28.69
2023-12-13 09:45:08,1368,2023-12-13 09:45:03,48E7295348F8,28.0,27.44,28.5,28.88,30.19,28.17,28.22,28.81,28.31,28.66
2023-12-13 09:48:06,1369,2023-12-13 09:48:00,48E7295348F8,27.75,27.25,28.25,28.94,30.25,28.14,28.2,28.8,28.31,28.66
2023-12-13 09:51:08,1370,2023-12-13 09:51:03,48E7295348F8,27.75,26.75,28.44,28.5,30.19,28.16,28.2,28.81,28.31,28.67
2023-12-13 09:54:05,1371,2023-12-13 09:54:01,48E7295348F8,27.88,27.38,28.56,29.06,30.25,28.16,28.19,28.81,28.31,28.66
2023-12-13 09:57:08,1372,2023-12-13 09:57:03,48E7295348F8,27.75,26.94,28.5,29.0,30.31,28.12,28.17,28.75,28.25,28.62
2023-12-13 10:00:05,1373,2023-12-13 10:00:01,48E7295348F8,27.94,27.25,28.75,29.06,30.12,28.08,28.12,28.73,28.25,28.56
2023-12-13 10:03:08,1374,2023-12-13 10:03:04,48E7295348F8,27.94,26.88,28.56,28.94,30.19,28.05,28.12,28.7,28.22,28.55
2023-12-13 10:06:05,1375,2023-12-13 10:06:02,48E7295348F8,27.69,27.0,27.75,28.75,30.0,28.02,28.08,28.69,28.19,28.55
2023-12-13 10:09:08,1376,2023-12-13 10:09:05,48E7295348F8,27.75,27.12,28.25,28.62,30.12,28.02,28.06,28.66,28.17,28.5
2023-12-13 10:12:05,1377,2023-12-13 10:12:02,48E7295348F8,27.75,26.88,28.0,28.75,29.94,28.0,28.06,28.62,28.17,28.5
2023-12-13 10:15:02,1378,2023-12-13 10:15:00,48E7295348F8,27.94,27.62,28.25,28.5,30.0,27.98,28.02,28.61,28.12,28.5
2023-12-13 10:18:05,1379,2023-12-13 10:18:03,48E7295348F8,27.5,26.75,27.81,28.62,29.94,28.0,28.06,28.64,28.14,28.5
2023-12-13 10:21:09,1380,2023-12-13 10:21:02,48E7295348F8,27.69,27.0,28.0,28.44,30.0,28.0,28.02,28.62,28.12,28.48
2023-12-13 10:24:11,1381,2023-12-13 10:24:04,48E7295348F8,27.5,26.88,28.0,28.62,29.88,28.0,28.02,28.61,28.11,28.45
2023-12-13 10:27:08,1382,2023-12-13 10:27:02,48E7295348F8,27.75,27.19,28.06,28.75,30.0,27.94,28.0,28.56,28.11,28.44
2023-12-13 10:30:11,1383,2023-12-13 10:30:04,48E7295348F8,27.5,27.0,27.94,28.5,29.75,27.94,28.0,28.56,28.06,28.44
2023-12-13 10:33:08,1384,2023-12-13 10:33:02,48E7295348F8,27.75,26.38,28.0,28.19,29.81,27.92,27.95,28.53,28.05,28.41
2023-12-13 10:36:11,1385,2023-12-13 10:36:04,48E7295348F8,27.69,27.12,28.0,28.12,29.75,27.89,27.94,28.53,28.03,28.38
2023-12-13 10:39:08,1386,2023-12-13 10:39:02,48E7295348F8,27.5,26.75,27.94,28.67,30.0,27.88,27.94,28.52,28.02,28.39
2023-12-13 10:42:11,1387,2023-12-13 10:42:05,48E7295348F8,27.69,27.06,28.19,28.5,30.0,27.84,27.91,28.5,28.0,28.38
2023-12-13 10:45:08,1388,2023-12-13 10:45:02,48E7295348F8,27.19,26.62,28.06,28.69,29.56,27.83,27.86,28.47,27.98,28.31
2023-12-13 10:48:10,1389,2023-12-13 10:48:05,48E7295348F8,27.44,26.56,28.06,28.62,29.81,27.83,27.86,28.47,27.97,28.33
2023-12-13 10:51:08,1390,2023-12-13 10:51:02,48E7295348F8,27.56,27.25,28.0,28.58,29.69,27.83,27.86,28.45,27.96,28.31
2023-12-13 10:54:05,1391,2023-12-13 10:54:00,48E7295348F8,27.5,26.75,28.12,28.44,29.69,27.83,27.89,28.48,27.98,28.34
2023-12-13 10:57:07,1392,2023-12-13 10:57:02,48E7295348F8,27.31,26.38,27.75,28.25,29.62,27.84,27.88,28.5,27.95,28.36
2023-12-13 11:00:05,1393,2023-12-13 11:00:00,48E7295348F8,27.5,26.62,28.0,28.38,29.75,27.81,27.89,28.5,27.94,28.31
2023-12-13 11:03:07,1394,2023-12-13 11:03:02,48E7295348F8,27.5,26.75,28.0,28.56,29.5,27.83,27.88,28.45,27.98,28.33
2023-12-13 11:06:05,1395,2023-12-13 11:06:00,48E7295348F8,27.38,26.56,28.0,28.25,29.56,27.83,27.88,28.47,28.0,28.33
2023-12-13 11:09:07,1396,2023-12-13 11:09:02,48E7295348F8,27.44,26.88,27.94,28.33,29.56,27.84,27.88,28.48,28.0,28.33
2023-12-13 11:12:04,1397,2023-12-13 11:12:00,48E7295348F8,27.5,27.0,27.81,28.12,29.5,27.88,27.88,28.5,28.0,28.36
2023-12-13 11:15:07,1398,2023-12-13 11:15:02,48E7295348F8,27.31,26.75,28.0,28.25,29.5,27.88,27.92,28.5,28.0,28.38
2023-12-13 11:18:04,1399,2023-12-13 11:18:00,48E7295348F8,27.5,26.88,27.81,28.38,29.5,27.88,27.94,28.47,28.0,28.38
2023-12-13 11:21:08,1400,2023-12-13 11:21:02,48E7295348F8,27.44,26.44,27.75,27.88,29.44,27.89,27.92,28.52,28.0,28.38
2023-12-13 11:24:11,1401,2023-12-13 11:24:05,48E7295348F8,27.5,26.62,28.0,27.94,29.38,27.88,27.94,28.52,28.03,28.38
2023-12-13 11:27:08,1402,2023-12-13 11:27:02,48E7295348F8,27.25,26.44,28.0,28.17,29.69,27.88,27.92,28.5,28.0,28.38
2023-12-13 11:30:10,1403,2023-12-13 11:30:05,48E7295348F8,27.38,26.75,28.0,28.25,29.69,27.81,27.88,28.45,27.96,28.34
2023-12-13 11:33:08,1404,2023-12-13 11:33:02,48E7295348F8,27.25,26.69,28.0,28.38,29.38,27.81,27.84,28.44,27.94,28.31
2023-12-13 12:21:11,1,2023-12-13 12:21:03,48E7295348F8,nan,24.64,24.91,24.45,24.9,nan,24.99,25.33,24.77,25.09
2023-12-13 12:24:18,2,2023-12-13 12:24:03,48E7295348F8,nan,25.0,25.12,24.69,25.0,nan,25.42,25.69,25.11,25.38
2023-12-13 12:27:26,3,2023-12-13 12:27:00,48E7295348F8,25.5,25.12,25.25,24.75,25.0,26.3,25.86,26.06,25.38,25.52
2023-12-13 12:30:39,4,2023-12-13 12:30:00,48E7295348F8,26.0,25.62,25.69,25.0,25.31,26.7,26.3,26.42,25.62,25.75
2023-12-13 12:33:57,5,2023-12-13 12:33:03,48E7295348F8,26.5,25.94,26.0,25.25,25.56,27.19,26.73,26.8,25.95,26.06
2023-12-13 12:37:10,6,2023-12-13 12:36:01,48E7295348F8,27.0,26.44,26.25,25.56,25.69,27.61,27.08,27.12,26.2,26.31
2023-12-13 12:40:28,7,2023-12-13 12:39:03,48E7295348F8,27.25,26.88,26.62,25.75,26.0,27.81,27.38,27.39,26.42,26.5
2023-12-13 12:43:41,8,2023-12-13 12:42:00,48E7295348F8,27.31,27.0,26.81,26.0,26.25,28.05,27.62,27.59,26.62,26.69
2023-12-13 12:46:59,9,2023-12-13 12:45:01,48E7295348F8,27.75,27.25,27.0,26.12,26.44,28.2,27.81,27.78,26.78,26.81
2023-12-13 12:50:17,10,2023-12-13 12:48:02,48E7295348F8,28.0,27.5,27.25,26.25,26.44,28.39,27.88,27.88,26.89,26.91
2023-12-13 12:53:35,11,2023-12-13 12:51:03,48E7295348F8,27.88,27.38,27.06,26.25,26.5,28.52,27.98,27.98,27.0,27.05
2023-12-13 12:56:54,12,2023-12-13 12:54:04,48E7295348F8,28.12,27.5,27.25,26.25,26.62,28.64,28.12,28.08,27.11,27.11
2023-12-13 13:00:06,13,2023-12-13 12:57:00,48E7295348F8,28.06,27.69,27.25,26.5,26.75,28.72,28.19,28.14,27.19,27.19
2023-12-13 13:03:25,14,2023-12-13 13:00:01,48E7295348F8,28.25,27.75,27.38,26.5,26.75,28.78,28.25,28.22,27.25,27.25
2023-12-13 13:06:43,15,2023-12-13 13:03:02,48E7295348F8,28.31,27.75,27.5,26.62,26.75,28.81,28.33,28.27,27.3,27.25
2023-12-13 13:10:01,16,2023-12-13 13:06:02,48E7295348F8,28.31,27.75,27.5,26.69,26.75,28.92,28.38,28.31,27.33,27.31
2023-12-13 13:13:19,17,2023-12-13 13:09:03,48E7295348F8,28.44,27.75,27.5,26.75,26.75,28.97,28.41,28.39,27.38,27.34
2023-12-13 13:16:37,18,2023-12-13 13:12:04,48E7295348F8,28.31,27.75,27.56,26.75,26.88,29.0,28.45,28.41,27.39,27.38
2023-12-13 13:19:55,19,2023-12-13 13:15:04,48E7295348F8,28.25,27.81,27.56,26.75,26.81,29.06,28.5,28.44,27.45,27.41
2023-12-13 13:21:10,20,2023-12-13 13:21:04,48E7295348F8,28.25,28.0,27.75,26.75,26.81,29.05,28.5,28.45,27.44,27.39
2023-12-13 13:24:07,21,2023-12-13 13:24:01,48E7295348F8,28.31,27.88,27.75,26.75,27.0,29.06,28.5,28.44,27.45,27.42
2023-12-13 13:27:10,22,2023-12-13 13:27:04,48E7295348F8,28.5,28.0,27.75,26.88,27.0,29.09,28.53,28.47,27.48,27.42
2023-12-13 13:30:07,23,2023-12-13 13:30:01,48E7295348F8,28.31,27.69,27.56,26.75,27.0,29.06,28.55,28.48,27.47,27.45
2023-12-13 13:33:09,24,2023-12-13 13:33:04,48E7295348F8,28.5,28.0,27.69,26.75,26.94,29.11,28.55,28.5,27.48,27.47
2023-12-13 13:36:07,25,2023-12-13 13:36:01,48E7295348F8,28.44,27.94,27.69,26.75,27.0,29.12,28.56,28.48,27.5,27.44
2023-12-13 13:39:09,26,2023-12-13 13:39:03,48E7295348F8,28.5,27.88,27.69,26.81,26.94,29.12,28.56,28.5,27.48,27.42
2023-12-13 13:42:07,27,2023-12-13 13:42:01,48E7295348F8,28.5,27.94,27.75,26.88,27.0,29.12,28.56,28.5,27.5,27.47
2023-12-13 13:45:09,28,2023-12-13 13:45:03,48E7295348F8,28.31,27.94,27.69,26.75,26.81,29.12,28.53,28.5,27.48,27.42
2023-12-13 13:48:06,29,2023-12-13 13:48:01,48E7295348F8,28.56,27.94,27.88,26.94,27.0,29.11,28.53,28.48,27.5,27.42
2023-12-13 13:51:09,30,2023-12-13 13:51:03,48E7295348F8,28.44,28.0,27.62,26.75,26.81,29.12,28.53,28.48,27.48,27.42
2023-12-13 13:54:06,31,2023-12-13 13:54:00,48E7295348F8,28.5,27.88,27.56,26.75,26.88,29.09,28.53,28.47,27.47,27.42
2023-12-13 13:57:09,32,2023-12-13 13:57:03,48E7295348F8,28.44,27.94,27.62,26.75,27.0,29.08,28.55,28.48,27.47,27.39
2023-12-13 14:00:07,33,2023-12-13 14:00:00,48E7295348F8,28.5,28.0,27.75,26.81,27.0,29.06,28.52,28.45,27.44,27.41
2023-12-13 14:03:09,34,2023-12-13 14:03:03,48E7295348F8,28.25,27.88,27.5,26.75,26.75,29.06,28.5,28.45,27.45,27.36
2023-12-13 14:06:06,35,2023-12-13 14:06:00,48E7295348F8,28.31,28.0,27.69,26.75,26.94,29.03,28.5,28.44,27.42,27.36
2023-12-13 14:09:08,36,2023-12-13 14:09:03,48E7295348F8,28.31,27.88,27.56,26.75,26.88,29.06,28.5,28.45,27.44,27.34
2023-12-13 14:12:06,37,2023-12-13 14:12:00,48E7295348F8,28.25,27.88,27.62,26.69,26.75,29.05,28.5,28.41,27.41,27.38
2023-12-13 14:15:08,38,2023-12-13 14:15:03,48E7295348F8,28.25,27.69,27.69,26.75,26.75,29.0,28.45,28.41,27.39,27.33
2023-12-13 14:18:06,39,2023-12-13 14:18:00,48E7295348F8,28.5,27.94,27.75,26.75,26.94,29.0,28.44,28.39,27.38,27.33
2023-12-13 14:21:09,40,2023-12-13 14:21:03,48E7295348F8,28.25,27.75,27.56,26.75,26.75,29.02,28.44,28.39,27.34,27.31
2023-12-13 14:24:07,41,2023-12-13 14:24:00,48E7295348F8,28.25,27.69,27.62,26.75,26.75,29.0,28.44,28.39,27.38,27.31
2023-12-13 14:27:09,42,2023-12-13 14:27:03,48E7295348F8,28.25,27.69,27.5,26.62,26.75,28.98,28.42,28.38,27.36,27.31
2023-12-13 14:30:07,43,2023-12-13 14:30:01,48E7295348F8,28.25,27.81,27.5,26.5,26.75,28.95,28.38,28.36,27.31,27.28
2023-12-13 14:33:09,44,2023-12-13 14:33:04,48E7295348F8,28.25,27.75,27.44,26.75,26.75,28.95,28.39,28.34,27.31,27.28
2023-12-13 14:36:07,45,2023-12-13 14:36:01,48E7295348F8,28.25,27.62,27.5,26.5,26.69,28.94,28.38,28.31,27.3,27.23
2023-12-13 14:39:09,46,2023-12-13 14:39:04,48E7295348F8,28.19,27.75,27.5,26.5,26.75,28.92,28.38,28.31,27.27,27.22
2023-12-13 14:42:06,47,2023-12-13 14:42:01,48E7295348F8,28.25,27.69,27.5,26.56,26.69,28.92,28.38,28.28,27.27,27.22
2023-12-13 14:45:09,48,2023-12-13 14:45:04,48E7295348F8,28.25,27.88,27.5,26.5,26.75,28.88,28.33,28.27,27.28,27.22
2023-12-13 14:48:06,49,2023-12-13 14:48:01,48E7295348F8,28.0,27.81,27.5,26.62,26.5,28.88,28.36,28.27,27.25,27.2
2023-12-13 14:51:09,50,2023-12-13 14:51:04,48E7295348F8,28.0,27.44,27.44,26.5,26.5,28.89,28.31,28.25,27.27,27.19
2023-12-13 14:54:06,51,2023-12-13 14:54:01,48E7295348F8,28.12,27.69,27.5,26.62,26.75,28.84,28.31,28.25,27.25,27.19
2023-12-13 14:57:09,52,2023-12-13 14:57:04,48E7295348F8,28.19,27.62,27.38,26.5,26.69,28.83,28.3,28.23,27.23,27.17
2023-12-13 15:00:06,53,2023-12-13 15:00:02,48E7295348F8,28.25,27.69,27.5,26.5,26.75,28.8,28.3,28.2,27.23,27.16
2023-12-13 15:03:08,54,2023-12-13 15:03:05,48E7295348F8,28.12,27.56,27.5,26.5,26.75,28.77,28.25,28.2,27.19,27.14
2023-12-13 15:06:06,55,2023-12-13 15:06:02,48E7295348F8,28.0,27.62,27.5,26.5,26.75,28.75,28.27,28.19,27.22,27.12
2023-12-13 15:09:03,56,2023-12-13 15:09:00,48E7295348F8,28.12,27.69,27.44,26.56,26.75,28.75,28.25,28.19,27.22,27.12
2023-12-13 15:12:06,57,2023-12-13 15:12:03,48E7295348F8,28.12,27.75,27.5,26.5,26.75,28.77,28.25,28.17,27.19,27.12
2023-12-13 15:15:03,58,2023-12-13 15:15:00,48E7295348F8,28.12,27.69,27.5,26.62,26.75,28.75,28.25,28.17,27.19,27.14
2023-12-13 15:18:06,59,2023-12-13 15:18:03,48E7295348F8,28.25,27.69,27.5,26.5,26.75,28.75,28.22,28.17,27.16,27.12
2023-12-13 15:21:09,60,2023-12-13 15:21:03,48E7295348F8,28.06,27.62,27.31,26.5,26.69,28.73,28.25,28.17,27.19,27.11
2023-12-13 15:24:07,61,2023-12-13 15:24:00,48E7295348F8,28.25,27.69,27.31,26.5,26.75,28.75,28.25,28.19,27.17,27.12
2023-12-13 15:27:09,62,2023-12-13 15:27:03,48E7295348F8,28.06,27.75,27.44,26.5,26.62,28.73,28.25,28.19,27.19,27.12
2023-12-13 15:30:07,63,2023-12-13 15:30:01,48E7295348F8,28.19,27.62,27.5,26.5,26.75,28.73,28.2,28.12,27.12,27.06
2023-12-13 15:33:09,64,2023-12-13 15:33:03,48E7295348F8,28.19,27.62,27.5,26.5,26.75,28.73,28.19,28.12,27.12,27.08
2023-12-13 15:36:06,65,2023-12-13 15:36:01,48E7295348F8,28.25,27.75,27.5,26.5,26.75,28.69,28.19,28.12,27.12,27.05
2023-12-13 15:39:09,66,2023-12-13 15:39:03,48E7295348F8,28.0,27.62,27.25,26.5,26.56,28.69,28.19,28.11,27.12,27.03
2023-12-13 15:42:06,67,2023-12-13 15:42:01,48E7295348F8,28.0,27.75,27.5,26.5,26.56,28.69,28.17,28.09,27.11,27.03
2023-12-13 15:45:09,68,2023-12-13 15:45:04,48E7295348F8,28.25,27.75,27.69,26.56,26.75,28.66,28.14,28.09,27.06,27.03
2023-12-13 15:48:06,69,2023-12-13 15:48:01,48E7295348F8,28.0,27.62,27.5,26.5,26.69,28.66,28.14,28.06,27.06,27.0
2023-12-13 15:51:08,70,2023-12-13 15:51:04,48E7295348F8,28.0,27.75,27.5,26.5,26.75,28.62,28.12,28.06,27.06,27.0
2023-12-13 15:54:06,71,2023-12-13 15:54:01,48E7295348F8,28.19,27.62,27.44,26.5,26.75,28.66,28.12,28.06,27.06,27.0
2023-12-13 15:57:08,72,2023-12-13 15:57:04,48E7295348F8,28.0,27.5,27.25,26.44,26.5,28.62,28.12,28.06,27.05,27.0
2023-12-13 16:00:06,73,2023-12-13 16:00:02,48E7295348F8,28.25,27.75,27.5,26.69,26.75,28.62,28.11,28.02,27.05,27.0
2023-12-13 16:03:08,74,2023-12-13 16:03:04,48E7295348F8,28.19,27.44,27.5,26.5,26.56,28.62,28.11,28.02,27.0,26.97
2023-12-13 16:06:05,75,2023-12-13 16:06:02,48E7295348F8,28.25,27.56,27.5,26.62,26.56,28.61,28.09,28.03,27.05,26.97
2023-12-13 16:09:08,76,2023-12-13 16:09:05,48E7295348F8,28.0,27.62,27.44,26.5,26.62,28.59,28.11,28.02,27.02,26.98
2023-12-13 16:12:05,77,2023-12-13 16:12:02,48E7295348F8,28.0,27.62,27.44,26.56,26.69,28.59,28.11,28.02,27.03,26.95
2023-12-13 16:15:02,78,2023-12-13 16:15:00,48E7295348F8,28.19,27.69,27.5,26.5,26.75,28.62,28.09,28.03,27.0,26.97
2023-12-13 16:18:05,79,2023-12-13 16:18:03,48E7295348F8,27.75,27.5,27.25,26.38,26.38,28.58,28.09,28.03,27.05,26.97
2023-12-13 16:21:09,80,2023-12-13 16:21:02,48E7295348F8,28.0,27.44,27.25,26.5,26.5,28.59,28.08,28.02,27.02,26.97
2023-12-13 16:24:11,81,2023-12-13 16:24:04,48E7295348F8,27.81,27.44,27.25,26.25,26.38,28.56,28.06,28.0,27.0,26.95
2023-12-13 16:27:09,82,2023-12-13 16:27:02,48E7295348F8,28.0,27.44,27.25,26.31,26.5,28.56,28.06,27.98,26.98,26.94
2023-12-13 16:30:11,83,2023-12-13 16:30:04,48E7295348F8,28.0,27.38,27.25,26.38,26.5,28.56,28.06,27.94,26.98,26.92
2023-12-13 16:33:08,84,2023-12-13 16:33:02,48E7295348F8,27.88,27.38,27.25,26.25,26.31,28.5,28.05,27.95,26.97,26.91
2023-12-13 16:36:11,85,2023-12-13 16:36:04,48E7295348F8,27.88,27.44,27.25,26.31,26.44,28.52,28.02,27.95,26.94,26.91
2023-12-13 16:39:08,86,2023-12-13 16:39:01,48E7295348F8,27.75,27.5,27.25,26.31,26.38,28.52,28.0,27.94,26.95,26.88
2023-12-13 16:42:11,87,2023-12-13 16:42:04,48E7295348F8,28.0,27.38,27.44,26.38,26.5,28.52,28.0,27.95,26.94,26.88
2023-12-13 16:45:08,88,2023-12-13 16:45:01,48E7295348F8,28.06,27.62,27.38,26.5,26.62,28.5,28.0,27.95,26.94,26.88
2023-12-13 16:48:11,89,2023-12-13 16:48:04,48E7295348F8,28.25,27.62,27.5,26.69,26.81,28.52,28.0,27.92,26.95,26.92
2023-12-13 16:51:08,90,2023-12-13 16:51:01,48E7295348F8,28.88,28.25,28.06,27.25,27.25,28.53,28.05,27.98,26.95,26.94
2023-12-13 16:54:10,91,2023-12-13 16:54:04,48E7295348F8,28.75,28.25,28.0,27.19,27.06,28.61,28.09,28.0,27.06,27.0
2023-12-13 16:57:08,92,2023-12-13 16:57:01,48E7295348F8,28.62,28.06,28.0,27.25,27.0,28.7,28.19,28.12,27.14,27.12
2023-12-13 17:00:11,93,2023-12-13 17:00:03,48E7295348F8,28.75,28.12,28.0,27.06,27.25,28.8,28.27,28.25,27.25,27.25
2023-12-13 17:03:07,94,2023-12-13 17:03:00,48E7295348F8,28.75,28.12,28.0,27.19,27.19,28.94,28.38,28.38,27.38,27.34
2023-12-13 17:06:10,95,2023-12-13 17:06:02,48E7295348F8,28.88,28.12,28.06,27.31,27.31,29.03,28.47,28.44,27.48,27.48
2023-12-13 17:09:12,96,2023-12-13 17:09:04,48E7295348F8,29.0,28.44,28.25,27.5,27.44,29.12,28.56,28.55,27.59,27.55
2023-12-13 17:12:10,97,2023-12-13 17:12:01,48E7295348F8,29.25,28.5,28.31,27.69,27.5,29.2,28.66,28.62,27.69,27.69
2023-12-13 17:15:12,98,2023-12-13 17:15:03,48E7295348F8,29.25,28.38,28.44,27.5,27.75,29.31,28.75,28.73,27.78,27.81
2023-12-13 17:18:10,99,2023-12-13 17:18:00,48E7295348F8,29.06,28.62,28.25,27.5,27.62,29.39,28.89,28.86,27.81,27.81
2023-12-13 17:21:08,100,2023-12-13 17:21:02,48E7295348F8,29.25,28.75,28.5,27.62,27.75,29.5,28.98,28.94,27.89,27.91
2023-12-13 17:24:11,101,2023-12-13 17:24:04,48E7295348F8,29.44,28.81,28.75,27.75,27.81,29.58,29.08,29.02,27.95,27.95
2023-12-13 17:27:08,102,2023-12-13 17:27:02,48E7295348F8,29.31,28.75,28.75,27.88,27.94,29.62,29.12,29.09,28.03,28.05
2023-12-13 17:30:11,103,2023-12-13 17:30:04,48E7295348F8,29.5,29.0,28.75,28.0,28.0,29.69,29.19,29.17,28.09,28.11
2023-12-13 17:33:08,104,2023-12-13 17:33:01,48E7295348F8,29.5,29.0,28.75,27.81,27.94,29.73,29.23,29.22,28.14,28.14
2023-12-13 17:36:10,105,2023-12-13 17:36:03,48E7295348F8,29.5,29.12,28.75,27.94,28.0,29.77,29.27,29.25,28.19,28.16
2023-12-13 17:39:08,106,2023-12-13 17:39:00,48E7295348F8,29.5,29.12,28.94,27.94,28.0,29.81,29.3,29.28,28.19,28.22
2023-12-13 17:42:10,107,2023-12-13 17:42:03,48E7295348F8,29.5,29.0,29.0,28.0,28.12,29.84,29.36,29.31,28.25,28.23
2023-12-13 17:45:07,108,2023-12-13 17:45:00,48E7295348F8,29.5,28.88,28.75,27.75,27.88,29.88,29.38,29.33,28.28,28.27
2023-12-13 17:48:10,109,2023-12-13 17:48:02,48E7295348F8,29.56,29.19,29.0,28.0,28.0,29.92,29.39,29.38,28.31,28.28
2023-12-13 17:51:12,110,2023-12-13 17:51:04,48E7295348F8,29.81,29.19,29.0,28.12,28.25,29.94,29.42,29.41,28.31,28.3
2023-12-13 17:54:10,111,2023-12-13 17:54:01,48E7295348F8,29.75,29.12,28.88,28.06,28.06,29.94,29.44,29.42,28.33,28.31
2023-12-13 17:57:12,112,2023-12-13 17:57:03,48E7295348F8,29.75,29.19,29.12,28.25,28.25,29.94,29.47,29.42,28.36,28.34
2023-12-13 18:00:09,113,2023-12-13 18:00:00,48E7295348F8,29.56,29.0,28.88,28.0,28.0,29.97,29.45,29.44,28.38,28.33
2023-12-13 18:03:12,114,2023-12-13 18:03:02,48E7295348F8,29.19,27.5,28.25,26.75,26.38,30.0,29.47,29.47,28.39,28.38
2023-12-13 18:06:14,115,2023-12-13 18:06:04,48E7295348F8,29.69,28.12,28.62,27.12,27.5,30.11,29.61,29.58,28.5,28.52
2023-12-13 18:09:12,116,2023-12-13 18:09:00,48E7295348F8,29.56,28.25,28.62,27.12,27.62,30.22,29.72,29.72,28.66,28.66
2023-12-13 18:12:14,117,2023-12-13 18:12:02,48E7295348F8,28.94,27.38,27.56,25.81,26.5,30.31,29.88,29.81,28.8,28.83
2023-12-13 18:15:17,118,2023-12-13 18:15:04,48E7295348F8,29.5,28.0,28.75,27.12,27.25,30.42,29.98,29.95,28.97,28.98
2023-12-13 18:18:14,119,2023-12-13 18:18:00,48E7295348F8,29.88,28.62,29.12,27.56,28.0,30.55,30.12,30.09,29.11,29.11
2023-12-13 18:21:07,120,2023-12-13 18:21:02,48E7295348F8,29.19,28.25,28.62,27.19,27.44,30.64,30.23,30.23,29.19,29.25
2023-12-13 18:24:10,121,2023-12-13 18:24:04,48E7295348F8,29.94,29.12,29.31,28.0,28.31,30.75,30.25,30.25,29.31,29.34
2023-12-13 18:27:07,122,2023-12-13 18:27:01,48E7295348F8,29.5,28.31,28.62,26.94,27.75,30.86,30.36,30.33,29.38,29.41
2023-12-13 18:30:10,123,2023-12-13 18:30:03,48E7295348F8,29.69,28.56,28.88,27.56,27.69,30.94,30.42,30.42,29.45,29.5
2023-12-13 18:33:07,124,2023-12-13 18:33:00,48E7295348F8,30.12,28.75,29.44,28.06,28.31,30.95,30.5,30.48,29.5,29.53
2023-12-13 18:36:09,125,2023-12-13 18:36:02,48E7295348F8,30.06,28.88,29.44,27.94,28.19,31.0,30.53,30.53,29.56,29.59
2023-12-13 18:39:12,126,2023-12-13 18:39:04,48E7295348F8,30.06,28.75,29.19,27.94,28.06,31.06,30.56,30.56,29.62,29.62
2023-12-13 18:42:09,127,2023-12-13 18:42:01,48E7295348F8,29.69,28.75,29.38,27.88,27.88,31.12,30.62,30.59,29.67,29.66
2023-12-13 18:45:12,128,2023-12-13 18:45:03,48E7295348F8,29.44,28.62,28.56,27.31,27.62,31.16,30.69,30.64,29.69,29.72
2023-12-13 18:48:09,129,2023-12-13 18:48:00,48E7295348F8,31.0,29.75,29.94,28.5,28.94,31.19,30.69,30.69,29.72,29.73
2023-12-13 18:51:12,130,2023-12-13 18:51:02,48E7295348F8,30.38,29.12,29.62,27.62,28.44,31.22,30.7,30.7,29.73,29.75
2023-12-13 18:54:14,131,2023-12-13 18:54:04,48E7295348F8,29.62,28.56,28.81,27.12,27.88,31.25,30.75,30.73,29.75,29.75
2023-12-13 18:57:11,132,2023-12-13 18:57:00,48E7295348F8,30.62,29.44,29.88,28.38,28.75,31.25,30.77,30.75,29.78,29.78
2023-12-13 19:00:14,133,2023-12-13 19:00:02,48E7295348F8,29.75,28.69,28.69,27.75,27.88,31.3,30.77,30.75,29.78,29.8
2023-12-13 19:03:16,134,2023-12-13 19:03:04,48E7295348F8,30.19,29.06,29.44,28.25,28.25,31.31,30.78,30.77,29.81,29.81
2023-12-13 19:06:14,135,2023-12-13 19:06:01,48E7295348F8,30.06,29.31,29.5,28.19,28.5,31.3,30.81,30.81,29.83,29.83
2023-12-13 19:09:16,136,2023-12-13 19:09:03,48E7295348F8,30.06,29.06,29.06,27.88,28.31,31.31,30.83,30.81,29.86,29.84
2023-12-13 19:12:19,137,2023-12-13 19:12:05,48E7295348F8,30.94,29.94,30.0,28.69,29.19,31.34,30.83,30.83,29.88,29.86
2023-12-13 19:15:16,138,2023-12-13 19:15:01,48E7295348F8,30.62,29.5,29.5,27.81,28.75,31.36,30.83,30.83,29.89,29.88
2023-12-13 19:18:19,139,2023-12-13 19:18:03,48E7295348F8,29.94,29.12,28.94,27.69,28.19,31.36,30.88,30.84,29.86,29.86
2023-12-13 19:21:07,140,2023-12-13 19:21:00,48E7295348F8,30.12,28.75,29.38,27.38,28.25,31.38,30.84,30.83,29.88,29.84
2023-12-13 19:24:09,141,2023-12-13 19:24:03,48E7295348F8,30.56,29.19,29.62,28.19,28.38,31.36,30.88,30.81,29.88,29.88
2023-12-13 19:27:07,142,2023-12-13 19:27:00,48E7295348F8,30.0,29.06,29.25,27.81,28.19,31.39,30.86,30.84,29.88,29.84
2023-12-13 19:30:09,143,2023-12-13 19:30:02,48E7295348F8,30.06,28.94,29.44,28.19,28.0,31.38,30.88,30.86,29.89,29.88
2023-12-13 19:33:06,144,2023-12-13 19:33:00,48E7295348F8,30.81,29.75,30.06,28.5,29.06,31.38,30.88,30.86,29.89,29.89
2023-12-13 19:36:09,145,2023-12-13 19:36:02,48E7295348F8,30.44,29.25,29.5,28.38,28.5,31.38,30.88,30.88,29.91,29.92
2023-12-13 19:39:11,146,2023-12-13 19:39:05,48E7295348F8,30.69,28.88,29.69,28.12,28.0,31.39,30.89,30.89,29.92,29.92
2023-12-13 19:42:09,147,2023-12-13 19:42:02,48E7295348F8,30.44,28.88,29.81,28.31,28.25,31.39,30.91,30.89,29.94,29.94
2023-12-13 19:45:11,148,2023-12-13 19:45:04,48E7295348F8,30.31,29.5,29.5,28.44,28.56,31.42,30.94,30.88,29.92,29.92
2023-12-13 19:48:08,149,2023-12-13 19:48:01,48E7295348F8,30.44,28.75,29.44,28.06,27.62,31.44,30.94,30.89,29.92,29.92
2023-12-13 19:51:11,150,2023-12-13 19:51:04,48E7295348F8,30.38,29.19,29.56,28.25,28.31,31.44,30.94,30.92,29.94,29.94
2023-12-13 19:54:08,151,2023-12-13 19:54:01,48E7295348F8,30.75,29.69,29.94,28.75,28.94,31.44,30.94,30.91,29.94,29.94
2023-12-13 19:57:11,152,2023-12-13 19:57:04,48E7295348F8,29.94,28.81,29.06,27.81,27.81,31.42,30.92,30.94,29.95,29.94
2023-12-13 20:00:08,153,2023-12-13 20:00:01,48E7295348F8,30.12,29.12,29.31,28.12,28.31,31.44,30.91,30.91,29.94,29.94
2023-12-13 20:03:11,154,2023-12-13 20:03:03,48E7295348F8,30.75,29.81,30.12,28.88,29.19,31.44,30.94,30.92,29.94,29.94
2023-12-13 20:06:08,155,2023-12-13 20:06:01,48E7295348F8,30.81,29.94,30.19,28.75,29.56,31.44,30.92,30.94,29.92,29.95
2023-12-13 20:09:10,156,2023-12-13 20:09:03,48E7295348F8,30.44,29.19,29.44,28.12,28.56,31.44,30.92,30.94,29.94,29.94
2023-12-13 20:12:08,157,2023-12-13 20:12:01,48E7295348F8,30.69,29.5,29.94,28.44,28.38,31.44,30.94,30.94,29.95,29.94
2023-12-13 20:15:10,158,2023-12-13 20:15:03,48E7295348F8,29.56,28.56,28.62,27.19,27.62,31.44,30.94,30.92,29.94,29.94
2023-12-13 20:18:07,159,2023-12-13 20:18:00,48E7295348F8,30.56,29.0,29.81,28.06,27.88,31.44,30.94,30.94,29.94,29.95
2023-12-13 20:21:06,160,2023-12-13 20:21:00,48E7295348F8,30.0,29.0,29.44,28.25,28.19,31.42,30.94,30.94,29.94,29.94
2023-12-13 20:24:09,161,2023-12-13 20:24:02,48E7295348F8,29.81,29.0,29.38,28.19,27.88,31.44,30.92,30.92,29.94,29.94
2023-12-13 20:27:06,162,2023-12-13 20:27:00,48E7295348F8,31.06,30.06,29.94,28.69,29.31,31.44,30.94,30.94,29.94,29.94
2023-12-13 20:30:08,163,2023-12-13 20:30:02,48E7295348F8,30.69,29.5,29.88,28.38,28.56,31.44,30.94,30.94,29.95,29.94
2023-12-13 20:33:11,164,2023-12-13 20:33:05,48E7295348F8,30.44,29.5,29.25,28.12,28.81,31.44,30.97,30.94,29.97,29.97
2023-12-13 20:36:08,165,2023-12-13 20:36:02,48E7295348F8,30.44,28.94,29.94,28.44,28.0,31.47,30.95,30.95,29.94,29.95
2023-12-13 20:39:11,166,2023-12-13 20:39:04,48E7295348F8,30.5,29.75,29.62,28.31,29.12,31.48,30.97,30.94,29.97,29.95
2023-12-13 20:42:08,167,2023-12-13 20:42:01,48E7295348F8,30.12,29.0,29.12,27.81,28.25,31.47,30.97,30.95,30.0,29.98
2023-12-13 20:45:10,168,2023-12-13 20:45:04,48E7295348F8,30.31,29.31,29.75,28.44,28.56,31.48,30.97,30.97,30.0,29.98
2023-12-13 20:48:08,169,2023-12-13 20:48:01,48E7295348F8,30.75,29.56,29.44,28.19,28.88,31.47,30.98,30.95,29.97,29.97
2023-12-13 20:51:10,170,2023-12-13 20:51:03,48E7295348F8,30.38,28.75,29.31,28.06,28.12,31.48,30.95,30.94,30.0,29.97
2023-12-13 20:54:08,171,2023-12-13 20:54:01,48E7295348F8,30.56,28.94,29.75,28.25,28.19,31.45,30.94,30.94,29.98,30.0
2023-12-13 20:57:10,172,2023-12-13 20:57:03,48E7295348F8,30.0,28.69,29.38,28.0,27.5,31.45,30.98,30.95,30.0,29.95
2023-12-13 21:00:07,173,2023-12-13 21:00:00,48E7295348F8,31.12,29.88,30.25,28.88,29.06,31.47,30.95,30.94,29.95,29.94
2023-12-13 21:03:10,174,2023-12-13 21:03:03,48E7295348F8,30.62,29.5,29.75,27.88,28.88,31.45,30.94,30.94,29.94,29.95
2023-12-13 21:06:07,175,2023-12-13 21:06:00,48E7295348F8,30.31,29.12,29.69,28.38,27.94,31.45,30.98,30.94,29.94,29.98
2023-12-13 21:09:10,176,2023-12-13 21:09:02,48E7295348F8,30.0,28.94,28.88,27.81,28.19,31.45,30.95,30.94,29.97,29.97
2023-12-13 21:12:07,177,2023-12-13 21:12:00,48E7295348F8,30.62,29.31,30.0,28.75,28.5,31.47,30.97,30.95,29.98,30.0
2023-12-13 21:15:09,178,2023-12-13 21:15:02,48E7295348F8,31.06,29.62,29.94,28.5,29.0,31.48,30.97,30.94,29.98,30.0
2023-12-13 21:18:12,179,2023-12-13 21:18:04,48E7295348F8,30.5,29.25,29.69,28.44,28.38,31.48,30.98,30.95,29.97,29.97
2023-12-13 21:21:11,180,2023-12-13 21:21:04,48E7295348F8,29.75,28.81,28.88,27.44,28.19,31.47,30.95,30.95,30.0,29.98
2023-12-13 21:24:08,181,2023-12-13 21:24:01,48E7295348F8,30.62,29.56,29.81,28.44,28.94,31.5,30.95,30.97,30.0,29.97
2023-12-13 21:27:10,182,2023-12-13 21:27:03,48E7295348F8,29.56,28.62,28.38,27.19,27.62,31.5,30.98,30.97,29.98,29.98
2023-12-13 21:30:08,183,2023-12-13 21:30:01,48E7295348F8,31.12,29.5,30.38,28.5,28.81,31.45,30.94,30.95,29.97,29.97
2023-12-13 21:33:10,184,2023-12-13 21:33:03,48E7295348F8,30.88,29.38,29.69,27.88,29.0,31.47,30.94,30.94,29.95,29.94
2023-12-13 21:36:07,185,2023-12-13 21:36:01,48E7295348F8,30.31,28.5,29.06,27.5,27.56,31.45,30.95,30.95,29.94,29.94
2023-12-13 21:39:10,186,2023-12-13 21:39:03,48E7295348F8,30.5,29.31,29.62,28.0,28.5,31.47,30.94,30.94,29.95,29.95
2023-12-13 21:42:07,187,2023-12-13 21:42:00,48E7295348F8,29.81,28.81,28.88,27.56,28.12,31.47,30.94,30.94,29.95,29.94
2023-12-13 21:45:11,188,2023-12-13 21:45:03,48E7295348F8,30.25,29.0,29.5,28.44,28.31,31.45,30.97,30.95,29.95,29.94
2023-12-13 21:48:07,189,2023-12-13 21:48:00,48E7295348F8,30.62,29.5,29.81,28.5,29.0,31.44,30.95,30.94,29.98,29.95
2023-12-13 21:51:10,190,2023-12-13 21:51:03,48E7295348F8,31.06,29.69,30.06,28.5,28.88,31.45,30.97,30.94,29.95,29.94
2023-12-13 21:54:07,191,2023-12-13 21:54:00,48E7295348F8,31.44,30.06,30.44,28.88,29.69,31.45,30.94,30.94,29.94,29.94
2023-12-13 21:57:09,192,2023-12-13 21:57:02,48E7295348F8,30.31,28.75,29.0,27.31,28.12,31.44,30.95,30.94,29.95,29.94
2023-12-13 22:00:08,193,2023-12-13 22:00:00,48E7295348F8,29.94,28.62,29.19,27.81,27.62,31.44,30.95,30.94,29.95,29.92
2023-12-13 22:03:09,194,2023-12-13 22:03:02,48E7295348F8,30.94,29.94,30.12,28.62,29.31,31.44,30.97,30.94,29.95,29.94
2023-12-13 22:06:12,195,2023-12-13 22:06:05,48E7295348F8,30.31,29.06,29.06,27.69,28.19,31.44,30.94,30.94,29.97,29.92
2023-12-13 22:09:09,196,2023-12-13 22:09:02,48E7295348F8,30.06,28.94,29.38,27.88,27.88,31.44,30.94,30.94,29.95,29.94
2023-12-13 22:12:11,197,2023-12-13 22:12:04,48E7295348F8,30.94,29.38,29.75,27.94,28.44,31.47,30.95,30.95,29.95,29.94
2023-12-13 22:15:09,198,2023-12-13 22:15:02,48E7295348F8,29.31,28.5,28.31,27.0,27.62,31.45,30.94,30.94,29.97,29.94
2023-12-13 22:18:11,199,2023-12-13 22:18:04,48E7295348F8,30.25,29.19,29.38,28.0,28.38,31.48,30.98,30.95,29.97,29.95
2023-12-13 22:21:10,200,2023-12-13 22:21:04,48E7295348F8,30.38,29.0,29.38,27.69,28.5,31.47,30.97,30.94,29.98,29.94
2023-12-13 22:24:07,201,2023-12-13 22:24:01,48E7295348F8,29.81,28.44,29.06,27.62,27.44,31.45,31.0,30.95,29.98,29.95
2023-12-13 22:27:10,202,2023-12-13 22:27:04,48E7295348F8,29.94,28.69,29.44,27.88,27.81,31.45,30.98,30.94,29.98,29.95
2023-12-13 22:30:07,203,2023-12-13 22:30:01,48E7295348F8,30.88,29.44,30.0,28.75,28.75,31.47,30.94,30.94,29.97,29.94
2023-12-13 22:33:09,204,2023-12-13 22:33:04,48E7295348F8,30.56,29.31,29.5,28.12,28.19,31.47,30.95,30.94,29.95,29.97
2023-12-13 22:36:07,205,2023-12-13 22:36:01,48E7295348F8,30.0,29.0,29.25,28.31,28.06,31.47,30.97,30.94,30.0,29.97
2023-12-13 22:39:09,206,2023-12-13 22:39:03,48E7295348F8,29.81,28.25,28.5,27.0,27.06,31.47,30.98,30.95,29.98,29.98
2023-12-13 22:42:06,207,2023-12-13 22:42:01,48E7295348F8,29.94,28.62,28.75,27.19,27.69,31.48,30.97,30.94,29.98,29.97
2023-12-13 22:45:10,208,2023-12-13 22:45:03,48E7295348F8,30.25,29.56,29.69,28.25,28.81,31.5,31.0,30.98,30.0,30.0
2023-12-13 22:48:06,209,2023-12-13 22:48:00,48E7295348F8,29.94,29.06,29.31,28.0,28.25,31.5,30.97,30.98,30.02,29.95
2023-12-13 22:51:09,210,2023-12-13 22:51:03,48E7295348F8,29.88,28.88,29.25,27.88,28.19,31.48,31.0,30.98,30.0,30.0
2023-12-13 22:54:06,211,2023-12-13 22:54:00,48E7295348F8,30.81,30.06,30.06,28.62,29.38,31.47,30.97,30.97,30.0,30.0
2023-12-13 22:57:09,212,2023-12-13 22:57:03,48E7295348F8,29.94,28.69,29.06,27.81,27.94,31.5,31.0,31.0,30.02,29.98
2023-12-13 23:00:06,213,2023-12-13 23:00:00,48E7295348F8,30.19,29.06,29.56,28.19,28.25,31.5,30.98,30.98,30.0,30.0
2023-12-13 23:03:08,214,2023-12-13 23:03:02,48E7295348F8,30.56,28.94,29.62,28.12,28.06,31.5,31.0,31.0,30.0,30.0
2023-12-13 23:06:11,215,2023-12-13 23:06:05,48E7295348F8,30.25,28.88,29.56,28.06,28.19,31.5,31.0,31.0,30.0,30.0
2023-12-13 23:09:08,216,2023-12-13 23:09:02,48E7295348F8,30.25,29.25,29.06,27.75,28.62,31.5,31.0,30.97,30.02,30.0
2023-12-13 23:12:11,217,2023-12-13 23:12:04,48E7295348F8,30.81,29.44,29.94,28.44,28.69,31.47,30.97,30.98,30.02,29.97
2023-12-13 23:15:08,218,2023-12-13 23:15:02,48E7295348F8,30.25,29.06,29.0,27.44,28.19,31.48,30.97,30.98,29.98,29.94
2023-12-13 23:18:10,219,2023-12-13 23:18:04,48E7295348F8,29.75,29.12,28.81,27.19,28.19,31.48,30.95,30.98,29.97,29.94
2023-12-13 23:21:09,220,2023-12-13 23:21:03,48E7295348F8,29.0,28.44,28.25,27.0,27.56,31.45,30.94,30.94,30.0,29.95
2023-12-13 23:24:06,221,2023-12-13 23:24:00,48E7295348F8,30.38,28.94,29.75,28.0,28.19,31.48,30.97,30.95,30.0,29.94
2023-12-13 23:27:09,222,2023-12-13 23:27:03,48E7295348F8,31.12,30.5,30.56,29.12,29.88,31.47,30.97,30.94,30.0,29.94
2023-12-13 23:30:06,223,2023-12-13 23:30:00,48E7295348F8,30.44,29.56,29.69,28.12,28.75,31.44,30.94,30.98,29.95,29.94
2023-12-13 23:33:09,224,2023-12-13 23:33:02,48E7295348F8,30.31,29.25,29.31,27.69,28.44,31.48,30.94,30.94,29.98,29.92
2023-12-13 23:36:11,225,2023-12-13 23:36:05,48E7295348F8,30.12,28.94,29.31,27.94,27.94,31.45,30.95,30.97,30.0,29.94
2023-12-13 23:39:08,226,2023-12-13 23:39:02,48E7295348F8,30.06,29.0,29.0,27.56,28.38,31.47,30.97,30.94,30.0,29.95
2023-12-13 23:42:11,227,2023-12-13 23:42:04,48E7295348F8,30.31,29.5,29.81,28.56,28.88,31.44,30.94,30.94,29.97,29.94
2023-12-13 23:45:09,228,2023-12-13 23:45:02,48E7295348F8,31.12,29.5,30.31,28.62,28.62,31.44,30.94,30.94,29.94,29.94
2023-12-13 23:48:11,229,2023-12-13 23:48:04,48E7295348F8,29.69,28.62,29.06,27.81,27.75,31.45,30.94,30.92,29.98,29.94
2023-12-13 23:51:08,230,2023-12-13 23:51:01,48E7295348F8,30.12,29.38,29.19,27.75,28.69,31.44,30.94,30.95,29.95,29.94
2023-12-13 23:54:11,231,2023-12-13 23:54:04,48E7295348F8,29.94,28.81,29.0,27.62,28.0,31.44,30.94,30.91,29.95,29.92
2023-12-13 23:57:08,232,2023-12-13 23:57:01,48E7295348F8,29.69,28.75,28.81,27.44,27.81,31.44,30.94,30.89,29.95,29.92
2023-12-14 00:00:11,233,2023-12-14 00:00:03,48E7295348F8,30.19,28.81,29.19,27.56,27.88,31.44,30.92,30.88,29.92,29.88
2023-12-14 00:03:08,234,2023-12-14 00:03:01,48E7295348F8,29.19,28.38,28.94,27.81,27.44,31.42,30.92,30.88,29.94,29.88
2023-12-14 00:06:10,235,2023-12-14 00:06:03,48E7295348F8,29.19,27.44,28.38,27.06,26.5,31.38,30.88,30.88,29.88,29.84
2023-12-14 00:09:07,236,2023-12-14 00:09:00,48E7295348F8,29.38,27.25,28.0,26.56,26.81,31.19,30.73,30.72,29.77,29.75
2023-12-14 00:12:10,237,2023-12-14 00:12:03,48E7295348F8,27.88,26.5,27.0,26.12,25.88,30.75,30.42,30.45,29.53,29.52
2023-12-14 00:15:07,238,2023-12-14 00:15:01,48E7295348F8,28.56,27.31,27.69,26.5,26.94,30.45,30.22,30.25,29.31,29.3
2023-12-14 00:18:10,239,2023-12-14 00:18:04,48E7295348F8,29.5,27.5,28.94,26.62,27.25,30.38,30.06,30.14,29.17,29.14
2023-12-14 00:21:08,240,2023-12-14 00:21:02,48E7295348F8,29.5,27.69,28.56,26.56,27.06,30.36,30.05,30.11,29.12,29.16
2023-12-14 00:24:11,241,2023-12-14 00:24:05,48E7295348F8,29.12,27.75,28.5,26.81,27.12,30.38,30.06,30.12,29.12,29.17
2023-12-14 00:27:08,242,2023-12-14 00:27:02,48E7295348F8,29.19,27.25,28.25,26.31,26.56,30.42,30.06,30.12,29.12,29.19
2023-12-14 00:30:05,243,2023-12-14 00:30:00,48E7295348F8,30.38,28.94,29.75,27.75,28.69,30.42,30.08,30.17,29.17,29.19
2023-12-14 00:33:08,244,2023-12-14 00:33:02,48E7295348F8,28.25,26.5,27.25,25.69,25.94,30.5,30.17,30.19,29.22,29.25
2023-12-14 00:36:05,245,2023-12-14 00:36:00,48E7295348F8,29.25,27.56,28.31,26.62,26.0,30.56,30.17,30.19,29.22,29.25
2023-12-14 00:39:08,246,2023-12-14 00:39:02,48E7295348F8,29.94,28.44,29.06,26.81,28.25,30.38,30.09,30.12,29.12,29.17
2023-12-14 00:42:05,247,2023-12-14 00:42:00,48E7295348F8,27.56,26.44,27.12,25.81,25.06,30.27,29.97,30.05,29.08,29.09
2023-12-14 00:45:08,248,2023-12-14 00:45:03,48E7295348F8,30.19,27.94,29.75,27.44,28.0,30.25,29.94,30.02,29.03,29.08
2023-12-14 00:48:05,249,2023-12-14 00:48:00,48E7295348F8,28.88,24.94,27.88,26.12,26.19,30.25,29.95,30.0,29.05,29.12
2023-12-14 00:51:07,250,2023-12-14 00:51:03,48E7295348F8,29.38,26.06,28.44,26.75,25.19,30.38,30.02,30.11,29.06,29.16
2023-12-14 00:54:05,251,2023-12-14 00:54:01,48E7295348F8,28.06,26.88,27.19,26.0,26.25,30.44,30.12,30.12,29.17,29.2
2023-12-14 00:57:07,252,2023-12-14 00:57:03,48E7295348F8,27.69,26.5,27.12,25.81,25.88,30.53,30.19,30.19,29.23,29.27
2023-12-14 01:00:04,253,2023-12-14 01:00:01,48E7295348F8,29.5,28.0,28.69,26.81,27.19,30.59,30.23,30.23,29.27,29.33
2023-12-14 01:03:07,254,2023-12-14 01:03:03,48E7295348F8,28.0,27.25,27.25,25.75,26.69,30.67,30.25,30.25,29.34,29.38
2023-12-14 01:06:04,255,2023-12-14 01:06:01,48E7295348F8,29.0,27.0,28.75,26.62,26.69,30.7,30.28,30.31,29.39,29.44
2023-12-14 01:09:07,256,2023-12-14 01:09:03,48E7295348F8,28.75,25.88,27.88,26.19,25.81,30.62,30.25,30.27,29.38,29.42
2023-12-14 01:12:04,257,2023-12-14 01:12:01,48E7295348F8,28.75,25.69,27.69,26.38,25.06,30.33,30.11,30.16,29.23,29.25
2023-12-14 01:15:06,258,2023-12-14 01:15:04,48E7295348F8,30.31,27.12,29.25,27.06,24.94,30.02,29.78,29.84,28.94,29.0
2023-12-14 01:18:04,259,2023-12-14 01:18:02,48E7295348F8,29.62,27.0,26.12,26.31,25.12,29.69,29.47,29.58,28.67,28.75
2023-12-14 01:21:08,260,2023-12-14 01:21:01,48E7295348F8,28.38,26.81,26.75,25.31,26.0,29.39,29.25,29.38,28.48,28.62
2023-12-14 01:24:10,261,2023-12-14 01:24:03,48E7295348F8,29.19,26.81,28.88,26.31,26.12,29.31,29.16,29.28,28.41,28.56
2023-12-14 01:27:07,262,2023-12-14 01:27:00,48E7295348F8,27.88,26.0,27.94,25.75,25.0,29.31,29.11,29.3,28.39,28.55
2023-12-14 01:30:10,263,2023-12-14 01:30:02,48E7295348F8,28.38,25.0,27.56,25.81,24.06,29.25,29.06,29.2,28.33,28.5
2023-12-14 01:33:12,264,2023-12-14 01:33:04,48E7295348F8,28.19,25.0,27.0,26.0,23.81,29.14,28.95,29.06,28.22,28.34
2023-12-14 01:36:10,265,2023-12-14 01:36:01,48E7295348F8,28.94,24.88,27.31,25.5,24.31,29.08,28.86,29.0,28.11,28.25
2023-12-14 01:39:12,266,2023-12-14 01:39:03,48E7295348F8,27.25,24.38,26.62,24.88,24.94,29.03,28.78,28.95,28.08,28.25
2023-12-14 01:42:09,267,2023-12-14 01:42:00,48E7295348F8,26.88,24.5,27.44,25.06,24.5,29.06,28.81,28.97,28.12,28.25
2023-12-14 01:45:12,268,2023-12-14 01:45:02,48E7295348F8,27.25,25.25,26.12,24.69,25.25,29.19,28.88,29.06,28.16,28.3
2023-12-14 01:48:14,269,2023-12-14 01:48:04,48E7295348F8,27.94,24.94,26.88,24.62,25.12,29.3,29.0,29.14,28.23,28.38
2023-12-14 01:51:12,270,2023-12-14 01:51:01,48E7295348F8,28.69,26.0,27.38,25.88,26.38,29.44,29.12,29.23,28.33,28.45
2023-12-14 01:54:14,271,2023-12-14 01:54:03,48E7295348F8,29.31,25.75,26.38,24.94,25.56,29.62,29.23,29.33,28.44,28.56
2023-12-14 01:57:12,272,2023-12-14 01:57:00,48E7295348F8,29.06,25.88,28.19,25.88,25.75,29.75,29.36,29.45,28.5,28.62
2023-12-14 02:00:14,273,2023-12-14 02:00:01,48E7295348F8,29.5,27.69,29.81,26.69,26.81,29.88,29.47,29.53,28.61,28.72
2023-12-14 02:03:17,274,2023-12-14 02:03:03,48E7295348F8,29.19,26.62,29.12,26.19,26.12,29.95,29.56,29.62,28.66,28.78
2023-12-14 02:06:19,275,2023-12-14 02:06:04,48E7295348F8,28.44,26.5,28.06,26.0,26.31,30.06,29.66,29.72,28.78,28.94
2023-12-14 02:09:16,276,2023-12-14 02:09:00,48E7295348F8,28.5,26.31,27.44,25.81,25.31,30.05,29.67,29.75,28.81,28.91
2023-12-14 02:12:19,277,2023-12-14 02:12:02,48E7295348F8,29.38,26.19,28.12,25.5,24.5,29.81,29.52,29.62,28.67,28.73
2023-12-14 02:15:21,278,2023-12-14 02:15:03,48E7295348F8,28.0,25.44,26.25,24.75,24.12,29.53,29.31,29.38,28.5,28.56
2023-12-14 02:18:19,279,2023-12-14 02:18:00,48E7295348F8,29.25,25.69,27.83,26.62,25.38,29.33,29.12,29.23,28.34,28.42
2023-12-14 02:21:07,280,2023-12-14 02:21:01,48E7295348F8,28.38,25.38,nan,26.75,26.56,29.16,29.0,nan,28.25,28.33
2023-12-14 02:24:09,281,2023-12-14 02:24:04,48E7295348F8,27.19,24.94,27.81,25.38,26.5,29.02,28.8,29.0,28.12,28.22
2023-12-14 02:27:06,282,2023-12-14 02:27:03,48E7295348F8,26.25,24.38,nan,24.94,25.62,28.94,28.69,nan,28.05,28.17
2023-12-14 02:30:03,283,2023-12-14 02:30:02,48E7295348F8,nan,24.69,nan,25.5,24.0,nan,28.55,nan,27.88,28.0
2023-12-14 02:33:01,284,2023-12-14 02:33:01,48E7295348F8,26.58,26.08,26.25,24.75,25.81,28.56,28.35,28.5,27.73,27.81
