2023-12-13 08:45:09,9068,2023-12-13 08:45:04,48E7295552AD,29.69,26.94,26.5,30.62,26.56,28.94,28.95,28.31,27.75,27.67
2023-12-13 08:48:05,9069,2023-12-13 08:48:02,48E7295552AD,30.25,28.0,26.81,30.81,26.75,28.94,28.94,28.3,27.75,27.66
2023-12-13 08:51:08,9070,2023-12-13 08:51:05,48E7295552AD,30.69,28.06,27.0,32.0,27.0,28.91,28.94,28.27,27.69,27.64
2023-12-13 08:54:05,9071,2023-12-13 08:54:02,48E7295552AD,30.19,28.06,26.94,30.25,27.0,28.91,28.94,28.27,27.69,27.62
2023-12-13 08:57:03,9072,2023-12-13 08:57:00,48E7295552AD,30.31,28.12,27.0,30.5,26.88,28.88,28.89,28.25,27.69,27.62
2023-12-13 09:00:05,9073,2023-12-13 09:00:03,48E7295552AD,30.69,28.12,27.0,30.62,27.0,28.86,28.88,28.23,27.64,27.58
2023-12-13 09:03:02,9074,2023-12-13 09:03:01,48E7295552AD,30.75,28.0,27.0,31.0,27.0,28.88,28.88,28.23,27.62,27.58
2023-12-13 09:06:05,9075,2023-12-13 09:06:04,48E7295552AD,30.5,28.12,27.0,30.12,27.0,28.88,28.86,28.23,27.66,27.56
2023-12-13 09:09:02,9076,2023-12-13 09:09:01,48E7295552AD,31.19,28.25,27.19,31.19,27.0,28.91,28.84,28.23,27.67,27.59
2023-12-13 09:12:05,9077,2023-12-13 09:12:04,48E7295552AD,30.31,28.19,27.12,29.81,27.0,28.89,28.88,28.25,27.67,27.58
2023-12-13 09:15:02,9078,2023-12-13 09:15:02,48E7295552AD,30.5,28.12,27.0,30.12,26.94,28.88,28.89,28.25,27.67,27.61
2023-12-13 09:17:59,9079,2023-12-13 09:18:00,48E7295552AD,30.94,28.19,27.06,31.06,27.0,28.91,28.88,28.25,27.67,27.56
2023-12-13 09:21:08,9080,2023-12-13 09:21:02,48E7295552AD,29.75,27.81,26.56,28.81,26.75,28.91,28.88,28.25,27.67,27.62
2023-12-13 09:24:06,9081,2023-12-13 09:24:00,48E7295552AD,30.44,28.25,27.06,29.94,27.0,28.89,28.91,28.23,27.67,27.59
2023-12-13 09:27:08,9082,2023-12-13 09:27:02,48E7295552AD,30.12,28.12,27.0,29.75,27.0,28.88,28.89,28.25,27.67,27.58
2023-12-13 09:30:05,9083,2023-12-13 09:30:00,48E7295552AD,31.0,28.31,27.06,31.0,27.19,28.91,28.89,28.27,27.67,27.61
2023-12-13 09:33:08,9084,2023-12-13 09:33:02,48E7295552AD,30.88,28.12,29.62,30.31,26.75,28.94,28.91,28.25,27.72,27.62
2023-12-13 09:36:05,9085,2023-12-13 09:36:00,48E7295552AD,31.44,28.25,26.88,31.38,27.0,28.88,28.88,28.23,27.67,27.58
2023-12-13 09:39:08,9086,2023-12-13 09:39:03,48E7295552AD,30.25,28.12,27.0,29.56,27.06,28.88,28.86,28.25,27.69,27.62
2023-12-13 09:42:05,9087,2023-12-13 09:42:00,48E7295552AD,30.25,28.19,26.94,30.38,27.0,28.88,28.88,28.25,27.69,27.61
2023-12-13 09:45:07,9088,2023-12-13 09:45:03,48E7295552AD,30.88,28.62,27.25,31.44,27.25,28.92,28.88,28.27,27.69,27.62
2023-12-13 09:48:05,9089,2023-12-13 09:48:00,48E7295552AD,30.62,28.38,27.25,30.0,27.19,28.94,28.92,28.27,27.69,27.62
2023-12-13 09:51:07,9090,2023-12-13 09:51:03,48E7295552AD,30.75,28.38,27.0,31.0,27.06,28.94,28.94,28.28,27.7,27.64
2023-12-13 09:54:05,9091,2023-12-13 09:54:00,48E7295552AD,30.5,28.33,27.06,30.19,27.19,28.94,28.94,28.28,27.73,27.62
2023-12-13 09:57:07,9092,2023-12-13 09:57:03,48E7295552AD,30.81,28.58,27.06,31.0,27.25,28.94,28.94,28.31,27.72,27.66
2023-12-13 10:00:04,9093,2023-12-13 10:00:00,48E7295552AD,30.19,28.31,27.0,29.81,27.0,28.95,28.94,28.3,27.72,27.66
2023-12-13 10:03:07,9094,2023-12-13 10:03:03,48E7295552AD,30.38,28.44,27.0,30.25,27.19,28.94,28.94,28.31,27.7,27.64
2023-12-13 10:06:04,9095,2023-12-13 10:06:00,48E7295552AD,31.25,28.44,27.12,31.5,27.19,28.94,28.94,28.31,27.75,27.69
2023-12-13 10:09:07,9096,2023-12-13 10:09:03,48E7295552AD,29.81,27.83,26.56,29.31,26.88,28.97,28.94,28.31,27.75,27.69
2023-12-13 10:12:04,9097,2023-12-13 10:12:00,48E7295552AD,30.31,28.31,26.94,30.38,27.19,28.94,28.97,28.31,27.75,27.67
2023-12-13 10:15:06,9098,2023-12-13 10:15:03,48E7295552AD,30.69,28.44,26.94,30.69,27.25,28.94,28.95,28.31,27.75,27.66
2023-12-13 10:18:04,9099,2023-12-13 10:18:00,48E7295552AD,30.62,28.56,27.0,30.75,27.19,28.95,28.97,28.31,27.73,27.67
2023-12-13 10:21:08,9100,2023-12-13 10:21:01,48E7295552AD,29.69,27.88,26.5,29.12,26.81,28.94,28.94,28.33,27.75,27.67
2023-12-13 10:24:10,9101,2023-12-13 10:24:03,48E7295552AD,30.75,28.69,27.25,30.88,27.25,28.95,28.95,28.31,27.75,27.69
2023-12-13 10:27:07,9102,2023-12-13 10:27:00,48E7295552AD,30.88,28.42,27.0,32.31,27.25,28.95,28.96,28.31,27.75,27.69
2023-12-13 10:30:10,9103,2023-12-13 10:30:03,48E7295552AD,30.5,28.38,27.19,30.56,27.19,28.95,28.98,28.31,27.75,27.67
2023-12-13 10:33:07,9104,2023-12-13 10:33:00,48E7295552AD,30.06,28.31,26.75,29.38,26.94,28.97,28.98,28.33,27.75,27.66
2023-12-13 10:36:10,9105,2023-12-13 10:36:02,48E7295552AD,30.31,28.5,27.25,30.06,27.38,28.94,28.97,28.34,27.75,27.69
2023-12-13 10:39:07,9106,2023-12-13 10:39:00,48E7295552AD,30.56,28.56,27.0,30.25,27.25,28.95,28.95,28.31,27.72,27.64
2023-12-13 10:42:09,9107,2023-12-13 10:42:02,48E7295552AD,30.69,28.38,27.0,31.0,27.25,28.94,28.94,28.31,27.73,27.66
2023-12-13 10:45:12,9108,2023-12-13 10:45:05,48E7295552AD,30.44,28.5,27.0,31.19,27.25,28.94,28.94,28.31,27.73,27.66
2023-12-13 10:48:09,9109,2023-12-13 10:48:02,48E7295552AD,30.5,28.56,27.0,31.0,27.25,28.95,28.97,28.31,27.75,27.69
2023-12-13 10:51:12,9110,2023-12-13 10:51:04,48E7295552AD,31.19,28.62,27.19,31.88,27.38,28.97,28.94,28.31,27.75,27.67
2023-12-13 10:54:09,9111,2023-12-13 10:54:01,48E7295552AD,30.75,28.83,27.25,30.44,27.25,28.97,28.94,28.3,27.75,27.66
2023-12-13 10:57:12,9112,2023-12-13 10:57:03,48E7295552AD,31.81,28.83,27.38,32.38,27.44,29.0,28.98,28.34,27.8,27.69
2023-12-13 11:00:09,9113,2023-12-13 11:00:01,48E7295552AD,31.0,28.94,27.44,30.5,27.5,29.0,29.0,28.34,27.8,27.72
2023-12-13 11:03:11,9114,2023-12-13 11:03:03,48E7295552AD,31.25,28.94,27.44,31.62,27.5,29.02,29.0,28.36,27.8,27.73
2023-12-13 11:06:09,9115,2023-12-13 11:06:00,48E7295552AD,30.75,29.0,27.44,31.62,27.5,29.06,29.03,28.36,27.81,27.75
2023-12-13 11:09:11,9116,2023-12-13 11:09:02,48E7295552AD,30.62,29.0,27.31,30.44,27.44,29.06,29.06,28.41,27.81,27.77
2023-12-13 11:12:14,9117,2023-12-13 11:12:05,48E7295552AD,31.75,28.94,27.44,32.44,27.75,29.06,29.06,28.44,27.81,27.8
2023-12-13 11:15:11,9118,2023-12-13 11:15:02,48E7295552AD,31.0,29.0,27.38,30.5,27.5,29.08,29.08,28.44,27.81,27.81
2023-12-13 11:18:13,9119,2023-12-13 11:18:04,48E7295552AD,31.25,28.81,27.25,32.31,27.75,29.11,29.09,28.44,27.81,27.81
2023-12-13 11:21:07,9120,2023-12-13 11:21:01,48E7295552AD,31.19,29.06,27.44,30.81,27.75,29.12,29.09,28.45,27.83,27.81
2023-12-13 11:24:09,9121,2023-12-13 11:24:04,48E7295552AD,31.31,29.0,27.25,32.69,27.56,29.12,29.12,28.47,27.83,27.81
2023-12-13 11:27:07,9122,2023-12-13 11:27:01,48E7295552AD,31.0,28.94,27.38,31.0,27.56,29.16,29.14,28.5,27.86,27.81
2023-12-13 11:30:09,9123,2023-12-13 11:30:04,48E7295552AD,30.19,28.69,27.0,29.44,27.19,29.12,29.12,28.5,27.81,27.81
2023-12-13 11:33:06,9124,2023-12-13 11:33:02,48E7295552AD,30.56,29.0,27.5,30.19,27.5,29.12,29.12,28.48,27.83,27.8
2023-12-13 11:36:09,9125,2023-12-13 11:36:04,48E7295552AD,31.25,29.0,27.25,31.44,27.5,29.11,29.12,28.47,27.84,27.81
2023-12-13 11:39:06,9126,2023-12-13 11:39:02,48E7295552AD,31.06,29.0,27.44,31.25,27.56,29.09,29.11,28.45,27.81,27.81
2023-12-13 11:42:09,9127,2023-12-13 11:42:04,48E7295552AD,30.94,28.81,27.25,31.38,27.5,29.11,29.09,28.44,27.84,27.81
2023-12-13 11:45:06,9128,2023-12-13 11:45:02,48E7295552AD,30.81,28.88,27.38,31.0,27.56,29.08,29.11,28.45,27.83,27.81
2023-12-13 11:48:03,9129,2023-12-13 11:48:00,48E7295552AD,31.0,28.88,27.25,30.94,27.62,29.08,29.08,28.47,27.81,27.81
2023-12-13 11:51:06,9130,2023-12-13 11:51:03,48E7295552AD,31.0,28.88,27.38,30.88,27.5,29.06,29.06,28.42,27.81,27.81
2023-12-13 11:54:03,9131,2023-12-13 11:54:00,48E7295552AD,31.25,29.19,27.31,31.88,27.69,29.08,29.06,28.44,27.81,27.81
2023-12-13 11:57:06,9132,2023-12-13 11:57:03,48E7295552AD,30.81,28.62,27.38,30.62,27.06,29.08,29.09,28.45,27.81,27.81
2023-12-13 12:00:03,9133,2023-12-13 12:00:00,48E7295552AD,31.06,29.0,27.25,30.88,27.5,29.09,29.09,28.45,27.83,27.81
2023-12-13 12:03:05,9134,2023-12-13 12:03:03,48E7295552AD,30.75,29.0,27.31,31.5,27.5,29.09,29.08,28.44,27.81,27.81
2023-12-13 12:06:03,9135,2023-12-13 12:06:01,48E7295552AD,31.69,28.94,27.25,33.19,27.56,29.09,29.06,28.45,27.81,27.81
2023-12-13 12:09:05,9136,2023-12-13 12:09:03,48E7295552AD,30.94,28.94,27.38,31.31,27.5,29.12,29.11,28.47,27.83,27.81
2023-12-13 12:12:03,9137,2023-12-13 12:12:01,48E7295552AD,30.75,29.0,27.44,31.56,27.5,29.11,29.11,28.45,27.81,27.81
2023-12-13 12:15:05,9138,2023-12-13 12:15:04,48E7295552AD,30.62,28.88,27.5,31.25,27.5,29.11,29.12,28.48,27.83,27.81
2023-12-13 12:18:02,9139,2023-12-13 12:18:01,48E7295552AD,31.19,28.94,27.44,31.19,27.5,29.09,29.09,28.47,27.81,27.81
2023-12-13 12:21:06,9140,2023-12-13 12:21:00,48E7295552AD,30.62,28.75,27.5,31.06,27.56,29.09,29.11,28.45,27.81,27.81
2023-12-13 12:24:09,9141,2023-12-13 12:24:02,48E7295552AD,31.0,29.12,27.5,30.88,27.5,29.12,29.14,28.48,27.81,27.81
2023-12-13 12:27:06,9142,2023-12-13 12:27:00,48E7295552AD,30.75,28.94,27.5,31.25,27.62,29.16,29.14,28.5,27.88,27.81
2023-12-13 12:30:09,9143,2023-12-13 12:30:02,48E7295552AD,30.88,29.12,27.44,30.88,27.5,29.19,29.19,28.52,27.88,27.81
2023-12-13 12:33:06,9144,2023-12-13 12:33:00,48E7295552AD,30.5,29.0,27.44,32.0,27.62,29.19,29.17,28.5,27.88,27.81
2023-12-13 12:36:08,9145,2023-12-13 12:36:02,48E7295552AD,31.25,29.25,27.56,31.25,27.5,29.19,29.19,28.55,27.89,27.81
2023-12-13 12:39:11,9146,2023-12-13 12:39:04,48E7295552AD,31.06,29.0,27.5,32.0,27.75,29.25,29.2,28.56,27.92,27.83
2023-12-13 12:42:08,9147,2023-12-13 12:42:01,48E7295552AD,31.5,29.19,27.5,32.31,27.75,29.23,29.19,28.56,27.94,27.84
2023-12-13 12:45:11,9148,2023-12-13 12:45:04,48E7295552AD,31.31,29.19,28.12,32.25,27.75,29.25,29.2,28.56,27.95,27.86
2023-12-13 12:48:08,9149,2023-12-13 12:48:01,48E7295552AD,30.12,28.69,27.25,30.12,27.25,29.25,29.23,28.58,27.94,27.88
2023-12-13 12:51:10,9150,2023-12-13 12:51:03,48E7295552AD,30.88,29.19,27.38,31.12,27.62,29.22,29.22,28.56,27.94,27.88
2023-12-13 12:54:08,9151,2023-12-13 12:54:01,48E7295552AD,30.81,28.62,27.25,32.5,27.5,29.2,29.19,28.58,27.95,27.86
2023-12-13 12:57:10,9152,2023-12-13 12:57:03,48E7295552AD,31.0,29.0,27.44,31.12,27.56,29.25,29.23,28.59,27.94,27.86
2023-12-13 13:00:07,9153,2023-12-13 13:00:00,48E7295552AD,30.31,28.75,27.38,30.56,27.19,29.25,29.2,28.59,27.95,27.86
2023-12-13 13:03:10,9154,2023-12-13 13:03:02,48E7295552AD,30.81,28.88,27.25,31.0,27.5,29.23,29.22,28.58,27.95,27.86
2023-12-13 13:06:07,9155,2023-12-13 13:06:00,48E7295552AD,31.0,28.94,27.5,32.31,27.5,29.23,29.22,28.59,27.94,27.86
2023-12-13 13:09:10,9156,2023-12-13 13:09:02,48E7295552AD,30.19,28.94,27.19,30.06,27.25,29.2,29.22,28.56,27.94,27.84
2023-12-13 13:12:12,9157,2023-12-13 13:12:04,48E7295552AD,31.0,29.06,27.5,31.5,27.56,29.22,29.2,28.58,27.95,27.86
2023-12-13 13:15:10,9158,2023-12-13 13:15:02,48E7295552AD,30.94,29.0,27.5,32.75,27.62,29.2,29.22,28.58,27.94,27.84
2023-12-13 13:18:12,9159,2023-12-13 13:18:04,48E7295552AD,31.0,29.19,27.5,32.06,27.5,29.22,29.23,28.56,27.94,27.88
2023-12-13 13:21:05,9160,2023-12-13 13:21:00,48E7295552AD,31.38,29.0,27.5,32.94,27.5,29.19,29.19,28.56,27.94,27.86
2023-12-13 13:24:08,9161,2023-12-13 13:24:02,48E7295552AD,30.62,28.94,27.5,31.25,27.56,29.22,29.19,28.56,27.94,27.84
2023-12-13 13:27:05,9162,2023-12-13 13:27:00,48E7295552AD,30.5,28.94,27.5,31.12,27.5,29.19,29.2,28.56,27.92,27.83
2023-12-13 13:30:08,9163,2023-12-13 13:30:03,48E7295552AD,31.94,29.0,27.31,33.38,27.5,29.19,29.19,28.56,27.94,27.83
2023-12-13 13:33:05,9164,2023-12-13 13:33:00,48E7295552AD,30.75,29.0,27.44,31.0,27.5,29.19,29.19,28.55,27.91,27.84
2023-12-13 13:36:08,9165,2023-12-13 13:36:03,48E7295552AD,30.88,28.88,27.44,31.25,27.5,29.17,29.17,28.53,27.91,27.83
2023-12-13 13:39:05,9166,2023-12-13 13:39:00,48E7295552AD,31.38,28.88,27.31,33.0,27.5,29.16,29.16,28.52,27.92,27.81
2023-12-13 13:42:08,9167,2023-12-13 13:42:03,48E7295552AD,31.0,28.88,27.5,31.19,27.5,29.16,29.16,28.53,27.89,27.81
2023-12-13 13:45:05,9168,2023-12-13 13:45:01,48E7295552AD,31.31,28.94,27.25,32.06,27.5,29.12,29.12,28.5,27.88,27.81
2023-12-13 13:48:07,9169,2023-12-13 13:48:03,48E7295552AD,31.25,29.0,27.5,31.31,27.5,29.11,29.12,28.5,27.88,27.81
2023-12-13 13:51:05,9170,2023-12-13 13:51:01,48E7295552AD,31.12,28.94,27.25,31.69,27.5,29.11,29.12,28.45,27.84,27.81
2023-12-13 13:54:07,9171,2023-12-13 13:54:04,48E7295552AD,29.69,28.44,27.12,29.44,27.25,29.12,29.12,28.5,27.84,27.81
2023-12-13 13:57:04,9172,2023-12-13 13:57:01,48E7295552AD,31.19,28.75,27.25,31.56,27.5,29.12,29.12,28.48,27.81,27.81
2023-12-13 14:00:07,9173,2023-12-13 14:00:04,48E7295552AD,29.56,28.75,27.0,29.81,27.25,29.08,29.11,28.47,27.83,27.81
2023-12-13 14:03:04,9174,2023-12-13 14:03:02,48E7295552AD,31.31,28.88,27.44,31.38,27.5,29.12,29.11,28.5,27.83,27.81
2023-12-13 14:06:07,9175,2023-12-13 14:06:04,48E7295552AD,31.0,29.06,27.31,31.44,27.62,29.06,29.12,28.47,27.86,27.81
2023-12-13 14:09:04,9176,2023-12-13 14:09:02,48E7295552AD,30.19,28.62,27.0,29.06,27.0,29.06,29.06,28.44,27.81,27.81
2023-12-13 14:12:01,9177,2023-12-13 14:12:00,48E7295552AD,31.25,28.94,27.31,31.5,27.31,29.06,29.08,28.44,27.81,27.8
2023-12-13 14:15:04,9178,2023-12-13 14:15:03,48E7295552AD,30.56,28.75,27.25,31.44,27.25,29.03,29.08,28.44,27.81,27.78
2023-12-13 14:18:01,9179,2023-12-13 14:18:00,48E7295552AD,30.94,28.88,27.19,30.81,27.5,29.03,29.05,28.42,27.81,27.75
2023-12-13 14:21:10,9180,2023-12-13 14:21:04,48E7295552AD,31.31,28.94,27.25,31.5,27.31,28.98,29.0,28.38,27.78,27.72
2023-12-13 14:24:07,9181,2023-12-13 14:24:01,48E7295552AD,31.0,28.81,27.25,31.5,27.44,28.97,28.98,28.34,27.78,27.69
2023-12-13 14:27:10,9182,2023-12-13 14:27:04,48E7295552AD,30.19,28.38,26.94,29.06,27.0,28.94,28.94,28.31,27.77,27.69
2023-12-13 14:30:07,9183,2023-12-13 14:30:01,48E7295552AD,30.88,28.62,27.19,31.25,27.38,28.94,28.95,28.31,27.75,27.69
2023-12-13 14:33:10,9184,2023-12-13 14:33:04,48E7295552AD,30.69,28.62,27.19,30.38,27.25,28.92,28.94,28.27,27.75,27.62
2023-12-13 14:36:07,9185,2023-12-13 14:36:02,48E7295552AD,30.56,28.44,27.06,30.56,27.25,28.88,28.88,28.25,27.7,27.62
2023-12-13 14:39:10,9186,2023-12-13 14:39:04,48E7295552AD,31.0,28.5,27.25,30.75,27.25,28.88,28.88,28.23,27.69,27.62
2023-12-13 14:42:07,9187,2023-12-13 14:42:02,48E7295552AD,30.75,28.62,27.19,30.25,27.31,28.81,28.84,28.22,27.64,27.56
2023-12-13 14:45:10,9188,2023-12-13 14:45:04,48E7295552AD,30.31,28.38,27.25,30.25,27.19,28.81,28.81,28.22,27.62,27.56
2023-12-13 14:48:07,9189,2023-12-13 14:48:02,48E7295552AD,30.62,28.38,26.94,30.69,27.19,28.8,28.81,28.19,27.62,27.56
2023-12-13 14:51:10,9190,2023-12-13 14:51:05,48E7295552AD,30.25,28.44,27.12,29.62,27.19,28.8,28.8,28.19,27.62,27.55
2023-12-13 14:54:07,9191,2023-12-13 14:54:02,48E7295552AD,30.44,28.5,27.0,30.44,27.12,28.75,28.77,28.14,27.59,27.52
2023-12-13 14:57:04,9192,2023-12-13 14:57:00,48E7295552AD,30.31,28.31,27.25,29.25,27.12,28.75,28.75,28.14,27.58,27.5
2023-12-13 15:00:08,9193,2023-12-13 15:00:03,48E7295552AD,30.5,28.5,27.12,30.12,27.06,28.72,28.75,28.11,27.56,27.47
2023-12-13 15:03:04,9194,2023-12-13 15:03:00,48E7295552AD,30.69,28.38,27.0,30.5,27.19,28.72,28.72,28.08,27.56,27.45
2023-12-13 15:06:06,9195,2023-12-13 15:06:03,48E7295552AD,30.5,28.5,27.12,29.94,26.94,28.7,28.7,28.12,27.53,27.44
2023-12-13 15:09:04,9196,2023-12-13 15:09:00,48E7295552AD,30.44,28.44,27.06,30.06,26.94,28.7,28.69,28.09,27.52,27.42
2023-12-13 15:12:06,9197,2023-12-13 15:12:03,48E7295552AD,30.5,28.25,27.0,29.75,27.0,28.69,28.69,28.06,27.48,27.44
2023-12-13 15:15:04,9198,2023-12-13 15:15:01,48E7295552AD,30.75,28.25,26.94,30.25,27.0,28.69,28.67,28.08,27.52,27.42
2023-12-13 15:18:07,9199,2023-12-13 15:18:04,48E7295552AD,30.62,28.19,27.0,30.0,26.88,28.66,28.66,28.06,27.48,27.38
2023-12-13 15:21:11,9200,2023-12-13 15:21:04,48E7295552AD,30.94,28.19,27.0,30.69,27.0,28.67,28.67,28.06,27.48,27.41
2023-12-13 15:24:08,9201,2023-12-13 15:24:01,48E7295552AD,30.25,28.12,27.0,29.75,26.94,28.67,28.69,28.06,27.48,27.38
2023-12-13 15:27:10,9202,2023-12-13 15:27:04,48E7295552AD,30.12,28.12,26.75,29.25,26.75,28.62,28.64,28.03,27.44,27.38
2023-12-13 15:30:08,9203,2023-12-13 15:30:01,48E7295552AD,30.5,28.19,26.75,30.12,26.75,28.64,28.62,28.03,27.44,27.38
2023-12-13 15:33:10,9204,2023-12-13 15:33:04,48E7295552AD,30.31,28.19,26.94,30.06,26.62,28.62,28.62,28.02,27.44,27.38
2023-12-13 15:36:07,9205,2023-12-13 15:36:02,48E7295552AD,30.31,28.19,26.75,30.25,26.75,28.62,28.62,28.0,27.44,27.38
2023-12-13 15:39:10,9206,2023-12-13 15:39:04,48E7295552AD,29.69,28.12,26.75,28.94,26.75,28.59,28.61,28.0,27.44,27.34
2023-12-13 15:42:07,9207,2023-12-13 15:42:02,48E7295552AD,30.5,28.0,26.81,30.0,26.75,28.61,28.58,28.0,27.42,27.36
2023-12-13 15:45:10,9208,2023-12-13 15:45:05,48E7295552AD,30.06,28.12,26.88,29.69,26.69,28.58,28.58,27.98,27.41,27.31
2023-12-13 15:48:07,9209,2023-12-13 15:48:02,48E7295552AD,30.12,28.0,26.75,29.5,26.56,28.58,28.56,27.97,27.39,27.33
2023-12-13 15:51:09,9210,2023-12-13 15:51:05,48E7295552AD,30.62,28.0,26.88,30.38,26.75,28.56,28.56,27.95,27.38,27.31
2023-12-13 15:54:07,9211,2023-12-13 15:54:02,48E7295552AD,30.19,28.0,26.75,30.0,26.75,28.55,28.56,27.94,27.38,27.31
2023-12-13 15:57:04,9212,2023-12-13 15:57:00,48E7295552AD,30.31,27.88,26.75,29.75,26.75,28.53,28.52,27.94,27.36,27.27
2023-12-13 16:00:06,9213,2023-12-13 16:00:03,48E7295552AD,30.31,27.94,26.94,29.5,26.62,28.53,28.52,27.94,27.34,27.25
2023-12-13 16:03:04,9214,2023-12-13 16:03:00,48E7295552AD,30.44,27.94,26.94,30.0,26.75,28.55,28.52,27.91,27.33,27.27
2023-12-13 16:06:06,9215,2023-12-13 16:06:03,48E7295552AD,30.38,27.81,26.75,29.69,26.5,28.53,28.52,27.89,27.33,27.27
2023-12-13 16:09:04,9216,2023-12-13 16:09:01,48E7295552AD,30.5,27.81,26.81,30.25,26.62,28.52,28.5,27.92,27.31,27.25
2023-12-13 16:12:06,9217,2023-12-13 16:12:04,48E7295552AD,29.5,27.44,26.44,28.0,26.19,28.52,28.52,27.88,27.31,27.23
2023-12-13 16:15:03,9218,2023-12-13 16:15:01,48E7295552AD,30.44,28.0,26.62,29.69,26.75,28.5,28.5,27.91,27.33,27.25
2023-12-13 16:18:06,9219,2023-12-13 16:18:04,48E7295552AD,29.94,27.75,26.75,29.5,26.5,28.5,28.52,27.88,27.31,27.25
2023-12-13 16:21:10,9220,2023-12-13 16:21:04,48E7295552AD,30.44,27.88,27.0,29.81,26.5,28.5,28.5,27.88,27.31,27.22
2023-12-13 16:24:07,9221,2023-12-13 16:24:01,48E7295552AD,30.06,27.94,26.75,29.5,26.56,28.48,28.48,27.86,27.3,27.2
2023-12-13 16:27:10,9222,2023-12-13 16:27:04,48E7295552AD,30.19,27.88,26.75,31.25,26.5,28.47,28.45,27.86,27.31,27.2
2023-12-13 16:30:07,9223,2023-12-13 16:30:01,48E7295552AD,30.0,27.75,26.88,29.75,26.5,28.47,28.45,27.84,27.28,27.2
2023-12-13 16:33:09,9224,2023-12-13 16:33:03,48E7295552AD,30.5,27.81,26.75,30.31,26.5,28.44,28.45,27.86,27.25,27.19
2023-12-13 16:36:07,9225,2023-12-13 16:36:00,48E7295552AD,30.56,27.81,26.75,31.0,26.5,28.44,28.44,27.83,27.25,27.19
2023-12-13 16:39:09,9226,2023-12-13 16:39:03,48E7295552AD,30.19,27.88,26.69,30.75,26.5,28.42,28.44,27.81,27.25,27.16
2023-12-13 16:42:06,9227,2023-12-13 16:42:00,48E7295552AD,30.12,27.94,26.81,31.0,26.5,28.39,28.41,27.81,27.2,27.16
2023-12-13 16:45:09,9228,2023-12-13 16:45:02,48E7295552AD,30.44,27.69,26.75,31.0,26.44,28.38,28.41,27.81,27.22,27.12
2023-12-13 16:48:06,9229,2023-12-13 16:48:00,48E7295552AD,30.75,27.69,26.75,32.06,26.5,28.39,28.39,27.81,27.19,27.12
2023-12-13 16:51:09,9230,2023-12-13 16:51:02,48E7295552AD,30.25,27.69,26.75,33.25,26.5,28.36,28.38,27.81,27.19,27.11
2023-12-13 16:54:11,9231,2023-12-13 16:54:04,48E7295552AD,30.81,27.94,27.0,34.0,26.5,28.38,28.38,27.81,27.19,27.12
2023-12-13 16:57:08,9232,2023-12-13 16:57:01,48E7295552AD,29.94,27.5,26.75,31.75,25.94,28.38,28.41,27.81,27.22,27.16
2023-12-13 17:00:12,9233,2023-12-13 17:00:03,48E7295552AD,29.56,27.69,26.75,31.62,26.25,28.41,28.38,27.81,27.25,27.19
2023-12-13 17:03:08,9234,2023-12-13 17:03:00,48E7295552AD,29.75,27.81,26.75,31.06,26.25,28.41,28.44,27.81,27.25,27.23
2023-12-13 17:06:11,9235,2023-12-13 17:06:02,48E7295552AD,30.31,28.12,27.19,32.88,26.62,28.44,28.44,27.81,27.28,27.25
2023-12-13 17:09:13,9236,2023-12-13 17:09:04,48E7295552AD,30.25,27.88,26.69,32.62,26.25,28.44,28.45,27.84,27.28,27.25
2023-12-13 17:12:11,9237,2023-12-13 17:12:00,48E7295552AD,30.38,28.19,27.25,32.0,26.75,28.5,28.47,27.89,27.34,27.25
2023-12-13 17:15:13,9238,2023-12-13 17:15:02,48E7295552AD,30.75,28.25,27.25,32.5,26.75,28.48,28.5,27.92,27.36,27.3
2023-12-13 17:18:15,9239,2023-12-13 17:18:05,48E7295552AD,30.75,28.19,27.25,33.81,26.75,28.5,28.52,27.89,27.36,27.31
2023-12-13 17:21:09,9240,2023-12-13 17:21:03,48E7295552AD,30.56,28.19,27.31,31.75,26.75,28.53,28.55,27.94,27.38,27.31
2023-12-13 17:24:06,9241,2023-12-13 17:24:01,48E7295552AD,30.5,28.12,27.25,32.25,26.75,28.53,28.56,27.94,27.38,27.33
2023-12-13 17:27:09,9242,2023-12-13 17:27:04,48E7295552AD,31.12,28.19,27.25,32.75,26.81,28.56,28.55,27.95,27.38,27.31
2023-12-13 17:30:06,9243,2023-12-13 17:30:02,48E7295552AD,29.69,27.81,26.94,29.31,26.38,28.56,28.55,27.95,27.38,27.31
2023-12-13 17:33:03,9244,2023-12-13 17:33:00,48E7295552AD,30.81,28.19,27.19,32.0,26.75,28.55,28.56,27.95,27.38,27.33
2023-12-13 17:36:06,9245,2023-12-13 17:36:03,48E7295552AD,30.56,28.06,27.25,31.75,26.75,28.52,28.55,27.94,27.38,27.31
2023-12-13 17:39:03,9246,2023-12-13 17:39:01,48E7295552AD,29.69,27.75,27.0,29.94,26.38,28.53,28.52,27.91,27.38,27.3
2023-12-13 17:42:06,9247,2023-12-13 17:42:04,48E7295552AD,31.0,28.06,27.25,31.5,26.75,28.53,28.55,27.94,27.38,27.3
2023-12-13 17:45:03,9248,2023-12-13 17:45:02,48E7295552AD,31.0,28.0,27.19,33.25,26.69,28.53,28.55,27.91,27.38,27.27
2023-12-13 17:48:00,9249,2023-12-13 17:48:00,48E7295552AD,30.81,28.06,27.25,31.44,26.56,28.55,28.56,27.95,27.36,27.28
2023-12-13 17:51:03,9250,2023-12-13 17:51:03,48E7295552AD,31.25,28.0,27.0,32.19,26.75,28.52,28.52,27.94,27.38,27.3
2023-12-13 17:54:00,9251,2023-12-13 17:54:01,48E7295552AD,31.0,28.0,27.25,32.06,26.75,28.5,28.53,27.89,27.33,27.27
2023-12-13 17:57:02,9252,2023-12-13 17:57:04,48E7295552AD,30.69,27.88,27.06,30.75,26.62,28.5,28.5,27.89,27.31,27.23
2023-12-13 18:00:00,9253,2023-12-13 18:00:02,48E7295552AD,31.19,28.0,27.25,32.5,26.62,28.48,28.48,27.88,27.3,27.25
2023-12-13 18:02:57,9254,2023-12-13 18:03:00,48E7295552AD,30.56,28.25,27.25,32.0,26.75,28.5,28.5,27.88,27.31,27.23
2023-12-13 18:05:59,9255,2023-12-13 18:06:03,48E7295552AD,29.94,28.19,27.12,31.62,26.44,28.47,28.5,27.88,27.31,27.23
2023-12-13 18:08:57,9256,2023-12-13 18:09:00,48E7295552AD,30.75,28.25,27.38,33.0,26.62,28.5,28.55,27.89,27.33,27.31
2023-12-13 18:11:59,9257,2023-12-13 18:12:03,48E7295552AD,31.12,28.19,27.25,34.56,26.75,28.55,28.56,27.97,27.39,27.33
2023-12-13 18:14:56,9258,2023-12-13 18:15:01,48E7295552AD,31.25,28.31,27.5,34.25,26.69,28.58,28.62,28.0,27.44,27.41
2023-12-13 18:17:59,9259,2023-12-13 18:18:03,48E7295552AD,30.94,28.44,27.31,33.5,26.75,28.66,28.69,28.08,27.53,27.48
2023-12-13 18:21:08,9260,2023-12-13 18:21:01,48E7295552AD,30.56,28.38,27.5,33.06,26.81,28.7,28.72,28.14,27.58,27.56
2023-12-13 18:24:10,9261,2023-12-13 18:24:04,48E7295552AD,30.25,27.56,27.06,31.81,26.69,28.8,28.81,28.17,27.67,27.61
2023-12-13 18:27:08,9262,2023-12-13 18:27:01,48E7295552AD,30.0,28.06,27.06,32.62,26.75,28.84,28.84,28.23,27.7,27.69
2023-12-13 18:30:10,9263,2023-12-13 18:30:03,48E7295552AD,31.06,28.56,27.5,34.06,27.0,28.94,28.94,28.31,27.78,27.75
2023-12-13 18:33:08,9264,2023-12-13 18:33:00,48E7295552AD,31.31,28.69,27.56,34.62,27.19,28.98,29.0,28.34,27.81,27.78
2023-12-13 18:36:10,9265,2023-12-13 18:36:02,48E7295552AD,31.12,28.75,27.56,33.88,27.25,29.05,29.05,28.41,27.81,27.81
2023-12-13 18:39:13,9266,2023-12-13 18:39:05,48E7295552AD,30.62,28.75,27.75,33.44,27.19,29.06,29.11,28.44,27.83,27.81
2023-12-13 18:42:10,9267,2023-12-13 18:42:02,48E7295552AD,30.81,28.81,27.75,33.25,27.25,29.08,29.12,28.5,27.88,27.84
2023-12-13 18:45:12,9268,2023-12-13 18:45:04,48E7295552AD,30.81,28.62,27.75,33.44,27.25,29.14,29.16,28.56,27.94,27.89
2023-12-13 18:48:10,9269,2023-12-13 18:48:00,48E7295552AD,31.0,28.69,27.75,33.25,27.25,29.19,29.23,28.56,27.98,27.92
2023-12-13 18:51:12,9270,2023-12-13 18:51:02,48E7295552AD,31.69,28.94,27.75,34.56,27.25,29.23,29.25,28.62,28.0,27.95
2023-12-13 18:54:15,9271,2023-12-13 18:54:04,48E7295552AD,31.0,28.88,27.88,33.19,27.38,29.25,29.25,28.62,28.06,27.98
2023-12-13 18:57:12,9272,2023-12-13 18:57:01,48E7295552AD,31.12,29.0,27.88,34.0,27.31,29.28,29.31,28.69,28.05,28.02
2023-12-13 19:00:14,9273,2023-12-13 19:00:03,48E7295552AD,31.19,28.94,28.0,33.44,27.31,29.3,29.31,28.7,28.11,28.03
2023-12-13 19:03:12,9274,2023-12-13 19:03:00,48E7295552AD,31.19,28.88,27.88,33.06,27.44,29.31,29.31,28.7,28.11,28.05
2023-12-13 19:06:14,9275,2023-12-13 19:06:02,48E7295552AD,31.25,29.06,27.94,34.0,27.31,29.34,29.36,28.72,28.12,28.08
2023-12-13 19:09:17,9276,2023-12-13 19:09:04,48E7295552AD,30.5,28.44,27.56,32.94,27.25,29.38,29.39,28.77,28.19,28.08
2023-12-13 19:12:14,9277,2023-12-13 19:12:00,48E7295552AD,30.75,28.62,27.44,32.81,27.25,29.38,29.42,28.78,28.17,28.12
2023-12-13 19:15:16,9278,2023-12-13 19:15:02,48E7295552AD,31.06,29.12,28.06,33.5,27.5,29.39,29.44,28.75,28.19,28.12
2023-12-13 19:18:20,9279,2023-12-13 19:18:04,48E7295552AD,30.81,28.75,27.5,32.0,27.25,29.41,29.44,28.83,28.19,28.12
2023-12-13 19:21:08,9280,2023-12-13 19:21:01,48E7295552AD,31.5,29.0,28.0,34.75,27.5,29.44,29.44,28.81,28.19,28.16
2023-12-13 19:24:10,9281,2023-12-13 19:24:03,48E7295552AD,31.25,29.19,28.0,34.5,27.5,29.44,29.47,28.81,28.2,28.16
2023-12-13 19:27:08,9282,2023-12-13 19:27:01,48E7295552AD,31.44,29.19,28.0,34.56,27.56,29.42,29.47,28.83,28.23,28.19
2023-12-13 19:30:10,9283,2023-12-13 19:30:03,48E7295552AD,31.25,29.0,27.94,35.06,27.5,29.48,29.48,28.83,28.25,28.19
2023-12-13 19:33:07,9284,2023-12-13 19:33:00,48E7295552AD,30.5,27.69,27.75,32.0,27.31,29.48,29.48,28.86,28.25,28.17
2023-12-13 19:36:10,9285,2023-12-13 19:36:02,48E7295552AD,30.56,28.75,27.75,32.94,27.25,29.44,29.45,28.88,28.25,28.19
2023-12-13 19:39:12,9286,2023-12-13 19:39:04,48E7295552AD,31.19,29.12,27.94,33.62,27.56,29.48,29.52,28.89,28.25,28.19
2023-12-13 19:42:10,9287,2023-12-13 19:42:02,48E7295552AD,30.5,28.75,27.75,32.94,27.25,29.48,29.5,28.92,28.25,28.19
2023-12-13 19:45:12,9288,2023-12-13 19:45:04,48E7295552AD,30.69,29.0,27.69,32.06,27.25,29.5,29.52,28.89,28.27,28.23
2023-12-13 19:48:09,9289,2023-12-13 19:48:01,48E7295552AD,32.06,29.25,28.25,35.25,27.62,29.5,29.5,28.91,28.28,28.23
2023-12-13 19:51:12,9290,2023-12-13 19:51:03,48E7295552AD,30.56,28.75,27.75,33.56,27.25,29.5,29.53,28.92,28.28,28.25
2023-12-13 19:54:09,9291,2023-12-13 19:54:00,48E7295552AD,30.56,28.88,27.75,32.0,27.31,29.52,29.56,28.92,28.31,28.25
2023-12-13 19:57:12,9292,2023-12-13 19:57:02,48E7295552AD,30.81,28.69,27.75,32.25,27.25,29.55,29.56,28.95,28.31,28.25
2023-12-13 20:00:14,9293,2023-12-13 20:00:05,48E7295552AD,31.38,29.12,28.06,33.5,27.5,29.52,29.55,28.94,28.31,28.25
2023-12-13 20:03:11,9294,2023-12-13 20:03:02,48E7295552AD,30.75,28.69,27.75,33.25,27.25,29.53,29.56,28.95,28.31,28.25
2023-12-13 20:06:14,9295,2023-12-13 20:06:04,48E7295552AD,31.31,29.12,28.06,33.5,27.5,29.53,29.56,28.95,28.3,28.25
2023-12-13 20:09:11,9296,2023-12-13 20:09:01,48E7295552AD,30.75,28.81,27.81,32.44,27.19,29.5,29.55,28.94,28.31,28.25
2023-12-13 20:12:14,9297,2023-12-13 20:12:03,48E7295552AD,31.69,29.19,28.19,35.19,27.5,29.53,29.56,28.94,28.31,28.27
2023-12-13 20:15:11,9298,2023-12-13 20:15:00,48E7295552AD,32.0,29.25,28.19,34.75,27.5,29.53,29.56,28.95,28.31,28.25
2023-12-13 20:18:13,9299,2023-12-13 20:18:02,48E7295552AD,32.25,29.19,28.25,35.0,27.62,29.53,29.56,28.94,28.31,28.25
2023-12-13 20:21:07,9300,2023-12-13 20:21:01,48E7295552AD,31.56,29.19,28.25,34.06,27.69,29.55,29.55,28.97,28.3,28.25
2023-12-13 20:24:09,9301,2023-12-13 20:24:04,48E7295552AD,31.56,28.88,28.12,33.75,27.62,29.55,29.56,28.97,28.31,28.25
2023-12-13 20:27:07,9302,2023-12-13 20:27:01,48E7295552AD,31.69,28.94,28.25,34.0,27.56,29.53,29.55,28.95,28.31,28.25
2023-12-13 20:30:09,9303,2023-12-13 20:30:04,48E7295552AD,30.19,28.5,27.75,35.19,27.19,29.56,29.59,28.95,28.31,28.28
2023-12-13 20:33:06,9304,2023-12-13 20:33:01,48E7295552AD,30.62,28.62,27.75,35.44,27.31,29.62,29.61,29.0,28.34,28.33
2023-12-13 20:36:09,9305,2023-12-13 20:36:03,48E7295552AD,32.0,29.0,28.25,38.81,27.75,29.69,29.67,29.06,28.41,28.38
2023-12-13 20:39:06,9306,2023-12-13 20:39:01,48E7295552AD,31.0,28.62,27.94,35.12,27.5,29.69,29.69,29.09,28.44,28.42
2023-12-13 20:42:09,9307,2023-12-13 20:42:03,48E7295552AD,31.62,29.0,28.25,36.75,27.75,29.69,29.72,29.12,28.47,28.44
2023-12-13 20:45:06,9308,2023-12-13 20:45:00,48E7295552AD,31.94,29.0,28.25,37.69,27.88,29.72,29.72,29.12,28.47,28.44
2023-12-13 20:48:08,9309,2023-12-13 20:48:02,48E7295552AD,31.62,28.94,28.31,36.19,27.75,29.7,29.7,29.12,28.5,28.44
2023-12-13 20:51:11,9310,2023-12-13 20:51:05,48E7295552AD,32.0,29.19,28.25,37.5,27.75,29.72,29.72,29.12,28.47,28.44
2023-12-13 20:54:08,9311,2023-12-13 20:54:02,48E7295552AD,31.81,28.94,28.25,37.62,27.62,29.75,29.75,29.12,28.5,28.48
2023-12-13 20:57:11,9312,2023-12-13 20:57:04,48E7295552AD,31.12,28.69,27.81,34.81,27.31,29.75,29.75,29.19,28.48,28.48
2023-12-13 21:00:08,9313,2023-12-13 21:00:01,48E7295552AD,31.75,29.0,28.25,37.25,27.75,29.77,29.75,29.17,28.5,28.5
2023-12-13 21:03:11,9314,2023-12-13 21:03:03,48E7295552AD,31.69,28.17,28.25,37.31,27.25,29.77,29.75,29.16,28.52,28.5
2023-12-13 21:06:08,9315,2023-12-13 21:06:00,48E7295552AD,30.94,27.92,28.0,34.94,26.69,29.78,29.79,29.19,28.53,28.5
2023-12-13 21:09:10,9316,2023-12-13 21:09:02,48E7295552AD,31.88,28.56,28.38,36.75,27.0,29.8,29.78,29.2,28.52,28.5
2023-12-13 21:12:13,9317,2023-12-13 21:12:04,48E7295552AD,32.19,29.0,28.5,37.44,27.0,29.78,29.78,29.19,28.5,28.48
2023-12-13 21:15:10,9318,2023-12-13 21:15:01,48E7295552AD,30.94,28.5,27.88,34.5,26.75,29.8,29.8,29.19,28.52,28.5
2023-12-13 21:18:13,9319,2023-12-13 21:18:04,48E7295552AD,30.62,28.81,27.88,35.5,26.62,29.78,29.81,29.19,28.53,28.48
2023-12-13 21:21:06,9320,2023-12-13 21:21:00,48E7295552AD,31.94,28.94,28.25,36.5,27.25,29.78,29.78,29.19,28.52,28.5
2023-12-13 21:24:09,9321,2023-12-13 21:24:03,48E7295552AD,31.31,28.62,28.0,34.88,26.88,29.75,29.81,29.19,28.52,28.5
2023-12-13 21:27:06,9322,2023-12-13 21:27:00,48E7295552AD,31.5,29.12,28.12,35.94,27.12,29.78,29.77,29.19,28.52,28.5
2023-12-13 21:30:09,9323,2023-12-13 21:30:03,48E7295552AD,31.88,29.12,28.5,36.88,27.19,29.75,29.8,29.19,28.5,28.5
2023-12-13 21:33:06,9324,2023-12-13 21:33:01,48E7295552AD,31.56,29.19,28.31,36.12,27.25,29.75,29.75,29.16,28.52,28.45
2023-12-13 21:36:08,9325,2023-12-13 21:36:03,48E7295552AD,31.12,28.94,28.06,34.94,26.75,29.75,29.75,29.16,28.5,28.44
2023-12-13 21:39:06,9326,2023-12-13 21:39:01,48E7295552AD,31.81,29.25,28.31,36.69,27.25,29.75,29.75,29.16,28.5,28.47
2023-12-13 21:42:08,9327,2023-12-13 21:42:03,48E7295552AD,31.81,29.31,28.44,35.56,27.25,29.73,29.75,29.14,28.5,28.44
2023-12-13 21:45:06,9328,2023-12-13 21:45:01,48E7295552AD,31.5,29.19,28.31,35.06,27.25,29.73,29.75,29.17,28.5,28.44
2023-12-13 21:48:08,9329,2023-12-13 21:48:03,48E7295552AD,31.62,28.81,28.25,36.19,27.25,29.7,29.73,29.14,28.45,28.44
2023-12-13 21:51:05,9330,2023-12-13 21:51:01,48E7295552AD,30.94,28.62,28.0,34.06,26.75,29.7,29.73,29.14,28.47,28.42
2023-12-13 21:54:08,9331,2023-12-13 21:54:04,48E7295552AD,31.06,28.38,27.94,34.31,26.69,29.69,29.72,29.12,28.48,28.41
2023-12-13 21:57:05,9332,2023-12-13 21:57:01,48E7295552AD,31.81,28.92,28.25,34.69,27.25,29.69,29.69,29.12,28.47,28.42
2023-12-13 22:00:08,9333,2023-12-13 22:00:04,48E7295552AD,31.81,29.12,28.25,35.0,27.25,29.69,29.7,29.11,28.44,28.39
2023-12-13 22:03:05,9334,2023-12-13 22:03:02,48E7295552AD,31.75,29.0,28.5,35.62,27.25,29.66,29.69,29.08,28.44,28.36
2023-12-13 22:06:02,9335,2023-12-13 22:06:00,48E7295552AD,31.88,28.94,28.25,35.44,27.38,29.67,29.66,29.08,28.42,28.34
2023-12-13 22:09:05,9336,2023-12-13 22:09:03,48E7295552AD,31.5,29.19,28.25,34.0,27.44,29.64,29.66,29.05,28.39,28.36
2023-12-13 22:12:02,9337,2023-12-13 22:12:01,48E7295552AD,30.94,28.56,27.94,32.38,27.12,29.61,29.64,29.05,28.36,28.31
2023-12-13 22:15:04,9338,2023-12-13 22:15:04,48E7295552AD,31.75,29.0,28.19,34.69,27.56,29.61,29.61,29.0,28.34,28.31
2023-12-13 22:18:02,9339,2023-12-13 22:18:02,48E7295552AD,30.94,28.81,27.94,31.56,27.25,29.59,29.62,29.0,28.33,28.27
2023-12-13 22:21:11,9340,2023-12-13 22:21:04,48E7295552AD,31.38,29.19,28.25,33.56,27.62,29.56,29.59,29.02,28.34,28.27
2023-12-13 22:24:08,9341,2023-12-13 22:24:01,48E7295552AD,31.5,29.12,28.31,35.25,27.5,29.58,29.59,28.98,28.33,28.31
2023-12-13 22:27:10,9342,2023-12-13 22:27:03,48E7295552AD,30.75,28.88,27.94,33.31,27.25,29.58,29.62,29.03,28.34,28.3
2023-12-13 22:30:08,9343,2023-12-13 22:30:00,48E7295552AD,30.88,28.81,28.0,32.0,27.19,29.61,29.62,29.0,28.38,28.31
2023-12-13 22:33:10,9344,2023-12-13 22:33:02,48E7295552AD,31.75,29.06,28.25,34.25,27.5,29.62,29.62,29.0,28.38,28.33
2023-12-13 22:36:13,9345,2023-12-13 22:36:04,48E7295552AD,31.94,29.12,28.06,35.0,27.5,29.59,29.59,29.0,28.34,28.31
2023-12-13 22:39:10,9346,2023-12-13 22:39:01,48E7295552AD,30.94,28.75,27.94,32.94,27.12,29.62,29.59,29.0,28.33,28.3
2023-12-13 22:42:13,9347,2023-12-13 22:42:03,48E7295552AD,30.94,28.94,27.75,32.38,27.25,29.55,29.62,28.98,28.36,28.3
2023-12-13 22:45:11,9348,2023-12-13 22:45:01,48E7295552AD,30.75,28.69,27.88,32.19,27.06,29.58,29.59,29.0,28.31,28.28
2023-12-13 22:48:12,9349,2023-12-13 22:48:03,48E7295552AD,30.81,28.75,27.81,31.75,27.06,29.56,29.58,28.98,28.38,28.27
2023-12-13 22:51:10,9350,2023-12-13 22:51:00,48E7295552AD,30.69,28.81,27.88,32.06,27.25,29.56,29.56,29.0,28.33,28.27
2023-12-13 22:54:12,9351,2023-12-13 22:54:02,48E7295552AD,31.5,29.12,28.25,34.06,27.5,29.56,29.56,28.97,28.34,28.28
2023-12-13 22:57:15,9352,2023-12-13 22:57:05,48E7295552AD,31.62,29.19,28.25,33.69,27.62,29.56,29.58,29.0,28.34,28.27
2023-12-13 23:00:12,9353,2023-12-13 23:00:02,48E7295552AD,31.5,29.19,28.25,33.25,27.5,29.55,29.56,28.94,28.31,28.25
2023-12-13 23:03:14,9354,2023-12-13 23:03:04,48E7295552AD,30.62,28.75,28.0,31.44,27.31,29.56,29.56,28.95,28.31,28.25
2023-12-13 23:06:12,9355,2023-12-13 23:06:01,48E7295552AD,31.56,29.06,28.19,34.0,27.5,29.53,29.56,28.94,28.33,28.25
2023-12-13 23:09:14,9356,2023-12-13 23:09:04,48E7295552AD,31.38,29.19,28.12,33.19,27.5,29.53,29.56,28.94,28.31,28.25
2023-12-13 23:12:11,9357,2023-12-13 23:12:01,48E7295552AD,32.0,29.25,28.12,34.56,27.5,29.52,29.55,28.95,28.31,28.25
2023-12-13 23:15:14,9358,2023-12-13 23:15:03,48E7295552AD,31.75,28.94,28.19,35.06,27.5,29.5,29.56,28.95,28.3,28.25
2023-12-13 23:18:12,9359,2023-12-13 23:18:00,48E7295552AD,30.81,27.94,28.0,32.0,27.0,29.53,29.55,28.95,28.28,28.23
2023-12-13 23:21:10,9360,2023-12-13 23:21:04,48E7295552AD,31.5,28.69,28.12,33.25,27.25,29.5,29.56,28.94,28.3,28.23
2023-12-13 23:24:07,9361,2023-12-13 23:24:01,48E7295552AD,30.81,28.31,27.94,31.94,26.81,29.5,29.53,28.92,28.28,28.2
2023-12-13 23:27:10,9362,2023-12-13 23:27:04,48E7295552AD,31.62,28.5,28.0,33.56,27.0,29.5,29.5,28.89,28.25,28.19
2023-12-13 23:30:07,9363,2023-12-13 23:30:01,48E7295552AD,31.5,28.62,28.06,33.31,27.0,29.5,29.52,28.89,28.27,28.19
2023-12-13 23:33:10,9364,2023-12-13 23:33:03,48E7295552AD,31.69,28.75,28.06,34.25,27.25,29.5,29.5,28.92,28.25,28.2
2023-12-13 23:36:07,9365,2023-12-13 23:36:01,48E7295552AD,31.44,28.75,28.12,33.88,27.25,29.5,29.52,28.91,28.25,28.19
2023-12-13 23:39:09,9366,2023-12-13 23:39:03,48E7295552AD,31.81,28.31,28.25,33.81,27.25,29.48,29.5,28.89,28.25,28.19
2023-12-13 23:42:07,9367,2023-12-13 23:42:00,48E7295552AD,31.44,28.38,28.0,33.5,27.12,29.48,29.48,28.89,28.23,28.2
2023-12-13 23:45:09,9368,2023-12-13 23:45:03,48E7295552AD,31.56,28.75,28.12,33.5,27.25,29.45,29.48,28.86,28.25,28.19
2023-12-13 23:48:06,9369,2023-12-13 23:48:00,48E7295552AD,31.5,28.62,28.0,32.75,27.19,29.47,29.5,28.84,28.22,28.19
2023-12-13 23:51:09,9370,2023-12-13 23:51:03,48E7295552AD,31.25,28.62,28.12,32.38,27.06,29.45,29.48,28.88,28.2,28.19
2023-12-13 23:54:06,9371,2023-12-13 23:54:00,48E7295552AD,30.69,28.38,27.75,31.69,26.81,29.45,29.45,28.88,28.23,28.17
2023-12-13 23:57:09,9372,2023-12-13 23:57:03,48E7295552AD,31.31,28.5,28.0,32.94,27.12,29.47,29.48,28.88,28.23,28.17
2023-12-14 00:00:06,9373,2023-12-14 00:00:00,48E7295552AD,31.19,28.25,27.69,31.62,27.0,29.44,29.48,28.88,28.22,28.17
2023-12-14 00:03:08,9374,2023-12-14 00:03:02,48E7295552AD,31.25,28.44,27.62,34.0,27.31,29.44,29.45,28.88,28.22,28.19
2023-12-14 00:06:11,9375,2023-12-14 00:06:05,48E7295552AD,30.19,27.88,27.19,31.88,27.12,29.38,29.39,28.78,28.19,28.09
2023-12-14 00:09:08,9376,2023-12-14 00:09:02,48E7295552AD,30.31,26.38,26.5,33.5,26.5,29.17,29.25,28.67,28.06,27.97
2023-12-14 00:12:11,9377,2023-12-14 00:12:05,48E7295552AD,30.06,26.44,26.5,33.44,25.5,28.97,29.08,28.42,27.86,27.81
2023-12-14 00:15:08,9378,2023-12-14 00:15:02,48E7295552AD,30.25,26.75,26.75,31.25,25.56,28.61,28.78,28.19,27.67,27.59
2023-12-14 00:18:05,9379,2023-12-14 00:18:00,48E7295552AD,30.62,26.62,26.81,32.75,25.25,28.39,28.55,27.98,27.44,27.38
2023-12-14 00:21:09,9380,2023-12-14 00:21:03,48E7295552AD,30.42,26.44,26.88,33.75,25.25,28.25,28.39,27.84,27.3,27.25
2023-12-14 00:24:06,9381,2023-12-14 00:24:01,48E7295552AD,29.44,25.75,26.38,32.88,24.62,28.12,28.27,27.81,27.19,27.14
2023-12-14 00:27:09,9382,2023-12-14 00:27:03,48E7295552AD,30.25,26.0,26.69,34.0,24.94,28.06,28.25,27.75,27.12,27.06
2023-12-14 00:30:06,9383,2023-12-14 00:30:01,48E7295552AD,30.06,26.12,26.5,33.75,25.0,27.98,28.16,27.67,27.06,27.03
2023-12-14 00:33:09,9384,2023-12-14 00:33:04,48E7295552AD,30.0,26.12,26.25,30.88,24.94,27.88,28.03,27.56,27.0,26.95
2023-12-14 00:36:06,9385,2023-12-14 00:36:02,48E7295552AD,28.62,24.62,25.75,31.19,23.62,27.81,27.94,27.44,26.88,26.88
2023-12-14 00:39:03,9386,2023-12-14 00:39:00,48E7295552AD,29.56,25.5,26.38,32.31,24.75,27.72,27.85,27.31,26.77,26.8
2023-12-14 00:42:06,9387,2023-12-14 00:42:03,48E7295552AD,29.94,25.83,26.56,32.69,24.81,27.56,27.75,27.23,26.67,26.69
2023-12-14 00:45:03,9388,2023-12-14 00:45:01,48E7295552AD,29.56,25.62,26.44,31.5,24.81,27.45,27.69,27.14,26.59,26.62
2023-12-14 00:48:05,9389,2023-12-14 00:48:05,48E7295552AD,29.25,25.25,25.94,31.0,24.5,27.34,27.62,27.05,26.52,26.56
2023-12-14 00:51:03,9390,2023-12-14 00:51:03,48E7295552AD,30.0,25.5,26.25,32.31,24.75,27.33,27.56,27.0,26.5,26.52
2023-12-14 00:54:00,9391,2023-12-14 00:54:02,48E7295552AD,29.31,25.67,26.25,31.75,24.62,27.25,27.56,27.0,26.47,26.55
2023-12-14 00:56:57,9392,2023-12-14 00:57:00,48E7295552AD,28.81,25.06,25.88,30.44,24.38,27.25,27.52,26.95,26.45,26.52
2023-12-14 01:00:00,9393,2023-12-14 01:00:04,48E7295552AD,29.62,25.67,26.19,32.5,24.62,27.25,27.5,26.97,26.47,26.56
2023-12-14 01:02:57,9394,2023-12-14 01:03:02,48E7295552AD,29.25,25.5,26.25,32.75,24.5,27.23,27.53,26.98,26.5,26.56
2023-12-14 01:05:54,9395,2023-12-14 01:06:00,48E7295552AD,28.44,24.92,25.5,32.19,24.0,27.3,27.58,27.05,26.56,26.62
2023-12-14 01:08:57,9396,2023-12-14 01:09:04,48E7295552AD,28.88,25.0,25.75,31.94,24.0,27.31,27.62,27.06,26.59,26.69
2023-12-14 01:11:54,9397,2023-12-14 01:12:02,48E7295552AD,29.19,25.0,25.5,31.75,23.75,27.28,27.56,27.05,26.56,26.62
2023-12-14 01:14:51,9398,2023-12-14 01:15:00,48E7295552AD,29.06,25.75,26.0,30.81,24.69,27.25,27.53,26.95,26.5,26.55
2023-12-14 01:17:54,9399,2023-12-14 01:18:04,48E7295552AD,29.44,26.25,26.19,30.75,24.75,27.14,27.41,26.88,26.36,26.38
2023-12-14 01:18:11,9400,2023-12-14 01:18:04,48E7295552AD,28.81,25.81,25.75,29.44,24.31,27.14,27.38,26.88,26.33,26.38
2023-12-14 01:21:08,9401,2023-12-14 01:21:01,48E7295552AD,29.75,26.44,26.25,32.19,24.88,27.09,27.31,26.78,26.27,26.3
2023-12-14 01:24:11,9402,2023-12-14 01:24:04,48E7295552AD,29.44,26.5,26.0,33.75,24.75,27.06,27.31,26.77,26.23,26.28
2023-12-14 01:27:08,9403,2023-12-14 01:27:01,48E7295552AD,29.94,25.17,25.75,33.0,24.62,27.05,27.27,26.75,26.25,26.3
2023-12-14 01:30:12,9404,2023-12-14 01:30:03,48E7295552AD,28.06,24.5,25.25,29.5,23.75,27.03,27.29,26.75,26.23,26.27
2023-12-14 01:33:08,9405,2023-12-14 01:33:00,48E7295552AD,28.56,25.92,25.38,29.31,24.0,27.0,27.23,26.67,26.19,26.23
2023-12-14 01:36:10,9406,2023-12-14 01:36:03,48E7295552AD,29.12,26.17,25.81,29.81,24.88,26.91,27.15,26.59,26.11,26.14
2023-12-14 01:39:08,9407,2023-12-14 01:39:00,48E7295552AD,29.25,26.25,25.94,30.5,24.94,26.88,27.06,26.52,26.0,26.06
2023-12-14 01:42:10,9408,2023-12-14 01:42:03,48E7295552AD,28.69,26.25,25.44,29.31,24.38,26.81,27.05,26.5,25.98,26.0
2023-12-14 01:45:07,9409,2023-12-14 01:45:01,48E7295552AD,29.0,26.38,25.81,30.25,24.69,26.81,27.03,26.5,25.95,26.0
2023-12-14 01:48:10,9410,2023-12-14 01:48:04,48E7295552AD,29.31,26.38,25.81,31.25,24.75,26.81,27.06,26.48,26.02,26.02
2023-12-14 01:51:07,9411,2023-12-14 01:51:01,48E7295552AD,29.0,26.44,25.62,31.25,24.62,26.84,27.06,26.5,26.02,26.06
2023-12-14 01:54:10,9412,2023-12-14 01:54:04,48E7295552AD,29.0,26.38,25.62,31.25,24.56,26.88,27.06,26.53,26.03,26.08
2023-12-14 01:57:07,9413,2023-12-14 01:57:02,48E7295552AD,29.12,26.5,25.69,31.75,24.69,26.91,27.1,26.56,26.06,26.12
2023-12-14 02:00:09,9414,2023-12-14 02:00:04,48E7295552AD,28.88,26.5,25.69,31.25,24.69,26.94,27.12,26.58,26.08,26.17
2023-12-14 02:03:07,9415,2023-12-14 02:03:02,48E7295552AD,29.19,26.08,25.75,32.06,24.5,26.94,27.17,26.62,26.12,26.19
2023-12-14 02:06:09,9416,2023-12-14 02:06:04,48E7295552AD,29.0,25.81,25.75,33.12,24.5,27.0,27.23,26.7,26.2,26.3
2023-12-14 02:09:07,9417,2023-12-14 02:09:01,48E7295552AD,28.81,25.44,25.56,31.81,24.0,27.03,27.31,26.75,26.3,26.36
2023-12-14 02:12:09,9418,2023-12-14 02:12:03,48E7295552AD,28.19,25.5,25.12,30.25,23.5,27.06,27.3,26.77,26.27,26.36
2023-12-14 02:15:06,9419,2023-12-14 02:15:01,48E7295552AD,29.62,26.44,25.94,31.25,24.56,27.03,27.27,26.73,26.25,26.28
2023-12-14 02:18:10,9420,2023-12-14 02:18:04,48E7295552AD,29.19,26.38,26.06,30.44,24.81,26.95,27.19,26.64,26.12,26.19
2023-12-14 02:21:07,9421,2023-12-14 02:21:01,48E7295552AD,29.5,26.33,26.0,32.25,24.69,26.94,27.12,26.58,26.08,26.12
2023-12-14 02:24:10,9422,2023-12-14 02:24:03,48E7295552AD,29.5,26.25,26.06,33.12,24.75,26.89,27.12,26.56,26.05,26.11
2023-12-14 02:27:07,9423,2023-12-14 02:27:00,48E7295552AD,30.0,26.25,25.81,33.19,24.5,26.94,27.12,26.59,26.08,26.12
2023-12-14 02:30:10,9424,2023-12-14 02:30:02,48E7295552AD,29.0,25.92,25.62,31.31,24.0,26.94,27.12,26.61,26.08,26.14
2023-12-14 02:33:07,9425,2023-12-14 02:33:00,48E7295552AD,29.38,26.12,25.94,32.56,24.62,26.88,27.11,26.55,26.06,26.12
2023-12-14 02:36:09,9426,2023-12-14 02:36:02,48E7295552AD,29.25,26.25,25.94,29.88,24.75,26.86,27.05,26.5,26.0,26.06
2023-12-14 02:39:07,9427,2023-12-14 02:39:00,48E7295552AD,28.5,26.06,25.56,28.33,24.44,26.84,27.0,26.45,25.94,26.0
2023-12-14 02:42:09,9428,2023-12-14 02:42:02,48E7295552AD,29.31,26.38,26.06,30.38,24.75,26.81,27.0,26.44,25.94,25.94
2023-12-14 02:45:06,9429,2023-12-14 02:45:00,48E7295552AD,29.56,26.12,26.19,31.38,24.75,26.81,27.0,26.44,25.94,25.94
2023-12-14 02:48:09,9430,2023-12-14 02:48:02,48E7295552AD,28.69,26.06,25.75,29.31,24.31,26.81,27.0,26.48,25.95,26.0
2023-12-14 02:51:06,9431,2023-12-14 02:51:00,48E7295552AD,28.56,26.0,25.56,29.5,24.06,26.83,27.02,26.5,25.98,26.02
2023-12-14 02:54:09,9432,2023-12-14 02:54:02,48E7295552AD,29.56,26.62,26.25,32.19,24.69,26.88,27.06,26.52,26.0,26.06
2023-12-14 02:57:11,9433,2023-12-14 02:57:04,48E7295552AD,29.44,26.25,26.19,32.25,24.75,26.89,27.06,26.56,26.06,26.09
2023-12-14 03:00:09,9434,2023-12-14 03:00:02,48E7295552AD,29.81,26.12,26.19,32.75,24.69,26.92,27.09,26.58,26.11,26.19
2023-12-14 03:03:11,9435,2023-12-14 03:03:04,48E7295552AD,29.38,26.69,26.38,32.06,24.75,26.95,27.19,26.64,26.14,26.19
2023-12-14 03:06:08,9436,2023-12-14 03:06:01,48E7295552AD,29.56,26.62,26.25,32.0,24.88,27.0,27.19,26.69,26.19,26.25
2023-12-14 03:09:11,9437,2023-12-14 03:09:03,48E7295552AD,29.5,26.56,26.38,32.12,24.88,27.05,27.25,26.72,26.23,26.28
2023-12-14 03:12:08,9438,2023-12-14 03:12:00,48E7295552AD,29.81,26.31,26.31,32.75,24.88,27.06,27.31,26.75,26.27,26.33
2023-12-14 03:15:11,9439,2023-12-14 03:15:03,48E7295552AD,29.75,26.56,26.25,32.25,24.81,27.11,27.33,26.81,26.33,26.41
2023-12-14 03:18:09,9440,2023-12-14 03:18:03,48E7295552AD,30.0,26.38,26.31,32.88,24.81,27.19,27.38,26.86,26.38,26.44
2023-12-14 03:21:06,9441,2023-12-14 03:21:00,48E7295552AD,29.94,26.69,26.38,32.44,24.88,27.2,27.42,26.91,26.42,26.45
2023-12-14 03:24:09,9442,2023-12-14 03:24:02,48E7295552AD,30.44,26.33,26.5,33.56,24.81,27.25,27.5,26.94,26.5,26.5
2023-12-14 03:27:11,9443,2023-12-14 03:27:04,48E7295552AD,29.94,26.69,26.25,33.5,24.88,27.28,27.52,26.98,26.5,26.55
2023-12-14 03:30:10,9444,2023-12-14 03:30:01,48E7295552AD,29.69,26.62,26.5,32.44,24.81,27.3,27.56,27.0,26.53,26.58
2023-12-14 03:33:11,9445,2023-12-14 03:33:04,48E7295552AD,29.88,26.75,26.62,33.0,24.94,27.31,27.56,27.05,26.58,26.62
2023-12-14 03:36:08,9446,2023-12-14 03:36:01,48E7295552AD,29.75,26.67,26.44,32.5,25.0,27.36,27.6,27.05,26.58,26.66
2023-12-14 03:39:11,9447,2023-12-14 03:39:03,48E7295552AD,29.06,25.5,26.31,30.62,24.5,27.42,27.67,27.11,26.62,26.69
2023-12-14 03:42:08,9448,2023-12-14 03:42:00,48E7295552AD,30.0,26.62,26.75,32.56,24.81,27.44,27.69,27.14,26.67,26.72
2023-12-14 03:45:11,9449,2023-12-14 03:45:02,48E7295552AD,29.81,26.42,26.69,31.88,24.81,27.44,27.73,27.16,26.69,26.73
2023-12-14 03:48:13,9450,2023-12-14 03:48:04,48E7295552AD,30.5,26.25,26.88,32.94,24.88,27.48,27.75,27.2,26.7,26.75
2023-12-14 03:51:11,9451,2023-12-14 03:51:01,48E7295552AD,30.25,26.5,26.75,32.25,24.88,27.56,27.78,27.25,26.75,26.81
2023-12-14 03:54:13,9452,2023-12-14 03:54:03,48E7295552AD,30.44,26.31,27.0,32.56,24.88,27.59,27.81,27.31,26.81,26.86
2023-12-14 03:57:10,9453,2023-12-14 03:57:00,48E7295552AD,29.81,26.25,26.44,30.25,24.5,27.62,27.81,27.31,26.83,26.88
2023-12-14 04:00:13,9454,2023-12-14 04:00:02,48E7295552AD,30.19,26.5,26.88,32.06,25.0,27.67,27.81,27.38,26.88,26.95
2023-12-14 04:03:15,9455,2023-12-14 04:03:04,48E7295552AD,30.25,26.08,26.88,31.5,25.0,27.69,27.88,27.44,26.94,26.97
2023-12-14 04:06:13,9456,2023-12-14 04:06:01,48E7295552AD,30.44,26.31,26.88,31.94,25.0,27.77,27.92,27.45,26.97,27.0
2023-12-14 04:09:15,9457,2023-12-14 04:09:03,48E7295552AD,30.38,26.42,27.06,33.0,25.0,27.8,27.98,27.55,27.03,27.08
2023-12-14 04:12:12,9458,2023-12-14 04:12:00,48E7295552AD,30.44,26.56,27.0,32.38,25.06,27.81,28.02,27.58,27.09,27.14
2023-12-14 04:15:15,9459,2023-12-14 04:15:02,48E7295552AD,30.62,26.25,27.06,32.69,25.12,27.84,28.08,27.64,27.14,27.19
2023-12-14 04:18:08,9460,2023-12-14 04:18:02,48E7295552AD,30.38,26.58,27.0,33.19,25.25,27.89,28.12,27.7,27.19,27.25
2023-12-14 04:21:11,9461,2023-12-14 04:21:04,48E7295552AD,29.44,26.31,26.69,30.81,25.0,27.94,28.17,27.75,27.23,27.25
2023-12-14 04:24:08,9462,2023-12-14 04:24:01,48E7295552AD,30.62,26.75,27.0,32.0,25.25,27.95,28.22,27.75,27.25,27.3
2023-12-14 04:27:10,9463,2023-12-14 04:27:04,48E7295552AD,30.5,26.62,27.0,32.31,25.19,27.98,28.22,27.75,27.25,27.27
2023-12-14 04:30:08,9464,2023-12-14 04:30:01,48E7295552AD,29.69,26.62,26.94,30.88,24.81,27.95,28.25,27.8,27.3,27.34
2023-12-14 04:33:10,9465,2023-12-14 04:33:03,48E7295552AD,30.5,26.88,27.25,32.69,25.44,28.0,28.25,27.8,27.3,27.31
2023-12-14 04:36:08,9466,2023-12-14 04:36:01,48E7295552AD,30.62,27.0,27.06,32.62,25.38,28.02,28.27,27.81,27.3,27.33
2023-12-14 04:39:10,9467,2023-12-14 04:39:03,48E7295552AD,30.62,27.06,27.25,32.44,25.31,28.03,28.28,27.81,27.33,27.38
2023-12-14 04:42:07,9468,2023-12-14 04:42:00,48E7295552AD,30.31,27.19,27.12,32.31,25.69,28.05,28.31,27.81,27.34,27.38
2023-12-14 04:45:10,9469,2023-12-14 04:45:03,48E7295552AD,30.25,27.12,27.31,32.06,25.56,28.06,28.3,27.81,27.36,27.38
2023-12-14 04:48:07,9470,2023-12-14 04:48:00,48E7295552AD,30.62,27.19,27.25,32.25,25.75,28.11,28.34,27.81,27.38,27.44
2023-12-14 04:51:10,9471,2023-12-14 04:51:02,48E7295552AD,30.69,27.38,27.25,31.94,25.62,28.11,28.36,27.83,27.39,27.44
2023-12-14 04:54:12,9472,2023-12-14 04:54:04,48E7295552AD,30.56,27.25,27.31,32.62,25.56,28.12,28.38,27.84,27.42,27.47
2023-12-14 04:57:09,9473,2023-12-14 04:57:01,48E7295552AD,30.81,27.38,27.25,33.75,25.81,28.12,28.38,27.88,27.44,27.52
2023-12-14 05:00:12,9474,2023-12-14 05:00:03,48E7295552AD,30.62,27.31,27.44,32.25,25.88,28.16,28.42,27.88,27.45,27.5
2023-12-14 05:03:09,9475,2023-12-14 05:03:01,48E7295552AD,30.5,27.38,27.25,32.06,25.88,28.19,28.44,27.89,27.47,27.52
2023-12-14 05:06:12,9476,2023-12-14 05:06:03,48E7295552AD,31.0,27.31,27.25,32.5,25.75,28.2,28.44,27.95,27.48,27.55
2023-12-14 05:09:09,9477,2023-12-14 05:09:00,48E7295552AD,30.62,27.44,27.44,31.69,25.88,28.23,28.5,27.95,27.52,27.58
2023-12-14 05:12:11,9478,2023-12-14 05:12:02,48E7295552AD,30.81,27.5,27.44,31.94,25.81,28.2,28.52,28.0,27.55,27.56
2023-12-14 05:15:14,9479,2023-12-14 05:15:04,48E7295552AD,30.25,27.06,27.0,30.75,25.5,28.28,28.52,28.0,27.56,27.59
2023-12-14 05:18:07,9480,2023-12-14 05:18:01,48E7295552AD,31.0,27.38,27.44,33.44,25.75,28.31,28.56,28.03,27.56,27.62
2023-12-14 05:21:10,9481,2023-12-14 05:21:04,48E7295552AD,31.0,27.31,27.5,33.25,26.0,28.31,28.56,28.05,27.61,27.66
2023-12-14 05:24:07,9482,2023-12-14 05:24:01,48E7295552AD,30.31,26.62,27.12,31.38,25.69,28.33,28.59,28.06,27.64,27.67
2023-12-14 05:27:10,9483,2023-12-14 05:27:03,48E7295552AD,30.75,27.38,27.5,32.56,26.0,28.39,28.62,28.06,27.64,27.67
2023-12-14 05:30:07,9484,2023-12-14 05:30:01,48E7295552AD,30.12,27.06,27.25,30.44,25.81,28.38,28.62,28.12,27.66,27.7
2023-12-14 05:33:09,9485,2023-12-14 05:33:03,48E7295552AD,31.19,27.44,27.62,32.62,26.31,28.44,28.66,28.11,27.69,27.7
2023-12-14 05:36:07,9486,2023-12-14 05:36:00,48E7295552AD,31.12,27.38,27.5,32.81,26.19,28.44,28.66,28.12,27.69,27.72
2023-12-14 05:39:09,9487,2023-12-14 05:39:02,48E7295552AD,31.12,27.5,27.5,32.75,26.19,28.48,28.69,28.19,27.75,27.75
2023-12-14 05:42:12,9488,2023-12-14 05:42:04,48E7295552AD,30.94,27.56,27.75,33.06,26.38,28.5,28.73,28.19,27.78,27.78
2023-12-14 05:45:09,9489,2023-12-14 05:45:01,48E7295552AD,31.19,27.44,27.69,33.06,26.44,28.55,28.75,28.2,27.77,27.78
2023-12-14 05:48:12,9490,2023-12-14 05:48:04,48E7295552AD,31.06,27.38,27.44,33.06,26.5,28.56,28.78,28.25,27.78,27.81
2023-12-14 05:51:09,9491,2023-12-14 05:51:01,48E7295552AD,30.19,27.12,27.12,30.5,25.88,28.56,28.83,28.25,27.81,27.81
2023-12-14 05:54:11,9492,2023-12-14 05:54:03,48E7295552AD,31.06,27.62,27.5,32.56,26.56,28.62,28.81,28.3,27.81,27.81
2023-12-14 05:57:09,9493,2023-12-14 05:57:00,48E7295552AD,31.12,27.69,27.75,33.0,26.38,28.62,28.84,28.3,27.81,27.81
2023-12-14 06:00:11,9494,2023-12-14 06:00:02,48E7295552AD,31.19,27.81,27.75,32.25,26.38,28.64,28.88,28.31,27.81,27.81
2023-12-14 06:03:14,9495,2023-12-14 06:03:04,48E7295552AD,31.19,27.75,28.0,32.5,26.38,28.66,28.91,28.33,27.81,27.83
2023-12-14 06:06:11,9496,2023-12-14 06:06:01,48E7295552AD,31.38,27.75,27.75,33.06,26.44,28.69,28.92,28.33,27.83,27.81
2023-12-14 06:09:13,9497,2023-12-14 06:09:03,48E7295552AD,31.06,27.69,27.75,33.0,26.38,28.72,28.94,28.36,27.88,27.86
2023-12-14 06:12:11,9498,2023-12-14 06:12:00,48E7295552AD,31.12,27.75,27.56,32.25,26.38,28.75,29.0,28.41,27.88,27.89
2023-12-14 06:15:13,9499,2023-12-14 06:15:02,48E7295552AD,30.25,27.62,27.5,30.81,26.06,28.75,29.0,28.41,27.91,27.89
2023-12-14 06:18:06,9500,2023-12-14 06:18:00,48E7295552AD,31.25,27.94,27.81,33.0,26.38,28.77,28.98,28.44,27.92,27.94
2023-12-14 06:21:09,9501,2023-12-14 06:21:03,48E7295552AD,30.62,27.62,27.44,31.75,25.81,28.83,29.0,28.44,27.94,27.92
2023-12-14 06:24:06,9502,2023-12-14 06:24:00,48E7295552AD,31.25,27.75,27.81,33.19,26.5,28.84,29.03,28.44,27.94,27.94
2023-12-14 06:27:09,9503,2023-12-14 06:27:02,48E7295552AD,31.81,27.75,27.81,33.19,26.25,28.88,29.06,28.5,27.97,27.95
2023-12-14 06:30:11,9504,2023-12-14 06:30:04,48E7295552AD,31.25,27.44,27.75,33.25,26.38,28.84,29.05,28.48,27.95,27.98
2023-12-14 06:33:09,9505,2023-12-14 06:33:01,48E7295552AD,31.56,27.62,27.75,33.0,26.38,28.86,29.08,28.48,28.0,27.98
2023-12-14 06:36:11,9506,2023-12-14 06:36:03,48E7295552AD,31.69,27.88,27.94,33.56,26.44,28.88,29.09,28.5,28.0,27.97
2023-12-14 06:39:08,9507,2023-12-14 06:39:01,48E7295552AD,30.69,27.62,27.5,31.88,26.06,28.92,29.11,28.55,28.0,28.0
2023-12-14 06:42:11,9508,2023-12-14 06:42:03,48E7295552AD,31.44,27.88,28.0,33.38,26.38,28.92,29.12,28.53,28.02,28.0
2023-12-14 06:45:08,9509,2023-12-14 06:45:00,48E7295552AD,30.44,27.44,27.5,31.44,26.06,28.94,29.12,28.56,28.03,28.0
2023-12-14 06:48:11,9510,2023-12-14 06:48:02,48E7295552AD,31.0,27.62,27.88,32.25,26.56,28.94,29.16,28.56,28.06,28.03
2023-12-14 06:51:13,9511,2023-12-14 06:51:04,48E7295552AD,30.62,27.31,27.5,32.06,26.0,28.95,29.16,28.56,28.06,28.05
2023-12-14 06:54:11,9512,2023-12-14 06:54:01,48E7295552AD,31.69,28.0,28.0,33.56,26.56,28.98,29.17,28.58,28.08,28.05
2023-12-14 06:57:13,9513,2023-12-14 06:57:03,48E7295552AD,31.75,27.88,27.94,33.5,26.5,29.0,29.19,28.62,28.08,28.06
2023-12-14 07:00:10,9514,2023-12-14 07:00:00,48E7295552AD,31.0,27.81,28.0,32.88,26.38,29.02,29.19,28.59,28.09,28.09
2023-12-14 07:03:13,9515,2023-12-14 07:03:02,48E7295552AD,30.81,27.44,27.69,32.0,26.06,29.0,29.25,28.61,28.12,28.12
2023-12-14 07:06:15,9516,2023-12-14 07:06:04,48E7295552AD,31.25,27.94,28.25,32.75,26.62,29.05,29.23,28.62,28.12,28.11
2023-12-14 07:09:13,9517,2023-12-14 07:09:01,48E7295552AD,31.31,27.81,28.0,33.25,26.44,29.03,29.22,28.62,28.11,28.11
2023-12-14 07:12:15,9518,2023-12-14 07:12:04,48E7295552AD,31.0,27.81,27.94,32.94,26.56,29.02,29.2,28.62,28.12,28.09
2023-12-14 07:15:13,9519,2023-12-14 07:15:00,48E7295552AD,32.06,27.81,28.06,33.62,26.56,29.05,29.22,28.62,28.12,28.09
2023-12-14 07:18:06,9520,2023-12-14 07:18:00,48E7295552AD,31.5,27.88,28.19,33.94,26.56,29.05,29.22,28.66,28.12,28.09
2023-12-14 07:21:08,9521,2023-12-14 07:21:03,48E7295552AD,31.44,27.94,28.0,32.94,26.5,29.05,29.25,28.62,28.12,28.12
2023-12-14 07:24:06,9522,2023-12-14 07:24:00,48E7295552AD,30.75,27.81,27.56,32.12,26.12,29.06,29.25,28.66,28.14,28.12
2023-12-14 07:27:08,9523,2023-12-14 07:27:03,48E7295552AD,31.25,28.12,28.25,33.25,26.56,29.08,29.25,28.64,28.12,28.12
2023-12-14 07:30:06,9524,2023-12-14 07:30:00,48E7295552AD,31.56,28.12,28.0,33.5,26.62,29.09,29.27,28.69,28.14,28.12
2023-12-14 07:33:08,9525,2023-12-14 07:33:03,48E7295552AD,31.31,28.06,28.06,33.69,26.5,29.09,29.25,28.67,28.14,28.12
2023-12-14 07:36:05,9526,2023-12-14 07:36:00,48E7295552AD,30.62,27.69,27.69,32.12,26.19,29.11,29.28,28.69,28.17,28.12
2023-12-14 07:39:08,9527,2023-12-14 07:39:03,48E7295552AD,31.94,27.81,28.0,34.0,26.5,29.14,29.3,28.69,28.17,28.12
2023-12-14 07:42:05,9528,2023-12-14 07:42:00,48E7295552AD,31.25,28.0,28.06,33.44,26.5,29.11,29.31,28.69,28.19,28.16
2023-12-14 07:45:08,9529,2023-12-14 07:45:03,48E7295552AD,31.25,28.0,28.0,33.0,26.75,29.12,29.31,28.69,28.19,28.17
2023-12-14 07:48:05,9530,2023-12-14 07:48:00,48E7295552AD,31.12,27.88,27.81,32.94,26.38,29.14,29.31,28.73,28.19,28.19
2023-12-14 07:51:08,9531,2023-12-14 07:51:03,48E7295552AD,30.81,27.88,27.75,32.81,26.31,29.17,29.38,28.77,28.25,28.27
2023-12-14 07:54:05,9532,2023-12-14 07:54:00,48E7295552AD,31.5,28.12,28.0,34.5,26.56,29.25,29.44,28.84,28.3,28.31
2023-12-14 07:57:08,9533,2023-12-14 07:57:02,48E7295552AD,31.12,28.19,28.0,34.06,26.62,29.31,29.5,28.94,28.42,28.44
2023-12-14 08:00:10,9534,2023-12-14 08:00:04,48E7295552AD,30.44,27.56,27.75,32.19,26.31,29.44,29.66,29.12,28.55,28.59
2023-12-14 08:03:07,9535,2023-12-14 08:03:02,48E7295552AD,31.62,27.94,27.75,32.75,27.0,29.5,29.73,29.17,28.62,28.69
2023-12-14 08:06:10,9536,2023-12-14 08:06:04,48E7295552AD,31.0,27.94,27.25,32.25,26.75,29.55,29.75,29.19,28.62,28.69
2023-12-14 08:09:07,9537,2023-12-14 08:09:01,48E7295552AD,30.94,27.94,27.12,32.25,26.75,29.56,29.75,29.19,28.62,28.62
2023-12-14 08:12:10,9538,2023-12-14 08:12:04,48E7295552AD,31.5,27.88,27.12,33.12,26.75,29.52,29.7,29.16,28.56,28.55
2023-12-14 08:15:07,9539,2023-12-14 08:15:01,48E7295552AD,30.56,27.69,27.06,31.38,26.56,29.5,29.62,29.09,28.5,28.5
2023-12-14 08:18:10,9540,2023-12-14 08:18:04,48E7295552AD,31.0,27.81,27.25,32.25,26.5,29.41,29.59,29.02,28.42,28.38
2023-12-14 08:21:08,9541,2023-12-14 08:21:01,48E7295552AD,30.75,27.69,27.25,31.88,26.5,29.38,29.5,28.92,28.36,28.31
2023-12-14 08:24:11,9542,2023-12-14 08:24:04,48E7295552AD,30.44,27.69,27.25,31.44,26.25,29.25,29.44,28.86,28.28,28.22
2023-12-14 08:27:08,9543,2023-12-14 08:27:01,48E7295552AD,30.31,27.62,27.12,31.62,26.5,29.23,29.38,28.78,28.23,28.17
2023-12-14 08:30:10,9544,2023-12-14 08:30:04,48E7295552AD,30.5,27.69,27.06,31.69,26.25,29.19,29.31,28.7,28.2,28.12
2023-12-14 08:33:07,9545,2023-12-14 08:33:01,48E7295552AD,30.44,27.44,27.0,31.06,26.38,29.14,29.27,28.67,28.12,28.06
2023-12-14 08:36:10,9546,2023-12-14 08:36:04,48E7295552AD,30.44,27.44,27.0,31.0,26.25,29.06,29.22,28.62,28.05,28.0
2023-12-14 08:39:07,9547,2023-12-14 08:39:02,48E7295552AD,30.25,27.5,27.0,31.0,26.25,29.03,29.17,28.58,28.0,27.94
2023-12-14 08:42:04,9548,2023-12-14 08:42:00,48E7295552AD,30.75,27.5,27.0,31.56,26.19,29.0,29.12,28.52,27.95,27.91
2023-12-14 08:45:07,9549,2023-12-14 08:45:03,48E7295552AD,31.25,27.44,26.94,32.81,26.19,28.95,29.12,28.5,27.91,27.89
2023-12-14 08:48:04,9550,2023-12-14 08:48:00,48E7295552AD,30.25,27.5,27.0,30.81,26.19,28.94,29.08,28.47,27.91,27.86
2023-12-14 08:51:07,9551,2023-12-14 08:51:03,48E7295552AD,30.88,27.56,26.94,32.5,26.31,28.91,29.05,28.44,27.88,27.84
2023-12-14 08:54:04,9552,2023-12-14 08:54:01,48E7295552AD,29.81,27.12,26.5,31.25,25.75,28.89,29.0,28.41,27.86,27.81
2023-12-14 08:57:07,9553,2023-12-14 08:57:04,48E7295552AD,30.5,27.5,27.0,31.38,26.25,28.88,29.0,28.38,27.81,27.81
2023-12-14 09:00:04,9554,2023-12-14 09:00:01,48E7295552AD,29.69,26.5,26.44,29.69,25.81,28.83,28.98,28.38,27.81,27.81
2023-12-14 09:03:06,9555,2023-12-14 09:03:05,48E7295552AD,29.81,27.12,26.75,29.81,25.94,28.8,28.95,28.36,27.81,27.81
2023-12-14 09:06:04,9556,2023-12-14 09:06:02,48E7295552AD,30.25,27.56,26.69,31.0,26.44,28.8,28.92,28.31,27.81,27.8
2023-12-14 09:09:01,9557,2023-12-14 09:09:00,48E7295552AD,30.56,27.44,27.0,31.06,26.44,28.78,28.92,28.31,27.81,27.8
2023-12-14 09:12:04,9558,2023-12-14 09:12:04,48E7295552AD,30.44,27.69,27.0,31.12,26.38,28.75,28.89,28.31,27.81,27.75
2023-12-14 09:15:01,9559,2023-12-14 09:15:02,48E7295552AD,29.56,27.44,26.69,29.44,25.81,28.73,28.91,28.31,27.81,27.78
2023-12-14 09:18:10,9560,2023-12-14 09:18:03,48E7295552AD,30.44,27.62,27.19,30.5,26.44,28.75,28.92,28.31,27.81,27.81
2023-12-14 09:21:07,9561,2023-12-14 09:21:01,48E7295552AD,30.75,27.69,27.06,31.0,26.5,28.75,28.89,28.31,27.81,27.81
2023-12-14 09:24:10,9562,2023-12-14 09:24:03,48E7295552AD,30.75,27.81,27.0,31.19,26.5,28.77,28.92,28.31,27.81,27.78
2023-12-14 09:27:07,9563,2023-12-14 09:27:00,48E7295552AD,30.5,28.0,27.0,30.56,26.5,28.77,28.94,28.31,27.81,27.8
2023-12-14 09:30:09,9564,2023-12-14 09:30:03,48E7295552AD,30.56,27.88,27.0,31.06,26.5,28.77,28.91,28.3,27.81,27.81
2023-12-14 09:33:07,9565,2023-12-14 09:33:00,48E7295552AD,29.81,27.5,26.5,29.0,26.25,28.81,28.94,28.3,27.81,27.78
2023-12-14 09:36:09,9566,2023-12-14 09:36:03,48E7295552AD,29.88,27.62,26.75,30.0,26.19,28.83,28.94,28.33,27.81,27.81
2023-12-14 09:39:07,9567,2023-12-14 09:39:00,48E7295552AD,31.25,28.12,27.12,31.0,26.62,28.83,29.0,28.34,27.81,27.81
2023-12-14 09:42:09,9568,2023-12-14 09:42:03,48E7295552AD,30.0,27.12,26.69,29.81,26.25,28.86,28.97,28.34,27.81,27.81
2023-12-14 09:45:06,9569,2023-12-14 09:45:00,48E7295552AD,30.69,28.0,27.25,30.5,26.75,28.84,28.94,28.38,27.81,27.81
2023-12-14 09:48:09,9570,2023-12-14 09:48:02,48E7295552AD,30.75,28.0,27.19,31.0,26.81,28.88,28.97,28.38,27.81,27.81
2023-12-14 09:51:11,9571,2023-12-14 09:51:05,48E7295552AD,31.06,28.06,27.25,31.5,26.81,28.86,28.98,28.38,27.83,27.81
2023-12-14 09:54:09,9572,2023-12-14 09:54:02,48E7295552AD,29.69,27.81,26.69,28.62,26.5,28.91,29.0,28.42,27.83,27.81
2023-12-14 09:57:11,9573,2023-12-14 09:57:04,48E7295552AD,30.94,28.12,27.25,31.06,26.81,28.92,29.0,28.41,27.88,27.81
2023-12-14 10:00:08,9574,2023-12-14 10:00:02,48E7295552AD,30.81,28.19,27.25,31.25,26.81,28.92,29.02,28.44,27.84,27.81
2023-12-14 10:03:11,9575,2023-12-14 10:03:04,48E7295552AD,30.25,28.25,27.19,31.19,26.81,28.94,29.05,28.44,27.88,27.83
2023-12-14 10:06:08,9576,2023-12-14 10:06:01,48E7295552AD,30.5,28.19,27.25,31.12,26.94,28.98,29.06,28.44,27.88,27.84
2023-12-14 10:09:11,9577,2023-12-14 10:09:04,48E7295552AD,30.56,28.25,27.31,30.81,27.0,28.97,29.06,28.44,27.88,27.84
2023-12-14 10:12:08,9578,2023-12-14 10:12:01,48E7295552AD,31.0,28.19,27.25,31.62,26.88,28.98,29.09,28.47,27.88,27.84
2023-12-14 10:15:11,9579,2023-12-14 10:15:03,48E7295552AD,30.5,28.19,27.25,31.88,27.0,29.0,29.09,28.5,27.92,27.86
2023-12-14 10:18:09,9580,2023-12-14 10:18:03,48E7295552AD,30.69,28.12,27.25,31.0,27.0,29.05,29.12,28.5,27.91,27.86
2023-12-14 10:21:07,9581,2023-12-14 10:21:01,48E7295552AD,31.25,28.44,27.31,31.44,27.12,29.03,29.12,28.5,27.94,27.88
2023-12-14 10:24:09,9582,2023-12-14 10:24:03,48E7295552AD,31.19,28.31,27.31,31.5,27.06,29.06,29.16,28.5,27.94,27.88
2023-12-14 10:27:06,9583,2023-12-14 10:27:01,48E7295552AD,30.19,28.19,26.94,28.81,26.69,29.06,29.17,28.53,27.95,27.88
2023-12-14 10:30:09,9584,2023-12-14 10:30:04,48E7295552AD,30.88,28.56,27.19,31.5,27.25,29.09,29.17,28.56,27.95,27.91
2023-12-14 10:33:06,9585,2023-12-14 10:33:02,48E7295552AD,30.38,28.44,27.25,30.75,27.06,29.11,29.17,28.56,27.94,27.91
2023-12-14 10:36:09,9586,2023-12-14 10:36:04,48E7295552AD,30.5,28.5,27.31,30.81,27.25,29.12,29.19,28.56,27.94,27.88
2023-12-14 10:39:06,9587,2023-12-14 10:39:02,48E7295552AD,31.0,28.56,27.38,31.25,27.0,29.11,29.19,28.56,27.95,27.91
2023-12-14 10:42:03,9588,2023-12-14 10:42:00,48E7295552AD,30.5,28.38,27.44,30.44,27.25,29.12,29.19,28.56,27.95,27.89
2023-12-14 10:45:06,9589,2023-12-14 10:45:03,48E7295552AD,30.69,28.69,27.5,30.12,27.06,29.12,29.19,28.56,27.98,27.94
2023-12-14 10:48:03,9590,2023-12-14 10:48:00,48E7295552AD,31.31,28.69,27.25,31.81,27.19,29.16,29.2,28.55,27.98,27.92
2023-12-14 10:51:06,9591,2023-12-14 10:51:03,48E7295552AD,30.12,28.38,27.12,29.12,26.69,29.14,29.23,28.58,27.97,27.91
2023-12-14 10:54:03,9592,2023-12-14 10:54:01,48E7295552AD,30.75,28.75,27.31,31.44,27.25,29.16,29.23,28.56,28.0,27.92
2023-12-14 10:57:05,9593,2023-12-14 10:57:03,48E7295552AD,31.0,28.81,27.56,30.88,27.31,29.16,29.2,28.58,28.0,27.94
2023-12-14 11:00:03,9594,2023-12-14 11:00:01,48E7295552AD,31.19,28.69,27.25,31.75,27.25,29.16,29.19,28.56,28.0,27.92
2023-12-14 11:03:05,9595,2023-12-14 11:03:04,48E7295552AD,30.56,28.88,27.5,30.12,27.25,29.16,29.22,28.56,27.97,27.92
2023-12-14 11:06:02,9596,2023-12-14 11:06:01,48E7295552AD,31.12,28.81,27.5,31.5,27.31,29.14,29.22,28.56,27.95,27.88
2023-12-14 11:09:05,9597,2023-12-14 11:09:04,48E7295552AD,31.38,28.75,27.56,31.81,27.31,29.14,29.22,28.59,27.95,27.89
2023-12-14 11:12:02,9598,2023-12-14 11:12:02,48E7295552AD,31.12,28.88,27.5,31.69,27.25,29.16,29.19,28.56,27.98,27.91
2023-12-14 11:15:00,9599,2023-12-14 11:15:00,48E7295552AD,31.06,28.94,27.56,30.62,27.12,29.19,29.19,28.56,27.97,27.91
2023-12-14 11:18:09,9600,2023-12-14 11:18:02,48E7295552AD,31.25,28.81,27.5,31.5,27.38,29.14,29.19,28.56,27.97,27.91
2023-12-14 11:21:12,9601,2023-12-14 11:21:04,48E7295552AD,29.88,28.25,27.06,29.62,26.94,29.17,29.2,28.58,28.0,27.89
2023-12-14 11:24:08,9602,2023-12-14 11:24:02,48E7295552AD,30.69,28.75,27.5,30.94,27.44,29.14,29.22,28.56,27.98,27.91
2023-12-14 11:27:11,9603,2023-12-14 11:27:04,48E7295552AD,31.25,28.81,27.5,31.5,27.44,29.16,29.19,28.58,27.98,27.92
2023-12-14 11:30:08,9604,2023-12-14 11:30:01,48E7295552AD,31.12,28.81,27.5,32.0,27.5,29.12,29.2,28.56,28.0,27.91
2023-12-14 11:33:11,9605,2023-12-14 11:33:04,48E7295552AD,30.75,28.75,27.5,30.88,27.5,29.12,29.19,28.56,27.97,27.92
2023-12-14 11:36:08,9606,2023-12-14 11:36:01,48E7295552AD,31.38,28.88,27.5,31.75,27.56,29.19,29.22,28.58,27.98,27.89
2023-12-14 11:39:11,9607,2023-12-14 11:39:03,48E7295552AD,30.81,28.75,27.5,31.75,27.5,29.17,29.2,28.59,27.97,27.91
2023-12-14 11:42:08,9608,2023-12-14 11:42:00,48E7295552AD,31.0,28.88,27.44,30.75,27.5,29.16,29.19,28.56,28.0,27.91
2023-12-14 11:45:10,9609,2023-12-14 11:45:03,48E7295552AD,31.19,29.0,27.44,31.19,27.62,29.16,29.19,28.56,27.98,27.91
2023-12-14 11:48:08,9610,2023-12-14 11:48:00,48E7295552AD,31.25,28.81,27.5,32.69,27.5,29.14,29.19,28.56,27.98,27.89
2023-12-14 11:51:10,9611,2023-12-14 11:51:02,48E7295552AD,30.75,28.88,27.5,30.81,27.5,29.12,29.2,28.56,27.98,27.91
2023-12-14 11:54:13,9612,2023-12-14 11:54:04,48E7295552AD,31.31,29.12,27.56,32.0,27.5,29.12,29.19,28.56,28.0,27.91
2023-12-14 11:57:10,9613,2023-12-14 11:57:01,48E7295552AD,31.25,29.12,27.5,33.5,27.69,29.16,29.23,28.59,27.97,27.91
2023-12-14 12:00:12,9614,2023-12-14 12:00:04,48E7295552AD,31.25,28.88,27.5,31.38,27.5,29.19,29.22,28.58,28.0,27.94
2023-12-14 12:03:10,9615,2023-12-14 12:03:01,48E7295552AD,31.25,29.06,27.5,31.81,27.5,29.19,29.25,28.59,28.0,27.94
2023-12-14 12:06:12,9616,2023-12-14 12:06:03,48E7295552AD,31.25,28.94,27.5,32.12,27.44,29.17,29.23,28.58,28.0,27.94
2023-12-14 12:09:10,9617,2023-12-14 12:09:00,48E7295552AD,30.69,28.94,27.5,31.06,27.5,29.19,29.19,28.59,28.02,27.91
2023-12-14 12:12:12,9618,2023-12-14 12:12:03,48E7295552AD,31.69,28.88,27.5,32.69,27.5,29.14,29.22,28.59,27.97,27.92
2023-12-14 12:15:09,9619,2023-12-14 12:15:00,48E7295552AD,30.75,29.0,27.5,30.88,27.56,29.17,29.25,28.59,28.0,27.94
2023-12-14 12:18:08,9620,2023-12-14 12:18:02,48E7295552AD,31.44,29.0,27.5,31.81,27.69,29.16,29.23,28.56,27.98,27.94
2023-12-14 12:21:11,9621,2023-12-14 12:21:04,48E7295552AD,30.56,28.81,27.56,31.0,27.5,29.17,29.25,28.59,28.0,27.91
2023-12-14 12:24:08,9622,2023-12-14 12:24:01,48E7295552AD,30.5,28.94,27.62,30.94,27.5,29.2,29.23,28.61,28.02,27.89
2023-12-14 12:27:10,9623,2023-12-14 12:27:03,48E7295552AD,31.19,29.06,27.56,31.81,27.56,29.25,29.28,28.62,28.0,27.94
2023-12-14 12:30:08,9624,2023-12-14 12:30:00,48E7295552AD,30.88,29.0,27.5,31.62,27.62,29.25,29.28,28.62,28.02,27.94
2023-12-14 12:33:10,9625,2023-12-14 12:33:02,48E7295552AD,31.5,29.19,27.5,32.12,27.62,29.25,29.25,28.64,28.03,27.94
2023-12-14 12:36:07,9626,2023-12-14 12:36:00,48E7295552AD,30.5,28.62,27.12,31.69,27.0,29.25,29.25,28.62,28.05,28.0
2023-12-14 12:39:10,9627,2023-12-14 12:39:02,48E7295552AD,31.19,28.94,27.5,32.38,27.5,29.25,29.31,28.66,28.05,27.98
2023-12-14 12:42:12,9628,2023-12-14 12:42:04,48E7295552AD,30.94,29.25,27.62,30.94,27.62,29.25,29.31,28.66,28.06,27.95
2023-12-14 12:45:10,9629,2023-12-14 12:45:01,48E7295552AD,31.19,29.19,27.94,31.44,27.75,29.25,29.25,28.62,28.03,27.95
2023-12-14 12:48:12,9630,2023-12-14 12:48:03,48E7295552AD,31.06,29.0,27.62,31.81,27.69,29.23,29.25,28.62,28.03,27.94
2023-12-14 12:51:10,9631,2023-12-14 12:51:00,48E7295552AD,31.5,28.88,27.56,32.06,27.75,29.2,29.25,28.62,28.02,27.94
2023-12-14 12:54:12,9632,2023-12-14 12:54:03,48E7295552AD,31.38,29.19,27.56,31.38,27.75,29.19,29.25,28.62,28.0,27.94
2023-12-14 12:57:09,9633,2023-12-14 12:57:00,48E7295552AD,31.94,29.12,27.5,32.19,27.75,29.25,29.25,28.61,28.0,27.91
2023-12-14 13:00:12,9634,2023-12-14 13:00:02,48E7295552AD,30.81,29.06,27.5,30.81,27.5,29.22,29.25,28.62,28.0,27.88
2023-12-14 13:03:14,9635,2023-12-14 13:03:04,48E7295552AD,31.44,28.94,27.5,33.25,27.5,29.2,29.25,28.56,27.98,27.89
2023-12-14 13:06:12,9636,2023-12-14 13:06:01,48E7295552AD,31.0,29.0,27.5,31.12,27.5,29.19,29.23,28.58,27.95,27.88
2023-12-14 13:09:14,9637,2023-12-14 13:09:04,48E7295552AD,30.25,27.25,27.12,30.56,27.12,29.19,29.19,28.56,27.95,27.88
2023-12-14 13:12:12,9638,2023-12-14 13:12:01,48E7295552AD,31.19,29.12,27.5,32.56,27.56,29.16,29.19,28.56,27.92,27.88
2023-12-14 13:15:14,9639,2023-12-14 13:15:03,48E7295552AD,31.0,29.12,27.5,31.75,27.69,29.19,29.19,28.53,27.95,27.88
2023-12-14 13:18:07,9640,2023-12-14 13:18:02,48E7295552AD,30.69,28.88,27.25,30.62,27.25,29.17,29.19,28.53,27.94,27.86
2023-12-14 13:21:11,9641,2023-12-14 13:21:04,48E7295552AD,30.75,29.06,27.38,31.12,27.56,29.19,29.19,28.55,27.94,27.88
2023-12-14 13:24:07,9642,2023-12-14 13:24:02,48E7295552AD,30.75,28.88,27.5,31.31,27.69,29.19,29.19,28.53,27.94,27.88
2023-12-14 13:27:10,9643,2023-12-14 13:27:04,48E7295552AD,31.44,29.19,27.5,31.69,27.56,29.17,29.17,28.55,27.94,27.83
2023-12-14 13:30:07,9644,2023-12-14 13:30:02,48E7295552AD,30.88,28.62,27.25,31.75,27.44,29.14,29.16,28.52,27.89,27.81
2023-12-14 13:33:10,9645,2023-12-14 13:33:04,48E7295552AD,31.0,29.0,27.25,31.0,27.5,29.14,29.12,28.52,27.88,27.81
2023-12-14 13:36:07,9646,2023-12-14 13:36:02,48E7295552AD,31.0,28.88,27.25,30.31,27.5,29.12,29.11,28.5,27.88,27.81
2023-12-14 13:39:09,9647,2023-12-14 13:39:04,48E7295552AD,31.56,28.75,27.38,32.5,27.44,29.12,29.12,28.48,27.84,27.81
2023-12-14 13:42:07,9648,2023-12-14 13:42:02,48E7295552AD,30.12,28.5,27.0,29.0,27.25,29.11,29.12,28.5,27.88,27.81
2023-12-14 13:45:09,9649,2023-12-14 13:45:05,48E7295552AD,31.0,29.0,27.44,31.25,27.44,29.12,29.12,28.48,27.86,27.81
2023-12-14 13:48:07,9650,2023-12-14 13:48:02,48E7295552AD,31.75,28.94,27.5,31.88,27.5,29.11,29.11,28.47,27.83,27.81
2023-12-14 13:51:04,9651,2023-12-14 13:51:00,48E7295552AD,30.5,28.81,27.5,30.12,27.38,29.09,29.08,28.44,27.83,27.81
2023-12-14 13:54:06,9652,2023-12-14 13:54:02,48E7295552AD,30.81,28.69,27.25,30.94,27.5,29.09,29.11,28.44,27.81,27.81
2023-12-14 13:57:04,9653,2023-12-14 13:57:00,48E7295552AD,30.94,28.88,27.25,31.0,27.19,29.09,29.06,28.44,27.81,27.78
2023-12-14 14:00:06,9654,2023-12-14 14:00:03,48E7295552AD,31.31,28.94,27.38,31.44,27.25,29.08,29.06,28.44,27.81,27.8
2023-12-14 14:03:04,9655,2023-12-14 14:03:00,48E7295552AD,30.0,27.69,26.94,30.12,26.88,29.11,29.12,28.47,27.83,27.81
2023-12-14 14:06:06,9656,2023-12-14 14:06:03,48E7295552AD,31.38,28.81,27.5,31.81,27.5,29.12,29.12,28.5,27.84,27.81
2023-12-14 14:09:03,9657,2023-12-14 14:09:00,48E7295552AD,31.0,28.94,27.38,30.25,27.44,29.12,29.12,28.48,27.83,27.81
2023-12-14 14:12:06,9658,2023-12-14 14:12:03,48E7295552AD,30.62,28.75,27.25,30.12,27.5,29.11,29.08,28.47,27.83,27.81
2023-12-14 14:15:03,9659,2023-12-14 14:15:01,48E7295552AD,31.0,28.44,27.38,32.25,27.5,29.06,29.06,28.44,27.81,27.78
2023-12-14 14:18:07,9660,2023-12-14 14:18:01,48E7295552AD,31.06,28.69,27.25,30.62,27.5,29.06,29.06,28.45,27.81,27.75
2023-12-14 14:21:10,9661,2023-12-14 14:21:04,48E7295552AD,30.44,28.31,26.88,29.5,27.0,29.0,29.0,28.38,27.81,27.73
2023-12-14 14:24:07,9662,2023-12-14 14:24:02,48E7295552AD,30.81,28.81,27.25,30.0,27.38,29.0,29.0,28.38,27.81,27.7
2023-12-14 14:27:04,9663,2023-12-14 14:27:00,48E7295552AD,31.25,28.75,27.44,31.31,27.25,28.98,29.0,28.31,27.77,27.7
2023-12-14 14:30:07,9664,2023-12-14 14:30:03,48E7295552AD,30.56,28.62,27.5,30.44,27.25,28.95,28.95,28.31,27.78,27.69
2023-12-14 14:33:04,9665,2023-12-14 14:33:00,48E7295552AD,30.75,28.75,27.25,30.25,27.19,28.97,28.95,28.31,27.75,27.66
2023-12-14 14:36:06,9666,2023-12-14 14:36:03,48E7295552AD,30.44,27.75,27.06,28.69,26.69,28.94,28.92,28.31,27.69,27.62
2023-12-14 14:39:04,9667,2023-12-14 14:39:01,48E7295552AD,30.88,28.56,27.12,30.31,27.12,28.92,28.92,28.3,27.69,27.62
2023-12-14 14:42:06,9668,2023-12-14 14:42:04,48E7295552AD,30.75,28.56,27.31,30.44,27.12,28.88,28.91,28.27,27.7,27.61
2023-12-14 14:45:04,9669,2023-12-14 14:45:02,48E7295552AD,30.69,28.69,27.25,30.44,27.06,28.88,28.89,28.27,27.69,27.61
2023-12-14 14:48:01,9670,2023-12-14 14:48:00,48E7295552AD,30.56,28.44,27.25,30.38,27.0,28.88,28.84,28.23,27.69,27.58
2023-12-14 14:51:03,9671,2023-12-14 14:51:03,48E7295552AD,31.0,28.5,27.06,30.56,27.19,28.84,28.84,28.2,27.67,27.56
2023-12-14 14:54:01,9672,2023-12-14 14:54:01,48E7295552AD,30.56,28.31,27.0,29.75,27.0,28.81,28.83,28.19,27.64,27.56
2023-12-14 14:57:03,9673,2023-12-14 14:57:04,48E7295552AD,30.81,28.56,27.25,30.0,27.06,28.81,28.78,28.17,27.61,27.52
2023-12-14 15:00:01,9674,2023-12-14 15:00:02,48E7295552AD,30.5,28.31,27.0,30.0,27.0,28.81,28.8,28.19,27.61,27.52
2023-12-14 15:02:58,9675,2023-12-14 15:03:00,48E7295552AD,30.5,28.25,27.0,29.94,27.0,28.77,28.77,28.14,27.61,27.5
2023-12-14 15:06:00,9676,2023-12-14 15:06:03,48E7295552AD,30.06,28.0,26.81,28.69,26.44,28.77,28.75,28.14,27.56,27.48
2023-12-14 15:08:58,9677,2023-12-14 15:09:01,48E7295552AD,30.69,28.38,27.06,29.69,27.0,28.75,28.75,28.14,27.56,27.47
2023-12-14 15:12:00,9678,2023-12-14 15:12:05,48E7295552AD,30.5,28.12,27.0,30.0,26.75,28.75,28.75,28.14,27.56,27.47
2023-12-14 15:14:57,9679,2023-12-14 15:15:03,48E7295552AD,29.62,27.81,26.56,28.56,26.5,28.75,28.72,28.12,27.56,27.44
2023-12-14 15:18:07,9680,2023-12-14 15:18:00,48E7295552AD,30.5,28.12,27.0,30.12,26.69,28.72,28.7,28.09,27.55,27.44
2023-12-14 15:21:09,9681,2023-12-14 15:21:03,48E7295552AD,30.38,28.25,27.19,29.75,26.75,28.7,28.7,28.08,27.53,27.42
2023-12-14 15:24:06,9682,2023-12-14 15:24:00,48E7295552AD,30.5,28.12,27.0,30.0,26.75,28.69,28.69,28.08,27.52,27.44
2023-12-14 15:27:09,9683,2023-12-14 15:27:03,48E7295552AD,30.31,28.0,26.94,30.5,26.75,28.69,28.69,28.06,27.53,27.41
2023-12-14 15:30:06,9684,2023-12-14 15:30:01,48E7295552AD,29.75,27.69,26.5,28.56,26.31,28.69,28.67,28.06,27.47,27.39
2023-12-14 15:33:09,9685,2023-12-14 15:33:03,48E7295552AD,30.69,28.0,26.88,30.75,26.75,28.64,28.66,28.05,27.47,27.38
2023-12-14 15:36:06,9686,2023-12-14 15:36:01,48E7295552AD,30.06,27.88,27.0,29.38,26.75,28.64,28.64,28.05,27.45,27.38
2023-12-14 15:39:08,9687,2023-12-14 15:39:03,48E7295552AD,30.56,28.0,27.0,30.31,26.69,28.62,28.62,28.0,27.42,27.36
2023-12-14 15:42:06,9688,2023-12-14 15:42:01,48E7295552AD,29.5,27.44,26.5,28.12,26.31,28.62,28.58,28.0,27.41,27.33
2023-12-14 15:45:08,9689,2023-12-14 15:45:04,48E7295552AD,30.0,27.62,27.0,29.56,26.5,28.56,28.58,27.98,27.41,27.33
2023-12-14 15:48:06,9690,2023-12-14 15:48:01,48E7295552AD,30.38,27.75,26.81,29.62,26.56,28.58,28.56,27.97,27.38,27.28
2023-12-14 15:51:08,9691,2023-12-14 15:51:04,48E7295552AD,30.5,27.94,27.0,29.94,26.5,28.56,28.55,27.94,27.36,27.3
2023-12-14 15:54:05,9692,2023-12-14 15:54:02,48E7295552AD,30.25,28.0,26.75,29.69,26.5,28.53,28.55,27.94,27.36,27.27
2023-12-14 15:57:08,9693,2023-12-14 15:57:04,48E7295552AD,30.5,27.94,27.0,30.0,26.5,28.5,28.53,27.92,27.31,27.25
2023-12-14 16:00:05,9694,2023-12-14 16:00:02,48E7295552AD,29.56,27.62,26.44,27.94,26.12,28.53,28.52,27.94,27.31,27.25
2023-12-14 16:03:03,9695,2023-12-14 16:03:00,48E7295552AD,30.06,27.62,26.25,29.25,26.5,28.5,28.5,27.89,27.34,27.25
2023-12-14 16:06:05,9696,2023-12-14 16:06:03,48E7295552AD,30.25,27.75,26.69,30.06,26.25,28.47,28.47,27.88,27.28,27.2
2023-12-14 16:09:02,9697,2023-12-14 16:09:00,48E7295552AD,30.0,27.69,26.69,29.69,26.38,28.42,28.44,27.84,27.25,27.14
2023-12-14 16:12:05,9698,2023-12-14 16:12:03,48E7295552AD,30.5,27.62,26.69,29.75,26.25,28.39,28.38,27.81,27.19,27.11
2023-12-14 16:15:02,9699,2023-12-14 16:15:01,48E7295552AD,29.81,27.62,26.75,29.38,26.25,28.31,28.31,27.81,27.12,27.03
2023-12-14 16:18:06,9700,2023-12-14 16:18:00,48E7295552AD,30.19,27.44,26.69,29.56,26.0,28.25,28.27,27.77,27.11,27.02
2023-12-14 16:24:06,9702,2023-12-14 16:24:00,48E7295552AD,30.5,27.06,26.5,30.12,26.0,28.22,28.2,27.7,27.0,26.92
2023-12-14 16:27:08,9703,2023-12-14 16:27:03,48E7295552AD,29.75,27.06,26.44,28.69,25.75,28.16,28.19,27.64,26.95,26.88
2023-12-14 16:30:06,9704,2023-12-14 16:30:00,48E7295552AD,30.0,26.69,26.5,29.25,25.75,28.12,28.11,27.61,26.94,26.84
2023-12-14 16:33:08,9705,2023-12-14 16:33:03,48E7295552AD,29.81,26.94,26.5,29.25,25.75,28.06,28.09,27.56,26.91,26.81
2023-12-14 16:36:06,9706,2023-12-14 16:36:00,48E7295552AD,29.81,26.75,26.38,29.0,25.75,28.06,28.05,27.53,26.86,26.81
2023-12-14 16:39:08,9707,2023-12-14 16:39:03,48E7295552AD,29.75,26.75,26.25,29.44,25.62,28.05,28.02,27.48,26.81,26.75
2023-12-14 16:42:05,9708,2023-12-14 16:42:01,48E7295552AD,29.88,26.69,26.25,29.75,25.5,27.97,28.0,27.42,26.8,26.7
2023-12-14 16:45:08,9709,2023-12-14 16:45:04,48E7295552AD,29.08,26.19,26.0,28.12,25.06,27.94,27.97,27.39,26.75,26.69
2023-12-14 16:48:05,9710,2023-12-14 16:48:01,48E7295552AD,29.58,26.5,26.25,29.19,25.56,27.92,27.94,27.38,26.75,26.64
2023-12-14 16:51:08,9711,2023-12-14 16:51:04,48E7295552AD,29.75,26.44,26.25,30.25,25.5,27.88,27.91,27.33,26.7,26.61
2023-12-14 16:54:05,9712,2023-12-14 16:54:02,48E7295552AD,28.94,26.25,26.0,29.62,25.19,27.88,27.88,27.33,26.69,26.61
2023-12-14 16:57:07,9713,2023-12-14 16:57:04,48E7295552AD,29.25,26.25,26.19,31.0,25.12,27.88,27.89,27.31,26.69,26.62
2023-12-14 17:00:05,9714,2023-12-14 17:00:01,48E7295552AD,29.94,26.81,26.19,32.25,25.75,27.88,27.91,27.33,26.69,26.66
2023-12-14 17:03:07,9715,2023-12-14 17:03:04,48E7295552AD,29.19,26.12,26.06,32.31,25.25,27.88,27.88,27.36,26.72,26.64
2023-12-14 17:06:05,9716,2023-12-14 17:06:01,48E7295552AD,29.62,26.62,26.5,32.25,25.5,27.88,27.89,27.38,26.75,26.69
2023-12-14 17:09:07,9717,2023-12-14 17:09:04,48E7295552AD,29.75,26.69,26.5,32.31,25.75,27.92,27.94,27.38,26.77,26.7
2023-12-14 17:12:04,9718,2023-12-14 17:12:01,48E7295552AD,29.31,26.31,26.25,30.62,25.38,27.92,27.95,27.39,26.77,26.75
2023-12-14 17:15:07,9719,2023-12-14 17:15:03,48E7295552AD,29.19,26.25,26.06,32.0,25.5,27.94,27.94,27.42,26.81,26.75
2023-12-14 17:18:11,9720,2023-12-14 17:18:04,48E7295552AD,29.38,26.31,26.25,31.75,25.5,27.94,27.97,27.42,26.81,26.75
2023-12-14 17:21:08,9721,2023-12-14 17:21:01,48E7295552AD,29.75,26.62,26.5,31.81,25.75,27.94,27.97,27.44,26.83,26.75
2023-12-14 17:24:11,9722,2023-12-14 17:24:04,48E7295552AD,29.12,26.5,26.25,31.56,25.5,27.94,27.94,27.44,26.81,26.77
2023-12-14 17:30:11,9724,2023-12-14 17:30:05,48E7295552AD,30.25,26.75,26.69,33.19,25.88,27.95,28.0,27.45,26.84,26.8
2023-12-14 17:33:08,9725,2023-12-14 17:33:02,48E7295552AD,29.12,26.44,26.25,31.12,25.69,27.95,28.0,27.47,26.83,26.8
2023-12-14 17:36:05,9726,2023-12-14 17:36:00,48E7295552AD,30.31,26.75,26.62,33.25,25.75,27.95,28.0,27.45,26.86,26.8
2023-12-14 17:39:07,9727,2023-12-14 17:39:03,48E7295552AD,29.38,26.62,26.5,31.19,25.56,27.95,28.0,27.48,26.86,26.78
2023-12-14 17:42:05,9728,2023-12-14 17:42:00,48E7295552AD,30.0,26.81,26.81,32.38,25.94,27.95,28.0,27.45,26.81,26.77
2023-12-14 17:45:07,9729,2023-12-14 17:45:03,48E7295552AD,30.0,26.88,26.75,31.56,25.94,27.97,27.98,27.44,26.83,26.77
2023-12-14 17:48:05,9730,2023-12-14 17:48:00,48E7295552AD,30.0,26.69,26.75,31.25,25.94,27.95,27.95,27.44,26.83,26.75
2023-12-14 17:51:07,9731,2023-12-14 17:51:03,48E7295552AD,30.44,26.69,26.94,32.5,25.88,27.97,27.95,27.45,26.81,26.75
2023-12-14 17:54:04,9732,2023-12-14 17:54:01,48E7295552AD,29.25,26.44,26.38,30.31,25.56,27.95,27.97,27.44,26.81,26.78
2023-12-14 17:57:07,9733,2023-12-14 17:57:04,48E7295552AD,30.75,26.88,26.75,32.06,26.0,27.97,28.0,27.44,26.81,26.75
2023-12-14 18:00:04,9734,2023-12-14 18:00:02,48E7295552AD,30.88,27.0,27.0,32.56,26.0,27.95,27.98,27.44,26.81,26.73
2023-12-14 18:03:07,9735,2023-12-14 18:03:04,48E7295552AD,30.38,26.88,26.75,33.38,25.88,27.94,27.97,27.44,26.81,26.75
2023-12-14 18:06:04,9736,2023-12-14 18:06:02,48E7295552AD,29.69,26.88,26.5,31.88,25.69,27.95,27.98,27.44,26.8,26.77
2023-12-14 18:09:07,9737,2023-12-14 18:09:04,48E7295552AD,30.56,27.06,27.0,33.19,26.0,27.98,28.02,27.44,26.81,26.8
2023-12-14 18:12:04,9738,2023-12-14 18:12:02,48E7295552AD,29.5,26.88,26.5,32.19,25.5,27.97,28.2,27.48,26.84,26.8
2023-12-14 18:15:06,9739,2023-12-14 18:15:04,48E7295552AD,30.31,27.06,27.0,32.56,25.75,28.08,28.08,27.55,26.88,26.86
2023-12-14 18:18:10,9740,2023-12-14 18:18:04,48E7295552AD,30.19,26.94,27.12,33.75,25.94,28.12,28.12,27.62,26.98,26.94
2023-12-14 18:24:10,9742,2023-12-14 18:24:03,48E7295552AD,29.44,26.88,26.75,31.69,25.5,28.23,28.25,27.75,27.09,27.06
2023-12-14 18:27:07,9743,2023-12-14 18:27:00,48E7295552AD,30.75,27.31,27.25,34.19,26.0,28.3,28.31,27.81,27.16,27.14
2023-12-14 18:30:11,9744,2023-12-14 18:30:02,48E7295552AD,30.44,27.12,27.19,33.69,26.19,28.34,28.38,27.81,27.2,27.19
2023-12-14 18:33:12,9745,2023-12-14 18:33:04,48E7295552AD,30.5,27.19,27.06,33.75,26.25,28.38,28.39,27.81,27.25,27.23
2023-12-14 18:36:10,9746,2023-12-14 18:36:01,48E7295552AD,30.69,27.31,27.06,33.81,26.06,28.44,28.45,27.88,27.3,27.25
2023-12-14 18:42:09,9748,2023-12-14 18:42:00,48E7295552AD,30.25,27.12,27.0,32.81,26.25,28.53,28.52,27.94,27.36,27.34
2023-12-14 18:45:12,9749,2023-12-14 18:45:02,48E7295552AD,30.44,27.44,27.25,32.94,26.31,28.55,28.56,27.98,27.39,27.36
2023-12-14 18:48:14,9750,2023-12-14 18:48:03,48E7295552AD,29.75,27.12,27.0,31.81,26.0,28.61,28.58,28.02,27.42,27.38
2023-12-14 18:51:12,9751,2023-12-14 18:51:00,48E7295552AD,30.69,27.38,27.25,34.25,26.31,28.59,28.62,28.02,27.44,27.42
2023-12-14 18:54:14,9752,2023-12-14 18:54:02,48E7295552AD,30.94,27.38,27.25,34.5,26.38,28.64,28.66,28.05,27.5,27.47
2023-12-14 18:57:17,9753,2023-12-14 18:57:04,48E7295552AD,30.44,27.38,27.25,34.06,26.38,28.66,28.69,28.09,27.5,27.48
2023-12-14 19:00:14,9754,2023-12-14 19:00:00,48E7295552AD,30.75,27.44,27.44,34.0,26.44,28.67,28.67,28.11,27.53,27.5
2023-12-14 19:03:17,9755,2023-12-14 19:03:02,48E7295552AD,30.0,27.12,26.94,32.56,26.0,28.69,28.69,28.12,27.53,27.5
2023-12-14 19:06:19,9756,2023-12-14 19:06:04,48E7295552AD,29.94,27.12,26.94,32.56,26.12,28.72,28.7,28.12,27.56,27.53
2023-12-14 19:15:21,9759,2023-12-14 19:15:03,48E7295552AD,29.75,27.12,26.75,32.25,26.25,28.75,28.75,28.19,27.62,27.59
2023-12-14 19:18:10,9760,2023-12-14 19:18:03,48E7295552AD,30.62,27.5,27.25,33.69,26.69,28.75,28.81,28.19,27.62,27.59
2023-12-14 19:21:07,9761,2023-12-14 19:21:01,48E7295552AD,30.44,27.62,27.25,33.25,26.56,28.77,28.77,28.19,27.62,27.61
2023-12-15 08:12:11,9780,2023-12-15 08:12:04,48E7295552AD,39.19,29.19,27.75,48.44,27.75,30.25,30.25,29.62,29.0,28.91
