2023-11-17 10:45:25,48:E7:29:53:67:2E requested time
2023-11-17 10:45:25,485519DF2986_sys.log time sent (2023, 11, 17, 4, 10, 45, 25, 120)
2023-11-17 11:00:09,48:E7:29:53:7E:2C requested time
2023-11-17 11:00:09,485519DF2986_sys.log time sent (2023, 11, 17, 4, 11, 0, 9, 81)
2023-11-17 11:45:11,48:E7:29:53:67:2E requested time
2023-11-17 11:45:11,485519DF2986_sys.log time sent (2023, 11, 17, 4, 11, 45, 11, 84)
2023-11-17 12:00:16,48:E7:29:53:7E:2C requested time
2023-11-17 12:00:17,485519DF2986_sys.log time sent (2023, 11, 17, 4, 12, 0, 16, 81)
2023-11-17 12:45:07,48:E7:29:53:67:2E requested time
2023-11-17 12:45:08,485519DF2986_sys.log time sent (2023, 11, 17, 4, 12, 45, 7, 81)
2023-11-17 13:00:08,48:E7:29:53:7E:2C requested time
2023-11-17 13:00:08,485519DF2986_sys.log time sent (2023, 11, 17, 4, 13, 0, 8, 82)
2023-11-17 13:45:14,48:E7:29:53:67:2E requested time
2023-11-17 13:45:14,485519DF2986_sys.log time sent (2023, 11, 17, 4, 13, 45, 14, 81)
2023-11-17 13:59:59,48:E7:29:53:7E:2C requested time
2023-11-17 14:00:00,485519DF2986_sys.log time sent (2023, 11, 17, 4, 13, 59, 59, 82)
2023-11-17 14:45:05,48:E7:29:53:67:2E requested time
2023-11-17 14:45:06,485519DF2986_sys.log time sent (2023, 11, 17, 4, 14, 45, 5, 81)
2023-11-17 15:00:07,48:E7:29:53:7E:2C requested time
2023-11-17 15:00:07,485519DF2986_sys.log time sent (2023, 11, 17, 4, 15, 0, 7, 82)
2023-11-17 15:45:02,48:E7:29:53:67:2E requested time
2023-11-17 15:45:02,485519DF2986_sys.log time sent (2023, 11, 17, 4, 15, 45, 2, 81)
2023-11-17 16:00:05,48:E7:29:53:7E:2C requested time
2023-11-17 16:00:05,485519DF2986_sys.log time sent (2023, 11, 17, 4, 16, 0, 5, 91)
2023-11-17 16:45:03,48:E7:29:53:67:2E requested time
2023-11-17 16:45:03,485519DF2986_sys.log time sent (2023, 11, 17, 4, 16, 45, 3, 81)
2023-11-17 17:00:03,48:E7:29:53:7E:2C requested time
2023-11-17 17:00:03,485519DF2986_sys.log time sent (2023, 11, 17, 4, 17, 0, 3, 81)
2023-11-17 17:45:15,48:E7:29:53:67:2E requested time
2023-11-17 17:45:15,485519DF2986_sys.log time sent (2023, 11, 17, 4, 17, 45, 15, 81)
2023-11-17 18:00:06,48:E7:29:53:7E:2C requested time
2023-11-17 18:00:06,485519DF2986_sys.log time sent (2023, 11, 17, 4, 18, 0, 6, 81)
2023-11-17 18:45:06,48:E7:29:53:67:2E requested time
2023-11-17 18:45:06,485519DF2986_sys.log time sent (2023, 11, 17, 4, 18, 45, 6, 81)
2023-11-17 19:00:03,48:E7:29:53:7E:2C requested time
2023-11-17 19:00:04,485519DF2986_sys.log time sent (2023, 11, 17, 4, 19, 0, 3, 81)
2023-11-17 19:45:02,48:E7:29:53:67:2E requested time
2023-11-17 19:45:03,485519DF2986_sys.log time sent (2023, 11, 17, 4, 19, 45, 2, 81)
2023-11-17 20:00:07,48:E7:29:53:7E:2C requested time
2023-11-17 20:00:08,485519DF2986_sys.log time sent (2023, 11, 17, 4, 20, 0, 7, 81)
2023-11-17 20:45:03,48:E7:29:53:67:2E requested time
2023-11-17 20:45:04,485519DF2986_sys.log time sent (2023, 11, 17, 4, 20, 45, 3, 81)
2023-11-17 21:00:06,48:E7:29:53:7E:2C requested time
2023-11-17 21:00:07,485519DF2986_sys.log time sent (2023, 11, 17, 4, 21, 0, 6, 81)
2023-11-17 21:45:10,48:E7:29:53:67:2E requested time
2023-11-17 21:45:10,485519DF2986_sys.log time sent (2023, 11, 17, 4, 21, 45, 10, 81)
2023-11-17 22:00:16,48:E7:29:53:7E:2C requested time
2023-11-17 22:00:16,485519DF2986_sys.log time sent (2023, 11, 17, 4, 22, 0, 16, 81)
2023-11-17 22:45:16,48:E7:29:53:67:2E requested time
2023-11-17 22:45:17,485519DF2986_sys.log time sent (2023, 11, 17, 4, 22, 45, 16, 81)
2023-11-17 23:00:11,48:E7:29:53:7E:2C requested time
2023-11-17 23:00:11,485519DF2986_sys.log time sent (2023, 11, 17, 4, 23, 0, 11, 81)
2023-11-17 23:45:08,48:E7:29:53:67:2E requested time
2023-11-17 23:45:08,485519DF2986_sys.log time sent (2023, 11, 17, 4, 23, 45, 8, 90)
2023-11-18 00:00:10,48:E7:29:53:7E:2C requested time
2023-11-18 00:00:10,485519DF2986_sys.log time sent (2023, 11, 18, 5, 0, 0, 10, 81)
2023-11-18 00:45:09,48:E7:29:53:67:2E requested time
2023-11-18 00:45:10,485519DF2986_sys.log time sent (2023, 11, 18, 5, 0, 45, 9, 81)
2023-11-18 01:00:09,48:E7:29:53:7E:2C requested time
2023-11-18 01:00:10,485519DF2986_sys.log time sent (2023, 11, 18, 5, 1, 0, 9, 81)
2023-11-18 01:45:11,48:E7:29:53:67:2E requested time
2023-11-18 01:45:11,485519DF2986_sys.log time sent (2023, 11, 18, 5, 1, 45, 11, 81)
2023-11-18 02:00:08,48:E7:29:53:7E:2C requested time
2023-11-18 02:00:09,485519DF2986_sys.log time sent (2023, 11, 18, 5, 2, 0, 8, 81)
2023-11-18 02:45:02,48:E7:29:53:67:2E requested time
2023-11-18 02:45:02,485519DF2986_sys.log time sent (2023, 11, 18, 5, 2, 45, 2, 81)
2023-11-18 03:00:08,48:E7:29:53:7E:2C requested time
2023-11-18 03:00:08,485519DF2986_sys.log time sent (2023, 11, 18, 5, 3, 0, 8, 81)
2023-11-18 03:45:08,48:E7:29:53:67:2E requested time
2023-11-18 03:45:09,485519DF2986_sys.log time sent (2023, 11, 18, 5, 3, 45, 8, 82)
2023-11-18 04:00:07,48:E7:29:53:7E:2C requested time
2023-11-18 04:00:08,485519DF2986_sys.log time sent (2023, 11, 18, 5, 4, 0, 7, 81)
2023-11-18 04:45:10,48:E7:29:53:67:2E requested time
2023-11-18 04:45:10,485519DF2986_sys.log time sent (2023, 11, 18, 5, 4, 45, 10, 82)
2023-11-18 05:00:01,48:E7:29:53:7E:2C requested time
2023-11-18 05:00:02,485519DF2986_sys.log time sent (2023, 11, 18, 5, 5, 0, 1, 81)
2023-11-18 05:45:11,48:E7:29:53:67:2E requested time
2023-11-18 05:45:11,485519DF2986_sys.log time sent (2023, 11, 18, 5, 5, 45, 11, 82)
2023-11-18 06:00:06,48:E7:29:53:7E:2C requested time
2023-11-18 06:00:06,485519DF2986_sys.log time sent (2023, 11, 18, 5, 6, 0, 6, 81)
2023-11-18 06:45:02,48:E7:29:53:67:2E requested time
2023-11-18 06:45:03,485519DF2986_sys.log time sent (2023, 11, 18, 5, 6, 45, 2, 81)
2023-11-18 07:00:06,48:E7:29:53:7E:2C requested time
2023-11-18 07:00:06,485519DF2986_sys.log time sent (2023, 11, 18, 5, 7, 0, 6, 91)
2023-11-18 07:45:14,48:E7:29:53:67:2E requested time
2023-11-18 07:45:14,485519DF2986_sys.log time sent (2023, 11, 18, 5, 7, 45, 14, 81)
2023-11-18 08:00:10,48:E7:29:53:7E:2C requested time
2023-11-18 08:00:11,485519DF2986_sys.log time sent (2023, 11, 18, 5, 8, 0, 10, 81)
2023-11-18 08:44:55,48:E7:29:53:67:2E requested time
2023-11-18 08:44:55,485519DF2986_sys.log time sent (2023, 11, 18, 5, 8, 44, 55, 82)
2023-11-18 08:59:59,48:E7:29:53:7E:2C requested time
2023-11-18 08:59:59,485519DF2986_sys.log time sent (2023, 11, 18, 5, 8, 59, 59, 70)
2023-11-18 09:45:07,48:E7:29:53:67:2E requested time
2023-11-18 09:45:07,485519DF2986_sys.log time sent (2023, 11, 18, 5, 9, 45, 7, 82)
2023-11-18 10:00:08,48:E7:29:53:7E:2C requested time
2023-11-18 10:00:09,485519DF2986_sys.log time sent (2023, 11, 18, 5, 10, 0, 8, 82)
2023-11-18 10:45:08,48:E7:29:53:67:2E requested time
2023-11-18 10:45:08,485519DF2986_sys.log time sent (2023, 11, 18, 5, 10, 45, 8, 84)
2023-11-18 11:00:13,48:E7:29:53:7E:2C requested time
2023-11-18 11:00:13,485519DF2986_sys.log time sent (2023, 11, 18, 5, 11, 0, 13, 81)
2023-11-18 11:45:04,48:E7:29:53:67:2E requested time
2023-11-18 11:45:05,485519DF2986_sys.log time sent (2023, 11, 18, 5, 11, 45, 4, 81)
2023-11-18 12:00:07,48:E7:29:53:7E:2C requested time
2023-11-18 12:00:07,485519DF2986_sys.log time sent (2023, 11, 18, 5, 12, 0, 7, 84)
2023-11-18 12:45:11,48:E7:29:53:67:2E requested time
2023-11-18 12:45:11,485519DF2986_sys.log time sent (2023, 11, 18, 5, 12, 45, 11, 82)
2023-11-18 13:00:16,48:E7:29:53:7E:2C requested time
2023-11-18 13:00:16,485519DF2986_sys.log time sent (2023, 11, 18, 5, 13, 0, 16, 81)
2023-11-18 13:45:02,48:E7:29:53:67:2E requested time
2023-11-18 13:45:03,485519DF2986_sys.log time sent (2023, 11, 18, 5, 13, 45, 2, 81)
2023-11-18 14:00:03,48:E7:29:53:7E:2C requested time
2023-11-18 14:00:04,485519DF2986_sys.log time sent (2023, 11, 18, 5, 14, 0, 3, 81)
2023-11-18 14:45:04,48:E7:29:53:67:2E requested time
2023-11-18 14:45:04,485519DF2986_sys.log time sent (2023, 11, 18, 5, 14, 45, 4, 91)
2023-11-18 15:00:01,48:E7:29:53:7E:2C requested time
2023-11-18 15:00:02,485519DF2986_sys.log time sent (2023, 11, 18, 5, 15, 0, 1, 81)
2023-11-18 15:45:00,48:E7:29:53:67:2E requested time
2023-11-18 15:45:00,485519DF2986_sys.log time sent (2023, 11, 18, 5, 15, 45, 0, 81)
2023-11-18 16:00:05,48:E7:29:53:7E:2C requested time
2023-11-18 16:00:06,485519DF2986_sys.log time sent (2023, 11, 18, 5, 16, 0, 5, 81)
2023-11-18 16:45:06,48:E7:29:53:67:2E requested time
2023-11-18 16:45:07,485519DF2986_sys.log time sent (2023, 11, 18, 5, 16, 45, 6, 81)
2023-11-18 17:00:04,48:E7:29:53:7E:2C requested time
2023-11-18 17:00:05,485519DF2986_sys.log time sent (2023, 11, 18, 5, 17, 0, 4, 81)
2023-11-18 17:45:13,48:E7:29:53:67:2E requested time
2023-11-18 17:45:13,485519DF2986_sys.log time sent (2023, 11, 18, 5, 17, 45, 13, 81)
2023-11-18 18:00:08,48:E7:29:53:7E:2C requested time
2023-11-18 18:00:09,485519DF2986_sys.log time sent (2023, 11, 18, 5, 18, 0, 8, 82)
2023-11-18 18:45:09,48:E7:29:53:67:2E requested time
2023-11-18 18:45:10,485519DF2986_sys.log time sent (2023, 11, 18, 5, 18, 45, 9, 81)
2023-11-18 19:00:02,48:E7:29:53:7E:2C requested time
2023-11-18 19:00:03,485519DF2986_sys.log time sent (2023, 11, 18, 5, 19, 0, 2, 81)
2023-11-18 19:45:06,48:E7:29:53:67:2E requested time
2023-11-18 19:45:06,485519DF2986_sys.log time sent (2023, 11, 18, 5, 19, 45, 6, 84)
2023-11-18 20:00:07,48:E7:29:53:7E:2C requested time
2023-11-18 20:00:07,485519DF2986_sys.log time sent (2023, 11, 18, 5, 20, 0, 7, 81)
2023-11-18 20:45:07,48:E7:29:53:67:2E requested time
2023-11-18 20:45:07,485519DF2986_sys.log time sent (2023, 11, 18, 5, 20, 45, 7, 81)
2023-11-18 21:00:01,48:E7:29:53:7E:2C requested time
2023-11-18 21:00:01,485519DF2986_sys.log time sent (2023, 11, 18, 5, 21, 0, 1, 84)
2023-11-18 21:45:13,48:E7:29:53:67:2E requested time
2023-11-18 21:45:14,485519DF2986_sys.log time sent (2023, 11, 18, 5, 21, 45, 13, 82)
2023-11-18 22:00:26,48:E7:29:53:7E:2C requested time
2023-11-18 22:00:27,485519DF2986_sys.log time sent (2023, 11, 18, 5, 22, 0, 26, 91)
2023-11-18 22:45:10,48:E7:29:53:67:2E requested time
2023-11-18 22:45:10,485519DF2986_sys.log time sent (2023, 11, 18, 5, 22, 45, 10, 81)
2023-11-18 23:00:10,48:E7:29:53:7E:2C requested time
2023-11-18 23:00:11,485519DF2986_sys.log time sent (2023, 11, 18, 5, 23, 0, 10, 81)
2023-11-18 23:45:06,48:E7:29:53:67:2E requested time
2023-11-18 23:45:06,485519DF2986_sys.log time sent (2023, 11, 18, 5, 23, 45, 6, 81)
2023-11-19 00:00:10,48:E7:29:53:7E:2C requested time
2023-11-19 00:00:10,485519DF2986_sys.log time sent (2023, 11, 19, 6, 0, 0, 10, 81)
2023-11-19 00:44:57,48:E7:29:53:67:2E requested time
2023-11-19 00:44:58,485519DF2986_sys.log time sent (2023, 11, 19, 6, 0, 44, 57, 82)
2023-11-19 00:59:47,48:E7:29:53:7E:2C requested time
2023-11-19 00:59:48,485519DF2986_sys.log time sent (2023, 11, 19, 6, 0, 59, 47, 81)
2023-11-19 01:45:09,48:E7:29:53:67:2E requested time
2023-11-19 01:45:09,485519DF2986_sys.log time sent (2023, 11, 19, 6, 1, 45, 9, 81)
2023-11-19 01:56:46,48:E7:29:53:7E:2C requested time
2023-11-19 01:56:46,485519DF2986_sys.log time sent (2023, 11, 19, 6, 1, 56, 46, 81)
2023-11-19 02:45:05,48:E7:29:53:67:2E requested time
2023-11-19 02:45:05,485519DF2986_sys.log time sent (2023, 11, 19, 6, 2, 45, 5, 81)
2023-11-19 02:53:59,48:E7:29:53:7E:2C requested time
2023-11-19 02:54:00,485519DF2986_sys.log time sent (2023, 11, 19, 6, 2, 53, 59, 81)
2023-11-19 03:45:06,48:E7:29:53:67:2E requested time
2023-11-19 03:45:07,485519DF2986_sys.log time sent (2023, 11, 19, 6, 3, 45, 6, 81)
2023-11-19 03:54:20,48:E7:29:53:7E:2C requested time
2023-11-19 03:54:21,485519DF2986_sys.log time sent (2023, 11, 19, 6, 3, 54, 20, 81)
2023-11-19 04:45:08,48:E7:29:53:67:2E requested time
2023-11-19 04:45:08,485519DF2986_sys.log time sent (2023, 11, 19, 6, 4, 45, 8, 81)
2023-11-19 04:54:17,48:E7:29:53:7E:2C requested time
2023-11-19 04:54:18,485519DF2986_sys.log time sent (2023, 11, 19, 6, 4, 54, 17, 81)
2023-11-19 05:45:04,48:E7:29:53:67:2E requested time
2023-11-19 05:45:05,485519DF2986_sys.log time sent (2023, 11, 19, 6, 5, 45, 4, 91)
2023-11-19 05:54:10,48:E7:29:53:7E:2C requested time
2023-11-19 05:54:10,485519DF2986_sys.log time sent (2023, 11, 19, 6, 5, 54, 10, 83)
2023-11-19 06:45:06,48:E7:29:53:67:2E requested time
2023-11-19 06:45:06,485519DF2986_sys.log time sent (2023, 11, 19, 6, 6, 45, 6, 81)
2023-11-19 06:54:21,48:E7:29:53:7E:2C requested time
2023-11-19 06:54:21,485519DF2986_sys.log time sent (2023, 11, 19, 6, 6, 54, 21, 81)
2023-11-19 07:45:12,48:E7:29:53:67:2E requested time
2023-11-19 07:45:12,485519DF2986_sys.log time sent (2023, 11, 19, 6, 7, 45, 12, 81)
2023-11-19 07:54:11,48:E7:29:53:7E:2C requested time
2023-11-19 07:54:12,485519DF2986_sys.log time sent (2023, 11, 19, 6, 7, 54, 11, 81)
2023-11-19 08:44:53,48:E7:29:53:67:2E requested time
2023-11-19 08:44:54,485519DF2986_sys.log time sent (2023, 11, 19, 6, 8, 44, 53, 81)
2023-11-19 08:54:06,48:E7:29:53:7E:2C requested time
2023-11-19 08:54:06,485519DF2986_sys.log time sent (2023, 11, 19, 6, 8, 54, 6, 81)
2023-11-19 09:30:07,48:E7:29:53:67:2E requested time
2023-11-19 09:30:08,485519DF2986_sys.log time sent (2023, 11, 19, 6, 9, 30, 7, 81)
2023-11-19 09:54:10,48:E7:29:53:7E:2C requested time
2023-11-19 09:54:11,485519DF2986_sys.log time sent (2023, 11, 19, 6, 9, 54, 10, 81)
2023-11-19 10:30:09,48:E7:29:53:67:2E requested time
2023-11-19 10:30:09,485519DF2986_sys.log time sent (2023, 11, 19, 6, 10, 30, 9, 81)
2023-11-19 10:54:15,48:E7:29:53:7E:2C requested time
2023-11-19 10:54:15,485519DF2986_sys.log time sent (2023, 11, 19, 6, 10, 54, 15, 81)
2023-11-19 11:30:11,48:E7:29:53:67:2E requested time
2023-11-19 11:30:11,485519DF2986_sys.log time sent (2023, 11, 19, 6, 11, 30, 11, 82)
2023-11-19 11:54:09,48:E7:29:53:7E:2C requested time
2023-11-19 11:54:10,485519DF2986_sys.log time sent (2023, 11, 19, 6, 11, 54, 9, 81)
2023-11-19 12:30:12,48:E7:29:53:67:2E requested time
2023-11-19 12:30:12,485519DF2986_sys.log time sent (2023, 11, 19, 6, 12, 30, 12, 81)
2023-11-19 12:54:09,48:E7:29:53:7E:2C requested time
2023-11-19 12:54:09,485519DF2986_sys.log time sent (2023, 11, 19, 6, 12, 54, 9, 90)
2023-11-19 13:30:03,48:E7:29:53:67:2E requested time
2023-11-19 13:30:04,485519DF2986_sys.log time sent (2023, 11, 19, 6, 13, 30, 3, 81)
2023-11-19 13:54:09,48:E7:29:53:7E:2C requested time
2023-11-19 13:54:09,485519DF2986_sys.log time sent (2023, 11, 19, 6, 13, 54, 9, 81)
2023-11-19 14:30:05,48:E7:29:53:67:2E requested time
2023-11-19 14:30:05,485519DF2986_sys.log time sent (2023, 11, 19, 6, 14, 30, 5, 81)
2023-11-19 14:54:03,48:E7:29:53:7E:2C requested time
2023-11-19 14:54:04,485519DF2986_sys.log time sent (2023, 11, 19, 6, 14, 54, 3, 81)
2023-11-19 15:30:01,48:E7:29:53:67:2E requested time
2023-11-19 15:30:01,485519DF2986_sys.log time sent (2023, 11, 19, 6, 15, 30, 1, 81)
2023-11-19 15:54:08,48:E7:29:53:7E:2C requested time
2023-11-19 15:54:09,485519DF2986_sys.log time sent (2023, 11, 19, 6, 15, 54, 8, 82)
2023-11-19 16:30:08,48:E7:29:53:67:2E requested time
2023-11-19 16:30:08,485519DF2986_sys.log time sent (2023, 11, 19, 6, 16, 30, 8, 81)
2023-11-19 16:54:03,48:E7:29:53:7E:2C requested time
2023-11-19 16:54:03,485519DF2986_sys.log time sent (2023, 11, 19, 6, 16, 54, 3, 81)
2023-11-19 17:30:09,48:E7:29:53:67:2E requested time
2023-11-19 17:30:09,485519DF2986_sys.log time sent (2023, 11, 19, 6, 17, 30, 9, 81)
2023-11-19 17:54:07,48:E7:29:53:7E:2C requested time
2023-11-19 17:54:08,485519DF2986_sys.log time sent (2023, 11, 19, 6, 17, 54, 7, 81)
2023-11-19 18:30:00,48:E7:29:53:67:2E requested time
2023-11-19 18:30:01,485519DF2986_sys.log time sent (2023, 11, 19, 6, 18, 30, 0, 91)
2023-11-19 18:54:01,48:E7:29:53:7E:2C requested time
2023-11-19 18:54:02,485519DF2986_sys.log time sent (2023, 11, 19, 6, 18, 54, 1, 81)
2023-11-19 19:30:07,48:E7:29:53:67:2E requested time
2023-11-19 19:30:07,485519DF2986_sys.log time sent (2023, 11, 19, 6, 19, 30, 7, 82)
2023-11-19 19:54:06,48:E7:29:53:7E:2C requested time
2023-11-19 19:54:06,485519DF2986_sys.log time sent (2023, 11, 19, 6, 19, 54, 6, 81)
2023-11-19 20:30:08,48:E7:29:53:67:2E requested time
2023-11-19 20:30:08,485519DF2986_sys.log time sent (2023, 11, 19, 6, 20, 30, 8, 91)
2023-11-19 20:54:00,48:E7:29:53:7E:2C requested time
2023-11-19 20:54:00,485519DF2986_sys.log time sent (2023, 11, 19, 6, 20, 54, 0, 81)
2023-11-19 21:30:04,48:E7:29:53:67:2E requested time
2023-11-19 21:30:05,485519DF2986_sys.log time sent (2023, 11, 19, 6, 21, 30, 4, 81)
2023-11-19 21:54:10,48:E7:29:53:7E:2C requested time
2023-11-19 21:54:10,485519DF2986_sys.log time sent (2023, 11, 19, 6, 21, 54, 10, 81)
2023-11-19 22:30:16,48:E7:29:53:67:2E requested time
2023-11-19 22:30:16,485519DF2986_sys.log time sent (2023, 11, 19, 6, 22, 30, 16, 81)
2023-11-19 22:54:09,48:E7:29:53:7E:2C requested time
2023-11-19 22:54:09,485519DF2986_sys.log time sent (2023, 11, 19, 6, 22, 54, 9, 81)
2023-11-19 23:30:12,48:E7:29:53:67:2E requested time
2023-11-19 23:30:13,485519DF2986_sys.log time sent (2023, 11, 19, 6, 23, 30, 12, 81)
2023-11-19 23:54:09,48:E7:29:53:7E:2C requested time
2023-11-19 23:54:09,485519DF2986_sys.log time sent (2023, 11, 19, 6, 23, 54, 9, 81)
2023-11-20 00:30:03,48:E7:29:53:67:2E requested time
2023-11-20 00:30:04,485519DF2986_sys.log time sent (2023, 11, 20, 0, 0, 30, 3, 84)
2023-11-20 00:54:08,48:E7:29:53:7E:2C requested time
2023-11-20 00:54:08,485519DF2986_sys.log time sent (2023, 11, 20, 0, 0, 54, 8, 82)
2023-11-20 01:30:05,48:E7:29:53:67:2E requested time
2023-11-20 01:30:05,485519DF2986_sys.log time sent (2023, 11, 20, 0, 1, 30, 5, 81)
2023-11-20 01:54:07,48:E7:29:53:7E:2C requested time
2023-11-20 01:54:08,485519DF2986_sys.log time sent (2023, 11, 20, 0, 1, 54, 7, 91)
2023-11-20 02:30:06,48:E7:29:53:67:2E requested time
2023-11-20 02:30:07,485519DF2986_sys.log time sent (2023, 11, 20, 0, 2, 30, 6, 82)
2023-11-20 02:54:07,48:E7:29:53:7E:2C requested time
2023-11-20 02:54:07,485519DF2986_sys.log time sent (2023, 11, 20, 0, 2, 54, 7, 84)
2023-11-20 03:30:02,48:E7:29:53:67:2E requested time
2023-11-20 03:30:03,485519DF2986_sys.log time sent (2023, 11, 20, 0, 3, 30, 2, 82)
2023-11-20 03:54:06,48:E7:29:53:7E:2C requested time
2023-11-20 03:54:06,485519DF2986_sys.log time sent (2023, 11, 20, 0, 3, 54, 6, 91)
2023-11-20 04:30:14,48:E7:29:53:67:2E requested time
2023-11-20 04:30:14,485519DF2986_sys.log time sent (2023, 11, 20, 0, 4, 30, 14, 82)
2023-11-20 04:54:05,48:E7:29:53:7E:2C requested time
2023-11-20 04:54:06,485519DF2986_sys.log time sent (2023, 11, 20, 0, 4, 54, 5, 82)
2023-11-20 05:30:05,48:E7:29:53:67:2E requested time
2023-11-20 05:30:06,485519DF2986_sys.log time sent (2023, 11, 20, 0, 5, 30, 5, 82)
2023-11-20 05:54:05,48:E7:29:53:7E:2C requested time
2023-11-20 05:54:05,485519DF2986_sys.log time sent (2023, 11, 20, 0, 5, 54, 5, 82)
2023-11-20 06:30:07,48:E7:29:53:67:2E requested time
2023-11-20 06:30:07,485519DF2986_sys.log time sent (2023, 11, 20, 0, 6, 30, 7, 82)
2023-11-20 06:54:04,48:E7:29:53:7E:2C requested time
2023-11-20 06:54:04,485519DF2986_sys.log time sent (2023, 11, 20, 0, 6, 54, 4, 82)
2023-11-20 07:30:08,48:E7:29:53:67:2E requested time
2023-11-20 07:30:08,485519DF2986_sys.log time sent (2023, 11, 20, 0, 7, 30, 8, 82)
2023-11-20 07:54:09,48:E7:29:53:7E:2C requested time
2023-11-20 07:54:09,485519DF2986_sys.log time sent (2023, 11, 20, 0, 7, 54, 9, 82)
2023-11-20 08:30:14,48:E7:29:53:67:2E requested time
2023-11-20 08:30:15,485519DF2986_sys.log time sent (2023, 11, 20, 0, 8, 30, 14, 82)
2023-11-20 08:54:03,48:E7:29:53:7E:2C requested time
2023-11-20 08:54:03,485519DF2986_sys.log time sent (2023, 11, 20, 0, 8, 54, 3, 82)
2023-11-20 09:30:06,48:E7:29:53:67:2E requested time
2023-11-20 09:30:06,485519DF2986_sys.log time sent (2023, 11, 20, 0, 9, 30, 6, 91)
2023-11-20 09:54:12,48:E7:29:53:7E:2C requested time
2023-11-20 09:54:13,485519DF2986_sys.log time sent (2023, 11, 20, 0, 9, 54, 12, 82)
2023-11-20 10:12:36,48:55:19:DF:29:86 data logger started
2023-11-20 10:30:42,48:E7:29:53:67:2E requested time
2023-11-20 10:30:43,485519DF2986_sys.log time sent (2023, 11, 20, 0, 10, 30, 42, 82)
2023-11-20 10:54:33,48:E7:29:53:7E:2C requested time
2023-11-20 10:54:33,485519DF2986_sys.log time sent (2023, 11, 20, 0, 10, 54, 33, 82)
2023-11-20 11:30:14,48:E7:29:53:67:2E requested time
2023-11-20 11:30:14,485519DF2986_sys.log time sent (2023, 11, 20, 0, 11, 30, 14, 81)
2023-11-20 11:54:06,48:E7:29:53:7E:2C requested time
2023-11-20 11:54:07,485519DF2986_sys.log time sent (2023, 11, 20, 0, 11, 54, 6, 81)
2023-11-20 12:30:10,48:E7:29:53:67:2E requested time
2023-11-20 12:30:10,485519DF2986_sys.log time sent (2023, 11, 20, 0, 12, 30, 10, 82)
2023-11-20 12:54:27,48:E7:29:53:7E:2C requested time
2023-11-20 12:54:27,485519DF2986_sys.log time sent (2023, 11, 20, 0, 12, 54, 27, 82)
2023-11-20 13:30:06,48:E7:29:53:67:2E requested time
2023-11-20 13:30:07,485519DF2986_sys.log time sent (2023, 11, 20, 0, 13, 30, 6, 81)
2023-11-20 13:54:05,48:E7:29:53:7E:2C requested time
2023-11-20 13:54:05,485519DF2986_sys.log time sent (2023, 11, 20, 0, 13, 54, 5, 84)
2023-11-20 14:30:13,48:E7:29:53:67:2E requested time
2023-11-20 14:30:13,485519DF2986_sys.log time sent (2023, 11, 20, 0, 14, 30, 13, 84)
2023-11-20 14:53:59,48:E7:29:53:7E:2C requested time
2023-11-20 14:54:00,485519DF2986_sys.log time sent (2023, 11, 20, 0, 14, 53, 59, 91)
2023-11-20 15:30:09,48:E7:29:53:67:2E requested time
2023-11-20 15:30:10,485519DF2986_sys.log time sent (2023, 11, 20, 0, 15, 30, 9, 82)
2023-11-20 15:54:09,48:E7:29:53:7E:2C requested time
2023-11-20 15:54:09,485519DF2986_sys.log time sent (2023, 11, 20, 0, 15, 54, 9, 81)
2023-11-20 16:30:01,48:E7:29:53:67:2E requested time
2023-11-20 16:30:01,485519DF2986_sys.log time sent (2023, 11, 20, 0, 16, 30, 1, 82)
2023-11-20 16:54:08,48:E7:29:53:7E:2C requested time
2023-11-20 16:54:08,485519DF2986_sys.log time sent (2023, 11, 20, 0, 16, 54, 8, 82)
2023-11-20 17:30:07,48:E7:29:53:67:2E requested time
2023-11-20 17:30:07,485519DF2986_sys.log time sent (2023, 11, 20, 0, 17, 30, 7, 81)
2023-11-20 17:54:02,48:E7:29:53:7E:2C requested time
2023-11-20 17:54:02,485519DF2986_sys.log time sent (2023, 11, 20, 0, 17, 54, 2, 82)
2023-11-20 18:29:53,48:E7:29:53:67:2E requested time
2023-11-20 18:29:54,485519DF2986_sys.log time sent (2023, 11, 20, 0, 18, 29, 53, 82)
2023-11-20 18:54:01,48:E7:29:53:7E:2C requested time
2023-11-20 18:54:02,485519DF2986_sys.log time sent (2023, 11, 20, 0, 18, 54, 1, 82)
2023-11-20 19:15:07,48:E7:29:53:67:2E requested time
2023-11-20 19:15:08,485519DF2986_sys.log time sent (2023, 11, 20, 0, 19, 15, 7, 82)
2023-11-20 19:54:06,48:E7:29:53:7E:2C requested time
2023-11-20 19:54:06,485519DF2986_sys.log time sent (2023, 11, 20, 0, 19, 54, 6, 81)
2023-11-20 20:15:04,48:E7:29:53:67:2E requested time
2023-11-20 20:15:04,485519DF2986_sys.log time sent (2023, 11, 20, 0, 20, 15, 4, 91)
2023-11-20 20:54:10,48:E7:29:53:7E:2C requested time
2023-11-20 20:54:10,485519DF2986_sys.log time sent (2023, 11, 20, 0, 20, 54, 10, 81)
2023-11-20 21:15:10,48:E7:29:53:67:2E requested time
2023-11-20 21:15:11,485519DF2986_sys.log time sent (2023, 11, 20, 0, 21, 15, 10, 82)
2023-11-20 21:54:09,48:E7:29:53:7E:2C requested time
2023-11-20 21:54:09,485519DF2986_sys.log time sent (2023, 11, 20, 0, 21, 54, 9, 82)
2023-11-20 22:15:12,48:E7:29:53:67:2E requested time
2023-11-20 22:15:12,485519DF2986_sys.log time sent (2023, 11, 20, 0, 22, 15, 12, 91)
2023-11-20 22:54:08,48:E7:29:53:7E:2C requested time
2023-11-20 22:54:09,485519DF2986_sys.log time sent (2023, 11, 20, 0, 22, 54, 8, 82)
2023-11-20 23:15:08,48:E7:29:53:67:2E requested time
2023-11-20 23:15:08,485519DF2986_sys.log time sent (2023, 11, 20, 0, 23, 15, 8, 82)
2023-11-20 23:54:13,48:E7:29:53:7E:2C requested time
2023-11-20 23:54:13,485519DF2986_sys.log time sent (2023, 11, 20, 0, 23, 54, 13, 82)
2023-11-21 00:15:09,48:E7:29:53:67:2E requested time
2023-11-21 00:15:10,485519DF2986_sys.log time sent (2023, 11, 21, 1, 0, 15, 9, 81)
2023-11-21 00:53:50,48:E7:29:53:7E:2C requested time
2023-11-21 00:53:51,485519DF2986_sys.log time sent (2023, 11, 21, 1, 0, 53, 50, 82)
2023-11-21 01:15:06,48:E7:29:53:67:2E requested time
2023-11-21 01:15:06,485519DF2986_sys.log time sent (2023, 11, 21, 1, 1, 15, 6, 82)
2023-11-21 01:51:05,48:E7:29:53:7E:2C requested time
2023-11-21 01:51:06,485519DF2986_sys.log time sent (2023, 11, 21, 1, 1, 51, 5, 82)
2023-11-21 02:15:07,48:E7:29:53:67:2E requested time
2023-11-21 02:15:07,485519DF2986_sys.log time sent (2023, 11, 21, 1, 2, 15, 7, 82)
2023-11-21 02:51:11,48:E7:29:53:7E:2C requested time
2023-11-21 02:51:12,485519DF2986_sys.log time sent (2023, 11, 21, 1, 2, 51, 11, 82)
2023-11-21 03:15:18,48:E7:29:53:67:2E requested time
2023-11-21 03:15:19,485519DF2986_sys.log time sent (2023, 11, 21, 1, 3, 15, 18, 82)
2023-11-21 03:51:13,48:E7:29:53:7E:2C requested time
2023-11-21 03:51:14,485519DF2986_sys.log time sent (2023, 11, 21, 1, 3, 51, 13, 91)
2023-11-21 04:15:10,48:E7:29:53:67:2E requested time
2023-11-21 04:15:10,485519DF2986_sys.log time sent (2023, 11, 21, 1, 4, 15, 10, 82)
2023-11-21 04:51:27,48:E7:29:53:7E:2C requested time
2023-11-21 04:51:27,485519DF2986_sys.log time sent (2023, 11, 21, 1, 4, 51, 27, 82)
2023-11-21 05:15:06,48:E7:29:53:67:2E requested time
2023-11-21 05:15:06,485519DF2986_sys.log time sent (2023, 11, 21, 1, 5, 15, 6, 82)
2023-11-21 05:51:16,48:E7:29:53:7E:2C requested time
2023-11-21 05:51:16,485519DF2986_sys.log time sent (2023, 11, 21, 1, 5, 51, 16, 70)
2023-11-21 06:15:07,48:E7:29:53:67:2E requested time
2023-11-21 06:15:08,485519DF2986_sys.log time sent (2023, 11, 21, 1, 6, 15, 7, 81)
2023-11-21 06:51:10,48:E7:29:53:7E:2C requested time
2023-11-21 06:51:10,485519DF2986_sys.log time sent (2023, 11, 21, 1, 6, 51, 10, 82)
2023-11-21 07:15:04,48:E7:29:53:67:2E requested time
2023-11-21 07:15:04,485519DF2986_sys.log time sent (2023, 11, 21, 1, 7, 15, 4, 82)
2023-11-21 07:51:09,48:E7:29:53:7E:2C requested time
2023-11-21 07:51:10,485519DF2986_sys.log time sent (2023, 11, 21, 1, 7, 51, 9, 82)
2023-11-21 08:15:10,48:E7:29:53:67:2E requested time
2023-11-21 08:15:11,485519DF2986_sys.log time sent (2023, 11, 21, 1, 8, 15, 10, 82)
2023-11-21 08:51:14,48:E7:29:53:7E:2C requested time
2023-11-21 08:51:14,485519DF2986_sys.log time sent (2023, 11, 21, 1, 8, 51, 14, 82)
2023-11-21 09:15:01,48:E7:29:53:67:2E requested time
2023-11-21 09:15:02,485519DF2986_sys.log time sent (2023, 11, 21, 1, 9, 15, 1, 84)
2023-11-21 09:51:08,48:E7:29:53:7E:2C requested time
2023-11-21 09:51:08,485519DF2986_sys.log time sent (2023, 11, 21, 1, 9, 51, 8, 85)
2023-11-21 10:15:13,48:E7:29:53:67:2E requested time
2023-11-21 10:15:13,485519DF2986_sys.log time sent (2023, 11, 21, 1, 10, 15, 13, 82)
2023-11-21 10:51:07,48:E7:29:53:7E:2C requested time
2023-11-21 10:51:08,485519DF2986_sys.log time sent (2023, 11, 21, 1, 10, 51, 7, 82)
2023-11-21 11:15:09,48:E7:29:53:67:2E requested time
2023-11-21 11:15:10,485519DF2986_sys.log time sent (2023, 11, 21, 1, 11, 15, 9, 91)
2023-11-21 11:51:12,48:E7:29:53:7E:2C requested time
2023-11-21 11:51:13,485519DF2986_sys.log time sent (2023, 11, 21, 1, 11, 51, 12, 82)
2023-11-21 12:15:11,48:E7:29:53:67:2E requested time
2023-11-21 12:15:11,485519DF2986_sys.log time sent (2023, 11, 21, 1, 12, 15, 11, 84)
2023-11-21 12:51:12,48:E7:29:53:7E:2C requested time
2023-11-21 12:51:12,485519DF2986_sys.log time sent (2023, 11, 21, 1, 12, 51, 12, 82)
2023-11-21 13:15:07,48:E7:29:53:67:2E requested time
2023-11-21 13:15:08,485519DF2986_sys.log time sent (2023, 11, 21, 1, 13, 15, 7, 82)
2023-11-21 13:51:12,48:E7:29:53:7E:2C requested time
2023-11-21 13:51:12,485519DF2986_sys.log time sent (2023, 11, 21, 1, 13, 51, 12, 82)
2023-11-21 14:15:09,48:E7:29:53:67:2E requested time
2023-11-21 14:15:09,485519DF2986_sys.log time sent (2023, 11, 21, 1, 14, 15, 9, 82)
2023-11-21 14:51:06,48:E7:29:53:7E:2C requested time
2023-11-21 14:51:07,485519DF2986_sys.log time sent (2023, 11, 21, 1, 14, 51, 6, 82)
2023-11-21 15:15:10,48:E7:29:53:67:2E requested time
2023-11-21 15:15:10,485519DF2986_sys.log time sent (2023, 11, 21, 1, 15, 15, 10, 81)
2023-11-21 15:51:06,48:E7:29:53:7E:2C requested time
2023-11-21 15:51:06,485519DF2986_sys.log time sent (2023, 11, 21, 1, 15, 51, 6, 82)
2023-11-21 16:15:06,48:E7:29:53:67:2E requested time
2023-11-21 16:15:07,485519DF2986_sys.log time sent (2023, 11, 21, 1, 16, 15, 6, 81)
2023-11-21 16:51:05,48:E7:29:53:7E:2C requested time
2023-11-21 16:51:06,485519DF2986_sys.log time sent (2023, 11, 21, 1, 16, 51, 5, 82)
2023-11-21 17:15:18,48:E7:29:53:67:2E requested time
2023-11-21 17:15:18,485519DF2986_sys.log time sent (2023, 11, 21, 1, 17, 15, 18, 81)
2023-11-21 17:51:05,48:E7:29:53:7E:2C requested time
2023-11-21 17:51:05,485519DF2986_sys.log time sent (2023, 11, 21, 1, 17, 51, 5, 81)
2023-11-21 18:15:04,48:E7:29:53:67:2E requested time
2023-11-21 18:15:04,485519DF2986_sys.log time sent (2023, 11, 21, 1, 18, 15, 4, 82)
2023-11-21 18:51:04,48:E7:29:53:7E:2C requested time
2023-11-21 18:51:04,485519DF2986_sys.log time sent (2023, 11, 21, 1, 18, 51, 4, 91)
2023-11-21 19:15:21,48:E7:29:53:67:2E requested time
2023-11-21 19:15:21,485519DF2986_sys.log time sent (2023, 11, 21, 1, 19, 15, 21, 81)
2023-11-21 19:51:08,48:E7:29:53:7E:2C requested time
2023-11-21 19:51:09,485519DF2986_sys.log time sent (2023, 11, 21, 1, 19, 51, 8, 81)
2023-11-21 20:15:02,48:E7:29:53:67:2E requested time
2023-11-21 20:15:02,485519DF2986_sys.log time sent (2023, 11, 21, 1, 20, 15, 2, 82)
2023-11-21 20:51:08,48:E7:29:53:7E:2C requested time
2023-11-21 20:51:08,485519DF2986_sys.log time sent (2023, 11, 21, 1, 20, 51, 8, 82)
2023-11-21 21:15:13,48:E7:29:53:67:2E requested time
2023-11-21 21:15:14,485519DF2986_sys.log time sent (2023, 11, 21, 1, 21, 15, 13, 82)
2023-11-21 21:51:07,48:E7:29:53:7E:2C requested time
2023-11-21 21:51:07,485519DF2986_sys.log time sent (2023, 11, 21, 1, 21, 51, 7, 81)
2023-11-21 22:15:10,48:E7:29:53:67:2E requested time
2023-11-21 22:15:10,485519DF2986_sys.log time sent (2023, 11, 21, 1, 22, 15, 10, 81)
2023-11-21 22:51:12,48:E7:29:53:7E:2C requested time
2023-11-21 22:51:12,485519DF2986_sys.log time sent (2023, 11, 21, 1, 22, 51, 12, 82)
2023-11-21 23:15:06,48:E7:29:53:67:2E requested time
2023-11-21 23:15:06,485519DF2986_sys.log time sent (2023, 11, 21, 1, 23, 15, 6, 81)
2023-11-21 23:51:11,48:E7:29:53:7E:2C requested time
2023-11-21 23:51:11,485519DF2986_sys.log time sent (2023, 11, 21, 1, 23, 51, 11, 81)
2023-11-22 00:15:07,48:E7:29:53:67:2E requested time
2023-11-22 00:15:08,485519DF2986_sys.log time sent (2023, 11, 22, 2, 0, 15, 7, 91)
2023-11-22 00:51:05,48:E7:29:53:7E:2C requested time
2023-11-22 00:51:05,485519DF2986_sys.log time sent (2023, 11, 22, 2, 0, 51, 5, 82)
2023-11-22 01:15:04,48:E7:29:53:67:2E requested time
2023-11-22 01:15:04,485519DF2986_sys.log time sent (2023, 11, 22, 2, 1, 15, 4, 82)
2023-11-22 01:51:10,48:E7:29:53:7E:2C requested time
2023-11-22 01:51:10,485519DF2986_sys.log time sent (2023, 11, 22, 2, 1, 51, 10, 81)
2023-11-22 02:15:10,48:E7:29:53:67:2E requested time
2023-11-22 02:15:10,485519DF2986_sys.log time sent (2023, 11, 22, 2, 2, 15, 10, 94)
2023-11-22 02:51:09,48:E7:29:53:7E:2C requested time
2023-11-22 02:51:09,485519DF2986_sys.log time sent (2023, 11, 22, 2, 2, 51, 9, 84)
2023-11-22 03:15:06,48:E7:29:53:67:2E requested time
2023-11-22 03:15:07,485519DF2986_sys.log time sent (2023, 11, 22, 2, 3, 15, 6, 82)
2023-11-22 03:51:08,48:E7:29:53:7E:2C requested time
2023-11-22 03:51:09,485519DF2986_sys.log time sent (2023, 11, 22, 2, 3, 51, 8, 81)
2023-11-22 04:15:08,48:E7:29:53:67:2E requested time
2023-11-22 04:15:08,485519DF2986_sys.log time sent (2023, 11, 22, 2, 4, 15, 8, 82)
2023-11-22 04:51:08,48:E7:29:53:7E:2C requested time
2023-11-22 04:51:08,485519DF2986_sys.log time sent (2023, 11, 22, 2, 4, 51, 8, 82)
2023-11-22 05:15:09,48:E7:29:53:67:2E requested time
2023-11-22 05:15:09,485519DF2986_sys.log time sent (2023, 11, 22, 2, 5, 15, 9, 85)
2023-11-22 05:51:07,48:E7:29:53:7E:2C requested time
2023-11-22 05:51:07,485519DF2986_sys.log time sent (2023, 11, 22, 2, 5, 51, 7, 81)
2023-11-22 06:15:05,48:E7:29:53:67:2E requested time
2023-11-22 06:15:06,485519DF2986_sys.log time sent (2023, 11, 22, 2, 6, 15, 5, 81)
2023-11-22 06:51:11,48:E7:29:53:7E:2C requested time
2023-11-22 06:51:12,485519DF2986_sys.log time sent (2023, 11, 22, 2, 6, 51, 11, 82)
2023-11-22 07:15:07,48:E7:29:53:67:2E requested time
2023-11-22 07:15:07,485519DF2986_sys.log time sent (2023, 11, 22, 2, 7, 15, 7, 82)
2023-11-22 07:51:11,48:E7:29:53:7E:2C requested time
2023-11-22 07:51:11,485519DF2986_sys.log time sent (2023, 11, 22, 2, 7, 51, 11, 91)
2023-11-22 08:14:58,48:E7:29:53:67:2E requested time
2023-11-22 08:14:58,485519DF2986_sys.log time sent (2023, 11, 22, 2, 8, 14, 58, 82)
2023-11-22 08:50:55,48:E7:29:53:7E:2C requested time
2023-11-22 08:50:55,485519DF2986_sys.log time sent (2023, 11, 22, 2, 8, 50, 55, 81)
2023-11-22 09:15:09,48:E7:29:53:67:2E requested time
2023-11-22 09:15:10,485519DF2986_sys.log time sent (2023, 11, 22, 2, 9, 15, 9, 82)
2023-11-22 12:37:13,48:E7:29:55:52:AD requested time
2023-11-22 12:37:14,485519DF2986_sys.log time sent (2023, 11, 22, 2, 12, 37, 13, 131)
2023-11-22 12:37:14,48:55:19:DF:28:48 requested time
2023-11-22 12:37:15,485519DF2986_sys.log time sent (2023, 11, 22, 2, 12, 37, 14, 94)
2023-11-22 12:37:18,48:E7:29:55:52:AD requested time
2023-11-22 12:37:18,485519DF2986_sys.log time sent (2023, 11, 22, 2, 12, 37, 18, 93)
