2023-12-13 08:44:48,2422,2023-12-13 07:45:03,48E729537E2C,27.75,28.06,27.75,27.75,26.31,29.44,29.89,28.89,28.77,27.7
2023-12-13 08:47:46,2423,2023-12-13 07:48:01,48E729537E2C,27.88,28.19,27.75,27.5,26.25,29.42,29.92,28.91,28.75,27.66
2023-12-13 08:50:48,2424,2023-12-13 07:51:03,48E729537E2C,27.94,28.19,27.75,27.5,26.25,29.41,29.94,28.89,28.78,27.69
2023-12-13 08:53:45,2425,2023-12-13 07:54:01,48E729537E2C,28.0,28.19,27.75,27.5,26.38,29.42,29.92,28.88,28.8,27.69
2023-12-13 08:56:48,2426,2023-12-13 07:57:03,48E729537E2C,27.75,28.19,27.5,27.5,26.5,29.44,29.89,28.89,28.78,27.69
2023-12-13 08:59:45,2427,2023-12-13 08:00:01,48E729537E2C,28.0,28.5,27.56,27.5,26.5,29.42,29.94,28.92,28.77,27.67
2023-12-13 09:02:48,2428,2023-12-13 08:03:03,48E729537E2C,28.06,28.44,27.75,27.5,26.5,29.42,29.92,28.89,28.78,27.67
2023-12-13 09:05:45,2429,2023-12-13 08:06:01,48E729537E2C,28.0,28.38,27.5,27.5,26.44,29.42,29.92,28.91,28.77,27.66
2023-12-13 09:08:48,2430,2023-12-13 08:09:03,48E729537E2C,28.0,28.44,27.75,27.5,26.38,29.39,29.89,28.89,28.75,27.67
2023-12-13 09:11:45,2431,2023-12-13 08:12:01,48E729537E2C,28.06,28.5,27.75,27.75,26.75,29.34,29.88,28.89,28.75,27.66
2023-12-13 09:14:47,2432,2023-12-13 08:15:03,48E729537E2C,28.0,28.44,27.75,27.56,26.44,29.36,29.88,28.88,28.72,27.62
2023-12-13 09:17:45,2433,2023-12-13 08:18:01,48E729537E2C,28.0,28.38,27.56,27.5,26.5,29.33,29.83,28.86,28.73,27.64
2023-12-13 09:20:48,2434,2023-12-13 08:21:03,48E729537E2C,28.25,28.62,27.88,27.75,26.75,29.31,29.84,28.84,28.7,27.62
2023-12-13 09:23:44,2435,2023-12-13 08:24:01,48E729537E2C,27.75,28.38,27.75,27.56,26.44,29.31,29.84,28.84,28.69,27.59
2023-12-13 09:26:47,2436,2023-12-13 08:27:03,48E729537E2C,28.0,28.31,27.62,27.62,26.5,29.31,29.8,28.78,28.69,27.56
2023-12-13 09:29:44,2437,2023-12-13 08:30:01,48E729537E2C,28.12,28.5,27.81,27.69,26.56,29.3,29.81,28.77,28.67,27.56
2023-12-13 09:32:47,2438,2023-12-13 08:33:04,48E729537E2C,28.25,28.44,27.75,27.75,26.56,29.31,29.81,28.77,28.69,27.56
2023-12-13 09:35:44,2439,2023-12-13 08:36:01,48E729537E2C,28.06,28.5,27.75,27.75,26.56,29.3,29.81,28.75,28.67,27.58
2023-12-13 09:36:27,2440,2023-12-13 08:39:02,48E729537E2C,27.81,28.44,27.81,27.62,26.5,29.3,29.8,28.75,28.66,27.56
2023-12-13 09:39:25,2441,2023-12-13 08:42:00,48E729537E2C,28.25,28.44,27.69,27.56,26.5,29.3,29.81,28.81,28.67,27.58
2023-12-13 09:42:27,2442,2023-12-13 08:45:02,48E729537E2C,28.25,28.5,27.75,27.75,26.62,29.33,29.88,28.83,28.69,27.62
2023-12-13 09:45:30,2443,2023-12-13 08:48:05,48E729537E2C,28.25,28.25,27.5,27.69,26.5,29.44,29.92,28.91,28.81,27.7
2023-12-13 09:48:27,2444,2023-12-13 08:51:02,48E729537E2C,28.31,28.44,27.75,27.75,26.5,29.5,30.0,29.0,28.92,27.8
2023-12-13 09:51:29,2445,2023-12-13 08:54:04,48E729537E2C,28.38,28.56,27.81,27.75,26.56,29.55,30.02,29.0,28.94,27.81
2023-12-13 09:54:27,2446,2023-12-13 08:57:01,48E729537E2C,28.25,28.44,27.69,27.56,26.56,29.56,30.06,29.05,28.94,27.81
2023-12-13 09:57:29,2447,2023-12-13 09:00:03,48E729537E2C,28.25,28.5,27.75,27.75,26.5,29.53,30.06,29.06,28.95,27.81
2023-12-13 10:00:27,2448,2023-12-13 09:03:00,48E729537E2C,28.25,28.44,28.0,27.75,26.56,29.56,30.06,29.06,28.98,27.81
2023-12-13 10:03:29,2449,2023-12-13 09:06:03,48E729537E2C,28.25,28.5,27.75,27.75,26.56,29.56,30.09,29.06,29.0,27.81
2023-12-13 10:06:26,2450,2023-12-13 09:09:00,48E729537E2C,28.06,28.5,27.81,27.88,26.75,29.56,30.09,29.06,28.98,27.81
2023-12-13 10:09:29,2451,2023-12-13 09:12:02,48E729537E2C,30.62,29.44,29.94,27.94,26.88,29.58,30.09,29.09,29.0,27.81
2023-12-13 10:12:26,2452,2023-12-13 09:15:00,48E729537E2C,28.81,28.69,28.25,25.94,29.88,29.56,30.08,29.06,28.97,27.81
2023-12-13 10:15:29,2453,2023-12-13 09:18:02,48E729537E2C,28.69,30.75,27.19,29.44,27.69,29.56,30.06,29.06,28.97,27.81
2023-12-13 10:18:31,2454,2023-12-13 09:21:05,48E729537E2C,30.19,29.5,28.88,29.44,27.88,29.56,30.08,29.06,28.94,27.81
2023-12-13 10:21:28,2455,2023-12-13 09:24:02,48E729537E2C,30.5,31.38,28.88,30.0,28.12,29.55,30.06,29.06,28.97,27.81
2023-12-13 10:24:31,2456,2023-12-13 09:27:05,48E729537E2C,30.06,29.88,29.25,29.69,29.0,29.56,30.06,29.06,28.98,27.81
2023-12-13 10:27:28,2457,2023-12-13 09:30:02,48E729537E2C,30.0,30.19,29.19,29.75,28.25,29.56,30.06,29.08,28.97,27.81
2023-12-13 10:30:31,2458,2023-12-13 09:33:04,48E729537E2C,29.0,28.94,27.75,33.69,29.56,29.56,30.05,29.0,28.94,27.81
2023-12-13 10:33:28,2459,2023-12-13 09:36:01,48E729537E2C,28.5,29.19,27.44,37.5,30.56,29.69,30.16,29.12,29.02,27.81
2023-12-13 10:33:50,2460,2023-12-13 09:36:00,48E729537E2C,28.75,28.69,27.75,38.06,32.56,29.7,30.16,29.12,29.02,27.83
2023-12-13 10:36:53,2461,2023-12-13 09:39:03,48E729537E2C,28.56,28.56,27.81,40.75,34.88,29.7,30.14,29.11,29.0,27.81
2023-12-13 10:39:50,2462,2023-12-13 09:42:00,48E729537E2C,29.0,28.75,27.62,42.44,36.56,29.81,30.25,29.19,29.08,27.89
2023-12-13 10:42:53,2463,2023-12-13 09:45:03,48E729537E2C,28.94,28.62,27.81,43.19,38.0,29.88,30.25,29.23,29.11,27.88
2023-12-13 10:45:50,2464,2023-12-13 09:48:00,48E729537E2C,28.94,28.33,28.0,43.31,39.5,29.88,30.25,29.27,29.12,27.92
2023-12-13 10:48:53,2465,2023-12-13 09:51:03,48E729537E2C,29.0,28.88,28.06,43.94,38.56,29.94,30.25,29.25,29.12,27.92
2023-12-13 10:51:50,2466,2023-12-13 09:54:00,48E729537E2C,28.81,28.88,28.0,44.25,38.69,29.92,30.3,29.3,29.12,27.92
2023-12-13 10:54:52,2467,2023-12-13 09:57:02,48E729537E2C,29.12,28.75,28.06,44.19,39.44,29.97,30.31,29.31,29.14,27.92
2023-12-13 10:57:55,2468,2023-12-13 10:00:05,48E729537E2C,29.12,28.83,28.12,44.25,39.62,30.0,30.31,29.31,29.16,27.94
2023-12-13 11:00:52,2469,2023-12-13 10:03:02,48E729537E2C,29.44,28.94,28.0,44.31,39.0,30.0,30.34,29.33,29.19,27.98
2023-12-13 11:03:55,2470,2023-12-13 10:06:04,48E729537E2C,29.25,29.25,27.75,44.5,39.69,30.0,30.38,29.36,29.22,28.0
2023-12-13 11:06:52,2471,2023-12-13 10:09:01,48E729537E2C,29.5,28.88,28.12,44.56,39.75,30.05,30.38,29.38,29.25,28.02
2023-12-13 11:09:54,2472,2023-12-13 10:12:03,48E729537E2C,29.25,29.25,28.06,44.81,40.06,30.09,30.42,29.41,29.27,28.05
2023-12-13 11:12:52,2473,2023-12-13 10:15:01,48E729537E2C,29.25,29.19,27.81,44.44,40.44,30.12,30.42,29.45,29.33,28.06
2023-12-13 11:15:54,2474,2023-12-13 10:18:03,48E729537E2C,29.5,29.44,27.81,44.69,39.62,30.16,30.48,29.47,29.33,28.11
2023-12-13 11:18:52,2475,2023-12-13 10:21:00,48E729537E2C,29.38,29.06,28.25,44.75,39.56,30.19,30.5,29.5,29.38,28.12
2023-12-13 11:21:54,2476,2023-12-13 10:24:02,48E729537E2C,29.56,29.31,28.06,44.5,39.25,30.23,30.55,29.52,29.38,28.14
2023-12-13 11:24:57,2477,2023-12-13 10:27:04,48E729537E2C,29.56,29.38,28.31,44.44,39.94,30.25,30.58,29.58,29.44,28.19
2023-12-13 11:27:54,2478,2023-12-13 10:30:01,48E729537E2C,29.44,29.12,28.44,44.19,39.69,30.25,30.61,29.61,29.44,28.2
2023-12-13 11:30:56,2479,2023-12-13 10:33:03,48E729537E2C,29.5,29.25,28.12,44.5,39.19,30.25,30.62,29.62,29.48,28.22
2023-12-13 11:33:34,2480,2023-12-13 10:36:00,48E729537E2C,29.5,29.17,28.38,44.38,39.69,30.25,30.65,29.64,29.5,28.23
2023-12-13 11:36:37,2481,2023-12-13 10:39:02,48E729537E2C,29.38,28.92,28.25,44.38,39.94,30.3,30.69,29.69,29.52,28.28
2023-12-13 11:39:34,2482,2023-12-13 10:42:00,48E729537E2C,29.5,29.19,28.25,44.25,38.94,30.31,30.69,29.69,29.55,28.31
2023-12-13 11:42:36,2483,2023-12-13 10:45:02,48E729537E2C,29.5,29.25,28.44,44.38,39.38,30.31,30.69,29.7,29.56,28.33
2023-12-13 11:45:39,2484,2023-12-13 10:48:05,48E729537E2C,29.5,29.31,28.31,44.12,39.88,30.36,30.75,29.72,29.58,28.33
2023-12-13 11:48:36,2485,2023-12-13 10:51:02,48E729537E2C,29.56,29.06,28.5,44.69,39.12,30.36,30.75,29.75,29.62,28.38
2023-12-13 11:51:39,2486,2023-12-13 10:54:04,48E729537E2C,29.25,28.92,28.5,44.5,40.06,30.38,30.77,29.77,29.61,28.38
2023-12-13 11:54:36,2487,2023-12-13 10:57:01,48E729537E2C,29.44,29.25,28.44,44.81,39.5,30.38,30.79,29.78,29.64,28.38
2023-12-13 11:57:39,2488,2023-12-13 11:00:04,48E729537E2C,29.75,29.44,28.25,44.56,39.81,30.41,30.8,29.81,29.64,28.41
2023-12-13 12:00:36,2489,2023-12-13 11:03:01,48E729537E2C,29.62,29.08,28.25,44.44,39.5,30.44,30.83,29.83,29.69,28.42
2023-12-13 12:03:38,2490,2023-12-13 11:06:03,48E729537E2C,29.81,29.25,28.62,44.44,38.56,30.45,30.85,29.81,29.7,28.44
2023-12-13 12:06:36,2491,2023-12-13 11:09:00,48E729537E2C,29.44,29.31,28.31,44.56,39.88,30.47,30.88,29.84,29.7,28.44
2023-12-13 12:09:38,2492,2023-12-13 11:12:03,48E729537E2C,29.56,29.5,28.25,44.69,40.19,30.47,30.9,29.88,29.73,28.48
2023-12-13 12:12:36,2493,2023-12-13 11:15:00,48E729537E2C,29.62,29.19,28.44,44.94,40.06,30.5,30.91,29.89,29.72,28.5
2023-12-13 12:15:38,2494,2023-12-13 11:18:02,48E729537E2C,29.75,29.08,28.31,44.94,40.12,30.5,30.92,29.89,29.75,28.5
2023-12-13 12:18:41,2495,2023-12-13 11:21:04,48E729537E2C,29.62,29.25,28.44,44.56,40.19,30.53,30.92,29.92,29.77,28.5
2023-12-13 12:21:38,2496,2023-12-13 11:24:01,48E729537E2C,29.62,29.17,28.38,44.94,40.38,30.55,30.92,29.94,29.77,28.53
2023-12-13 12:24:40,2497,2023-12-13 11:27:04,48E729537E2C,29.56,29.31,28.38,44.56,39.75,30.53,30.94,29.94,29.78,28.52
2023-12-13 12:27:38,2498,2023-12-13 11:30:01,48E729537E2C,29.44,29.42,28.38,44.81,39.31,30.56,30.94,29.94,29.8,28.56
2023-12-13 12:30:40,2499,2023-12-13 11:33:03,48E729537E2C,29.94,29.44,28.25,45.12,39.81,30.56,30.98,29.97,29.81,28.56
2023-12-13 12:32:52,2500,2023-12-13 11:33:02,48E729537E2C,29.56,29.19,28.5,44.88,39.94,30.56,30.97,29.97,29.83,28.56
2023-12-13 12:35:54,2501,2023-12-13 11:36:05,48E729537E2C,29.81,29.17,28.38,44.62,40.38,30.61,31.0,29.98,29.81,28.58
2023-12-13 12:38:52,2502,2023-12-13 11:39:02,48E729537E2C,29.5,29.5,28.38,44.81,40.44,30.58,31.0,30.0,29.84,28.56
2023-12-13 12:41:54,2503,2023-12-13 11:42:04,48E729537E2C,29.56,29.33,28.44,44.81,40.06,30.59,31.02,30.0,29.86,28.59
2023-12-13 12:44:51,2504,2023-12-13 11:45:02,48E729537E2C,29.75,29.12,28.5,44.62,40.38,30.62,31.02,30.0,29.86,28.61
2023-12-13 12:47:54,2505,2023-12-13 11:48:04,48E729537E2C,29.56,29.25,28.5,44.69,40.19,30.62,31.0,30.02,29.86,28.62
2023-12-13 12:50:51,2506,2023-12-13 11:51:02,48E729537E2C,30.0,29.5,28.75,45.44,39.75,30.62,31.03,30.0,29.88,28.61
2023-12-13 12:53:54,2507,2023-12-13 11:54:04,48E729537E2C,29.69,29.62,28.69,44.69,40.19,30.62,31.05,30.02,29.88,28.62
2023-12-13 12:56:51,2508,2023-12-13 11:57:01,48E729537E2C,29.94,29.31,29.0,45.06,40.44,30.62,31.02,30.02,29.89,28.62
2023-12-13 12:59:54,2509,2023-12-13 12:00:04,48E729537E2C,29.69,29.5,29.0,45.5,40.75,30.64,31.05,30.03,29.88,28.62
2023-12-13 13:02:51,2510,2023-12-13 12:03:01,48E729537E2C,29.88,29.25,28.75,45.5,40.88,30.64,31.09,30.06,29.89,28.66
2023-12-13 13:05:53,2511,2023-12-13 12:06:04,48E729537E2C,29.94,29.56,28.81,45.0,41.06,30.62,31.09,30.03,29.89,28.64
2023-12-13 13:08:51,2512,2023-12-13 12:09:01,48E729537E2C,29.94,29.38,28.81,45.5,40.88,30.64,31.08,30.06,29.91,28.64
2023-12-13 13:11:53,2513,2023-12-13 12:12:04,48E729537E2C,29.75,29.25,28.75,45.69,40.88,30.62,31.06,30.05,29.92,28.64
2023-12-13 13:14:50,2514,2023-12-13 12:15:01,48E729537E2C,29.69,29.12,28.81,45.5,40.69,30.62,31.06,30.02,29.91,28.66
2023-12-13 13:17:53,2515,2023-12-13 12:18:04,48E729537E2C,29.75,29.38,28.75,45.25,40.62,30.64,31.09,30.05,29.92,28.64
2023-12-13 13:20:50,2516,2023-12-13 12:21:01,48E729537E2C,29.75,29.44,28.75,45.12,40.5,30.62,31.05,30.03,29.89,28.64
2023-12-13 13:23:53,2517,2023-12-13 12:24:04,48E729537E2C,29.75,29.31,28.88,45.69,40.25,30.62,31.06,30.03,29.91,28.62
2023-12-13 13:26:50,2518,2023-12-13 12:27:01,48E729537E2C,29.81,29.44,28.69,45.5,40.44,30.62,31.06,30.03,29.89,28.62
2023-12-13 13:29:53,2519,2023-12-13 12:30:04,48E729537E2C,29.62,29.62,28.5,45.25,40.94,30.62,31.03,30.02,29.89,28.64
2023-12-13 13:32:20,2520,2023-12-13 12:33:01,48E729537E2C,29.75,29.56,28.88,45.0,40.88,30.62,31.06,30.05,29.88,28.62
2023-12-13 13:35:23,2521,2023-12-13 12:36:04,48E729537E2C,29.75,29.62,28.94,45.19,40.56,30.62,31.02,30.03,29.86,28.64
2023-12-13 13:38:20,2522,2023-12-13 12:39:01,48E729537E2C,29.81,29.62,28.94,45.5,40.5,30.62,31.05,30.03,29.88,28.62
2023-12-13 13:41:22,2523,2023-12-13 12:42:04,48E729537E2C,29.75,29.62,29.0,45.25,40.81,30.61,31.02,30.02,29.88,28.62
2023-12-13 13:44:20,2524,2023-12-13 12:45:01,48E729537E2C,29.62,29.62,28.88,45.5,40.94,30.61,31.03,30.0,29.88,28.61
2023-12-13 13:47:22,2525,2023-12-13 12:48:04,48E729537E2C,29.75,29.62,28.69,45.56,40.81,30.59,31.05,30.0,29.88,28.61
2023-12-13 13:50:20,2526,2023-12-13 12:51:01,48E729537E2C,29.5,29.69,28.69,45.44,41.12,30.59,31.02,29.98,29.86,28.56
2023-12-13 13:53:22,2527,2023-12-13 12:54:03,48E729537E2C,29.75,29.5,28.81,45.5,40.31,30.59,31.0,30.0,29.84,28.59
2023-12-13 13:56:19,2528,2023-12-13 12:57:01,48E729537E2C,29.69,29.56,29.0,45.31,40.81,30.56,31.0,29.98,29.83,28.56
2023-12-13 13:59:22,2529,2023-12-13 13:00:03,48E729537E2C,29.75,29.44,28.62,45.38,40.44,30.56,30.98,29.98,29.81,28.59
2023-12-13 14:02:19,2530,2023-12-13 13:03:01,48E729537E2C,29.75,29.5,28.75,45.44,40.88,30.56,30.97,29.95,29.81,28.56
2023-12-13 14:05:22,2531,2023-12-13 13:06:03,48E729537E2C,29.69,29.38,28.75,45.44,40.94,30.56,30.94,29.92,29.78,28.56
2023-12-13 14:08:19,2532,2023-12-13 13:09:01,48E729537E2C,29.62,29.44,28.62,45.44,40.75,30.53,30.94,29.94,29.8,28.55
2023-12-13 14:11:21,2533,2023-12-13 13:12:03,48E729537E2C,29.56,29.44,28.5,45.69,40.31,30.5,30.94,29.92,29.77,28.55
2023-12-13 14:14:19,2534,2023-12-13 13:15:01,48E729537E2C,29.62,29.44,28.75,45.31,40.5,30.5,30.91,29.91,29.75,28.5
2023-12-13 14:17:21,2535,2023-12-13 13:18:03,48E729537E2C,29.69,29.44,28.75,45.31,40.62,30.48,30.91,29.89,29.75,28.5
2023-12-13 14:20:19,2536,2023-12-13 13:21:01,48E729537E2C,29.44,29.38,28.75,45.25,40.75,30.45,30.89,29.88,29.73,28.47
2023-12-13 14:23:21,2537,2023-12-13 13:24:03,48E729537E2C,29.5,29.38,28.56,45.31,40.88,30.45,30.86,29.84,29.7,28.45
2023-12-13 14:26:18,2538,2023-12-13 13:27:01,48E729537E2C,29.5,29.31,28.38,45.44,40.56,30.41,30.86,29.83,29.7,28.44
2023-12-13 14:29:21,2539,2023-12-13 13:30:04,48E729537E2C,29.5,29.25,28.69,45.12,40.88,30.42,30.84,29.83,29.69,28.44
2023-12-13 14:29:39,2540,2023-12-13 13:30:03,48E729537E2C,29.62,29.38,28.5,45.31,40.44,30.42,30.84,29.83,29.69,28.45
2023-12-13 14:32:36,2541,2023-12-13 13:33:01,48E729537E2C,29.25,29.44,28.5,45.19,40.69,30.39,30.81,29.81,29.64,28.41
2023-12-13 14:35:38,2542,2023-12-13 13:36:03,48E729537E2C,29.25,29.12,28.56,45.06,40.69,30.38,30.8,29.8,29.62,28.39
2023-12-13 14:38:36,2543,2023-12-13 13:39:01,48E729537E2C,29.12,29.19,28.56,45.31,40.5,30.34,30.78,29.77,29.62,28.38
2023-12-13 14:41:38,2544,2023-12-13 13:42:03,48E729537E2C,29.38,29.12,28.31,45.25,40.31,30.36,30.77,29.77,29.61,28.38
2023-12-13 14:44:35,2545,2023-12-13 13:45:01,48E729537E2C,29.31,29.19,28.5,45.31,40.31,30.34,30.75,29.73,29.59,28.34
2023-12-13 14:47:38,2546,2023-12-13 13:48:03,48E729537E2C,29.25,29.06,28.38,45.25,40.62,30.31,30.73,29.72,29.56,28.31
2023-12-13 14:50:35,2547,2023-12-13 13:51:01,48E729537E2C,29.25,29.0,28.38,45.06,40.75,30.3,30.73,29.69,29.55,28.31
2023-12-13 14:53:38,2548,2023-12-13 13:54:04,48E729537E2C,29.0,29.0,28.38,44.94,40.81,30.25,30.67,29.69,29.55,28.28
2023-12-13 14:56:35,2549,2023-12-13 13:57:01,48E729537E2C,29.25,28.81,28.5,45.0,40.94,30.25,30.67,29.69,29.55,28.3
2023-12-13 14:59:38,2550,2023-12-13 14:00:04,48E729537E2C,28.81,28.94,28.38,45.0,40.75,30.27,30.62,29.62,29.5,28.3
2023-12-13 15:02:35,2551,2023-12-13 14:03:01,48E729537E2C,29.06,28.75,28.44,45.38,40.0,30.25,30.67,29.67,29.52,28.28
2023-12-13 15:05:37,2552,2023-12-13 14:06:04,48E729537E2C,28.94,28.88,28.5,44.88,40.62,30.25,30.69,29.69,29.55,28.3
2023-12-13 15:08:35,2553,2023-12-13 14:09:01,48E729537E2C,28.94,28.88,28.44,45.0,40.75,30.27,30.67,29.69,29.55,28.31
2023-12-13 15:11:38,2554,2023-12-13 14:12:04,48E729537E2C,29.0,28.94,28.38,44.88,40.5,30.27,30.69,29.67,29.52,28.25
2023-12-13 15:14:35,2555,2023-12-13 14:15:02,48E729537E2C,29.0,28.88,28.38,45.12,39.81,30.25,30.66,29.62,29.5,28.25
2023-12-13 15:17:37,2556,2023-12-13 14:18:05,48E729537E2C,29.06,28.69,28.44,44.81,40.75,30.25,30.62,29.64,29.47,28.22
2023-12-13 15:20:35,2557,2023-12-13 14:21:02,48E729537E2C,29.0,28.75,28.31,45.06,39.69,30.23,30.59,29.59,29.44,28.19
2023-12-13 15:23:32,2558,2023-12-13 14:24:00,48E729537E2C,28.75,28.88,28.25,44.88,40.19,30.25,30.61,29.58,29.44,28.2
2023-12-13 15:26:35,2559,2023-12-13 14:27:03,48E729537E2C,28.69,28.75,28.25,44.69,40.62,30.25,30.59,29.56,29.44,28.19
2023-12-13 15:27:23,2560,2023-12-13 14:30:03,48E729537E2C,29.0,28.88,28.06,44.94,39.94,30.22,30.59,29.56,29.42,28.19
2023-12-13 15:30:20,2561,2023-12-13 14:33:00,48E729537E2C,28.94,28.75,28.0,44.94,40.06,30.19,30.55,29.55,29.42,28.14
2023-12-13 15:33:23,2562,2023-12-13 14:36:02,48E729537E2C,28.81,28.56,28.25,44.56,39.94,30.17,30.5,29.52,29.38,28.16
2023-12-13 15:36:20,2563,2023-12-13 14:39:00,48E729537E2C,28.62,28.62,28.25,44.75,39.75,30.12,30.5,29.5,29.36,28.09
2023-12-13 15:39:23,2564,2023-12-13 14:42:02,48E729537E2C,28.81,28.56,28.0,44.75,39.69,30.08,30.44,29.44,29.31,28.09
2023-12-13 15:42:20,2565,2023-12-13 14:45:00,48E729537E2C,28.75,28.69,27.94,44.75,40.31,30.06,30.42,29.41,29.27,28.05
2023-12-13 15:45:22,2566,2023-12-13 14:48:03,48E729537E2C,28.62,28.5,28.0,44.31,40.12,30.02,30.41,29.38,29.23,28.02
2023-12-13 15:48:20,2567,2023-12-13 14:51:00,48E729537E2C,28.56,28.5,28.12,44.75,39.88,30.0,30.38,29.38,29.23,27.98
2023-12-13 15:51:22,2568,2023-12-13 14:54:03,48E729537E2C,28.5,28.44,27.81,44.62,39.44,29.94,30.33,29.31,29.19,27.97
2023-12-13 15:54:20,2569,2023-12-13 14:57:01,48E729537E2C,28.62,28.44,27.94,44.62,39.88,29.94,30.31,29.28,29.17,27.92
2023-12-13 15:57:22,2570,2023-12-13 15:00:03,48E729537E2C,28.38,28.5,28.0,44.31,39.81,29.89,30.27,29.25,29.12,27.88
2023-12-13 16:00:19,2571,2023-12-13 15:03:01,48E729537E2C,28.5,28.19,27.88,44.56,40.06,29.86,30.25,29.23,29.11,27.88
2023-12-13 16:03:22,2572,2023-12-13 15:06:04,48E729537E2C,28.19,28.25,28.0,44.62,39.25,29.81,30.25,29.17,29.08,27.83
2023-12-13 16:06:19,2573,2023-12-13 15:09:02,48E729537E2C,28.56,28.25,28.25,43.94,38.31,29.81,30.25,29.19,29.05,27.81
2023-12-13 16:09:17,2574,2023-12-13 15:12:00,48E729537E2C,28.31,28.38,28.25,43.94,39.31,29.8,30.25,29.17,29.05,27.81
2023-12-13 16:12:19,2575,2023-12-13 15:15:03,48E729537E2C,28.38,28.56,28.31,44.06,38.94,29.83,30.25,29.2,29.08,27.84
2023-12-13 16:15:16,2576,2023-12-13 15:18:00,48E729537E2C,28.44,28.44,28.44,44.06,38.94,29.88,30.25,29.19,29.06,27.84
2023-12-13 16:18:19,2577,2023-12-13 15:21:03,48E729537E2C,28.5,28.44,28.19,43.81,38.38,29.83,30.25,29.2,29.05,27.83
2023-12-13 16:21:16,2578,2023-12-13 15:24:01,48E729537E2C,28.56,28.69,27.94,43.69,39.06,29.81,30.22,29.14,29.03,27.81
2023-12-13 16:24:19,2579,2023-12-13 15:27:04,48E729537E2C,28.5,28.69,28.19,43.62,39.0,29.77,30.19,29.12,29.0,27.81
2023-12-13 16:27:07,2580,2023-12-13 16:27:00,48E729537E2C,28.5,28.62,28.25,43.44,38.88,29.73,30.17,29.12,28.95,27.81
2023-12-13 16:30:10,2581,2023-12-13 16:30:03,48E729537E2C,28.25,28.81,28.25,43.12,38.69,29.69,30.14,29.06,28.95,27.75
2023-12-13 16:33:07,2582,2023-12-13 16:33:00,48E729537E2C,28.5,28.62,28.25,42.69,38.12,29.66,30.12,29.03,28.88,27.72
2023-12-13 16:36:09,2583,2023-12-13 16:36:03,48E729537E2C,28.31,28.62,28.31,42.5,38.38,29.62,30.05,29.0,28.86,27.69
2023-12-13 16:39:07,2584,2023-12-13 16:39:01,48E729537E2C,28.06,28.62,28.25,42.44,38.0,29.56,30.05,28.98,28.83,27.69
2023-12-13 16:42:09,2585,2023-12-13 16:42:03,48E729537E2C,28.25,28.44,27.75,42.38,37.12,29.56,30.0,28.94,28.75,27.66
2023-12-13 16:45:07,2586,2023-12-13 16:45:01,48E729537E2C,28.06,28.44,27.88,42.62,37.62,29.55,29.95,28.89,28.75,27.62
2023-12-13 16:48:09,2587,2023-12-13 16:48:04,48E729537E2C,28.25,28.25,27.75,42.56,37.19,29.5,29.94,28.88,28.69,27.59
2023-12-13 16:51:06,2588,2023-12-13 16:51:01,48E729537E2C,28.25,28.31,27.75,42.44,37.38,29.47,29.91,28.83,28.69,27.56
2023-12-13 16:54:09,2589,2023-12-13 16:54:04,48E729537E2C,28.38,28.12,27.81,42.88,37.31,29.47,29.89,28.81,28.66,27.58
2023-12-13 16:57:06,2590,2023-12-13 16:57:02,48E729537E2C,28.25,28.25,27.75,43.31,38.0,29.44,29.88,28.8,28.64,27.56
2023-12-13 17:00:03,2591,2023-12-13 17:00:00,48E729537E2C,28.06,28.19,28.0,43.56,38.06,29.42,29.86,28.8,28.69,27.53
2023-12-13 17:03:06,2592,2023-12-13 17:03:02,48E729537E2C,28.12,28.12,27.75,43.06,38.31,29.44,29.88,28.78,28.64,27.56
2023-12-13 17:06:03,2593,2023-12-13 17:06:00,48E729537E2C,28.19,28.06,27.75,43.69,39.0,29.47,29.88,28.77,28.69,27.56
2023-12-13 17:09:06,2594,2023-12-13 17:09:03,48E729537E2C,28.19,27.94,27.75,44.06,39.12,29.47,29.89,28.78,28.69,27.56
2023-12-13 17:12:03,2595,2023-12-13 17:12:01,48E729537E2C,28.0,27.94,27.75,44.25,39.5,29.45,29.88,28.81,28.67,27.56
2023-12-13 17:15:05,2596,2023-12-13 17:15:03,48E729537E2C,28.0,27.88,27.88,44.38,39.62,29.45,29.89,28.81,28.69,27.56
2023-12-13 17:18:03,2597,2023-12-13 17:18:01,48E729537E2C,28.0,27.88,27.94,44.44,39.12,29.48,29.91,28.86,28.69,27.58
2023-12-13 17:21:05,2598,2023-12-13 17:21:04,48E729537E2C,28.12,27.94,27.75,44.69,39.06,29.47,29.92,28.88,28.69,27.58
2023-12-13 17:24:03,2599,2023-12-13 17:24:02,48E729537E2C,28.06,28.0,27.5,44.56,39.56,29.47,29.94,28.84,28.72,27.59
2023-12-13 17:27:06,2600,2023-12-13 17:27:00,48E729537E2C,28.0,27.62,27.75,44.06,38.12,29.5,29.92,28.86,28.69,27.59
2023-12-13 17:30:09,2601,2023-12-13 17:30:03,48E729537E2C,27.94,27.88,27.56,44.25,39.44,29.48,29.89,28.88,28.73,27.62
2023-12-13 17:33:06,2602,2023-12-13 17:33:00,48E729537E2C,28.0,27.75,27.62,44.19,39.69,29.47,29.89,28.88,28.7,27.59
2023-12-13 17:36:09,2603,2023-12-13 17:36:03,48E729537E2C,27.81,27.94,27.75,44.31,40.12,29.47,29.91,28.86,28.69,27.61
2023-12-13 17:39:06,2604,2023-12-13 17:39:00,48E729537E2C,28.0,27.56,27.56,44.38,40.31,29.48,29.92,28.88,28.69,27.56
2023-12-13 17:42:08,2605,2023-12-13 17:42:03,48E729537E2C,27.75,27.75,27.62,44.5,40.31,29.47,29.92,28.86,28.69,27.58
2023-12-13 17:45:06,2606,2023-12-13 17:45:00,48E729537E2C,27.81,27.62,27.5,44.31,40.25,29.47,29.91,28.83,28.7,27.56
2023-12-13 17:48:08,2607,2023-12-13 17:48:03,48E729537E2C,27.88,27.81,27.56,44.5,39.44,29.48,29.92,28.86,28.69,27.58
2023-12-13 17:51:06,2608,2023-12-13 17:51:00,48E729537E2C,27.88,27.62,27.44,44.44,40.06,29.44,29.89,28.84,28.67,27.56
2023-12-13 17:54:08,2609,2023-12-13 17:54:03,48E729537E2C,27.75,27.75,27.56,44.5,40.31,29.47,29.91,28.83,28.69,27.56
2023-12-13 17:57:05,2610,2023-12-13 17:57:00,48E729537E2C,27.69,27.69,27.5,43.94,39.94,29.45,29.88,28.8,28.67,27.55
2023-12-13 18:00:08,2611,2023-12-13 18:00:03,48E729537E2C,27.75,27.69,27.5,44.31,39.94,29.44,29.88,28.81,28.67,27.55
2023-12-13 18:03:05,2612,2023-12-13 18:03:00,48E729537E2C,27.75,27.69,27.44,44.44,39.38,29.42,29.88,28.78,28.66,27.56
2023-12-13 18:06:08,2613,2023-12-13 18:06:03,48E729537E2C,27.75,27.69,27.56,44.44,40.0,29.44,29.86,28.77,28.67,27.56
2023-12-13 18:09:05,2614,2023-12-13 18:09:00,48E729537E2C,27.75,27.69,27.75,44.56,39.25,29.45,29.88,28.83,28.67,27.56
2023-12-13 18:12:07,2615,2023-12-13 18:12:03,48E729537E2C,27.94,27.75,27.69,44.81,39.06,29.45,29.91,28.84,28.69,27.56
2023-12-13 18:15:05,2616,2023-12-13 18:15:00,48E729537E2C,28.06,27.94,27.75,44.56,39.69,29.5,29.92,28.86,28.73,27.61
2023-12-13 18:18:07,2617,2023-12-13 18:18:03,48E729537E2C,28.12,27.56,27.88,44.75,39.94,29.53,29.95,28.89,28.77,27.64
2023-12-13 18:21:05,2618,2023-12-13 18:21:00,48E729537E2C,27.94,28.0,27.75,44.94,39.94,29.56,30.0,28.94,28.8,27.69
2023-12-13 18:24:07,2619,2023-12-13 18:24:03,48E729537E2C,28.25,27.88,27.88,44.62,40.0,29.61,30.06,29.0,28.88,27.7
2023-12-13 18:27:06,2620,2023-12-13 18:27:00,48E729537E2C,28.12,28.06,27.94,44.69,40.19,29.67,30.09,29.05,28.91,27.78
2023-12-13 18:30:08,2621,2023-12-13 18:30:02,48E729537E2C,28.44,27.94,27.69,45.0,40.12,29.7,30.12,29.05,28.94,27.81
2023-12-13 18:33:11,2622,2023-12-13 18:33:05,48E729537E2C,28.25,28.12,27.94,44.75,40.75,29.75,30.17,29.12,29.0,27.81
2023-12-13 18:36:08,2623,2023-12-13 18:36:02,48E729537E2C,28.38,28.0,28.0,44.62,40.75,29.77,30.19,29.14,29.02,27.83
2023-12-13 18:39:11,2624,2023-12-13 18:39:04,48E729537E2C,28.5,28.31,28.0,44.62,40.5,29.81,30.23,29.19,29.05,27.81
2023-12-13 18:42:08,2625,2023-12-13 18:42:01,48E729537E2C,28.5,28.25,28.12,44.81,40.62,29.88,30.25,29.22,29.08,27.88
2023-12-13 18:45:10,2626,2023-12-13 18:45:03,48E729537E2C,28.31,28.19,28.25,44.94,40.44,29.88,30.25,29.25,29.12,27.92
2023-12-13 18:48:08,2627,2023-12-13 18:48:00,48E729537E2C,28.44,28.12,28.06,45.0,40.56,29.94,30.28,29.3,29.17,27.94
2023-12-13 18:51:10,2628,2023-12-13 18:51:02,48E729537E2C,28.5,28.31,28.0,44.94,40.62,29.95,30.31,29.31,29.2,27.98
2023-12-13 18:54:13,2629,2023-12-13 18:54:05,48E729537E2C,28.62,28.25,28.0,45.0,40.75,30.0,30.31,29.33,29.23,27.98
2023-12-13 18:57:10,2630,2023-12-13 18:57:02,48E729537E2C,28.75,28.44,28.0,45.44,40.44,30.02,30.38,29.38,29.25,28.0
2023-12-13 19:00:12,2631,2023-12-13 19:00:04,48E729537E2C,28.75,28.56,28.0,45.06,40.75,30.02,30.39,29.38,29.25,28.06
2023-12-13 19:03:10,2632,2023-12-13 19:03:00,48E729537E2C,28.75,28.44,28.25,45.12,40.12,30.06,30.39,29.41,29.31,28.05
2023-12-13 19:06:12,2633,2023-12-13 19:06:03,48E729537E2C,28.75,28.5,28.25,44.81,40.69,30.08,30.44,29.44,29.3,28.06
2023-12-13 19:09:15,2634,2023-12-13 19:09:05,48E729537E2C,28.75,28.44,28.25,45.31,40.56,30.11,30.44,29.44,29.31,28.09
2023-12-13 19:12:12,2635,2023-12-13 19:12:01,48E729537E2C,28.69,28.5,28.25,45.25,40.56,30.12,30.47,29.47,29.34,28.11
2023-12-13 19:15:15,2636,2023-12-13 19:15:03,48E729537E2C,28.69,28.56,28.19,45.31,40.5,30.11,30.45,29.47,29.36,28.11
2023-12-13 19:18:12,2637,2023-12-13 19:18:00,48E729537E2C,28.75,28.62,28.19,45.44,40.88,30.12,30.5,29.5,29.38,28.12
2023-12-13 19:21:14,2638,2023-12-13 19:21:02,48E729537E2C,28.88,28.44,28.25,45.69,41.12,30.19,30.5,29.52,29.38,28.16
2023-12-13 19:24:17,2639,2023-12-13 19:24:04,48E729537E2C,29.0,28.62,28.06,45.75,40.56,30.19,30.52,29.52,29.38,28.16
2023-12-13 19:27:10,2640,2023-12-13 19:27:04,48E729537E2C,28.75,28.56,28.12,45.12,41.06,30.19,30.52,29.53,29.44,28.16
2023-12-13 19:30:07,2641,2023-12-13 19:30:01,48E729537E2C,28.75,28.38,28.25,45.25,40.5,30.19,30.56,29.56,29.44,28.19
2023-12-13 19:33:10,2642,2023-12-13 19:33:04,48E729537E2C,28.69,28.5,28.31,45.69,40.62,30.2,30.56,29.56,29.44,28.2
2023-12-13 19:36:07,2643,2023-12-13 19:36:01,48E729537E2C,28.94,28.5,28.12,46.0,40.25,30.2,30.56,29.56,29.44,28.2
2023-12-13 19:39:10,2644,2023-12-13 19:39:03,48E729537E2C,28.88,28.62,28.19,45.38,40.94,30.2,30.56,29.58,29.44,28.2
2023-12-13 19:42:07,2645,2023-12-13 19:42:01,48E729537E2C,28.81,28.56,28.25,45.62,40.56,30.2,30.58,29.61,29.45,28.23
2023-12-13 19:45:10,2646,2023-12-13 19:45:03,48E729537E2C,28.88,28.5,28.12,45.81,40.62,30.25,30.58,29.56,29.45,28.22
2023-12-13 19:48:07,2647,2023-12-13 19:48:01,48E729537E2C,28.88,28.44,28.25,45.31,40.69,30.25,30.58,29.58,29.45,28.22
2023-12-13 19:51:09,2648,2023-12-13 19:51:03,48E729537E2C,28.88,28.5,28.31,45.62,40.69,30.22,30.59,29.59,29.44,28.23
2023-12-13 19:54:07,2649,2023-12-13 19:54:00,48E729537E2C,28.94,28.62,28.38,45.25,41.0,30.23,30.58,29.59,29.48,28.25
2023-12-13 19:57:09,2650,2023-12-13 19:57:03,48E729537E2C,28.94,28.62,28.25,45.31,40.81,30.23,30.61,29.61,29.48,28.23
2023-12-13 20:00:07,2651,2023-12-13 20:00:00,48E729537E2C,28.88,28.69,28.31,45.31,40.94,30.25,30.61,29.61,29.48,28.25
2023-12-13 20:03:09,2652,2023-12-13 20:03:03,48E729537E2C,28.94,28.56,28.5,45.5,40.5,30.25,30.59,29.62,29.48,28.25
2023-12-13 20:06:06,2653,2023-12-13 20:06:00,48E729537E2C,28.88,28.69,28.5,45.75,40.88,30.25,30.62,29.64,29.5,28.25
2023-12-13 20:09:09,2654,2023-12-13 20:09:03,48E729537E2C,28.81,28.75,28.44,45.5,41.25,30.25,30.59,29.62,29.48,28.25
2023-12-13 20:12:06,2655,2023-12-13 20:12:00,48E729537E2C,28.94,28.62,28.38,45.81,40.62,30.25,30.61,29.64,29.48,28.27
2023-12-13 20:15:09,2656,2023-12-13 20:15:03,48E729537E2C,28.94,28.69,28.5,46.0,40.88,30.25,30.62,29.62,29.5,28.25
2023-12-13 20:18:06,2657,2023-12-13 20:18:00,48E729537E2C,28.75,28.88,28.5,45.56,40.94,30.25,30.62,29.62,29.5,28.27
2023-12-13 20:21:08,2658,2023-12-13 20:21:03,48E729537E2C,28.69,28.69,28.44,45.44,41.38,30.25,30.62,29.64,29.5,28.27
2023-12-13 20:24:06,2659,2023-12-13 20:24:00,48E729537E2C,28.94,28.69,28.44,45.69,41.19,30.25,30.62,29.62,29.5,28.28
2023-12-13 20:27:10,2660,2023-12-13 20:27:03,48E729537E2C,29.0,28.69,28.25,45.88,41.25,30.25,30.62,29.66,29.5,28.28
2023-12-13 20:30:07,2661,2023-12-13 20:30:00,48E729537E2C,28.75,28.5,28.31,45.69,41.25,30.25,30.64,29.66,29.5,28.3
2023-12-13 20:33:09,2662,2023-12-13 20:33:03,48E729537E2C,28.75,28.81,28.38,45.69,40.62,30.25,30.62,29.64,29.5,28.27
2023-12-13 20:36:07,2663,2023-12-13 20:36:00,48E729537E2C,28.81,28.62,28.5,45.56,40.75,30.25,30.62,29.64,29.5,28.3
2023-12-13 20:39:09,2664,2023-12-13 20:39:03,48E729537E2C,29.0,28.56,28.25,45.75,40.44,30.25,30.64,29.66,29.52,28.3
2023-12-13 20:42:06,2665,2023-12-13 20:42:00,48E729537E2C,28.75,28.69,28.19,45.88,41.0,30.25,30.62,29.64,29.52,28.31
2023-12-13 20:45:09,2666,2023-12-13 20:45:03,48E729537E2C,28.88,28.62,28.31,46.0,40.56,30.25,30.62,29.66,29.5,28.3
2023-12-13 20:48:06,2667,2023-12-13 20:48:00,48E729537E2C,28.81,28.69,28.5,45.31,41.25,30.25,30.62,29.67,29.5,28.31
2023-12-13 20:51:09,2668,2023-12-13 20:51:02,48E729537E2C,28.94,28.56,28.31,45.69,41.25,30.25,30.62,29.67,29.52,28.31
2023-12-13 20:54:06,2669,2023-12-13 20:54:00,48E729537E2C,28.81,28.75,28.31,45.81,41.0,30.25,30.62,29.66,29.52,28.3
2023-12-13 20:57:09,2670,2023-12-13 20:57:02,48E729537E2C,28.75,28.62,28.38,45.94,40.88,30.25,30.64,29.67,29.5,28.28
2023-12-13 21:00:11,2671,2023-12-13 21:00:05,48E729537E2C,29.0,28.94,28.38,45.38,41.06,30.25,30.62,29.64,29.53,28.27
2023-12-13 21:03:08,2672,2023-12-13 21:03:02,48E729537E2C,28.75,28.69,28.31,45.69,41.19,30.25,30.62,29.62,29.5,28.3
2023-12-13 21:06:11,2673,2023-12-13 21:06:04,48E729537E2C,28.75,28.62,28.44,45.75,41.0,30.25,30.62,29.64,29.52,28.3
2023-12-13 21:09:08,2674,2023-12-13 21:09:02,48E729537E2C,28.56,28.62,28.5,46.0,41.12,30.25,30.62,29.64,29.52,28.31
2023-12-13 21:12:11,2675,2023-12-13 21:12:04,48E729537E2C,28.94,28.62,28.5,45.75,41.12,30.25,30.64,29.66,29.52,28.31
2023-12-13 21:15:08,2676,2023-12-13 21:15:02,48E729537E2C,28.81,28.75,28.25,45.0,41.38,30.25,30.62,29.66,29.5,28.3
2023-12-13 21:18:10,2677,2023-12-13 21:18:04,48E729537E2C,28.88,28.62,28.44,45.62,41.38,30.25,30.64,29.69,29.5,28.31
2023-12-13 21:21:08,2678,2023-12-13 21:21:01,48E729537E2C,28.75,28.69,28.38,46.25,40.75,30.25,30.62,29.66,29.53,28.3
2023-12-13 21:24:10,2679,2023-12-13 21:24:04,48E729537E2C,28.75,28.56,28.25,45.75,41.19,30.25,30.62,29.62,29.5,28.31
2023-12-13 21:27:09,2680,2023-12-13 21:27:03,48E729537E2C,29.0,28.81,28.06,45.81,40.88,30.25,30.59,29.66,29.5,28.31
2023-12-13 21:30:07,2681,2023-12-13 21:30:00,48E729537E2C,28.5,28.62,28.38,45.62,40.88,30.25,30.62,29.64,29.53,28.31
2023-12-13 21:33:09,2682,2023-12-13 21:33:03,48E729537E2C,28.81,28.5,28.44,45.56,40.88,30.25,30.62,29.62,29.52,28.31
2023-12-13 21:36:06,2683,2023-12-13 21:36:00,48E729537E2C,28.62,28.62,28.25,45.88,41.12,30.25,30.62,29.64,29.5,28.31
2023-12-13 21:39:08,2684,2023-12-13 21:39:03,48E729537E2C,28.81,28.69,28.19,45.94,39.94,30.25,30.62,29.66,29.53,28.31
2023-12-13 21:42:06,2685,2023-12-13 21:42:00,48E729537E2C,28.56,28.5,28.44,45.69,40.56,30.25,30.64,29.66,29.52,28.31
2023-12-13 21:45:09,2686,2023-12-13 21:45:02,48E729537E2C,28.75,28.5,28.31,45.62,41.0,30.25,30.66,29.67,29.52,28.3
2023-12-13 21:48:06,2687,2023-12-13 21:48:00,48E729537E2C,28.69,28.5,28.31,45.88,41.12,30.25,30.62,29.64,29.52,28.31
2023-12-13 21:51:08,2688,2023-12-13 21:51:02,48E729537E2C,28.81,28.44,28.5,45.0,40.62,30.25,30.64,29.66,29.53,28.31
2023-12-13 21:54:05,2689,2023-12-13 21:54:00,48E729537E2C,28.62,28.56,28.5,45.56,40.62,30.27,30.67,29.66,29.56,28.31
2023-12-13 21:57:08,2690,2023-12-13 21:57:02,48E729537E2C,28.81,28.56,28.25,45.88,40.5,30.25,30.66,29.67,29.55,28.3
2023-12-13 22:00:05,2691,2023-12-13 22:00:00,48E729537E2C,28.69,28.69,28.25,45.38,41.19,30.25,30.69,29.64,29.56,28.31
2023-12-13 22:03:08,2692,2023-12-13 22:03:02,48E729537E2C,28.88,28.44,28.5,45.38,41.25,30.25,30.67,29.69,29.55,28.33
2023-12-13 22:06:10,2693,2023-12-13 22:06:04,48E729537E2C,28.69,28.62,28.31,46.12,40.75,30.25,30.66,29.69,29.56,28.31
2023-12-13 22:09:08,2694,2023-12-13 22:09:02,48E729537E2C,28.75,28.5,28.44,45.94,41.0,30.25,30.69,29.69,29.56,28.31
2023-12-13 22:12:10,2695,2023-12-13 22:12:04,48E729537E2C,28.75,28.5,28.44,46.0,40.94,30.25,30.69,29.69,29.55,28.33
2023-12-13 22:15:07,2696,2023-12-13 22:15:01,48E729537E2C,28.88,28.5,28.5,45.25,41.12,30.25,30.66,29.69,29.56,28.36
2023-12-13 22:18:10,2697,2023-12-13 22:18:04,48E729537E2C,28.75,28.5,28.38,45.56,40.94,30.25,30.69,29.67,29.56,28.31
2023-12-13 22:21:07,2698,2023-12-13 22:21:01,48E729537E2C,28.75,28.5,28.5,46.0,39.75,30.25,30.67,29.67,29.55,28.31
2023-12-13 22:24:10,2699,2023-12-13 22:24:03,48E729537E2C,28.75,28.44,28.44,45.38,40.75,30.25,30.67,29.67,29.56,28.31
2023-12-13 22:27:08,2700,2023-12-13 22:27:02,48E729537E2C,28.75,28.62,28.25,45.88,41.25,30.25,30.69,29.66,29.56,28.33
2023-12-13 22:30:11,2701,2023-12-13 22:30:04,48E729537E2C,28.69,28.5,28.31,45.88,40.69,30.25,30.69,29.67,29.55,28.31
2023-12-13 22:33:08,2702,2023-12-13 22:33:02,48E729537E2C,28.81,28.5,28.25,46.44,40.56,30.27,30.66,29.69,29.56,28.33
2023-12-13 22:36:11,2703,2023-12-13 22:36:04,48E729537E2C,28.69,28.69,28.5,45.81,40.88,30.25,30.69,29.69,29.56,28.33
2023-12-13 22:39:08,2704,2023-12-13 22:39:02,48E729537E2C,28.56,28.62,28.5,45.81,40.38,30.25,30.66,29.67,29.55,28.31
2023-12-13 22:42:11,2705,2023-12-13 22:42:04,48E729537E2C,28.75,28.62,28.31,46.0,40.88,30.25,30.69,29.69,29.56,28.31
2023-12-13 22:45:08,2706,2023-12-13 22:45:02,48E729537E2C,28.62,28.5,28.19,45.69,40.88,30.25,30.69,29.69,29.56,28.31
2023-12-13 22:48:10,2707,2023-12-13 22:48:04,48E729537E2C,28.75,28.44,28.31,45.81,40.81,30.25,30.69,29.69,29.56,28.31
2023-12-13 22:51:08,2708,2023-12-13 22:51:02,48E729537E2C,28.56,28.69,28.44,45.44,40.75,30.25,30.66,29.69,29.56,28.31
2023-12-13 22:54:10,2709,2023-12-13 22:54:04,48E729537E2C,28.69,28.56,28.25,45.5,41.19,30.28,30.69,29.69,29.56,28.33
2023-12-13 22:57:07,2710,2023-12-13 22:57:02,48E729537E2C,28.62,28.62,28.12,45.56,41.19,30.25,30.69,29.69,29.56,28.34
2023-12-13 23:00:10,2711,2023-12-13 23:00:04,48E729537E2C,28.75,28.5,28.5,45.69,41.19,30.25,30.69,29.69,29.58,28.31
2023-12-13 23:03:07,2712,2023-12-13 23:03:02,48E729537E2C,28.06,28.56,28.5,45.69,41.12,30.27,30.69,29.69,29.55,28.33
2023-12-13 23:06:10,2713,2023-12-13 23:06:04,48E729537E2C,27.81,28.62,28.25,45.5,40.88,30.25,30.69,29.7,29.58,28.33
2023-12-13 23:09:07,2714,2023-12-13 23:09:02,48E729537E2C,27.75,28.44,28.25,45.44,40.75,30.25,30.69,29.69,29.56,28.33
2023-12-13 23:12:10,2715,2023-12-13 23:12:04,48E729537E2C,27.81,28.44,28.38,45.94,40.94,30.25,30.69,29.69,29.55,28.33
2023-12-13 23:15:07,2716,2023-12-13 23:15:02,48E729537E2C,27.94,28.38,28.38,45.75,41.12,30.25,30.69,29.69,29.56,28.36
2023-12-13 23:18:09,2717,2023-12-13 23:18:04,48E729537E2C,27.69,28.62,28.38,46.19,40.75,30.27,30.69,29.69,29.56,28.36
2023-12-13 23:21:07,2718,2023-12-13 23:21:02,48E729537E2C,27.94,28.31,28.31,45.19,40.81,30.27,30.67,29.69,29.56,28.34
2023-12-13 23:24:09,2719,2023-12-13 23:24:04,48E729537E2C,27.81,28.44,28.44,45.31,40.69,30.25,30.69,29.69,29.58,28.33
2023-12-13 23:27:08,2720,2023-12-13 23:27:02,48E729537E2C,28.25,28.25,28.19,45.81,40.56,30.27,30.69,29.69,29.56,28.34
2023-12-13 23:30:10,2721,2023-12-13 23:30:04,48E729537E2C,28.06,28.25,28.25,45.94,40.06,30.25,30.69,29.69,29.56,28.34
2023-12-13 23:33:08,2722,2023-12-13 23:33:01,48E729537E2C,28.25,28.31,28.38,45.19,40.31,30.27,30.67,29.69,29.56,28.36
2023-12-13 23:36:10,2723,2023-12-13 23:36:04,48E729537E2C,28.25,28.31,28.31,45.88,40.81,30.25,30.69,29.67,29.58,28.33
2023-12-13 23:39:07,2724,2023-12-13 23:39:01,48E729537E2C,28.12,28.38,28.44,45.62,40.56,30.25,30.67,29.69,29.56,28.34
2023-12-13 23:42:10,2725,2023-12-13 23:42:04,48E729537E2C,28.19,28.25,28.31,45.62,39.81,30.25,30.67,29.69,29.58,28.33
2023-12-13 23:45:08,2726,2023-12-13 23:45:01,48E729537E2C,28.25,28.12,28.19,45.5,41.12,30.25,30.67,29.69,29.56,28.31
2023-12-13 23:48:10,2727,2023-12-13 23:48:03,48E729537E2C,28.25,28.31,28.25,46.0,40.44,30.25,30.67,29.69,29.56,28.36
2023-12-13 23:51:07,2728,2023-12-13 23:51:01,48E729537E2C,28.31,28.38,28.31,45.88,40.19,30.25,30.66,29.66,29.56,28.33
2023-12-13 23:54:10,2729,2023-12-13 23:54:03,48E729537E2C,28.12,28.25,28.19,46.12,40.12,30.25,30.67,29.69,29.56,28.34
2023-12-13 23:57:07,2730,2023-12-13 23:57:01,48E729537E2C,28.25,28.12,28.12,46.12,40.0,30.27,30.69,29.67,29.58,28.31
2023-12-14 00:00:10,2731,2023-12-14 00:00:03,48E729537E2C,28.19,28.12,28.0,46.31,40.12,30.25,30.69,29.69,29.56,28.34
2023-12-14 00:03:07,2732,2023-12-14 00:03:00,48E729537E2C,28.25,28.25,28.06,46.19,39.94,30.25,30.69,29.7,29.56,28.31
2023-12-14 00:06:09,2733,2023-12-14 00:06:03,48E729537E2C,28.0,28.19,27.81,45.5,40.75,30.25,30.67,29.69,29.53,28.33
2023-12-14 00:09:06,2734,2023-12-14 00:09:00,48E729537E2C,27.94,28.38,28.5,44.88,39.88,30.25,30.62,29.66,29.53,28.3
2023-12-14 00:12:09,2735,2023-12-14 00:12:03,48E729537E2C,27.94,28.25,28.31,45.0,38.25,30.2,30.61,29.62,29.5,28.23
2023-12-14 00:15:06,2736,2023-12-14 00:15:00,48E729537E2C,28.19,28.0,27.5,44.5,37.56,30.16,30.52,29.53,29.44,28.2
2023-12-14 00:18:09,2737,2023-12-14 00:18:03,48E729537E2C,27.56,27.75,27.19,42.5,38.38,29.91,30.38,29.42,29.31,28.08
2023-12-14 00:21:06,2738,2023-12-14 00:21:00,48E729537E2C,26.88,27.62,27.06,43.56,36.75,29.55,30.19,29.2,29.11,27.92
2023-12-14 00:24:09,2739,2023-12-14 00:24:03,48E729537E2C,26.56,27.5,27.44,43.5,36.5,29.06,29.77,28.81,28.75,27.67
2023-12-14 00:27:07,2740,2023-12-14 00:27:01,48E729537E2C,26.56,27.44,27.38,43.19,35.69,28.77,29.44,28.47,28.44,27.31
2023-12-14 00:30:10,2741,2023-12-14 00:30:04,48E729537E2C,26.5,26.75,27.5,40.69,35.5,28.5,29.17,28.19,28.12,27.05
2023-12-14 00:33:07,2742,2023-12-14 00:33:02,48E729537E2C,26.25,26.5,27.62,39.94,34.81,28.25,28.89,27.94,27.88,26.75
2023-12-14 00:36:04,2743,2023-12-14 00:36:00,48E729537E2C,26.0,26.44,27.69,41.69,35.69,28.06,28.66,27.8,27.73,26.55
2023-12-14 00:39:07,2744,2023-12-14 00:39:04,48E729537E2C,26.19,26.06,26.92,42.06,35.12,27.89,28.47,27.6,27.52,26.34
2023-12-14 00:42:04,2745,2023-12-14 00:42:03,48E729537E2C,26.0,26.06,27.06,41.19,34.94,27.81,28.31,27.44,27.38,26.23
2023-12-14 00:45:01,2746,2023-12-14 00:45:02,48E729537E2C,26.0,25.69,27.06,41.44,35.75,27.69,28.19,27.31,27.22,26.09
2023-12-14 00:47:59,2747,2023-12-14 00:48:01,48E729537E2C,25.69,25.81,26.75,43.19,35.94,27.59,28.06,27.19,27.12,26.0
2023-12-14 00:50:56,2748,2023-12-14 00:51:00,48E729537E2C,25.69,25.62,26.62,43.88,35.75,27.48,28.02,27.12,27.03,25.94
2023-12-14 00:53:58,2749,2023-12-14 00:54:04,48E729537E2C,25.5,25.75,26.81,42.62,35.62,27.44,27.95,27.05,27.0,25.88
2023-12-14 00:56:56,2750,2023-12-14 00:57:03,48E729537E2C,25.5,25.38,26.62,42.33,36.0,27.38,27.88,27.0,26.94,25.83
2023-12-14 00:59:53,2751,2023-12-14 01:00:03,48E729537E2C,25.5,25.5,26.44,43.38,36.06,27.38,27.88,26.97,26.91,25.81
2023-12-14 01:02:50,2752,2023-12-14 01:03:02,48E729537E2C,25.44,25.25,26.75,42.75,35.75,27.36,27.86,26.94,26.88,25.77
2023-12-14 01:05:48,2753,2023-12-14 01:06:01,48E729537E2C,25.44,25.62,26.56,42.5,35.88,27.34,27.84,26.92,26.88,25.8
2023-12-14 01:08:45,2754,2023-12-14 01:09:00,48E729537E2C,25.56,25.38,26.69,44.0,36.5,27.34,27.86,26.94,26.89,25.78
2023-12-14 01:11:42,2755,2023-12-14 01:12:00,48E729537E2C,25.5,25.56,27.38,43.5,35.56,27.33,27.83,26.94,26.88,25.81
2023-12-14 01:14:45,2756,2023-12-14 01:15:04,48E729537E2C,25.56,25.38,26.81,43.25,37.19,27.38,27.88,26.95,26.92,25.81
2023-12-14 01:17:42,2757,2023-12-14 01:18:03,48E729537E2C,25.38,25.62,26.38,42.0,36.25,27.38,27.88,26.97,26.94,25.83
2023-12-14 01:20:39,2758,2023-12-14 01:21:03,48E729537E2C,25.62,25.44,26.0,42.25,35.12,27.34,27.86,26.97,26.94,25.81
2023-12-14 01:23:37,2759,2023-12-14 01:24:02,48E729537E2C,25.31,25.5,26.75,40.62,34.56,27.28,27.81,26.89,26.88,25.78
2023-12-14 01:24:09,2760,2023-12-14 01:24:03,48E729537E2C,25.38,25.38,25.75,41.75,34.5,27.28,27.81,26.91,26.84,25.77
2023-12-14 01:27:07,2761,2023-12-14 01:27:00,48E729537E2C,25.38,25.06,26.44,41.42,34.69,27.27,27.81,26.88,26.81,25.75
2023-12-14 01:30:09,2762,2023-12-14 01:30:03,48E729537E2C,25.19,25.62,26.19,39.69,34.5,27.27,27.81,26.86,26.8,25.7
2023-12-14 01:33:07,2763,2023-12-14 01:33:00,48E729537E2C,25.5,25.56,26.0,42.75,34.31,27.23,27.8,26.83,26.75,25.66
2023-12-14 01:36:09,2764,2023-12-14 01:36:03,48E729537E2C,25.31,25.19,26.0,41.62,34.06,27.17,27.75,26.78,26.72,25.64
2023-12-14 01:39:06,2765,2023-12-14 01:39:00,48E729537E2C,25.25,25.44,26.62,41.12,33.44,27.19,27.75,26.8,26.72,25.62
2023-12-14 01:42:09,2766,2023-12-14 01:42:03,48E729537E2C,25.5,25.38,26.0,41.0,33.69,27.17,27.75,26.77,26.75,25.61
2023-12-14 01:45:06,2767,2023-12-14 01:45:01,48E729537E2C,25.31,25.62,26.25,40.38,33.44,27.19,27.73,26.75,26.72,25.58
2023-12-14 01:48:09,2768,2023-12-14 01:48:04,48E729537E2C,25.56,25.5,26.56,40.17,32.94,27.16,27.7,26.73,26.69,25.56
2023-12-14 01:51:06,2769,2023-12-14 01:51:01,48E729537E2C,25.31,25.56,26.06,41.94,33.62,27.17,27.69,26.73,26.69,25.56
2023-12-14 01:54:08,2770,2023-12-14 01:54:04,48E729537E2C,25.5,25.44,26.19,41.81,34.0,27.19,27.72,26.75,26.67,25.56
2023-12-14 01:57:06,2771,2023-12-14 01:57:02,48E729537E2C,25.56,25.5,26.38,41.06,34.12,27.19,27.7,26.73,26.67,25.56
2023-12-14 02:00:08,2772,2023-12-14 02:00:04,48E729537E2C,25.31,25.44,25.94,42.5,34.12,27.19,27.69,26.73,26.69,25.56
2023-12-14 02:03:06,2773,2023-12-14 02:03:02,48E729537E2C,25.56,25.62,26.44,41.81,34.44,27.16,27.69,26.73,26.67,25.58
2023-12-14 02:06:03,2774,2023-12-14 02:06:00,48E729537E2C,25.56,25.5,26.69,40.88,34.0,27.16,27.69,26.73,26.69,25.56
2023-12-14 02:09:05,2775,2023-12-14 02:09:02,48E729537E2C,25.38,25.38,26.25,43.17,34.88,27.17,27.7,26.75,26.69,25.58
2023-12-14 02:12:03,2776,2023-12-14 02:12:00,48E729537E2C,25.38,25.44,27.25,41.5,33.94,27.19,27.7,26.75,26.71,25.59
2023-12-14 02:15:05,2777,2023-12-14 02:15:03,48E729537E2C,25.56,25.56,26.69,40.75,34.94,27.2,27.75,26.75,26.72,25.62
2023-12-14 02:18:02,2778,2023-12-14 02:18:00,48E729537E2C,25.25,25.5,26.12,42.08,33.94,27.23,27.77,26.81,26.75,25.64
2023-12-14 02:21:05,2779,2023-12-14 02:21:03,48E729537E2C,25.25,25.38,25.88,41.25,34.0,27.2,27.78,26.81,26.75,25.66
2023-12-14 02:24:09,2780,2023-12-14 02:24:02,48E729537E2C,25.31,25.31,26.75,40.12,32.94,27.25,27.77,26.81,26.75,25.64
2023-12-14 02:27:11,2781,2023-12-14 02:27:05,48E729537E2C,25.5,25.38,26.31,39.12,33.38,27.22,27.77,26.8,26.75,25.62
2023-12-14 02:30:09,2782,2023-12-14 02:30:02,48E729537E2C,25.5,25.44,26.38,41.56,33.44,27.22,27.78,26.75,26.72,25.62
2023-12-14 02:33:06,2783,2023-12-14 02:33:00,48E729537E2C,25.19,25.44,26.5,39.88,33.0,27.19,27.75,26.75,26.72,25.62
2023-12-14 02:36:08,2784,2023-12-14 02:36:02,48E729537E2C,25.38,25.31,26.19,39.25,32.83,27.17,27.73,26.75,26.69,25.6
2023-12-14 02:39:06,2785,2023-12-14 02:39:00,48E729537E2C,25.19,25.25,25.94,41.75,33.56,27.17,27.69,26.75,26.67,25.56
2023-12-14 02:42:08,2786,2023-12-14 02:42:02,48E729537E2C,25.31,25.31,26.67,40.62,32.81,27.16,27.7,26.71,26.69,25.56
2023-12-14 02:45:06,2787,2023-12-14 02:45:00,48E729537E2C,25.62,25.25,26.12,39.56,33.38,27.17,27.69,26.73,26.67,25.56
2023-12-14 02:48:08,2788,2023-12-14 02:48:02,48E729537E2C,25.25,25.5,26.06,41.75,33.31,27.19,27.7,26.72,26.64,25.56
2023-12-14 02:51:05,2789,2023-12-14 02:51:00,48E729537E2C,25.44,25.44,26.25,40.62,33.62,27.19,27.69,26.75,26.66,25.56
2023-12-14 02:54:08,2790,2023-12-14 02:54:03,48E729537E2C,25.5,25.44,26.5,41.0,34.31,27.17,27.67,26.73,26.64,25.56
2023-12-14 02:57:05,2791,2023-12-14 02:57:00,48E729537E2C,25.56,25.44,26.25,42.12,34.38,27.14,27.69,26.69,26.62,25.55
2023-12-14 03:00:08,2792,2023-12-14 03:00:03,48E729537E2C,25.62,25.44,26.0,43.25,34.94,27.14,27.69,26.69,26.65,25.55
2023-12-14 03:03:05,2793,2023-12-14 03:03:00,48E729537E2C,25.5,25.25,26.88,41.38,34.0,27.16,27.66,26.72,26.69,25.56
2023-12-14 03:06:07,2794,2023-12-14 03:06:03,48E729537E2C,25.38,25.44,26.5,41.19,34.83,27.14,27.69,26.75,26.66,25.56
2023-12-14 03:09:05,2795,2023-12-14 03:09:00,48E729537E2C,25.5,25.5,26.25,43.44,34.56,27.19,27.69,26.75,26.69,25.56
2023-12-14 03:12:07,2796,2023-12-14 03:12:03,48E729537E2C,25.5,25.31,26.5,42.44,34.62,27.19,27.7,26.75,26.69,25.56
2023-12-14 03:15:05,2797,2023-12-14 03:15:00,48E729537E2C,25.38,25.56,26.62,41.58,35.06,27.2,27.73,26.75,26.69,25.56
2023-12-14 03:18:07,2798,2023-12-14 03:18:03,48E729537E2C,25.62,25.62,26.33,44.58,35.5,27.25,27.75,26.75,26.69,25.61
2023-12-14 03:21:04,2799,2023-12-14 03:21:01,48E729537E2C,25.62,25.75,26.33,43.88,35.19,27.25,27.75,26.79,26.72,25.62
2023-12-14 03:24:08,2800,2023-12-14 03:24:02,48E729537E2C,25.75,25.56,26.69,42.88,35.25,27.25,27.8,26.81,26.75,25.62
2023-12-14 03:27:11,2801,2023-12-14 03:27:04,48E729537E2C,25.62,25.56,26.44,42.88,35.31,27.27,27.77,26.81,26.75,25.66
2023-12-14 03:30:08,2802,2023-12-14 03:30:02,48E729537E2C,25.81,25.69,26.5,44.33,35.92,27.31,27.81,26.83,26.81,25.67
2023-12-14 03:33:10,2803,2023-12-14 03:33:04,48E729537E2C,25.81,25.56,26.81,43.19,36.33,27.31,27.81,26.84,26.78,25.69
2023-12-14 03:36:08,2804,2023-12-14 03:36:02,48E729537E2C,25.94,25.81,27.0,42.94,36.69,27.36,27.81,26.89,26.81,25.73
2023-12-14 03:39:10,2805,2023-12-14 03:39:04,48E729537E2C,25.88,25.69,26.75,44.62,36.56,27.38,27.81,26.88,26.86,25.75
2023-12-14 03:42:08,2806,2023-12-14 03:42:01,48E729537E2C,26.0,25.75,26.88,44.5,36.75,27.42,27.84,26.91,26.86,25.75
2023-12-14 03:45:10,2807,2023-12-14 03:45:04,48E729537E2C,26.0,25.62,27.06,43.69,36.88,27.44,27.88,26.95,26.88,25.81
2023-12-14 03:48:07,2808,2023-12-14 03:48:01,48E729537E2C,25.94,25.81,27.25,44.12,37.31,27.48,27.88,26.98,26.91,25.81
2023-12-14 03:51:10,2809,2023-12-14 03:51:03,48E729537E2C,26.12,26.0,27.19,45.06,37.5,27.52,27.92,27.0,26.95,25.88
2023-12-14 03:54:07,2810,2023-12-14 03:54:00,48E729537E2C,26.12,25.88,27.38,44.94,37.33,27.53,27.95,27.05,26.97,25.88
2023-12-14 03:57:10,2811,2023-12-14 03:57:03,48E729537E2C,26.31,26.0,27.5,44.06,37.83,27.59,28.0,27.06,27.0,25.94
2023-12-14 04:00:07,2812,2023-12-14 04:00:00,48E729537E2C,26.25,26.0,27.25,45.31,37.38,27.66,28.05,27.14,27.06,25.95
2023-12-14 04:03:09,2813,2023-12-14 04:03:02,48E729537E2C,26.25,25.94,27.75,45.56,37.5,27.69,28.09,27.19,27.11,26.0
2023-12-14 04:06:12,2814,2023-12-14 04:06:04,48E729537E2C,26.31,25.81,27.38,45.25,37.58,27.77,28.16,27.22,27.19,26.06
2023-12-14 04:09:09,2815,2023-12-14 04:09:01,48E729537E2C,26.31,26.12,27.81,44.94,37.88,27.81,28.22,27.25,27.22,26.12
2023-12-14 04:12:12,2816,2023-12-14 04:12:03,48E729537E2C,26.5,26.12,27.75,45.62,37.94,27.81,28.23,27.35,27.25,26.17
2023-12-14 04:15:09,2817,2023-12-14 04:15:00,48E729537E2C,26.38,26.25,27.62,45.81,37.42,27.84,28.31,27.38,27.33,26.25
2023-12-14 04:18:12,2818,2023-12-14 04:18:02,48E729537E2C,26.5,26.19,27.75,45.56,38.38,27.92,28.36,27.47,27.36,26.28
2023-12-14 04:21:14,2819,2023-12-14 04:21:04,48E729537E2C,26.44,26.31,27.92,45.0,38.81,27.94,28.41,27.5,27.44,26.31
2023-12-14 04:24:08,2820,2023-12-14 04:24:02,48E729537E2C,26.62,26.31,27.75,46.25,38.0,28.0,28.44,27.52,27.45,26.35
2023-12-14 04:27:10,2821,2023-12-14 04:27:04,48E729537E2C,26.56,26.31,27.94,46.06,38.38,28.03,28.48,27.56,27.5,26.38
2023-12-14 04:30:07,2822,2023-12-14 04:30:01,48E729537E2C,26.56,26.31,27.94,45.38,38.19,28.06,28.52,27.59,27.52,26.42
2023-12-14 04:33:10,2823,2023-12-14 04:33:04,48E729537E2C,26.56,26.38,28.0,45.62,38.06,28.09,28.53,27.62,27.56,26.42
2023-12-14 04:36:07,2824,2023-12-14 04:36:01,48E729537E2C,26.5,26.38,28.31,46.19,38.67,28.12,28.56,27.67,27.61,26.46
2023-12-14 04:39:10,2825,2023-12-14 04:39:03,48E729537E2C,26.56,26.38,28.25,45.88,37.88,28.19,28.62,27.7,27.64,26.47
2023-12-14 04:42:07,2826,2023-12-14 04:42:01,48E729537E2C,26.44,26.44,28.25,45.19,38.5,28.2,28.64,27.75,27.67,26.52
2023-12-14 04:45:09,2827,2023-12-14 04:45:03,48E729537E2C,26.62,26.44,28.38,46.0,38.81,28.23,28.69,27.75,27.69,26.56
2023-12-14 04:48:07,2828,2023-12-14 04:48:00,48E729537E2C,26.69,26.56,28.12,46.0,38.56,28.27,28.7,27.81,27.75,26.58
2023-12-14 04:51:09,2829,2023-12-14 04:51:02,48E729537E2C,26.69,26.5,28.12,46.06,38.56,28.31,28.75,27.81,27.75,26.61
2023-12-14 04:54:12,2830,2023-12-14 04:54:05,48E729537E2C,26.69,26.5,28.5,46.25,39.0,28.33,28.81,27.81,27.81,26.62
2023-12-14 04:57:09,2831,2023-12-14 04:57:01,48E729537E2C,26.75,26.62,28.0,46.0,38.62,28.38,28.83,27.84,27.81,26.66
2023-12-14 05:00:11,2832,2023-12-14 05:00:04,48E729537E2C,26.75,26.44,28.38,46.31,39.12,28.39,28.86,27.88,27.81,26.69
2023-12-14 05:03:09,2833,2023-12-14 05:03:01,48E729537E2C,26.94,26.38,27.83,45.75,38.88,28.44,28.92,27.88,27.81,26.75
2023-12-14 05:06:11,2834,2023-12-14 05:06:03,48E729537E2C,26.69,26.5,29.06,45.81,38.31,28.48,28.94,27.94,27.84,26.77
2023-12-14 05:09:14,2835,2023-12-14 05:09:05,48E729537E2C,26.88,26.62,28.38,46.19,38.31,28.5,28.97,27.97,27.91,26.81
2023-12-14 05:12:11,2836,2023-12-14 05:12:01,48E729537E2C,26.81,26.5,28.56,45.56,38.75,28.52,29.03,28.02,27.94,26.81
2023-12-14 05:15:14,2837,2023-12-14 05:15:03,48E729537E2C,26.88,26.5,28.56,46.25,38.88,28.58,29.08,28.03,27.94,26.88
2023-12-14 05:18:11,2838,2023-12-14 05:18:00,48E729537E2C,27.0,26.69,28.19,46.38,38.69,28.59,29.08,28.06,28.02,26.89
2023-12-14 05:21:13,2839,2023-12-14 05:21:02,48E729537E2C,27.06,26.5,28.31,46.19,39.06,28.66,29.12,28.11,28.02,26.92
2023-12-14 05:24:07,2840,2023-12-14 05:24:01,48E729537E2C,27.0,26.31,28.31,46.38,38.69,28.69,29.14,28.12,28.08,26.95
2023-12-14 05:27:09,2841,2023-12-14 05:27:03,48E729537E2C,26.94,26.44,28.62,45.75,38.38,28.7,29.17,28.17,28.06,27.02
2023-12-14 05:30:07,2842,2023-12-14 05:30:00,48E729537E2C,27.19,26.62,29.0,45.81,38.44,28.75,29.23,28.19,28.12,27.02
2023-12-14 05:33:09,2843,2023-12-14 05:33:03,48E729537E2C,27.25,26.56,29.0,45.5,38.81,28.78,29.27,28.23,28.12,27.06
2023-12-14 05:36:06,2844,2023-12-14 05:36:00,48E729537E2C,27.44,26.38,28.69,45.94,38.88,28.84,29.3,28.25,28.16,27.09
2023-12-14 05:39:09,2845,2023-12-14 05:39:02,48E729537E2C,27.5,26.5,28.5,46.62,39.0,28.88,29.33,28.31,28.2,27.12
2023-12-14 05:42:06,2846,2023-12-14 05:42:00,48E729537E2C,27.5,26.38,29.25,46.25,38.88,28.91,29.39,28.33,28.22,27.14
2023-12-14 05:45:09,2847,2023-12-14 05:45:02,48E729537E2C,27.5,26.62,28.69,46.75,38.94,28.95,29.39,28.36,28.25,27.19
2023-12-14 05:48:11,2848,2023-12-14 05:48:04,48E729537E2C,27.81,26.69,29.31,46.19,39.25,29.0,29.44,28.39,28.28,27.2
2023-12-14 05:51:08,2849,2023-12-14 05:51:01,48E729537E2C,27.81,26.62,28.56,46.5,39.31,29.05,29.47,28.44,28.31,27.25
2023-12-14 05:54:11,2850,2023-12-14 05:54:03,48E729537E2C,27.69,26.44,29.0,46.44,39.56,29.06,29.5,28.47,28.38,27.28
2023-12-14 05:57:08,2851,2023-12-14 05:57:00,48E729537E2C,27.81,26.69,28.62,46.62,39.0,29.12,29.56,28.52,28.39,27.31
2023-12-14 06:00:11,2852,2023-12-14 06:00:02,48E729537E2C,27.94,26.69,29.06,46.94,38.75,29.16,29.56,28.55,28.42,27.38
2023-12-14 06:03:13,2853,2023-12-14 06:03:04,48E729537E2C,27.81,26.69,29.06,46.81,38.69,29.22,29.64,28.59,28.48,27.39
2023-12-14 06:06:10,2854,2023-12-14 06:06:01,48E729537E2C,27.94,26.25,29.75,46.19,38.75,29.25,29.66,28.62,28.5,27.42
2023-12-14 06:09:13,2855,2023-12-14 06:09:03,48E729537E2C,28.12,26.5,28.94,46.94,38.56,29.27,29.69,28.62,28.56,27.44
2023-12-14 06:12:10,2856,2023-12-14 06:12:00,48E729537E2C,28.19,26.5,29.06,46.81,38.81,29.31,29.75,28.67,28.59,27.5
2023-12-14 06:15:13,2857,2023-12-14 06:15:02,48E729537E2C,28.25,26.75,29.19,46.5,38.69,29.38,29.78,28.72,28.62,27.53
2023-12-14 06:18:15,2858,2023-12-14 06:18:04,48E729537E2C,28.31,26.62,28.88,47.12,38.38,29.41,29.81,28.73,28.62,27.55
2023-12-14 06:21:13,2859,2023-12-14 06:21:00,48E729537E2C,28.25,26.69,29.56,47.25,37.69,29.44,29.83,28.8,28.67,27.58
2023-12-14 06:24:06,2860,2023-12-14 06:24:00,48E729537E2C,28.19,26.69,29.56,46.12,37.56,29.44,29.88,28.83,28.69,27.62
2023-12-14 06:27:08,2861,2023-12-14 06:27:02,48E729537E2C,28.12,26.62,29.31,46.81,37.62,29.45,29.88,28.86,28.73,27.62
2023-12-14 06:30:11,2862,2023-12-14 06:30:05,48E729537E2C,28.25,26.62,29.25,46.0,37.62,29.5,29.91,28.91,28.75,27.64
2023-12-14 06:33:08,2863,2023-12-14 06:33:02,48E729537E2C,28.25,26.75,29.19,47.0,38.62,29.5,29.95,28.92,28.78,27.67
2023-12-14 06:36:11,2864,2023-12-14 06:36:04,48E729537E2C,28.44,26.5,29.06,47.0,38.31,29.5,29.97,28.94,28.8,27.7
2023-12-14 06:39:08,2865,2023-12-14 06:39:02,48E729537E2C,28.38,26.75,28.92,47.19,38.0,29.56,29.98,28.94,28.84,27.7
2023-12-14 06:42:11,2866,2023-12-14 06:42:04,48E729537E2C,28.62,26.69,28.75,47.5,38.06,29.59,30.0,28.95,28.88,27.75
2023-12-14 06:45:08,2867,2023-12-14 06:45:01,48E729537E2C,28.44,26.94,29.0,46.94,37.81,29.61,30.06,29.0,28.89,27.77
2023-12-14 06:48:10,2868,2023-12-14 06:48:04,48E729537E2C,28.56,26.88,29.19,46.25,37.19,29.62,30.05,29.02,28.91,27.8
2023-12-14 06:51:08,2869,2023-12-14 06:51:01,48E729537E2C,28.62,26.88,29.25,46.81,37.25,29.66,30.06,29.03,28.91,27.81
2023-12-14 06:54:10,2870,2023-12-14 06:54:03,48E729537E2C,28.56,26.94,29.0,47.25,37.75,29.69,30.11,29.06,28.94,27.81
2023-12-14 06:57:08,2871,2023-12-14 06:57:00,48E729537E2C,28.69,26.88,29.31,47.0,36.88,29.69,30.09,29.06,28.94,27.81
2023-12-14 07:00:10,2872,2023-12-14 07:00:03,48E729537E2C,28.5,27.0,29.19,47.56,37.94,29.69,30.16,29.06,28.97,27.81
2023-12-14 07:03:07,2873,2023-12-14 07:03:00,48E729537E2C,28.75,27.06,29.19,47.5,39.19,29.75,30.16,29.12,29.0,27.81
2023-12-14 07:06:10,2874,2023-12-14 07:06:02,48E729537E2C,28.62,27.19,29.19,47.62,38.19,29.75,30.17,29.12,29.0,27.81
2023-12-14 07:09:12,2875,2023-12-14 07:09:04,48E729537E2C,28.94,27.0,29.25,47.38,37.81,29.75,30.2,29.16,29.03,27.83
2023-12-14 07:12:10,2876,2023-12-14 07:12:01,48E729537E2C,28.88,27.12,29.0,46.5,37.5,29.77,30.19,29.19,29.06,27.84
2023-12-14 07:15:12,2877,2023-12-14 07:15:03,48E729537E2C,28.94,27.19,29.0,47.31,36.62,29.77,30.23,29.19,29.06,27.88
2023-12-14 07:18:10,2878,2023-12-14 07:18:00,48E729537E2C,28.75,27.19,29.19,47.75,37.5,29.78,30.25,29.17,29.09,27.88
2023-12-14 07:21:12,2879,2023-12-14 07:21:03,48E729537E2C,28.75,27.12,30.0,46.62,37.38,29.81,30.25,29.19,29.08,27.91
2023-12-14 07:24:05,2880,2023-12-14 07:24:00,48E729537E2C,29.06,27.25,29.25,47.0,37.88,29.8,30.25,29.22,29.09,27.91
2023-12-14 07:27:08,2881,2023-12-14 07:27:02,48E729537E2C,28.75,27.25,29.19,47.0,37.31,29.84,30.25,29.23,29.12,27.92
2023-12-14 07:30:11,2882,2023-12-14 07:30:05,48E729537E2C,29.0,27.31,29.12,47.19,37.44,29.86,30.25,29.25,29.14,27.94
2023-12-14 07:33:08,2883,2023-12-14 07:33:02,48E729537E2C,28.81,27.38,29.81,46.81,37.56,29.83,30.25,29.25,29.12,27.94
2023-12-14 07:36:10,2884,2023-12-14 07:36:04,48E729537E2C,28.94,27.75,27.5,47.75,36.88,29.88,30.25,29.27,29.14,27.95
2023-12-14 07:39:08,2885,2023-12-14 07:39:02,48E729537E2C,28.88,27.69,27.31,47.75,37.44,29.88,30.25,29.27,29.16,27.94
2023-12-14 07:42:10,2886,2023-12-14 07:42:04,48E729537E2C,28.88,27.75,27.62,47.44,37.5,29.92,30.27,29.31,29.17,27.98
2023-12-14 07:45:08,2887,2023-12-14 07:45:01,48E729537E2C,29.19,27.88,27.31,47.81,37.44,29.94,30.31,29.3,29.19,27.98
2023-12-14 07:48:10,2888,2023-12-14 07:48:04,48E729537E2C,29.06,28.12,27.5,47.94,37.0,29.94,30.31,29.31,29.17,27.98
2023-12-14 07:51:07,2889,2023-12-14 07:51:01,48E729537E2C,29.0,27.94,27.44,47.62,36.62,29.95,30.31,29.31,29.2,27.98
2023-12-14 07:54:10,2890,2023-12-14 07:54:04,48E729537E2C,28.88,27.88,27.5,47.88,36.69,29.95,30.34,29.31,29.22,28.02
2023-12-14 07:57:07,2891,2023-12-14 07:57:01,48E729537E2C,28.81,28.12,27.62,47.75,36.25,29.97,30.34,29.38,29.23,28.03
2023-12-14 08:00:10,2892,2023-12-14 08:00:03,48E729537E2C,28.88,28.06,27.69,47.94,36.44,30.0,30.33,29.38,29.25,28.05
2023-12-14 08:03:07,2893,2023-12-14 08:03:00,48E729537E2C,28.88,28.19,28.38,46.88,36.44,30.02,30.36,29.38,29.25,28.06
2023-12-14 08:06:09,2894,2023-12-14 08:06:03,48E729537E2C,28.81,27.94,28.75,46.19,36.69,30.05,30.39,29.42,29.31,28.08
2023-12-14 08:09:07,2895,2023-12-14 08:09:00,48E729537E2C,28.94,28.19,28.44,45.44,35.31,30.05,30.41,29.44,29.31,28.08
2023-12-14 08:12:09,2896,2023-12-14 08:12:02,48E729537E2C,28.81,28.19,28.5,46.0,37.88,30.0,30.38,29.41,29.28,28.06
2023-12-14 08:15:12,2897,2023-12-14 08:15:05,48E729537E2C,28.69,27.94,28.5,46.38,37.69,29.98,30.31,29.38,29.25,28.03
2023-12-14 08:18:09,2898,2023-12-14 08:18:02,48E729537E2C,28.5,28.19,28.69,46.81,36.12,29.92,30.3,29.31,29.19,27.98
2023-12-14 08:21:12,2899,2023-12-14 08:21:04,48E729537E2C,28.5,28.19,28.75,46.06,37.25,29.88,30.25,29.25,29.14,27.94
2023-12-14 08:24:10,2900,2023-12-14 08:24:04,48E729537E2C,28.38,28.19,28.75,46.06,35.44,29.83,30.25,29.2,29.11,27.88
2023-12-14 08:27:08,2901,2023-12-14 08:27:01,48E729537E2C,28.31,28.06,28.88,45.62,36.88,29.77,30.23,29.19,29.06,27.86
2023-12-14 08:30:11,2902,2023-12-14 08:30:04,48E729537E2C,28.5,28.0,28.75,44.81,34.62,29.73,30.19,29.12,29.03,27.81
2023-12-14 08:33:08,2903,2023-12-14 08:33:02,48E729537E2C,28.12,27.94,28.69,44.69,35.12,29.7,30.14,29.11,29.0,27.81
2023-12-14 08:36:10,2904,2023-12-14 08:36:04,48E729537E2C,28.44,28.0,28.62,44.5,33.0,29.66,30.12,29.06,28.97,27.81
2023-12-14 08:39:08,2905,2023-12-14 08:39:02,48E729537E2C,28.25,28.0,28.56,44.69,33.38,29.66,30.11,29.06,28.95,27.81
2023-12-14 08:42:05,2906,2023-12-14 08:42:00,48E729537E2C,28.56,27.88,28.62,44.56,32.5,29.62,30.06,29.03,28.92,27.8
2023-12-14 08:45:07,2907,2023-12-14 08:45:02,48E729537E2C,28.19,27.88,28.19,44.19,33.88,29.62,30.06,29.0,28.88,27.77
2023-12-14 08:48:05,2908,2023-12-14 08:48:00,48E729537E2C,28.38,28.0,28.69,43.94,33.12,29.59,30.06,29.0,28.89,27.77
2023-12-14 08:51:07,2909,2023-12-14 08:51:03,48E729537E2C,28.44,28.0,28.56,43.62,34.19,29.56,30.05,29.02,28.88,27.75
2023-12-14 08:54:05,2910,2023-12-14 08:54:01,48E729537E2C,28.5,28.0,28.69,43.94,33.19,29.56,30.03,29.0,28.88,27.75
2023-12-14 08:57:07,2911,2023-12-14 08:57:04,48E729537E2C,28.56,28.06,28.69,44.62,34.62,29.59,30.03,29.0,28.88,27.73
2023-12-14 09:00:04,2912,2023-12-14 09:00:01,48E729537E2C,28.31,28.38,28.19,44.62,35.44,29.58,30.02,28.98,28.88,27.75
2023-12-14 09:03:07,2913,2023-12-14 09:03:04,48E729537E2C,28.5,28.31,28.25,44.0,35.62,29.58,30.05,28.98,28.88,27.75
2023-12-14 09:06:04,2914,2023-12-14 09:06:02,48E729537E2C,28.56,28.44,28.31,45.19,36.88,29.59,30.03,28.97,28.84,27.72
2023-12-14 09:09:01,2915,2023-12-14 09:09:00,48E729537E2C,28.56,28.5,28.38,45.06,36.06,29.58,30.03,28.95,28.86,27.7
2023-12-14 09:12:04,2916,2023-12-14 09:12:03,48E729537E2C,28.5,28.44,28.38,45.5,35.69,29.59,30.03,28.97,28.83,27.69
2023-12-14 09:15:02,2917,2023-12-14 09:15:00,48E729537E2C,28.25,28.5,28.5,45.81,36.81,29.58,30.0,28.94,28.84,27.69
2023-12-14 09:18:04,2918,2023-12-14 09:18:03,48E729537E2C,28.5,28.62,28.25,45.5,37.31,29.59,30.0,28.95,28.78,27.67
2023-12-14 09:21:01,2919,2023-12-14 09:21:01,48E729537E2C,28.69,28.44,28.38,45.94,37.19,29.58,30.0,28.95,28.81,27.69
2023-12-14 09:24:10,2920,2023-12-14 09:24:03,48E729537E2C,28.75,28.62,28.06,45.69,37.62,29.59,30.0,28.94,28.78,27.62
2023-12-14 09:27:07,2921,2023-12-14 09:27:01,48E729537E2C,28.44,28.44,27.94,46.19,38.44,29.58,30.0,28.95,28.8,27.64
2023-12-14 09:30:10,2922,2023-12-14 09:30:03,48E729537E2C,28.69,28.31,28.0,46.75,38.12,29.58,30.0,28.94,28.75,27.64
2023-12-14 09:33:07,2923,2023-12-14 09:33:01,48E729537E2C,28.44,28.38,27.94,46.75,38.31,29.56,30.0,28.94,28.75,27.62
2023-12-14 09:36:10,2924,2023-12-14 09:36:03,48E729537E2C,28.62,28.25,28.25,46.81,38.0,29.59,30.0,28.94,28.77,27.64
2023-12-14 09:39:07,2925,2023-12-14 09:39:01,48E729537E2C,28.5,28.69,28.25,46.38,38.69,29.58,30.0,28.94,28.77,27.62
2023-12-14 09:42:10,2926,2023-12-14 09:42:04,48E729537E2C,28.69,28.38,28.12,46.62,38.69,29.59,30.0,28.94,28.78,27.64
2023-12-14 09:45:07,2927,2023-12-14 09:45:01,48E729537E2C,28.44,28.5,28.31,47.12,38.69,29.61,30.0,28.94,28.8,27.67
2023-12-14 09:48:09,2928,2023-12-14 09:48:04,48E729537E2C,28.5,28.44,28.25,46.69,38.88,29.58,30.0,28.95,28.81,27.67
2023-12-14 09:51:06,2929,2023-12-14 09:51:01,48E729537E2C,28.69,28.56,28.06,47.19,38.69,29.62,30.05,28.98,28.83,27.67
2023-12-14 09:54:09,2930,2023-12-14 09:54:04,48E729537E2C,28.75,28.38,28.25,47.06,38.94,29.64,30.06,29.0,28.86,27.69
2023-12-14 09:57:06,2931,2023-12-14 09:57:01,48E729537E2C,28.94,28.56,28.12,47.19,38.94,29.66,30.08,29.0,28.88,27.7
2023-12-14 10:00:09,2932,2023-12-14 10:00:04,48E729537E2C,28.75,28.69,28.25,47.12,39.0,29.67,30.08,29.0,28.88,27.7
2023-12-14 10:03:06,2933,2023-12-14 10:03:01,48E729537E2C,28.75,28.56,28.25,47.0,39.12,29.67,30.11,29.0,28.88,27.72
2023-12-14 10:06:09,2934,2023-12-14 10:06:04,48E729537E2C,28.81,28.56,28.25,46.81,39.31,29.69,30.12,29.02,28.91,27.73
2023-12-14 10:09:06,2935,2023-12-14 10:09:01,48E729537E2C,28.81,28.56,28.38,46.94,39.19,29.67,30.11,29.05,28.89,27.75
2023-12-14 10:12:09,2936,2023-12-14 10:12:04,48E729537E2C,28.75,28.94,28.31,47.0,39.62,29.69,30.12,29.05,28.94,27.77
2023-12-14 10:15:06,2937,2023-12-14 10:15:01,48E729537E2C,28.56,28.5,28.5,47.06,39.88,29.7,30.12,29.06,28.94,27.8
2023-12-14 10:18:08,2938,2023-12-14 10:18:04,48E729537E2C,28.62,28.75,28.38,47.12,39.5,29.73,30.14,29.09,28.95,27.81
2023-12-14 10:21:06,2939,2023-12-14 10:21:01,48E729537E2C,28.94,28.69,28.31,47.06,39.31,29.75,30.19,29.12,28.95,27.81
2023-12-14 10:24:09,2940,2023-12-14 10:24:03,48E729537E2C,29.0,28.94,28.38,47.06,39.62,29.75,30.19,29.14,28.98,27.81
2023-12-14 10:27:07,2941,2023-12-14 10:27:00,48E729537E2C,28.94,28.56,28.31,46.88,40.0,29.8,30.2,29.16,29.0,27.81
2023-12-14 10:30:10,2942,2023-12-14 10:30:03,48E729537E2C,28.94,28.94,28.38,47.31,39.44,29.81,30.25,29.19,29.02,27.81
2023-12-14 10:33:07,2943,2023-12-14 10:33:00,48E729537E2C,28.75,28.81,28.44,47.19,39.62,29.88,30.25,29.19,29.06,27.84
2023-12-14 10:36:09,2944,2023-12-14 10:36:03,48E729537E2C,29.0,28.75,28.5,46.94,40.19,29.88,30.25,29.22,29.08,27.86
2023-12-14 10:39:06,2945,2023-12-14 10:39:00,48E729537E2C,29.06,28.94,28.69,46.94,40.25,29.88,30.28,29.25,29.11,27.88
2023-12-14 10:42:09,2946,2023-12-14 10:42:03,48E729537E2C,29.25,28.75,28.62,46.88,40.25,29.94,30.31,29.3,29.17,27.92
2023-12-14 10:45:06,2947,2023-12-14 10:45:00,48E729537E2C,29.06,29.0,28.69,47.19,39.5,30.0,30.31,29.3,29.16,27.92
2023-12-14 10:48:09,2948,2023-12-14 10:48:02,48E729537E2C,29.25,29.06,28.75,47.25,40.31,30.0,30.36,29.31,29.19,27.98
2023-12-14 10:51:11,2949,2023-12-14 10:51:04,48E729537E2C,29.25,29.0,28.62,47.06,40.19,30.0,30.38,29.36,29.22,28.0
2023-12-14 10:54:09,2950,2023-12-14 10:54:02,48E729537E2C,29.38,29.0,28.75,47.0,40.75,30.06,30.42,29.41,29.25,28.0
2023-12-14 10:57:11,2951,2023-12-14 10:57:04,48E729537E2C,29.5,29.12,29.0,47.19,40.25,30.08,30.42,29.44,29.28,28.0
2023-12-14 11:00:08,2952,2023-12-14 11:00:01,48E729537E2C,29.19,29.31,28.75,47.06,40.44,30.09,30.45,29.44,29.31,28.06
2023-12-14 11:03:11,2953,2023-12-14 11:03:03,48E729537E2C,29.31,29.12,28.81,47.44,40.31,30.14,30.47,29.44,29.31,28.09
2023-12-14 11:06:08,2954,2023-12-14 11:06:00,48E729537E2C,29.25,29.12,28.94,47.12,40.75,30.16,30.5,29.48,29.34,28.08
2023-12-14 11:09:11,2955,2023-12-14 11:09:02,48E729537E2C,29.69,29.44,28.81,46.75,40.75,30.19,30.55,29.52,29.38,28.12
2023-12-14 11:12:13,2956,2023-12-14 11:12:05,48E729537E2C,29.56,29.5,28.81,47.0,40.69,30.2,30.53,29.52,29.41,28.14
2023-12-14 11:15:11,2957,2023-12-14 11:15:02,48E729537E2C,29.69,29.12,28.94,47.12,40.56,30.2,30.56,29.55,29.39,28.17
2023-12-14 11:18:13,2958,2023-12-14 11:18:04,48E729537E2C,29.06,29.44,29.0,47.31,40.44,30.25,30.56,29.56,29.42,28.19
2023-12-14 11:21:10,2959,2023-12-14 11:21:01,48E729537E2C,29.56,29.38,28.75,47.25,40.69,30.25,30.59,29.58,29.44,28.2
2023-12-14 11:24:09,2960,2023-12-14 11:24:03,48E729537E2C,29.62,29.44,28.75,47.12,40.88,30.25,30.62,29.62,29.45,28.2
2023-12-14 11:27:06,2961,2023-12-14 11:27:01,48E729537E2C,29.69,29.5,29.06,47.12,41.5,30.25,30.64,29.64,29.48,28.25
2023-12-14 11:30:09,2962,2023-12-14 11:30:03,48E729537E2C,29.88,29.12,29.0,47.44,41.56,30.3,30.67,29.64,29.5,28.27
2023-12-14 11:33:06,2963,2023-12-14 11:33:01,48E729537E2C,29.5,29.38,29.0,47.0,41.5,30.3,30.69,29.69,29.52,28.3
2023-12-14 11:36:09,2964,2023-12-14 11:36:03,48E729537E2C,29.75,29.5,29.0,46.94,41.38,30.31,30.72,29.7,29.56,28.33
2023-12-14 11:39:06,2965,2023-12-14 11:39:01,48E729537E2C,29.75,29.62,29.12,47.08,41.69,30.34,30.75,29.72,29.56,28.31
2023-12-14 11:42:08,2966,2023-12-14 11:42:04,48E729537E2C,29.94,29.38,29.0,47.5,41.19,30.38,30.75,29.73,29.56,28.38
2023-12-14 11:45:06,2967,2023-12-14 11:45:01,48E729537E2C,29.81,29.62,29.06,47.12,41.81,30.38,30.78,29.75,29.62,28.36
2023-12-14 11:48:08,2968,2023-12-14 11:48:04,48E729537E2C,29.75,29.62,29.06,47.25,41.19,30.41,30.81,29.75,29.62,28.39
2023-12-14 11:51:06,2969,2023-12-14 11:51:01,48E729537E2C,29.75,29.69,29.25,47.06,41.88,30.44,30.83,29.78,29.66,28.41
2023-12-14 11:54:08,2970,2023-12-14 11:54:04,48E729537E2C,29.81,29.69,29.25,47.19,42.0,30.44,30.83,29.81,29.67,28.39
2023-12-14 11:57:05,2971,2023-12-14 11:57:01,48E729537E2C,30.0,29.69,29.12,47.19,41.81,30.47,30.84,29.83,29.69,28.42
2023-12-14 12:00:08,2972,2023-12-14 12:00:03,48E729537E2C,30.0,29.88,29.19,47.38,41.0,30.5,30.88,29.86,29.7,28.44
2023-12-14 12:03:05,2973,2023-12-14 12:03:01,48E729537E2C,29.75,29.88,29.06,47.12,40.88,30.5,30.92,29.88,29.75,28.48
2023-12-14 12:06:08,2974,2023-12-14 12:06:03,48E729537E2C,29.75,29.81,29.25,47.19,41.69,30.53,30.91,29.88,29.73,28.5
2023-12-14 12:09:05,2975,2023-12-14 12:09:01,48E729537E2C,29.88,29.75,29.25,47.06,41.62,30.55,30.94,29.88,29.75,28.5
2023-12-14 12:12:08,2976,2023-12-14 12:12:03,48E729537E2C,30.0,29.69,29.25,47.25,41.56,30.56,30.94,29.91,29.78,28.53
2023-12-14 12:15:05,2977,2023-12-14 12:15:00,48E729537E2C,30.25,30.06,29.06,47.38,41.38,30.56,31.0,29.94,29.8,28.55
2023-12-14 12:18:07,2978,2023-12-14 12:18:03,48E729537E2C,29.94,29.88,29.25,47.0,41.88,30.59,30.98,29.94,29.81,28.56
2023-12-14 12:21:05,2979,2023-12-14 12:21:00,48E729537E2C,30.12,30.0,29.25,47.38,41.12,30.62,31.0,29.94,29.83,28.59
2023-12-14 12:24:09,2980,2023-12-14 12:24:02,48E729537E2C,30.0,30.0,29.38,47.25,41.44,30.62,31.03,30.0,29.81,28.59
2023-12-14 12:27:11,2981,2023-12-14 12:27:04,48E729537E2C,30.25,30.12,29.25,47.19,41.75,30.62,31.06,30.02,29.88,28.62
2023-12-14 12:30:08,2982,2023-12-14 12:30:02,48E729537E2C,30.25,29.94,29.25,47.06,41.88,30.64,31.06,30.03,29.88,28.62
2023-12-14 12:33:11,2983,2023-12-14 12:33:04,48E729537E2C,30.38,29.88,29.5,47.19,41.69,30.66,31.06,30.02,29.88,28.64
2023-12-14 12:36:08,2984,2023-12-14 12:36:01,48E729537E2C,29.94,30.06,29.5,47.38,41.25,30.67,31.11,30.0,29.88,28.62
2023-12-14 12:39:11,2985,2023-12-14 12:39:04,48E729537E2C,30.06,30.19,29.31,47.12,41.62,30.69,31.12,30.06,29.88,28.62
2023-12-14 12:42:08,2986,2023-12-14 12:42:01,48E729537E2C,30.25,30.06,29.25,47.06,42.25,30.69,31.12,30.06,29.89,28.66
2023-12-14 12:45:11,2987,2023-12-14 12:45:03,48E729537E2C,30.19,29.88,29.5,47.5,41.81,30.69,31.12,30.06,29.92,28.69
2023-12-14 12:48:08,2988,2023-12-14 12:48:01,48E729537E2C,30.25,29.81,29.56,47.25,42.0,30.7,31.16,30.06,29.94,28.7
2023-12-14 12:51:10,2989,2023-12-14 12:51:03,48E729537E2C,30.19,30.06,29.44,47.38,42.19,30.75,31.16,30.08,29.94,28.67
2023-12-14 12:54:08,2990,2023-12-14 12:54:00,48E729537E2C,30.19,30.12,29.5,47.19,42.12,30.73,31.16,30.12,29.94,28.69
2023-12-14 12:57:10,2991,2023-12-14 12:57:03,48E729537E2C,30.0,29.94,29.5,47.25,42.38,30.75,31.19,30.12,29.98,28.69
2023-12-14 13:00:07,2992,2023-12-14 13:00:00,48E729537E2C,30.06,29.94,29.5,47.19,42.25,30.75,31.16,30.12,29.98,28.69
2023-12-14 13:03:10,2993,2023-12-14 13:03:02,48E729537E2C,30.19,30.19,29.5,47.25,41.62,30.72,31.19,30.12,29.94,28.73
2023-12-14 13:06:12,2994,2023-12-14 13:06:05,48E729537E2C,30.19,30.12,29.44,47.44,41.62,30.75,31.19,30.12,30.0,28.73
2023-12-14 13:09:10,2995,2023-12-14 13:09:02,48E729537E2C,30.12,30.0,29.5,47.69,41.31,30.75,31.2,30.12,29.98,28.75
2023-12-14 13:12:12,2996,2023-12-14 13:12:04,48E729537E2C,30.0,30.12,29.5,47.25,41.5,30.77,31.19,30.14,30.0,28.75
2023-12-14 13:15:10,2997,2023-12-14 13:15:01,48E729537E2C,29.88,30.19,29.44,47.25,41.06,30.75,31.2,30.16,30.0,28.73
2023-12-14 13:18:12,2998,2023-12-14 13:18:04,48E729537E2C,30.12,30.19,29.56,47.44,41.0,30.77,31.19,30.14,29.98,28.75
2023-12-14 13:21:09,2999,2023-12-14 13:21:01,48E729537E2C,29.94,29.88,29.25,47.25,41.44,30.77,31.19,30.12,30.0,28.75
2023-12-14 13:24:08,3000,2023-12-14 13:24:02,48E729537E2C,30.0,29.88,29.38,47.44,40.62,30.75,31.17,30.12,30.0,28.75
2023-12-14 13:27:11,3001,2023-12-14 13:27:04,48E729537E2C,29.69,29.94,29.5,46.94,41.12,30.75,31.19,30.12,30.0,28.75
2023-12-14 13:30:09,3002,2023-12-14 13:30:02,48E729537E2C,29.94,29.75,29.19,47.19,40.94,30.75,31.19,30.12,30.0,28.75
2023-12-14 13:33:10,3003,2023-12-14 13:33:04,48E729537E2C,29.81,29.81,29.25,47.5,41.44,30.77,31.19,30.14,30.0,28.75
2023-12-14 13:36:08,3004,2023-12-14 13:36:02,48E729537E2C,29.94,29.75,29.25,47.19,41.25,30.73,31.17,30.14,29.98,28.73
2023-12-14 13:39:10,3005,2023-12-14 13:39:04,48E729537E2C,30.0,29.75,29.38,47.12,41.0,30.75,31.17,30.12,30.0,28.72
2023-12-14 13:42:08,3006,2023-12-14 13:42:02,48E729537E2C,29.94,29.94,29.31,47.06,41.31,30.75,31.17,30.12,29.98,28.73
2023-12-14 13:45:10,3007,2023-12-14 13:45:04,48E729537E2C,30.0,29.75,29.31,47.31,41.81,30.72,31.17,30.12,29.97,28.72
2023-12-14 13:48:07,3008,2023-12-14 13:48:02,48E729537E2C,29.88,30.0,29.25,47.19,41.5,30.72,31.17,30.12,29.95,28.69
2023-12-14 13:51:10,3009,2023-12-14 13:51:04,48E729537E2C,29.81,29.75,29.25,47.25,40.69,30.7,31.16,30.09,29.95,28.7
2023-12-14 13:54:07,3010,2023-12-14 13:54:02,48E729537E2C,29.81,29.69,29.25,47.06,40.94,30.69,31.16,30.08,29.95,28.69
2023-12-14 13:57:10,3011,2023-12-14 13:57:05,48E729537E2C,29.69,30.0,29.25,47.0,40.69,30.69,31.12,30.08,29.94,28.67
2023-12-14 14:00:07,3012,2023-12-14 14:00:02,48E729537E2C,29.56,29.69,29.12,47.06,40.5,30.69,31.12,30.09,29.94,28.67
2023-12-14 14:03:10,3013,2023-12-14 14:03:05,48E729537E2C,29.62,29.62,29.0,47.06,40.19,30.67,31.11,30.08,29.89,28.67
2023-12-14 14:06:07,3014,2023-12-14 14:06:02,48E729537E2C,29.75,29.5,29.19,47.0,40.31,30.69,31.11,30.03,29.92,28.66
2023-12-14 14:09:09,3015,2023-12-14 14:09:05,48E729537E2C,29.62,29.62,29.25,46.94,40.44,30.62,31.09,30.03,29.89,28.64
2023-12-14 14:12:07,3016,2023-12-14 14:12:02,48E729537E2C,29.56,29.81,29.12,47.0,40.81,30.62,31.08,30.03,29.88,28.64
2023-12-14 14:15:09,3017,2023-12-14 14:15:05,48E729537E2C,29.69,29.62,29.0,47.19,41.25,30.62,31.09,30.0,29.89,28.62
2023-12-14 14:18:07,3018,2023-12-14 14:18:02,48E729537E2C,29.44,29.56,29.25,47.12,40.12,30.62,31.06,30.02,29.86,28.62
2023-12-14 14:21:04,3019,2023-12-14 14:21:00,48E729537E2C,29.62,29.31,29.06,47.12,40.69,30.58,31.0,30.02,29.86,28.61
2023-12-14 14:24:08,3020,2023-12-14 14:24:01,48E729537E2C,29.5,29.62,29.0,47.06,40.19,30.61,31.0,29.97,29.84,28.58
2023-12-14 14:27:10,3021,2023-12-14 14:27:04,48E729537E2C,29.5,29.38,29.0,47.25,40.06,30.56,31.0,29.98,29.84,28.56
2023-12-14 14:30:08,3022,2023-12-14 14:30:01,48E729537E2C,29.5,29.38,29.06,47.12,41.0,30.56,31.0,29.95,29.81,28.56
2023-12-14 14:33:10,3023,2023-12-14 14:33:04,48E729537E2C,29.5,29.5,29.0,46.94,40.88,30.56,30.97,29.95,29.81,28.55
2023-12-14 14:36:07,3024,2023-12-14 14:36:01,48E729537E2C,29.5,29.5,29.0,47.19,40.12,30.55,30.95,29.91,29.8,28.53
2023-12-14 14:39:10,3025,2023-12-14 14:39:04,48E729537E2C,29.5,29.5,29.0,47.06,40.44,30.52,30.92,29.94,29.77,28.53
2023-12-14 14:42:07,3026,2023-12-14 14:42:01,48E729537E2C,29.5,29.19,28.94,46.94,40.56,30.48,30.94,29.89,29.78,28.5
2023-12-14 14:45:10,3027,2023-12-14 14:45:04,48E729537E2C,29.38,29.44,29.0,47.0,39.81,30.5,30.91,29.88,29.73,28.48
2023-12-14 14:48:07,3028,2023-12-14 14:48:01,48E729537E2C,29.12,29.38,28.88,47.06,39.5,30.45,30.89,29.86,29.72,28.48
2023-12-14 14:51:10,3029,2023-12-14 14:51:04,48E729537E2C,29.25,29.25,28.75,46.75,40.12,30.45,30.88,29.83,29.69,28.44
2023-12-14 14:54:07,3030,2023-12-14 14:54:02,48E729537E2C,29.25,29.19,28.62,46.75,40.38,30.42,30.84,29.81,29.69,28.42
2023-12-14 14:57:09,3031,2023-12-14 14:57:05,48E729537E2C,29.44,29.25,28.75,46.81,39.69,30.39,30.81,29.8,29.66,28.41
2023-12-14 15:00:07,3032,2023-12-14 15:00:02,48E729537E2C,29.31,29.31,28.5,46.75,40.44,30.38,30.81,29.8,29.64,28.38
2023-12-14 15:03:04,3033,2023-12-14 15:03:00,48E729537E2C,29.06,29.25,28.56,46.56,40.06,30.38,30.83,29.8,29.66,28.41
2023-12-14 15:06:07,3034,2023-12-14 15:06:03,48E729537E2C,29.25,29.06,28.75,46.88,39.69,30.41,30.83,29.83,29.69,28.42
2023-12-14 15:09:04,3035,2023-12-14 15:09:00,48E729537E2C,28.94,29.06,28.75,46.75,39.69,30.39,30.84,29.81,29.69,28.44
2023-12-14 15:12:06,3036,2023-12-14 15:12:03,48E729537E2C,29.25,29.12,28.5,46.69,39.75,30.39,30.81,29.81,29.64,28.38
2023-12-14 15:15:04,3037,2023-12-14 15:15:01,48E729537E2C,29.0,28.88,28.5,46.5,39.88,30.34,30.81,29.75,29.61,28.38
2023-12-14 15:18:06,3038,2023-12-14 15:18:03,48E729537E2C,29.19,28.81,28.62,46.75,40.38,30.33,30.75,29.75,29.58,28.33
2023-12-14 15:21:04,3039,2023-12-14 15:21:01,48E729537E2C,28.75,28.94,28.44,46.81,39.88,30.27,30.73,29.73,29.56,28.3
2023-12-14 15:24:07,3040,2023-12-14 15:24:01,48E729537E2C,28.94,28.81,28.5,46.56,39.75,30.28,30.7,29.69,29.52,28.31
2023-12-14 15:27:10,3041,2023-12-14 15:27:04,48E729537E2C,28.94,28.94,28.56,46.62,39.69,30.27,30.69,29.69,29.53,28.27
2023-12-14 15:30:07,3042,2023-12-14 15:30:01,48E729537E2C,29.0,28.69,28.25,46.75,39.75,30.25,30.66,29.62,29.5,28.25
2023-12-14 15:33:10,3043,2023-12-14 15:33:04,48E729537E2C,28.81,28.88,28.31,46.5,39.56,30.25,30.62,29.62,29.5,28.22
2023-12-14 15:36:07,3044,2023-12-14 15:36:01,48E729537E2C,28.81,28.69,28.25,46.56,39.38,30.22,30.59,29.56,29.42,28.19
2023-12-14 15:39:10,3045,2023-12-14 15:39:04,48E729537E2C,28.75,28.69,28.31,46.44,39.44,30.19,30.56,29.56,29.39,28.19
2023-12-14 15:42:07,3046,2023-12-14 15:42:01,48E729537E2C,28.75,28.62,28.25,46.5,39.06,30.16,30.5,29.53,29.38,28.12
2023-12-14 15:45:10,3047,2023-12-14 15:45:04,48E729537E2C,28.69,28.62,28.06,46.62,38.62,30.09,30.48,29.47,29.31,28.08
2023-12-14 15:48:07,3048,2023-12-14 15:48:02,48E729537E2C,28.69,28.5,28.25,46.5,39.31,30.06,30.44,29.44,29.3,28.05
2023-12-14 15:51:09,3049,2023-12-14 15:51:05,48E729537E2C,28.62,28.5,28.25,46.44,39.25,30.03,30.39,29.41,29.25,28.03
2023-12-14 15:54:07,3050,2023-12-14 15:54:02,48E729537E2C,28.44,28.38,28.25,46.19,39.19,30.0,30.38,29.36,29.2,27.97
2023-12-14 15:57:04,3051,2023-12-14 15:57:00,48E729537E2C,28.44,28.44,28.25,45.81,38.56,29.95,30.31,29.33,29.19,27.94
2023-12-14 16:00:06,3052,2023-12-14 16:00:03,48E729537E2C,28.38,28.62,28.25,46.25,38.5,29.94,30.31,29.3,29.14,27.92
2023-12-14 16:03:04,3053,2023-12-14 16:03:01,48E729537E2C,28.25,28.5,28.0,45.88,39.0,29.88,30.25,29.25,29.12,27.88
2023-12-14 16:06:06,3054,2023-12-14 16:06:04,48E729537E2C,28.38,28.38,28.0,46.12,38.62,29.81,30.25,29.23,29.06,27.83
2023-12-14 16:09:04,3055,2023-12-14 16:09:02,48E729537E2C,28.5,28.38,28.0,46.44,38.62,29.81,30.25,29.2,29.06,27.81
2023-12-14 16:12:06,3056,2023-12-14 16:12:05,48E729537E2C,28.31,28.5,27.81,46.31,38.5,29.83,30.25,29.22,29.06,27.81
2023-12-14 16:15:04,3057,2023-12-14 16:15:03,48E729537E2C,28.19,28.19,27.94,46.06,38.62,29.78,30.25,29.19,29.03,27.81
2023-12-14 16:18:01,3058,2023-12-14 16:18:00,48E729537E2C,28.06,28.12,28.0,46.06,38.44,29.75,30.19,29.14,29.0,27.81
2023-12-14 16:21:03,3059,2023-12-14 16:21:04,48E729537E2C,28.25,28.25,27.81,46.06,38.62,29.72,30.17,29.11,28.94,27.81
2023-12-14 16:24:10,3060,2023-12-14 16:24:03,48E729537E2C,28.19,28.0,27.69,45.69,38.94,29.66,30.11,29.06,28.89,27.75
2023-12-14 16:27:07,3061,2023-12-14 16:27:00,48E729537E2C,28.19,28.06,27.56,45.75,38.19,29.62,30.06,28.97,28.88,27.69
2023-12-14 16:30:10,3062,2023-12-14 16:30:03,48E729537E2C,28.0,28.12,27.5,46.06,37.44,29.55,30.0,28.94,28.78,27.66
2023-12-14 16:33:07,3063,2023-12-14 16:33:00,48E729537E2C,27.81,27.75,27.62,46.0,36.94,29.5,29.94,28.89,28.72,27.58
2023-12-14 16:36:10,3064,2023-12-14 16:36:03,48E729537E2C,27.75,27.94,27.69,45.62,36.56,29.44,29.92,28.83,28.69,27.55
2023-12-14 16:39:07,3065,2023-12-14 16:39:01,48E729537E2C,27.62,27.88,28.0,45.25,36.19,29.39,29.88,28.75,28.64,27.48
2023-12-14 16:42:10,3066,2023-12-14 16:42:04,48E729537E2C,27.75,27.88,27.75,44.88,35.62,29.33,29.75,28.7,28.56,27.44
2023-12-14 16:45:07,3067,2023-12-14 16:45:01,48E729537E2C,27.56,27.62,27.75,44.94,34.19,29.27,29.73,28.64,28.5,27.38
2023-12-14 16:48:09,3068,2023-12-14 16:48:05,48E729537E2C,27.75,27.69,27.81,44.25,34.19,29.23,29.69,28.62,28.47,27.31
2023-12-14 16:51:07,3069,2023-12-14 16:51:02,48E729537E2C,27.62,27.88,27.75,44.31,34.25,29.19,29.62,28.56,28.42,27.28
2023-12-14 16:54:04,3070,2023-12-14 16:54:00,48E729537E2C,27.75,27.94,27.81,44.31,33.31,29.11,29.56,28.52,28.36,27.22
2023-12-14 16:57:07,3071,2023-12-14 16:57:04,48E729537E2C,27.88,27.69,27.75,44.06,33.94,29.06,29.52,28.44,28.33,27.19
2023-12-14 17:00:04,3072,2023-12-14 17:00:02,48E729537E2C,27.94,27.62,27.5,44.25,35.44,29.06,29.5,28.39,28.3,27.16
2023-12-14 17:03:01,3073,2023-12-14 17:03:00,48E729537E2C,27.75,27.94,27.56,44.69,35.12,29.03,29.5,28.39,28.25,27.12
2023-12-14 17:06:04,3074,2023-12-14 17:06:03,48E729537E2C,27.75,27.62,27.75,44.62,35.69,29.0,29.44,28.38,28.25,27.11
2023-12-14 17:09:01,3075,2023-12-14 17:09:01,48E729537E2C,27.69,27.69,27.75,44.44,34.06,29.0,29.47,28.36,28.25,27.11
2023-12-14 17:12:04,3076,2023-12-14 17:12:04,48E729537E2C,27.81,27.5,27.75,44.75,36.25,29.0,29.44,28.36,28.23,27.12
2023-12-14 17:15:01,3077,2023-12-14 17:15:03,48E729537E2C,27.5,27.69,27.5,44.38,36.06,28.98,29.44,28.36,28.22,27.09
2023-12-14 17:17:58,3078,2023-12-14 17:18:01,48E729537E2C,27.5,27.5,27.31,44.69,35.62,28.98,29.41,28.31,28.19,27.08
2023-12-14 17:21:01,3079,2023-12-14 17:21:04,48E729537E2C,27.5,27.38,27.38,45.5,37.06,28.95,29.41,28.31,28.2,27.08
2023-12-14 17:24:10,3080,2023-12-14 17:24:03,48E729537E2C,27.56,27.5,27.19,45.25,38.25,28.97,29.39,28.34,28.2,27.06
2023-12-14 17:30:10,3082,2023-12-14 17:30:03,48E729537E2C,27.44,27.44,27.06,45.75,38.25,28.95,29.39,28.31,28.19,27.06
2023-12-14 17:33:07,3083,2023-12-14 17:33:01,48E729537E2C,27.25,27.31,27.44,45.69,37.44,28.95,29.39,28.31,28.19,27.08
2023-12-14 17:36:09,3084,2023-12-14 17:36:04,48E729537E2C,27.5,27.5,27.5,45.44,37.88,28.94,29.38,28.31,28.19,27.06
2023-12-14 17:39:07,3085,2023-12-14 17:39:01,48E729537E2C,27.25,27.44,27.38,45.38,38.69,28.94,29.38,28.33,28.19,27.06
2023-12-14 17:42:09,3086,2023-12-14 17:42:04,48E729537E2C,27.25,27.31,27.44,45.81,37.81,28.94,29.39,28.3,28.19,27.05
2023-12-14 17:45:07,3087,2023-12-14 17:45:01,48E729537E2C,27.06,27.31,27.25,45.62,38.69,28.94,29.38,28.3,28.19,27.06
2023-12-14 17:48:09,3088,2023-12-14 17:48:04,48E729537E2C,27.19,27.19,27.25,45.5,38.88,28.94,29.38,28.3,28.19,27.02
2023-12-14 17:51:06,3089,2023-12-14 17:51:01,48E729537E2C,27.19,27.25,27.25,45.62,38.56,28.89,29.34,28.3,28.17,27.03
2023-12-14 17:54:09,3090,2023-12-14 17:54:04,48E729537E2C,27.0,27.06,27.31,45.62,38.0,28.89,29.34,28.28,28.14,27.02
2023-12-14 17:57:06,3091,2023-12-14 17:57:01,48E729537E2C,27.19,27.12,27.25,45.62,38.75,28.86,29.34,28.27,28.12,27.0
2023-12-14 18:00:09,3092,2023-12-14 18:00:04,48E729537E2C,27.0,27.06,27.25,45.88,37.88,28.88,29.34,28.28,28.14,27.0
2023-12-14 18:03:06,3093,2023-12-14 18:03:02,48E729537E2C,27.25,27.12,27.19,45.88,37.94,28.89,29.31,28.27,28.12,27.0
2023-12-14 18:06:09,3094,2023-12-14 18:06:04,48E729537E2C,27.25,27.25,27.44,45.81,38.44,28.89,29.33,28.25,28.14,27.0
2023-12-14 18:09:06,3095,2023-12-14 18:09:02,48E729537E2C,27.31,27.06,27.5,45.81,38.12,28.88,29.34,28.27,28.14,27.05
2023-12-14 18:12:09,3096,2023-12-14 18:12:05,48E729537E2C,27.25,27.19,27.5,46.19,38.12,28.94,29.38,28.3,28.19,27.06
2023-12-14 18:15:06,3097,2023-12-14 18:15:02,48E729537E2C,27.5,27.06,27.5,46.31,37.81,28.98,29.41,28.34,28.25,27.08
2023-12-14 18:18:08,3098,2023-12-14 18:18:05,48E729537E2C,27.5,27.38,27.69,46.5,37.62,29.06,29.48,28.38,28.28,27.16
2023-12-14 18:21:06,3099,2023-12-14 18:21:02,48E729537E2C,27.69,27.19,27.5,46.38,38.94,29.09,29.52,28.44,28.31,27.2
2023-12-14 18:24:12,3100,2023-12-14 18:24:04,48E729537E2C,27.5,27.5,27.5,46.5,38.75,29.14,29.58,28.47,28.39,27.23
2023-12-14 18:27:10,3101,2023-12-14 18:27:01,48E729537E2C,27.69,27.31,27.69,46.44,38.69,29.2,29.62,28.52,28.42,27.28
2023-12-14 18:30:12,3102,2023-12-14 18:30:04,48E729537E2C,27.69,27.38,27.62,46.56,38.69,29.23,29.69,28.58,28.5,27.33
2023-12-14 18:33:10,3103,2023-12-14 18:33:01,48E729537E2C,27.88,27.44,27.81,46.5,38.44,29.31,29.69,28.64,28.5,27.38
2023-12-14 18:36:12,3104,2023-12-14 18:36:03,48E729537E2C,27.56,27.69,27.69,46.19,38.88,29.34,29.75,28.67,28.56,27.44
2023-12-14 18:42:12,3106,2023-12-14 18:42:02,48E729537E2C,27.81,27.62,27.88,46.94,38.06,29.45,29.83,28.75,28.62,27.55
2023-12-14 18:48:12,3108,2023-12-14 18:48:01,48E729537E2C,27.94,27.81,27.75,46.56,38.69,29.48,29.91,28.86,28.69,27.61
2023-12-14 18:51:14,3109,2023-12-14 18:51:03,48E729537E2C,27.94,27.75,28.0,46.69,38.94,29.55,29.92,28.88,28.75,27.62
2023-12-14 18:54:17,3110,2023-12-14 18:54:05,48E729537E2C,28.12,28.0,27.75,46.69,38.88,29.53,29.98,28.94,28.78,27.64
2023-12-14 18:57:14,3111,2023-12-14 18:57:01,48E729537E2C,27.94,27.75,27.88,46.81,39.75,29.59,30.0,28.92,28.83,27.69
2023-12-14 19:03:14,3113,2023-12-14 19:03:00,48E729537E2C,28.25,27.81,28.0,46.81,38.81,29.64,30.08,29.0,28.88,27.73
2023-12-14 19:06:16,3114,2023-12-14 19:06:02,48E729537E2C,28.19,27.94,28.0,46.56,39.12,29.66,30.11,29.02,28.94,27.75
2023-12-14 19:12:16,3116,2023-12-14 19:12:00,48E729537E2C,28.19,27.81,28.0,46.75,39.38,29.72,30.12,29.06,28.97,27.8
2023-12-14 19:15:19,3117,2023-12-14 19:15:02,48E729537E2C,28.19,28.0,28.0,46.81,39.12,29.75,30.16,29.11,28.98,27.81
2023-12-14 19:18:21,3118,2023-12-14 19:18:03,48E729537E2C,28.12,28.0,28.0,47.25,38.94,29.75,30.17,29.12,29.0,27.81
2023-12-14 19:21:19,3119,2023-12-14 19:21:00,48E729537E2C,28.38,27.69,28.0,46.81,39.5,29.77,30.19,29.12,29.02,27.81
2023-12-15 08:12:11,3140,2023-12-15 08:12:03,48E729537E2C,27.88,28.06,27.31,43.56,36.94,29.64,30.12,29.09,29.0,27.81
